#
# There is insufficient memory for the Java Runtime Environment to continue.
# Native memory allocation (mmap) failed to map 173015040 bytes for committing reserved memory.
# Possible reasons:
#   The system is out of physical RAM or swap space
#   In 32 bit mode, the process size limit was hit
# Possible solutions:
#   Reduce memory load on the system
#   Increase physical memory or swap space
#   Check if swap backing store is full
#   Use 64 bit Java on a 64 bit OS
#   Decrease Java heap size (-Xmx/-Xms)
#   Decrease number of Java threads
#   Decrease Java thread stack sizes (-Xss)
#   Set larger code cache with -XX:ReservedCodeCacheSize=
# This output file may be truncated or incomplete.
#
#  Out of Memory Error (os_linux.cpp:2627), pid=11968, tid=140083181856512
#
# JRE version: Java(TM) SE Runtime Environment (8.0_91-b14) (build 1.8.0_91-b14)
# Java VM: Java HotSpot(TM) 64-Bit Server VM (25.91-b14 mixed mode linux-amd64 compressed oops)
# Failed to write core dump. Core dumps have been disabled. To enable core dumping, try "ulimit -c unlimited" before starting Java again
#

---------------  T H R E A D  ---------------

Current thread (0x00007f67b8080000):  VMThread [stack: 0x00007f67a83b2000,0x00007f67a84b3000] [id=11981]

Stack: [0x00007f67a83b2000,0x00007f67a84b3000],  sp=0x00007f67a84b1320,  free space=1020k
Native frames: (J=compiled Java code, j=interpreted, Vv=VM code, C=native code)
V  [libjvm.so+0xabc18a]  VMError::report_and_die()+0x2ba
V  [libjvm.so+0x4fafeb]  report_vm_out_of_memory(char const*, int, unsigned long, VMErrorType, char const*)+0x8b
V  [libjvm.so+0x91cbb3]  os::Linux::commit_memory_impl(char*, unsigned long, bool)+0x103
V  [libjvm.so+0x91d109]  os::pd_commit_memory(char*, unsigned long, unsigned long, bool)+0x29
V  [libjvm.so+0x91740a]  os::commit_memory(char*, unsigned long, unsigned long, bool)+0x2a
V  [libjvm.so+0x98b033]  PSVirtualSpace::expand_by(unsigned long)+0x53
V  [libjvm.so+0x98c438]  PSYoungGen::resize_generation(unsigned long, unsigned long)+0xf8
V  [libjvm.so+0x98b592]  PSYoungGen::resize(unsigned long, unsigned long)+0x22
V  [libjvm.so+0x98886b]  PSScavenge::invoke_no_policy()+0xf3b
V  [libjvm.so+0x988ff1]  PSScavenge::invoke()+0x41
V  [libjvm.so+0x9408b0]  ParallelScavengeHeap::failed_mem_allocate(unsigned long)+0x70
V  [libjvm.so+0xabdba7]  VM_ParallelGCFailedAllocation::doit()+0x97
V  [libjvm.so+0xac55d5]  VM_Operation::evaluate()+0x55
V  [libjvm.so+0xac39aa]  VMThread::evaluate_operation(VM_Operation*)+0xba
V  [libjvm.so+0xac3d2e]  VMThread::loop()+0x1ce
V  [libjvm.so+0xac41a0]  VMThread::run()+0x70
V  [libjvm.so+0x91ef78]  java_start(Thread*)+0x108

VM_Operation (0x00007f67a11baf30): ParallelGCFailedAllocation, mode: safepoint, requested by thread 0x00007f67b8153800


---------------  P R O C E S S  ---------------

Java Threads: ( => current thread )
  0x00007f67b8153800 JavaThread "pool-2-thread-4" [_thread_blocked, id=12001, stack(0x00007f67a10bd000,0x00007f67a11be000)]
  0x00007f67b8152800 JavaThread "pool-2-thread-3" [_thread_blocked, id=12000, stack(0x00007f67a11be000,0x00007f67a12bf000)]
  0x00007f67b8151000 JavaThread "pool-2-thread-2" [_thread_blocked, id=11998, stack(0x00007f67a12bf000,0x00007f67a13c0000)]
  0x00007f67b8148800 JavaThread "pool-3-thread-1" [_thread_blocked, id=11997, stack(0x00007f67a13c0000,0x00007f67a14c1000)]
  0x00007f67b8148000 JavaThread "pool-2-thread-1" [_thread_blocked, id=11996, stack(0x00007f67a14c1000,0x00007f67a15c2000)]
  0x00007f67b80ca800 JavaThread "Service Thread" daemon [_thread_blocked, id=11994, stack(0x00007f67a16c3000,0x00007f67a17c4000)]
  0x00007f67b80c7800 JavaThread "C1 CompilerThread3" daemon [_thread_blocked, id=11993, stack(0x00007f67a17c4000,0x00007f67a18c5000)]
  0x00007f67b80c5800 JavaThread "C2 CompilerThread2" daemon [_thread_in_native, id=11992, stack(0x00007f67a18c5000,0x00007f67a19c6000)]
  0x00007f67b80c4000 JavaThread "C2 CompilerThread1" daemon [_thread_blocked, id=11991, stack(0x00007f67a19c6000,0x00007f67a1ac7000)]
  0x00007f67b80c1000 JavaThread "C2 CompilerThread0" daemon [_thread_blocked, id=11990, stack(0x00007f67a1ac7000,0x00007f67a1bc8000)]
  0x00007f67b80bf800 JavaThread "Signal Dispatcher" daemon [_thread_blocked, id=11989, stack(0x00007f67a80af000,0x00007f67a81b0000)]
  0x00007f67b808c800 JavaThread "Finalizer" daemon [_thread_blocked, id=11983, stack(0x00007f67a81b0000,0x00007f67a82b1000)]
  0x00007f67b8087800 JavaThread "Reference Handler" daemon [_thread_blocked, id=11982, stack(0x00007f67a82b1000,0x00007f67a83b2000)]
  0x00007f67b800a000 JavaThread "main" [_thread_blocked, id=11970, stack(0x00007f67c1b07000,0x00007f67c1c08000)]

Other Threads:
=>0x00007f67b8080000 VMThread [stack: 0x00007f67a83b2000,0x00007f67a84b3000] [id=11981]
  0x00007f67b80cd800 WatcherThread [stack: 0x00007f67a15c2000,0x00007f67a16c3000] [id=11995]

VM state:at safepoint (normal execution)

VM Mutex/Monitor currently owned by a thread:  ([mutex/lock_event])
[0x00007f67b8006570] Threads_lock - owner thread: 0x00007f67b8080000
[0x00007f67b8006a70] Heap_lock - owner thread: 0x00007f67b8153800

Heap:
 PSYoungGen      total 132096K, used 5112K [0x00000000eab00000, 0x00000000f3100000, 0x0000000100000000)
  eden space 126976K, 0% used [0x00000000eab00000,0x00000000eab00000,0x00000000f2700000)
  from space 5120K, 99% used [0x00000000f2700000,0x00000000f2bfe200,0x00000000f2c00000)
  to   space 5120K, 0% used [0x00000000f2c00000,0x00000000f2c00000,0x00000000f3100000)
 ParOldGen       total 84992K, used 43471K [0x00000000c0000000, 0x00000000c5300000, 0x00000000eab00000)
  object space 84992K, 51% used [0x00000000c0000000,0x00000000c2a73d20,0x00000000c5300000)
 Metaspace       used 6166K, capacity 7088K, committed 7296K, reserved 1056768K
  class space    used 591K, capacity 616K, committed 640K, reserved 1048576K

Card table byte_map: [0x00007f67be6bc000,0x00007f67be8bd000] byte_map_base: 0x00007f67be0bc000

Marking Bits: (ParMarkBitMap*) 0x00007f67c0fdbd60
 Begin Bits: [0x00007f67a2000000, 0x00007f67a3000000)
 End Bits:   [0x00007f67a3000000, 0x00007f67a4000000)

Polling page: 0x00007f67c1c2b000

CodeCache: size=245760Kb used=5988Kb max_used=5988Kb free=239771Kb
 bounds [0x00007f67a9000000, 0x00007f67a95e0000, 0x00007f67b8000000]
 total_blobs=1982 nmethods=1712 adapters=181
 compilation: enabled

Compilation events (10 events):
Event: 4,409 Thread 0x00007f67b80c7800 1937       3       com.android.dx.dex.code.RopTranslator::outputInstructions (69 bytes)
Event: 4,410 Thread 0x00007f67b80c7800 nmethod 1937 0x00007f67a95da8d0 code [0x00007f67a95daa60, 0x00007f67a95daeb8]
Event: 4,410 Thread 0x00007f67b80c7800 1936       3       com.android.dx.dex.code.BlockAddresses::setupArrays (113 bytes)
Event: 4,425 Thread 0x00007f67b80c7800 nmethod 1936 0x00007f67a95db090 code [0x00007f67a95db360, 0x00007f67a95dcd78]
Event: 4,425 Thread 0x00007f67b80c7800 1938       2       com.android.dx.rop.code.Rops::opGetStatic (97 bytes)
Event: 4,426 Thread 0x00007f67b80c7800 nmethod 1938 0x00007f67a95ddb90 code [0x00007f67a95ddd80, 0x00007f67a95de2f8]
Event: 4,426 Thread 0x00007f67b80c7800 1916       2       java.util.concurrent.ThreadPoolExecutor$Worker::tryRelease (12 bytes)
Event: 4,427 Thread 0x00007f67b80c7800 nmethod 1916 0x00007f67a95de610 code [0x00007f67a95de760, 0x00007f67a95de8d0]
Event: 4,436 Thread 0x00007f67b80c7800 1939   !   2       java.util.concurrent.ArrayBlockingQueue::take (46 bytes)
Event: 4,438 Thread 0x00007f67b80c7800 nmethod 1939 0x00007f67a95de950 code [0x00007f67a95deb20, 0x00007f67a95def38]

GC Heap History (9 events):
Event: 1,307 GC heap before
{Heap before GC invocations=1 (full 0):
 PSYoungGen      total 36864K, used 31744K [0x00000000eab00000, 0x00000000ed400000, 0x0000000100000000)
  eden space 31744K, 100% used [0x00000000eab00000,0x00000000eca00000,0x00000000eca00000)
  from space 5120K, 0% used [0x00000000ecf00000,0x00000000ecf00000,0x00000000ed400000)
  to   space 5120K, 0% used [0x00000000eca00000,0x00000000eca00000,0x00000000ecf00000)
 ParOldGen       total 84992K, used 0K [0x00000000c0000000, 0x00000000c5300000, 0x00000000eab00000)
  object space 84992K, 0% used [0x00000000c0000000,0x00000000c0000000,0x00000000c5300000)
 Metaspace       used 5733K, capacity 6704K, committed 6784K, reserved 1056768K
  class space    used 589K, capacity 616K, committed 640K, reserved 1048576K
Event: 1,325 GC heap after
Heap after GC invocations=1 (full 0):
 PSYoungGen      total 36864K, used 5111K [0x00000000eab00000, 0x00000000ef300000, 0x0000000100000000)
  eden space 31744K, 0% used [0x00000000eab00000,0x00000000eab00000,0x00000000eca00000)
  from space 5120K, 99% used [0x00000000eca00000,0x00000000ecefde28,0x00000000ecf00000)
  to   space 5120K, 0% used [0x00000000eee00000,0x00000000eee00000,0x00000000ef300000)
 ParOldGen       total 84992K, used 865K [0x00000000c0000000, 0x00000000c5300000, 0x00000000eab00000)
  object space 84992K, 1% used [0x00000000c0000000,0x00000000c00d8510,0x00000000c5300000)
 Metaspace       used 5733K, capacity 6704K, committed 6784K, reserved 1056768K
  class space    used 589K, capacity 616K, committed 640K, reserved 1048576K
}
Event: 1,738 GC heap before
{Heap before GC invocations=2 (full 0):
 PSYoungGen      total 36864K, used 36855K [0x00000000eab00000, 0x00000000ef300000, 0x0000000100000000)
  eden space 31744K, 100% used [0x00000000eab00000,0x00000000eca00000,0x00000000eca00000)
  from space 5120K, 99% used [0x00000000eca00000,0x00000000ecefde28,0x00000000ecf00000)
  to   space 5120K, 0% used [0x00000000eee00000,0x00000000eee00000,0x00000000ef300000)
 ParOldGen       total 84992K, used 865K [0x00000000c0000000, 0x00000000c5300000, 0x00000000eab00000)
  object space 84992K, 1% used [0x00000000c0000000,0x00000000c00d8510,0x00000000c5300000)
 Metaspace       used 5850K, capacity 6832K, committed 7040K, reserved 1056768K
  class space    used 591K, capacity 616K, committed 640K, reserved 1048576K
Event: 1,789 GC heap after
Heap after GC invocations=2 (full 0):
 PSYoungGen      total 68608K, used 5119K [0x00000000eab00000, 0x00000000ef300000, 0x0000000100000000)
  eden space 63488K, 0% used [0x00000000eab00000,0x00000000eab00000,0x00000000ee900000)
  from space 5120K, 99% used [0x00000000eee00000,0x00000000ef2ffff8,0x00000000ef300000)
  to   space 5120K, 0% used [0x00000000ee900000,0x00000000ee900000,0x00000000eee00000)
 ParOldGen       total 84992K, used 5459K [0x00000000c0000000, 0x00000000c5300000, 0x00000000eab00000)
  object space 84992K, 6% used [0x00000000c0000000,0x00000000c0554fa8,0x00000000c5300000)
 Metaspace       used 5850K, capacity 6832K, committed 7040K, reserved 1056768K
  class space    used 591K, capacity 616K, committed 640K, reserved 1048576K
}
Event: 2,160 GC heap before
{Heap before GC invocations=3 (full 0):
 PSYoungGen      total 68608K, used 68607K [0x00000000eab00000, 0x00000000ef300000, 0x0000000100000000)
  eden space 63488K, 100% used [0x00000000eab00000,0x00000000ee900000,0x00000000ee900000)
  from space 5120K, 99% used [0x00000000eee00000,0x00000000ef2ffff8,0x00000000ef300000)
  to   space 5120K, 0% used [0x00000000ee900000,0x00000000ee900000,0x00000000eee00000)
 ParOldGen       total 84992K, used 5459K [0x00000000c0000000, 0x00000000c5300000, 0x00000000eab00000)
  object space 84992K, 6% used [0x00000000c0000000,0x00000000c0554fa8,0x00000000c5300000)
 Metaspace       used 5921K, capacity 6896K, committed 7040K, reserved 1056768K
  class space    used 591K, capacity 616K, committed 640K, reserved 1048576K
Event: 2,203 GC heap after
Heap after GC invocations=3 (full 0):
 PSYoungGen      total 68608K, used 5109K [0x00000000eab00000, 0x00000000f3100000, 0x0000000100000000)
  eden space 63488K, 0% used [0x00000000eab00000,0x00000000eab00000,0x00000000ee900000)
  from space 5120K, 99% used [0x00000000ee900000,0x00000000eedfd580,0x00000000eee00000)
  to   space 5120K, 0% used [0x00000000f2c00000,0x00000000f2c00000,0x00000000f3100000)
 ParOldGen       total 84992K, used 14611K [0x00000000c0000000, 0x00000000c5300000, 0x00000000eab00000)
  object space 84992K, 17% used [0x00000000c0000000,0x00000000c0e44c10,0x00000000c5300000)
 Metaspace       used 5921K, capacity 6896K, committed 7040K, reserved 1056768K
  class space    used 591K, capacity 616K, committed 640K, reserved 1048576K
}
Event: 2,794 GC heap before
{Heap before GC invocations=4 (full 0):
 PSYoungGen      total 68608K, used 68597K [0x00000000eab00000, 0x00000000f3100000, 0x0000000100000000)
  eden space 63488K, 100% used [0x00000000eab00000,0x00000000ee900000,0x00000000ee900000)
  from space 5120K, 99% used [0x00000000ee900000,0x00000000eedfd580,0x00000000eee00000)
  to   space 5120K, 0% used [0x00000000f2c00000,0x00000000f2c00000,0x00000000f3100000)
 ParOldGen       total 84992K, used 14611K [0x00000000c0000000, 0x00000000c5300000, 0x00000000eab00000)
  object space 84992K, 17% used [0x00000000c0000000,0x00000000c0e44c10,0x00000000c5300000)
 Metaspace       used 6013K, capacity 6960K, committed 7040K, reserved 1056768K
  class space    used 591K, capacity 616K, committed 640K, reserved 1048576K
Event: 2,887 GC heap after
Heap after GC invocations=4 (full 0):
 PSYoungGen      total 132096K, used 5100K [0x00000000eab00000, 0x00000000f3100000, 0x0000000100000000)
  eden space 126976K, 0% used [0x00000000eab00000,0x00000000eab00000,0x00000000f2700000)
  from space 5120K, 99% used [0x00000000f2c00000,0x00000000f30fb050,0x00000000f3100000)
  to   space 5120K, 0% used [0x00000000f2700000,0x00000000f2700000,0x00000000f2c00000)
 ParOldGen       total 84992K, used 23787K [0x00000000c0000000, 0x00000000c5300000, 0x00000000eab00000)
  object space 84992K, 27% used [0x00000000c0000000,0x00000000c173ad60,0x00000000c5300000)
 Metaspace       used 6013K, capacity 6960K, committed 7040K, reserved 1056768K
  class space    used 591K, capacity 616K, committed 640K, reserved 1048576K
}
Event: 4,454 GC heap before
{Heap before GC invocations=5 (full 0):
 PSYoungGen      total 132096K, used 132076K [0x00000000eab00000, 0x00000000f3100000, 0x0000000100000000)
  eden space 126976K, 100% used [0x00000000eab00000,0x00000000f2700000,0x00000000f2700000)
  from space 5120K, 99% used [0x00000000f2c00000,0x00000000f30fb050,0x00000000f3100000)
  to   space 5120K, 0% used [0x00000000f2700000,0x00000000f2700000,0x00000000f2c00000)
 ParOldGen       total 84992K, used 23787K [0x00000000c0000000, 0x00000000c5300000, 0x00000000eab00000)
  object space 84992K, 27% used [0x00000000c0000000,0x00000000c173ad60,0x00000000c5300000)
 Metaspace       used 6166K, capacity 7088K, committed 7296K, reserved 1056768K
  class space    used 591K, capacity 616K, committed 640K, reserved 1048576K

Deoptimization events (10 events):
Event: 1,795 Thread 0x00007f67b8153800 Uncommon trap: reason=null_check action=make_not_entrant pc=0x00007f67a9226228 method=com.android.dx.rop.type.Type.equals(Ljava/lang/Object;)Z @ 8
Event: 1,856 Thread 0x00007f67b8152800 Uncommon trap: reason=unstable_if action=reinterpret pc=0x00007f67a92b99f4 method=com.android.dx.ssa.SsaMethod.deleteInsns(Ljava/util/Set;)V @ 130
Event: 1,857 Thread 0x00007f67b8152800 Uncommon trap: reason=unstable_if action=reinterpret pc=0x00007f67a932d9e0 method=java.util.BitSet.clone()Ljava/lang/Object; @ 4
Event: 2,072 Thread 0x00007f67b8152800 Uncommon trap: reason=unstable_if action=reinterpret pc=0x00007f67a922125c method=com.android.dx.rop.cst.Constant.compareTo(Lcom/android/dx/rop/cst/Constant;)I @ 12
Event: 2,432 Thread 0x00007f67b8148000 Uncommon trap: reason=unstable_if action=reinterpret pc=0x00007f67a9304804 method=com.android.dx.util.IntList.binarysearch(I)I @ 105
Event: 3,048 Thread 0x00007f67b8151000 Uncommon trap: reason=bimorphic action=maybe_recompile pc=0x00007f67a92383cc method=java.util.HashMap.getNode(ILjava/lang/Object;)Ljava/util/HashMap$Node; @ 126
Event: 3,048 Thread 0x00007f67b8151000 Uncommon trap: reason=bimorphic action=maybe_recompile pc=0x00007f67a92383cc method=java.util.HashMap.getNode(ILjava/lang/Object;)Ljava/util/HashMap$Node; @ 126
Event: 3,049 Thread 0x00007f67b8151000 Uncommon trap: reason=bimorphic action=maybe_recompile pc=0x00007f67a91e66e8 method=java.util.HashMap.getNode(ILjava/lang/Object;)Ljava/util/HashMap$Node; @ 126
Event: 3,049 Thread 0x00007f67b8151000 Uncommon trap: reason=bimorphic action=maybe_recompile pc=0x00007f67a91e66e8 method=java.util.HashMap.getNode(ILjava/lang/Object;)Ljava/util/HashMap$Node; @ 126
Event: 3,049 Thread 0x00007f67b8151000 Uncommon trap: reason=bimorphic action=maybe_recompile pc=0x00007f67a92383cc method=java.util.HashMap.getNode(ILjava/lang/Object;)Ljava/util/HashMap$Node; @ 126

Internal exceptions (3 events):
Event: 0,047 Thread 0x00007f67b800a000 Exception <a 'java/lang/NoSuchMethodError': Method sun.misc.Unsafe.defineClass(Ljava/lang/String;[BII)Ljava/lang/Class; name or signature does not match> (0x00000000eab07cc0) thrown at [/HUDSON/workspace/8-2-build-linux-amd64/jdk8u91/6644/hotspot/src/shar
Event: 0,047 Thread 0x00007f67b800a000 Exception <a 'java/lang/NoSuchMethodError': Method sun.misc.Unsafe.prefetchRead(Ljava/lang/Object;J)V name or signature does not match> (0x00000000eab07fa8) thrown at [/HUDSON/workspace/8-2-build-linux-amd64/jdk8u91/6644/hotspot/src/share/vm/prims/jni.cpp
Event: 1,795 Thread 0x00007f67b8153800 Implicit null exception at 0x00007f67a9226122 to 0x00007f67a922621b

Events (10 events):
Event: 4,274 Thread 0x00007f67b8148000 DEOPT UNPACKING pc=0x00007f67a9047633 sp=0x00007f67a15bfdf8 mode 0
Event: 4,295 Thread 0x00007f67b8151000 DEOPT PACKING pc=0x00007f67a9338a2c sp=0x00007f67a13bdea0
Event: 4,295 Thread 0x00007f67b8151000 DEOPT UNPACKING pc=0x00007f67a9047633 sp=0x00007f67a13bdc40 mode 0
Event: 4,356 Thread 0x00007f67b8152800 DEOPT PACKING pc=0x00007f67a9443403 sp=0x00007f67a12bd090
Event: 4,356 Thread 0x00007f67b8152800 DEOPT UNPACKING pc=0x00007f67a9047633 sp=0x00007f67a12bce00 mode 0
Event: 4,399 Thread 0x00007f67b8148000 DEOPT PACKING pc=0x00007f67a94418ec sp=0x00007f67a15c0080
Event: 4,399 Thread 0x00007f67b8148000 DEOPT UNPACKING pc=0x00007f67a9047633 sp=0x00007f67a15bfe68 mode 0
Event: 4,399 Thread 0x00007f67b8148000 DEOPT PACKING pc=0x00007f67a945922d sp=0x00007f67a15c01f0
Event: 4,399 Thread 0x00007f67b8148000 DEOPT UNPACKING pc=0x00007f67a9047633 sp=0x00007f67a15bff48 mode 0
Event: 4,442 Executing VM operation: ParallelGCFailedAllocation


Dynamic libraries:
00400000-00401000 r-xp 00000000 08:01 9839507                            /usr/lib/jvm/java-8-oracle/bin/java
00600000-00601000 rw-p 00000000 08:01 9839507                            /usr/lib/jvm/java-8-oracle/bin/java
02275000-02296000 rw-p 00000000 00:00 0                                  [heap]
c0000000-c5300000 rw-p 00000000 00:00 0 
c5300000-eab00000 ---p 00000000 00:00 0 
eab00000-f3100000 rw-p 00000000 00:00 0 
fd600000-100000000 ---p 00000000 00:00 0 
100000000-1000a0000 rw-p 00000000 00:00 0 
1000a0000-140000000 ---p 00000000 00:00 0 
7f6734000000-7f6734021000 rw-p 00000000 00:00 0 
7f6734021000-7f6738000000 ---p 00000000 00:00 0 
7f673c000000-7f673c02d000 rw-p 00000000 00:00 0 
7f673c02d000-7f6740000000 ---p 00000000 00:00 0 
7f6740000000-7f6740026000 rw-p 00000000 00:00 0 
7f6740026000-7f6744000000 ---p 00000000 00:00 0 
7f6744000000-7f6744035000 rw-p 00000000 00:00 0 
7f6744035000-7f6748000000 ---p 00000000 00:00 0 
7f6748000000-7f6748021000 rw-p 00000000 00:00 0 
7f6748021000-7f674c000000 ---p 00000000 00:00 0 
7f674c000000-7f674c021000 rw-p 00000000 00:00 0 
7f674c021000-7f6750000000 ---p 00000000 00:00 0 
7f6750000000-7f6750021000 rw-p 00000000 00:00 0 
7f6750021000-7f6754000000 ---p 00000000 00:00 0 
7f6754000000-7f675487c000 rw-p 00000000 00:00 0 
7f675487c000-7f6758000000 ---p 00000000 00:00 0 
7f6758000000-7f6758df1000 rw-p 00000000 00:00 0 
7f6758df1000-7f675c000000 ---p 00000000 00:00 0 
7f675c000000-7f675cbf6000 rw-p 00000000 00:00 0 
7f675cbf6000-7f6760000000 ---p 00000000 00:00 0 
7f6760000000-7f6760a3d000 rw-p 00000000 00:00 0 
7f6760a3d000-7f6764000000 ---p 00000000 00:00 0 
7f6764000000-7f6764021000 rw-p 00000000 00:00 0 
7f6764021000-7f6768000000 ---p 00000000 00:00 0 
7f6768000000-7f6768021000 rw-p 00000000 00:00 0 
7f6768021000-7f676c000000 ---p 00000000 00:00 0 
7f676c000000-7f676c28f000 rw-p 00000000 00:00 0 
7f676c28f000-7f6770000000 ---p 00000000 00:00 0 
7f6770000000-7f6770021000 rw-p 00000000 00:00 0 
7f6770021000-7f6774000000 ---p 00000000 00:00 0 
7f6774000000-7f6774021000 rw-p 00000000 00:00 0 
7f6774021000-7f6778000000 ---p 00000000 00:00 0 
7f6778000000-7f6778021000 rw-p 00000000 00:00 0 
7f6778021000-7f677c000000 ---p 00000000 00:00 0 
7f677c000000-7f677c021000 rw-p 00000000 00:00 0 
7f677c021000-7f6780000000 ---p 00000000 00:00 0 
7f6784000000-7f6784021000 rw-p 00000000 00:00 0 
7f6784021000-7f6788000000 ---p 00000000 00:00 0 
7f678c000000-7f678c021000 rw-p 00000000 00:00 0 
7f678c021000-7f6790000000 ---p 00000000 00:00 0 
7f6794000000-7f6794021000 rw-p 00000000 00:00 0 
7f6794021000-7f6798000000 ---p 00000000 00:00 0 
7f679c000000-7f679c021000 rw-p 00000000 00:00 0 
7f679c021000-7f67a0000000 ---p 00000000 00:00 0 
7f67a10bd000-7f67a10c0000 ---p 00000000 00:00 0 
7f67a10c0000-7f67a11be000 rw-p 00000000 00:00 0 
7f67a11be000-7f67a11c1000 ---p 00000000 00:00 0 
7f67a11c1000-7f67a12bf000 rw-p 00000000 00:00 0 
7f67a12bf000-7f67a12c2000 ---p 00000000 00:00 0 
7f67a12c2000-7f67a13c0000 rw-p 00000000 00:00 0 
7f67a13c0000-7f67a13c3000 ---p 00000000 00:00 0 
7f67a13c3000-7f67a14c1000 rw-p 00000000 00:00 0 
7f67a14c1000-7f67a14c4000 ---p 00000000 00:00 0 
7f67a14c4000-7f67a15c2000 rw-p 00000000 00:00 0 
7f67a15c2000-7f67a15c3000 ---p 00000000 00:00 0 
7f67a15c3000-7f67a16c3000 rw-p 00000000 00:00 0 
7f67a16c3000-7f67a16c6000 ---p 00000000 00:00 0 
7f67a16c6000-7f67a17c4000 rw-p 00000000 00:00 0 
7f67a17c4000-7f67a17c7000 ---p 00000000 00:00 0 
7f67a17c7000-7f67a18c5000 rw-p 00000000 00:00 0 
7f67a18c5000-7f67a18c8000 ---p 00000000 00:00 0 
7f67a18c8000-7f67a19c6000 rw-p 00000000 00:00 0 
7f67a19c6000-7f67a19c9000 ---p 00000000 00:00 0 
7f67a19c9000-7f67a1ac7000 rw-p 00000000 00:00 0 
7f67a1ac7000-7f67a1aca000 ---p 00000000 00:00 0 
7f67a1aca000-7f67a1bc8000 rw-p 00000000 00:00 0 
7f67a1bc8000-7f67a2000000 r--p 00000000 08:01 9700768                    /usr/lib/locale/locale-archive
7f67a2000000-7f67a4000000 rw-p 00000000 00:00 0 
7f67a4000000-7f67a4021000 rw-p 00000000 00:00 0 
7f67a4021000-7f67a8000000 ---p 00000000 00:00 0 
7f67a8081000-7f67a809e000 r--p 00000000 08:01 11012338                   /usr/share/locale-langpack/tr/LC_MESSAGES/libc.mo
7f67a809e000-7f67a80af000 r--s 000cf000 08:01 159889                     /home/oguz/.gradle/caches/modules-2/files-2.1/com.fasterxml.jackson.core/jackson-databind/2.3.2/c75edc740a6d8cb1cef6fa82fa594e0bce561916/jackson-databind-2.3.2.jar
7f67a80af000-7f67a80b2000 ---p 00000000 00:00 0 
7f67a80b2000-7f67a81b0000 rw-p 00000000 00:00 0 
7f67a81b0000-7f67a81b3000 ---p 00000000 00:00 0 
7f67a81b3000-7f67a82b1000 rw-p 00000000 00:00 0 
7f67a82b1000-7f67a82b4000 ---p 00000000 00:00 0 
7f67a82b4000-7f67a83b2000 rw-p 00000000 00:00 0 
7f67a83b2000-7f67a83b3000 ---p 00000000 00:00 0 
7f67a83b3000-7f67a9000000 rw-p 00000000 00:00 0 
7f67a9000000-7f67a95e0000 rwxp 00000000 00:00 0 
7f67a95e0000-7f67b8000000 ---p 00000000 00:00 0 
7f67b8000000-7f67b839a000 rw-p 00000000 00:00 0 
7f67b839a000-7f67bc000000 ---p 00000000 00:00 0 
7f67bc002000-7f67bc009000 r--s 00000000 08:01 10092992                   /usr/lib/x86_64-linux-gnu/gconv/gconv-modules.cache
7f67bc009000-7f67bc018000 r--s 000df000 08:01 5246091                    /home/oguz/Android/Sdk/build-tools/23.0.3/lib/dx.jar
7f67bc018000-7f67bd10f000 rw-p 00000000 00:00 0 
7f67bd10f000-7f67bd2e8000 r--s 03d1f000 08:01 9967487                    /usr/lib/jvm/java-8-oracle/jre/lib/rt.jar
7f67bd2e8000-7f67bd9de000 rw-p 00000000 00:00 0 
7f67bd9de000-7f67bdb5e000 ---p 00000000 00:00 0 
7f67bdb5e000-7f67bdd5e000 rw-p 00000000 00:00 0 
7f67bdd5e000-7f67bdd5f000 ---p 00000000 00:00 0 
7f67bdd5f000-7f67bde5f000 rw-p 00000000 00:00 0 
7f67bde5f000-7f67bde60000 ---p 00000000 00:00 0 
7f67bde60000-7f67bdf60000 rw-p 00000000 00:00 0 
7f67bdf60000-7f67bdf61000 ---p 00000000 00:00 0 
7f67bdf61000-7f67be061000 rw-p 00000000 00:00 0 
7f67be061000-7f67be062000 ---p 00000000 00:00 0 
7f67be062000-7f67be162000 rw-p 00000000 00:00 0 
7f67be162000-7f67be163000 ---p 00000000 00:00 0 
7f67be163000-7f67be263000 rw-p 00000000 00:00 0 
7f67be263000-7f67be264000 ---p 00000000 00:00 0 
7f67be264000-7f67be364000 rw-p 00000000 00:00 0 
7f67be364000-7f67be365000 ---p 00000000 00:00 0 
7f67be365000-7f67be465000 rw-p 00000000 00:00 0 
7f67be465000-7f67be466000 ---p 00000000 00:00 0 
7f67be466000-7f67be590000 rw-p 00000000 00:00 0 
7f67be590000-7f67be6bc000 ---p 00000000 00:00 0 
7f67be6bc000-7f67be6e6000 rw-p 00000000 00:00 0 
7f67be6e6000-7f67be811000 ---p 00000000 00:00 0 
7f67be811000-7f67be855000 rw-p 00000000 00:00 0 
7f67be855000-7f67be8bc000 ---p 00000000 00:00 0 
7f67be8bc000-7f67be8d5000 rw-p 00000000 00:00 0 
7f67be8d5000-7f67bec7d000 ---p 00000000 00:00 0 
7f67bec7d000-7f67bec97000 r-xp 00000000 08:01 10092954                   /usr/lib/jvm/java-8-oracle/jre/lib/amd64/libzip.so
7f67bec97000-7f67bee97000 ---p 0001a000 08:01 10092954                   /usr/lib/jvm/java-8-oracle/jre/lib/amd64/libzip.so
7f67bee97000-7f67bee98000 rw-p 0001a000 08:01 10092954                   /usr/lib/jvm/java-8-oracle/jre/lib/amd64/libzip.so
7f67bee98000-7f67beea3000 r-xp 00000000 08:01 7603299                    /lib/x86_64-linux-gnu/libnss_files-2.23.so
7f67beea3000-7f67bf0a2000 ---p 0000b000 08:01 7603299                    /lib/x86_64-linux-gnu/libnss_files-2.23.so
7f67bf0a2000-7f67bf0a3000 r--p 0000a000 08:01 7603299                    /lib/x86_64-linux-gnu/libnss_files-2.23.so
7f67bf0a3000-7f67bf0a4000 rw-p 0000b000 08:01 7603299                    /lib/x86_64-linux-gnu/libnss_files-2.23.so
7f67bf0a4000-7f67bf0aa000 rw-p 00000000 00:00 0 
7f67bf0aa000-7f67bf0b5000 r-xp 00000000 08:01 7603296                    /lib/x86_64-linux-gnu/libnss_nis-2.23.so
7f67bf0b5000-7f67bf2b4000 ---p 0000b000 08:01 7603296                    /lib/x86_64-linux-gnu/libnss_nis-2.23.so
7f67bf2b4000-7f67bf2b5000 r--p 0000a000 08:01 7603296                    /lib/x86_64-linux-gnu/libnss_nis-2.23.so
7f67bf2b5000-7f67bf2b6000 rw-p 0000b000 08:01 7603296                    /lib/x86_64-linux-gnu/libnss_nis-2.23.so
7f67bf2b6000-7f67bf2cc000 r-xp 00000000 08:01 7603294                    /lib/x86_64-linux-gnu/libnsl-2.23.so
7f67bf2cc000-7f67bf4cc000 ---p 00016000 08:01 7603294                    /lib/x86_64-linux-gnu/libnsl-2.23.so
7f67bf4cc000-7f67bf4cd000 r--p 00016000 08:01 7603294                    /lib/x86_64-linux-gnu/libnsl-2.23.so
7f67bf4cd000-7f67bf4ce000 rw-p 00017000 08:01 7603294                    /lib/x86_64-linux-gnu/libnsl-2.23.so
7f67bf4ce000-7f67bf4d0000 rw-p 00000000 00:00 0 
7f67bf4d0000-7f67bf4d8000 r-xp 00000000 08:01 7603292                    /lib/x86_64-linux-gnu/libnss_compat-2.23.so
7f67bf4d8000-7f67bf6d7000 ---p 00008000 08:01 7603292                    /lib/x86_64-linux-gnu/libnss_compat-2.23.so
7f67bf6d7000-7f67bf6d8000 r--p 00007000 08:01 7603292                    /lib/x86_64-linux-gnu/libnss_compat-2.23.so
7f67bf6d8000-7f67bf6d9000 rw-p 00008000 08:01 7603292                    /lib/x86_64-linux-gnu/libnss_compat-2.23.so
7f67bf6d9000-7f67bf703000 r-xp 00000000 08:01 10092949                   /usr/lib/jvm/java-8-oracle/jre/lib/amd64/libjava.so
7f67bf703000-7f67bf903000 ---p 0002a000 08:01 10092949                   /usr/lib/jvm/java-8-oracle/jre/lib/amd64/libjava.so
7f67bf903000-7f67bf905000 rw-p 0002a000 08:01 10092949                   /usr/lib/jvm/java-8-oracle/jre/lib/amd64/libjava.so
7f67bf905000-7f67bf912000 r-xp 00000000 08:01 10092953                   /usr/lib/jvm/java-8-oracle/jre/lib/amd64/libverify.so
7f67bf912000-7f67bfb12000 ---p 0000d000 08:01 10092953                   /usr/lib/jvm/java-8-oracle/jre/lib/amd64/libverify.so
7f67bfb12000-7f67bfb14000 rw-p 0000d000 08:01 10092953                   /usr/lib/jvm/java-8-oracle/jre/lib/amd64/libverify.so
7f67bfb14000-7f67bfb1b000 r-xp 00000000 08:01 7603308                    /lib/x86_64-linux-gnu/librt-2.23.so
7f67bfb1b000-7f67bfd1a000 ---p 00007000 08:01 7603308                    /lib/x86_64-linux-gnu/librt-2.23.so
7f67bfd1a000-7f67bfd1b000 r--p 00006000 08:01 7603308                    /lib/x86_64-linux-gnu/librt-2.23.so
7f67bfd1b000-7f67bfd1c000 rw-p 00007000 08:01 7603308                    /lib/x86_64-linux-gnu/librt-2.23.so
7f67bfd1c000-7f67bfe24000 r-xp 00000000 08:01 7603305                    /lib/x86_64-linux-gnu/libm-2.23.so
7f67bfe24000-7f67c0023000 ---p 00108000 08:01 7603305                    /lib/x86_64-linux-gnu/libm-2.23.so
7f67c0023000-7f67c0024000 r--p 00107000 08:01 7603305                    /lib/x86_64-linux-gnu/libm-2.23.so
7f67c0024000-7f67c0025000 rw-p 00108000 08:01 7603305                    /lib/x86_64-linux-gnu/libm-2.23.so
7f67c0025000-7f67c0ce5000 r-xp 00000000 08:01 10092932                   /usr/lib/jvm/java-8-oracle/jre/lib/amd64/server/libjvm.so
7f67c0ce5000-7f67c0ee5000 ---p 00cc0000 08:01 10092932                   /usr/lib/jvm/java-8-oracle/jre/lib/amd64/server/libjvm.so
7f67c0ee5000-7f67c0fbd000 rw-p 00cc0000 08:01 10092932                   /usr/lib/jvm/java-8-oracle/jre/lib/amd64/server/libjvm.so
7f67c0fbd000-7f67c1008000 rw-p 00000000 00:00 0 
7f67c1008000-7f67c11c8000 r-xp 00000000 08:01 7603313                    /lib/x86_64-linux-gnu/libc-2.23.so
7f67c11c8000-7f67c13c8000 ---p 001c0000 08:01 7603313                    /lib/x86_64-linux-gnu/libc-2.23.so
7f67c13c8000-7f67c13cc000 r--p 001c0000 08:01 7603313                    /lib/x86_64-linux-gnu/libc-2.23.so
7f67c13cc000-7f67c13ce000 rw-p 001c4000 08:01 7603313                    /lib/x86_64-linux-gnu/libc-2.23.so
7f67c13ce000-7f67c13d2000 rw-p 00000000 00:00 0 
7f67c13d2000-7f67c13d5000 r-xp 00000000 08:01 7603314                    /lib/x86_64-linux-gnu/libdl-2.23.so
7f67c13d5000-7f67c15d4000 ---p 00003000 08:01 7603314                    /lib/x86_64-linux-gnu/libdl-2.23.so
7f67c15d4000-7f67c15d5000 r--p 00002000 08:01 7603314                    /lib/x86_64-linux-gnu/libdl-2.23.so
7f67c15d5000-7f67c15d6000 rw-p 00003000 08:01 7603314                    /lib/x86_64-linux-gnu/libdl-2.23.so
7f67c15d6000-7f67c15eb000 r-xp 00000000 08:01 9840182                    /usr/lib/jvm/java-8-oracle/lib/amd64/jli/libjli.so
7f67c15eb000-7f67c17eb000 ---p 00015000 08:01 9840182                    /usr/lib/jvm/java-8-oracle/lib/amd64/jli/libjli.so
7f67c17eb000-7f67c17ec000 rw-p 00015000 08:01 9840182                    /usr/lib/jvm/java-8-oracle/lib/amd64/jli/libjli.so
7f67c17ec000-7f67c1804000 r-xp 00000000 08:01 7603312                    /lib/x86_64-linux-gnu/libpthread-2.23.so
7f67c1804000-7f67c1a03000 ---p 00018000 08:01 7603312                    /lib/x86_64-linux-gnu/libpthread-2.23.so
7f67c1a03000-7f67c1a04000 r--p 00017000 08:01 7603312                    /lib/x86_64-linux-gnu/libpthread-2.23.so
7f67c1a04000-7f67c1a05000 rw-p 00018000 08:01 7603312                    /lib/x86_64-linux-gnu/libpthread-2.23.so
7f67c1a05000-7f67c1a09000 rw-p 00000000 00:00 0 
7f67c1a09000-7f67c1a2f000 r-xp 00000000 08:01 7603309                    /lib/x86_64-linux-gnu/ld-2.23.so
7f67c1a35000-7f67c1b07000 rw-p 00000000 00:00 0 
7f67c1b07000-7f67c1b0a000 ---p 00000000 00:00 0 
7f67c1b0a000-7f67c1c0c000 rw-p 00000000 00:00 0 
7f67c1c0e000-7f67c1c22000 rw-p 00000000 00:00 0 
7f67c1c22000-7f67c1c2a000 rw-s 00000000 08:01 160942                     /tmp/hsperfdata_oguz/11968
7f67c1c2a000-7f67c1c2b000 rw-p 00000000 00:00 0 
7f67c1c2b000-7f67c1c2c000 ---p 00000000 00:00 0 
7f67c1c2c000-7f67c1c2e000 rw-p 00000000 00:00 0 
7f67c1c2e000-7f67c1c2f000 r--p 00025000 08:01 7603309                    /lib/x86_64-linux-gnu/ld-2.23.so
7f67c1c2f000-7f67c1c30000 rw-p 00026000 08:01 7603309                    /lib/x86_64-linux-gnu/ld-2.23.so
7f67c1c30000-7f67c1c31000 rw-p 00000000 00:00 0 
7ffd2d1ad000-7ffd2d1ce000 rw-p 00000000 00:00 0                          [stack]
7ffd2d1d6000-7ffd2d1d8000 r--p 00000000 00:00 0                          [vvar]
7ffd2d1d8000-7ffd2d1da000 r-xp 00000000 00:00 0                          [vdso]
ffffffffff600000-ffffffffff601000 r-xp 00000000 00:00 0                  [vsyscall]

VM Arguments:
jvm_args: -Djava.awt.headless=true -Xmx1024M -Dfile.encoding=UTF-8 -Duser.country=TR -Duser.language=tr -Duser.variant 
java_command: com.android.dx.command.Main --dex --force-jumbo --num-threads=4 --multi-dex --output /home/oguz/AndroidStudioProjects/FomApplication/app/build/intermediates/transforms/dex/debug/folders/1000/10/jackson-databind-2.3.2_51c4623ebbbe6b6f2e96a48accc07b8b3796ca57 /home/oguz/.gradle/caches/modules-2/files-2.1/com.fasterxml.jackson.core/jackson-databind/2.3.2/c75edc740a6d8cb1cef6fa82fa594e0bce561916/jackson-databind-2.3.2.jar
java_class_path (initial): /home/oguz/Android/Sdk/build-tools/23.0.3/lib/dx.jar
Launcher Type: SUN_STANDARD

Environment Variables:
PATH=/usr/local/sbin:/usr/local/bin:/usr/sbin:/usr/bin:/sbin:/bin:/usr/games:/usr/local/games:/snap/bin
LD_LIBRARY_PATH=/home/oguz/Masaüstü/Derleyiciler/android-studio/bin:
SHELL=/bin/bash
DISPLAY=:0

Signal Handlers:
SIGSEGV: [libjvm.so+0xabca10], sa_mask[0]=11111111011111111101111111111110, sa_flags=SA_RESTART|SA_SIGINFO
SIGBUS: [libjvm.so+0xabca10], sa_mask[0]=11111111011111111101111111111110, sa_flags=SA_RESTART|SA_SIGINFO
SIGFPE: [libjvm.so+0x919a20], sa_mask[0]=11111111011111111101111111111110, sa_flags=SA_RESTART|SA_SIGINFO
SIGPIPE: [libjvm.so+0x919a20], sa_mask[0]=11111111011111111101111111111110, sa_flags=SA_RESTART|SA_SIGINFO
SIGXFSZ: [libjvm.so+0x919a20], sa_mask[0]=11111111011111111101111111111110, sa_flags=SA_RESTART|SA_SIGINFO
SIGILL: [libjvm.so+0x919a20], sa_mask[0]=11111111011111111101111111111110, sa_flags=SA_RESTART|SA_SIGINFO
SIGUSR1: SIG_DFL, sa_mask[0]=00000000000000000000000000000000, sa_flags=none
SIGUSR2: [libjvm.so+0x91b050], sa_mask[0]=00100000000000000000000000000000, sa_flags=SA_RESTART|SA_SIGINFO
SIGHUP: [libjvm.so+0x91c450], sa_mask[0]=11111111011111111101111111111110, sa_flags=SA_RESTART|SA_SIGINFO
SIGINT: [libjvm.so+0x91c450], sa_mask[0]=11111111011111111101111111111110, sa_flags=SA_RESTART|SA_SIGINFO
SIGTERM: [libjvm.so+0x91c450], sa_mask[0]=11111111011111111101111111111110, sa_flags=SA_RESTART|SA_SIGINFO
SIGQUIT: [libjvm.so+0x91c450], sa_mask[0]=11111111011111111101111111111110, sa_flags=SA_RESTART|SA_SIGINFO


---------------  S Y S T E M  ---------------

OS:DISTRIB_ID=Ubuntu
DISTRIB_RELEASE=16.04
DISTRIB_CODENAME=xenial
DISTRIB_DESCRIPTION="Ubuntu Xenial Xerus (development branch)"

uname:Linux 4.4.0-22-generic #39-Ubuntu SMP Thu May 5 16:53:32 UTC 2016 x86_64
libc:glibc 2.23 NPTL 2.23 
rlimit: STACK 8192k, CORE 0k, NPROC 31498, NOFILE 65536, AS infinity
load average:2,85 1,51 1,08

/proc/meminfo:
MemTotal:        8101800 kB
MemFree:           53884 kB
MemAvailable:     115164 kB
Buffers:            4284 kB
Cached:           443992 kB
SwapCached:            0 kB
Active:          7420296 kB
Inactive:         392032 kB
Active(anon):    7390908 kB
Inactive(anon):   368116 kB
Active(file):      29388 kB
Inactive(file):    23916 kB
Unevictable:          88 kB
Mlocked:              88 kB
SwapTotal:             0 kB
SwapFree:              0 kB
Dirty:              2684 kB
Writeback:             0 kB
AnonPages:       7364568 kB
Mapped:           239700 kB
Shmem:            394484 kB
Slab:             104668 kB
SReclaimable:      50348 kB
SUnreclaim:        54320 kB
KernelStack:       20640 kB
PageTables:        63140 kB
NFS_Unstable:          0 kB
Bounce:                0 kB
WritebackTmp:          0 kB
CommitLimit:     4050900 kB
Committed_AS:   14721164 kB
VmallocTotal:   34359738367 kB
VmallocUsed:           0 kB
VmallocChunk:          0 kB
HardwareCorrupted:     0 kB
AnonHugePages:   3987456 kB
CmaTotal:              0 kB
CmaFree:               0 kB
HugePages_Total:       0
HugePages_Free:        0
HugePages_Rsvd:        0
HugePages_Surp:        0
Hugepagesize:       2048 kB
DirectMap4k:      176896 kB
DirectMap2M:     8138752 kB
DirectMap1G:     1048576 kB


CPU:total 8 (4 cores per cpu, 2 threads per core) family 6 model 60 stepping 3, cmov, cx8, fxsr, mmx, sse, sse2, sse3, ssse3, sse4.1, sse4.2, popcnt, avx, avx2, aes, clmul, erms, lzcnt, ht, tsc, tscinvbit, bmi1, bmi2

/proc/cpuinfo:
processor	: 0
vendor_id	: GenuineIntel
cpu family	: 6
model		: 60
model name	: Intel(R) Core(TM) i7-4700MQ CPU @ 2.40GHz
stepping	: 3
microcode	: 0x16
cpu MHz		: 1599.937
cache size	: 6144 KB
physical id	: 0
siblings	: 8
core id		: 0
cpu cores	: 4
apicid		: 0
initial apicid	: 0
fpu		: yes
fpu_exception	: yes
cpuid level	: 13
wp		: yes
flags		: fpu vme de pse tsc msr pae mce cx8 apic sep mtrr pge mca cmov pat pse36 clflush dts acpi mmx fxsr sse sse2 ss ht tm pbe syscall nx pdpe1gb rdtscp lm constant_tsc arch_perfmon pebs bts rep_good nopl xtopology nonstop_tsc aperfmperf eagerfpu pni pclmulqdq dtes64 monitor ds_cpl vmx est tm2 ssse3 sdbg fma cx16 xtpr pdcm pcid sse4_1 sse4_2 movbe popcnt tsc_deadline_timer aes xsave avx f16c rdrand lahf_lm abm epb tpr_shadow vnmi flexpriority ept vpid fsgsbase tsc_adjust bmi1 avx2 smep bmi2 erms invpcid xsaveopt dtherm ida arat pln pts
bugs		:
bogomips	: 4789.04
clflush size	: 64
cache_alignment	: 64
address sizes	: 39 bits physical, 48 bits virtual
power management:

processor	: 1
vendor_id	: GenuineIntel
cpu family	: 6
model		: 60
model name	: Intel(R) Core(TM) i7-4700MQ CPU @ 2.40GHz
stepping	: 3
microcode	: 0x16
cpu MHz		: 1599.937
cache size	: 6144 KB
physical id	: 0
siblings	: 8
core id		: 0
cpu cores	: 4
apicid		: 1
initial apicid	: 1
fpu		: yes
fpu_exception	: yes
cpuid level	: 13
wp		: yes
flags		: fpu vme de pse tsc msr pae mce cx8 apic sep mtrr pge mca cmov pat pse36 clflush dts acpi mmx fxsr sse sse2 ss ht tm pbe syscall nx pdpe1gb rdtscp lm constant_tsc arch_perfmon pebs bts rep_good nopl xtopology nonstop_tsc aperfmperf eagerfpu pni pclmulqdq dtes64 monitor ds_cpl vmx est tm2 ssse3 sdbg fma cx16 xtpr pdcm pcid sse4_1 sse4_2 movbe popcnt tsc_deadline_timer aes xsave avx f16c rdrand lahf_lm abm epb tpr_shadow vnmi flexpriority ept vpid fsgsbase tsc_adjust bmi1 avx2 smep bmi2 erms invpcid xsaveopt dtherm ida arat pln pts
bugs		:
bogomips	: 4789.04
clflush size	: 64
cache_alignment	: 64
address sizes	: 39 bits physical, 48 bits virtual
power management:

processor	: 2
vendor_id	: GenuineIntel
cpu family	: 6
model		: 60
model name	: Intel(R) Core(TM) i7-4700MQ CPU @ 2.40GHz
stepping	: 3
microcode	: 0x16
cpu MHz		: 1599.937
cache size	: 6144 KB
physical id	: 0
siblings	: 8
core id		: 1
cpu cores	: 4
apicid		: 2
initial apicid	: 2
fpu		: yes
fpu_exception	: yes
cpuid level	: 13
wp		: yes
flags		: fpu vme de pse tsc msr pae mce cx8 apic sep mtrr pge mca cmov pat pse36 clflush dts acpi mmx fxsr sse sse2 ss ht tm pbe syscall nx pdpe1gb rdtscp lm constant_tsc arch_perfmon pebs bts rep_good nopl xtopology nonstop_tsc aperfmperf eagerfpu pni pclmulqdq dtes64 monitor ds_cpl vmx est tm2 ssse3 sdbg fma cx16 xtpr pdcm pcid sse4_1 sse4_2 movbe popcnt tsc_deadline_timer aes xsave avx f16c rdrand lahf_lm abm epb tpr_shadow vnmi flexpriority ept vpid fsgsbase tsc_adjust bmi1 avx2 smep bmi2 erms invpcid xsaveopt dtherm ida arat pln pts
bugs		:
bogomips	: 4789.04
clflush size	: 64
cache_alignment	: 64
address sizes	: 39 bits physical, 48 bits virtual
power management:

processor	: 3
vendor_id	: GenuineIntel
cpu family	: 6
model		: 60
model name	: Intel(R) Core(TM) i7-4700MQ CPU @ 2.40GHz
stepping	: 3
microcode	: 0x16
cpu MHz		: 1599.937
cache size	: 6144 KB
physical id	: 0
siblings	: 8
core id		: 1
cpu cores	: 4
apicid		: 3
initial apicid	: 3
fpu		: yes
fpu_exception	: yes
cpuid level	: 13
wp		: yes
flags		: fpu vme de pse tsc msr pae mce cx8 apic sep mtrr pge mca cmov pat pse36 clflush dts acpi mmx fxsr sse sse2 ss ht tm pbe syscall nx pdpe1gb rdtscp lm constant_tsc arch_perfmon pebs bts rep_good nopl xtopology nonstop_tsc aperfmperf eagerfpu pni pclmulqdq dtes64 monitor ds_cpl vmx est tm2 ssse3 sdbg fma cx16 xtpr pdcm pcid sse4_1 sse4_2 movbe popcnt tsc_deadline_timer aes xsave avx f16c rdrand lahf_lm abm epb tpr_shadow vnmi flexpriority ept vpid fsgsbase tsc_adjust bmi1 avx2 smep bmi2 erms invpcid xsaveopt dtherm ida arat pln pts
bugs		:
bogomips	: 4789.04
clflush size	: 64
cache_alignment	: 64
address sizes	: 39 bits physical, 48 bits virtual
power management:

processor	: 4
vendor_id	: GenuineIntel
cpu family	: 6
model		: 60
model name	: Intel(R) Core(TM) i7-4700MQ CPU @ 2.40GHz
stepping	: 3
microcode	: 0x16
cpu MHz		: 1599.937
cache size	: 6144 KB
physical id	: 0
siblings	: 8
core id		: 2
cpu cores	: 4
apicid		: 4
initial apicid	: 4
fpu		: yes
fpu_exception	: yes
cpuid level	: 13
wp		: yes
flags		: fpu vme de pse tsc msr pae mce cx8 apic sep mtrr pge mca cmov pat pse36 clflush dts acpi mmx fxsr sse sse2 ss ht tm pbe syscall nx pdpe1gb rdtscp lm constant_tsc arch_perfmon pebs bts rep_good nopl xtopology nonstop_tsc aperfmperf eagerfpu pni pclmulqdq dtes64 monitor ds_cpl vmx est tm2 ssse3 sdbg fma cx16 xtpr pdcm pcid sse4_1 sse4_2 movbe popcnt tsc_deadline_timer aes xsave avx f16c rdrand lahf_lm abm epb tpr_shadow vnmi flexpriority ept vpid fsgsbase tsc_adjust bmi1 avx2 smep bmi2 erms invpcid xsaveopt dtherm ida arat pln pts
bugs		:
bogomips	: 4789.04
clflush size	: 64
cache_alignment	: 64
address sizes	: 39 bits physical, 48 bits virtual
power management:

processor	: 5
vendor_id	: GenuineIntel
cpu family	: 6
model		: 60
model name	: Intel(R) Core(TM) i7-4700MQ CPU @ 2.40GHz
stepping	: 3
microcode	: 0x16
cpu MHz		: 1599.937
cache size	: 6144 KB
physical id	: 0
siblings	: 8
core id		: 2
cpu cores	: 4
apicid		: 5
initial apicid	: 5
fpu		: yes
fpu_exception	: yes
cpuid level	: 13
wp		: yes
flags		: fpu vme de pse tsc msr pae mce cx8 apic sep mtrr pge mca cmov pat pse36 clflush dts acpi mmx fxsr sse sse2 ss ht tm pbe syscall nx pdpe1gb rdtscp lm constant_tsc arch_perfmon pebs bts rep_good nopl xtopology nonstop_tsc aperfmperf eagerfpu pni pclmulqdq dtes64 monitor ds_cpl vmx est tm2 ssse3 sdbg fma cx16 xtpr pdcm pcid sse4_1 sse4_2 movbe popcnt tsc_deadline_timer aes xsave avx f16c rdrand lahf_lm abm epb tpr_shadow vnmi flexpriority ept vpid fsgsbase tsc_adjust bmi1 avx2 smep bmi2 erms invpcid xsaveopt dtherm ida arat pln pts
bugs		:
bogomips	: 4789.04
clflush size	: 64
cache_alignment	: 64
address sizes	: 39 bits physical, 48 bits virtual
power management:

processor	: 6
vendor_id	: GenuineIntel
cpu family	: 6
model		: 60
model name	: Intel(R) Core(TM) i7-4700MQ CPU @ 2.40GHz
stepping	: 3
microcode	: 0x16
cpu MHz		: 1599.937
cache size	: 6144 KB
physical id	: 0
siblings	: 8
core id		: 3
cpu cores	: 4
apicid		: 6
initial apicid	: 6
fpu		: yes
fpu_exception	: yes
cpuid level	: 13
wp		: yes
flags		: fpu vme de pse tsc msr pae mce cx8 apic sep mtrr pge mca cmov pat pse36 clflush dts acpi mmx fxsr sse sse2 ss ht tm pbe syscall nx pdpe1gb rdtscp lm constant_tsc arch_perfmon pebs bts rep_good nopl xtopology nonstop_tsc aperfmperf eagerfpu pni pclmulqdq dtes64 monitor ds_cpl vmx est tm2 ssse3 sdbg fma cx16 xtpr pdcm pcid sse4_1 sse4_2 movbe popcnt tsc_deadline_timer aes xsave avx f16c rdrand lahf_lm abm epb tpr_shadow vnmi flexpriority ept vpid fsgsbase tsc_adjust bmi1 avx2 smep bmi2 erms invpcid xsaveopt dtherm ida arat pln pts
bugs		:
bogomips	: 4789.04
clflush size	: 64
cache_alignment	: 64
address sizes	: 39 bits physical, 48 bits virtual
power management:

processor	: 7
vendor_id	: GenuineIntel
cpu family	: 6
model		: 60
model name	: Intel(R) Core(TM) i7-4700MQ CPU @ 2.40GHz
stepping	: 3
microcode	: 0x16
cpu MHz		: 1599.937
cache size	: 6144 KB
physical id	: 0
siblings	: 8
core id		: 3
cpu cores	: 4
apicid		: 7
initial apicid	: 7
fpu		: yes
fpu_exception	: yes
cpuid level	: 13
wp		: yes
flags		: fpu vme de pse tsc msr pae mce cx8 apic sep mtrr pge mca cmov pat pse36 clflush dts acpi mmx fxsr sse sse2 ss ht tm pbe syscall nx pdpe1gb rdtscp lm constant_tsc arch_perfmon pebs bts rep_good nopl xtopology nonstop_tsc aperfmperf eagerfpu pni pclmulqdq dtes64 monitor ds_cpl vmx est tm2 ssse3 sdbg fma cx16 xtpr pdcm pcid sse4_1 sse4_2 movbe popcnt tsc_deadline_timer aes xsave avx f16c rdrand lahf_lm abm epb tpr_shadow vnmi flexpriority ept vpid fsgsbase tsc_adjust bmi1 avx2 smep bmi2 erms invpcid xsaveopt dtherm ida arat pln pts
bugs		:
bogomips	: 4789.04
clflush size	: 64
cache_alignment	: 64
address sizes	: 39 bits physical, 48 bits virtual
power management:



Memory: 4k page, physical 8101800k(53884k free), swap 0k(0k free)

vm_info: Java HotSpot(TM) 64-Bit Server VM (25.91-b14) for linux-amd64 JRE (1.8.0_91-b14), built on Apr  1 2016 00:57:21 by "java_re" with gcc 4.3.0 20080428 (Red Hat 4.3.0-8)

time: Sun Jul 17 13:50:53 2016
elapsed time: 4 seconds (0d 0h 0m 4s)

