#
# There is insufficient memory for the Java Runtime Environment to continue.
# Native memory allocation (mmap) failed to map 217055232 bytes for committing reserved memory.
# Possible reasons:
#   The system is out of physical RAM or swap space
#   In 32 bit mode, the process size limit was hit
# Possible solutions:
#   Reduce memory load on the system
#   Increase physical memory or swap space
#   Check if swap backing store is full
#   Use 64 bit Java on a 64 bit OS
#   Decrease Java heap size (-Xmx/-Xms)
#   Decrease number of Java threads
#   Decrease Java thread stack sizes (-Xss)
#   Set larger code cache with -XX:ReservedCodeCacheSize=
# This output file may be truncated or incomplete.
#
#  Out of Memory Error (os_linux.cpp:2627), pid=9981, tid=139681452742400
#
# JRE version: Java(TM) SE Runtime Environment (8.0_91-b14) (build 1.8.0_91-b14)
# Java VM: Java HotSpot(TM) 64-Bit Server VM (25.91-b14 mixed mode linux-amd64 compressed oops)
# Failed to write core dump. Core dumps have been disabled. To enable core dumping, try "ulimit -c unlimited" before starting Java again
#

---------------  T H R E A D  ---------------

Current thread (0x00007f0a50080000):  VMThread [stack: 0x00007f0a1f4f5000,0x00007f0a1f5f6000] [id=9994]

Stack: [0x00007f0a1f4f5000,0x00007f0a1f5f6000],  sp=0x00007f0a1f5f40a0,  free space=1020k
Native frames: (J=compiled Java code, j=interpreted, Vv=VM code, C=native code)
V  [libjvm.so+0xabc18a]  VMError::report_and_die()+0x2ba
V  [libjvm.so+0x4fafeb]  report_vm_out_of_memory(char const*, int, unsigned long, VMErrorType, char const*)+0x8b
V  [libjvm.so+0x91cbb3]  os::Linux::commit_memory_impl(char*, unsigned long, bool)+0x103
V  [libjvm.so+0x91d109]  os::pd_commit_memory(char*, unsigned long, unsigned long, bool)+0x29
V  [libjvm.so+0x91740a]  os::commit_memory(char*, unsigned long, unsigned long, bool)+0x2a
V  [libjvm.so+0x98b033]  PSVirtualSpace::expand_by(unsigned long)+0x53
V  [libjvm.so+0x98c438]  PSYoungGen::resize_generation(unsigned long, unsigned long)+0xf8
V  [libjvm.so+0x98b592]  PSYoungGen::resize(unsigned long, unsigned long)+0x22
V  [libjvm.so+0x98886b]  PSScavenge::invoke_no_policy()+0xf3b
V  [libjvm.so+0x988ff1]  PSScavenge::invoke()+0x41
V  [libjvm.so+0x9408b0]  ParallelScavengeHeap::failed_mem_allocate(unsigned long)+0x70
V  [libjvm.so+0xabdba7]  VM_ParallelGCFailedAllocation::doit()+0x97
V  [libjvm.so+0xac55d5]  VM_Operation::evaluate()+0x55
V  [libjvm.so+0xac39aa]  VMThread::evaluate_operation(VM_Operation*)+0xba
V  [libjvm.so+0xac3d2e]  VMThread::loop()+0x1ce
V  [libjvm.so+0xac41a0]  VMThread::run()+0x70
V  [libjvm.so+0x91ef78]  java_start(Thread*)+0x108

VM_Operation (0x00007f0a1e5afdb0): ParallelGCFailedAllocation, mode: safepoint, requested by thread 0x00007f0a50159800


---------------  P R O C E S S  ---------------

Java Threads: ( => current thread )
  0x00007f0a5015d000 JavaThread "pool-1-thread-4" [_thread_blocked, id=10008, stack(0x00007f0a1e2af000,0x00007f0a1e3b0000)]
  0x00007f0a5015b800 JavaThread "pool-1-thread-3" [_thread_blocked, id=10007, stack(0x00007f0a1e3b0000,0x00007f0a1e4b1000)]
  0x00007f0a50159800 JavaThread "pool-1-thread-2" [_thread_blocked, id=10006, stack(0x00007f0a1e4b1000,0x00007f0a1e5b2000)]
  0x00007f0a50158000 JavaThread "pool-2-thread-1" [_thread_blocked, id=10005, stack(0x00007f0a1e5b2000,0x00007f0a1e6b3000)]
  0x00007f0a50156000 JavaThread "pool-1-thread-1" [_thread_blocked, id=10004, stack(0x00007f0a1e6b3000,0x00007f0a1e7b4000)]
  0x00007f0a500d6000 JavaThread "Service Thread" daemon [_thread_blocked, id=10002, stack(0x00007f0a1e8b5000,0x00007f0a1e9b6000)]
  0x00007f0a500c8800 JavaThread "C1 CompilerThread3" daemon [_thread_blocked, id=10001, stack(0x00007f0a1e9b6000,0x00007f0a1eab7000)]
  0x00007f0a500c6800 JavaThread "C2 CompilerThread2" daemon [_thread_blocked, id=10000, stack(0x00007f0a1eab7000,0x00007f0a1ebb8000)]
  0x00007f0a500c5000 JavaThread "C2 CompilerThread1" daemon [_thread_blocked, id=9999, stack(0x00007f0a1ebb8000,0x00007f0a1ecb9000)]
  0x00007f0a500c2000 JavaThread "C2 CompilerThread0" daemon [_thread_blocked, id=9998, stack(0x00007f0a1ecb9000,0x00007f0a1edba000)]
  0x00007f0a500c0800 JavaThread "Signal Dispatcher" daemon [_thread_blocked, id=9997, stack(0x00007f0a1edba000,0x00007f0a1eebb000)]
  0x00007f0a5008c000 JavaThread "Finalizer" daemon [_thread_blocked, id=9996, stack(0x00007f0a1f2f3000,0x00007f0a1f3f4000)]
  0x00007f0a50087800 JavaThread "Reference Handler" daemon [_thread_blocked, id=9995, stack(0x00007f0a1f3f4000,0x00007f0a1f4f5000)]
  0x00007f0a5000a000 JavaThread "main" [_thread_blocked, id=9985, stack(0x00007f0a56c8c000,0x00007f0a56d8d000)]

Other Threads:
=>0x00007f0a50080000 VMThread [stack: 0x00007f0a1f4f5000,0x00007f0a1f5f6000] [id=9994]
  0x00007f0a500e1000 WatcherThread [stack: 0x00007f0a1e7b4000,0x00007f0a1e8b5000] [id=10003]

VM state:at safepoint (normal execution)

VM Mutex/Monitor currently owned by a thread:  ([mutex/lock_event])
[0x00007f0a500064d0] Threads_lock - owner thread: 0x00007f0a50080000
[0x00007f0a500069d0] Heap_lock - owner thread: 0x00007f0a50159800

Heap:
 PSYoungGen      total 132096K, used 5115K [0x00000000eab00000, 0x00000000f3100000, 0x0000000100000000)
  eden space 126976K, 0% used [0x00000000eab00000,0x00000000eab00000,0x00000000f2700000)
  from space 5120K, 99% used [0x00000000f2700000,0x00000000f2bfefb0,0x00000000f2c00000)
  to   space 5120K, 0% used [0x00000000f2c00000,0x00000000f2c00000,0x00000000f3100000)
 ParOldGen       total 95744K, used 92248K [0x00000000c0000000, 0x00000000c5d80000, 0x00000000eab00000)
  object space 95744K, 96% used [0x00000000c0000000,0x00000000c5a16168,0x00000000c5d80000)
 Metaspace       used 5919K, capacity 7024K, committed 7296K, reserved 1056768K
  class space    used 581K, capacity 616K, committed 640K, reserved 1048576K

Card table byte_map: [0x00007f0a40824000,0x00007f0a40a25000] byte_map_base: 0x00007f0a40224000

Marking Bits: (ParMarkBitMap*) 0x00007f0a56161d60
 Begin Bits: [0x00007f0a3dec6000, 0x00007f0a3eec6000)
 End Bits:   [0x00007f0a3eec6000, 0x00007f0a3fec6000)

Polling page: 0x00007f0a56db1000

CodeCache: size=245760Kb used=6423Kb max_used=6423Kb free=239336Kb
 bounds [0x00007f0a40de5000, 0x00007f0a41435000, 0x00007f0a4fde5000]
 total_blobs=1830 nmethods=1569 adapters=175
 compilation: enabled

Compilation events (10 events):
Event: 1.389 Thread 0x00007f0a500c8800 nmethod 1731 0x00007f0a4142dd90 code [0x00007f0a4142df60, 0x00007f0a4142e5c8]
Event: 1.391 Thread 0x00007f0a500c8800 1732       2       com.android.dx.rop.type.Type::getArrayType (50 bytes)
Event: 1.392 Thread 0x00007f0a500c8800 nmethod 1732 0x00007f0a4142ea10 code [0x00007f0a4142ebc0, 0x00007f0a4142f028]
Event: 1.394 Thread 0x00007f0a500c8800 1733       3       com.android.dx.util.LabeledList::rebuildLabelToIndex (46 bytes)
Event: 1.395 Thread 0x00007f0a500c8800 nmethod 1733 0x00007f0a4142f390 code [0x00007f0a4142f540, 0x00007f0a4142fbc8]
Event: 1.395 Thread 0x00007f0a500c8800 1734       2       java.util.HashMap$HashIterator::<init> (79 bytes)
Event: 1.396 Thread 0x00007f0a500c8800 nmethod 1734 0x00007f0a4142fdd0 code [0x00007f0a4142ff40, 0x00007f0a414301b0]
Event: 1.396 Thread 0x00007f0a500c8800 1735       2       java.util.Arrays$LegacyMergeSort::access$000 (4 bytes)
Event: 1.396 Thread 0x00007f0a500c8800 nmethod 1735 0x00007f0a41401190 code [0x00007f0a414012e0, 0x00007f0a41401410]
Event: 1.398 Thread 0x00007f0a500c8800 1736       2       com.android.dx.ssa.PhiTypeResolver::resolveResultType (308 bytes)

GC Heap History (9 events):
Event: 0.375 GC heap before
{Heap before GC invocations=1 (full 0):
 PSYoungGen      total 36864K, used 31744K [0x00000000eab00000, 0x00000000ed400000, 0x0000000100000000)
  eden space 31744K, 100% used [0x00000000eab00000,0x00000000eca00000,0x00000000eca00000)
  from space 5120K, 0% used [0x00000000ecf00000,0x00000000ecf00000,0x00000000ed400000)
  to   space 5120K, 0% used [0x00000000eca00000,0x00000000eca00000,0x00000000ecf00000)
 ParOldGen       total 84992K, used 0K [0x00000000c0000000, 0x00000000c5300000, 0x00000000eab00000)
  object space 84992K, 0% used [0x00000000c0000000,0x00000000c0000000,0x00000000c5300000)
 Metaspace       used 5555K, capacity 6768K, committed 7040K, reserved 1056768K
  class space    used 568K, capacity 616K, committed 640K, reserved 1048576K
Event: 0.392 GC heap after
Heap after GC invocations=1 (full 0):
 PSYoungGen      total 36864K, used 5096K [0x00000000eab00000, 0x00000000ef300000, 0x0000000100000000)
  eden space 31744K, 0% used [0x00000000eab00000,0x00000000eab00000,0x00000000eca00000)
  from space 5120K, 99% used [0x00000000eca00000,0x00000000ecefa198,0x00000000ecf00000)
  to   space 5120K, 0% used [0x00000000eee00000,0x00000000eee00000,0x00000000ef300000)
 ParOldGen       total 84992K, used 1780K [0x00000000c0000000, 0x00000000c5300000, 0x00000000eab00000)
  object space 84992K, 2% used [0x00000000c0000000,0x00000000c01bd2a0,0x00000000c5300000)
 Metaspace       used 5555K, capacity 6768K, committed 7040K, reserved 1056768K
  class space    used 568K, capacity 616K, committed 640K, reserved 1048576K
}
Event: 0.523 GC heap before
{Heap before GC invocations=2 (full 0):
 PSYoungGen      total 36864K, used 36840K [0x00000000eab00000, 0x00000000ef300000, 0x0000000100000000)
  eden space 31744K, 100% used [0x00000000eab00000,0x00000000eca00000,0x00000000eca00000)
  from space 5120K, 99% used [0x00000000eca00000,0x00000000ecefa198,0x00000000ecf00000)
  to   space 5120K, 0% used [0x00000000eee00000,0x00000000eee00000,0x00000000ef300000)
 ParOldGen       total 84992K, used 1780K [0x00000000c0000000, 0x00000000c5300000, 0x00000000eab00000)
  object space 84992K, 2% used [0x00000000c0000000,0x00000000c01bd2a0,0x00000000c5300000)
 Metaspace       used 5651K, capacity 6832K, committed 7040K, reserved 1056768K
  class space    used 575K, capacity 616K, committed 640K, reserved 1048576K
Event: 0.535 GC heap after
Heap after GC invocations=2 (full 0):
 PSYoungGen      total 68608K, used 5096K [0x00000000eab00000, 0x00000000ef300000, 0x0000000100000000)
  eden space 63488K, 0% used [0x00000000eab00000,0x00000000eab00000,0x00000000ee900000)
  from space 5120K, 99% used [0x00000000eee00000,0x00000000ef2fa268,0x00000000ef300000)
  to   space 5120K, 0% used [0x00000000ee900000,0x00000000ee900000,0x00000000eee00000)
 ParOldGen       total 84992K, used 7034K [0x00000000c0000000, 0x00000000c5300000, 0x00000000eab00000)
  object space 84992K, 8% used [0x00000000c0000000,0x00000000c06debe8,0x00000000c5300000)
 Metaspace       used 5651K, capacity 6832K, committed 7040K, reserved 1056768K
  class space    used 575K, capacity 616K, committed 640K, reserved 1048576K
}
Event: 0.862 GC heap before
{Heap before GC invocations=3 (full 0):
 PSYoungGen      total 68608K, used 68584K [0x00000000eab00000, 0x00000000ef300000, 0x0000000100000000)
  eden space 63488K, 100% used [0x00000000eab00000,0x00000000ee900000,0x00000000ee900000)
  from space 5120K, 99% used [0x00000000eee00000,0x00000000ef2fa268,0x00000000ef300000)
  to   space 5120K, 0% used [0x00000000ee900000,0x00000000ee900000,0x00000000eee00000)
 ParOldGen       total 84992K, used 7034K [0x00000000c0000000, 0x00000000c5300000, 0x00000000eab00000)
  object space 84992K, 8% used [0x00000000c0000000,0x00000000c06debe8,0x00000000c5300000)
 Metaspace       used 5821K, capacity 6960K, committed 7040K, reserved 1056768K
  class space    used 579K, capacity 616K, committed 640K, reserved 1048576K
Event: 0.887 GC heap after
Heap after GC invocations=3 (full 0):
 PSYoungGen      total 68608K, used 5111K [0x00000000eab00000, 0x00000000f3100000, 0x0000000100000000)
  eden space 63488K, 0% used [0x00000000eab00000,0x00000000eab00000,0x00000000ee900000)
  from space 5120K, 99% used [0x00000000ee900000,0x00000000eedfde90,0x00000000eee00000)
  to   space 5120K, 0% used [0x00000000f2c00000,0x00000000f2c00000,0x00000000f3100000)
 ParOldGen       total 84992K, used 29366K [0x00000000c0000000, 0x00000000c5300000, 0x00000000eab00000)
  object space 84992K, 34% used [0x00000000c0000000,0x00000000c1cad810,0x00000000c5300000)
 Metaspace       used 5821K, capacity 6960K, committed 7040K, reserved 1056768K
  class space    used 579K, capacity 616K, committed 640K, reserved 1048576K
}
Event: 1.045 GC heap before
{Heap before GC invocations=4 (full 0):
 PSYoungGen      total 68608K, used 68599K [0x00000000eab00000, 0x00000000f3100000, 0x0000000100000000)
  eden space 63488K, 100% used [0x00000000eab00000,0x00000000ee900000,0x00000000ee900000)
  from space 5120K, 99% used [0x00000000ee900000,0x00000000eedfde90,0x00000000eee00000)
  to   space 5120K, 0% used [0x00000000f2c00000,0x00000000f2c00000,0x00000000f3100000)
 ParOldGen       total 84992K, used 29366K [0x00000000c0000000, 0x00000000c5300000, 0x00000000eab00000)
  object space 84992K, 34% used [0x00000000c0000000,0x00000000c1cad810,0x00000000c5300000)
 Metaspace       used 5837K, capacity 6960K, committed 7040K, reserved 1056768K
  class space    used 579K, capacity 616K, committed 640K, reserved 1048576K
Event: 1.079 GC heap after
Heap after GC invocations=4 (full 0):
 PSYoungGen      total 132096K, used 5119K [0x00000000eab00000, 0x00000000f3100000, 0x0000000100000000)
  eden space 126976K, 0% used [0x00000000eab00000,0x00000000eab00000,0x00000000f2700000)
  from space 5120K, 99% used [0x00000000f2c00000,0x00000000f30ffcc0,0x00000000f3100000)
  to   space 5120K, 0% used [0x00000000f2700000,0x00000000f2700000,0x00000000f2c00000)
 ParOldGen       total 84992K, used 50647K [0x00000000c0000000, 0x00000000c5300000, 0x00000000eab00000)
  object space 84992K, 59% used [0x00000000c0000000,0x00000000c3175ef0,0x00000000c5300000)
 Metaspace       used 5837K, capacity 6960K, committed 7040K, reserved 1056768K
  class space    used 579K, capacity 616K, committed 640K, reserved 1048576K
}
Event: 1.400 GC heap before
{Heap before GC invocations=5 (full 0):
 PSYoungGen      total 132096K, used 132095K [0x00000000eab00000, 0x00000000f3100000, 0x0000000100000000)
  eden space 126976K, 100% used [0x00000000eab00000,0x00000000f2700000,0x00000000f2700000)
  from space 5120K, 99% used [0x00000000f2c00000,0x00000000f30ffcc0,0x00000000f3100000)
  to   space 5120K, 0% used [0x00000000f2700000,0x00000000f2700000,0x00000000f2c00000)
 ParOldGen       total 84992K, used 50647K [0x00000000c0000000, 0x00000000c5300000, 0x00000000eab00000)
  object space 84992K, 59% used [0x00000000c0000000,0x00000000c3175ef0,0x00000000c5300000)
 Metaspace       used 5919K, capacity 7024K, committed 7296K, reserved 1056768K
  class space    used 581K, capacity 616K, committed 640K, reserved 1048576K

Deoptimization events (10 events):
Event: 0.714 Thread 0x00007f0a5000a000 Uncommon trap: reason=unstable_if action=reinterpret pc=0x00007f0a411f4f94 method=com.android.dx.rop.code.RegisterSpecSet.put(Lcom/android/dx/rop/code/RegisterSpec;)V @ 77
Event: 1.100 Thread 0x00007f0a5015b800 Uncommon trap: reason=class_check action=maybe_recompile pc=0x00007f0a4130a680 method=com.android.dx.ssa.NormalSsaInsn.accept(Lcom/android/dx/ssa/SsaInsn$Visitor;)V @ 9
Event: 1.100 Thread 0x00007f0a5015b800 Uncommon trap: reason=class_check action=maybe_recompile pc=0x00007f0a4130a680 method=com.android.dx.ssa.NormalSsaInsn.accept(Lcom/android/dx/ssa/SsaInsn$Visitor;)V @ 9
Event: 1.101 Thread 0x00007f0a5015b800 Uncommon trap: reason=class_check action=maybe_recompile pc=0x00007f0a4130a680 method=com.android.dx.ssa.NormalSsaInsn.accept(Lcom/android/dx/ssa/SsaInsn$Visitor;)V @ 9
Event: 1.102 Thread 0x00007f0a5015b800 Uncommon trap: reason=class_check action=maybe_recompile pc=0x00007f0a4130a680 method=com.android.dx.ssa.NormalSsaInsn.accept(Lcom/android/dx/ssa/SsaInsn$Visitor;)V @ 9
Event: 1.113 Thread 0x00007f0a50156000 Uncommon trap: reason=unstable_if action=reinterpret pc=0x00007f0a41278f1c method=com.android.dx.ssa.SsaRenamer$BlockRenamer.process()V @ 59
Event: 1.157 Thread 0x00007f0a50156000 Uncommon trap: reason=bimorphic action=maybe_recompile pc=0x00007f0a4101c14c method=java.util.HashMap.getNode(ILjava/lang/Object;)Ljava/util/HashMap$Node; @ 126
Event: 1.196 Thread 0x00007f0a5000a000 Uncommon trap: reason=unloaded action=reinterpret pc=0x00007f0a41105024 method=com.android.dx.cf.cst.ConstantPoolParser.parse0(ILjava/util/BitSet;)Lcom/android/dx/rop/cst/Constant; @ 198
Event: 1.249 Thread 0x00007f0a5000a000 Uncommon trap: reason=unstable_if action=reinterpret pc=0x00007f0a413aec44 method=com.android.dx.cf.code.ByteCatchList.toTargetList(I)Lcom/android/dx/util/IntList; @ 31
Event: 1.321 Thread 0x00007f0a5015d000 Uncommon trap: reason=unstable_if action=reinterpret pc=0x00007f0a413ca068 method=com.android.dx.cf.code.Ropper.processBlock(Lcom/android/dx/cf/code/ByteBlock;Lcom/android/dx/cf/code/Frame;[I)V @ 975

Internal exceptions (2 events):
Event: 0.019 Thread 0x00007f0a5000a000 Exception <a 'java/lang/NoSuchMethodError': Method sun.misc.Unsafe.defineClass(Ljava/lang/String;[BII)Ljava/lang/Class; name or signature does not match> (0x00000000eab07cc0) thrown at [/HUDSON/workspace/8-2-build-linux-amd64/jdk8u91/6644/hotspot/src/shar
Event: 0.019 Thread 0x00007f0a5000a000 Exception <a 'java/lang/NoSuchMethodError': Method sun.misc.Unsafe.prefetchRead(Ljava/lang/Object;J)V name or signature does not match> (0x00000000eab07fa8) thrown at [/HUDSON/workspace/8-2-build-linux-amd64/jdk8u91/6644/hotspot/src/share/vm/prims/jni.cpp

Events (10 events):
Event: 1.398 Thread 0x00007f0a5015d000 DEOPT UNPACKING pc=0x00007f0a40e2c633 sp=0x00007f0a1e3adbc8 mode 0
Event: 1.398 Thread 0x00007f0a5015d000 DEOPT PACKING pc=0x00007f0a41101488 sp=0x00007f0a1e3ade40
Event: 1.398 Thread 0x00007f0a5015d000 DEOPT UNPACKING pc=0x00007f0a40e2c633 sp=0x00007f0a1e3adbc8 mode 0
Event: 1.398 Thread 0x00007f0a5015d000 DEOPT PACKING pc=0x00007f0a41101488 sp=0x00007f0a1e3ade40
Event: 1.398 Thread 0x00007f0a5015d000 DEOPT UNPACKING pc=0x00007f0a40e2c633 sp=0x00007f0a1e3adbc8 mode 0
Event: 1.399 Thread 0x00007f0a50159800 DEOPT PACKING pc=0x00007f0a41238f3d sp=0x00007f0a1e5b00d0
Event: 1.399 Thread 0x00007f0a50159800 DEOPT UNPACKING pc=0x00007f0a40e2c633 sp=0x00007f0a1e5afea8 mode 0
Event: 1.399 Thread 0x00007f0a5015d000 DEOPT PACKING pc=0x00007f0a41101488 sp=0x00007f0a1e3ade40
Event: 1.399 Thread 0x00007f0a5015d000 DEOPT UNPACKING pc=0x00007f0a40e2c633 sp=0x00007f0a1e3adbc8 mode 0
Event: 1.399 Executing VM operation: ParallelGCFailedAllocation


Dynamic libraries:
00400000-00401000 r-xp 00000000 08:01 9839507                            /usr/lib/jvm/java-8-oracle/bin/java
00600000-00601000 rw-p 00000000 08:01 9839507                            /usr/lib/jvm/java-8-oracle/bin/java
01166000-01187000 rw-p 00000000 00:00 0                                  [heap]
c0000000-c5d80000 rw-p 00000000 00:00 0 
c5d80000-eab00000 ---p 00000000 00:00 0 
eab00000-f3100000 rw-p 00000000 00:00 0 
100000000-1000a0000 rw-p 00000000 00:00 0 
1000a0000-140000000 ---p 00000000 00:00 0 
7f09dc000000-7f09dc0d0000 rw-p 00000000 00:00 0 
7f09dc0d0000-7f09e0000000 ---p 00000000 00:00 0 
7f09e0000000-7f09e009e000 rw-p 00000000 00:00 0 
7f09e009e000-7f09e4000000 ---p 00000000 00:00 0 
7f09e4000000-7f09e4021000 rw-p 00000000 00:00 0 
7f09e4021000-7f09e8000000 ---p 00000000 00:00 0 
7f09e8000000-7f09e80c7000 rw-p 00000000 00:00 0 
7f09e80c7000-7f09ec000000 ---p 00000000 00:00 0 
7f09ec000000-7f09ec021000 rw-p 00000000 00:00 0 
7f09ec021000-7f09f0000000 ---p 00000000 00:00 0 
7f09f0000000-7f09f01cf000 rw-p 00000000 00:00 0 
7f09f01cf000-7f09f4000000 ---p 00000000 00:00 0 
7f09f4000000-7f09f4800000 rw-p 00000000 00:00 0 
7f09f4800000-7f09f8000000 ---p 00000000 00:00 0 
7f09f8000000-7f09f8021000 rw-p 00000000 00:00 0 
7f09f8021000-7f09fc000000 ---p 00000000 00:00 0 
7f09fc000000-7f09fca6b000 rw-p 00000000 00:00 0 
7f09fca6b000-7f0a00000000 ---p 00000000 00:00 0 
7f0a00000000-7f0a00876000 rw-p 00000000 00:00 0 
7f0a00876000-7f0a04000000 ---p 00000000 00:00 0 
7f0a04000000-7f0a04021000 rw-p 00000000 00:00 0 
7f0a04021000-7f0a08000000 ---p 00000000 00:00 0 
7f0a08000000-7f0a08b9f000 rw-p 00000000 00:00 0 
7f0a08b9f000-7f0a0c000000 ---p 00000000 00:00 0 
7f0a0c000000-7f0a0c021000 rw-p 00000000 00:00 0 
7f0a0c021000-7f0a10000000 ---p 00000000 00:00 0 
7f0a10000000-7f0a10021000 rw-p 00000000 00:00 0 
7f0a10021000-7f0a14000000 ---p 00000000 00:00 0 
7f0a14000000-7f0a1428d000 rw-p 00000000 00:00 0 
7f0a1428d000-7f0a18000000 ---p 00000000 00:00 0 
7f0a18000000-7f0a18021000 rw-p 00000000 00:00 0 
7f0a18021000-7f0a1c000000 ---p 00000000 00:00 0 
7f0a1e2af000-7f0a1e2b2000 ---p 00000000 00:00 0 
7f0a1e2b2000-7f0a1e3b0000 rw-p 00000000 00:00 0 
7f0a1e3b0000-7f0a1e3b3000 ---p 00000000 00:00 0 
7f0a1e3b3000-7f0a1e4b1000 rw-p 00000000 00:00 0 
7f0a1e4b1000-7f0a1e4b4000 ---p 00000000 00:00 0 
7f0a1e4b4000-7f0a1e5b2000 rw-p 00000000 00:00 0 
7f0a1e5b2000-7f0a1e5b5000 ---p 00000000 00:00 0 
7f0a1e5b5000-7f0a1e6b3000 rw-p 00000000 00:00 0 
7f0a1e6b3000-7f0a1e6b6000 ---p 00000000 00:00 0 
7f0a1e6b6000-7f0a1e7b4000 rw-p 00000000 00:00 0 
7f0a1e7b4000-7f0a1e7b5000 ---p 00000000 00:00 0 
7f0a1e7b5000-7f0a1e8b5000 rw-p 00000000 00:00 0 
7f0a1e8b5000-7f0a1e8b8000 ---p 00000000 00:00 0 
7f0a1e8b8000-7f0a1e9b6000 rw-p 00000000 00:00 0 
7f0a1e9b6000-7f0a1e9b9000 ---p 00000000 00:00 0 
7f0a1e9b9000-7f0a1eab7000 rw-p 00000000 00:00 0 
7f0a1eab7000-7f0a1eaba000 ---p 00000000 00:00 0 
7f0a1eaba000-7f0a1ebb8000 rw-p 00000000 00:00 0 
7f0a1ebb8000-7f0a1ebbb000 ---p 00000000 00:00 0 
7f0a1ebbb000-7f0a1ecb9000 rw-p 00000000 00:00 0 
7f0a1ecb9000-7f0a1ecbc000 ---p 00000000 00:00 0 
7f0a1ecbc000-7f0a1edba000 rw-p 00000000 00:00 0 
7f0a1edba000-7f0a1edbd000 ---p 00000000 00:00 0 
7f0a1edbd000-7f0a1eebb000 rw-p 00000000 00:00 0 
7f0a1eebb000-7f0a1f2f3000 r--p 00000000 08:01 9700768                    /usr/lib/locale/locale-archive
7f0a1f2f3000-7f0a1f2f6000 ---p 00000000 00:00 0 
7f0a1f2f6000-7f0a1f3f4000 rw-p 00000000 00:00 0 
7f0a1f3f4000-7f0a1f3f7000 ---p 00000000 00:00 0 
7f0a1f3f7000-7f0a1f4f5000 rw-p 00000000 00:00 0 
7f0a1f4f5000-7f0a1f4f6000 ---p 00000000 00:00 0 
7f0a1f4f6000-7f0a20000000 rw-p 00000000 00:00 0 
7f0a20000000-7f0a20021000 rw-p 00000000 00:00 0 
7f0a20021000-7f0a24000000 ---p 00000000 00:00 0 
7f0a24000000-7f0a24021000 rw-p 00000000 00:00 0 
7f0a24021000-7f0a28000000 ---p 00000000 00:00 0 
7f0a28000000-7f0a28021000 rw-p 00000000 00:00 0 
7f0a28021000-7f0a2c000000 ---p 00000000 00:00 0 
7f0a2c000000-7f0a2c021000 rw-p 00000000 00:00 0 
7f0a2c021000-7f0a30000000 ---p 00000000 00:00 0 
7f0a30000000-7f0a30021000 rw-p 00000000 00:00 0 
7f0a30021000-7f0a34000000 ---p 00000000 00:00 0 
7f0a34000000-7f0a34021000 rw-p 00000000 00:00 0 
7f0a34021000-7f0a38000000 ---p 00000000 00:00 0 
7f0a38000000-7f0a38021000 rw-p 00000000 00:00 0 
7f0a38021000-7f0a3c000000 ---p 00000000 00:00 0 
7f0a3c03d000-7f0a3d277000 rw-p 00000000 00:00 0 
7f0a3d277000-7f0a3d450000 r--s 03d1f000 08:01 9967487                    /usr/lib/jvm/java-8-oracle/jre/lib/rt.jar
7f0a3d450000-7f0a3db46000 rw-p 00000000 00:00 0 
7f0a3db46000-7f0a3dcc6000 ---p 00000000 00:00 0 
7f0a3dcc6000-7f0a3fec6000 rw-p 00000000 00:00 0 
7f0a3fec6000-7f0a3fec7000 ---p 00000000 00:00 0 
7f0a3fec7000-7f0a3ffc7000 rw-p 00000000 00:00 0 
7f0a3ffc7000-7f0a3ffc8000 ---p 00000000 00:00 0 
7f0a3ffc8000-7f0a400c8000 rw-p 00000000 00:00 0 
7f0a400c8000-7f0a400c9000 ---p 00000000 00:00 0 
7f0a400c9000-7f0a401c9000 rw-p 00000000 00:00 0 
7f0a401c9000-7f0a401ca000 ---p 00000000 00:00 0 
7f0a401ca000-7f0a402ca000 rw-p 00000000 00:00 0 
7f0a402ca000-7f0a402cb000 ---p 00000000 00:00 0 
7f0a402cb000-7f0a403cb000 rw-p 00000000 00:00 0 
7f0a403cb000-7f0a403cc000 ---p 00000000 00:00 0 
7f0a403cc000-7f0a404cc000 rw-p 00000000 00:00 0 
7f0a404cc000-7f0a404cd000 ---p 00000000 00:00 0 
7f0a404cd000-7f0a405cd000 rw-p 00000000 00:00 0 
7f0a405cd000-7f0a405ce000 ---p 00000000 00:00 0 
7f0a405ce000-7f0a406fd000 rw-p 00000000 00:00 0 
7f0a406fd000-7f0a40824000 ---p 00000000 00:00 0 
7f0a40824000-7f0a40853000 rw-p 00000000 00:00 0 
7f0a40853000-7f0a40979000 ---p 00000000 00:00 0 
7f0a40979000-7f0a409bd000 rw-p 00000000 00:00 0 
7f0a409bd000-7f0a40a24000 ---p 00000000 00:00 0 
7f0a40a24000-7f0a40a3f000 rw-p 00000000 00:00 0 
7f0a40a3f000-7f0a40de5000 ---p 00000000 00:00 0 
7f0a40de5000-7f0a41435000 rwxp 00000000 00:00 0 
7f0a41435000-7f0a4fde5000 ---p 00000000 00:00 0 
7f0a4fde5000-7f0a4fdff000 r-xp 00000000 08:01 10092954                   /usr/lib/jvm/java-8-oracle/jre/lib/amd64/libzip.so
7f0a4fdff000-7f0a4ffff000 ---p 0001a000 08:01 10092954                   /usr/lib/jvm/java-8-oracle/jre/lib/amd64/libzip.so
7f0a4ffff000-7f0a50000000 rw-p 0001a000 08:01 10092954                   /usr/lib/jvm/java-8-oracle/jre/lib/amd64/libzip.so
7f0a50000000-7f0a503bd000 rw-p 00000000 00:00 0 
7f0a503bd000-7f0a54000000 ---p 00000000 00:00 0 
7f0a54010000-7f0a5401e000 r--s 000e0000 08:01 5245789                    /home/oguz/Android/Sdk/build-tools/24.0.2/lib/dx.jar
7f0a5401e000-7f0a54029000 r-xp 00000000 08:01 7603299                    /lib/x86_64-linux-gnu/libnss_files-2.23.so
7f0a54029000-7f0a54228000 ---p 0000b000 08:01 7603299                    /lib/x86_64-linux-gnu/libnss_files-2.23.so
7f0a54228000-7f0a54229000 r--p 0000a000 08:01 7603299                    /lib/x86_64-linux-gnu/libnss_files-2.23.so
7f0a54229000-7f0a5422a000 rw-p 0000b000 08:01 7603299                    /lib/x86_64-linux-gnu/libnss_files-2.23.so
7f0a5422a000-7f0a54230000 rw-p 00000000 00:00 0 
7f0a54230000-7f0a5423b000 r-xp 00000000 08:01 7603296                    /lib/x86_64-linux-gnu/libnss_nis-2.23.so
7f0a5423b000-7f0a5443a000 ---p 0000b000 08:01 7603296                    /lib/x86_64-linux-gnu/libnss_nis-2.23.so
7f0a5443a000-7f0a5443b000 r--p 0000a000 08:01 7603296                    /lib/x86_64-linux-gnu/libnss_nis-2.23.so
7f0a5443b000-7f0a5443c000 rw-p 0000b000 08:01 7603296                    /lib/x86_64-linux-gnu/libnss_nis-2.23.so
7f0a5443c000-7f0a54452000 r-xp 00000000 08:01 7603294                    /lib/x86_64-linux-gnu/libnsl-2.23.so
7f0a54452000-7f0a54652000 ---p 00016000 08:01 7603294                    /lib/x86_64-linux-gnu/libnsl-2.23.so
7f0a54652000-7f0a54653000 r--p 00016000 08:01 7603294                    /lib/x86_64-linux-gnu/libnsl-2.23.so
7f0a54653000-7f0a54654000 rw-p 00017000 08:01 7603294                    /lib/x86_64-linux-gnu/libnsl-2.23.so
7f0a54654000-7f0a54656000 rw-p 00000000 00:00 0 
7f0a54656000-7f0a5465e000 r-xp 00000000 08:01 7603292                    /lib/x86_64-linux-gnu/libnss_compat-2.23.so
7f0a5465e000-7f0a5485d000 ---p 00008000 08:01 7603292                    /lib/x86_64-linux-gnu/libnss_compat-2.23.so
7f0a5485d000-7f0a5485e000 r--p 00007000 08:01 7603292                    /lib/x86_64-linux-gnu/libnss_compat-2.23.so
7f0a5485e000-7f0a5485f000 rw-p 00008000 08:01 7603292                    /lib/x86_64-linux-gnu/libnss_compat-2.23.so
7f0a5485f000-7f0a54889000 r-xp 00000000 08:01 10092949                   /usr/lib/jvm/java-8-oracle/jre/lib/amd64/libjava.so
7f0a54889000-7f0a54a89000 ---p 0002a000 08:01 10092949                   /usr/lib/jvm/java-8-oracle/jre/lib/amd64/libjava.so
7f0a54a89000-7f0a54a8b000 rw-p 0002a000 08:01 10092949                   /usr/lib/jvm/java-8-oracle/jre/lib/amd64/libjava.so
7f0a54a8b000-7f0a54a98000 r-xp 00000000 08:01 10092953                   /usr/lib/jvm/java-8-oracle/jre/lib/amd64/libverify.so
7f0a54a98000-7f0a54c98000 ---p 0000d000 08:01 10092953                   /usr/lib/jvm/java-8-oracle/jre/lib/amd64/libverify.so
7f0a54c98000-7f0a54c9a000 rw-p 0000d000 08:01 10092953                   /usr/lib/jvm/java-8-oracle/jre/lib/amd64/libverify.so
7f0a54c9a000-7f0a54ca1000 r-xp 00000000 08:01 7603308                    /lib/x86_64-linux-gnu/librt-2.23.so
7f0a54ca1000-7f0a54ea0000 ---p 00007000 08:01 7603308                    /lib/x86_64-linux-gnu/librt-2.23.so
7f0a54ea0000-7f0a54ea1000 r--p 00006000 08:01 7603308                    /lib/x86_64-linux-gnu/librt-2.23.so
7f0a54ea1000-7f0a54ea2000 rw-p 00007000 08:01 7603308                    /lib/x86_64-linux-gnu/librt-2.23.so
7f0a54ea2000-7f0a54faa000 r-xp 00000000 08:01 7603305                    /lib/x86_64-linux-gnu/libm-2.23.so
7f0a54faa000-7f0a551a9000 ---p 00108000 08:01 7603305                    /lib/x86_64-linux-gnu/libm-2.23.so
7f0a551a9000-7f0a551aa000 r--p 00107000 08:01 7603305                    /lib/x86_64-linux-gnu/libm-2.23.so
7f0a551aa000-7f0a551ab000 rw-p 00108000 08:01 7603305                    /lib/x86_64-linux-gnu/libm-2.23.so
7f0a551ab000-7f0a55e6b000 r-xp 00000000 08:01 10092932                   /usr/lib/jvm/java-8-oracle/jre/lib/amd64/server/libjvm.so
7f0a55e6b000-7f0a5606b000 ---p 00cc0000 08:01 10092932                   /usr/lib/jvm/java-8-oracle/jre/lib/amd64/server/libjvm.so
7f0a5606b000-7f0a56143000 rw-p 00cc0000 08:01 10092932                   /usr/lib/jvm/java-8-oracle/jre/lib/amd64/server/libjvm.so
7f0a56143000-7f0a5618e000 rw-p 00000000 00:00 0 
7f0a5618e000-7f0a5634e000 r-xp 00000000 08:01 7603313                    /lib/x86_64-linux-gnu/libc-2.23.so
7f0a5634e000-7f0a5654e000 ---p 001c0000 08:01 7603313                    /lib/x86_64-linux-gnu/libc-2.23.so
7f0a5654e000-7f0a56552000 r--p 001c0000 08:01 7603313                    /lib/x86_64-linux-gnu/libc-2.23.so
7f0a56552000-7f0a56554000 rw-p 001c4000 08:01 7603313                    /lib/x86_64-linux-gnu/libc-2.23.so
7f0a56554000-7f0a56558000 rw-p 00000000 00:00 0 
7f0a56558000-7f0a5655b000 r-xp 00000000 08:01 7603314                    /lib/x86_64-linux-gnu/libdl-2.23.so
7f0a5655b000-7f0a5675a000 ---p 00003000 08:01 7603314                    /lib/x86_64-linux-gnu/libdl-2.23.so
7f0a5675a000-7f0a5675b000 r--p 00002000 08:01 7603314                    /lib/x86_64-linux-gnu/libdl-2.23.so
7f0a5675b000-7f0a5675c000 rw-p 00003000 08:01 7603314                    /lib/x86_64-linux-gnu/libdl-2.23.so
7f0a5675c000-7f0a56771000 r-xp 00000000 08:01 9840182                    /usr/lib/jvm/java-8-oracle/lib/amd64/jli/libjli.so
7f0a56771000-7f0a56971000 ---p 00015000 08:01 9840182                    /usr/lib/jvm/java-8-oracle/lib/amd64/jli/libjli.so
7f0a56971000-7f0a56972000 rw-p 00015000 08:01 9840182                    /usr/lib/jvm/java-8-oracle/lib/amd64/jli/libjli.so
7f0a56972000-7f0a5698a000 r-xp 00000000 08:01 7603312                    /lib/x86_64-linux-gnu/libpthread-2.23.so
7f0a5698a000-7f0a56b89000 ---p 00018000 08:01 7603312                    /lib/x86_64-linux-gnu/libpthread-2.23.so
7f0a56b89000-7f0a56b8a000 r--p 00017000 08:01 7603312                    /lib/x86_64-linux-gnu/libpthread-2.23.so
7f0a56b8a000-7f0a56b8b000 rw-p 00018000 08:01 7603312                    /lib/x86_64-linux-gnu/libpthread-2.23.so
7f0a56b8b000-7f0a56b8f000 rw-p 00000000 00:00 0 
7f0a56b8f000-7f0a56bb5000 r-xp 00000000 08:01 7603309                    /lib/x86_64-linux-gnu/ld-2.23.so
7f0a56bba000-7f0a56c8c000 rw-p 00000000 00:00 0 
7f0a56c8c000-7f0a56c8f000 ---p 00000000 00:00 0 
7f0a56c8f000-7f0a56d91000 rw-p 00000000 00:00 0 
7f0a56d94000-7f0a56da8000 rw-p 00000000 00:00 0 
7f0a56da8000-7f0a56db0000 rw-s 00000000 08:01 132087                     /tmp/hsperfdata_oguz/9981
7f0a56db0000-7f0a56db1000 rw-p 00000000 00:00 0 
7f0a56db1000-7f0a56db2000 ---p 00000000 00:00 0 
7f0a56db2000-7f0a56db4000 rw-p 00000000 00:00 0 
7f0a56db4000-7f0a56db5000 r--p 00025000 08:01 7603309                    /lib/x86_64-linux-gnu/ld-2.23.so
7f0a56db5000-7f0a56db6000 rw-p 00026000 08:01 7603309                    /lib/x86_64-linux-gnu/ld-2.23.so
7f0a56db6000-7f0a56db7000 rw-p 00000000 00:00 0 
7ffdffc10000-7ffdffc31000 rw-p 00000000 00:00 0                          [stack]
7ffdffdcc000-7ffdffdce000 r--p 00000000 00:00 0                          [vvar]
7ffdffdce000-7ffdffdd0000 r-xp 00000000 00:00 0                          [vdso]
ffffffffff600000-ffffffffff601000 r-xp 00000000 00:00 0                  [vsyscall]

VM Arguments:
jvm_args: -Djava.awt.headless=true -Xmx1024M -Dfile.encoding=UTF-8 -Duser.country=TR -Duser.language=tr -Duser.variant 
java_command: com.android.dx.command.Main --dex --force-jumbo --num-threads=4 --output /home/oguz/AndroidStudioProjects/FomApplicationAndroid/app/build/intermediates/pre-dexed/debug/main_90464824994633ec56cbe56d0676ed064acc3090.jar /home/oguz/AndroidStudioProjects/FomApplicationAndroid/app/build/intermediates/transforms/instantRun/debug/folders/1/5/main
java_class_path (initial): /home/oguz/Android/Sdk/build-tools/24.0.2/lib/dx.jar
Launcher Type: SUN_STANDARD

Environment Variables:
PATH=/usr/local/sbin:/usr/local/bin:/usr/sbin:/usr/bin:/sbin:/bin:/usr/games:/usr/local/games:/snap/bin
LD_LIBRARY_PATH=/home/oguz/Masaüstü/Derleyiciler/android-studio/bin:
SHELL=/bin/bash
DISPLAY=:0

Signal Handlers:
SIGSEGV: [libjvm.so+0xabca10], sa_mask[0]=11111111011111111101111111111110, sa_flags=SA_RESTART|SA_SIGINFO
SIGBUS: [libjvm.so+0xabca10], sa_mask[0]=11111111011111111101111111111110, sa_flags=SA_RESTART|SA_SIGINFO
SIGFPE: [libjvm.so+0x919a20], sa_mask[0]=11111111011111111101111111111110, sa_flags=SA_RESTART|SA_SIGINFO
SIGPIPE: [libjvm.so+0x919a20], sa_mask[0]=11111111011111111101111111111110, sa_flags=SA_RESTART|SA_SIGINFO
SIGXFSZ: [libjvm.so+0x919a20], sa_mask[0]=11111111011111111101111111111110, sa_flags=SA_RESTART|SA_SIGINFO
SIGILL: [libjvm.so+0x919a20], sa_mask[0]=11111111011111111101111111111110, sa_flags=SA_RESTART|SA_SIGINFO
SIGUSR1: SIG_DFL, sa_mask[0]=00000000000000000000000000000000, sa_flags=none
SIGUSR2: [libjvm.so+0x91b050], sa_mask[0]=00100000000000000000000000000000, sa_flags=SA_RESTART|SA_SIGINFO
SIGHUP: [libjvm.so+0x91c450], sa_mask[0]=11111111011111111101111111111110, sa_flags=SA_RESTART|SA_SIGINFO
SIGINT: [libjvm.so+0x91c450], sa_mask[0]=11111111011111111101111111111110, sa_flags=SA_RESTART|SA_SIGINFO
SIGTERM: [libjvm.so+0x91c450], sa_mask[0]=11111111011111111101111111111110, sa_flags=SA_RESTART|SA_SIGINFO
SIGQUIT: [libjvm.so+0x91c450], sa_mask[0]=11111111011111111101111111111110, sa_flags=SA_RESTART|SA_SIGINFO


---------------  S Y S T E M  ---------------

OS:DISTRIB_ID=Ubuntu
DISTRIB_RELEASE=16.04
DISTRIB_CODENAME=xenial
DISTRIB_DESCRIPTION="Ubuntu Xenial Xerus (development branch)"

uname:Linux 4.4.0-22-generic #39-Ubuntu SMP Thu May 5 16:53:32 UTC 2016 x86_64
libc:glibc 2.23 NPTL 2.23 
rlimit: STACK 8192k, CORE 0k, NPROC 31498, NOFILE 65536, AS infinity
load average:1.99 1.25 0.95

/proc/meminfo:
MemTotal:        8101800 kB
MemFree:           57504 kB
MemAvailable:     216496 kB
Buffers:           14836 kB
Cached:           652624 kB
SwapCached:            0 kB
Active:          6551740 kB
Inactive:         554052 kB
Active(anon):    6475348 kB
Inactive(anon):   485388 kB
Active(file):      76392 kB
Inactive(file):    68664 kB
Unevictable:         108 kB
Mlocked:             108 kB
SwapTotal:             0 kB
SwapFree:              0 kB
Dirty:                 0 kB
Writeback:             0 kB
AnonPages:       6437592 kB
Mapped:           996484 kB
Shmem:            523272 kB
Slab:             113740 kB
SReclaimable:      56308 kB
SUnreclaim:        57432 kB
KernelStack:       16752 kB
PageTables:        57352 kB
NFS_Unstable:          0 kB
Bounce:                0 kB
WritebackTmp:          0 kB
CommitLimit:     4050900 kB
Committed_AS:   12589620 kB
VmallocTotal:   34359738367 kB
VmallocUsed:           0 kB
VmallocChunk:          0 kB
HardwareCorrupted:     0 kB
AnonHugePages:   3379200 kB
CmaTotal:              0 kB
CmaFree:               0 kB
HugePages_Total:       0
HugePages_Free:        0
HugePages_Rsvd:        0
HugePages_Surp:        0
Hugepagesize:       2048 kB
DirectMap4k:      178944 kB
DirectMap2M:     7088128 kB
DirectMap1G:     2097152 kB


CPU:total 8 (4 cores per cpu, 2 threads per core) family 6 model 60 stepping 3, cmov, cx8, fxsr, mmx, sse, sse2, sse3, ssse3, sse4.1, sse4.2, popcnt, avx, avx2, aes, clmul, erms, lzcnt, ht, tsc, tscinvbit, bmi1, bmi2

/proc/cpuinfo:
processor	: 0
vendor_id	: GenuineIntel
cpu family	: 6
model		: 60
model name	: Intel(R) Core(TM) i7-4700MQ CPU @ 2.40GHz
stepping	: 3
microcode	: 0x16
cpu MHz		: 3199.968
cache size	: 6144 KB
physical id	: 0
siblings	: 8
core id		: 0
cpu cores	: 4
apicid		: 0
initial apicid	: 0
fpu		: yes
fpu_exception	: yes
cpuid level	: 13
wp		: yes
flags		: fpu vme de pse tsc msr pae mce cx8 apic sep mtrr pge mca cmov pat pse36 clflush dts acpi mmx fxsr sse sse2 ss ht tm pbe syscall nx pdpe1gb rdtscp lm constant_tsc arch_perfmon pebs bts rep_good nopl xtopology nonstop_tsc aperfmperf eagerfpu pni pclmulqdq dtes64 monitor ds_cpl vmx est tm2 ssse3 sdbg fma cx16 xtpr pdcm pcid sse4_1 sse4_2 movbe popcnt tsc_deadline_timer aes xsave avx f16c rdrand lahf_lm abm epb tpr_shadow vnmi flexpriority ept vpid fsgsbase tsc_adjust bmi1 avx2 smep bmi2 erms invpcid xsaveopt dtherm ida arat pln pts
bugs		:
bogomips	: 4789.33
clflush size	: 64
cache_alignment	: 64
address sizes	: 39 bits physical, 48 bits virtual
power management:

processor	: 1
vendor_id	: GenuineIntel
cpu family	: 6
model		: 60
model name	: Intel(R) Core(TM) i7-4700MQ CPU @ 2.40GHz
stepping	: 3
microcode	: 0x16
cpu MHz		: 3199.968
cache size	: 6144 KB
physical id	: 0
siblings	: 8
core id		: 0
cpu cores	: 4
apicid		: 1
initial apicid	: 1
fpu		: yes
fpu_exception	: yes
cpuid level	: 13
wp		: yes
flags		: fpu vme de pse tsc msr pae mce cx8 apic sep mtrr pge mca cmov pat pse36 clflush dts acpi mmx fxsr sse sse2 ss ht tm pbe syscall nx pdpe1gb rdtscp lm constant_tsc arch_perfmon pebs bts rep_good nopl xtopology nonstop_tsc aperfmperf eagerfpu pni pclmulqdq dtes64 monitor ds_cpl vmx est tm2 ssse3 sdbg fma cx16 xtpr pdcm pcid sse4_1 sse4_2 movbe popcnt tsc_deadline_timer aes xsave avx f16c rdrand lahf_lm abm epb tpr_shadow vnmi flexpriority ept vpid fsgsbase tsc_adjust bmi1 avx2 smep bmi2 erms invpcid xsaveopt dtherm ida arat pln pts
bugs		:
bogomips	: 4789.33
clflush size	: 64
cache_alignment	: 64
address sizes	: 39 bits physical, 48 bits virtual
power management:

processor	: 2
vendor_id	: GenuineIntel
cpu family	: 6
model		: 60
model name	: Intel(R) Core(TM) i7-4700MQ CPU @ 2.40GHz
stepping	: 3
microcode	: 0x16
cpu MHz		: 2415.468
cache size	: 6144 KB
physical id	: 0
siblings	: 8
core id		: 1
cpu cores	: 4
apicid		: 2
initial apicid	: 2
fpu		: yes
fpu_exception	: yes
cpuid level	: 13
wp		: yes
flags		: fpu vme de pse tsc msr pae mce cx8 apic sep mtrr pge mca cmov pat pse36 clflush dts acpi mmx fxsr sse sse2 ss ht tm pbe syscall nx pdpe1gb rdtscp lm constant_tsc arch_perfmon pebs bts rep_good nopl xtopology nonstop_tsc aperfmperf eagerfpu pni pclmulqdq dtes64 monitor ds_cpl vmx est tm2 ssse3 sdbg fma cx16 xtpr pdcm pcid sse4_1 sse4_2 movbe popcnt tsc_deadline_timer aes xsave avx f16c rdrand lahf_lm abm epb tpr_shadow vnmi flexpriority ept vpid fsgsbase tsc_adjust bmi1 avx2 smep bmi2 erms invpcid xsaveopt dtherm ida arat pln pts
bugs		:
bogomips	: 4789.33
clflush size	: 64
cache_alignment	: 64
address sizes	: 39 bits physical, 48 bits virtual
power management:

processor	: 3
vendor_id	: GenuineIntel
cpu family	: 6
model		: 60
model name	: Intel(R) Core(TM) i7-4700MQ CPU @ 2.40GHz
stepping	: 3
microcode	: 0x16
cpu MHz		: 2721.187
cache size	: 6144 KB
physical id	: 0
siblings	: 8
core id		: 1
cpu cores	: 4
apicid		: 3
initial apicid	: 3
fpu		: yes
fpu_exception	: yes
cpuid level	: 13
wp		: yes
flags		: fpu vme de pse tsc msr pae mce cx8 apic sep mtrr pge mca cmov pat pse36 clflush dts acpi mmx fxsr sse sse2 ss ht tm pbe syscall nx pdpe1gb rdtscp lm constant_tsc arch_perfmon pebs bts rep_good nopl xtopology nonstop_tsc aperfmperf eagerfpu pni pclmulqdq dtes64 monitor ds_cpl vmx est tm2 ssse3 sdbg fma cx16 xtpr pdcm pcid sse4_1 sse4_2 movbe popcnt tsc_deadline_timer aes xsave avx f16c rdrand lahf_lm abm epb tpr_shadow vnmi flexpriority ept vpid fsgsbase tsc_adjust bmi1 avx2 smep bmi2 erms invpcid xsaveopt dtherm ida arat pln pts
bugs		:
bogomips	: 4789.33
clflush size	: 64
cache_alignment	: 64
address sizes	: 39 bits physical, 48 bits virtual
power management:

processor	: 4
vendor_id	: GenuineIntel
cpu family	: 6
model		: 60
model name	: Intel(R) Core(TM) i7-4700MQ CPU @ 2.40GHz
stepping	: 3
microcode	: 0x16
cpu MHz		: 2636.625
cache size	: 6144 KB
physical id	: 0
siblings	: 8
core id		: 2
cpu cores	: 4
apicid		: 4
initial apicid	: 4
fpu		: yes
fpu_exception	: yes
cpuid level	: 13
wp		: yes
flags		: fpu vme de pse tsc msr pae mce cx8 apic sep mtrr pge mca cmov pat pse36 clflush dts acpi mmx fxsr sse sse2 ss ht tm pbe syscall nx pdpe1gb rdtscp lm constant_tsc arch_perfmon pebs bts rep_good nopl xtopology nonstop_tsc aperfmperf eagerfpu pni pclmulqdq dtes64 monitor ds_cpl vmx est tm2 ssse3 sdbg fma cx16 xtpr pdcm pcid sse4_1 sse4_2 movbe popcnt tsc_deadline_timer aes xsave avx f16c rdrand lahf_lm abm epb tpr_shadow vnmi flexpriority ept vpid fsgsbase tsc_adjust bmi1 avx2 smep bmi2 erms invpcid xsaveopt dtherm ida arat pln pts
bugs		:
bogomips	: 4789.33
clflush size	: 64
cache_alignment	: 64
address sizes	: 39 bits physical, 48 bits virtual
power management:

processor	: 5
vendor_id	: GenuineIntel
cpu family	: 6
model		: 60
model name	: Intel(R) Core(TM) i7-4700MQ CPU @ 2.40GHz
stepping	: 3
microcode	: 0x16
cpu MHz		: 3191.625
cache size	: 6144 KB
physical id	: 0
siblings	: 8
core id		: 2
cpu cores	: 4
apicid		: 5
initial apicid	: 5
fpu		: yes
fpu_exception	: yes
cpuid level	: 13
wp		: yes
flags		: fpu vme de pse tsc msr pae mce cx8 apic sep mtrr pge mca cmov pat pse36 clflush dts acpi mmx fxsr sse sse2 ss ht tm pbe syscall nx pdpe1gb rdtscp lm constant_tsc arch_perfmon pebs bts rep_good nopl xtopology nonstop_tsc aperfmperf eagerfpu pni pclmulqdq dtes64 monitor ds_cpl vmx est tm2 ssse3 sdbg fma cx16 xtpr pdcm pcid sse4_1 sse4_2 movbe popcnt tsc_deadline_timer aes xsave avx f16c rdrand lahf_lm abm epb tpr_shadow vnmi flexpriority ept vpid fsgsbase tsc_adjust bmi1 avx2 smep bmi2 erms invpcid xsaveopt dtherm ida arat pln pts
bugs		:
bogomips	: 4789.33
clflush size	: 64
cache_alignment	: 64
address sizes	: 39 bits physical, 48 bits virtual
power management:

processor	: 6
vendor_id	: GenuineIntel
cpu family	: 6
model		: 60
model name	: Intel(R) Core(TM) i7-4700MQ CPU @ 2.40GHz
stepping	: 3
microcode	: 0x16
cpu MHz		: 2524.406
cache size	: 6144 KB
physical id	: 0
siblings	: 8
core id		: 3
cpu cores	: 4
apicid		: 6
initial apicid	: 6
fpu		: yes
fpu_exception	: yes
cpuid level	: 13
wp		: yes
flags		: fpu vme de pse tsc msr pae mce cx8 apic sep mtrr pge mca cmov pat pse36 clflush dts acpi mmx fxsr sse sse2 ss ht tm pbe syscall nx pdpe1gb rdtscp lm constant_tsc arch_perfmon pebs bts rep_good nopl xtopology nonstop_tsc aperfmperf eagerfpu pni pclmulqdq dtes64 monitor ds_cpl vmx est tm2 ssse3 sdbg fma cx16 xtpr pdcm pcid sse4_1 sse4_2 movbe popcnt tsc_deadline_timer aes xsave avx f16c rdrand lahf_lm abm epb tpr_shadow vnmi flexpriority ept vpid fsgsbase tsc_adjust bmi1 avx2 smep bmi2 erms invpcid xsaveopt dtherm ida arat pln pts
bugs		:
bogomips	: 4789.33
clflush size	: 64
cache_alignment	: 64
address sizes	: 39 bits physical, 48 bits virtual
power management:

processor	: 7
vendor_id	: GenuineIntel
cpu family	: 6
model		: 60
model name	: Intel(R) Core(TM) i7-4700MQ CPU @ 2.40GHz
stepping	: 3
microcode	: 0x16
cpu MHz		: 2595.937
cache size	: 6144 KB
physical id	: 0
siblings	: 8
core id		: 3
cpu cores	: 4
apicid		: 7
initial apicid	: 7
fpu		: yes
fpu_exception	: yes
cpuid level	: 13
wp		: yes
flags		: fpu vme de pse tsc msr pae mce cx8 apic sep mtrr pge mca cmov pat pse36 clflush dts acpi mmx fxsr sse sse2 ss ht tm pbe syscall nx pdpe1gb rdtscp lm constant_tsc arch_perfmon pebs bts rep_good nopl xtopology nonstop_tsc aperfmperf eagerfpu pni pclmulqdq dtes64 monitor ds_cpl vmx est tm2 ssse3 sdbg fma cx16 xtpr pdcm pcid sse4_1 sse4_2 movbe popcnt tsc_deadline_timer aes xsave avx f16c rdrand lahf_lm abm epb tpr_shadow vnmi flexpriority ept vpid fsgsbase tsc_adjust bmi1 avx2 smep bmi2 erms invpcid xsaveopt dtherm ida arat pln pts
bugs		:
bogomips	: 4789.33
clflush size	: 64
cache_alignment	: 64
address sizes	: 39 bits physical, 48 bits virtual
power management:



Memory: 4k page, physical 8101800k(57504k free), swap 0k(0k free)

vm_info: Java HotSpot(TM) 64-Bit Server VM (25.91-b14) for linux-amd64 JRE (1.8.0_91-b14), built on Apr  1 2016 00:57:21 by "java_re" with gcc 4.3.0 20080428 (Red Hat 4.3.0-8)

time: Mon Sep  5 11:03:44 2016
elapsed time: 1 seconds (0d 0h 0m 1s)

