#
# There is insufficient memory for the Java Runtime Environment to continue.
# Native memory allocation (mmap) failed to map 145752064 bytes for committing reserved memory.
# Possible reasons:
#   The system is out of physical RAM or swap space
#   In 32 bit mode, the process size limit was hit
# Possible solutions:
#   Reduce memory load on the system
#   Increase physical memory or swap space
#   Check if swap backing store is full
#   Use 64 bit Java on a 64 bit OS
#   Decrease Java heap size (-Xmx/-Xms)
#   Decrease number of Java threads
#   Decrease Java thread stack sizes (-Xss)
#   Set larger code cache with -XX:ReservedCodeCacheSize=
# This output file may be truncated or incomplete.
#
#  Out of Memory Error (os_linux.cpp:2627), pid=24031, tid=139818786551552
#
# JRE version: Java(TM) SE Runtime Environment (8.0_91-b14) (build 1.8.0_91-b14)
# Java VM: Java HotSpot(TM) 64-Bit Server VM (25.91-b14 mixed mode linux-amd64 compressed oops)
# Failed to write core dump. Core dumps have been disabled. To enable core dumping, try "ulimit -c unlimited" before starting Java again
#

---------------  T H R E A D  ---------------

Current thread (0x00007f2a30080000):  VMThread [stack: 0x00007f2a190af000,0x00007f2a191b0000] [id=24045]

Stack: [0x00007f2a190af000,0x00007f2a191b0000],  sp=0x00007f2a191adfa0,  free space=1019k
Native frames: (J=compiled Java code, j=interpreted, Vv=VM code, C=native code)
V  [libjvm.so+0xabc18a]  VMError::report_and_die()+0x2ba
V  [libjvm.so+0x4fafeb]  report_vm_out_of_memory(char const*, int, unsigned long, VMErrorType, char const*)+0x8b
V  [libjvm.so+0x91cbb3]  os::Linux::commit_memory_impl(char*, unsigned long, bool)+0x103
V  [libjvm.so+0x91d109]  os::pd_commit_memory(char*, unsigned long, unsigned long, bool)+0x29
V  [libjvm.so+0x91740a]  os::commit_memory(char*, unsigned long, unsigned long, bool)+0x2a
V  [libjvm.so+0x98b033]  PSVirtualSpace::expand_by(unsigned long)+0x53
V  [libjvm.so+0x98c438]  PSYoungGen::resize_generation(unsigned long, unsigned long)+0xf8
V  [libjvm.so+0x98b592]  PSYoungGen::resize(unsigned long, unsigned long)+0x22
V  [libjvm.so+0x98886b]  PSScavenge::invoke_no_policy()+0xf3b
V  [libjvm.so+0x988ff1]  PSScavenge::invoke()+0x41
V  [libjvm.so+0x9408b0]  ParallelScavengeHeap::failed_mem_allocate(unsigned long)+0x70
V  [libjvm.so+0xabdba7]  VM_ParallelGCFailedAllocation::doit()+0x97
V  [libjvm.so+0xac55d5]  VM_Operation::evaluate()+0x55
V  [libjvm.so+0xac39aa]  VMThread::evaluate_operation(VM_Operation*)+0xba
V  [libjvm.so+0xac3d2e]  VMThread::loop()+0x1ce
V  [libjvm.so+0xac41a0]  VMThread::run()+0x70
V  [libjvm.so+0x91ef78]  java_start(Thread*)+0x108

VM_Operation (0x00007f2a13ffdb60): ParallelGCFailedAllocation, mode: safepoint, requested by thread 0x00007f2a30155000


---------------  P R O C E S S  ---------------

Java Threads: ( => current thread )
  0x00007f2a30156800 JavaThread "pool-2-thread-4" [_thread_blocked, id=24077, stack(0x00007f2a13dfe000,0x00007f2a13eff000)]
  0x00007f2a30155000 JavaThread "pool-2-thread-3" [_thread_blocked, id=24076, stack(0x00007f2a13eff000,0x00007f2a14000000)]
  0x00007f2a30153800 JavaThread "pool-2-thread-2" [_thread_blocked, id=24074, stack(0x00007f2a1806b000,0x00007f2a1816c000)]
  0x00007f2a30142800 JavaThread "pool-3-thread-1" [_thread_blocked, id=24072, stack(0x00007f2a1816c000,0x00007f2a1826d000)]
  0x00007f2a30135800 JavaThread "pool-2-thread-1" [_thread_blocked, id=24070, stack(0x00007f2a1826d000,0x00007f2a1836e000)]
  0x00007f2a300cb800 JavaThread "Service Thread" daemon [_thread_blocked, id=24053, stack(0x00007f2a1846f000,0x00007f2a18570000)]
  0x00007f2a300c9000 JavaThread "C1 CompilerThread3" daemon [_thread_blocked, id=24052, stack(0x00007f2a18570000,0x00007f2a18671000)]
  0x00007f2a300c6800 JavaThread "C2 CompilerThread2" daemon [_thread_in_native, id=24051, stack(0x00007f2a18671000,0x00007f2a18772000)]
  0x00007f2a300c5000 JavaThread "C2 CompilerThread1" daemon [_thread_blocked, id=24050, stack(0x00007f2a18772000,0x00007f2a18873000)]
  0x00007f2a300c2000 JavaThread "C2 CompilerThread0" daemon [_thread_in_native, id=24049, stack(0x00007f2a18873000,0x00007f2a18974000)]
  0x00007f2a300c0800 JavaThread "Signal Dispatcher" daemon [_thread_blocked, id=24048, stack(0x00007f2a18974000,0x00007f2a18a75000)]
  0x00007f2a3008c800 JavaThread "Finalizer" daemon [_thread_blocked, id=24047, stack(0x00007f2a18ead000,0x00007f2a18fae000)]
  0x00007f2a30087800 JavaThread "Reference Handler" daemon [_thread_blocked, id=24046, stack(0x00007f2a18fae000,0x00007f2a190af000)]
  0x00007f2a3000a000 JavaThread "main" [_thread_blocked, id=24036, stack(0x00007f2a38817000,0x00007f2a38918000)]

Other Threads:
=>0x00007f2a30080000 VMThread [stack: 0x00007f2a190af000,0x00007f2a191b0000] [id=24045]
  0x00007f2a300cf000 WatcherThread [stack: 0x00007f2a1836e000,0x00007f2a1846f000] [id=24054]

VM state:at safepoint (normal execution)

VM Mutex/Monitor currently owned by a thread:  ([mutex/lock_event])
[0x00007f2a30006570] Threads_lock - owner thread: 0x00007f2a30080000
[0x00007f2a30006a70] Heap_lock - owner thread: 0x00007f2a30155000

Heap:
 PSYoungGen      total 142336K, used 17888K [0x00000000eab00000, 0x00000000f4a00000, 0x0000000100000000)
  eden space 124416K, 0% used [0x00000000eab00000,0x00000000eab00000,0x00000000f2480000)
  from space 17920K, 99% used [0x00000000f2480000,0x00000000f35f8010,0x00000000f3600000)
  to   space 15360K, 0% used [0x00000000f3600000,0x00000000f3600000,0x00000000f4500000)
 ParOldGen       total 84992K, used 40842K [0x00000000c0000000, 0x00000000c5300000, 0x00000000eab00000)
  object space 84992K, 48% used [0x00000000c0000000,0x00000000c27e2a18,0x00000000c5300000)
 Metaspace       used 6374K, capacity 7192K, committed 7424K, reserved 1056768K
  class space    used 612K, capacity 656K, committed 768K, reserved 1048576K

Card table byte_map: [0x00007f2a353cc000,0x00007f2a355cd000] byte_map_base: 0x00007f2a34dcc000

Marking Bits: (ParMarkBitMap*) 0x00007f2a37cebd60
 Begin Bits: [0x00007f2a1a000000, 0x00007f2a1b000000)
 End Bits:   [0x00007f2a1b000000, 0x00007f2a1c000000)

Polling page: 0x00007f2a3893b000

CodeCache: size=245760Kb used=6332Kb max_used=6350Kb free=239427Kb
 bounds [0x00007f2a21000000, 0x00007f2a21640000, 0x00007f2a30000000]
 total_blobs=2135 nmethods=1867 adapters=181
 compilation: enabled

Compilation events (10 events):
Event: 3.890 Thread 0x00007f2a300c9000 2022       3       com.android.dx.cf.cst.ConstantPoolParser::parse (365 bytes)
Event: 3.896 Thread 0x00007f2a300c9000 nmethod 2022 0x00007f2a21628b10 code [0x00007f2a21629080, 0x00007f2a2162c548]
Event: 3.896 Thread 0x00007f2a300c9000 2021   !   2       com.android.dx.cf.direct.DirectClassFile::parse (75 bytes)
Event: 3.897 Thread 0x00007f2a300c9000 nmethod 2021 0x00007f2a2162e790 code [0x00007f2a2162e9a0, 0x00007f2a2162f058]
Event: 3.917 Thread 0x00007f2a300c5000 nmethod 1808 0x00007f2a2162f4d0 code [0x00007f2a2162f8c0, 0x00007f2a216324e0]
Event: 3.917 Thread 0x00007f2a300c5000 1970       4       java.util.HashMap::get (23 bytes)
Event: 3.924 Thread 0x00007f2a300c5000 nmethod 1970 0x00007f2a21625610 code [0x00007f2a21625780, 0x00007f2a21625a08]
Event: 3.925 Thread 0x00007f2a300c5000 2003       4       com.android.dx.ssa.back.SsaToRop::convertInsns (53 bytes)
Event: 3.951 Thread 0x00007f2a300c5000 nmethod 2003 0x00007f2a21623610 code [0x00007f2a216237a0, 0x00007f2a21623c18]
Event: 3.951 Thread 0x00007f2a300c5000 1817       4       com.android.dx.ssa.back.SsaToRop$1::visitBlock (97 bytes)

GC Heap History (10 events):
Event: 1.753 GC heap after
Heap after GC invocations=2 (full 0):
 PSYoungGen      total 36864K, used 5111K [0x00000000eab00000, 0x00000000ef300000, 0x0000000100000000)
  eden space 31744K, 0% used [0x00000000eab00000,0x00000000eab00000,0x00000000eca00000)
  from space 5120K, 99% used [0x00000000ecf00000,0x00000000ed3fdc70,0x00000000ed400000)
  to   space 5120K, 0% used [0x00000000eca00000,0x00000000eca00000,0x00000000ecf00000)
 ParOldGen       total 84992K, used 5639K [0x00000000c0000000, 0x00000000c5300000, 0x00000000eab00000)
  object space 84992K, 6% used [0x00000000c0000000,0x00000000c0581fb0,0x00000000c5300000)
 Metaspace       used 5984K, capacity 6960K, committed 7040K, reserved 1056768K
  class space    used 591K, capacity 616K, committed 640K, reserved 1048576K
}
Event: 1.931 GC heap before
{Heap before GC invocations=3 (full 0):
 PSYoungGen      total 36864K, used 36855K [0x00000000eab00000, 0x00000000ef300000, 0x0000000100000000)
  eden space 31744K, 100% used [0x00000000eab00000,0x00000000eca00000,0x00000000eca00000)
  from space 5120K, 99% used [0x00000000ecf00000,0x00000000ed3fdc70,0x00000000ed400000)
  to   space 5120K, 0% used [0x00000000eca00000,0x00000000eca00000,0x00000000ecf00000)
 ParOldGen       total 84992K, used 5639K [0x00000000c0000000, 0x00000000c5300000, 0x00000000eab00000)
  object space 84992K, 6% used [0x00000000c0000000,0x00000000c0581fb0,0x00000000c5300000)
 Metaspace       used 6022K, capacity 6960K, committed 7040K, reserved 1056768K
  class space    used 591K, capacity 616K, committed 640K, reserved 1048576K
Event: 1.993 GC heap after
Heap after GC invocations=3 (full 0):
 PSYoungGen      total 36864K, used 5108K [0x00000000eab00000, 0x00000000ef300000, 0x0000000100000000)
  eden space 31744K, 0% used [0x00000000eab00000,0x00000000eab00000,0x00000000eca00000)
  from space 5120K, 99% used [0x00000000eca00000,0x00000000ecefd1a8,0x00000000ecf00000)
  to   space 5120K, 0% used [0x00000000eee00000,0x00000000eee00000,0x00000000ef300000)
 ParOldGen       total 84992K, used 10914K [0x00000000c0000000, 0x00000000c5300000, 0x00000000eab00000)
  object space 84992K, 12% used [0x00000000c0000000,0x00000000c0aa89d8,0x00000000c5300000)
 Metaspace       used 6022K, capacity 6960K, committed 7040K, reserved 1056768K
  class space    used 591K, capacity 616K, committed 640K, reserved 1048576K
}
Event: 2.128 GC heap before
{Heap before GC invocations=4 (full 0):
 PSYoungGen      total 36864K, used 36852K [0x00000000eab00000, 0x00000000ef300000, 0x0000000100000000)
  eden space 31744K, 100% used [0x00000000eab00000,0x00000000eca00000,0x00000000eca00000)
  from space 5120K, 99% used [0x00000000eca00000,0x00000000ecefd1a8,0x00000000ecf00000)
  to   space 5120K, 0% used [0x00000000eee00000,0x00000000eee00000,0x00000000ef300000)
 ParOldGen       total 84992K, used 10914K [0x00000000c0000000, 0x00000000c5300000, 0x00000000eab00000)
  object space 84992K, 12% used [0x00000000c0000000,0x00000000c0aa89d8,0x00000000c5300000)
 Metaspace       used 6044K, capacity 7024K, committed 7296K, reserved 1056768K
  class space    used 591K, capacity 616K, committed 640K, reserved 1048576K
Event: 2.165 GC heap after
Heap after GC invocations=4 (full 0):
 PSYoungGen      total 68608K, used 5115K [0x00000000eab00000, 0x00000000ef300000, 0x0000000100000000)
  eden space 63488K, 0% used [0x00000000eab00000,0x00000000eab00000,0x00000000ee900000)
  from space 5120K, 99% used [0x00000000eee00000,0x00000000ef2fefe0,0x00000000ef300000)
  to   space 5120K, 0% used [0x00000000ee900000,0x00000000ee900000,0x00000000eee00000)
 ParOldGen       total 84992K, used 15450K [0x00000000c0000000, 0x00000000c5300000, 0x00000000eab00000)
  object space 84992K, 18% used [0x00000000c0000000,0x00000000c0f16a18,0x00000000c5300000)
 Metaspace       used 6044K, capacity 7024K, committed 7296K, reserved 1056768K
  class space    used 591K, capacity 616K, committed 640K, reserved 1048576K
}
Event: 2.438 GC heap before
{Heap before GC invocations=5 (full 0):
 PSYoungGen      total 68608K, used 68603K [0x00000000eab00000, 0x00000000ef300000, 0x0000000100000000)
  eden space 63488K, 100% used [0x00000000eab00000,0x00000000ee900000,0x00000000ee900000)
  from space 5120K, 99% used [0x00000000eee00000,0x00000000ef2fefe0,0x00000000ef300000)
  to   space 5120K, 0% used [0x00000000ee900000,0x00000000ee900000,0x00000000eee00000)
 ParOldGen       total 84992K, used 15450K [0x00000000c0000000, 0x00000000c5300000, 0x00000000eab00000)
  object space 84992K, 18% used [0x00000000c0000000,0x00000000c0f16a18,0x00000000c5300000)
 Metaspace       used 6095K, capacity 7024K, committed 7296K, reserved 1056768K
  class space    used 591K, capacity 616K, committed 640K, reserved 1048576K
Event: 2.492 GC heap after
Heap after GC invocations=5 (full 0):
 PSYoungGen      total 68608K, used 5110K [0x00000000eab00000, 0x00000000f4500000, 0x0000000100000000)
  eden space 63488K, 0% used [0x00000000eab00000,0x00000000eab00000,0x00000000ee900000)
  from space 5120K, 99% used [0x00000000ee900000,0x00000000eedfdbe8,0x00000000eee00000)
  to   space 15360K, 0% used [0x00000000f3600000,0x00000000f3600000,0x00000000f4500000)
 ParOldGen       total 84992K, used 24801K [0x00000000c0000000, 0x00000000c5300000, 0x00000000eab00000)
  object space 84992K, 29% used [0x00000000c0000000,0x00000000c1838700,0x00000000c5300000)
 Metaspace       used 6095K, capacity 7024K, committed 7296K, reserved 1056768K
  class space    used 591K, capacity 616K, committed 640K, reserved 1048576K
}
Event: 2.859 GC heap before
{Heap before GC invocations=6 (full 0):
 PSYoungGen      total 68608K, used 68598K [0x00000000eab00000, 0x00000000f4500000, 0x0000000100000000)
  eden space 63488K, 100% used [0x00000000eab00000,0x00000000ee900000,0x00000000ee900000)
  from space 5120K, 99% used [0x00000000ee900000,0x00000000eedfdbe8,0x00000000eee00000)
  to   space 15360K, 0% used [0x00000000f3600000,0x00000000f3600000,0x00000000f4500000)
 ParOldGen       total 84992K, used 24801K [0x00000000c0000000, 0x00000000c5300000, 0x00000000eab00000)
  object space 84992K, 29% used [0x00000000c0000000,0x00000000c1838700,0x00000000c5300000)
 Metaspace       used 6173K, capacity 7088K, committed 7296K, reserved 1056768K
  class space    used 591K, capacity 616K, committed 640K, reserved 1048576K
Event: 2.941 GC heap after
Heap after GC invocations=6 (full 0):
 PSYoungGen      total 139776K, used 15329K [0x00000000eab00000, 0x00000000f4a00000, 0x0000000100000000)
  eden space 124416K, 0% used [0x00000000eab00000,0x00000000eab00000,0x00000000f2480000)
  from space 15360K, 99% used [0x00000000f3600000,0x00000000f44f84d0,0x00000000f4500000)
  to   space 17920K, 0% used [0x00000000f2480000,0x00000000f2480000,0x00000000f3600000)
 ParOldGen       total 84992K, used 25155K [0x00000000c0000000, 0x00000000c5300000, 0x00000000eab00000)
  object space 84992K, 29% used [0x00000000c0000000,0x00000000c1890ff0,0x00000000c5300000)
 Metaspace       used 6173K, capacity 7088K, committed 7296K, reserved 1056768K
  class space    used 591K, capacity 616K, committed 640K, reserved 1048576K
}
Event: 3.977 GC heap before
{Heap before GC invocations=7 (full 0):
 PSYoungGen      total 139776K, used 139745K [0x00000000eab00000, 0x00000000f4a00000, 0x0000000100000000)
  eden space 124416K, 100% used [0x00000000eab00000,0x00000000f2480000,0x00000000f2480000)
  from space 15360K, 99% used [0x00000000f3600000,0x00000000f44f84d0,0x00000000f4500000)
  to   space 17920K, 0% used [0x00000000f2480000,0x00000000f2480000,0x00000000f3600000)
 ParOldGen       total 84992K, used 25155K [0x00000000c0000000, 0x00000000c5300000, 0x00000000eab00000)
  object space 84992K, 29% used [0x00000000c0000000,0x00000000c1890ff0,0x00000000c5300000)
 Metaspace       used 6374K, capacity 7192K, committed 7424K, reserved 1056768K
  class space    used 612K, capacity 656K, committed 768K, reserved 1048576K

Deoptimization events (10 events):
Event: 2.631 Thread 0x00007f2a30135800 Uncommon trap: reason=bimorphic action=maybe_recompile pc=0x00007f2a21285408 method=java.util.HashMap.getNode(ILjava/lang/Object;)Ljava/util/HashMap$Node; @ 126
Event: 2.631 Thread 0x00007f2a30135800 Uncommon trap: reason=bimorphic action=maybe_recompile pc=0x00007f2a21285408 method=java.util.HashMap.getNode(ILjava/lang/Object;)Ljava/util/HashMap$Node; @ 126
Event: 2.631 Thread 0x00007f2a30135800 Uncommon trap: reason=bimorphic action=maybe_recompile pc=0x00007f2a211e0268 method=java.util.HashMap.getNode(ILjava/lang/Object;)Ljava/util/HashMap$Node; @ 126
Event: 2.631 Thread 0x00007f2a30135800 Uncommon trap: reason=bimorphic action=maybe_recompile pc=0x00007f2a21285408 method=java.util.HashMap.getNode(ILjava/lang/Object;)Ljava/util/HashMap$Node; @ 126
Event: 2.660 Thread 0x00007f2a30155000 Uncommon trap: reason=unstable_if action=reinterpret pc=0x00007f2a21546e48 method=com.android.dx.cf.code.BytecodeArray.parseInstruction(ILcom/android/dx/cf/code/BytecodeArray$Visitor;)I @ 1198
Event: 2.823 Thread 0x00007f2a30153800 Uncommon trap: reason=unstable_if action=reinterpret pc=0x00007f2a214ec7f8 method=com.android.dx.ssa.LiteralOpUpgrader$1.visitNonMoveInsn(Lcom/android/dx/ssa/NormalSsaInsn;)V @ 176
Event: 3.453 Thread 0x00007f2a30153800 Uncommon trap: reason=unstable_if action=reinterpret pc=0x00007f2a2128d960 method=java.util.HashMap.putVal(ILjava/lang/Object;Ljava/lang/Object;ZZ)Ljava/lang/Object; @ 162
Event: 3.469 Thread 0x00007f2a30153800 Uncommon trap: reason=unstable_if action=reinterpret pc=0x00007f2a21537594 method=java.util.HashMap.getNode(ILjava/lang/Object;)Ljava/util/HashMap$Node; @ 84
Event: 3.527 Thread 0x00007f2a30156800 Uncommon trap: reason=unstable_if action=reinterpret pc=0x00007f2a21555808 method=java.util.HashMap.putVal(ILjava/lang/Object;Ljava/lang/Object;ZZ)Ljava/lang/Object; @ 162
Event: 3.901 Thread 0x00007f2a3000a000 Uncommon trap: reason=unstable_if action=reinterpret pc=0x00007f2a214dea80 method=com.android.dx.ssa.MoveParamCombiner$1.visitNonMoveInsn(Lcom/android/dx/ssa/NormalSsaInsn;)V @ 27

Internal exceptions (5 events):
Event: 0.192 Thread 0x00007f2a3000a000 Exception <a 'java/lang/NoSuchMethodError': Method sun.misc.Unsafe.defineClass(Ljava/lang/String;[BII)Ljava/lang/Class; name or signature does not match> (0x00000000eab07cc0) thrown at [/HUDSON/workspace/8-2-build-linux-amd64/jdk8u91/6644/hotspot/src/shar
Event: 0.192 Thread 0x00007f2a3000a000 Exception <a 'java/lang/NoSuchMethodError': Method sun.misc.Unsafe.prefetchRead(Ljava/lang/Object;J)V name or signature does not match> (0x00000000eab07fa8) thrown at [/HUDSON/workspace/8-2-build-linux-amd64/jdk8u91/6644/hotspot/src/share/vm/prims/jni.cpp
Event: 3.466 Thread 0x00007f2a30153800 Exception <a 'java/lang/ArrayIndexOutOfBoundsException': 18> (0x00000000eecd3068) thrown at [/HUDSON/workspace/8-2-build-linux-amd64/jdk8u91/6644/hotspot/src/share/vm/interpreter/interpreterRuntime.cpp, line 366]
Event: 3.466 Thread 0x00007f2a30153800 Exception <a 'java/lang/ArrayIndexOutOfBoundsException': 145> (0x00000000eecd4be8) thrown at [/HUDSON/workspace/8-2-build-linux-amd64/jdk8u91/6644/hotspot/src/share/vm/interpreter/interpreterRuntime.cpp, line 366]
Event: 3.468 Thread 0x00007f2a30153800 Exception <a 'java/lang/ArrayIndexOutOfBoundsException'> (0x00000000eecd5ed0) thrown at [/HUDSON/workspace/8-2-build-linux-amd64/jdk8u91/6644/hotspot/src/share/vm/runtime/sharedRuntime.cpp, line 605]

Events (10 events):
Event: 3.901 Thread 0x00007f2a3000a000 DEOPT UNPACKING pc=0x00007f2a21005229 sp=0x00007f2a389156b8 mode 2
Event: 3.959 Thread 0x00007f2a30155000 DEOPT PACKING pc=0x00007f2a2142e1ea sp=0x00007f2a13ffe030
Event: 3.959 Thread 0x00007f2a30155000 DEOPT UNPACKING pc=0x00007f2a21047633 sp=0x00007f2a13ffdd88 mode 0
Event: 3.961 Thread 0x00007f2a30153800 DEOPT PACKING pc=0x00007f2a213a496c sp=0x00007f2a18169f80
Event: 3.961 Thread 0x00007f2a30153800 DEOPT UNPACKING pc=0x00007f2a21047633 sp=0x00007f2a18169c80 mode 0
Event: 3.962 Thread 0x00007f2a30153800 DEOPT PACKING pc=0x00007f2a2127d878 sp=0x00007f2a18169cf0
Event: 3.962 Thread 0x00007f2a30153800 DEOPT UNPACKING pc=0x00007f2a21047633 sp=0x00007f2a18169af0 mode 0
Event: 3.962 Thread 0x00007f2a30153800 DEOPT PACKING pc=0x00007f2a21290c4d sp=0x00007f2a18169eb0
Event: 3.962 Thread 0x00007f2a30153800 DEOPT UNPACKING pc=0x00007f2a21047633 sp=0x00007f2a18169c40 mode 0
Event: 3.967 Executing VM operation: ParallelGCFailedAllocation


Dynamic libraries:
00400000-00401000 r-xp 00000000 08:01 9839507                            /usr/lib/jvm/java-8-oracle/bin/java
00600000-00601000 rw-p 00000000 08:01 9839507                            /usr/lib/jvm/java-8-oracle/bin/java
02447000-02468000 rw-p 00000000 00:00 0                                  [heap]
c0000000-c5300000 rw-p 00000000 00:00 0 
c5300000-eab00000 ---p 00000000 00:00 0 
eab00000-f4a00000 rw-p 00000000 00:00 0 
fd500000-100000000 ---p 00000000 00:00 0 
100000000-1000c0000 rw-p 00000000 00:00 0 
1000c0000-140000000 ---p 00000000 00:00 0 
7f29ac000000-7f29ac021000 rw-p 00000000 00:00 0 
7f29ac021000-7f29b0000000 ---p 00000000 00:00 0 
7f29b0000000-7f29b0021000 rw-p 00000000 00:00 0 
7f29b0021000-7f29b4000000 ---p 00000000 00:00 0 
7f29b4000000-7f29b4021000 rw-p 00000000 00:00 0 
7f29b4021000-7f29b8000000 ---p 00000000 00:00 0 
7f29b8000000-7f29b8021000 rw-p 00000000 00:00 0 
7f29b8021000-7f29bc000000 ---p 00000000 00:00 0 
7f29bc000000-7f29bc021000 rw-p 00000000 00:00 0 
7f29bc021000-7f29c0000000 ---p 00000000 00:00 0 
7f29c0000000-7f29c0051000 rw-p 00000000 00:00 0 
7f29c0051000-7f29c4000000 ---p 00000000 00:00 0 
7f29c4000000-7f29c49ef000 rw-p 00000000 00:00 0 
7f29c49ef000-7f29c8000000 ---p 00000000 00:00 0 
7f29c8000000-7f29c8021000 rw-p 00000000 00:00 0 
7f29c8021000-7f29cc000000 ---p 00000000 00:00 0 
7f29cc000000-7f29cc718000 rw-p 00000000 00:00 0 
7f29cc718000-7f29d0000000 ---p 00000000 00:00 0 
7f29d0000000-7f29d06b6000 rw-p 00000000 00:00 0 
7f29d06b6000-7f29d4000000 ---p 00000000 00:00 0 
7f29d4000000-7f29d4021000 rw-p 00000000 00:00 0 
7f29d4021000-7f29d8000000 ---p 00000000 00:00 0 
7f29d8000000-7f29d89d0000 rw-p 00000000 00:00 0 
7f29d89d0000-7f29dc000000 ---p 00000000 00:00 0 
7f29dc000000-7f29dc021000 rw-p 00000000 00:00 0 
7f29dc021000-7f29e0000000 ---p 00000000 00:00 0 
7f29e0000000-7f29e0021000 rw-p 00000000 00:00 0 
7f29e0021000-7f29e4000000 ---p 00000000 00:00 0 
7f29e4000000-7f29e4021000 rw-p 00000000 00:00 0 
7f29e4021000-7f29e8000000 ---p 00000000 00:00 0 
7f29e8000000-7f29e828d000 rw-p 00000000 00:00 0 
7f29e828d000-7f29ec000000 ---p 00000000 00:00 0 
7f29ec000000-7f29ec021000 rw-p 00000000 00:00 0 
7f29ec021000-7f29f0000000 ---p 00000000 00:00 0 
7f29f4000000-7f29f4021000 rw-p 00000000 00:00 0 
7f29f4021000-7f29f8000000 ---p 00000000 00:00 0 
7f29fc000000-7f29fc021000 rw-p 00000000 00:00 0 
7f29fc021000-7f2a00000000 ---p 00000000 00:00 0 
7f2a04000000-7f2a04021000 rw-p 00000000 00:00 0 
7f2a04021000-7f2a08000000 ---p 00000000 00:00 0 
7f2a0c000000-7f2a0c021000 rw-p 00000000 00:00 0 
7f2a0c021000-7f2a10000000 ---p 00000000 00:00 0 
7f2a13dfe000-7f2a13e01000 ---p 00000000 00:00 0 
7f2a13e01000-7f2a13eff000 rw-p 00000000 00:00 0 
7f2a13eff000-7f2a13f02000 ---p 00000000 00:00 0 
7f2a13f02000-7f2a14000000 rw-p 00000000 00:00 0 
7f2a14000000-7f2a14021000 rw-p 00000000 00:00 0 
7f2a14021000-7f2a18000000 ---p 00000000 00:00 0 
7f2a1806b000-7f2a1806e000 ---p 00000000 00:00 0 
7f2a1806e000-7f2a1816c000 rw-p 00000000 00:00 0 
7f2a1816c000-7f2a1816f000 ---p 00000000 00:00 0 
7f2a1816f000-7f2a1826d000 rw-p 00000000 00:00 0 
7f2a1826d000-7f2a18270000 ---p 00000000 00:00 0 
7f2a18270000-7f2a1836e000 rw-p 00000000 00:00 0 
7f2a1836e000-7f2a1836f000 ---p 00000000 00:00 0 
7f2a1836f000-7f2a1846f000 rw-p 00000000 00:00 0 
7f2a1846f000-7f2a18472000 ---p 00000000 00:00 0 
7f2a18472000-7f2a18570000 rw-p 00000000 00:00 0 
7f2a18570000-7f2a18573000 ---p 00000000 00:00 0 
7f2a18573000-7f2a18671000 rw-p 00000000 00:00 0 
7f2a18671000-7f2a18674000 ---p 00000000 00:00 0 
7f2a18674000-7f2a18772000 rw-p 00000000 00:00 0 
7f2a18772000-7f2a18775000 ---p 00000000 00:00 0 
7f2a18775000-7f2a18873000 rw-p 00000000 00:00 0 
7f2a18873000-7f2a18876000 ---p 00000000 00:00 0 
7f2a18876000-7f2a18974000 rw-p 00000000 00:00 0 
7f2a18974000-7f2a18977000 ---p 00000000 00:00 0 
7f2a18977000-7f2a18a75000 rw-p 00000000 00:00 0 
7f2a18a75000-7f2a18ead000 r--p 00000000 08:01 9700768                    /usr/lib/locale/locale-archive
7f2a18ead000-7f2a18eb0000 ---p 00000000 00:00 0 
7f2a18eb0000-7f2a18fae000 rw-p 00000000 00:00 0 
7f2a18fae000-7f2a18fb1000 ---p 00000000 00:00 0 
7f2a18fb1000-7f2a190af000 rw-p 00000000 00:00 0 
7f2a190af000-7f2a190b0000 ---p 00000000 00:00 0 
7f2a190b0000-7f2a1c000000 rw-p 00000000 00:00 0 
7f2a1c000000-7f2a1c021000 rw-p 00000000 00:00 0 
7f2a1c021000-7f2a20000000 ---p 00000000 00:00 0 
7f2a20000000-7f2a20011000 r--s 000cf000 08:01 159889                     /home/oguz/.gradle/caches/modules-2/files-2.1/com.fasterxml.jackson.core/jackson-databind/2.3.2/c75edc740a6d8cb1cef6fa82fa594e0bce561916/jackson-databind-2.3.2.jar
7f2a20011000-7f2a20020000 r--s 000df000 08:01 5246091                    /home/oguz/Android/Sdk/build-tools/23.0.3/lib/dx.jar
7f2a20020000-7f2a20db1000 rw-p 00000000 00:00 0 
7f2a20db1000-7f2a20f8a000 r--s 03d1f000 08:01 9967487                    /usr/lib/jvm/java-8-oracle/jre/lib/rt.jar
7f2a20f8a000-7f2a21000000 rw-p 00000000 00:00 0 
7f2a21000000-7f2a21640000 rwxp 00000000 00:00 0 
7f2a21640000-7f2a30000000 ---p 00000000 00:00 0 
7f2a30000000-7f2a3039b000 rw-p 00000000 00:00 0 
7f2a3039b000-7f2a34000000 ---p 00000000 00:00 0 
7f2a3400b000-7f2a346ee000 rw-p 00000000 00:00 0 
7f2a346ee000-7f2a3486e000 ---p 00000000 00:00 0 
7f2a3486e000-7f2a34a6e000 rw-p 00000000 00:00 0 
7f2a34a6e000-7f2a34a6f000 ---p 00000000 00:00 0 
7f2a34a6f000-7f2a34b6f000 rw-p 00000000 00:00 0 
7f2a34b6f000-7f2a34b70000 ---p 00000000 00:00 0 
7f2a34b70000-7f2a34c70000 rw-p 00000000 00:00 0 
7f2a34c70000-7f2a34c71000 ---p 00000000 00:00 0 
7f2a34c71000-7f2a34d71000 rw-p 00000000 00:00 0 
7f2a34d71000-7f2a34d72000 ---p 00000000 00:00 0 
7f2a34d72000-7f2a34e72000 rw-p 00000000 00:00 0 
7f2a34e72000-7f2a34e73000 ---p 00000000 00:00 0 
7f2a34e73000-7f2a34f73000 rw-p 00000000 00:00 0 
7f2a34f73000-7f2a34f74000 ---p 00000000 00:00 0 
7f2a34f74000-7f2a35074000 rw-p 00000000 00:00 0 
7f2a35074000-7f2a35075000 ---p 00000000 00:00 0 
7f2a35075000-7f2a35175000 rw-p 00000000 00:00 0 
7f2a35175000-7f2a35176000 ---p 00000000 00:00 0 
7f2a35176000-7f2a352a0000 rw-p 00000000 00:00 0 
7f2a352a0000-7f2a353cc000 ---p 00000000 00:00 0 
7f2a353cc000-7f2a353f6000 rw-p 00000000 00:00 0 
7f2a353f6000-7f2a35521000 ---p 00000000 00:00 0 
7f2a35521000-7f2a35571000 rw-p 00000000 00:00 0 
7f2a35571000-7f2a355cc000 ---p 00000000 00:00 0 
7f2a355cc000-7f2a355e6000 rw-p 00000000 00:00 0 
7f2a355e6000-7f2a3598d000 ---p 00000000 00:00 0 
7f2a3598d000-7f2a359a7000 r-xp 00000000 08:01 10092954                   /usr/lib/jvm/java-8-oracle/jre/lib/amd64/libzip.so
7f2a359a7000-7f2a35ba7000 ---p 0001a000 08:01 10092954                   /usr/lib/jvm/java-8-oracle/jre/lib/amd64/libzip.so
7f2a35ba7000-7f2a35ba8000 rw-p 0001a000 08:01 10092954                   /usr/lib/jvm/java-8-oracle/jre/lib/amd64/libzip.so
7f2a35ba8000-7f2a35bb3000 r-xp 00000000 08:01 7603299                    /lib/x86_64-linux-gnu/libnss_files-2.23.so
7f2a35bb3000-7f2a35db2000 ---p 0000b000 08:01 7603299                    /lib/x86_64-linux-gnu/libnss_files-2.23.so
7f2a35db2000-7f2a35db3000 r--p 0000a000 08:01 7603299                    /lib/x86_64-linux-gnu/libnss_files-2.23.so
7f2a35db3000-7f2a35db4000 rw-p 0000b000 08:01 7603299                    /lib/x86_64-linux-gnu/libnss_files-2.23.so
7f2a35db4000-7f2a35dba000 rw-p 00000000 00:00 0 
7f2a35dba000-7f2a35dc5000 r-xp 00000000 08:01 7603296                    /lib/x86_64-linux-gnu/libnss_nis-2.23.so
7f2a35dc5000-7f2a35fc4000 ---p 0000b000 08:01 7603296                    /lib/x86_64-linux-gnu/libnss_nis-2.23.so
7f2a35fc4000-7f2a35fc5000 r--p 0000a000 08:01 7603296                    /lib/x86_64-linux-gnu/libnss_nis-2.23.so
7f2a35fc5000-7f2a35fc6000 rw-p 0000b000 08:01 7603296                    /lib/x86_64-linux-gnu/libnss_nis-2.23.so
7f2a35fc6000-7f2a35fdc000 r-xp 00000000 08:01 7603294                    /lib/x86_64-linux-gnu/libnsl-2.23.so
7f2a35fdc000-7f2a361dc000 ---p 00016000 08:01 7603294                    /lib/x86_64-linux-gnu/libnsl-2.23.so
7f2a361dc000-7f2a361dd000 r--p 00016000 08:01 7603294                    /lib/x86_64-linux-gnu/libnsl-2.23.so
7f2a361dd000-7f2a361de000 rw-p 00017000 08:01 7603294                    /lib/x86_64-linux-gnu/libnsl-2.23.so
7f2a361de000-7f2a361e0000 rw-p 00000000 00:00 0 
7f2a361e0000-7f2a361e8000 r-xp 00000000 08:01 7603292                    /lib/x86_64-linux-gnu/libnss_compat-2.23.so
7f2a361e8000-7f2a363e7000 ---p 00008000 08:01 7603292                    /lib/x86_64-linux-gnu/libnss_compat-2.23.so
7f2a363e7000-7f2a363e8000 r--p 00007000 08:01 7603292                    /lib/x86_64-linux-gnu/libnss_compat-2.23.so
7f2a363e8000-7f2a363e9000 rw-p 00008000 08:01 7603292                    /lib/x86_64-linux-gnu/libnss_compat-2.23.so
7f2a363e9000-7f2a36413000 r-xp 00000000 08:01 10092949                   /usr/lib/jvm/java-8-oracle/jre/lib/amd64/libjava.so
7f2a36413000-7f2a36613000 ---p 0002a000 08:01 10092949                   /usr/lib/jvm/java-8-oracle/jre/lib/amd64/libjava.so
7f2a36613000-7f2a36615000 rw-p 0002a000 08:01 10092949                   /usr/lib/jvm/java-8-oracle/jre/lib/amd64/libjava.so
7f2a36615000-7f2a36622000 r-xp 00000000 08:01 10092953                   /usr/lib/jvm/java-8-oracle/jre/lib/amd64/libverify.so
7f2a36622000-7f2a36822000 ---p 0000d000 08:01 10092953                   /usr/lib/jvm/java-8-oracle/jre/lib/amd64/libverify.so
7f2a36822000-7f2a36824000 rw-p 0000d000 08:01 10092953                   /usr/lib/jvm/java-8-oracle/jre/lib/amd64/libverify.so
7f2a36824000-7f2a3682b000 r-xp 00000000 08:01 7603308                    /lib/x86_64-linux-gnu/librt-2.23.so
7f2a3682b000-7f2a36a2a000 ---p 00007000 08:01 7603308                    /lib/x86_64-linux-gnu/librt-2.23.so
7f2a36a2a000-7f2a36a2b000 r--p 00006000 08:01 7603308                    /lib/x86_64-linux-gnu/librt-2.23.so
7f2a36a2b000-7f2a36a2c000 rw-p 00007000 08:01 7603308                    /lib/x86_64-linux-gnu/librt-2.23.so
7f2a36a2c000-7f2a36b34000 r-xp 00000000 08:01 7603305                    /lib/x86_64-linux-gnu/libm-2.23.so
7f2a36b34000-7f2a36d33000 ---p 00108000 08:01 7603305                    /lib/x86_64-linux-gnu/libm-2.23.so
7f2a36d33000-7f2a36d34000 r--p 00107000 08:01 7603305                    /lib/x86_64-linux-gnu/libm-2.23.so
7f2a36d34000-7f2a36d35000 rw-p 00108000 08:01 7603305                    /lib/x86_64-linux-gnu/libm-2.23.so
7f2a36d35000-7f2a379f5000 r-xp 00000000 08:01 10092932                   /usr/lib/jvm/java-8-oracle/jre/lib/amd64/server/libjvm.so
7f2a379f5000-7f2a37bf5000 ---p 00cc0000 08:01 10092932                   /usr/lib/jvm/java-8-oracle/jre/lib/amd64/server/libjvm.so
7f2a37bf5000-7f2a37ccd000 rw-p 00cc0000 08:01 10092932                   /usr/lib/jvm/java-8-oracle/jre/lib/amd64/server/libjvm.so
7f2a37ccd000-7f2a37d18000 rw-p 00000000 00:00 0 
7f2a37d18000-7f2a37ed8000 r-xp 00000000 08:01 7603313                    /lib/x86_64-linux-gnu/libc-2.23.so
7f2a37ed8000-7f2a380d8000 ---p 001c0000 08:01 7603313                    /lib/x86_64-linux-gnu/libc-2.23.so
7f2a380d8000-7f2a380dc000 r--p 001c0000 08:01 7603313                    /lib/x86_64-linux-gnu/libc-2.23.so
7f2a380dc000-7f2a380de000 rw-p 001c4000 08:01 7603313                    /lib/x86_64-linux-gnu/libc-2.23.so
7f2a380de000-7f2a380e2000 rw-p 00000000 00:00 0 
7f2a380e2000-7f2a380e5000 r-xp 00000000 08:01 7603314                    /lib/x86_64-linux-gnu/libdl-2.23.so
7f2a380e5000-7f2a382e4000 ---p 00003000 08:01 7603314                    /lib/x86_64-linux-gnu/libdl-2.23.so
7f2a382e4000-7f2a382e5000 r--p 00002000 08:01 7603314                    /lib/x86_64-linux-gnu/libdl-2.23.so
7f2a382e5000-7f2a382e6000 rw-p 00003000 08:01 7603314                    /lib/x86_64-linux-gnu/libdl-2.23.so
7f2a382e6000-7f2a382fb000 r-xp 00000000 08:01 9840182                    /usr/lib/jvm/java-8-oracle/lib/amd64/jli/libjli.so
7f2a382fb000-7f2a384fb000 ---p 00015000 08:01 9840182                    /usr/lib/jvm/java-8-oracle/lib/amd64/jli/libjli.so
7f2a384fb000-7f2a384fc000 rw-p 00015000 08:01 9840182                    /usr/lib/jvm/java-8-oracle/lib/amd64/jli/libjli.so
7f2a384fc000-7f2a38514000 r-xp 00000000 08:01 7603312                    /lib/x86_64-linux-gnu/libpthread-2.23.so
7f2a38514000-7f2a38713000 ---p 00018000 08:01 7603312                    /lib/x86_64-linux-gnu/libpthread-2.23.so
7f2a38713000-7f2a38714000 r--p 00017000 08:01 7603312                    /lib/x86_64-linux-gnu/libpthread-2.23.so
7f2a38714000-7f2a38715000 rw-p 00018000 08:01 7603312                    /lib/x86_64-linux-gnu/libpthread-2.23.so
7f2a38715000-7f2a38719000 rw-p 00000000 00:00 0 
7f2a38719000-7f2a3873f000 r-xp 00000000 08:01 7603309                    /lib/x86_64-linux-gnu/ld-2.23.so
7f2a38745000-7f2a38817000 rw-p 00000000 00:00 0 
7f2a38817000-7f2a3881a000 ---p 00000000 00:00 0 
7f2a3881a000-7f2a3891c000 rw-p 00000000 00:00 0 
7f2a3891e000-7f2a38932000 rw-p 00000000 00:00 0 
7f2a38932000-7f2a3893a000 rw-s 00000000 08:01 161132                     /tmp/hsperfdata_oguz/24031
7f2a3893a000-7f2a3893b000 rw-p 00000000 00:00 0 
7f2a3893b000-7f2a3893c000 ---p 00000000 00:00 0 
7f2a3893c000-7f2a3893e000 rw-p 00000000 00:00 0 
7f2a3893e000-7f2a3893f000 r--p 00025000 08:01 7603309                    /lib/x86_64-linux-gnu/ld-2.23.so
7f2a3893f000-7f2a38940000 rw-p 00026000 08:01 7603309                    /lib/x86_64-linux-gnu/ld-2.23.so
7f2a38940000-7f2a38941000 rw-p 00000000 00:00 0 
7ffcc3457000-7ffcc3478000 rw-p 00000000 00:00 0                          [stack]
7ffcc35ea000-7ffcc35ec000 r--p 00000000 00:00 0                          [vvar]
7ffcc35ec000-7ffcc35ee000 r-xp 00000000 00:00 0                          [vdso]
ffffffffff600000-ffffffffff601000 r-xp 00000000 00:00 0                  [vsyscall]

VM Arguments:
jvm_args: -Djava.awt.headless=true -Xmx1024M -Dfile.encoding=UTF-8 -Duser.country=TR -Duser.language=tr -Duser.variant 
java_command: com.android.dx.command.Main --dex --force-jumbo --num-threads=4 --multi-dex --output /home/oguz/Masa端st端/asd/FomApplicationAndroid/app/build/intermediates/transforms/dex/debug/folders/1000/10/jackson-databind-2.3.2_51c4623ebbbe6b6f2e96a48accc07b8b3796ca57 /home/oguz/.gradle/caches/modules-2/files-2.1/com.fasterxml.jackson.core/jackson-databind/2.3.2/c75edc740a6d8cb1cef6fa82fa594e0bce561916/jackson-databind-2.3.2.jar
java_class_path (initial): /home/oguz/Android/Sdk/build-tools/23.0.3/lib/dx.jar
Launcher Type: SUN_STANDARD

Environment Variables:
PATH=/usr/local/sbin:/usr/local/bin:/usr/sbin:/usr/bin:/sbin:/bin:/usr/games:/usr/local/games:/snap/bin
LD_LIBRARY_PATH=/home/oguz/Masa端st端/Derleyiciler/android-studio/bin:
SHELL=/bin/bash
DISPLAY=:0

Signal Handlers:
SIGSEGV: [libjvm.so+0xabca10], sa_mask[0]=11111111011111111101111111111110, sa_flags=SA_RESTART|SA_SIGINFO
SIGBUS: [libjvm.so+0xabca10], sa_mask[0]=11111111011111111101111111111110, sa_flags=SA_RESTART|SA_SIGINFO
SIGFPE: [libjvm.so+0x919a20], sa_mask[0]=11111111011111111101111111111110, sa_flags=SA_RESTART|SA_SIGINFO
SIGPIPE: [libjvm.so+0x919a20], sa_mask[0]=11111111011111111101111111111110, sa_flags=SA_RESTART|SA_SIGINFO
SIGXFSZ: [libjvm.so+0x919a20], sa_mask[0]=11111111011111111101111111111110, sa_flags=SA_RESTART|SA_SIGINFO
SIGILL: [libjvm.so+0x919a20], sa_mask[0]=11111111011111111101111111111110, sa_flags=SA_RESTART|SA_SIGINFO
SIGUSR1: SIG_DFL, sa_mask[0]=00000000000000000000000000000000, sa_flags=none
SIGUSR2: [libjvm.so+0x91b050], sa_mask[0]=00100000000000000000000000000000, sa_flags=SA_RESTART|SA_SIGINFO
SIGHUP: [libjvm.so+0x91c450], sa_mask[0]=11111111011111111101111111111110, sa_flags=SA_RESTART|SA_SIGINFO
SIGINT: [libjvm.so+0x91c450], sa_mask[0]=11111111011111111101111111111110, sa_flags=SA_RESTART|SA_SIGINFO
SIGTERM: [libjvm.so+0x91c450], sa_mask[0]=11111111011111111101111111111110, sa_flags=SA_RESTART|SA_SIGINFO
SIGQUIT: [libjvm.so+0x91c450], sa_mask[0]=11111111011111111101111111111110, sa_flags=SA_RESTART|SA_SIGINFO


---------------  S Y S T E M  ---------------

OS:DISTRIB_ID=Ubuntu
DISTRIB_RELEASE=16.04
DISTRIB_CODENAME=xenial
DISTRIB_DESCRIPTION="Ubuntu Xenial Xerus (development branch)"

uname:Linux 4.4.0-22-generic #39-Ubuntu SMP Thu May 5 16:53:32 UTC 2016 x86_64
libc:glibc 2.23 NPTL 2.23 
rlimit: STACK 8192k, CORE 0k, NPROC 31498, NOFILE 65536, AS infinity
load average:3.64 2.35 1.34

/proc/meminfo:
MemTotal:        8101800 kB
MemFree:           50364 kB
MemAvailable:     114204 kB
Buffers:             896 kB
Cached:           606784 kB
SwapCached:            0 kB
Active:          7273620 kB
Inactive:         529496 kB
Active(anon):    7247920 kB
Inactive(anon):   505292 kB
Active(file):      25700 kB
Inactive(file):    24204 kB
Unevictable:          92 kB
Mlocked:              92 kB
SwapTotal:             0 kB
SwapFree:              0 kB
Dirty:                96 kB
Writeback:             0 kB
AnonPages:       7196868 kB
Mapped:           307216 kB
Shmem:            556796 kB
Slab:             111880 kB
SReclaimable:      56308 kB
SUnreclaim:        55572 kB
KernelStack:       19424 kB
PageTables:        65792 kB
NFS_Unstable:          0 kB
Bounce:                0 kB
WritebackTmp:          0 kB
CommitLimit:     4050900 kB
Committed_AS:   14343168 kB
VmallocTotal:   34359738367 kB
VmallocUsed:           0 kB
VmallocChunk:          0 kB
HardwareCorrupted:     0 kB
AnonHugePages:   4190208 kB
CmaTotal:              0 kB
CmaFree:               0 kB
HugePages_Total:       0
HugePages_Free:        0
HugePages_Rsvd:        0
HugePages_Surp:        0
Hugepagesize:       2048 kB
DirectMap4k:      195328 kB
DirectMap2M:     8120320 kB
DirectMap1G:     1048576 kB


CPU:total 8 (4 cores per cpu, 2 threads per core) family 6 model 60 stepping 3, cmov, cx8, fxsr, mmx, sse, sse2, sse3, ssse3, sse4.1, sse4.2, popcnt, avx, avx2, aes, clmul, erms, lzcnt, ht, tsc, tscinvbit, bmi1, bmi2

/proc/cpuinfo:
processor	: 0
vendor_id	: GenuineIntel
cpu family	: 6
model		: 60
model name	: Intel(R) Core(TM) i7-4700MQ CPU @ 2.40GHz
stepping	: 3
microcode	: 0x16
cpu MHz		: 1599.937
cache size	: 6144 KB
physical id	: 0
siblings	: 8
core id		: 0
cpu cores	: 4
apicid		: 0
initial apicid	: 0
fpu		: yes
fpu_exception	: yes
cpuid level	: 13
wp		: yes
flags		: fpu vme de pse tsc msr pae mce cx8 apic sep mtrr pge mca cmov pat pse36 clflush dts acpi mmx fxsr sse sse2 ss ht tm pbe syscall nx pdpe1gb rdtscp lm constant_tsc arch_perfmon pebs bts rep_good nopl xtopology nonstop_tsc aperfmperf eagerfpu pni pclmulqdq dtes64 monitor ds_cpl vmx est tm2 ssse3 sdbg fma cx16 xtpr pdcm pcid sse4_1 sse4_2 movbe popcnt tsc_deadline_timer aes xsave avx f16c rdrand lahf_lm abm epb tpr_shadow vnmi flexpriority ept vpid fsgsbase tsc_adjust bmi1 avx2 smep bmi2 erms invpcid xsaveopt dtherm ida arat pln pts
bugs		:
bogomips	: 4789.30
clflush size	: 64
cache_alignment	: 64
address sizes	: 39 bits physical, 48 bits virtual
power management:

processor	: 1
vendor_id	: GenuineIntel
cpu family	: 6
model		: 60
model name	: Intel(R) Core(TM) i7-4700MQ CPU @ 2.40GHz
stepping	: 3
microcode	: 0x16
cpu MHz		: 1599.937
cache size	: 6144 KB
physical id	: 0
siblings	: 8
core id		: 0
cpu cores	: 4
apicid		: 1
initial apicid	: 1
fpu		: yes
fpu_exception	: yes
cpuid level	: 13
wp		: yes
flags		: fpu vme de pse tsc msr pae mce cx8 apic sep mtrr pge mca cmov pat pse36 clflush dts acpi mmx fxsr sse sse2 ss ht tm pbe syscall nx pdpe1gb rdtscp lm constant_tsc arch_perfmon pebs bts rep_good nopl xtopology nonstop_tsc aperfmperf eagerfpu pni pclmulqdq dtes64 monitor ds_cpl vmx est tm2 ssse3 sdbg fma cx16 xtpr pdcm pcid sse4_1 sse4_2 movbe popcnt tsc_deadline_timer aes xsave avx f16c rdrand lahf_lm abm epb tpr_shadow vnmi flexpriority ept vpid fsgsbase tsc_adjust bmi1 avx2 smep bmi2 erms invpcid xsaveopt dtherm ida arat pln pts
bugs		:
bogomips	: 4789.30
clflush size	: 64
cache_alignment	: 64
address sizes	: 39 bits physical, 48 bits virtual
power management:

processor	: 2
vendor_id	: GenuineIntel
cpu family	: 6
model		: 60
model name	: Intel(R) Core(TM) i7-4700MQ CPU @ 2.40GHz
stepping	: 3
microcode	: 0x16
cpu MHz		: 1599.937
cache size	: 6144 KB
physical id	: 0
siblings	: 8
core id		: 1
cpu cores	: 4
apicid		: 2
initial apicid	: 2
fpu		: yes
fpu_exception	: yes
cpuid level	: 13
wp		: yes
flags		: fpu vme de pse tsc msr pae mce cx8 apic sep mtrr pge mca cmov pat pse36 clflush dts acpi mmx fxsr sse sse2 ss ht tm pbe syscall nx pdpe1gb rdtscp lm constant_tsc arch_perfmon pebs bts rep_good nopl xtopology nonstop_tsc aperfmperf eagerfpu pni pclmulqdq dtes64 monitor ds_cpl vmx est tm2 ssse3 sdbg fma cx16 xtpr pdcm pcid sse4_1 sse4_2 movbe popcnt tsc_deadline_timer aes xsave avx f16c rdrand lahf_lm abm epb tpr_shadow vnmi flexpriority ept vpid fsgsbase tsc_adjust bmi1 avx2 smep bmi2 erms invpcid xsaveopt dtherm ida arat pln pts
bugs		:
bogomips	: 4789.30
clflush size	: 64
cache_alignment	: 64
address sizes	: 39 bits physical, 48 bits virtual
power management:

processor	: 3
vendor_id	: GenuineIntel
cpu family	: 6
model		: 60
model name	: Intel(R) Core(TM) i7-4700MQ CPU @ 2.40GHz
stepping	: 3
microcode	: 0x16
cpu MHz		: 1599.937
cache size	: 6144 KB
physical id	: 0
siblings	: 8
core id		: 1
cpu cores	: 4
apicid		: 3
initial apicid	: 3
fpu		: yes
fpu_exception	: yes
cpuid level	: 13
wp		: yes
flags		: fpu vme de pse tsc msr pae mce cx8 apic sep mtrr pge mca cmov pat pse36 clflush dts acpi mmx fxsr sse sse2 ss ht tm pbe syscall nx pdpe1gb rdtscp lm constant_tsc arch_perfmon pebs bts rep_good nopl xtopology nonstop_tsc aperfmperf eagerfpu pni pclmulqdq dtes64 monitor ds_cpl vmx est tm2 ssse3 sdbg fma cx16 xtpr pdcm pcid sse4_1 sse4_2 movbe popcnt tsc_deadline_timer aes xsave avx f16c rdrand lahf_lm abm epb tpr_shadow vnmi flexpriority ept vpid fsgsbase tsc_adjust bmi1 avx2 smep bmi2 erms invpcid xsaveopt dtherm ida arat pln pts
bugs		:
bogomips	: 4789.30
clflush size	: 64
cache_alignment	: 64
address sizes	: 39 bits physical, 48 bits virtual
power management:

processor	: 4
vendor_id	: GenuineIntel
cpu family	: 6
model		: 60
model name	: Intel(R) Core(TM) i7-4700MQ CPU @ 2.40GHz
stepping	: 3
microcode	: 0x16
cpu MHz		: 1599.937
cache size	: 6144 KB
physical id	: 0
siblings	: 8
core id		: 2
cpu cores	: 4
apicid		: 4
initial apicid	: 4
fpu		: yes
fpu_exception	: yes
cpuid level	: 13
wp		: yes
flags		: fpu vme de pse tsc msr pae mce cx8 apic sep mtrr pge mca cmov pat pse36 clflush dts acpi mmx fxsr sse sse2 ss ht tm pbe syscall nx pdpe1gb rdtscp lm constant_tsc arch_perfmon pebs bts rep_good nopl xtopology nonstop_tsc aperfmperf eagerfpu pni pclmulqdq dtes64 monitor ds_cpl vmx est tm2 ssse3 sdbg fma cx16 xtpr pdcm pcid sse4_1 sse4_2 movbe popcnt tsc_deadline_timer aes xsave avx f16c rdrand lahf_lm abm epb tpr_shadow vnmi flexpriority ept vpid fsgsbase tsc_adjust bmi1 avx2 smep bmi2 erms invpcid xsaveopt dtherm ida arat pln pts
bugs		:
bogomips	: 4789.30
clflush size	: 64
cache_alignment	: 64
address sizes	: 39 bits physical, 48 bits virtual
power management:

processor	: 5
vendor_id	: GenuineIntel
cpu family	: 6
model		: 60
model name	: Intel(R) Core(TM) i7-4700MQ CPU @ 2.40GHz
stepping	: 3
microcode	: 0x16
cpu MHz		: 1599.937
cache size	: 6144 KB
physical id	: 0
siblings	: 8
core id		: 2
cpu cores	: 4
apicid		: 5
initial apicid	: 5
fpu		: yes
fpu_exception	: yes
cpuid level	: 13
wp		: yes
flags		: fpu vme de pse tsc msr pae mce cx8 apic sep mtrr pge mca cmov pat pse36 clflush dts acpi mmx fxsr sse sse2 ss ht tm pbe syscall nx pdpe1gb rdtscp lm constant_tsc arch_perfmon pebs bts rep_good nopl xtopology nonstop_tsc aperfmperf eagerfpu pni pclmulqdq dtes64 monitor ds_cpl vmx est tm2 ssse3 sdbg fma cx16 xtpr pdcm pcid sse4_1 sse4_2 movbe popcnt tsc_deadline_timer aes xsave avx f16c rdrand lahf_lm abm epb tpr_shadow vnmi flexpriority ept vpid fsgsbase tsc_adjust bmi1 avx2 smep bmi2 erms invpcid xsaveopt dtherm ida arat pln pts
bugs		:
bogomips	: 4789.30
clflush size	: 64
cache_alignment	: 64
address sizes	: 39 bits physical, 48 bits virtual
power management:

processor	: 6
vendor_id	: GenuineIntel
cpu family	: 6
model		: 60
model name	: Intel(R) Core(TM) i7-4700MQ CPU @ 2.40GHz
stepping	: 3
microcode	: 0x16
cpu MHz		: 1599.937
cache size	: 6144 KB
physical id	: 0
siblings	: 8
core id		: 3
cpu cores	: 4
apicid		: 6
initial apicid	: 6
fpu		: yes
fpu_exception	: yes
cpuid level	: 13
wp		: yes
flags		: fpu vme de pse tsc msr pae mce cx8 apic sep mtrr pge mca cmov pat pse36 clflush dts acpi mmx fxsr sse sse2 ss ht tm pbe syscall nx pdpe1gb rdtscp lm constant_tsc arch_perfmon pebs bts rep_good nopl xtopology nonstop_tsc aperfmperf eagerfpu pni pclmulqdq dtes64 monitor ds_cpl vmx est tm2 ssse3 sdbg fma cx16 xtpr pdcm pcid sse4_1 sse4_2 movbe popcnt tsc_deadline_timer aes xsave avx f16c rdrand lahf_lm abm epb tpr_shadow vnmi flexpriority ept vpid fsgsbase tsc_adjust bmi1 avx2 smep bmi2 erms invpcid xsaveopt dtherm ida arat pln pts
bugs		:
bogomips	: 4789.30
clflush size	: 64
cache_alignment	: 64
address sizes	: 39 bits physical, 48 bits virtual
power management:

processor	: 7
vendor_id	: GenuineIntel
cpu family	: 6
model		: 60
model name	: Intel(R) Core(TM) i7-4700MQ CPU @ 2.40GHz
stepping	: 3
microcode	: 0x16
cpu MHz		: 1599.937
cache size	: 6144 KB
physical id	: 0
siblings	: 8
core id		: 3
cpu cores	: 4
apicid		: 7
initial apicid	: 7
fpu		: yes
fpu_exception	: yes
cpuid level	: 13
wp		: yes
flags		: fpu vme de pse tsc msr pae mce cx8 apic sep mtrr pge mca cmov pat pse36 clflush dts acpi mmx fxsr sse sse2 ss ht tm pbe syscall nx pdpe1gb rdtscp lm constant_tsc arch_perfmon pebs bts rep_good nopl xtopology nonstop_tsc aperfmperf eagerfpu pni pclmulqdq dtes64 monitor ds_cpl vmx est tm2 ssse3 sdbg fma cx16 xtpr pdcm pcid sse4_1 sse4_2 movbe popcnt tsc_deadline_timer aes xsave avx f16c rdrand lahf_lm abm epb tpr_shadow vnmi flexpriority ept vpid fsgsbase tsc_adjust bmi1 avx2 smep bmi2 erms invpcid xsaveopt dtherm ida arat pln pts
bugs		:
bogomips	: 4789.30
clflush size	: 64
cache_alignment	: 64
address sizes	: 39 bits physical, 48 bits virtual
power management:



Memory: 4k page, physical 8101800k(50472k free), swap 0k(0k free)

vm_info: Java HotSpot(TM) 64-Bit Server VM (25.91-b14) for linux-amd64 JRE (1.8.0_91-b14), built on Apr  1 2016 00:57:21 by "java_re" with gcc 4.3.0 20080428 (Red Hat 4.3.0-8)

time: Mon Aug 22 15:24:27 2016
elapsed time: 4 seconds (0d 0h 0m 4s)

