#
# There is insufficient memory for the Java Runtime Environment to continue.
# Native memory allocation (mmap) failed to map 169869312 bytes for committing reserved memory.
# Possible reasons:
#   The system is out of physical RAM or swap space
#   In 32 bit mode, the process size limit was hit
# Possible solutions:
#   Reduce memory load on the system
#   Increase physical memory or swap space
#   Check if swap backing store is full
#   Use 64 bit Java on a 64 bit OS
#   Decrease Java heap size (-Xmx/-Xms)
#   Decrease number of Java threads
#   Decrease Java thread stack sizes (-Xss)
#   Set larger code cache with -XX:ReservedCodeCacheSize=
# This output file may be truncated or incomplete.
#
#  Out of Memory Error (os_linux.cpp:2627), pid=31084, tid=140345557174016
#
# JRE version: Java(TM) SE Runtime Environment (8.0_91-b14) (build 1.8.0_91-b14)
# Java VM: Java HotSpot(TM) 64-Bit Server VM (25.91-b14 mixed mode linux-amd64 compressed oops)
# Failed to write core dump. Core dumps have been disabled. To enable core dumping, try "ulimit -c unlimited" before starting Java again
#

---------------  T H R E A D  ---------------

Current thread (0x00007fa4d8080000):  VMThread [stack: 0x00007fa4bf04c000,0x00007fa4bf14d000] [id=31102]

Stack: [0x00007fa4bf04c000,0x00007fa4bf14d000],  sp=0x00007fa4bf14b120,  free space=1020k
Native frames: (J=compiled Java code, j=interpreted, Vv=VM code, C=native code)
V  [libjvm.so+0xabc18a]  VMError::report_and_die()+0x2ba
V  [libjvm.so+0x4fafeb]  report_vm_out_of_memory(char const*, int, unsigned long, VMErrorType, char const*)+0x8b
V  [libjvm.so+0x91cbb3]  os::Linux::commit_memory_impl(char*, unsigned long, bool)+0x103
V  [libjvm.so+0x91d109]  os::pd_commit_memory(char*, unsigned long, unsigned long, bool)+0x29
V  [libjvm.so+0x91740a]  os::commit_memory(char*, unsigned long, unsigned long, bool)+0x2a
V  [libjvm.so+0x98b033]  PSVirtualSpace::expand_by(unsigned long)+0x53
V  [libjvm.so+0x98c438]  PSYoungGen::resize_generation(unsigned long, unsigned long)+0xf8
V  [libjvm.so+0x98b592]  PSYoungGen::resize(unsigned long, unsigned long)+0x22
V  [libjvm.so+0x98886b]  PSScavenge::invoke_no_policy()+0xf3b
V  [libjvm.so+0x988ff1]  PSScavenge::invoke()+0x41
V  [libjvm.so+0x9408b0]  ParallelScavengeHeap::failed_mem_allocate(unsigned long)+0x70
V  [libjvm.so+0xabdba7]  VM_ParallelGCFailedAllocation::doit()+0x97
V  [libjvm.so+0xac55d5]  VM_Operation::evaluate()+0x55
V  [libjvm.so+0xac39aa]  VMThread::evaluate_operation(VM_Operation*)+0xba
V  [libjvm.so+0xac3d2e]  VMThread::loop()+0x1ce
V  [libjvm.so+0xac41a0]  VMThread::run()+0x70
V  [libjvm.so+0x91ef78]  java_start(Thread*)+0x108

VM_Operation (0x00007fa4de8a03f0): ParallelGCFailedAllocation, mode: safepoint, requested by thread 0x00007fa4d800a000


---------------  P R O C E S S  ---------------

Java Threads: ( => current thread )
  0x00007fa4d8163000 JavaThread "pool-2-thread-4" [_thread_blocked, id=31118, stack(0x00007fa4bddfc000,0x00007fa4bdefd000)]
  0x00007fa4d8161800 JavaThread "pool-2-thread-3" [_thread_blocked, id=31117, stack(0x00007fa4bdefd000,0x00007fa4bdffe000)]
  0x00007fa4d8160800 JavaThread "pool-2-thread-2" [_thread_blocked, id=31116, stack(0x00007fa4bdffe000,0x00007fa4be0ff000)]
  0x00007fa4d815e800 JavaThread "pool-3-thread-1" [_thread_blocked, id=31115, stack(0x00007fa4be0ff000,0x00007fa4be200000)]
  0x00007fa4d815c000 JavaThread "pool-2-thread-1" [_thread_blocked, id=31114, stack(0x00007fa4be200000,0x00007fa4be301000)]
  0x00007fa4d80e5800 JavaThread "Service Thread" daemon [_thread_blocked, id=31112, stack(0x00007fa4be40c000,0x00007fa4be50d000)]
  0x00007fa4d80c8800 JavaThread "C1 CompilerThread3" daemon [_thread_blocked, id=31111, stack(0x00007fa4be50d000,0x00007fa4be60e000)]
  0x00007fa4d80c6800 JavaThread "C2 CompilerThread2" daemon [_thread_blocked, id=31110, stack(0x00007fa4be60e000,0x00007fa4be70f000)]
  0x00007fa4d80c5000 JavaThread "C2 CompilerThread1" daemon [_thread_blocked, id=31109, stack(0x00007fa4be70f000,0x00007fa4be810000)]
  0x00007fa4d80c2000 JavaThread "C2 CompilerThread0" daemon [_thread_in_native, id=31108, stack(0x00007fa4be810000,0x00007fa4be911000)]
  0x00007fa4d80c0800 JavaThread "Signal Dispatcher" daemon [_thread_blocked, id=31107, stack(0x00007fa4be911000,0x00007fa4bea12000)]
  0x00007fa4d808c800 JavaThread "Finalizer" daemon [_thread_blocked, id=31104, stack(0x00007fa4bee4a000,0x00007fa4bef4b000)]
  0x00007fa4d8087800 JavaThread "Reference Handler" daemon [_thread_blocked, id=31103, stack(0x00007fa4bef4b000,0x00007fa4bf04c000)]
  0x00007fa4d800a000 JavaThread "main" [_thread_blocked, id=31086, stack(0x00007fa4de7a2000,0x00007fa4de8a3000)]

Other Threads:
=>0x00007fa4d8080000 VMThread [stack: 0x00007fa4bf04c000,0x00007fa4bf14d000] [id=31102]
  0x00007fa4d80e9000 WatcherThread [stack: 0x00007fa4be30b000,0x00007fa4be40c000] [id=31113]

VM state:at safepoint (normal execution)

VM Mutex/Monitor currently owned by a thread:  ([mutex/lock_event])
[0x00007fa4d8006570] Threads_lock - owner thread: 0x00007fa4d8080000
[0x00007fa4d8006a70] Heap_lock - owner thread: 0x00007fa4d800a000

Heap:
 PSYoungGen      total 132096K, used 5108K [0x00000000eab00000, 0x00000000f3100000, 0x0000000100000000)
  eden space 126976K, 0% used [0x00000000eab00000,0x00000000eab00000,0x00000000f2700000)
  from space 5120K, 99% used [0x00000000f2700000,0x00000000f2bfd030,0x00000000f2c00000)
  to   space 5120K, 0% used [0x00000000f2c00000,0x00000000f2c00000,0x00000000f3100000)
 ParOldGen       total 84992K, used 40996K [0x00000000c0000000, 0x00000000c5300000, 0x00000000eab00000)
  object space 84992K, 48% used [0x00000000c0000000,0x00000000c2809090,0x00000000c5300000)
 Metaspace       used 6339K, capacity 7192K, committed 7424K, reserved 1056768K
  class space    used 617K, capacity 656K, committed 768K, reserved 1048576K

Card table byte_map: [0x00007fa4c81ec000,0x00007fa4c83ed000] byte_map_base: 0x00007fa4c7bec000

Marking Bits: (ParMarkBitMap*) 0x00007fa4ddc76d60
 Begin Bits: [0x00007fa4c59e4000, 0x00007fa4c69e4000)
 End Bits:   [0x00007fa4c69e4000, 0x00007fa4c79e4000)

Polling page: 0x00007fa4de8c6000

CodeCache: size=245760Kb used=6987Kb max_used=6987Kb free=238772Kb
 bounds [0x00007fa4c87ad000, 0x00007fa4c8e8d000, 0x00007fa4d77ad000]
 total_blobs=2110 nmethods=1842 adapters=182
 compilation: enabled

Compilation events (10 events):
Event: 7.550 Thread 0x00007fa4d80c8800 2126       2       com.android.dx.dex.file.AnnotationSetItem::<init> (83 bytes)
Event: 7.551 Thread 0x00007fa4d80c8800 nmethod 2126 0x00007fa4c8e81110 code [0x00007fa4c8e81300, 0x00007fa4c8e81b08]
Event: 7.551 Thread 0x00007fa4d80c8800 2127   !   2       com.android.dx.dex.file.AnnotationSetItem::writeSize (20 bytes)
Event: 7.551 Thread 0x00007fa4d80c8800 nmethod 2127 0x00007fa4c8e821d0 code [0x00007fa4c8e82340, 0x00007fa4c8e82548]
Event: 7.562 Thread 0x00007fa4d80c8800 2129 %     3       com.android.dx.ssa.SsaRenamer::<init> @ 65 (100 bytes)
Event: 7.563 Thread 0x00007fa4d80c8800 nmethod 2129% 0x00007fa4c8e826d0 code [0x00007fa4c8e828c0, 0x00007fa4c8e83468]
Event: 7.563 Thread 0x00007fa4d80c8800 2128   !   2       com.android.dx.cf.code.ExecutionStack::change (116 bytes)
Event: 7.564 Thread 0x00007fa4d80c8800 nmethod 2128 0x00007fa4c8e83990 code [0x00007fa4c8e83c20, 0x00007fa4c8e84698]
Event: 7.594 Thread 0x00007fa4d80c8800 2130       2       com.android.dx.command.dexer.Main::access$1600 (4 bytes)
Event: 7.595 Thread 0x00007fa4d80c8800 nmethod 2130 0x00007fa4c8e84fd0 code [0x00007fa4c8e85120, 0x00007fa4c8e85250]

GC Heap History (9 events):
Event: 1.753 GC heap before
{Heap before GC invocations=1 (full 0):
 PSYoungGen      total 36864K, used 31744K [0x00000000eab00000, 0x00000000ed400000, 0x0000000100000000)
  eden space 31744K, 100% used [0x00000000eab00000,0x00000000eca00000,0x00000000eca00000)
  from space 5120K, 0% used [0x00000000ecf00000,0x00000000ecf00000,0x00000000ed400000)
  to   space 5120K, 0% used [0x00000000eca00000,0x00000000eca00000,0x00000000ecf00000)
 ParOldGen       total 84992K, used 0K [0x00000000c0000000, 0x00000000c5300000, 0x00000000eab00000)
  object space 84992K, 0% used [0x00000000c0000000,0x00000000c0000000,0x00000000c5300000)
 Metaspace       used 5830K, capacity 6768K, committed 7040K, reserved 1056768K
  class space    used 596K, capacity 616K, committed 640K, reserved 1048576K
Event: 1.793 GC heap after
Heap after GC invocations=1 (full 0):
 PSYoungGen      total 36864K, used 5091K [0x00000000eab00000, 0x00000000ef300000, 0x0000000100000000)
  eden space 31744K, 0% used [0x00000000eab00000,0x00000000eab00000,0x00000000eca00000)
  from space 5120K, 99% used [0x00000000eca00000,0x00000000ecef8e18,0x00000000ecf00000)
  to   space 5120K, 0% used [0x00000000eee00000,0x00000000eee00000,0x00000000ef300000)
 ParOldGen       total 84992K, used 1244K [0x00000000c0000000, 0x00000000c5300000, 0x00000000eab00000)
  object space 84992K, 1% used [0x00000000c0000000,0x00000000c01370e8,0x00000000c5300000)
 Metaspace       used 5830K, capacity 6768K, committed 7040K, reserved 1056768K
  class space    used 596K, capacity 616K, committed 640K, reserved 1048576K
}
Event: 3.114 GC heap before
{Heap before GC invocations=2 (full 0):
 PSYoungGen      total 36864K, used 36835K [0x00000000eab00000, 0x00000000ef300000, 0x0000000100000000)
  eden space 31744K, 100% used [0x00000000eab00000,0x00000000eca00000,0x00000000eca00000)
  from space 5120K, 99% used [0x00000000eca00000,0x00000000ecef8e18,0x00000000ecf00000)
  to   space 5120K, 0% used [0x00000000eee00000,0x00000000eee00000,0x00000000ef300000)
 ParOldGen       total 84992K, used 1244K [0x00000000c0000000, 0x00000000c5300000, 0x00000000eab00000)
  object space 84992K, 1% used [0x00000000c0000000,0x00000000c01370e8,0x00000000c5300000)
 Metaspace       used 5972K, capacity 6896K, committed 7040K, reserved 1056768K
  class space    used 596K, capacity 616K, committed 640K, reserved 1048576K
Event: 3.174 GC heap after
Heap after GC invocations=2 (full 0):
 PSYoungGen      total 68608K, used 5106K [0x00000000eab00000, 0x00000000ef300000, 0x0000000100000000)
  eden space 63488K, 0% used [0x00000000eab00000,0x00000000eab00000,0x00000000ee900000)
  from space 5120K, 99% used [0x00000000eee00000,0x00000000ef2fcbb8,0x00000000ef300000)
  to   space 5120K, 0% used [0x00000000ee900000,0x00000000ee900000,0x00000000eee00000)
 ParOldGen       total 84992K, used 4926K [0x00000000c0000000, 0x00000000c5300000, 0x00000000eab00000)
  object space 84992K, 5% used [0x00000000c0000000,0x00000000c04cfba0,0x00000000c5300000)
 Metaspace       used 5972K, capacity 6896K, committed 7040K, reserved 1056768K
  class space    used 596K, capacity 616K, committed 640K, reserved 1048576K
}
Event: 6.114 GC heap before
{Heap before GC invocations=3 (full 0):
 PSYoungGen      total 68608K, used 68594K [0x00000000eab00000, 0x00000000ef300000, 0x0000000100000000)
  eden space 63488K, 100% used [0x00000000eab00000,0x00000000ee900000,0x00000000ee900000)
  from space 5120K, 99% used [0x00000000eee00000,0x00000000ef2fcbb8,0x00000000ef300000)
  to   space 5120K, 0% used [0x00000000ee900000,0x00000000ee900000,0x00000000eee00000)
 ParOldGen       total 84992K, used 4926K [0x00000000c0000000, 0x00000000c5300000, 0x00000000eab00000)
  object space 84992K, 5% used [0x00000000c0000000,0x00000000c04cfba0,0x00000000c5300000)
 Metaspace       used 6006K, capacity 6960K, committed 7040K, reserved 1056768K
  class space    used 597K, capacity 616K, committed 640K, reserved 1048576K
Event: 6.196 GC heap after
Heap after GC invocations=3 (full 0):
 PSYoungGen      total 68608K, used 5119K [0x00000000eab00000, 0x00000000f3100000, 0x0000000100000000)
  eden space 63488K, 0% used [0x00000000eab00000,0x00000000eab00000,0x00000000ee900000)
  from space 5120K, 99% used [0x00000000ee900000,0x00000000eedffc50,0x00000000eee00000)
  to   space 5120K, 0% used [0x00000000f2c00000,0x00000000f2c00000,0x00000000f3100000)
 ParOldGen       total 84992K, used 14113K [0x00000000c0000000, 0x00000000c5300000, 0x00000000eab00000)
  object space 84992K, 16% used [0x00000000c0000000,0x00000000c0dc8590,0x00000000c5300000)
 Metaspace       used 6006K, capacity 6960K, committed 7040K, reserved 1056768K
  class space    used 597K, capacity 616K, committed 640K, reserved 1048576K
}
Event: 6.612 GC heap before
{Heap before GC invocations=4 (full 0):
 PSYoungGen      total 68608K, used 68607K [0x00000000eab00000, 0x00000000f3100000, 0x0000000100000000)
  eden space 63488K, 100% used [0x00000000eab00000,0x00000000ee900000,0x00000000ee900000)
  from space 5120K, 99% used [0x00000000ee900000,0x00000000eedffc50,0x00000000eee00000)
  to   space 5120K, 0% used [0x00000000f2c00000,0x00000000f2c00000,0x00000000f3100000)
 ParOldGen       total 84992K, used 14113K [0x00000000c0000000, 0x00000000c5300000, 0x00000000eab00000)
  object space 84992K, 16% used [0x00000000c0000000,0x00000000c0dc8590,0x00000000c5300000)
 Metaspace       used 6182K, capacity 7064K, committed 7424K, reserved 1056768K
  class space    used 617K, capacity 656K, committed 768K, reserved 1048576K
Event: 6.719 GC heap after
Heap after GC invocations=4 (full 0):
 PSYoungGen      total 132096K, used 5089K [0x00000000eab00000, 0x00000000f3100000, 0x0000000100000000)
  eden space 126976K, 0% used [0x00000000eab00000,0x00000000eab00000,0x00000000f2700000)
  from space 5120K, 99% used [0x00000000f2c00000,0x00000000f30f8538,0x00000000f3100000)
  to   space 5120K, 0% used [0x00000000f2700000,0x00000000f2700000,0x00000000f2c00000)
 ParOldGen       total 84992K, used 23036K [0x00000000c0000000, 0x00000000c5300000, 0x00000000eab00000)
  object space 84992K, 27% used [0x00000000c0000000,0x00000000c167f1a8,0x00000000c5300000)
 Metaspace       used 6182K, capacity 7064K, committed 7424K, reserved 1056768K
  class space    used 617K, capacity 656K, committed 768K, reserved 1048576K
}
Event: 7.667 GC heap before
{Heap before GC invocations=5 (full 0):
 PSYoungGen      total 132096K, used 132065K [0x00000000eab00000, 0x00000000f3100000, 0x0000000100000000)
  eden space 126976K, 100% used [0x00000000eab00000,0x00000000f2700000,0x00000000f2700000)
  from space 5120K, 99% used [0x00000000f2c00000,0x00000000f30f8538,0x00000000f3100000)
  to   space 5120K, 0% used [0x00000000f2700000,0x00000000f2700000,0x00000000f2c00000)
 ParOldGen       total 84992K, used 23036K [0x00000000c0000000, 0x00000000c5300000, 0x00000000eab00000)
  object space 84992K, 27% used [0x00000000c0000000,0x00000000c167f1a8,0x00000000c5300000)
 Metaspace       used 6339K, capacity 7192K, committed 7424K, reserved 1056768K
  class space    used 617K, capacity 656K, committed 768K, reserved 1048576K

Deoptimization events (10 events):
Event: 6.424 Thread 0x00007fa4d8163000 Uncommon trap: reason=unstable_if action=reinterpret pc=0x00007fa4c8a4a1e0 method=java.util.HashMap.putVal(ILjava/lang/Object;Ljava/lang/Object;ZZ)Ljava/lang/Object; @ 162
Event: 6.439 Thread 0x00007fa4d8163000 Uncommon trap: reason=unstable_if action=reinterpret pc=0x00007fa4c89ba778 method=java.util.HashMap.getNode(ILjava/lang/Object;)Ljava/util/HashMap$Node; @ 84
Event: 6.441 Thread 0x00007fa4d8163000 Uncommon trap: reason=unstable_if action=reinterpret pc=0x00007fa4c89d7ef4 method=java.util.HashMap.getNode(ILjava/lang/Object;)Ljava/util/HashMap$Node; @ 84
Event: 6.441 Thread 0x00007fa4d8163000 Uncommon trap: reason=unstable_if action=reinterpret pc=0x00007fa4c8bee35c method=java.util.HashMap.putVal(ILjava/lang/Object;Ljava/lang/Object;ZZ)Ljava/lang/Object; @ 109
Event: 6.565 Thread 0x00007fa4d815c000 Uncommon trap: reason=bimorphic action=maybe_recompile pc=0x00007fa4c8d6594c method=com.android.dx.ssa.LiteralOpUpgrader.tryReplacingWithConstant(Lcom/android/dx/ssa/NormalSsaInsn;)Z @ 62
Event: 6.858 Thread 0x00007fa4d8160800 Uncommon trap: reason=bimorphic action=maybe_recompile pc=0x00007fa4c8d6594c method=com.android.dx.ssa.LiteralOpUpgrader.tryReplacingWithConstant(Lcom/android/dx/ssa/NormalSsaInsn;)Z @ 62
Event: 6.858 Thread 0x00007fa4d8160800 Uncommon trap: reason=unstable_if action=reinterpret pc=0x00007fa4c8d8b4bc method=com.android.dx.ssa.LiteralOpUpgrader$1.visitNonMoveInsn(Lcom/android/dx/ssa/NormalSsaInsn;)V @ 24
Event: 7.064 Thread 0x00007fa4d8161800 Uncommon trap: reason=unstable_if action=reinterpret pc=0x00007fa4c8bb1b0c method=java.util.HashMap.resize()[Ljava/util/HashMap$Node; @ 206
Event: 7.229 Thread 0x00007fa4d815c000 Uncommon trap: reason=unstable_if action=reinterpret pc=0x00007fa4c8ac4748 method=com.android.dx.dex.code.OutputFinisher.hasLocalInfo(Lcom/android/dx/dex/code/DalvInsn;)Z @ 24
Event: 7.352 Thread 0x00007fa4d8161800 Uncommon trap: reason=unstable_if action=reinterpret pc=0x00007fa4c8cdd508 method=com.android.dx.ssa.SCCP.simulateBranch(Lcom/android/dx/ssa/SsaInsn;)V @ 548

Internal exceptions (6 events):
Event: 0.122 Thread 0x00007fa4d800a000 Exception <a 'java/lang/NoSuchMethodError': Method sun.misc.Unsafe.defineClass(Ljava/lang/String;[BII)Ljava/lang/Class; name or signature does not match> (0x00000000eab07cc0) thrown at [/HUDSON/workspace/8-2-build-linux-amd64/jdk8u91/6644/hotspot/src/shar
Event: 0.122 Thread 0x00007fa4d800a000 Exception <a 'java/lang/NoSuchMethodError': Method sun.misc.Unsafe.prefetchRead(Ljava/lang/Object;J)V name or signature does not match> (0x00000000eab07fa8) thrown at [/HUDSON/workspace/8-2-build-linux-amd64/jdk8u91/6644/hotspot/src/share/vm/prims/jni.cpp
Event: 1.996 Thread 0x00007fa4d8160800 Implicit null exception at 0x00007fa4c8a4e829 to 0x00007fa4c8a51839
Event: 6.437 Thread 0x00007fa4d8163000 Exception <a 'java/lang/ArrayIndexOutOfBoundsException': 18> (0x00000000ed425a20) thrown at [/HUDSON/workspace/8-2-build-linux-amd64/jdk8u91/6644/hotspot/src/share/vm/interpreter/interpreterRuntime.cpp, line 366]
Event: 6.437 Thread 0x00007fa4d8163000 Exception <a 'java/lang/ArrayIndexOutOfBoundsException': 145> (0x00000000ed4275a0) thrown at [/HUDSON/workspace/8-2-build-linux-amd64/jdk8u91/6644/hotspot/src/share/vm/interpreter/interpreterRuntime.cpp, line 366]
Event: 6.438 Thread 0x00007fa4d8163000 Exception <a 'java/lang/ArrayIndexOutOfBoundsException': 40> (0x00000000ed428888) thrown at [/HUDSON/workspace/8-2-build-linux-amd64/jdk8u91/6644/hotspot/src/share/vm/interpreter/interpreterRuntime.cpp, line 366]

Events (10 events):
Event: 7.498 Thread 0x00007fa4d8161800 DEOPT UNPACKING pc=0x00007fa4c87f4633 sp=0x00007fa4bdffbda8 mode 0
Event: 7.509 Thread 0x00007fa4d815c000 DEOPT PACKING pc=0x00007fa4c8ae1f10 sp=0x00007fa4be2fead0
Event: 7.509 Thread 0x00007fa4d815c000 DEOPT UNPACKING pc=0x00007fa4c87f4633 sp=0x00007fa4be2fe800 mode 0
Event: 7.552 Thread 0x00007fa4d815c000 DEOPT PACKING pc=0x00007fa4c8af7fc8 sp=0x00007fa4be2feba0
Event: 7.552 Thread 0x00007fa4d815c000 DEOPT UNPACKING pc=0x00007fa4c87f4633 sp=0x00007fa4be2fe928 mode 0
Event: 7.556 Thread 0x00007fa4d8160800 DEOPT PACKING pc=0x00007fa4c8aef6a8 sp=0x00007fa4be0fce50
Event: 7.556 Thread 0x00007fa4d8160800 DEOPT UNPACKING pc=0x00007fa4c87f4633 sp=0x00007fa4be0fcbb8 mode 0
Event: 7.632 Thread 0x00007fa4d800a000 DEOPT PACKING pc=0x00007fa4c8af7fc8 sp=0x00007fa4de8a0600
Event: 7.632 Thread 0x00007fa4d800a000 DEOPT UNPACKING pc=0x00007fa4c87f4633 sp=0x00007fa4de8a0388 mode 0
Event: 7.667 Executing VM operation: ParallelGCFailedAllocation


Dynamic libraries:
00400000-00401000 r-xp 00000000 08:01 9839507                            /usr/lib/jvm/java-8-oracle/bin/java
00600000-00601000 rw-p 00000000 08:01 9839507                            /usr/lib/jvm/java-8-oracle/bin/java
017c4000-017e5000 rw-p 00000000 00:00 0                                  [heap]
c0000000-c5300000 rw-p 00000000 00:00 0 
c5300000-eab00000 ---p 00000000 00:00 0 
eab00000-f3100000 rw-p 00000000 00:00 0 
fd300000-100000000 ---p 00000000 00:00 0 
100000000-1000c0000 rw-p 00000000 00:00 0 
1000c0000-140000000 ---p 00000000 00:00 0 
7fa450000000-7fa450041000 rw-p 00000000 00:00 0 
7fa450041000-7fa454000000 ---p 00000000 00:00 0 
7fa454000000-7fa45403b000 rw-p 00000000 00:00 0 
7fa45403b000-7fa458000000 ---p 00000000 00:00 0 
7fa458000000-7fa458021000 rw-p 00000000 00:00 0 
7fa458021000-7fa45c000000 ---p 00000000 00:00 0 
7fa45c000000-7fa45c021000 rw-p 00000000 00:00 0 
7fa45c021000-7fa460000000 ---p 00000000 00:00 0 
7fa460000000-7fa460021000 rw-p 00000000 00:00 0 
7fa460021000-7fa464000000 ---p 00000000 00:00 0 
7fa464000000-7fa46403e000 rw-p 00000000 00:00 0 
7fa46403e000-7fa468000000 ---p 00000000 00:00 0 
7fa468000000-7fa4689c9000 rw-p 00000000 00:00 0 
7fa4689c9000-7fa46c000000 ---p 00000000 00:00 0 
7fa46c000000-7fa46c021000 rw-p 00000000 00:00 0 
7fa46c021000-7fa470000000 ---p 00000000 00:00 0 
7fa470000000-7fa470d03000 rw-p 00000000 00:00 0 
7fa470d03000-7fa474000000 ---p 00000000 00:00 0 
7fa474000000-7fa474a8f000 rw-p 00000000 00:00 0 
7fa474a8f000-7fa478000000 ---p 00000000 00:00 0 
7fa478000000-7fa478021000 rw-p 00000000 00:00 0 
7fa478021000-7fa47c000000 ---p 00000000 00:00 0 
7fa47c000000-7fa47c8fa000 rw-p 00000000 00:00 0 
7fa47c8fa000-7fa480000000 ---p 00000000 00:00 0 
7fa480000000-7fa480021000 rw-p 00000000 00:00 0 
7fa480021000-7fa484000000 ---p 00000000 00:00 0 
7fa484000000-7fa484021000 rw-p 00000000 00:00 0 
7fa484021000-7fa488000000 ---p 00000000 00:00 0 
7fa488000000-7fa488021000 rw-p 00000000 00:00 0 
7fa488021000-7fa48c000000 ---p 00000000 00:00 0 
7fa490000000-7fa490021000 rw-p 00000000 00:00 0 
7fa490021000-7fa494000000 ---p 00000000 00:00 0 
7fa494000000-7fa49428d000 rw-p 00000000 00:00 0 
7fa49428d000-7fa498000000 ---p 00000000 00:00 0 
7fa498000000-7fa498021000 rw-p 00000000 00:00 0 
7fa498021000-7fa49c000000 ---p 00000000 00:00 0 
7fa4a0000000-7fa4a0021000 rw-p 00000000 00:00 0 
7fa4a0021000-7fa4a4000000 ---p 00000000 00:00 0 
7fa4a8000000-7fa4a8021000 rw-p 00000000 00:00 0 
7fa4a8021000-7fa4ac000000 ---p 00000000 00:00 0 
7fa4b0000000-7fa4b0021000 rw-p 00000000 00:00 0 
7fa4b0021000-7fa4b4000000 ---p 00000000 00:00 0 
7fa4b8000000-7fa4b8021000 rw-p 00000000 00:00 0 
7fa4b8021000-7fa4bc000000 ---p 00000000 00:00 0 
7fa4bddfc000-7fa4bddff000 ---p 00000000 00:00 0 
7fa4bddff000-7fa4bdefd000 rw-p 00000000 00:00 0 
7fa4bdefd000-7fa4bdf00000 ---p 00000000 00:00 0 
7fa4bdf00000-7fa4bdffe000 rw-p 00000000 00:00 0 
7fa4bdffe000-7fa4be001000 ---p 00000000 00:00 0 
7fa4be001000-7fa4be0ff000 rw-p 00000000 00:00 0 
7fa4be0ff000-7fa4be102000 ---p 00000000 00:00 0 
7fa4be102000-7fa4be200000 rw-p 00000000 00:00 0 
7fa4be200000-7fa4be203000 ---p 00000000 00:00 0 
7fa4be203000-7fa4be301000 rw-p 00000000 00:00 0 
7fa4be301000-7fa4be30b000 r--s 0008b000 08:01 4200883                    /home/oguz/Masaüstü/FomApplicationAndroid/app/build/intermediates/exploded-aar/com.android.support/appcompat-v7/23.3.0/jars/classes.jar
7fa4be30b000-7fa4be30c000 ---p 00000000 00:00 0 
7fa4be30c000-7fa4be40c000 rw-p 00000000 00:00 0 
7fa4be40c000-7fa4be40f000 ---p 00000000 00:00 0 
7fa4be40f000-7fa4be50d000 rw-p 00000000 00:00 0 
7fa4be50d000-7fa4be510000 ---p 00000000 00:00 0 
7fa4be510000-7fa4be60e000 rw-p 00000000 00:00 0 
7fa4be60e000-7fa4be611000 ---p 00000000 00:00 0 
7fa4be611000-7fa4be70f000 rw-p 00000000 00:00 0 
7fa4be70f000-7fa4be712000 ---p 00000000 00:00 0 
7fa4be712000-7fa4be810000 rw-p 00000000 00:00 0 
7fa4be810000-7fa4be813000 ---p 00000000 00:00 0 
7fa4be813000-7fa4be911000 rw-p 00000000 00:00 0 
7fa4be911000-7fa4be914000 ---p 00000000 00:00 0 
7fa4be914000-7fa4bea12000 rw-p 00000000 00:00 0 
7fa4bea12000-7fa4bee4a000 r--p 00000000 08:01 9700768                    /usr/lib/locale/locale-archive
7fa4bee4a000-7fa4bee4d000 ---p 00000000 00:00 0 
7fa4bee4d000-7fa4bef4b000 rw-p 00000000 00:00 0 
7fa4bef4b000-7fa4bef4e000 ---p 00000000 00:00 0 
7fa4bef4e000-7fa4bf04c000 rw-p 00000000 00:00 0 
7fa4bf04c000-7fa4bf04d000 ---p 00000000 00:00 0 
7fa4bf04d000-7fa4c0000000 rw-p 00000000 00:00 0 
7fa4c0000000-7fa4c0021000 rw-p 00000000 00:00 0 
7fa4c0021000-7fa4c4000000 ---p 00000000 00:00 0 
7fa4c4004000-7fa4c4d95000 rw-p 00000000 00:00 0 
7fa4c4d95000-7fa4c4f6e000 r--s 03d1f000 08:01 9967487                    /usr/lib/jvm/java-8-oracle/jre/lib/rt.jar
7fa4c4f6e000-7fa4c5664000 rw-p 00000000 00:00 0 
7fa4c5664000-7fa4c57e4000 ---p 00000000 00:00 0 
7fa4c57e4000-7fa4c79e4000 rw-p 00000000 00:00 0 
7fa4c79e4000-7fa4c79e5000 ---p 00000000 00:00 0 
7fa4c79e5000-7fa4c7ae5000 rw-p 00000000 00:00 0 
7fa4c7ae5000-7fa4c7ae6000 ---p 00000000 00:00 0 
7fa4c7ae6000-7fa4c7be6000 rw-p 00000000 00:00 0 
7fa4c7be6000-7fa4c7be7000 ---p 00000000 00:00 0 
7fa4c7be7000-7fa4c7ce7000 rw-p 00000000 00:00 0 
7fa4c7ce7000-7fa4c7ce8000 ---p 00000000 00:00 0 
7fa4c7ce8000-7fa4c7de8000 rw-p 00000000 00:00 0 
7fa4c7de8000-7fa4c7de9000 ---p 00000000 00:00 0 
7fa4c7de9000-7fa4c7ee9000 rw-p 00000000 00:00 0 
7fa4c7ee9000-7fa4c7eea000 ---p 00000000 00:00 0 
7fa4c7eea000-7fa4c7fea000 rw-p 00000000 00:00 0 
7fa4c7fea000-7fa4c7feb000 ---p 00000000 00:00 0 
7fa4c7feb000-7fa4c80eb000 rw-p 00000000 00:00 0 
7fa4c80eb000-7fa4c80ec000 ---p 00000000 00:00 0 
7fa4c80ec000-7fa4c8216000 rw-p 00000000 00:00 0 
7fa4c8216000-7fa4c8341000 ---p 00000000 00:00 0 
7fa4c8341000-7fa4c8385000 rw-p 00000000 00:00 0 
7fa4c8385000-7fa4c83ec000 ---p 00000000 00:00 0 
7fa4c83ec000-7fa4c8409000 rw-p 00000000 00:00 0 
7fa4c8409000-7fa4c87ad000 ---p 00000000 00:00 0 
7fa4c87ad000-7fa4c8e8d000 rwxp 00000000 00:00 0 
7fa4c8e8d000-7fa4d77ad000 ---p 00000000 00:00 0 
7fa4d77ad000-7fa4d77c7000 r-xp 00000000 08:01 10092954                   /usr/lib/jvm/java-8-oracle/jre/lib/amd64/libzip.so
7fa4d77c7000-7fa4d79c7000 ---p 0001a000 08:01 10092954                   /usr/lib/jvm/java-8-oracle/jre/lib/amd64/libzip.so
7fa4d79c7000-7fa4d79c8000 rw-p 0001a000 08:01 10092954                   /usr/lib/jvm/java-8-oracle/jre/lib/amd64/libzip.so
7fa4d79c8000-7fa4d79d3000 r-xp 00000000 08:01 7603299                    /lib/x86_64-linux-gnu/libnss_files-2.23.so
7fa4d79d3000-7fa4d7bd2000 ---p 0000b000 08:01 7603299                    /lib/x86_64-linux-gnu/libnss_files-2.23.so
7fa4d7bd2000-7fa4d7bd3000 r--p 0000a000 08:01 7603299                    /lib/x86_64-linux-gnu/libnss_files-2.23.so
7fa4d7bd3000-7fa4d7bd4000 rw-p 0000b000 08:01 7603299                    /lib/x86_64-linux-gnu/libnss_files-2.23.so
7fa4d7bd4000-7fa4d7bda000 rw-p 00000000 00:00 0 
7fa4d7bda000-7fa4d7be5000 r-xp 00000000 08:01 7603296                    /lib/x86_64-linux-gnu/libnss_nis-2.23.so
7fa4d7be5000-7fa4d7de4000 ---p 0000b000 08:01 7603296                    /lib/x86_64-linux-gnu/libnss_nis-2.23.so
7fa4d7de4000-7fa4d7de5000 r--p 0000a000 08:01 7603296                    /lib/x86_64-linux-gnu/libnss_nis-2.23.so
7fa4d7de5000-7fa4d7de6000 rw-p 0000b000 08:01 7603296                    /lib/x86_64-linux-gnu/libnss_nis-2.23.so
7fa4d7de6000-7fa4d7dfc000 r-xp 00000000 08:01 7603294                    /lib/x86_64-linux-gnu/libnsl-2.23.so
7fa4d7dfc000-7fa4d7ffc000 ---p 00016000 08:01 7603294                    /lib/x86_64-linux-gnu/libnsl-2.23.so
7fa4d7ffc000-7fa4d7ffd000 r--p 00016000 08:01 7603294                    /lib/x86_64-linux-gnu/libnsl-2.23.so
7fa4d7ffd000-7fa4d7ffe000 rw-p 00017000 08:01 7603294                    /lib/x86_64-linux-gnu/libnsl-2.23.so
7fa4d7ffe000-7fa4d8000000 rw-p 00000000 00:00 0 
7fa4d8000000-7fa4d83b3000 rw-p 00000000 00:00 0 
7fa4d83b3000-7fa4dc000000 ---p 00000000 00:00 0 
7fa4dc006000-7fa4dc015000 r--s 000df000 08:01 5246091                    /home/oguz/Android/Sdk/build-tools/23.0.3/lib/dx.jar
7fa4dc015000-7fa4dc03f000 rw-p 00000000 00:00 0 
7fa4dc03f000-7fa4dc16b000 ---p 00000000 00:00 0 
7fa4dc16b000-7fa4dc173000 r-xp 00000000 08:01 7603292                    /lib/x86_64-linux-gnu/libnss_compat-2.23.so
7fa4dc173000-7fa4dc372000 ---p 00008000 08:01 7603292                    /lib/x86_64-linux-gnu/libnss_compat-2.23.so
7fa4dc372000-7fa4dc373000 r--p 00007000 08:01 7603292                    /lib/x86_64-linux-gnu/libnss_compat-2.23.so
7fa4dc373000-7fa4dc374000 rw-p 00008000 08:01 7603292                    /lib/x86_64-linux-gnu/libnss_compat-2.23.so
7fa4dc374000-7fa4dc39e000 r-xp 00000000 08:01 10092949                   /usr/lib/jvm/java-8-oracle/jre/lib/amd64/libjava.so
7fa4dc39e000-7fa4dc59e000 ---p 0002a000 08:01 10092949                   /usr/lib/jvm/java-8-oracle/jre/lib/amd64/libjava.so
7fa4dc59e000-7fa4dc5a0000 rw-p 0002a000 08:01 10092949                   /usr/lib/jvm/java-8-oracle/jre/lib/amd64/libjava.so
7fa4dc5a0000-7fa4dc5ad000 r-xp 00000000 08:01 10092953                   /usr/lib/jvm/java-8-oracle/jre/lib/amd64/libverify.so
7fa4dc5ad000-7fa4dc7ad000 ---p 0000d000 08:01 10092953                   /usr/lib/jvm/java-8-oracle/jre/lib/amd64/libverify.so
7fa4dc7ad000-7fa4dc7af000 rw-p 0000d000 08:01 10092953                   /usr/lib/jvm/java-8-oracle/jre/lib/amd64/libverify.so
7fa4dc7af000-7fa4dc7b6000 r-xp 00000000 08:01 7603308                    /lib/x86_64-linux-gnu/librt-2.23.so
7fa4dc7b6000-7fa4dc9b5000 ---p 00007000 08:01 7603308                    /lib/x86_64-linux-gnu/librt-2.23.so
7fa4dc9b5000-7fa4dc9b6000 r--p 00006000 08:01 7603308                    /lib/x86_64-linux-gnu/librt-2.23.so
7fa4dc9b6000-7fa4dc9b7000 rw-p 00007000 08:01 7603308                    /lib/x86_64-linux-gnu/librt-2.23.so
7fa4dc9b7000-7fa4dcabf000 r-xp 00000000 08:01 7603305                    /lib/x86_64-linux-gnu/libm-2.23.so
7fa4dcabf000-7fa4dccbe000 ---p 00108000 08:01 7603305                    /lib/x86_64-linux-gnu/libm-2.23.so
7fa4dccbe000-7fa4dccbf000 r--p 00107000 08:01 7603305                    /lib/x86_64-linux-gnu/libm-2.23.so
7fa4dccbf000-7fa4dccc0000 rw-p 00108000 08:01 7603305                    /lib/x86_64-linux-gnu/libm-2.23.so
7fa4dccc0000-7fa4dd980000 r-xp 00000000 08:01 10092932                   /usr/lib/jvm/java-8-oracle/jre/lib/amd64/server/libjvm.so
7fa4dd980000-7fa4ddb80000 ---p 00cc0000 08:01 10092932                   /usr/lib/jvm/java-8-oracle/jre/lib/amd64/server/libjvm.so
7fa4ddb80000-7fa4ddc58000 rw-p 00cc0000 08:01 10092932                   /usr/lib/jvm/java-8-oracle/jre/lib/amd64/server/libjvm.so
7fa4ddc58000-7fa4ddca3000 rw-p 00000000 00:00 0 
7fa4ddca3000-7fa4dde63000 r-xp 00000000 08:01 7603313                    /lib/x86_64-linux-gnu/libc-2.23.so
7fa4dde63000-7fa4de063000 ---p 001c0000 08:01 7603313                    /lib/x86_64-linux-gnu/libc-2.23.so
7fa4de063000-7fa4de067000 r--p 001c0000 08:01 7603313                    /lib/x86_64-linux-gnu/libc-2.23.so
7fa4de067000-7fa4de069000 rw-p 001c4000 08:01 7603313                    /lib/x86_64-linux-gnu/libc-2.23.so
7fa4de069000-7fa4de06d000 rw-p 00000000 00:00 0 
7fa4de06d000-7fa4de070000 r-xp 00000000 08:01 7603314                    /lib/x86_64-linux-gnu/libdl-2.23.so
7fa4de070000-7fa4de26f000 ---p 00003000 08:01 7603314                    /lib/x86_64-linux-gnu/libdl-2.23.so
7fa4de26f000-7fa4de270000 r--p 00002000 08:01 7603314                    /lib/x86_64-linux-gnu/libdl-2.23.so
7fa4de270000-7fa4de271000 rw-p 00003000 08:01 7603314                    /lib/x86_64-linux-gnu/libdl-2.23.so
7fa4de271000-7fa4de286000 r-xp 00000000 08:01 9840182                    /usr/lib/jvm/java-8-oracle/lib/amd64/jli/libjli.so
7fa4de286000-7fa4de486000 ---p 00015000 08:01 9840182                    /usr/lib/jvm/java-8-oracle/lib/amd64/jli/libjli.so
7fa4de486000-7fa4de487000 rw-p 00015000 08:01 9840182                    /usr/lib/jvm/java-8-oracle/lib/amd64/jli/libjli.so
7fa4de487000-7fa4de49f000 r-xp 00000000 08:01 7603312                    /lib/x86_64-linux-gnu/libpthread-2.23.so
7fa4de49f000-7fa4de69e000 ---p 00018000 08:01 7603312                    /lib/x86_64-linux-gnu/libpthread-2.23.so
7fa4de69e000-7fa4de69f000 r--p 00017000 08:01 7603312                    /lib/x86_64-linux-gnu/libpthread-2.23.so
7fa4de69f000-7fa4de6a0000 rw-p 00018000 08:01 7603312                    /lib/x86_64-linux-gnu/libpthread-2.23.so
7fa4de6a0000-7fa4de6a4000 rw-p 00000000 00:00 0 
7fa4de6a4000-7fa4de6ca000 r-xp 00000000 08:01 7603309                    /lib/x86_64-linux-gnu/ld-2.23.so
7fa4de6d0000-7fa4de7a2000 rw-p 00000000 00:00 0 
7fa4de7a2000-7fa4de7a5000 ---p 00000000 00:00 0 
7fa4de7a5000-7fa4de8a7000 rw-p 00000000 00:00 0 
7fa4de8a9000-7fa4de8bd000 rw-p 00000000 00:00 0 
7fa4de8bd000-7fa4de8c5000 rw-s 00000000 08:01 133429                     /tmp/hsperfdata_oguz/31084
7fa4de8c5000-7fa4de8c6000 rw-p 00000000 00:00 0 
7fa4de8c6000-7fa4de8c7000 ---p 00000000 00:00 0 
7fa4de8c7000-7fa4de8c9000 rw-p 00000000 00:00 0 
7fa4de8c9000-7fa4de8ca000 r--p 00025000 08:01 7603309                    /lib/x86_64-linux-gnu/ld-2.23.so
7fa4de8ca000-7fa4de8cb000 rw-p 00026000 08:01 7603309                    /lib/x86_64-linux-gnu/ld-2.23.so
7fa4de8cb000-7fa4de8cc000 rw-p 00000000 00:00 0 
7fff166d1000-7fff166f2000 rw-p 00000000 00:00 0                          [stack]
7fff16725000-7fff16727000 r--p 00000000 00:00 0                          [vvar]
7fff16727000-7fff16729000 r-xp 00000000 00:00 0                          [vdso]
ffffffffff600000-ffffffffff601000 r-xp 00000000 00:00 0                  [vsyscall]

VM Arguments:
jvm_args: -Djava.awt.headless=true -Xmx1024M -Dfile.encoding=UTF-8 -Duser.country=TR -Duser.language=tr -Duser.variant 
java_command: com.android.dx.command.Main --dex --force-jumbo --num-threads=4 --multi-dex --output /home/oguz/Masaüstü/FomApplicationAndroid/app/build/intermediates/transforms/dex/debug/folders/1000/10/com.android.support-appcompat-v7-23.3.0_e1df6f83b2e5d080a1446384bf4f3b636b871261 /home/oguz/Masaüstü/FomApplicationAndroid/app/build/intermediates/exploded-aar/com.android.support/appcompat-v7/23.3.0/jars/classes.jar
java_class_path (initial): /home/oguz/Android/Sdk/build-tools/23.0.3/lib/dx.jar
Launcher Type: SUN_STANDARD

Environment Variables:
PATH=/usr/local/sbin:/usr/local/bin:/usr/sbin:/usr/bin:/sbin:/bin:/usr/games:/usr/local/games:/snap/bin
LD_LIBRARY_PATH=/home/oguz/Masaüstü/Derleyiciler/android-studio/bin:
SHELL=/bin/bash
DISPLAY=:0

Signal Handlers:
SIGSEGV: [libjvm.so+0xabca10], sa_mask[0]=11111111011111111101111111111110, sa_flags=SA_RESTART|SA_SIGINFO
SIGBUS: [libjvm.so+0xabca10], sa_mask[0]=11111111011111111101111111111110, sa_flags=SA_RESTART|SA_SIGINFO
SIGFPE: [libjvm.so+0x919a20], sa_mask[0]=11111111011111111101111111111110, sa_flags=SA_RESTART|SA_SIGINFO
SIGPIPE: [libjvm.so+0x919a20], sa_mask[0]=11111111011111111101111111111110, sa_flags=SA_RESTART|SA_SIGINFO
SIGXFSZ: [libjvm.so+0x919a20], sa_mask[0]=11111111011111111101111111111110, sa_flags=SA_RESTART|SA_SIGINFO
SIGILL: [libjvm.so+0x919a20], sa_mask[0]=11111111011111111101111111111110, sa_flags=SA_RESTART|SA_SIGINFO
SIGUSR1: SIG_DFL, sa_mask[0]=00000000000000000000000000000000, sa_flags=none
SIGUSR2: [libjvm.so+0x91b050], sa_mask[0]=00100000000000000000000000000000, sa_flags=SA_RESTART|SA_SIGINFO
SIGHUP: [libjvm.so+0x91c450], sa_mask[0]=11111111011111111101111111111110, sa_flags=SA_RESTART|SA_SIGINFO
SIGINT: [libjvm.so+0x91c450], sa_mask[0]=11111111011111111101111111111110, sa_flags=SA_RESTART|SA_SIGINFO
SIGTERM: [libjvm.so+0x91c450], sa_mask[0]=11111111011111111101111111111110, sa_flags=SA_RESTART|SA_SIGINFO
SIGQUIT: [libjvm.so+0x91c450], sa_mask[0]=11111111011111111101111111111110, sa_flags=SA_RESTART|SA_SIGINFO


---------------  S Y S T E M  ---------------

OS:DISTRIB_ID=Ubuntu
DISTRIB_RELEASE=16.04
DISTRIB_CODENAME=xenial
DISTRIB_DESCRIPTION="Ubuntu Xenial Xerus (development branch)"

uname:Linux 4.4.0-22-generic #39-Ubuntu SMP Thu May 5 16:53:32 UTC 2016 x86_64
libc:glibc 2.23 NPTL 2.23 
rlimit: STACK 8192k, CORE 0k, NPROC 31498, NOFILE 65536, AS infinity
load average:11.86 3.17 1.30

/proc/meminfo:
MemTotal:        8101800 kB
MemFree:           51956 kB
MemAvailable:     179060 kB
Buffers:            3844 kB
Cached:           535736 kB
SwapCached:            0 kB
Active:          7325188 kB
Inactive:         480432 kB
Active(anon):    7293640 kB
Inactive(anon):   393684 kB
Active(file):      31548 kB
Inactive(file):    86748 kB
Unevictable:          92 kB
Mlocked:              92 kB
SwapTotal:             0 kB
SwapFree:              0 kB
Dirty:               224 kB
Writeback:             0 kB
AnonPages:       7266852 kB
Mapped:           199800 kB
Shmem:            420432 kB
Slab:             104628 kB
SReclaimable:      51180 kB
SUnreclaim:        53448 kB
KernelStack:       18304 kB
PageTables:        61180 kB
NFS_Unstable:          0 kB
Bounce:                0 kB
WritebackTmp:          0 kB
CommitLimit:     4050900 kB
Committed_AS:   13467708 kB
VmallocTotal:   34359738367 kB
VmallocUsed:           0 kB
VmallocChunk:          0 kB
HardwareCorrupted:     0 kB
AnonHugePages:   5142528 kB
CmaTotal:              0 kB
CmaFree:               0 kB
HugePages_Total:       0
HugePages_Free:        0
HugePages_Rsvd:        0
HugePages_Surp:        0
Hugepagesize:       2048 kB
DirectMap4k:      187136 kB
DirectMap2M:     8128512 kB
DirectMap1G:     1048576 kB


CPU:total 8 (4 cores per cpu, 2 threads per core) family 6 model 60 stepping 3, cmov, cx8, fxsr, mmx, sse, sse2, sse3, ssse3, sse4.1, sse4.2, popcnt, avx, avx2, aes, clmul, erms, lzcnt, ht, tsc, tscinvbit, bmi1, bmi2

/proc/cpuinfo:
processor	: 0
vendor_id	: GenuineIntel
cpu family	: 6
model		: 60
model name	: Intel(R) Core(TM) i7-4700MQ CPU @ 2.40GHz
stepping	: 3
microcode	: 0x16
cpu MHz		: 2998.406
cache size	: 6144 KB
physical id	: 0
siblings	: 8
core id		: 0
cpu cores	: 4
apicid		: 0
initial apicid	: 0
fpu		: yes
fpu_exception	: yes
cpuid level	: 13
wp		: yes
flags		: fpu vme de pse tsc msr pae mce cx8 apic sep mtrr pge mca cmov pat pse36 clflush dts acpi mmx fxsr sse sse2 ss ht tm pbe syscall nx pdpe1gb rdtscp lm constant_tsc arch_perfmon pebs bts rep_good nopl xtopology nonstop_tsc aperfmperf eagerfpu pni pclmulqdq dtes64 monitor ds_cpl vmx est tm2 ssse3 sdbg fma cx16 xtpr pdcm pcid sse4_1 sse4_2 movbe popcnt tsc_deadline_timer aes xsave avx f16c rdrand lahf_lm abm epb tpr_shadow vnmi flexpriority ept vpid fsgsbase tsc_adjust bmi1 avx2 smep bmi2 erms invpcid xsaveopt dtherm ida arat pln pts
bugs		:
bogomips	: 4789.24
clflush size	: 64
cache_alignment	: 64
address sizes	: 39 bits physical, 48 bits virtual
power management:

processor	: 1
vendor_id	: GenuineIntel
cpu family	: 6
model		: 60
model name	: Intel(R) Core(TM) i7-4700MQ CPU @ 2.40GHz
stepping	: 3
microcode	: 0x16
cpu MHz		: 3136.031
cache size	: 6144 KB
physical id	: 0
siblings	: 8
core id		: 0
cpu cores	: 4
apicid		: 1
initial apicid	: 1
fpu		: yes
fpu_exception	: yes
cpuid level	: 13
wp		: yes
flags		: fpu vme de pse tsc msr pae mce cx8 apic sep mtrr pge mca cmov pat pse36 clflush dts acpi mmx fxsr sse sse2 ss ht tm pbe syscall nx pdpe1gb rdtscp lm constant_tsc arch_perfmon pebs bts rep_good nopl xtopology nonstop_tsc aperfmperf eagerfpu pni pclmulqdq dtes64 monitor ds_cpl vmx est tm2 ssse3 sdbg fma cx16 xtpr pdcm pcid sse4_1 sse4_2 movbe popcnt tsc_deadline_timer aes xsave avx f16c rdrand lahf_lm abm epb tpr_shadow vnmi flexpriority ept vpid fsgsbase tsc_adjust bmi1 avx2 smep bmi2 erms invpcid xsaveopt dtherm ida arat pln pts
bugs		:
bogomips	: 4789.24
clflush size	: 64
cache_alignment	: 64
address sizes	: 39 bits physical, 48 bits virtual
power management:

processor	: 2
vendor_id	: GenuineIntel
cpu family	: 6
model		: 60
model name	: Intel(R) Core(TM) i7-4700MQ CPU @ 2.40GHz
stepping	: 3
microcode	: 0x16
cpu MHz		: 3135.843
cache size	: 6144 KB
physical id	: 0
siblings	: 8
core id		: 1
cpu cores	: 4
apicid		: 2
initial apicid	: 2
fpu		: yes
fpu_exception	: yes
cpuid level	: 13
wp		: yes
flags		: fpu vme de pse tsc msr pae mce cx8 apic sep mtrr pge mca cmov pat pse36 clflush dts acpi mmx fxsr sse sse2 ss ht tm pbe syscall nx pdpe1gb rdtscp lm constant_tsc arch_perfmon pebs bts rep_good nopl xtopology nonstop_tsc aperfmperf eagerfpu pni pclmulqdq dtes64 monitor ds_cpl vmx est tm2 ssse3 sdbg fma cx16 xtpr pdcm pcid sse4_1 sse4_2 movbe popcnt tsc_deadline_timer aes xsave avx f16c rdrand lahf_lm abm epb tpr_shadow vnmi flexpriority ept vpid fsgsbase tsc_adjust bmi1 avx2 smep bmi2 erms invpcid xsaveopt dtherm ida arat pln pts
bugs		:
bogomips	: 4789.24
clflush size	: 64
cache_alignment	: 64
address sizes	: 39 bits physical, 48 bits virtual
power management:

processor	: 3
vendor_id	: GenuineIntel
cpu family	: 6
model		: 60
model name	: Intel(R) Core(TM) i7-4700MQ CPU @ 2.40GHz
stepping	: 3
microcode	: 0x16
cpu MHz		: 2998.406
cache size	: 6144 KB
physical id	: 0
siblings	: 8
core id		: 1
cpu cores	: 4
apicid		: 3
initial apicid	: 3
fpu		: yes
fpu_exception	: yes
cpuid level	: 13
wp		: yes
flags		: fpu vme de pse tsc msr pae mce cx8 apic sep mtrr pge mca cmov pat pse36 clflush dts acpi mmx fxsr sse sse2 ss ht tm pbe syscall nx pdpe1gb rdtscp lm constant_tsc arch_perfmon pebs bts rep_good nopl xtopology nonstop_tsc aperfmperf eagerfpu pni pclmulqdq dtes64 monitor ds_cpl vmx est tm2 ssse3 sdbg fma cx16 xtpr pdcm pcid sse4_1 sse4_2 movbe popcnt tsc_deadline_timer aes xsave avx f16c rdrand lahf_lm abm epb tpr_shadow vnmi flexpriority ept vpid fsgsbase tsc_adjust bmi1 avx2 smep bmi2 erms invpcid xsaveopt dtherm ida arat pln pts
bugs		:
bogomips	: 4789.24
clflush size	: 64
cache_alignment	: 64
address sizes	: 39 bits physical, 48 bits virtual
power management:

processor	: 4
vendor_id	: GenuineIntel
cpu family	: 6
model		: 60
model name	: Intel(R) Core(TM) i7-4700MQ CPU @ 2.40GHz
stepping	: 3
microcode	: 0x16
cpu MHz		: 2998.406
cache size	: 6144 KB
physical id	: 0
siblings	: 8
core id		: 2
cpu cores	: 4
apicid		: 4
initial apicid	: 4
fpu		: yes
fpu_exception	: yes
cpuid level	: 13
wp		: yes
flags		: fpu vme de pse tsc msr pae mce cx8 apic sep mtrr pge mca cmov pat pse36 clflush dts acpi mmx fxsr sse sse2 ss ht tm pbe syscall nx pdpe1gb rdtscp lm constant_tsc arch_perfmon pebs bts rep_good nopl xtopology nonstop_tsc aperfmperf eagerfpu pni pclmulqdq dtes64 monitor ds_cpl vmx est tm2 ssse3 sdbg fma cx16 xtpr pdcm pcid sse4_1 sse4_2 movbe popcnt tsc_deadline_timer aes xsave avx f16c rdrand lahf_lm abm epb tpr_shadow vnmi flexpriority ept vpid fsgsbase tsc_adjust bmi1 avx2 smep bmi2 erms invpcid xsaveopt dtherm ida arat pln pts
bugs		:
bogomips	: 4789.24
clflush size	: 64
cache_alignment	: 64
address sizes	: 39 bits physical, 48 bits virtual
power management:

processor	: 5
vendor_id	: GenuineIntel
cpu family	: 6
model		: 60
model name	: Intel(R) Core(TM) i7-4700MQ CPU @ 2.40GHz
stepping	: 3
microcode	: 0x16
cpu MHz		: 2998.218
cache size	: 6144 KB
physical id	: 0
siblings	: 8
core id		: 2
cpu cores	: 4
apicid		: 5
initial apicid	: 5
fpu		: yes
fpu_exception	: yes
cpuid level	: 13
wp		: yes
flags		: fpu vme de pse tsc msr pae mce cx8 apic sep mtrr pge mca cmov pat pse36 clflush dts acpi mmx fxsr sse sse2 ss ht tm pbe syscall nx pdpe1gb rdtscp lm constant_tsc arch_perfmon pebs bts rep_good nopl xtopology nonstop_tsc aperfmperf eagerfpu pni pclmulqdq dtes64 monitor ds_cpl vmx est tm2 ssse3 sdbg fma cx16 xtpr pdcm pcid sse4_1 sse4_2 movbe popcnt tsc_deadline_timer aes xsave avx f16c rdrand lahf_lm abm epb tpr_shadow vnmi flexpriority ept vpid fsgsbase tsc_adjust bmi1 avx2 smep bmi2 erms invpcid xsaveopt dtherm ida arat pln pts
bugs		:
bogomips	: 4789.24
clflush size	: 64
cache_alignment	: 64
address sizes	: 39 bits physical, 48 bits virtual
power management:

processor	: 6
vendor_id	: GenuineIntel
cpu family	: 6
model		: 60
model name	: Intel(R) Core(TM) i7-4700MQ CPU @ 2.40GHz
stepping	: 3
microcode	: 0x16
cpu MHz		: 3135.937
cache size	: 6144 KB
physical id	: 0
siblings	: 8
core id		: 3
cpu cores	: 4
apicid		: 6
initial apicid	: 6
fpu		: yes
fpu_exception	: yes
cpuid level	: 13
wp		: yes
flags		: fpu vme de pse tsc msr pae mce cx8 apic sep mtrr pge mca cmov pat pse36 clflush dts acpi mmx fxsr sse sse2 ss ht tm pbe syscall nx pdpe1gb rdtscp lm constant_tsc arch_perfmon pebs bts rep_good nopl xtopology nonstop_tsc aperfmperf eagerfpu pni pclmulqdq dtes64 monitor ds_cpl vmx est tm2 ssse3 sdbg fma cx16 xtpr pdcm pcid sse4_1 sse4_2 movbe popcnt tsc_deadline_timer aes xsave avx f16c rdrand lahf_lm abm epb tpr_shadow vnmi flexpriority ept vpid fsgsbase tsc_adjust bmi1 avx2 smep bmi2 erms invpcid xsaveopt dtherm ida arat pln pts
bugs		:
bogomips	: 4789.24
clflush size	: 64
cache_alignment	: 64
address sizes	: 39 bits physical, 48 bits virtual
power management:

processor	: 7
vendor_id	: GenuineIntel
cpu family	: 6
model		: 60
model name	: Intel(R) Core(TM) i7-4700MQ CPU @ 2.40GHz
stepping	: 3
microcode	: 0x16
cpu MHz		: 3065.250
cache size	: 6144 KB
physical id	: 0
siblings	: 8
core id		: 3
cpu cores	: 4
apicid		: 7
initial apicid	: 7
fpu		: yes
fpu_exception	: yes
cpuid level	: 13
wp		: yes
flags		: fpu vme de pse tsc msr pae mce cx8 apic sep mtrr pge mca cmov pat pse36 clflush dts acpi mmx fxsr sse sse2 ss ht tm pbe syscall nx pdpe1gb rdtscp lm constant_tsc arch_perfmon pebs bts rep_good nopl xtopology nonstop_tsc aperfmperf eagerfpu pni pclmulqdq dtes64 monitor ds_cpl vmx est tm2 ssse3 sdbg fma cx16 xtpr pdcm pcid sse4_1 sse4_2 movbe popcnt tsc_deadline_timer aes xsave avx f16c rdrand lahf_lm abm epb tpr_shadow vnmi flexpriority ept vpid fsgsbase tsc_adjust bmi1 avx2 smep bmi2 erms invpcid xsaveopt dtherm ida arat pln pts
bugs		:
bogomips	: 4789.24
clflush size	: 64
cache_alignment	: 64
address sizes	: 39 bits physical, 48 bits virtual
power management:



Memory: 4k page, physical 8101800k(51300k free), swap 0k(0k free)

vm_info: Java HotSpot(TM) 64-Bit Server VM (25.91-b14) for linux-amd64 JRE (1.8.0_91-b14), built on Apr  1 2016 00:57:21 by "java_re" with gcc 4.3.0 20080428 (Red Hat 4.3.0-8)

time: Tue Aug  9 15:05:23 2016
elapsed time: 7 seconds (0d 0h 0m 7s)

