#
# There is insufficient memory for the Java Runtime Environment to continue.
# Native memory allocation (mmap) failed to map 146276352 bytes for committing reserved memory.
# Possible reasons:
#   The system is out of physical RAM or swap space
#   In 32 bit mode, the process size limit was hit
# Possible solutions:
#   Reduce memory load on the system
#   Increase physical memory or swap space
#   Check if swap backing store is full
#   Use 64 bit Java on a 64 bit OS
#   Decrease Java heap size (-Xmx/-Xms)
#   Decrease number of Java threads
#   Decrease Java thread stack sizes (-Xss)
#   Set larger code cache with -XX:ReservedCodeCacheSize=
# This output file may be truncated or incomplete.
#
#  Out of Memory Error (os_linux.cpp:2627), pid=15175, tid=139858657949440
#
# JRE version: Java(TM) SE Runtime Environment (8.0_91-b14) (build 1.8.0_91-b14)
# Java VM: Java HotSpot(TM) 64-Bit Server VM (25.91-b14 mixed mode linux-amd64 compressed oops)
# Failed to write core dump. Core dumps have been disabled. To enable core dumping, try "ulimit -c unlimited" before starting Java again
#

---------------  T H R E A D  ---------------

Current thread (0x00007f3374080000):  VMThread [stack: 0x00007f3361903000,0x00007f3361a04000] [id=15188]

Stack: [0x00007f3361903000,0x00007f3361a04000],  sp=0x00007f3361a01fa0,  free space=1019k
Native frames: (J=compiled Java code, j=interpreted, Vv=VM code, C=native code)
V  [libjvm.so+0xabc18a]  VMError::report_and_die()+0x2ba
V  [libjvm.so+0x4fafeb]  report_vm_out_of_memory(char const*, int, unsigned long, VMErrorType, char const*)+0x8b
V  [libjvm.so+0x91cbb3]  os::Linux::commit_memory_impl(char*, unsigned long, bool)+0x103
V  [libjvm.so+0x91d109]  os::pd_commit_memory(char*, unsigned long, unsigned long, bool)+0x29
V  [libjvm.so+0x91740a]  os::commit_memory(char*, unsigned long, unsigned long, bool)+0x2a
V  [libjvm.so+0x98b033]  PSVirtualSpace::expand_by(unsigned long)+0x53
V  [libjvm.so+0x98c438]  PSYoungGen::resize_generation(unsigned long, unsigned long)+0xf8
V  [libjvm.so+0x98b592]  PSYoungGen::resize(unsigned long, unsigned long)+0x22
V  [libjvm.so+0x98886b]  PSScavenge::invoke_no_policy()+0xf3b
V  [libjvm.so+0x988ff1]  PSScavenge::invoke()+0x41
V  [libjvm.so+0x9408b0]  ParallelScavengeHeap::failed_mem_allocate(unsigned long)+0x70
V  [libjvm.so+0xabdba7]  VM_ParallelGCFailedAllocation::doit()+0x97
V  [libjvm.so+0xac55d5]  VM_Operation::evaluate()+0x55
V  [libjvm.so+0xac39aa]  VMThread::evaluate_operation(VM_Operation*)+0xba
V  [libjvm.so+0xac3d2e]  VMThread::loop()+0x1ce
V  [libjvm.so+0xac41a0]  VMThread::run()+0x70
V  [libjvm.so+0x91ef78]  java_start(Thread*)+0x108

VM_Operation (0x00007f33608bcf60): ParallelGCFailedAllocation, mode: safepoint, requested by thread 0x00007f337413a800


---------------  P R O C E S S  ---------------

Java Threads: ( => current thread )
  0x00007f337413a800 JavaThread "pool-2-thread-3" [_thread_blocked, id=15201, stack(0x00007f33607be000,0x00007f33608bf000)]
  0x00007f3374139000 JavaThread "pool-2-thread-2" [_thread_blocked, id=15200, stack(0x00007f33608bf000,0x00007f33609c0000)]
  0x00007f3374137800 JavaThread "pool-3-thread-1" [_thread_blocked, id=15199, stack(0x00007f33609c0000,0x00007f3360ac1000)]
  0x00007f33740cb800 JavaThread "Service Thread" daemon [_thread_blocked, id=15196, stack(0x00007f3360cc3000,0x00007f3360dc4000)]
  0x00007f33740c8800 JavaThread "C1 CompilerThread3" daemon [_thread_blocked, id=15195, stack(0x00007f3360dc4000,0x00007f3360ec5000)]
  0x00007f33740c6800 JavaThread "C2 CompilerThread2" daemon [_thread_blocked, id=15194, stack(0x00007f3360ec5000,0x00007f3360fc6000)]
  0x00007f33740c5000 JavaThread "C2 CompilerThread1" daemon [_thread_in_native, id=15193, stack(0x00007f3360fc6000,0x00007f33610c7000)]
  0x00007f33740c2000 JavaThread "C2 CompilerThread0" daemon [_thread_blocked, id=15192, stack(0x00007f33610c7000,0x00007f33611c8000)]
  0x00007f33740c0800 JavaThread "Signal Dispatcher" daemon [_thread_blocked, id=15191, stack(0x00007f33611c8000,0x00007f33612c9000)]
  0x00007f337408c000 JavaThread "Finalizer" daemon [_thread_blocked, id=15190, stack(0x00007f3361701000,0x00007f3361802000)]
  0x00007f3374087800 JavaThread "Reference Handler" daemon [_thread_blocked, id=15189, stack(0x00007f3361802000,0x00007f3361903000)]
  0x00007f337400a000 JavaThread "main" [_thread_blocked, id=15177, stack(0x00007f337d050000,0x00007f337d151000)]

Other Threads:
=>0x00007f3374080000 VMThread [stack: 0x00007f3361903000,0x00007f3361a04000] [id=15188]
  0x00007f33740ce800 WatcherThread [stack: 0x00007f3360bc2000,0x00007f3360cc3000] [id=15197]

VM state:at safepoint (normal execution)

VM Mutex/Monitor currently owned by a thread:  ([mutex/lock_event])
[0x00007f33740064b0] Threads_lock - owner thread: 0x00007f3374080000
[0x00007f33740069b0] Heap_lock - owner thread: 0x00007f337413a800

Heap:
 PSYoungGen      total 132096K, used 5097K [0x00000000eab00000, 0x00000000f3100000, 0x0000000100000000)
  eden space 126976K, 0% used [0x00000000eab00000,0x00000000eab00000,0x00000000f2700000)
  from space 5120K, 99% used [0x00000000f2700000,0x00000000f2bfa498,0x00000000f2c00000)
  to   space 5120K, 0% used [0x00000000f2c00000,0x00000000f2c00000,0x00000000f3100000)
 ParOldGen       total 97280K, used 39510K [0x00000000c0000000, 0x00000000c5f00000, 0x00000000eab00000)
  object space 97280K, 40% used [0x00000000c0000000,0x00000000c2695ab8,0x00000000c5f00000)
 Metaspace       used 5813K, capacity 6960K, committed 7040K, reserved 1056768K
  class space    used 578K, capacity 616K, committed 640K, reserved 1048576K

Card table byte_map: [0x00007f3379c05000,0x00007f3379e06000] byte_map_base: 0x00007f3379605000

Marking Bits: (ParMarkBitMap*) 0x00007f337c524d60
 Begin Bits: [0x00007f3363000000, 0x00007f3364000000)
 End Bits:   [0x00007f3364000000, 0x00007f3365000000)

Polling page: 0x00007f337d174000

CodeCache: size=245760Kb used=6680Kb max_used=6698Kb free=239079Kb
 bounds [0x00007f3365000000, 0x00007f33656a0000, 0x00007f3374000000]
 total_blobs=1714 nmethods=1453 adapters=175
 compilation: enabled

Compilation events (10 events):
Event: 8.528 Thread 0x00007f33740c6800 nmethod 1737 0x00007f3365626fd0 code [0x00007f3365627120, 0x00007f33656271f8]
Event: 8.533 Thread 0x00007f33740c6800 1750       4       com.android.dx.ssa.SCCP::simulateBlock (54 bytes)
Event: 8.570 Thread 0x00007f33740c8800 1752       3       com.android.dx.ssa.SCCP::run (298 bytes)
Event: 8.574 Thread 0x00007f33740c8800 nmethod 1752 0x00007f336567f5d0 code [0x00007f336567f9c0, 0x00007f3365681a08]
Event: 8.675 Thread 0x00007f33740c8800 1757       3       com.android.dx.ssa.ConstCollector::getConstsSortedByCountUse (386 bytes)
Event: 8.684 Thread 0x00007f33740c8800 nmethod 1757 0x00007f3365686250 code [0x00007f3365686880, 0x00007f336568b168]
Event: 8.685 Thread 0x00007f33740c2000 nmethod 1733 0x00007f336568dcd0 code [0x00007f336568e020, 0x00007f3365690388]
Event: 8.685 Thread 0x00007f33740c2000 1753       4       com.android.dx.ssa.SsaMethod::computeReachability (131 bytes)
Event: 8.721 Thread 0x00007f33740c8800 1761       2       com.android.dx.ssa.PhiInsn::updateSourcesToDefinitions (68 bytes)
Event: 8.722 Thread 0x00007f33740c8800 nmethod 1761 0x00007f336566d690 code [0x00007f336566d840, 0x00007f336566dc18]

GC Heap History (10 events):
Event: 1.586 GC heap after
Heap after GC invocations=1 (full 0):
 PSYoungGen      total 36864K, used 5100K [0x00000000eab00000, 0x00000000ef300000, 0x0000000100000000)
  eden space 31744K, 0% used [0x00000000eab00000,0x00000000eab00000,0x00000000eca00000)
  from space 5120K, 99% used [0x00000000eca00000,0x00000000ecefb340,0x00000000ecf00000)
  to   space 5120K, 0% used [0x00000000eee00000,0x00000000eee00000,0x00000000ef300000)
 ParOldGen       total 84992K, used 2180K [0x00000000c0000000, 0x00000000c5300000, 0x00000000eab00000)
  object space 84992K, 2% used [0x00000000c0000000,0x00000000c0221150,0x00000000c5300000)
 Metaspace       used 5577K, capacity 6768K, committed 7040K, reserved 1056768K
  class space    used 576K, capacity 616K, committed 640K, reserved 1048576K
}
Event: 4.316 GC heap before
{Heap before GC invocations=2 (full 0):
 PSYoungGen      total 36864K, used 36844K [0x00000000eab00000, 0x00000000ef300000, 0x0000000100000000)
  eden space 31744K, 100% used [0x00000000eab00000,0x00000000eca00000,0x00000000eca00000)
  from space 5120K, 99% used [0x00000000eca00000,0x00000000ecefb340,0x00000000ecf00000)
  to   space 5120K, 0% used [0x00000000eee00000,0x00000000eee00000,0x00000000ef300000)
 ParOldGen       total 84992K, used 2180K [0x00000000c0000000, 0x00000000c5300000, 0x00000000eab00000)
  object space 84992K, 2% used [0x00000000c0000000,0x00000000c0221150,0x00000000c5300000)
 Metaspace       used 5667K, capacity 6832K, committed 7040K, reserved 1056768K
  class space    used 576K, capacity 616K, committed 640K, reserved 1048576K
Event: 4.404 GC heap after
Heap after GC invocations=2 (full 0):
 PSYoungGen      total 68608K, used 5099K [0x00000000eab00000, 0x00000000ef300000, 0x0000000100000000)
  eden space 63488K, 0% used [0x00000000eab00000,0x00000000eab00000,0x00000000ee900000)
  from space 5120K, 99% used [0x00000000eee00000,0x00000000ef2fadc8,0x00000000ef300000)
  to   space 5120K, 0% used [0x00000000ee900000,0x00000000ee900000,0x00000000eee00000)
 ParOldGen       total 84992K, used 12208K [0x00000000c0000000, 0x00000000c5300000, 0x00000000eab00000)
  object space 84992K, 14% used [0x00000000c0000000,0x00000000c0bec370,0x00000000c5300000)
 Metaspace       used 5667K, capacity 6832K, committed 7040K, reserved 1056768K
  class space    used 576K, capacity 616K, committed 640K, reserved 1048576K
}
Event: 4.916 GC heap before
{Heap before GC invocations=3 (full 0):
 PSYoungGen      total 68608K, used 68587K [0x00000000eab00000, 0x00000000ef300000, 0x0000000100000000)
  eden space 63488K, 100% used [0x00000000eab00000,0x00000000ee900000,0x00000000ee900000)
  from space 5120K, 99% used [0x00000000eee00000,0x00000000ef2fadc8,0x00000000ef300000)
  to   space 5120K, 0% used [0x00000000ee900000,0x00000000ee900000,0x00000000eee00000)
 ParOldGen       total 84992K, used 12208K [0x00000000c0000000, 0x00000000c5300000, 0x00000000eab00000)
  object space 84992K, 14% used [0x00000000c0000000,0x00000000c0bec370,0x00000000c5300000)
 Metaspace       used 5725K, capacity 6896K, committed 7040K, reserved 1056768K
  class space    used 578K, capacity 616K, committed 640K, reserved 1048576K
Event: 5.015 GC heap after
Heap after GC invocations=3 (full 0):
 PSYoungGen      total 68608K, used 5119K [0x00000000eab00000, 0x00000000f3100000, 0x0000000100000000)
  eden space 63488K, 0% used [0x00000000eab00000,0x00000000eab00000,0x00000000ee900000)
  from space 5120K, 99% used [0x00000000ee900000,0x00000000eedffd40,0x00000000eee00000)
  to   space 5120K, 0% used [0x00000000f2c00000,0x00000000f2c00000,0x00000000f3100000)
 ParOldGen       total 84992K, used 36679K [0x00000000c0000000, 0x00000000c5300000, 0x00000000eab00000)
  object space 84992K, 43% used [0x00000000c0000000,0x00000000c23d1df8,0x00000000c5300000)
 Metaspace       used 5725K, capacity 6896K, committed 7040K, reserved 1056768K
  class space    used 578K, capacity 616K, committed 640K, reserved 1048576K
}
Event: 5.716 GC heap before
{Heap before GC invocations=4 (full 0):
 PSYoungGen      total 68608K, used 68607K [0x00000000eab00000, 0x00000000f3100000, 0x0000000100000000)
  eden space 63488K, 100% used [0x00000000eab00000,0x00000000ee900000,0x00000000ee900000)
  from space 5120K, 99% used [0x00000000ee900000,0x00000000eedffd40,0x00000000eee00000)
  to   space 5120K, 0% used [0x00000000f2c00000,0x00000000f2c00000,0x00000000f3100000)
 ParOldGen       total 84992K, used 36679K [0x00000000c0000000, 0x00000000c5300000, 0x00000000eab00000)
  object space 84992K, 43% used [0x00000000c0000000,0x00000000c23d1df8,0x00000000c5300000)
 Metaspace       used 5773K, capacity 6960K, committed 7040K, reserved 1056768K
  class space    used 578K, capacity 616K, committed 640K, reserved 1048576K
Event: 5.825 GC heap after
Heap after GC invocations=4 (full 0):
 PSYoungGen      total 132096K, used 5095K [0x00000000eab00000, 0x00000000f3100000, 0x0000000100000000)
  eden space 126976K, 0% used [0x00000000eab00000,0x00000000eab00000,0x00000000f2700000)
  from space 5120K, 99% used [0x00000000f2c00000,0x00000000f30f9de8,0x00000000f3100000)
  to   space 5120K, 0% used [0x00000000f2700000,0x00000000f2700000,0x00000000f2c00000)
 ParOldGen       total 84992K, used 59604K [0x00000000c0000000, 0x00000000c5300000, 0x00000000eab00000)
  object space 84992K, 70% used [0x00000000c0000000,0x00000000c3a351f0,0x00000000c5300000)
 Metaspace       used 5773K, capacity 6960K, committed 7040K, reserved 1056768K
  class space    used 578K, capacity 616K, committed 640K, reserved 1048576K
}
Event: 5.826 GC heap before
{Heap before GC invocations=5 (full 1):
 PSYoungGen      total 132096K, used 5095K [0x00000000eab00000, 0x00000000f3100000, 0x0000000100000000)
  eden space 126976K, 0% used [0x00000000eab00000,0x00000000eab00000,0x00000000f2700000)
  from space 5120K, 99% used [0x00000000f2c00000,0x00000000f30f9de8,0x00000000f3100000)
  to   space 5120K, 0% used [0x00000000f2700000,0x00000000f2700000,0x00000000f2c00000)
 ParOldGen       total 84992K, used 59604K [0x00000000c0000000, 0x00000000c5300000, 0x00000000eab00000)
  object space 84992K, 70% used [0x00000000c0000000,0x00000000c3a351f0,0x00000000c5300000)
 Metaspace       used 5773K, capacity 6960K, committed 7040K, reserved 1056768K
  class space    used 578K, capacity 616K, committed 640K, reserved 1048576K
Event: 6.104 GC heap after
Heap after GC invocations=5 (full 1):
 PSYoungGen      total 132096K, used 0K [0x00000000eab00000, 0x00000000f3100000, 0x0000000100000000)
  eden space 126976K, 0% used [0x00000000eab00000,0x00000000eab00000,0x00000000f2700000)
  from space 5120K, 0% used [0x00000000f2c00000,0x00000000f2c00000,0x00000000f3100000)
  to   space 5120K, 0% used [0x00000000f2700000,0x00000000f2700000,0x00000000f2c00000)
 ParOldGen       total 97280K, used 22026K [0x00000000c0000000, 0x00000000c5f00000, 0x00000000eab00000)
  object space 97280K, 22% used [0x00000000c0000000,0x00000000c1582800,0x00000000c5f00000)
 Metaspace       used 5773K, capacity 6960K, committed 7040K, reserved 1056768K
  class space    used 578K, capacity 616K, committed 640K, reserved 1048576K
}
Event: 8.730 GC heap before
{Heap before GC invocations=6 (full 1):
 PSYoungGen      total 132096K, used 126976K [0x00000000eab00000, 0x00000000f3100000, 0x0000000100000000)
  eden space 126976K, 100% used [0x00000000eab00000,0x00000000f2700000,0x00000000f2700000)
  from space 5120K, 0% used [0x00000000f2c00000,0x00000000f2c00000,0x00000000f3100000)
  to   space 5120K, 0% used [0x00000000f2700000,0x00000000f2700000,0x00000000f2c00000)
 ParOldGen       total 97280K, used 22026K [0x00000000c0000000, 0x00000000c5f00000, 0x00000000eab00000)
  object space 97280K, 22% used [0x00000000c0000000,0x00000000c1582800,0x00000000c5f00000)
 Metaspace       used 5813K, capacity 6960K, committed 7040K, reserved 1056768K
  class space    used 578K, capacity 616K, committed 640K, reserved 1048576K

Deoptimization events (10 events):
Event: 5.689 Thread 0x00007f337413a800 Uncommon trap: reason=bimorphic action=maybe_recompile pc=0x00007f3365518398 method=com.android.dx.ssa.LiteralOpUpgrader.tryReplacingWithConstant(Lcom/android/dx/ssa/NormalSsaInsn;)Z @ 52
Event: 6.264 Thread 0x00007f337400a000 Uncommon trap: reason=unloaded action=reinterpret pc=0x00007f33653f989c method=com.android.dx.cf.cst.ConstantPoolParser.parse0(ILjava/util/BitSet;)Lcom/android/dx/rop/cst/Constant; @ 176
Event: 6.288 Thread 0x00007f337413a800 Uncommon trap: reason=unstable_if action=reinterpret pc=0x00007f3365473450 method=com.android.dx.rop.code.RegisterSpecSet.intersect(Lcom/android/dx/rop/code/RegisterSpecSet;Z)V @ 73
Event: 6.302 Thread 0x00007f337413a800 Uncommon trap: reason=bimorphic action=maybe_recompile pc=0x00007f3365518398 method=com.android.dx.ssa.LiteralOpUpgrader.tryReplacingWithConstant(Lcom/android/dx/ssa/NormalSsaInsn;)Z @ 52
Event: 6.305 Thread 0x00007f337413a800 Uncommon trap: reason=bimorphic action=maybe_recompile pc=0x00007f3365518398 method=com.android.dx.ssa.LiteralOpUpgrader.tryReplacingWithConstant(Lcom/android/dx/ssa/NormalSsaInsn;)Z @ 52
Event: 6.466 Thread 0x00007f337400a000 Uncommon trap: reason=unstable_if action=reinterpret pc=0x00007f336539d900 method=com.android.dx.cf.code.OneLocalsArray.<init>(I)V @ 2
Event: 7.069 Thread 0x00007f3374135800 Uncommon trap: reason=uninitialized action=reinterpret pc=0x00007f33653c5004 method=com.android.dx.cf.code.BytecodeArray.parseInstruction(ILcom/android/dx/cf/code/BytecodeArray$Visitor;)I @ 1063
Event: 7.131 Thread 0x00007f3374135800 Uncommon trap: reason=unstable_if action=reinterpret pc=0x00007f33651cb2dc method=com.android.dx.rop.cst.Constant.compareTo(Lcom/android/dx/rop/cst/Constant;)I @ 12
Event: 7.131 Thread 0x00007f3374135800 Uncommon trap: reason=bimorphic action=maybe_recompile pc=0x00007f3365367a68 method=java.util.HashMap.getNode(ILjava/lang/Object;)Ljava/util/HashMap$Node; @ 126
Event: 7.241 Thread 0x00007f3374135800 Uncommon trap: reason=unstable_if action=reinterpret pc=0x00007f3365525e7c method=com.android.dx.util.BitIntSet.has(I)Z @ 8

Internal exceptions (3 events):
Event: 0.030 Thread 0x00007f337400a000 Exception <a 'java/lang/NoSuchMethodError': Method sun.misc.Unsafe.defineClass(Ljava/lang/String;[BII)Ljava/lang/Class; name or signature does not match> (0x00000000eab07cc0) thrown at [/HUDSON/workspace/8-2-build-linux-amd64/jdk8u91/6644/hotspot/src/shar
Event: 0.030 Thread 0x00007f337400a000 Exception <a 'java/lang/NoSuchMethodError': Method sun.misc.Unsafe.prefetchRead(Ljava/lang/Object;J)V name or signature does not match> (0x00000000eab07fa8) thrown at [/HUDSON/workspace/8-2-build-linux-amd64/jdk8u91/6644/hotspot/src/share/vm/prims/jni.cpp
Event: 6.288 Thread 0x00007f337413a800 Implicit null exception at 0x00007f33654718b6 to 0x00007f3365473405

Events (10 events):
Event: 8.713 Thread 0x00007f3374139000 DEOPT UNPACKING pc=0x00007f3365047633 sp=0x00007f33609bdae8 mode 0
Event: 8.717 Thread 0x00007f3374139000 DEOPT PACKING pc=0x00007f3365280a2d sp=0x00007f33609bdd60
Event: 8.717 Thread 0x00007f3374139000 DEOPT UNPACKING pc=0x00007f3365047633 sp=0x00007f33609bdae8 mode 0
Event: 8.719 Thread 0x00007f3374139000 DEOPT PACKING pc=0x00007f3365280a2d sp=0x00007f33609bdd60
Event: 8.719 Thread 0x00007f3374139000 DEOPT UNPACKING pc=0x00007f3365047633 sp=0x00007f33609bdae8 mode 0
Event: 8.721 Thread 0x00007f3374139000 DEOPT PACKING pc=0x00007f3365280a2d sp=0x00007f33609bdd60
Event: 8.721 Thread 0x00007f3374139000 DEOPT UNPACKING pc=0x00007f3365047633 sp=0x00007f33609bdae8 mode 0
Event: 8.730 Thread 0x00007f3374139000 DEOPT PACKING pc=0x00007f3365280a2d sp=0x00007f33609bdd60
Event: 8.730 Thread 0x00007f3374139000 DEOPT UNPACKING pc=0x00007f3365047633 sp=0x00007f33609bdae8 mode 0
Event: 8.730 Executing VM operation: ParallelGCFailedAllocation


Dynamic libraries:
00400000-00401000 r-xp 00000000 08:01 9839507                            /usr/lib/jvm/java-8-oracle/bin/java
00600000-00601000 rw-p 00000000 08:01 9839507                            /usr/lib/jvm/java-8-oracle/bin/java
00d37000-00d58000 rw-p 00000000 00:00 0                                  [heap]
c0000000-c5f00000 rw-p 00000000 00:00 0 
c5f00000-eab00000 ---p 00000000 00:00 0 
eab00000-f3100000 rw-p 00000000 00:00 0 
fbc80000-100000000 ---p 00000000 00:00 0 
100000000-1000a0000 rw-p 00000000 00:00 0 
1000a0000-140000000 ---p 00000000 00:00 0 
7f3304000000-7f3304027000 rw-p 00000000 00:00 0 
7f3304027000-7f3308000000 ---p 00000000 00:00 0 
7f3308000000-7f3308023000 rw-p 00000000 00:00 0 
7f3308023000-7f330c000000 ---p 00000000 00:00 0 
7f330c000000-7f330c021000 rw-p 00000000 00:00 0 
7f330c021000-7f3310000000 ---p 00000000 00:00 0 
7f3310000000-7f3310037000 rw-p 00000000 00:00 0 
7f3310037000-7f3314000000 ---p 00000000 00:00 0 
7f3314000000-7f3314021000 rw-p 00000000 00:00 0 
7f3314021000-7f3318000000 ---p 00000000 00:00 0 
7f3318000000-7f3318049000 rw-p 00000000 00:00 0 
7f3318049000-7f331c000000 ---p 00000000 00:00 0 
7f331c000000-7f331c9ad000 rw-p 00000000 00:00 0 
7f331c9ad000-7f3320000000 ---p 00000000 00:00 0 
7f3320000000-7f3320021000 rw-p 00000000 00:00 0 
7f3320021000-7f3324000000 ---p 00000000 00:00 0 
7f3324000000-7f3325309000 rw-p 00000000 00:00 0 
7f3325309000-7f3328000000 ---p 00000000 00:00 0 
7f3328000000-7f33294bd000 rw-p 00000000 00:00 0 
7f33294bd000-7f332c000000 ---p 00000000 00:00 0 
7f332c000000-7f332c021000 rw-p 00000000 00:00 0 
7f332c021000-7f3330000000 ---p 00000000 00:00 0 
7f3330000000-7f3331375000 rw-p 00000000 00:00 0 
7f3331375000-7f3334000000 ---p 00000000 00:00 0 
7f3334000000-7f3334021000 rw-p 00000000 00:00 0 
7f3334021000-7f3338000000 ---p 00000000 00:00 0 
7f3338000000-7f3338021000 rw-p 00000000 00:00 0 
7f3338021000-7f333c000000 ---p 00000000 00:00 0 
7f333c000000-7f333c021000 rw-p 00000000 00:00 0 
7f333c021000-7f3340000000 ---p 00000000 00:00 0 
7f3340000000-7f334028f000 rw-p 00000000 00:00 0 
7f334028f000-7f3344000000 ---p 00000000 00:00 0 
7f3344000000-7f3344021000 rw-p 00000000 00:00 0 
7f3344021000-7f3348000000 ---p 00000000 00:00 0 
7f3348000000-7f3348021000 rw-p 00000000 00:00 0 
7f3348021000-7f334c000000 ---p 00000000 00:00 0 
7f334c000000-7f334c021000 rw-p 00000000 00:00 0 
7f334c021000-7f3350000000 ---p 00000000 00:00 0 
7f3350000000-7f3350021000 rw-p 00000000 00:00 0 
7f3350021000-7f3354000000 ---p 00000000 00:00 0 
7f3354000000-7f3354021000 rw-p 00000000 00:00 0 
7f3354021000-7f3358000000 ---p 00000000 00:00 0 
7f3358000000-7f3358021000 rw-p 00000000 00:00 0 
7f3358021000-7f335c000000 ---p 00000000 00:00 0 
7f335c000000-7f335c021000 rw-p 00000000 00:00 0 
7f335c021000-7f3360000000 ---p 00000000 00:00 0 
7f33606bd000-7f33606c0000 ---p 00000000 00:00 0 
7f33606c0000-7f33607be000 rw-p 00000000 00:00 0 
7f33607be000-7f33607c1000 ---p 00000000 00:00 0 
7f33607c1000-7f33608bf000 rw-p 00000000 00:00 0 
7f33608bf000-7f33608c2000 ---p 00000000 00:00 0 
7f33608c2000-7f33609c0000 rw-p 00000000 00:00 0 
7f33609c0000-7f33609c3000 ---p 00000000 00:00 0 
7f33609c3000-7f3360ac1000 rw-p 00000000 00:00 0 
7f3360ac1000-7f3360ac4000 ---p 00000000 00:00 0 
7f3360ac4000-7f3360bc2000 rw-p 00000000 00:00 0 
7f3360bc2000-7f3360bc3000 ---p 00000000 00:00 0 
7f3360bc3000-7f3360cc3000 rw-p 00000000 00:00 0 
7f3360cc3000-7f3360cc6000 ---p 00000000 00:00 0 
7f3360cc6000-7f3360dc4000 rw-p 00000000 00:00 0 
7f3360dc4000-7f3360dc7000 ---p 00000000 00:00 0 
7f3360dc7000-7f3360ec5000 rw-p 00000000 00:00 0 
7f3360ec5000-7f3360ec8000 ---p 00000000 00:00 0 
7f3360ec8000-7f3360fc6000 rw-p 00000000 00:00 0 
7f3360fc6000-7f3360fc9000 ---p 00000000 00:00 0 
7f3360fc9000-7f33610c7000 rw-p 00000000 00:00 0 
7f33610c7000-7f33610ca000 ---p 00000000 00:00 0 
7f33610ca000-7f33611c8000 rw-p 00000000 00:00 0 
7f33611c8000-7f33611cb000 ---p 00000000 00:00 0 
7f33611cb000-7f33612c9000 rw-p 00000000 00:00 0 
7f33612c9000-7f3361701000 r--p 00000000 08:01 9700768                    /usr/lib/locale/locale-archive
7f3361701000-7f3361704000 ---p 00000000 00:00 0 
7f3361704000-7f3361802000 rw-p 00000000 00:00 0 
7f3361802000-7f3361805000 ---p 00000000 00:00 0 
7f3361805000-7f3361903000 rw-p 00000000 00:00 0 
7f3361903000-7f3361904000 ---p 00000000 00:00 0 
7f3361904000-7f3365000000 rw-p 00000000 00:00 0 
7f3365000000-7f33656a0000 rwxp 00000000 00:00 0 
7f33656a0000-7f3374000000 ---p 00000000 00:00 0 
7f3374000000-7f33743a3000 rw-p 00000000 00:00 0 
7f33743a3000-7f3378000000 ---p 00000000 00:00 0 
7f3378001000-7f3378010000 r--s 000df000 08:01 5246091                    /home/oguz/Android/Sdk/build-tools/23.0.3/lib/dx.jar
7f3378010000-7f3378658000 rw-p 00000000 00:00 0 
7f3378658000-7f3378831000 r--s 03d1f000 08:01 9967487                    /usr/lib/jvm/java-8-oracle/jre/lib/rt.jar
7f3378831000-7f3378ee7000 rw-p 00000000 00:00 0 
7f3378ee7000-7f33790a7000 ---p 00000000 00:00 0 
7f33790a7000-7f33792a7000 rw-p 00000000 00:00 0 
7f33792a7000-7f33792a8000 ---p 00000000 00:00 0 
7f33792a8000-7f33793a8000 rw-p 00000000 00:00 0 
7f33793a8000-7f33793a9000 ---p 00000000 00:00 0 
7f33793a9000-7f33794a9000 rw-p 00000000 00:00 0 
7f33794a9000-7f33794aa000 ---p 00000000 00:00 0 
7f33794aa000-7f33795aa000 rw-p 00000000 00:00 0 
7f33795aa000-7f33795ab000 ---p 00000000 00:00 0 
7f33795ab000-7f33796ab000 rw-p 00000000 00:00 0 
7f33796ab000-7f33796ac000 ---p 00000000 00:00 0 
7f33796ac000-7f33797ac000 rw-p 00000000 00:00 0 
7f33797ac000-7f33797ad000 ---p 00000000 00:00 0 
7f33797ad000-7f33798ad000 rw-p 00000000 00:00 0 
7f33798ad000-7f33798ae000 ---p 00000000 00:00 0 
7f33798ae000-7f33799ae000 rw-p 00000000 00:00 0 
7f33799ae000-7f33799af000 ---p 00000000 00:00 0 
7f33799af000-7f3379adf000 rw-p 00000000 00:00 0 
7f3379adf000-7f3379c05000 ---p 00000000 00:00 0 
7f3379c05000-7f3379c35000 rw-p 00000000 00:00 0 
7f3379c35000-7f3379d5a000 ---p 00000000 00:00 0 
7f3379d5a000-7f3379d9e000 rw-p 00000000 00:00 0 
7f3379d9e000-7f3379e05000 ---p 00000000 00:00 0 
7f3379e05000-7f3379e21000 rw-p 00000000 00:00 0 
7f3379e21000-7f337a1c6000 ---p 00000000 00:00 0 
7f337a1c6000-7f337a1e0000 r-xp 00000000 08:01 10092954                   /usr/lib/jvm/java-8-oracle/jre/lib/amd64/libzip.so
7f337a1e0000-7f337a3e0000 ---p 0001a000 08:01 10092954                   /usr/lib/jvm/java-8-oracle/jre/lib/amd64/libzip.so
7f337a3e0000-7f337a3e1000 rw-p 0001a000 08:01 10092954                   /usr/lib/jvm/java-8-oracle/jre/lib/amd64/libzip.so
7f337a3e1000-7f337a3ec000 r-xp 00000000 08:01 7603299                    /lib/x86_64-linux-gnu/libnss_files-2.23.so
7f337a3ec000-7f337a5eb000 ---p 0000b000 08:01 7603299                    /lib/x86_64-linux-gnu/libnss_files-2.23.so
7f337a5eb000-7f337a5ec000 r--p 0000a000 08:01 7603299                    /lib/x86_64-linux-gnu/libnss_files-2.23.so
7f337a5ec000-7f337a5ed000 rw-p 0000b000 08:01 7603299                    /lib/x86_64-linux-gnu/libnss_files-2.23.so
7f337a5ed000-7f337a5f3000 rw-p 00000000 00:00 0 
7f337a5f3000-7f337a5fe000 r-xp 00000000 08:01 7603296                    /lib/x86_64-linux-gnu/libnss_nis-2.23.so
7f337a5fe000-7f337a7fd000 ---p 0000b000 08:01 7603296                    /lib/x86_64-linux-gnu/libnss_nis-2.23.so
7f337a7fd000-7f337a7fe000 r--p 0000a000 08:01 7603296                    /lib/x86_64-linux-gnu/libnss_nis-2.23.so
7f337a7fe000-7f337a7ff000 rw-p 0000b000 08:01 7603296                    /lib/x86_64-linux-gnu/libnss_nis-2.23.so
7f337a7ff000-7f337a815000 r-xp 00000000 08:01 7603294                    /lib/x86_64-linux-gnu/libnsl-2.23.so
7f337a815000-7f337aa15000 ---p 00016000 08:01 7603294                    /lib/x86_64-linux-gnu/libnsl-2.23.so
7f337aa15000-7f337aa16000 r--p 00016000 08:01 7603294                    /lib/x86_64-linux-gnu/libnsl-2.23.so
7f337aa16000-7f337aa17000 rw-p 00017000 08:01 7603294                    /lib/x86_64-linux-gnu/libnsl-2.23.so
7f337aa17000-7f337aa19000 rw-p 00000000 00:00 0 
7f337aa19000-7f337aa21000 r-xp 00000000 08:01 7603292                    /lib/x86_64-linux-gnu/libnss_compat-2.23.so
7f337aa21000-7f337ac20000 ---p 00008000 08:01 7603292                    /lib/x86_64-linux-gnu/libnss_compat-2.23.so
7f337ac20000-7f337ac21000 r--p 00007000 08:01 7603292                    /lib/x86_64-linux-gnu/libnss_compat-2.23.so
7f337ac21000-7f337ac22000 rw-p 00008000 08:01 7603292                    /lib/x86_64-linux-gnu/libnss_compat-2.23.so
7f337ac22000-7f337ac4c000 r-xp 00000000 08:01 10092949                   /usr/lib/jvm/java-8-oracle/jre/lib/amd64/libjava.so
7f337ac4c000-7f337ae4c000 ---p 0002a000 08:01 10092949                   /usr/lib/jvm/java-8-oracle/jre/lib/amd64/libjava.so
7f337ae4c000-7f337ae4e000 rw-p 0002a000 08:01 10092949                   /usr/lib/jvm/java-8-oracle/jre/lib/amd64/libjava.so
7f337ae4e000-7f337ae5b000 r-xp 00000000 08:01 10092953                   /usr/lib/jvm/java-8-oracle/jre/lib/amd64/libverify.so
7f337ae5b000-7f337b05b000 ---p 0000d000 08:01 10092953                   /usr/lib/jvm/java-8-oracle/jre/lib/amd64/libverify.so
7f337b05b000-7f337b05d000 rw-p 0000d000 08:01 10092953                   /usr/lib/jvm/java-8-oracle/jre/lib/amd64/libverify.so
7f337b05d000-7f337b064000 r-xp 00000000 08:01 7603308                    /lib/x86_64-linux-gnu/librt-2.23.so
7f337b064000-7f337b263000 ---p 00007000 08:01 7603308                    /lib/x86_64-linux-gnu/librt-2.23.so
7f337b263000-7f337b264000 r--p 00006000 08:01 7603308                    /lib/x86_64-linux-gnu/librt-2.23.so
7f337b264000-7f337b265000 rw-p 00007000 08:01 7603308                    /lib/x86_64-linux-gnu/librt-2.23.so
7f337b265000-7f337b36d000 r-xp 00000000 08:01 7603305                    /lib/x86_64-linux-gnu/libm-2.23.so
7f337b36d000-7f337b56c000 ---p 00108000 08:01 7603305                    /lib/x86_64-linux-gnu/libm-2.23.so
7f337b56c000-7f337b56d000 r--p 00107000 08:01 7603305                    /lib/x86_64-linux-gnu/libm-2.23.so
7f337b56d000-7f337b56e000 rw-p 00108000 08:01 7603305                    /lib/x86_64-linux-gnu/libm-2.23.so
7f337b56e000-7f337c22e000 r-xp 00000000 08:01 10092932                   /usr/lib/jvm/java-8-oracle/jre/lib/amd64/server/libjvm.so
7f337c22e000-7f337c42e000 ---p 00cc0000 08:01 10092932                   /usr/lib/jvm/java-8-oracle/jre/lib/amd64/server/libjvm.so
7f337c42e000-7f337c506000 rw-p 00cc0000 08:01 10092932                   /usr/lib/jvm/java-8-oracle/jre/lib/amd64/server/libjvm.so
7f337c506000-7f337c551000 rw-p 00000000 00:00 0 
7f337c551000-7f337c711000 r-xp 00000000 08:01 7603313                    /lib/x86_64-linux-gnu/libc-2.23.so
7f337c711000-7f337c911000 ---p 001c0000 08:01 7603313                    /lib/x86_64-linux-gnu/libc-2.23.so
7f337c911000-7f337c915000 r--p 001c0000 08:01 7603313                    /lib/x86_64-linux-gnu/libc-2.23.so
7f337c915000-7f337c917000 rw-p 001c4000 08:01 7603313                    /lib/x86_64-linux-gnu/libc-2.23.so
7f337c917000-7f337c91b000 rw-p 00000000 00:00 0 
7f337c91b000-7f337c91e000 r-xp 00000000 08:01 7603314                    /lib/x86_64-linux-gnu/libdl-2.23.so
7f337c91e000-7f337cb1d000 ---p 00003000 08:01 7603314                    /lib/x86_64-linux-gnu/libdl-2.23.so
7f337cb1d000-7f337cb1e000 r--p 00002000 08:01 7603314                    /lib/x86_64-linux-gnu/libdl-2.23.so
7f337cb1e000-7f337cb1f000 rw-p 00003000 08:01 7603314                    /lib/x86_64-linux-gnu/libdl-2.23.so
7f337cb1f000-7f337cb34000 r-xp 00000000 08:01 9840182                    /usr/lib/jvm/java-8-oracle/lib/amd64/jli/libjli.so
7f337cb34000-7f337cd34000 ---p 00015000 08:01 9840182                    /usr/lib/jvm/java-8-oracle/lib/amd64/jli/libjli.so
7f337cd34000-7f337cd35000 rw-p 00015000 08:01 9840182                    /usr/lib/jvm/java-8-oracle/lib/amd64/jli/libjli.so
7f337cd35000-7f337cd4d000 r-xp 00000000 08:01 7603312                    /lib/x86_64-linux-gnu/libpthread-2.23.so
7f337cd4d000-7f337cf4c000 ---p 00018000 08:01 7603312                    /lib/x86_64-linux-gnu/libpthread-2.23.so
7f337cf4c000-7f337cf4d000 r--p 00017000 08:01 7603312                    /lib/x86_64-linux-gnu/libpthread-2.23.so
7f337cf4d000-7f337cf4e000 rw-p 00018000 08:01 7603312                    /lib/x86_64-linux-gnu/libpthread-2.23.so
7f337cf4e000-7f337cf52000 rw-p 00000000 00:00 0 
7f337cf52000-7f337cf78000 r-xp 00000000 08:01 7603309                    /lib/x86_64-linux-gnu/ld-2.23.so
7f337cf7e000-7f337d050000 rw-p 00000000 00:00 0 
7f337d050000-7f337d053000 ---p 00000000 00:00 0 
7f337d053000-7f337d155000 rw-p 00000000 00:00 0 
7f337d157000-7f337d16b000 rw-p 00000000 00:00 0 
7f337d16b000-7f337d173000 rw-s 00000000 08:01 133429                     /tmp/hsperfdata_oguz/15175
7f337d173000-7f337d174000 rw-p 00000000 00:00 0 
7f337d174000-7f337d175000 ---p 00000000 00:00 0 
7f337d175000-7f337d177000 rw-p 00000000 00:00 0 
7f337d177000-7f337d178000 r--p 00025000 08:01 7603309                    /lib/x86_64-linux-gnu/ld-2.23.so
7f337d178000-7f337d179000 rw-p 00026000 08:01 7603309                    /lib/x86_64-linux-gnu/ld-2.23.so
7f337d179000-7f337d17a000 rw-p 00000000 00:00 0 
7ffd92b06000-7ffd92b27000 rw-p 00000000 00:00 0                          [stack]
7ffd92bad000-7ffd92baf000 r--p 00000000 00:00 0                          [vvar]
7ffd92baf000-7ffd92bb1000 r-xp 00000000 00:00 0                          [vdso]
ffffffffff600000-ffffffffff601000 r-xp 00000000 00:00 0                  [vsyscall]

VM Arguments:
jvm_args: -Djava.awt.headless=true -Xmx1024M -Dfile.encoding=UTF-8 -Duser.country=TR -Duser.language=tr -Duser.variant 
java_command: com.android.dx.command.Main --dex --force-jumbo --num-threads=4 --multi-dex --output /home/oguz/Masaüstü/FomApplicationAndroid/app/build/intermediates/transforms/dex/debug/folders/1000/5/slice_4 /home/oguz/Masaüstü/FomApplicationAndroid/app/build/intermediates/transforms/instantRunSlicer/debug/folders/1/5/slice_4
java_class_path (initial): /home/oguz/Android/Sdk/build-tools/23.0.3/lib/dx.jar
Launcher Type: SUN_STANDARD

Environment Variables:
PATH=/usr/local/sbin:/usr/local/bin:/usr/sbin:/usr/bin:/sbin:/bin:/usr/games:/usr/local/games:/snap/bin
LD_LIBRARY_PATH=/home/oguz/Masaüstü/Derleyiciler/android-studio/bin:
SHELL=/bin/bash
DISPLAY=:0

Signal Handlers:
SIGSEGV: [libjvm.so+0xabca10], sa_mask[0]=11111111011111111101111111111110, sa_flags=SA_RESTART|SA_SIGINFO
SIGBUS: [libjvm.so+0xabca10], sa_mask[0]=11111111011111111101111111111110, sa_flags=SA_RESTART|SA_SIGINFO
SIGFPE: [libjvm.so+0x919a20], sa_mask[0]=11111111011111111101111111111110, sa_flags=SA_RESTART|SA_SIGINFO
SIGPIPE: [libjvm.so+0x919a20], sa_mask[0]=11111111011111111101111111111110, sa_flags=SA_RESTART|SA_SIGINFO
SIGXFSZ: [libjvm.so+0x919a20], sa_mask[0]=11111111011111111101111111111110, sa_flags=SA_RESTART|SA_SIGINFO
SIGILL: [libjvm.so+0x919a20], sa_mask[0]=11111111011111111101111111111110, sa_flags=SA_RESTART|SA_SIGINFO
SIGUSR1: SIG_DFL, sa_mask[0]=00000000000000000000000000000000, sa_flags=none
SIGUSR2: [libjvm.so+0x91b050], sa_mask[0]=00100000000000000000000000000000, sa_flags=SA_RESTART|SA_SIGINFO
SIGHUP: [libjvm.so+0x91c450], sa_mask[0]=11111111011111111101111111111110, sa_flags=SA_RESTART|SA_SIGINFO
SIGINT: [libjvm.so+0x91c450], sa_mask[0]=11111111011111111101111111111110, sa_flags=SA_RESTART|SA_SIGINFO
SIGTERM: [libjvm.so+0x91c450], sa_mask[0]=11111111011111111101111111111110, sa_flags=SA_RESTART|SA_SIGINFO
SIGQUIT: [libjvm.so+0x91c450], sa_mask[0]=11111111011111111101111111111110, sa_flags=SA_RESTART|SA_SIGINFO


---------------  S Y S T E M  ---------------

OS:DISTRIB_ID=Ubuntu
DISTRIB_RELEASE=16.04
DISTRIB_CODENAME=xenial
DISTRIB_DESCRIPTION="Ubuntu Xenial Xerus (development branch)"

uname:Linux 4.4.0-22-generic #39-Ubuntu SMP Thu May 5 16:53:32 UTC 2016 x86_64
libc:glibc 2.23 NPTL 2.23 
rlimit: STACK 8192k, CORE 0k, NPROC 31498, NOFILE 65536, AS infinity
load average:8.27 2.52 1.25

/proc/meminfo:
MemTotal:        8101800 kB
MemFree:           93376 kB
MemAvailable:     124516 kB
Buffers:            1088 kB
Cached:           419912 kB
SwapCached:            0 kB
Active:          7400968 kB
Inactive:         376392 kB
Active(anon):    7393216 kB
Inactive(anon):   366512 kB
Active(file):       7752 kB
Inactive(file):     9880 kB
Unevictable:          76 kB
Mlocked:              76 kB
SwapTotal:             0 kB
SwapFree:              0 kB
Dirty:                 0 kB
Writeback:           160 kB
AnonPages:       7358228 kB
Mapped:           141648 kB
Shmem:            401684 kB
Slab:             103956 kB
SReclaimable:      50572 kB
SUnreclaim:        53384 kB
KernelStack:       18912 kB
PageTables:        59448 kB
NFS_Unstable:          0 kB
Bounce:                0 kB
WritebackTmp:          0 kB
CommitLimit:     4050900 kB
Committed_AS:   13122672 kB
VmallocTotal:   34359738367 kB
VmallocUsed:           0 kB
VmallocChunk:          0 kB
HardwareCorrupted:     0 kB
AnonHugePages:   4630528 kB
CmaTotal:              0 kB
CmaFree:               0 kB
HugePages_Total:       0
HugePages_Free:        0
HugePages_Rsvd:        0
HugePages_Surp:        0
Hugepagesize:       2048 kB
DirectMap4k:      160512 kB
DirectMap2M:     8155136 kB
DirectMap1G:     1048576 kB


CPU:total 8 (4 cores per cpu, 2 threads per core) family 6 model 60 stepping 3, cmov, cx8, fxsr, mmx, sse, sse2, sse3, ssse3, sse4.1, sse4.2, popcnt, avx, avx2, aes, clmul, erms, lzcnt, ht, tsc, tscinvbit, bmi1, bmi2

/proc/cpuinfo:
processor	: 0
vendor_id	: GenuineIntel
cpu family	: 6
model		: 60
model name	: Intel(R) Core(TM) i7-4700MQ CPU @ 2.40GHz
stepping	: 3
microcode	: 0x16
cpu MHz		: 1599.937
cache size	: 6144 KB
physical id	: 0
siblings	: 8
core id		: 0
cpu cores	: 4
apicid		: 0
initial apicid	: 0
fpu		: yes
fpu_exception	: yes
cpuid level	: 13
wp		: yes
flags		: fpu vme de pse tsc msr pae mce cx8 apic sep mtrr pge mca cmov pat pse36 clflush dts acpi mmx fxsr sse sse2 ss ht tm pbe syscall nx pdpe1gb rdtscp lm constant_tsc arch_perfmon pebs bts rep_good nopl xtopology nonstop_tsc aperfmperf eagerfpu pni pclmulqdq dtes64 monitor ds_cpl vmx est tm2 ssse3 sdbg fma cx16 xtpr pdcm pcid sse4_1 sse4_2 movbe popcnt tsc_deadline_timer aes xsave avx f16c rdrand lahf_lm abm epb tpr_shadow vnmi flexpriority ept vpid fsgsbase tsc_adjust bmi1 avx2 smep bmi2 erms invpcid xsaveopt dtherm ida arat pln pts
bugs		:
bogomips	: 4788.97
clflush size	: 64
cache_alignment	: 64
address sizes	: 39 bits physical, 48 bits virtual
power management:

processor	: 1
vendor_id	: GenuineIntel
cpu family	: 6
model		: 60
model name	: Intel(R) Core(TM) i7-4700MQ CPU @ 2.40GHz
stepping	: 3
microcode	: 0x16
cpu MHz		: 1599.937
cache size	: 6144 KB
physical id	: 0
siblings	: 8
core id		: 0
cpu cores	: 4
apicid		: 1
initial apicid	: 1
fpu		: yes
fpu_exception	: yes
cpuid level	: 13
wp		: yes
flags		: fpu vme de pse tsc msr pae mce cx8 apic sep mtrr pge mca cmov pat pse36 clflush dts acpi mmx fxsr sse sse2 ss ht tm pbe syscall nx pdpe1gb rdtscp lm constant_tsc arch_perfmon pebs bts rep_good nopl xtopology nonstop_tsc aperfmperf eagerfpu pni pclmulqdq dtes64 monitor ds_cpl vmx est tm2 ssse3 sdbg fma cx16 xtpr pdcm pcid sse4_1 sse4_2 movbe popcnt tsc_deadline_timer aes xsave avx f16c rdrand lahf_lm abm epb tpr_shadow vnmi flexpriority ept vpid fsgsbase tsc_adjust bmi1 avx2 smep bmi2 erms invpcid xsaveopt dtherm ida arat pln pts
bugs		:
bogomips	: 4788.97
clflush size	: 64
cache_alignment	: 64
address sizes	: 39 bits physical, 48 bits virtual
power management:

processor	: 2
vendor_id	: GenuineIntel
cpu family	: 6
model		: 60
model name	: Intel(R) Core(TM) i7-4700MQ CPU @ 2.40GHz
stepping	: 3
microcode	: 0x16
cpu MHz		: 1599.937
cache size	: 6144 KB
physical id	: 0
siblings	: 8
core id		: 1
cpu cores	: 4
apicid		: 2
initial apicid	: 2
fpu		: yes
fpu_exception	: yes
cpuid level	: 13
wp		: yes
flags		: fpu vme de pse tsc msr pae mce cx8 apic sep mtrr pge mca cmov pat pse36 clflush dts acpi mmx fxsr sse sse2 ss ht tm pbe syscall nx pdpe1gb rdtscp lm constant_tsc arch_perfmon pebs bts rep_good nopl xtopology nonstop_tsc aperfmperf eagerfpu pni pclmulqdq dtes64 monitor ds_cpl vmx est tm2 ssse3 sdbg fma cx16 xtpr pdcm pcid sse4_1 sse4_2 movbe popcnt tsc_deadline_timer aes xsave avx f16c rdrand lahf_lm abm epb tpr_shadow vnmi flexpriority ept vpid fsgsbase tsc_adjust bmi1 avx2 smep bmi2 erms invpcid xsaveopt dtherm ida arat pln pts
bugs		:
bogomips	: 4788.97
clflush size	: 64
cache_alignment	: 64
address sizes	: 39 bits physical, 48 bits virtual
power management:

processor	: 3
vendor_id	: GenuineIntel
cpu family	: 6
model		: 60
model name	: Intel(R) Core(TM) i7-4700MQ CPU @ 2.40GHz
stepping	: 3
microcode	: 0x16
cpu MHz		: 1599.937
cache size	: 6144 KB
physical id	: 0
siblings	: 8
core id		: 1
cpu cores	: 4
apicid		: 3
initial apicid	: 3
fpu		: yes
fpu_exception	: yes
cpuid level	: 13
wp		: yes
flags		: fpu vme de pse tsc msr pae mce cx8 apic sep mtrr pge mca cmov pat pse36 clflush dts acpi mmx fxsr sse sse2 ss ht tm pbe syscall nx pdpe1gb rdtscp lm constant_tsc arch_perfmon pebs bts rep_good nopl xtopology nonstop_tsc aperfmperf eagerfpu pni pclmulqdq dtes64 monitor ds_cpl vmx est tm2 ssse3 sdbg fma cx16 xtpr pdcm pcid sse4_1 sse4_2 movbe popcnt tsc_deadline_timer aes xsave avx f16c rdrand lahf_lm abm epb tpr_shadow vnmi flexpriority ept vpid fsgsbase tsc_adjust bmi1 avx2 smep bmi2 erms invpcid xsaveopt dtherm ida arat pln pts
bugs		:
bogomips	: 4788.97
clflush size	: 64
cache_alignment	: 64
address sizes	: 39 bits physical, 48 bits virtual
power management:

processor	: 4
vendor_id	: GenuineIntel
cpu family	: 6
model		: 60
model name	: Intel(R) Core(TM) i7-4700MQ CPU @ 2.40GHz
stepping	: 3
microcode	: 0x16
cpu MHz		: 1599.937
cache size	: 6144 KB
physical id	: 0
siblings	: 8
core id		: 2
cpu cores	: 4
apicid		: 4
initial apicid	: 4
fpu		: yes
fpu_exception	: yes
cpuid level	: 13
wp		: yes
flags		: fpu vme de pse tsc msr pae mce cx8 apic sep mtrr pge mca cmov pat pse36 clflush dts acpi mmx fxsr sse sse2 ss ht tm pbe syscall nx pdpe1gb rdtscp lm constant_tsc arch_perfmon pebs bts rep_good nopl xtopology nonstop_tsc aperfmperf eagerfpu pni pclmulqdq dtes64 monitor ds_cpl vmx est tm2 ssse3 sdbg fma cx16 xtpr pdcm pcid sse4_1 sse4_2 movbe popcnt tsc_deadline_timer aes xsave avx f16c rdrand lahf_lm abm epb tpr_shadow vnmi flexpriority ept vpid fsgsbase tsc_adjust bmi1 avx2 smep bmi2 erms invpcid xsaveopt dtherm ida arat pln pts
bugs		:
bogomips	: 4788.97
clflush size	: 64
cache_alignment	: 64
address sizes	: 39 bits physical, 48 bits virtual
power management:

processor	: 5
vendor_id	: GenuineIntel
cpu family	: 6
model		: 60
model name	: Intel(R) Core(TM) i7-4700MQ CPU @ 2.40GHz
stepping	: 3
microcode	: 0x16
cpu MHz		: 1599.937
cache size	: 6144 KB
physical id	: 0
siblings	: 8
core id		: 2
cpu cores	: 4
apicid		: 5
initial apicid	: 5
fpu		: yes
fpu_exception	: yes
cpuid level	: 13
wp		: yes
flags		: fpu vme de pse tsc msr pae mce cx8 apic sep mtrr pge mca cmov pat pse36 clflush dts acpi mmx fxsr sse sse2 ss ht tm pbe syscall nx pdpe1gb rdtscp lm constant_tsc arch_perfmon pebs bts rep_good nopl xtopology nonstop_tsc aperfmperf eagerfpu pni pclmulqdq dtes64 monitor ds_cpl vmx est tm2 ssse3 sdbg fma cx16 xtpr pdcm pcid sse4_1 sse4_2 movbe popcnt tsc_deadline_timer aes xsave avx f16c rdrand lahf_lm abm epb tpr_shadow vnmi flexpriority ept vpid fsgsbase tsc_adjust bmi1 avx2 smep bmi2 erms invpcid xsaveopt dtherm ida arat pln pts
bugs		:
bogomips	: 4788.97
clflush size	: 64
cache_alignment	: 64
address sizes	: 39 bits physical, 48 bits virtual
power management:

processor	: 6
vendor_id	: GenuineIntel
cpu family	: 6
model		: 60
model name	: Intel(R) Core(TM) i7-4700MQ CPU @ 2.40GHz
stepping	: 3
microcode	: 0x16
cpu MHz		: 1599.937
cache size	: 6144 KB
physical id	: 0
siblings	: 8
core id		: 3
cpu cores	: 4
apicid		: 6
initial apicid	: 6
fpu		: yes
fpu_exception	: yes
cpuid level	: 13
wp		: yes
flags		: fpu vme de pse tsc msr pae mce cx8 apic sep mtrr pge mca cmov pat pse36 clflush dts acpi mmx fxsr sse sse2 ss ht tm pbe syscall nx pdpe1gb rdtscp lm constant_tsc arch_perfmon pebs bts rep_good nopl xtopology nonstop_tsc aperfmperf eagerfpu pni pclmulqdq dtes64 monitor ds_cpl vmx est tm2 ssse3 sdbg fma cx16 xtpr pdcm pcid sse4_1 sse4_2 movbe popcnt tsc_deadline_timer aes xsave avx f16c rdrand lahf_lm abm epb tpr_shadow vnmi flexpriority ept vpid fsgsbase tsc_adjust bmi1 avx2 smep bmi2 erms invpcid xsaveopt dtherm ida arat pln pts
bugs		:
bogomips	: 4788.97
clflush size	: 64
cache_alignment	: 64
address sizes	: 39 bits physical, 48 bits virtual
power management:

processor	: 7
vendor_id	: GenuineIntel
cpu family	: 6
model		: 60
model name	: Intel(R) Core(TM) i7-4700MQ CPU @ 2.40GHz
stepping	: 3
microcode	: 0x16
cpu MHz		: 1599.937
cache size	: 6144 KB
physical id	: 0
siblings	: 8
core id		: 3
cpu cores	: 4
apicid		: 7
initial apicid	: 7
fpu		: yes
fpu_exception	: yes
cpuid level	: 13
wp		: yes
flags		: fpu vme de pse tsc msr pae mce cx8 apic sep mtrr pge mca cmov pat pse36 clflush dts acpi mmx fxsr sse sse2 ss ht tm pbe syscall nx pdpe1gb rdtscp lm constant_tsc arch_perfmon pebs bts rep_good nopl xtopology nonstop_tsc aperfmperf eagerfpu pni pclmulqdq dtes64 monitor ds_cpl vmx est tm2 ssse3 sdbg fma cx16 xtpr pdcm pcid sse4_1 sse4_2 movbe popcnt tsc_deadline_timer aes xsave avx f16c rdrand lahf_lm abm epb tpr_shadow vnmi flexpriority ept vpid fsgsbase tsc_adjust bmi1 avx2 smep bmi2 erms invpcid xsaveopt dtherm ida arat pln pts
bugs		:
bogomips	: 4788.97
clflush size	: 64
cache_alignment	: 64
address sizes	: 39 bits physical, 48 bits virtual
power management:



Memory: 4k page, physical 8101800k(92276k free), swap 0k(0k free)

vm_info: Java HotSpot(TM) 64-Bit Server VM (25.91-b14) for linux-amd64 JRE (1.8.0_91-b14), built on Apr  1 2016 00:57:21 by "java_re" with gcc 4.3.0 20080428 (Red Hat 4.3.0-8)

time: Thu Aug 11 11:34:33 2016
elapsed time: 8 seconds (0d 0h 0m 8s)

