#
# There is insufficient memory for the Java Runtime Environment to continue.
# Native memory allocation (mmap) failed to map 168820736 bytes for committing reserved memory.
# Possible reasons:
#   The system is out of physical RAM or swap space
#   In 32 bit mode, the process size limit was hit
# Possible solutions:
#   Reduce memory load on the system
#   Increase physical memory or swap space
#   Check if swap backing store is full
#   Use 64 bit Java on a 64 bit OS
#   Decrease Java heap size (-Xmx/-Xms)
#   Decrease number of Java threads
#   Decrease Java thread stack sizes (-Xss)
#   Set larger code cache with -XX:ReservedCodeCacheSize=
# This output file may be truncated or incomplete.
#
#  Out of Memory Error (os_linux.cpp:2627), pid=17942, tid=140066023556864
#
# JRE version: Java(TM) SE Runtime Environment (8.0_91-b14) (build 1.8.0_91-b14)
# Java VM: Java HotSpot(TM) 64-Bit Server VM (25.91-b14 mixed mode linux-amd64 compressed oops)
# Failed to write core dump. Core dumps have been disabled. To enable core dumping, try "ulimit -c unlimited" before starting Java again
#

---------------  T H R E A D  ---------------

Current thread (0x00007f63bc080000):  VMThread [stack: 0x00007f63a9844000,0x00007f63a9945000] [id=17957]

Stack: [0x00007f63a9844000,0x00007f63a9945000],  sp=0x00007f63a9943020,  free space=1020k
Native frames: (J=compiled Java code, j=interpreted, Vv=VM code, C=native code)
V  [libjvm.so+0xabc18a]  VMError::report_and_die()+0x2ba
V  [libjvm.so+0x4fafeb]  report_vm_out_of_memory(char const*, int, unsigned long, VMErrorType, char const*)+0x8b
V  [libjvm.so+0x91cbb3]  os::Linux::commit_memory_impl(char*, unsigned long, bool)+0x103
V  [libjvm.so+0x91d109]  os::pd_commit_memory(char*, unsigned long, unsigned long, bool)+0x29
V  [libjvm.so+0x91740a]  os::commit_memory(char*, unsigned long, unsigned long, bool)+0x2a
V  [libjvm.so+0x98b033]  PSVirtualSpace::expand_by(unsigned long)+0x53
V  [libjvm.so+0x98c438]  PSYoungGen::resize_generation(unsigned long, unsigned long)+0xf8
V  [libjvm.so+0x98b592]  PSYoungGen::resize(unsigned long, unsigned long)+0x22
V  [libjvm.so+0x98886b]  PSScavenge::invoke_no_policy()+0xf3b
V  [libjvm.so+0x988ff1]  PSScavenge::invoke()+0x41
V  [libjvm.so+0x9408b0]  ParallelScavengeHeap::failed_mem_allocate(unsigned long)+0x70
V  [libjvm.so+0xabdba7]  VM_ParallelGCFailedAllocation::doit()+0x97
V  [libjvm.so+0xac55d5]  VM_Operation::evaluate()+0x55
V  [libjvm.so+0xac39aa]  VMThread::evaluate_operation(VM_Operation*)+0xba
V  [libjvm.so+0xac3d2e]  VMThread::loop()+0x1ce
V  [libjvm.so+0xac41a0]  VMThread::run()+0x70
V  [libjvm.so+0x91ef78]  java_start(Thread*)+0x108

VM_Operation (0x00007f63c508f440): ParallelGCFailedAllocation, mode: safepoint, requested by thread 0x00007f63bc00a000


---------------  P R O C E S S  ---------------

Java Threads: ( => current thread )
  0x00007f63bc163800 JavaThread "pool-2-thread-4" [_thread_blocked, id=18008, stack(0x00007f63a85f1000,0x00007f63a86f2000)]
  0x00007f63bc162000 JavaThread "pool-2-thread-3" [_thread_blocked, id=18007, stack(0x00007f63a86f2000,0x00007f63a87f3000)]
  0x00007f63bc15f800 JavaThread "pool-2-thread-2" [_thread_blocked, id=18006, stack(0x00007f63a87f3000,0x00007f63a88f4000)]
  0x00007f63bc15d800 JavaThread "pool-3-thread-1" [_thread_blocked, id=18005, stack(0x00007f63a88f4000,0x00007f63a89f5000)]
  0x00007f63bc15b000 JavaThread "pool-2-thread-1" [_thread_blocked, id=18004, stack(0x00007f63a89f5000,0x00007f63a8af6000)]
  0x00007f63bc0ca800 JavaThread "Service Thread" daemon [_thread_blocked, id=17978, stack(0x00007f63a8c04000,0x00007f63a8d05000)]
  0x00007f63bc0c7800 JavaThread "C1 CompilerThread3" daemon [_thread_blocked, id=17977, stack(0x00007f63a8d05000,0x00007f63a8e06000)]
  0x00007f63bc0c5800 JavaThread "C2 CompilerThread2" daemon [_thread_blocked, id=17976, stack(0x00007f63a8e06000,0x00007f63a8f07000)]
  0x00007f63bc0c4000 JavaThread "C2 CompilerThread1" daemon [_thread_blocked, id=17973, stack(0x00007f63a8f07000,0x00007f63a9008000)]
  0x00007f63bc0c1000 JavaThread "C2 CompilerThread0" daemon [_thread_blocked, id=17972, stack(0x00007f63a9008000,0x00007f63a9109000)]
  0x00007f63bc0bf800 JavaThread "Signal Dispatcher" daemon [_thread_blocked, id=17971, stack(0x00007f63a9109000,0x00007f63a920a000)]
  0x00007f63bc08c800 JavaThread "Finalizer" daemon [_thread_blocked, id=17962, stack(0x00007f63a9642000,0x00007f63a9743000)]
  0x00007f63bc087800 JavaThread "Reference Handler" daemon [_thread_blocked, id=17961, stack(0x00007f63a9743000,0x00007f63a9844000)]
  0x00007f63bc00a000 JavaThread "main" [_thread_blocked, id=17944, stack(0x00007f63c4f91000,0x00007f63c5092000)]

Other Threads:
=>0x00007f63bc080000 VMThread [stack: 0x00007f63a9844000,0x00007f63a9945000] [id=17957]
  0x00007f63bc0cd800 WatcherThread [stack: 0x00007f63a8b03000,0x00007f63a8c04000] [id=17980]

VM state:at safepoint (normal execution)

VM Mutex/Monitor currently owned by a thread:  ([mutex/lock_event])
[0x00007f63bc006590] Threads_lock - owner thread: 0x00007f63bc080000
[0x00007f63bc006a90] Heap_lock - owner thread: 0x00007f63bc00a000

Heap:
 PSYoungGen      total 132096K, used 5091K [0x00000000eab00000, 0x00000000f3100000, 0x0000000100000000)
  eden space 126976K, 0% used [0x00000000eab00000,0x00000000eab00000,0x00000000f2700000)
  from space 5120K, 99% used [0x00000000f2700000,0x00000000f2bf8eb0,0x00000000f2c00000)
  to   space 5120K, 0% used [0x00000000f2c00000,0x00000000f2c00000,0x00000000f3100000)
 ParOldGen       total 84992K, used 39178K [0x00000000c0000000, 0x00000000c5300000, 0x00000000eab00000)
  object space 84992K, 46% used [0x00000000c0000000,0x00000000c2642b70,0x00000000c5300000)
 Metaspace       used 6166K, capacity 7088K, committed 7296K, reserved 1056768K
  class space    used 593K, capacity 616K, committed 640K, reserved 1048576K

Card table byte_map: [0x00007f63c1b46000,0x00007f63c1d47000] byte_map_base: 0x00007f63c1546000

Marking Bits: (ParMarkBitMap*) 0x00007f63c4465d60
 Begin Bits: [0x00007f63ab000000, 0x00007f63ac000000)
 End Bits:   [0x00007f63ac000000, 0x00007f63ad000000)

Polling page: 0x00007f63c50b5000

CodeCache: size=245760Kb used=6572Kb max_used=6572Kb free=239187Kb
 bounds [0x00007f63ad000000, 0x00007f63ad670000, 0x00007f63bc000000]
 total_blobs=2006 nmethods=1738 adapters=182
 compilation: enabled

Compilation events (10 events):
Event: 5,538 Thread 0x00007f63bc0c7800 nmethod 2016 0x00007f63ad66e910 code [0x00007f63ad66ea60, 0x00007f63ad66eb90]
Event: 5,538 Thread 0x00007f63bc0c7800 2017       2       sun.misc.Unsafe::getAndAddInt (27 bytes)
Event: 5,538 Thread 0x00007f63bc0c7800 nmethod 2017 0x00007f63ad66ec10 code [0x00007f63ad66ed80, 0x00007f63ad66ef50]
Event: 5,538 Thread 0x00007f63bc0c7800 2019       2       java.lang.Boolean::valueOf (14 bytes)
Event: 5,538 Thread 0x00007f63bc0c7800 nmethod 2019 0x00007f63ad66f010 code [0x00007f63ad66f160, 0x00007f63ad66f2b0]
Event: 5,538 Thread 0x00007f63bc0c7800 2020   !   2       java.util.concurrent.FutureTask::run (126 bytes)
Event: 5,539 Thread 0x00007f63bc0c7800 nmethod 2020 0x00007f63ad66f310 code [0x00007f63ad66f4c0, 0x00007f63ad66f8e8]
Event: 5,539 Thread 0x00007f63bc0c7800 2021       2       java.util.concurrent.FutureTask::set (36 bytes)
Event: 5,540 Thread 0x00007f63bc0c7800 nmethod 2021 0x00007f63ad66fb90 code [0x00007f63ad66fd00, 0x00007f63ad66fee8]
Event: 5,540 Thread 0x00007f63bc0c7800 2023       2       java.util.concurrent.FutureTask::finishCompletion (74 bytes)

GC Heap History (9 events):
Event: 1,483 GC heap before
{Heap before GC invocations=1 (full 0):
 PSYoungGen      total 36864K, used 31744K [0x00000000eab00000, 0x00000000ed400000, 0x0000000100000000)
  eden space 31744K, 100% used [0x00000000eab00000,0x00000000eca00000,0x00000000eca00000)
  from space 5120K, 0% used [0x00000000ecf00000,0x00000000ecf00000,0x00000000ed400000)
  to   space 5120K, 0% used [0x00000000eca00000,0x00000000eca00000,0x00000000ecf00000)
 ParOldGen       total 84992K, used 0K [0x00000000c0000000, 0x00000000c5300000, 0x00000000eab00000)
  object space 84992K, 0% used [0x00000000c0000000,0x00000000c0000000,0x00000000c5300000)
 Metaspace       used 5754K, capacity 6768K, committed 7040K, reserved 1056768K
  class space    used 589K, capacity 616K, committed 640K, reserved 1048576K
Event: 1,569 GC heap after
Heap after GC invocations=1 (full 0):
 PSYoungGen      total 36864K, used 5115K [0x00000000eab00000, 0x00000000ef300000, 0x0000000100000000)
  eden space 31744K, 0% used [0x00000000eab00000,0x00000000eab00000,0x00000000eca00000)
  from space 5120K, 99% used [0x00000000eca00000,0x00000000ecefed68,0x00000000ecf00000)
  to   space 5120K, 0% used [0x00000000eee00000,0x00000000eee00000,0x00000000ef300000)
 ParOldGen       total 84992K, used 1355K [0x00000000c0000000, 0x00000000c5300000, 0x00000000eab00000)
  object space 84992K, 1% used [0x00000000c0000000,0x00000000c0152cf8,0x00000000c5300000)
 Metaspace       used 5754K, capacity 6768K, committed 7040K, reserved 1056768K
  class space    used 589K, capacity 616K, committed 640K, reserved 1048576K
}
Event: 2,080 GC heap before
{Heap before GC invocations=2 (full 0):
 PSYoungGen      total 36864K, used 36859K [0x00000000eab00000, 0x00000000ef300000, 0x0000000100000000)
  eden space 31744K, 100% used [0x00000000eab00000,0x00000000eca00000,0x00000000eca00000)
  from space 5120K, 99% used [0x00000000eca00000,0x00000000ecefed68,0x00000000ecf00000)
  to   space 5120K, 0% used [0x00000000eee00000,0x00000000eee00000,0x00000000ef300000)
 ParOldGen       total 84992K, used 1355K [0x00000000c0000000, 0x00000000c5300000, 0x00000000eab00000)
  object space 84992K, 1% used [0x00000000c0000000,0x00000000c0152cf8,0x00000000c5300000)
 Metaspace       used 5859K, capacity 6832K, committed 7040K, reserved 1056768K
  class space    used 591K, capacity 616K, committed 640K, reserved 1048576K
Event: 2,157 GC heap after
Heap after GC invocations=2 (full 0):
 PSYoungGen      total 68608K, used 5106K [0x00000000eab00000, 0x00000000ef300000, 0x0000000100000000)
  eden space 63488K, 0% used [0x00000000eab00000,0x00000000eab00000,0x00000000ee900000)
  from space 5120K, 99% used [0x00000000eee00000,0x00000000ef2fc9f8,0x00000000ef300000)
  to   space 5120K, 0% used [0x00000000ee900000,0x00000000ee900000,0x00000000eee00000)
 ParOldGen       total 84992K, used 4299K [0x00000000c0000000, 0x00000000c5300000, 0x00000000eab00000)
  object space 84992K, 5% used [0x00000000c0000000,0x00000000c0432c70,0x00000000c5300000)
 Metaspace       used 5859K, capacity 6832K, committed 7040K, reserved 1056768K
  class space    used 591K, capacity 616K, committed 640K, reserved 1048576K
}
Event: 3,110 GC heap before
{Heap before GC invocations=3 (full 0):
 PSYoungGen      total 68608K, used 68594K [0x00000000eab00000, 0x00000000ef300000, 0x0000000100000000)
  eden space 63488K, 100% used [0x00000000eab00000,0x00000000ee900000,0x00000000ee900000)
  from space 5120K, 99% used [0x00000000eee00000,0x00000000ef2fc9f8,0x00000000ef300000)
  to   space 5120K, 0% used [0x00000000ee900000,0x00000000ee900000,0x00000000eee00000)
 ParOldGen       total 84992K, used 4299K [0x00000000c0000000, 0x00000000c5300000, 0x00000000eab00000)
  object space 84992K, 5% used [0x00000000c0000000,0x00000000c0432c70,0x00000000c5300000)
 Metaspace       used 5951K, capacity 6896K, committed 7040K, reserved 1056768K
  class space    used 593K, capacity 616K, committed 640K, reserved 1048576K
Event: 3,191 GC heap after
Heap after GC invocations=3 (full 0):
 PSYoungGen      total 68608K, used 5090K [0x00000000eab00000, 0x00000000f3100000, 0x0000000100000000)
  eden space 63488K, 0% used [0x00000000eab00000,0x00000000eab00000,0x00000000ee900000)
  from space 5120K, 99% used [0x00000000ee900000,0x00000000eedf89c8,0x00000000eee00000)
  to   space 5120K, 0% used [0x00000000f2c00000,0x00000000f2c00000,0x00000000f3100000)
 ParOldGen       total 84992K, used 11997K [0x00000000c0000000, 0x00000000c5300000, 0x00000000eab00000)
  object space 84992K, 14% used [0x00000000c0000000,0x00000000c0bb75c0,0x00000000c5300000)
 Metaspace       used 5951K, capacity 6896K, committed 7040K, reserved 1056768K
  class space    used 593K, capacity 616K, committed 640K, reserved 1048576K
}
Event: 3,940 GC heap before
{Heap before GC invocations=4 (full 0):
 PSYoungGen      total 68608K, used 68578K [0x00000000eab00000, 0x00000000f3100000, 0x0000000100000000)
  eden space 63488K, 100% used [0x00000000eab00000,0x00000000ee900000,0x00000000ee900000)
  from space 5120K, 99% used [0x00000000ee900000,0x00000000eedf89c8,0x00000000eee00000)
  to   space 5120K, 0% used [0x00000000f2c00000,0x00000000f2c00000,0x00000000f3100000)
 ParOldGen       total 84992K, used 11997K [0x00000000c0000000, 0x00000000c5300000, 0x00000000eab00000)
  object space 84992K, 14% used [0x00000000c0000000,0x00000000c0bb75c0,0x00000000c5300000)
 Metaspace       used 6010K, capacity 6960K, committed 7040K, reserved 1056768K
  class space    used 593K, capacity 616K, committed 640K, reserved 1048576K
Event: 4,035 GC heap after
Heap after GC invocations=4 (full 0):
 PSYoungGen      total 132096K, used 5098K [0x00000000eab00000, 0x00000000f3100000, 0x0000000100000000)
  eden space 126976K, 0% used [0x00000000eab00000,0x00000000eab00000,0x00000000f2700000)
  from space 5120K, 99% used [0x00000000f2c00000,0x00000000f30faa00,0x00000000f3100000)
  to   space 5120K, 0% used [0x00000000f2700000,0x00000000f2700000,0x00000000f2c00000)
 ParOldGen       total 84992K, used 22419K [0x00000000c0000000, 0x00000000c5300000, 0x00000000eab00000)
  object space 84992K, 26% used [0x00000000c0000000,0x00000000c15e4d98,0x00000000c5300000)
 Metaspace       used 6010K, capacity 6960K, committed 7040K, reserved 1056768K
  class space    used 593K, capacity 616K, committed 640K, reserved 1048576K
}
Event: 5,540 GC heap before
{Heap before GC invocations=5 (full 0):
 PSYoungGen      total 132096K, used 132074K [0x00000000eab00000, 0x00000000f3100000, 0x0000000100000000)
  eden space 126976K, 100% used [0x00000000eab00000,0x00000000f2700000,0x00000000f2700000)
  from space 5120K, 99% used [0x00000000f2c00000,0x00000000f30faa00,0x00000000f3100000)
  to   space 5120K, 0% used [0x00000000f2700000,0x00000000f2700000,0x00000000f2c00000)
 ParOldGen       total 84992K, used 22419K [0x00000000c0000000, 0x00000000c5300000, 0x00000000eab00000)
  object space 84992K, 26% used [0x00000000c0000000,0x00000000c15e4d98,0x00000000c5300000)
 Metaspace       used 6166K, capacity 7088K, committed 7296K, reserved 1056768K
  class space    used 593K, capacity 616K, committed 640K, reserved 1048576K

Deoptimization events (10 events):
Event: 1,130 Thread 0x00007f63bc162000 Uncommon trap: reason=unstable_if action=reinterpret pc=0x00007f63ad208378 method=java.util.BitSet.ensureCapacity(I)V @ 6
Event: 1,131 Thread 0x00007f63bc162000 Uncommon trap: reason=unstable_if action=reinterpret pc=0x00007f63ad24a0e4 method=com.android.dx.rop.code.RegisterSpec.equals(ILcom/android/dx/rop/type/TypeBearer;Lcom/android/dx/rop/code/LocalItem;)Z @ 42
Event: 1,602 Thread 0x00007f63bc162000 Uncommon trap: reason=null_check action=make_not_entrant pc=0x00007f63ad2d6f2c method=com.android.dx.ssa.SsaRenamer.getLocalForNewReg(I)Lcom/android/dx/rop/code/LocalItem; @ 19
Event: 2,049 Thread 0x00007f63bc15b000 Uncommon trap: reason=unstable_if action=reinterpret pc=0x00007f63ad353804 method=com.android.dx.util.IntList.binarysearch(I)I @ 105
Event: 2,065 Thread 0x00007f63bc15b000 Uncommon trap: reason=unstable_if action=reinterpret pc=0x00007f63ad2ce8c4 method=com.android.dx.util.IntList.binarysearch(I)I @ 105
Event: 2,331 Thread 0x00007f63bc163800 Uncommon trap: reason=unstable_if action=reinterpret pc=0x00007f63ad22a79c method=com.android.dx.rop.cst.Constant.compareTo(Lcom/android/dx/rop/cst/Constant;)I @ 12
Event: 4,595 Thread 0x00007f63bc00a000 Uncommon trap: reason=bimorphic action=maybe_recompile pc=0x00007f63ad1f16e4 method=java.util.HashMap.getNode(ILjava/lang/Object;)Ljava/util/HashMap$Node; @ 126
Event: 4,595 Thread 0x00007f63bc00a000 Uncommon trap: reason=class_check action=maybe_recompile pc=0x00007f63ad3405dc method=java.util.HashMap.putVal(ILjava/lang/Object;Ljava/lang/Object;ZZ)Ljava/lang/Object; @ 203
Event: 4,595 Thread 0x00007f63bc00a000 Uncommon trap: reason=bimorphic action=maybe_recompile pc=0x00007f63ad1f16e4 method=java.util.HashMap.getNode(ILjava/lang/Object;)Ljava/util/HashMap$Node; @ 126
Event: 4,595 Thread 0x00007f63bc00a000 Uncommon trap: reason=class_check action=maybe_recompile pc=0x00007f63ad3405dc method=java.util.HashMap.putVal(ILjava/lang/Object;Ljava/lang/Object;ZZ)Ljava/lang/Object; @ 203

Internal exceptions (4 events):
Event: 0,051 Thread 0x00007f63bc00a000 Exception <a 'java/lang/NoSuchMethodError': Method sun.misc.Unsafe.defineClass(Ljava/lang/String;[BII)Ljava/lang/Class; name or signature does not match> (0x00000000eab07cc0) thrown at [/HUDSON/workspace/8-2-build-linux-amd64/jdk8u91/6644/hotspot/src/shar
Event: 0,051 Thread 0x00007f63bc00a000 Exception <a 'java/lang/NoSuchMethodError': Method sun.misc.Unsafe.prefetchRead(Ljava/lang/Object;J)V name or signature does not match> (0x00000000eab07fa8) thrown at [/HUDSON/workspace/8-2-build-linux-amd64/jdk8u91/6644/hotspot/src/share/vm/prims/jni.cpp
Event: 1,041 Thread 0x00007f63bc15b000 Implicit null exception at 0x00007f63ad233e22 to 0x00007f63ad233f1b
Event: 1,602 Thread 0x00007f63bc162000 Implicit null exception at 0x00007f63ad2d411c to 0x00007f63ad2d6ee9

Events (10 events):
Event: 5,408 Thread 0x00007f63bc00a000 DEOPT UNPACKING pc=0x00007f63ad047633 sp=0x00007f63c508e9b0 mode 0
Event: 5,452 Thread 0x00007f63bc162000 DEOPT PACKING pc=0x00007f63ad2b0247 sp=0x00007f63a87f0d40
Event: 5,452 Thread 0x00007f63bc162000 DEOPT UNPACKING pc=0x00007f63ad047633 sp=0x00007f63a87f0aa8 mode 0
Event: 5,454 Thread 0x00007f63bc00a000 DEOPT PACKING pc=0x00007f63ad3bb46c sp=0x00007f63c508f7c0
Event: 5,454 Thread 0x00007f63bc00a000 DEOPT UNPACKING pc=0x00007f63ad047633 sp=0x00007f63c508f4c0 mode 0
Event: 5,504 Thread 0x00007f63bc163800 DEOPT PACKING pc=0x00007f63ad4b7c2c sp=0x00007f63a86effb0
Event: 5,504 Thread 0x00007f63bc163800 DEOPT UNPACKING pc=0x00007f63ad047633 sp=0x00007f63a86efd18 mode 0
Event: 5,512 Thread 0x00007f63bc00a000 DEOPT PACKING pc=0x00007f63ad270ba8 sp=0x00007f63c508ec70
Event: 5,512 Thread 0x00007f63bc00a000 DEOPT UNPACKING pc=0x00007f63ad047633 sp=0x00007f63c508e9b0 mode 0
Event: 5,540 Executing VM operation: ParallelGCFailedAllocation


Dynamic libraries:
00400000-00401000 r-xp 00000000 08:01 9839507                            /usr/lib/jvm/java-8-oracle/bin/java
00600000-00601000 rw-p 00000000 08:01 9839507                            /usr/lib/jvm/java-8-oracle/bin/java
01671000-01692000 rw-p 00000000 00:00 0                                  [heap]
c0000000-c5300000 rw-p 00000000 00:00 0 
c5300000-eab00000 ---p 00000000 00:00 0 
eab00000-f3100000 rw-p 00000000 00:00 0 
fd200000-100000000 ---p 00000000 00:00 0 
100000000-1000a0000 rw-p 00000000 00:00 0 
1000a0000-140000000 ---p 00000000 00:00 0 
7f634c000000-7f634c04f000 rw-p 00000000 00:00 0 
7f634c04f000-7f6350000000 ---p 00000000 00:00 0 
7f6350000000-7f6350021000 rw-p 00000000 00:00 0 
7f6350021000-7f6354000000 ---p 00000000 00:00 0 
7f6354000000-7f6354021000 rw-p 00000000 00:00 0 
7f6354021000-7f6358000000 ---p 00000000 00:00 0 
7f6358000000-7f635802e000 rw-p 00000000 00:00 0 
7f635802e000-7f635c000000 ---p 00000000 00:00 0 
7f635c000000-7f635c021000 rw-p 00000000 00:00 0 
7f635c021000-7f6360000000 ---p 00000000 00:00 0 
7f6360000000-7f636004a000 rw-p 00000000 00:00 0 
7f636004a000-7f6364000000 ---p 00000000 00:00 0 
7f6364000000-7f636487d000 rw-p 00000000 00:00 0 
7f636487d000-7f6368000000 ---p 00000000 00:00 0 
7f6368000000-7f6368021000 rw-p 00000000 00:00 0 
7f6368021000-7f636c000000 ---p 00000000 00:00 0 
7f636c000000-7f636c85a000 rw-p 00000000 00:00 0 
7f636c85a000-7f6370000000 ---p 00000000 00:00 0 
7f6370000000-7f637076f000 rw-p 00000000 00:00 0 
7f637076f000-7f6374000000 ---p 00000000 00:00 0 
7f6374000000-7f6374021000 rw-p 00000000 00:00 0 
7f6374021000-7f6378000000 ---p 00000000 00:00 0 
7f6378000000-7f6378aae000 rw-p 00000000 00:00 0 
7f6378aae000-7f637c000000 ---p 00000000 00:00 0 
7f637c000000-7f637c021000 rw-p 00000000 00:00 0 
7f637c021000-7f6380000000 ---p 00000000 00:00 0 
7f6380000000-7f6380021000 rw-p 00000000 00:00 0 
7f6380021000-7f6384000000 ---p 00000000 00:00 0 
7f6384000000-7f6384021000 rw-p 00000000 00:00 0 
7f6384021000-7f6388000000 ---p 00000000 00:00 0 
7f6388000000-7f638828f000 rw-p 00000000 00:00 0 
7f638828f000-7f638c000000 ---p 00000000 00:00 0 
7f638c000000-7f638c021000 rw-p 00000000 00:00 0 
7f638c021000-7f6390000000 ---p 00000000 00:00 0 
7f6390000000-7f6390021000 rw-p 00000000 00:00 0 
7f6390021000-7f6394000000 ---p 00000000 00:00 0 
7f6394000000-7f6394021000 rw-p 00000000 00:00 0 
7f6394021000-7f6398000000 ---p 00000000 00:00 0 
7f6398000000-7f6398021000 rw-p 00000000 00:00 0 
7f6398021000-7f639c000000 ---p 00000000 00:00 0 
7f639c000000-7f639c021000 rw-p 00000000 00:00 0 
7f639c021000-7f63a0000000 ---p 00000000 00:00 0 
7f63a0000000-7f63a0021000 rw-p 00000000 00:00 0 
7f63a0021000-7f63a4000000 ---p 00000000 00:00 0 
7f63a4000000-7f63a4021000 rw-p 00000000 00:00 0 
7f63a4021000-7f63a8000000 ---p 00000000 00:00 0 
7f63a85cd000-7f63a85d4000 r--s 00000000 08:01 10092992                   /usr/lib/x86_64-linux-gnu/gconv/gconv-modules.cache
7f63a85d4000-7f63a85f1000 r--p 00000000 08:01 11012338                   /usr/share/locale-langpack/tr/LC_MESSAGES/libc.mo
7f63a85f1000-7f63a85f4000 ---p 00000000 00:00 0 
7f63a85f4000-7f63a86f2000 rw-p 00000000 00:00 0 
7f63a86f2000-7f63a86f5000 ---p 00000000 00:00 0 
7f63a86f5000-7f63a87f3000 rw-p 00000000 00:00 0 
7f63a87f3000-7f63a87f6000 ---p 00000000 00:00 0 
7f63a87f6000-7f63a88f4000 rw-p 00000000 00:00 0 
7f63a88f4000-7f63a88f7000 ---p 00000000 00:00 0 
7f63a88f7000-7f63a89f5000 rw-p 00000000 00:00 0 
7f63a89f5000-7f63a89f8000 ---p 00000000 00:00 0 
7f63a89f8000-7f63a8af6000 rw-p 00000000 00:00 0 
7f63a8af6000-7f63a8b03000 r--s 000ab000 08:01 159560                     /home/oguz/.gradle/caches/modules-2/files-2.1/org.springframework/spring-beans/4.3.0.RELEASE/38da647f047779b176a0e2841900abca0196aefb/spring-beans-4.3.0.RELEASE.jar
7f63a8b03000-7f63a8b04000 ---p 00000000 00:00 0 
7f63a8b04000-7f63a8c04000 rw-p 00000000 00:00 0 
7f63a8c04000-7f63a8c07000 ---p 00000000 00:00 0 
7f63a8c07000-7f63a8d05000 rw-p 00000000 00:00 0 
7f63a8d05000-7f63a8d08000 ---p 00000000 00:00 0 
7f63a8d08000-7f63a8e06000 rw-p 00000000 00:00 0 
7f63a8e06000-7f63a8e09000 ---p 00000000 00:00 0 
7f63a8e09000-7f63a8f07000 rw-p 00000000 00:00 0 
7f63a8f07000-7f63a8f0a000 ---p 00000000 00:00 0 
7f63a8f0a000-7f63a9008000 rw-p 00000000 00:00 0 
7f63a9008000-7f63a900b000 ---p 00000000 00:00 0 
7f63a900b000-7f63a9109000 rw-p 00000000 00:00 0 
7f63a9109000-7f63a910c000 ---p 00000000 00:00 0 
7f63a910c000-7f63a920a000 rw-p 00000000 00:00 0 
7f63a920a000-7f63a9642000 r--p 00000000 08:01 9700768                    /usr/lib/locale/locale-archive
7f63a9642000-7f63a9645000 ---p 00000000 00:00 0 
7f63a9645000-7f63a9743000 rw-p 00000000 00:00 0 
7f63a9743000-7f63a9746000 ---p 00000000 00:00 0 
7f63a9746000-7f63a9844000 rw-p 00000000 00:00 0 
7f63a9844000-7f63a9845000 ---p 00000000 00:00 0 
7f63a9845000-7f63ad000000 rw-p 00000000 00:00 0 
7f63ad000000-7f63ad670000 rwxp 00000000 00:00 0 
7f63ad670000-7f63bc000000 ---p 00000000 00:00 0 
7f63bc000000-7f63bc39a000 rw-p 00000000 00:00 0 
7f63bc39a000-7f63c0000000 ---p 00000000 00:00 0 
7f63c0001000-7f63c0010000 r--s 000df000 08:01 5246091                    /home/oguz/Android/Sdk/build-tools/23.0.3/lib/dx.jar
7f63c0010000-7f63c0599000 rw-p 00000000 00:00 0 
7f63c0599000-7f63c0772000 r--s 03d1f000 08:01 9967487                    /usr/lib/jvm/java-8-oracle/jre/lib/rt.jar
7f63c0772000-7f63c0e68000 rw-p 00000000 00:00 0 
7f63c0e68000-7f63c0fe8000 ---p 00000000 00:00 0 
7f63c0fe8000-7f63c11e8000 rw-p 00000000 00:00 0 
7f63c11e8000-7f63c11e9000 ---p 00000000 00:00 0 
7f63c11e9000-7f63c12e9000 rw-p 00000000 00:00 0 
7f63c12e9000-7f63c12ea000 ---p 00000000 00:00 0 
7f63c12ea000-7f63c13ea000 rw-p 00000000 00:00 0 
7f63c13ea000-7f63c13eb000 ---p 00000000 00:00 0 
7f63c13eb000-7f63c14eb000 rw-p 00000000 00:00 0 
7f63c14eb000-7f63c14ec000 ---p 00000000 00:00 0 
7f63c14ec000-7f63c15ec000 rw-p 00000000 00:00 0 
7f63c15ec000-7f63c15ed000 ---p 00000000 00:00 0 
7f63c15ed000-7f63c16ed000 rw-p 00000000 00:00 0 
7f63c16ed000-7f63c16ee000 ---p 00000000 00:00 0 
7f63c16ee000-7f63c17ee000 rw-p 00000000 00:00 0 
7f63c17ee000-7f63c17ef000 ---p 00000000 00:00 0 
7f63c17ef000-7f63c18ef000 rw-p 00000000 00:00 0 
7f63c18ef000-7f63c18f0000 ---p 00000000 00:00 0 
7f63c18f0000-7f63c1a1a000 rw-p 00000000 00:00 0 
7f63c1a1a000-7f63c1b46000 ---p 00000000 00:00 0 
7f63c1b46000-7f63c1b70000 rw-p 00000000 00:00 0 
7f63c1b70000-7f63c1c9b000 ---p 00000000 00:00 0 
7f63c1c9b000-7f63c1cdf000 rw-p 00000000 00:00 0 
7f63c1cdf000-7f63c1d46000 ---p 00000000 00:00 0 
7f63c1d46000-7f63c1d61000 rw-p 00000000 00:00 0 
7f63c1d61000-7f63c2107000 ---p 00000000 00:00 0 
7f63c2107000-7f63c2121000 r-xp 00000000 08:01 10092954                   /usr/lib/jvm/java-8-oracle/jre/lib/amd64/libzip.so
7f63c2121000-7f63c2321000 ---p 0001a000 08:01 10092954                   /usr/lib/jvm/java-8-oracle/jre/lib/amd64/libzip.so
7f63c2321000-7f63c2322000 rw-p 0001a000 08:01 10092954                   /usr/lib/jvm/java-8-oracle/jre/lib/amd64/libzip.so
7f63c2322000-7f63c232d000 r-xp 00000000 08:01 7603299                    /lib/x86_64-linux-gnu/libnss_files-2.23.so
7f63c232d000-7f63c252c000 ---p 0000b000 08:01 7603299                    /lib/x86_64-linux-gnu/libnss_files-2.23.so
7f63c252c000-7f63c252d000 r--p 0000a000 08:01 7603299                    /lib/x86_64-linux-gnu/libnss_files-2.23.so
7f63c252d000-7f63c252e000 rw-p 0000b000 08:01 7603299                    /lib/x86_64-linux-gnu/libnss_files-2.23.so
7f63c252e000-7f63c2534000 rw-p 00000000 00:00 0 
7f63c2534000-7f63c253f000 r-xp 00000000 08:01 7603296                    /lib/x86_64-linux-gnu/libnss_nis-2.23.so
7f63c253f000-7f63c273e000 ---p 0000b000 08:01 7603296                    /lib/x86_64-linux-gnu/libnss_nis-2.23.so
7f63c273e000-7f63c273f000 r--p 0000a000 08:01 7603296                    /lib/x86_64-linux-gnu/libnss_nis-2.23.so
7f63c273f000-7f63c2740000 rw-p 0000b000 08:01 7603296                    /lib/x86_64-linux-gnu/libnss_nis-2.23.so
7f63c2740000-7f63c2756000 r-xp 00000000 08:01 7603294                    /lib/x86_64-linux-gnu/libnsl-2.23.so
7f63c2756000-7f63c2956000 ---p 00016000 08:01 7603294                    /lib/x86_64-linux-gnu/libnsl-2.23.so
7f63c2956000-7f63c2957000 r--p 00016000 08:01 7603294                    /lib/x86_64-linux-gnu/libnsl-2.23.so
7f63c2957000-7f63c2958000 rw-p 00017000 08:01 7603294                    /lib/x86_64-linux-gnu/libnsl-2.23.so
7f63c2958000-7f63c295a000 rw-p 00000000 00:00 0 
7f63c295a000-7f63c2962000 r-xp 00000000 08:01 7603292                    /lib/x86_64-linux-gnu/libnss_compat-2.23.so
7f63c2962000-7f63c2b61000 ---p 00008000 08:01 7603292                    /lib/x86_64-linux-gnu/libnss_compat-2.23.so
7f63c2b61000-7f63c2b62000 r--p 00007000 08:01 7603292                    /lib/x86_64-linux-gnu/libnss_compat-2.23.so
7f63c2b62000-7f63c2b63000 rw-p 00008000 08:01 7603292                    /lib/x86_64-linux-gnu/libnss_compat-2.23.so
7f63c2b63000-7f63c2b8d000 r-xp 00000000 08:01 10092949                   /usr/lib/jvm/java-8-oracle/jre/lib/amd64/libjava.so
7f63c2b8d000-7f63c2d8d000 ---p 0002a000 08:01 10092949                   /usr/lib/jvm/java-8-oracle/jre/lib/amd64/libjava.so
7f63c2d8d000-7f63c2d8f000 rw-p 0002a000 08:01 10092949                   /usr/lib/jvm/java-8-oracle/jre/lib/amd64/libjava.so
7f63c2d8f000-7f63c2d9c000 r-xp 00000000 08:01 10092953                   /usr/lib/jvm/java-8-oracle/jre/lib/amd64/libverify.so
7f63c2d9c000-7f63c2f9c000 ---p 0000d000 08:01 10092953                   /usr/lib/jvm/java-8-oracle/jre/lib/amd64/libverify.so
7f63c2f9c000-7f63c2f9e000 rw-p 0000d000 08:01 10092953                   /usr/lib/jvm/java-8-oracle/jre/lib/amd64/libverify.so
7f63c2f9e000-7f63c2fa5000 r-xp 00000000 08:01 7603308                    /lib/x86_64-linux-gnu/librt-2.23.so
7f63c2fa5000-7f63c31a4000 ---p 00007000 08:01 7603308                    /lib/x86_64-linux-gnu/librt-2.23.so
7f63c31a4000-7f63c31a5000 r--p 00006000 08:01 7603308                    /lib/x86_64-linux-gnu/librt-2.23.so
7f63c31a5000-7f63c31a6000 rw-p 00007000 08:01 7603308                    /lib/x86_64-linux-gnu/librt-2.23.so
7f63c31a6000-7f63c32ae000 r-xp 00000000 08:01 7603305                    /lib/x86_64-linux-gnu/libm-2.23.so
7f63c32ae000-7f63c34ad000 ---p 00108000 08:01 7603305                    /lib/x86_64-linux-gnu/libm-2.23.so
7f63c34ad000-7f63c34ae000 r--p 00107000 08:01 7603305                    /lib/x86_64-linux-gnu/libm-2.23.so
7f63c34ae000-7f63c34af000 rw-p 00108000 08:01 7603305                    /lib/x86_64-linux-gnu/libm-2.23.so
7f63c34af000-7f63c416f000 r-xp 00000000 08:01 10092932                   /usr/lib/jvm/java-8-oracle/jre/lib/amd64/server/libjvm.so
7f63c416f000-7f63c436f000 ---p 00cc0000 08:01 10092932                   /usr/lib/jvm/java-8-oracle/jre/lib/amd64/server/libjvm.so
7f63c436f000-7f63c4447000 rw-p 00cc0000 08:01 10092932                   /usr/lib/jvm/java-8-oracle/jre/lib/amd64/server/libjvm.so
7f63c4447000-7f63c4492000 rw-p 00000000 00:00 0 
7f63c4492000-7f63c4652000 r-xp 00000000 08:01 7603313                    /lib/x86_64-linux-gnu/libc-2.23.so
7f63c4652000-7f63c4852000 ---p 001c0000 08:01 7603313                    /lib/x86_64-linux-gnu/libc-2.23.so
7f63c4852000-7f63c4856000 r--p 001c0000 08:01 7603313                    /lib/x86_64-linux-gnu/libc-2.23.so
7f63c4856000-7f63c4858000 rw-p 001c4000 08:01 7603313                    /lib/x86_64-linux-gnu/libc-2.23.so
7f63c4858000-7f63c485c000 rw-p 00000000 00:00 0 
7f63c485c000-7f63c485f000 r-xp 00000000 08:01 7603314                    /lib/x86_64-linux-gnu/libdl-2.23.so
7f63c485f000-7f63c4a5e000 ---p 00003000 08:01 7603314                    /lib/x86_64-linux-gnu/libdl-2.23.so
7f63c4a5e000-7f63c4a5f000 r--p 00002000 08:01 7603314                    /lib/x86_64-linux-gnu/libdl-2.23.so
7f63c4a5f000-7f63c4a60000 rw-p 00003000 08:01 7603314                    /lib/x86_64-linux-gnu/libdl-2.23.so
7f63c4a60000-7f63c4a75000 r-xp 00000000 08:01 9840182                    /usr/lib/jvm/java-8-oracle/lib/amd64/jli/libjli.so
7f63c4a75000-7f63c4c75000 ---p 00015000 08:01 9840182                    /usr/lib/jvm/java-8-oracle/lib/amd64/jli/libjli.so
7f63c4c75000-7f63c4c76000 rw-p 00015000 08:01 9840182                    /usr/lib/jvm/java-8-oracle/lib/amd64/jli/libjli.so
7f63c4c76000-7f63c4c8e000 r-xp 00000000 08:01 7603312                    /lib/x86_64-linux-gnu/libpthread-2.23.so
7f63c4c8e000-7f63c4e8d000 ---p 00018000 08:01 7603312                    /lib/x86_64-linux-gnu/libpthread-2.23.so
7f63c4e8d000-7f63c4e8e000 r--p 00017000 08:01 7603312                    /lib/x86_64-linux-gnu/libpthread-2.23.so
7f63c4e8e000-7f63c4e8f000 rw-p 00018000 08:01 7603312                    /lib/x86_64-linux-gnu/libpthread-2.23.so
7f63c4e8f000-7f63c4e93000 rw-p 00000000 00:00 0 
7f63c4e93000-7f63c4eb9000 r-xp 00000000 08:01 7603309                    /lib/x86_64-linux-gnu/ld-2.23.so
7f63c4ebf000-7f63c4f91000 rw-p 00000000 00:00 0 
7f63c4f91000-7f63c4f94000 ---p 00000000 00:00 0 
7f63c4f94000-7f63c5096000 rw-p 00000000 00:00 0 
7f63c5098000-7f63c50ac000 rw-p 00000000 00:00 0 
7f63c50ac000-7f63c50b4000 rw-s 00000000 08:01 133481                     /tmp/hsperfdata_oguz/17942
7f63c50b4000-7f63c50b5000 rw-p 00000000 00:00 0 
7f63c50b5000-7f63c50b6000 ---p 00000000 00:00 0 
7f63c50b6000-7f63c50b8000 rw-p 00000000 00:00 0 
7f63c50b8000-7f63c50b9000 r--p 00025000 08:01 7603309                    /lib/x86_64-linux-gnu/ld-2.23.so
7f63c50b9000-7f63c50ba000 rw-p 00026000 08:01 7603309                    /lib/x86_64-linux-gnu/ld-2.23.so
7f63c50ba000-7f63c50bb000 rw-p 00000000 00:00 0 
7ffe78a73000-7ffe78a94000 rw-p 00000000 00:00 0                          [stack]
7ffe78b2e000-7ffe78b30000 r--p 00000000 00:00 0                          [vvar]
7ffe78b30000-7ffe78b32000 r-xp 00000000 00:00 0                          [vdso]
ffffffffff600000-ffffffffff601000 r-xp 00000000 00:00 0                  [vsyscall]

VM Arguments:
jvm_args: -Djava.awt.headless=true -Xmx1024M -Dfile.encoding=UTF-8 -Duser.country=TR -Duser.language=tr -Duser.variant 
java_command: com.android.dx.command.Main --dex --force-jumbo --num-threads=4 --multi-dex --output /home/oguz/AndroidStudioProjects/FomApplication/app/build/intermediates/transforms/dex/debug/folders/1000/10/spring-beans-4.3.0.RELEASE_05a2cbf949fa52df87a9812528a11f6a157fa71d /home/oguz/.gradle/caches/modules-2/files-2.1/org.springframework/spring-beans/4.3.0.RELEASE/38da647f047779b176a0e2841900abca0196aefb/spring-beans-4.3.0.RELEASE.jar
java_class_path (initial): /home/oguz/Android/Sdk/build-tools/23.0.3/lib/dx.jar
Launcher Type: SUN_STANDARD

Environment Variables:
PATH=/usr/local/sbin:/usr/local/bin:/usr/sbin:/usr/bin:/sbin:/bin:/usr/games:/usr/local/games:/snap/bin
LD_LIBRARY_PATH=/home/oguz/Masaüstü/Derleyiciler/android-studio/bin:
SHELL=/bin/bash
DISPLAY=:0

Signal Handlers:
SIGSEGV: [libjvm.so+0xabca10], sa_mask[0]=11111111011111111101111111111110, sa_flags=SA_RESTART|SA_SIGINFO
SIGBUS: [libjvm.so+0xabca10], sa_mask[0]=11111111011111111101111111111110, sa_flags=SA_RESTART|SA_SIGINFO
SIGFPE: [libjvm.so+0x919a20], sa_mask[0]=11111111011111111101111111111110, sa_flags=SA_RESTART|SA_SIGINFO
SIGPIPE: [libjvm.so+0x919a20], sa_mask[0]=11111111011111111101111111111110, sa_flags=SA_RESTART|SA_SIGINFO
SIGXFSZ: [libjvm.so+0x919a20], sa_mask[0]=11111111011111111101111111111110, sa_flags=SA_RESTART|SA_SIGINFO
SIGILL: [libjvm.so+0x919a20], sa_mask[0]=11111111011111111101111111111110, sa_flags=SA_RESTART|SA_SIGINFO
SIGUSR1: SIG_DFL, sa_mask[0]=00000000000000000000000000000000, sa_flags=none
SIGUSR2: [libjvm.so+0x91b050], sa_mask[0]=00100000000000000000000000000000, sa_flags=SA_RESTART|SA_SIGINFO
SIGHUP: [libjvm.so+0x91c450], sa_mask[0]=11111111011111111101111111111110, sa_flags=SA_RESTART|SA_SIGINFO
SIGINT: [libjvm.so+0x91c450], sa_mask[0]=11111111011111111101111111111110, sa_flags=SA_RESTART|SA_SIGINFO
SIGTERM: [libjvm.so+0x91c450], sa_mask[0]=11111111011111111101111111111110, sa_flags=SA_RESTART|SA_SIGINFO
SIGQUIT: [libjvm.so+0x91c450], sa_mask[0]=11111111011111111101111111111110, sa_flags=SA_RESTART|SA_SIGINFO


---------------  S Y S T E M  ---------------

OS:DISTRIB_ID=Ubuntu
DISTRIB_RELEASE=16.04
DISTRIB_CODENAME=xenial
DISTRIB_DESCRIPTION="Ubuntu Xenial Xerus (development branch)"

uname:Linux 4.4.0-22-generic #39-Ubuntu SMP Thu May 5 16:53:32 UTC 2016 x86_64
libc:glibc 2.23 NPTL 2.23 
rlimit: STACK 8192k, CORE 0k, NPROC 31498, NOFILE 65536, AS infinity
load average:8,94 2,34 1,07

/proc/meminfo:
MemTotal:        8101800 kB
MemFree:          103472 kB
MemAvailable:     176452 kB
Buffers:            1264 kB
Cached:           499840 kB
SwapCached:            0 kB
Active:          7335488 kB
Inactive:         419792 kB
Active(anon):    7303472 kB
Inactive(anon):   387344 kB
Active(file):      32016 kB
Inactive(file):    32448 kB
Unevictable:          72 kB
Mlocked:              72 kB
SwapTotal:             0 kB
SwapFree:              0 kB
Dirty:               724 kB
Writeback:             4 kB
AnonPages:       7255420 kB
Mapped:           202460 kB
Shmem:            435224 kB
Slab:             104180 kB
SReclaimable:      50888 kB
SUnreclaim:        53292 kB
KernelStack:       19104 kB
PageTables:        60788 kB
NFS_Unstable:          0 kB
Bounce:                0 kB
WritebackTmp:          0 kB
CommitLimit:     4050900 kB
Committed_AS:   13859796 kB
VmallocTotal:   34359738367 kB
VmallocUsed:           0 kB
VmallocChunk:          0 kB
HardwareCorrupted:     0 kB
AnonHugePages:   4653056 kB
CmaTotal:              0 kB
CmaFree:               0 kB
HugePages_Total:       0
HugePages_Free:        0
HugePages_Rsvd:        0
HugePages_Surp:        0
Hugepagesize:       2048 kB
DirectMap4k:      164608 kB
DirectMap2M:     8151040 kB
DirectMap1G:     1048576 kB


CPU:total 8 (4 cores per cpu, 2 threads per core) family 6 model 60 stepping 3, cmov, cx8, fxsr, mmx, sse, sse2, sse3, ssse3, sse4.1, sse4.2, popcnt, avx, avx2, aes, clmul, erms, lzcnt, ht, tsc, tscinvbit, bmi1, bmi2

/proc/cpuinfo:
processor	: 0
vendor_id	: GenuineIntel
cpu family	: 6
model		: 60
model name	: Intel(R) Core(TM) i7-4700MQ CPU @ 2.40GHz
stepping	: 3
microcode	: 0x16
cpu MHz		: 1599.937
cache size	: 6144 KB
physical id	: 0
siblings	: 8
core id		: 0
cpu cores	: 4
apicid		: 0
initial apicid	: 0
fpu		: yes
fpu_exception	: yes
cpuid level	: 13
wp		: yes
flags		: fpu vme de pse tsc msr pae mce cx8 apic sep mtrr pge mca cmov pat pse36 clflush dts acpi mmx fxsr sse sse2 ss ht tm pbe syscall nx pdpe1gb rdtscp lm constant_tsc arch_perfmon pebs bts rep_good nopl xtopology nonstop_tsc aperfmperf eagerfpu pni pclmulqdq dtes64 monitor ds_cpl vmx est tm2 ssse3 sdbg fma cx16 xtpr pdcm pcid sse4_1 sse4_2 movbe popcnt tsc_deadline_timer aes xsave avx f16c rdrand lahf_lm abm epb tpr_shadow vnmi flexpriority ept vpid fsgsbase tsc_adjust bmi1 avx2 smep bmi2 erms invpcid xsaveopt dtherm ida arat pln pts
bugs		:
bogomips	: 4788.76
clflush size	: 64
cache_alignment	: 64
address sizes	: 39 bits physical, 48 bits virtual
power management:

processor	: 1
vendor_id	: GenuineIntel
cpu family	: 6
model		: 60
model name	: Intel(R) Core(TM) i7-4700MQ CPU @ 2.40GHz
stepping	: 3
microcode	: 0x16
cpu MHz		: 1599.937
cache size	: 6144 KB
physical id	: 0
siblings	: 8
core id		: 0
cpu cores	: 4
apicid		: 1
initial apicid	: 1
fpu		: yes
fpu_exception	: yes
cpuid level	: 13
wp		: yes
flags		: fpu vme de pse tsc msr pae mce cx8 apic sep mtrr pge mca cmov pat pse36 clflush dts acpi mmx fxsr sse sse2 ss ht tm pbe syscall nx pdpe1gb rdtscp lm constant_tsc arch_perfmon pebs bts rep_good nopl xtopology nonstop_tsc aperfmperf eagerfpu pni pclmulqdq dtes64 monitor ds_cpl vmx est tm2 ssse3 sdbg fma cx16 xtpr pdcm pcid sse4_1 sse4_2 movbe popcnt tsc_deadline_timer aes xsave avx f16c rdrand lahf_lm abm epb tpr_shadow vnmi flexpriority ept vpid fsgsbase tsc_adjust bmi1 avx2 smep bmi2 erms invpcid xsaveopt dtherm ida arat pln pts
bugs		:
bogomips	: 4788.76
clflush size	: 64
cache_alignment	: 64
address sizes	: 39 bits physical, 48 bits virtual
power management:

processor	: 2
vendor_id	: GenuineIntel
cpu family	: 6
model		: 60
model name	: Intel(R) Core(TM) i7-4700MQ CPU @ 2.40GHz
stepping	: 3
microcode	: 0x16
cpu MHz		: 1599.937
cache size	: 6144 KB
physical id	: 0
siblings	: 8
core id		: 1
cpu cores	: 4
apicid		: 2
initial apicid	: 2
fpu		: yes
fpu_exception	: yes
cpuid level	: 13
wp		: yes
flags		: fpu vme de pse tsc msr pae mce cx8 apic sep mtrr pge mca cmov pat pse36 clflush dts acpi mmx fxsr sse sse2 ss ht tm pbe syscall nx pdpe1gb rdtscp lm constant_tsc arch_perfmon pebs bts rep_good nopl xtopology nonstop_tsc aperfmperf eagerfpu pni pclmulqdq dtes64 monitor ds_cpl vmx est tm2 ssse3 sdbg fma cx16 xtpr pdcm pcid sse4_1 sse4_2 movbe popcnt tsc_deadline_timer aes xsave avx f16c rdrand lahf_lm abm epb tpr_shadow vnmi flexpriority ept vpid fsgsbase tsc_adjust bmi1 avx2 smep bmi2 erms invpcid xsaveopt dtherm ida arat pln pts
bugs		:
bogomips	: 4788.76
clflush size	: 64
cache_alignment	: 64
address sizes	: 39 bits physical, 48 bits virtual
power management:

processor	: 3
vendor_id	: GenuineIntel
cpu family	: 6
model		: 60
model name	: Intel(R) Core(TM) i7-4700MQ CPU @ 2.40GHz
stepping	: 3
microcode	: 0x16
cpu MHz		: 1599.937
cache size	: 6144 KB
physical id	: 0
siblings	: 8
core id		: 1
cpu cores	: 4
apicid		: 3
initial apicid	: 3
fpu		: yes
fpu_exception	: yes
cpuid level	: 13
wp		: yes
flags		: fpu vme de pse tsc msr pae mce cx8 apic sep mtrr pge mca cmov pat pse36 clflush dts acpi mmx fxsr sse sse2 ss ht tm pbe syscall nx pdpe1gb rdtscp lm constant_tsc arch_perfmon pebs bts rep_good nopl xtopology nonstop_tsc aperfmperf eagerfpu pni pclmulqdq dtes64 monitor ds_cpl vmx est tm2 ssse3 sdbg fma cx16 xtpr pdcm pcid sse4_1 sse4_2 movbe popcnt tsc_deadline_timer aes xsave avx f16c rdrand lahf_lm abm epb tpr_shadow vnmi flexpriority ept vpid fsgsbase tsc_adjust bmi1 avx2 smep bmi2 erms invpcid xsaveopt dtherm ida arat pln pts
bugs		:
bogomips	: 4788.76
clflush size	: 64
cache_alignment	: 64
address sizes	: 39 bits physical, 48 bits virtual
power management:

processor	: 4
vendor_id	: GenuineIntel
cpu family	: 6
model		: 60
model name	: Intel(R) Core(TM) i7-4700MQ CPU @ 2.40GHz
stepping	: 3
microcode	: 0x16
cpu MHz		: 1599.937
cache size	: 6144 KB
physical id	: 0
siblings	: 8
core id		: 2
cpu cores	: 4
apicid		: 4
initial apicid	: 4
fpu		: yes
fpu_exception	: yes
cpuid level	: 13
wp		: yes
flags		: fpu vme de pse tsc msr pae mce cx8 apic sep mtrr pge mca cmov pat pse36 clflush dts acpi mmx fxsr sse sse2 ss ht tm pbe syscall nx pdpe1gb rdtscp lm constant_tsc arch_perfmon pebs bts rep_good nopl xtopology nonstop_tsc aperfmperf eagerfpu pni pclmulqdq dtes64 monitor ds_cpl vmx est tm2 ssse3 sdbg fma cx16 xtpr pdcm pcid sse4_1 sse4_2 movbe popcnt tsc_deadline_timer aes xsave avx f16c rdrand lahf_lm abm epb tpr_shadow vnmi flexpriority ept vpid fsgsbase tsc_adjust bmi1 avx2 smep bmi2 erms invpcid xsaveopt dtherm ida arat pln pts
bugs		:
bogomips	: 4788.76
clflush size	: 64
cache_alignment	: 64
address sizes	: 39 bits physical, 48 bits virtual
power management:

processor	: 5
vendor_id	: GenuineIntel
cpu family	: 6
model		: 60
model name	: Intel(R) Core(TM) i7-4700MQ CPU @ 2.40GHz
stepping	: 3
microcode	: 0x16
cpu MHz		: 1599.937
cache size	: 6144 KB
physical id	: 0
siblings	: 8
core id		: 2
cpu cores	: 4
apicid		: 5
initial apicid	: 5
fpu		: yes
fpu_exception	: yes
cpuid level	: 13
wp		: yes
flags		: fpu vme de pse tsc msr pae mce cx8 apic sep mtrr pge mca cmov pat pse36 clflush dts acpi mmx fxsr sse sse2 ss ht tm pbe syscall nx pdpe1gb rdtscp lm constant_tsc arch_perfmon pebs bts rep_good nopl xtopology nonstop_tsc aperfmperf eagerfpu pni pclmulqdq dtes64 monitor ds_cpl vmx est tm2 ssse3 sdbg fma cx16 xtpr pdcm pcid sse4_1 sse4_2 movbe popcnt tsc_deadline_timer aes xsave avx f16c rdrand lahf_lm abm epb tpr_shadow vnmi flexpriority ept vpid fsgsbase tsc_adjust bmi1 avx2 smep bmi2 erms invpcid xsaveopt dtherm ida arat pln pts
bugs		:
bogomips	: 4788.76
clflush size	: 64
cache_alignment	: 64
address sizes	: 39 bits physical, 48 bits virtual
power management:

processor	: 6
vendor_id	: GenuineIntel
cpu family	: 6
model		: 60
model name	: Intel(R) Core(TM) i7-4700MQ CPU @ 2.40GHz
stepping	: 3
microcode	: 0x16
cpu MHz		: 1599.937
cache size	: 6144 KB
physical id	: 0
siblings	: 8
core id		: 3
cpu cores	: 4
apicid		: 6
initial apicid	: 6
fpu		: yes
fpu_exception	: yes
cpuid level	: 13
wp		: yes
flags		: fpu vme de pse tsc msr pae mce cx8 apic sep mtrr pge mca cmov pat pse36 clflush dts acpi mmx fxsr sse sse2 ss ht tm pbe syscall nx pdpe1gb rdtscp lm constant_tsc arch_perfmon pebs bts rep_good nopl xtopology nonstop_tsc aperfmperf eagerfpu pni pclmulqdq dtes64 monitor ds_cpl vmx est tm2 ssse3 sdbg fma cx16 xtpr pdcm pcid sse4_1 sse4_2 movbe popcnt tsc_deadline_timer aes xsave avx f16c rdrand lahf_lm abm epb tpr_shadow vnmi flexpriority ept vpid fsgsbase tsc_adjust bmi1 avx2 smep bmi2 erms invpcid xsaveopt dtherm ida arat pln pts
bugs		:
bogomips	: 4788.76
clflush size	: 64
cache_alignment	: 64
address sizes	: 39 bits physical, 48 bits virtual
power management:

processor	: 7
vendor_id	: GenuineIntel
cpu family	: 6
model		: 60
model name	: Intel(R) Core(TM) i7-4700MQ CPU @ 2.40GHz
stepping	: 3
microcode	: 0x16
cpu MHz		: 1599.937
cache size	: 6144 KB
physical id	: 0
siblings	: 8
core id		: 3
cpu cores	: 4
apicid		: 7
initial apicid	: 7
fpu		: yes
fpu_exception	: yes
cpuid level	: 13
wp		: yes
flags		: fpu vme de pse tsc msr pae mce cx8 apic sep mtrr pge mca cmov pat pse36 clflush dts acpi mmx fxsr sse sse2 ss ht tm pbe syscall nx pdpe1gb rdtscp lm constant_tsc arch_perfmon pebs bts rep_good nopl xtopology nonstop_tsc aperfmperf eagerfpu pni pclmulqdq dtes64 monitor ds_cpl vmx est tm2 ssse3 sdbg fma cx16 xtpr pdcm pcid sse4_1 sse4_2 movbe popcnt tsc_deadline_timer aes xsave avx f16c rdrand lahf_lm abm epb tpr_shadow vnmi flexpriority ept vpid fsgsbase tsc_adjust bmi1 avx2 smep bmi2 erms invpcid xsaveopt dtherm ida arat pln pts
bugs		:
bogomips	: 4788.76
clflush size	: 64
cache_alignment	: 64
address sizes	: 39 bits physical, 48 bits virtual
power management:



Memory: 4k page, physical 8101800k(103224k free), swap 0k(0k free)

vm_info: Java HotSpot(TM) 64-Bit Server VM (25.91-b14) for linux-amd64 JRE (1.8.0_91-b14), built on Apr  1 2016 00:57:21 by "java_re" with gcc 4.3.0 20080428 (Red Hat 4.3.0-8)

time: Wed Jul 20 12:12:15 2016
elapsed time: 5 seconds (0d 0h 0m 5s)

