#
# There is insufficient memory for the Java Runtime Environment to continue.
# Native memory allocation (mmap) failed to map 174063616 bytes for committing reserved memory.
# Possible reasons:
#   The system is out of physical RAM or swap space
#   In 32 bit mode, the process size limit was hit
# Possible solutions:
#   Reduce memory load on the system
#   Increase physical memory or swap space
#   Check if swap backing store is full
#   Use 64 bit Java on a 64 bit OS
#   Decrease Java heap size (-Xmx/-Xms)
#   Decrease number of Java threads
#   Decrease Java thread stack sizes (-Xss)
#   Set larger code cache with -XX:ReservedCodeCacheSize=
# This output file may be truncated or incomplete.
#
#  Out of Memory Error (os_linux.cpp:2627), pid=22987, tid=140075977979648
#
# JRE version: Java(TM) SE Runtime Environment (8.0_91-b14) (build 1.8.0_91-b14)
# Java VM: Java HotSpot(TM) 64-Bit Server VM (25.91-b14 mixed mode linux-amd64 compressed oops)
# Failed to write core dump. Core dumps have been disabled. To enable core dumping, try "ulimit -c unlimited" before starting Java again
#

---------------  T H R E A D  ---------------

Current thread (0x00007f661c080000):  VMThread [stack: 0x00007f65fad8b000,0x00007f65fae8c000] [id=23005]

Stack: [0x00007f65fad8b000,0x00007f65fae8c000],  sp=0x00007f65fae8a1a0,  free space=1020k
Native frames: (J=compiled Java code, j=interpreted, Vv=VM code, C=native code)
V  [libjvm.so+0xabc18a]  VMError::report_and_die()+0x2ba
V  [libjvm.so+0x4fafeb]  report_vm_out_of_memory(char const*, int, unsigned long, VMErrorType, char const*)+0x8b
V  [libjvm.so+0x91cbb3]  os::Linux::commit_memory_impl(char*, unsigned long, bool)+0x103
V  [libjvm.so+0x91d109]  os::pd_commit_memory(char*, unsigned long, unsigned long, bool)+0x29
V  [libjvm.so+0x91740a]  os::commit_memory(char*, unsigned long, unsigned long, bool)+0x2a
V  [libjvm.so+0x98b033]  PSVirtualSpace::expand_by(unsigned long)+0x53
V  [libjvm.so+0x98c438]  PSYoungGen::resize_generation(unsigned long, unsigned long)+0xf8
V  [libjvm.so+0x98b592]  PSYoungGen::resize(unsigned long, unsigned long)+0x22
V  [libjvm.so+0x98886b]  PSScavenge::invoke_no_policy()+0xf3b
V  [libjvm.so+0x988ff1]  PSScavenge::invoke()+0x41
V  [libjvm.so+0x9408b0]  ParallelScavengeHeap::failed_mem_allocate(unsigned long)+0x70
V  [libjvm.so+0xabdba7]  VM_ParallelGCFailedAllocation::doit()+0x97
V  [libjvm.so+0xac55d5]  VM_Operation::evaluate()+0x55
V  [libjvm.so+0xac39aa]  VMThread::evaluate_operation(VM_Operation*)+0xba
V  [libjvm.so+0xac3d2e]  VMThread::loop()+0x1ce
V  [libjvm.so+0xac41a0]  VMThread::run()+0x70
V  [libjvm.so+0x91ef78]  java_start(Thread*)+0x108

VM_Operation (0x00007f65f9d33b40): ParallelGCFailedAllocation, mode: safepoint, requested by thread 0x00007f661c192800


---------------  P R O C E S S  ---------------

Java Threads: ( => current thread )
  0x00007f661c196000 JavaThread "pool-2-thread-4" [_thread_blocked, id=23032, stack(0x00007f65f9b34000,0x00007f65f9c35000)]
  0x00007f661c192800 JavaThread "pool-2-thread-3" [_thread_blocked, id=23031, stack(0x00007f65f9c35000,0x00007f65f9d36000)]
  0x00007f661c18e000 JavaThread "pool-2-thread-2" [_thread_blocked, id=23029, stack(0x00007f65f9d36000,0x00007f65f9e37000)]
  0x00007f661c18b000 JavaThread "pool-3-thread-1" [_thread_blocked, id=23028, stack(0x00007f65f9e37000,0x00007f65f9f38000)]
  0x00007f661c185800 JavaThread "pool-2-thread-1" [_thread_blocked, id=23027, stack(0x00007f65f9f38000,0x00007f65fa039000)]
  0x00007f661c0d4000 JavaThread "Service Thread" daemon [_thread_blocked, id=23019, stack(0x00007f65fa14b000,0x00007f65fa24c000)]
  0x00007f661c0c9000 JavaThread "C1 CompilerThread3" daemon [_thread_blocked, id=23017, stack(0x00007f65fa24c000,0x00007f65fa34d000)]
  0x00007f661c0c6800 JavaThread "C2 CompilerThread2" daemon [_thread_blocked, id=23016, stack(0x00007f65fa34d000,0x00007f65fa44e000)]
  0x00007f661c0c5000 JavaThread "C2 CompilerThread1" daemon [_thread_blocked, id=23015, stack(0x00007f65fa44e000,0x00007f65fa54f000)]
  0x00007f661c0c2000 JavaThread "C2 CompilerThread0" daemon [_thread_blocked, id=23014, stack(0x00007f65fa54f000,0x00007f65fa650000)]
  0x00007f661c0c0800 JavaThread "Signal Dispatcher" daemon [_thread_blocked, id=23013, stack(0x00007f65fa650000,0x00007f65fa751000)]
  0x00007f661c08c800 JavaThread "Finalizer" daemon [_thread_blocked, id=23008, stack(0x00007f65fab89000,0x00007f65fac8a000)]
  0x00007f661c087800 JavaThread "Reference Handler" daemon [_thread_blocked, id=23007, stack(0x00007f65fac8a000,0x00007f65fad8b000)]
  0x00007f661c00a000 JavaThread "main" [_thread_blocked, id=22990, stack(0x00007f66224e5000,0x00007f66225e6000)]

Other Threads:
=>0x00007f661c080000 VMThread [stack: 0x00007f65fad8b000,0x00007f65fae8c000] [id=23005]
  0x00007f661c0d7000 WatcherThread [stack: 0x00007f65fa04a000,0x00007f65fa14b000] [id=23020]

VM state:at safepoint (normal execution)

VM Mutex/Monitor currently owned by a thread:  ([mutex/lock_event])
[0x00007f661c006590] Threads_lock - owner thread: 0x00007f661c080000
[0x00007f661c006a90] Heap_lock - owner thread: 0x00007f661c192800

Heap:
 PSYoungGen      total 132096K, used 5093K [0x00000000eab00000, 0x00000000f3100000, 0x0000000100000000)
  eden space 126976K, 0% used [0x00000000eab00000,0x00000000eab00000,0x00000000f2700000)
  from space 5120K, 99% used [0x00000000f2700000,0x00000000f2bf9410,0x00000000f2c00000)
  to   space 5120K, 0% used [0x00000000f2c00000,0x00000000f2c00000,0x00000000f3100000)
 ParOldGen       total 84992K, used 44490K [0x00000000c0000000, 0x00000000c5300000, 0x00000000eab00000)
  object space 84992K, 52% used [0x00000000c0000000,0x00000000c2b72a98,0x00000000c5300000)
 Metaspace       used 6219K, capacity 7088K, committed 7296K, reserved 1056768K
  class space    used 591K, capacity 616K, committed 640K, reserved 1048576K

Card table byte_map: [0x00007f660bfe3000,0x00007f660c1e4000] byte_map_base: 0x00007f660b9e3000

Marking Bits: (ParMarkBitMap*) 0x00007f66219bad60
 Begin Bits: [0x00007f6609685000, 0x00007f660a685000)
 End Bits:   [0x00007f660a685000, 0x00007f660b685000)

Polling page: 0x00007f662260a000

CodeCache: size=245760Kb used=6431Kb max_used=6431Kb free=239328Kb
 bounds [0x00007f660c5a4000, 0x00007f660cbf4000, 0x00007f661b5a4000]
 total_blobs=2088 nmethods=1820 adapters=181
 compilation: enabled

Compilation events (10 events):
Event: 3.584 Thread 0x00007f661c0c9000 1964       2       com.android.dx.dex.file.ClassDataItem::addStaticField (51 bytes)
Event: 3.587 Thread 0x00007f661c0c9000 nmethod 1964 0x00007f660cbee450 code [0x00007f660cbee640, 0x00007f660cbeebe8]
Event: 3.587 Thread 0x00007f661c0c9000 1965       2       com.android.dx.dex.file.EncodedField::hashCode (8 bytes)
Event: 3.587 Thread 0x00007f661c0c9000 nmethod 1965 0x00007f660cbef510 code [0x00007f660cbef6a0, 0x00007f660cbef8c8]
Event: 3.587 Thread 0x00007f661c0c9000 1966       2       com.android.dx.rop.cst.CstMemberRef::hashCode (19 bytes)
Event: 3.588 Thread 0x00007f661c0c9000 nmethod 1966 0x00007f660cbefc10 code [0x00007f660cbefda0, 0x00007f660cbeffc8]
Event: 3.588 Thread 0x00007f661c0c9000 1967       2       com.android.dx.rop.cst.CstNat::hashCode (19 bytes)
Event: 3.588 Thread 0x00007f661c0c9000 nmethod 1967 0x00007f660cbf0290 code [0x00007f660cbf0400, 0x00007f660cbf05d8]
Event: 3.614 Thread 0x00007f661c0c9000 1968       2       com.android.dx.rop.type.Type::getArrayType (50 bytes)
Event: 3.615 Thread 0x00007f661c0c9000 nmethod 1968 0x00007f660cbf1350 code [0x00007f660cbf1500, 0x00007f660cbf1968]

GC Heap History (9 events):
Event: 1.372 GC heap before
{Heap before GC invocations=1 (full 0):
 PSYoungGen      total 36864K, used 31744K [0x00000000eab00000, 0x00000000ed400000, 0x0000000100000000)
  eden space 31744K, 100% used [0x00000000eab00000,0x00000000eca00000,0x00000000eca00000)
  from space 5120K, 0% used [0x00000000ecf00000,0x00000000ecf00000,0x00000000ed400000)
  to   space 5120K, 0% used [0x00000000eca00000,0x00000000eca00000,0x00000000ecf00000)
 ParOldGen       total 84992K, used 0K [0x00000000c0000000, 0x00000000c5300000, 0x00000000eab00000)
  object space 84992K, 0% used [0x00000000c0000000,0x00000000c0000000,0x00000000c5300000)
 Metaspace       used 5788K, capacity 6768K, committed 7040K, reserved 1056768K
  class space    used 589K, capacity 616K, committed 640K, reserved 1048576K
Event: 1.396 GC heap after
Heap after GC invocations=1 (full 0):
 PSYoungGen      total 36864K, used 5112K [0x00000000eab00000, 0x00000000ef300000, 0x0000000100000000)
  eden space 31744K, 0% used [0x00000000eab00000,0x00000000eab00000,0x00000000eca00000)
  from space 5120K, 99% used [0x00000000eca00000,0x00000000ecefe2a8,0x00000000ecf00000)
  to   space 5120K, 0% used [0x00000000eee00000,0x00000000eee00000,0x00000000ef300000)
 ParOldGen       total 84992K, used 1148K [0x00000000c0000000, 0x00000000c5300000, 0x00000000eab00000)
  object space 84992K, 1% used [0x00000000c0000000,0x00000000c011f370,0x00000000c5300000)
 Metaspace       used 5788K, capacity 6768K, committed 7040K, reserved 1056768K
  class space    used 589K, capacity 616K, committed 640K, reserved 1048576K
}
Event: 1.714 GC heap before
{Heap before GC invocations=2 (full 0):
 PSYoungGen      total 36864K, used 36856K [0x00000000eab00000, 0x00000000ef300000, 0x0000000100000000)
  eden space 31744K, 100% used [0x00000000eab00000,0x00000000eca00000,0x00000000eca00000)
  from space 5120K, 99% used [0x00000000eca00000,0x00000000ecefe2a8,0x00000000ecf00000)
  to   space 5120K, 0% used [0x00000000eee00000,0x00000000eee00000,0x00000000ef300000)
 ParOldGen       total 84992K, used 1148K [0x00000000c0000000, 0x00000000c5300000, 0x00000000eab00000)
  object space 84992K, 1% used [0x00000000c0000000,0x00000000c011f370,0x00000000c5300000)
 Metaspace       used 5927K, capacity 6896K, committed 7040K, reserved 1056768K
  class space    used 590K, capacity 616K, committed 640K, reserved 1048576K
Event: 1.771 GC heap after
Heap after GC invocations=2 (full 0):
 PSYoungGen      total 68608K, used 5104K [0x00000000eab00000, 0x00000000ef300000, 0x0000000100000000)
  eden space 63488K, 0% used [0x00000000eab00000,0x00000000eab00000,0x00000000ee900000)
  from space 5120K, 99% used [0x00000000eee00000,0x00000000ef2fc110,0x00000000ef300000)
  to   space 5120K, 0% used [0x00000000ee900000,0x00000000ee900000,0x00000000eee00000)
 ParOldGen       total 84992K, used 5638K [0x00000000c0000000, 0x00000000c5300000, 0x00000000eab00000)
  object space 84992K, 6% used [0x00000000c0000000,0x00000000c05818d8,0x00000000c5300000)
 Metaspace       used 5927K, capacity 6896K, committed 7040K, reserved 1056768K
  class space    used 590K, capacity 616K, committed 640K, reserved 1048576K
}
Event: 2.316 GC heap before
{Heap before GC invocations=3 (full 0):
 PSYoungGen      total 68608K, used 68592K [0x00000000eab00000, 0x00000000ef300000, 0x0000000100000000)
  eden space 63488K, 100% used [0x00000000eab00000,0x00000000ee900000,0x00000000ee900000)
  from space 5120K, 99% used [0x00000000eee00000,0x00000000ef2fc110,0x00000000ef300000)
  to   space 5120K, 0% used [0x00000000ee900000,0x00000000ee900000,0x00000000eee00000)
 ParOldGen       total 84992K, used 5638K [0x00000000c0000000, 0x00000000c5300000, 0x00000000eab00000)
  object space 84992K, 6% used [0x00000000c0000000,0x00000000c05818d8,0x00000000c5300000)
 Metaspace       used 5972K, capacity 6960K, committed 7040K, reserved 1056768K
  class space    used 591K, capacity 616K, committed 640K, reserved 1048576K
Event: 2.373 GC heap after
Heap after GC invocations=3 (full 0):
 PSYoungGen      total 68608K, used 5093K [0x00000000eab00000, 0x00000000f3100000, 0x0000000100000000)
  eden space 63488K, 0% used [0x00000000eab00000,0x00000000eab00000,0x00000000ee900000)
  from space 5120K, 99% used [0x00000000ee900000,0x00000000eedf9440,0x00000000eee00000)
  to   space 5120K, 0% used [0x00000000f2c00000,0x00000000f2c00000,0x00000000f3100000)
 ParOldGen       total 84992K, used 15286K [0x00000000c0000000, 0x00000000c5300000, 0x00000000eab00000)
  object space 84992K, 17% used [0x00000000c0000000,0x00000000c0eed818,0x00000000c5300000)
 Metaspace       used 5972K, capacity 6960K, committed 7040K, reserved 1056768K
  class space    used 591K, capacity 616K, committed 640K, reserved 1048576K
}
Event: 2.772 GC heap before
{Heap before GC invocations=4 (full 0):
 PSYoungGen      total 68608K, used 68581K [0x00000000eab00000, 0x00000000f3100000, 0x0000000100000000)
  eden space 63488K, 100% used [0x00000000eab00000,0x00000000ee900000,0x00000000ee900000)
  from space 5120K, 99% used [0x00000000ee900000,0x00000000eedf9440,0x00000000eee00000)
  to   space 5120K, 0% used [0x00000000f2c00000,0x00000000f2c00000,0x00000000f3100000)
 ParOldGen       total 84992K, used 15286K [0x00000000c0000000, 0x00000000c5300000, 0x00000000eab00000)
  object space 84992K, 17% used [0x00000000c0000000,0x00000000c0eed818,0x00000000c5300000)
 Metaspace       used 6076K, capacity 7024K, committed 7296K, reserved 1056768K
  class space    used 591K, capacity 616K, committed 640K, reserved 1048576K
Event: 2.835 GC heap after
Heap after GC invocations=4 (full 0):
 PSYoungGen      total 132096K, used 5088K [0x00000000eab00000, 0x00000000f3100000, 0x0000000100000000)
  eden space 126976K, 0% used [0x00000000eab00000,0x00000000eab00000,0x00000000f2700000)
  from space 5120K, 99% used [0x00000000f2c00000,0x00000000f30f8360,0x00000000f3100000)
  to   space 5120K, 0% used [0x00000000f2700000,0x00000000f2700000,0x00000000f2c00000)
 ParOldGen       total 84992K, used 24851K [0x00000000c0000000, 0x00000000c5300000, 0x00000000eab00000)
  object space 84992K, 29% used [0x00000000c0000000,0x00000000c1844e30,0x00000000c5300000)
 Metaspace       used 6076K, capacity 7024K, committed 7296K, reserved 1056768K
  class space    used 591K, capacity 616K, committed 640K, reserved 1048576K
}
Event: 3.637 GC heap before
{Heap before GC invocations=5 (full 0):
 PSYoungGen      total 132096K, used 132064K [0x00000000eab00000, 0x00000000f3100000, 0x0000000100000000)
  eden space 126976K, 100% used [0x00000000eab00000,0x00000000f2700000,0x00000000f2700000)
  from space 5120K, 99% used [0x00000000f2c00000,0x00000000f30f8360,0x00000000f3100000)
  to   space 5120K, 0% used [0x00000000f2700000,0x00000000f2700000,0x00000000f2c00000)
 ParOldGen       total 84992K, used 24851K [0x00000000c0000000, 0x00000000c5300000, 0x00000000eab00000)
  object space 84992K, 29% used [0x00000000c0000000,0x00000000c1844e30,0x00000000c5300000)
 Metaspace       used 6219K, capacity 7088K, committed 7296K, reserved 1056768K
  class space    used 591K, capacity 616K, committed 640K, reserved 1048576K

Deoptimization events (10 events):
Event: 1.610 Thread 0x00007f661c192800 Uncommon trap: reason=unstable_if action=reinterpret pc=0x00007f660c87babc method=com.android.dx.ssa.SsaMethod.updateOneDefinition(Lcom/android/dx/ssa/SsaInsn;Lcom/android/dx/rop/code/RegisterSpec;)V @ 4
Event: 1.680 Thread 0x00007f661c196000 Uncommon trap: reason=unstable_if action=reinterpret pc=0x00007f660c84829c method=com.android.dx.ssa.SsaMethod.deleteInsns(Ljava/util/Set;)V @ 130
Event: 2.211 Thread 0x00007f661c185800 Uncommon trap: reason=unstable_if action=reinterpret pc=0x00007f660c7dd75c method=com.android.dx.rop.cst.Constant.compareTo(Lcom/android/dx/rop/cst/Constant;)I @ 12
Event: 2.377 Thread 0x00007f661c00a000 Uncommon trap: reason=unstable_if action=reinterpret pc=0x00007f660c88fc44 method=com.android.dx.util.IntList.binarysearch(I)I @ 105
Event: 2.928 Thread 0x00007f661c18e000 Uncommon trap: reason=bimorphic action=maybe_recompile pc=0x00007f660c8203c8 method=java.util.HashMap.getNode(ILjava/lang/Object;)Ljava/util/HashMap$Node; @ 126
Event: 2.928 Thread 0x00007f661c18e000 Uncommon trap: reason=bimorphic action=maybe_recompile pc=0x00007f660c8203c8 method=java.util.HashMap.getNode(ILjava/lang/Object;)Ljava/util/HashMap$Node; @ 126
Event: 2.929 Thread 0x00007f661c18e000 Uncommon trap: reason=bimorphic action=maybe_recompile pc=0x00007f660c7a90e8 method=java.util.HashMap.getNode(ILjava/lang/Object;)Ljava/util/HashMap$Node; @ 126
Event: 2.929 Thread 0x00007f661c18e000 Uncommon trap: reason=bimorphic action=maybe_recompile pc=0x00007f660c7a90e8 method=java.util.HashMap.getNode(ILjava/lang/Object;)Ljava/util/HashMap$Node; @ 126
Event: 2.929 Thread 0x00007f661c18e000 Uncommon trap: reason=bimorphic action=maybe_recompile pc=0x00007f660c8203c8 method=java.util.HashMap.getNode(ILjava/lang/Object;)Ljava/util/HashMap$Node; @ 126
Event: 3.185 Thread 0x00007f661c185800 Uncommon trap: reason=unstable_if action=reinterpret pc=0x00007f660cb43c14 method=com.android.dx.cf.code.Ropper.addOrReplaceBlock(Lcom/android/dx/rop/code/BasicBlock;Lcom/android/dx/util/IntList;)Z @ 24

Internal exceptions (2 events):
Event: 0.072 Thread 0x00007f661c00a000 Exception <a 'java/lang/NoSuchMethodError': Method sun.misc.Unsafe.defineClass(Ljava/lang/String;[BII)Ljava/lang/Class; name or signature does not match> (0x00000000eab07cc0) thrown at [/HUDSON/workspace/8-2-build-linux-amd64/jdk8u91/6644/hotspot/src/shar
Event: 0.072 Thread 0x00007f661c00a000 Exception <a 'java/lang/NoSuchMethodError': Method sun.misc.Unsafe.prefetchRead(Ljava/lang/Object;J)V name or signature does not match> (0x00000000eab07fa8) thrown at [/HUDSON/workspace/8-2-build-linux-amd64/jdk8u91/6644/hotspot/src/share/vm/prims/jni.cpp

Events (10 events):
Event: 3.485 Thread 0x00007f661c196000 DEOPT UNPACKING pc=0x00007f660c5eb633 sp=0x00007f65f9c32840 mode 0
Event: 3.534 Thread 0x00007f661c196000 DEOPT PACKING pc=0x00007f660c92c2ac sp=0x00007f65f9c32df0
Event: 3.534 Thread 0x00007f661c196000 DEOPT UNPACKING pc=0x00007f660c5eb633 sp=0x00007f65f9c32b90 mode 0
Event: 3.581 Thread 0x00007f661c192800 DEOPT PACKING pc=0x00007f660c905a08 sp=0x00007f65f9d33b90
Event: 3.583 Thread 0x00007f661c192800 DEOPT UNPACKING pc=0x00007f660c5eb633 sp=0x00007f65f9d33918 mode 0
Event: 3.585 Thread 0x00007f661c192800 DEOPT PACKING pc=0x00007f660c949aec sp=0x00007f65f9d33ea0
Event: 3.585 Thread 0x00007f661c192800 DEOPT UNPACKING pc=0x00007f660c5eb633 sp=0x00007f65f9d33ba0 mode 0
Event: 3.595 Thread 0x00007f661c192800 DEOPT PACKING pc=0x00007f660c8fcda3 sp=0x00007f65f9d33c00
Event: 3.595 Thread 0x00007f661c192800 DEOPT UNPACKING pc=0x00007f660c5eb633 sp=0x00007f65f9d339d0 mode 0
Event: 3.617 Executing VM operation: ParallelGCFailedAllocation


Dynamic libraries:
00400000-00401000 r-xp 00000000 08:01 9839507                            /usr/lib/jvm/java-8-oracle/bin/java
00600000-00601000 rw-p 00000000 08:01 9839507                            /usr/lib/jvm/java-8-oracle/bin/java
00e3a000-00e5b000 rw-p 00000000 00:00 0                                  [heap]
c0000000-c5300000 rw-p 00000000 00:00 0 
c5300000-eab00000 ---p 00000000 00:00 0 
eab00000-f3100000 rw-p 00000000 00:00 0 
fd700000-100000000 ---p 00000000 00:00 0 
100000000-1000a0000 rw-p 00000000 00:00 0 
1000a0000-140000000 ---p 00000000 00:00 0 
7f659c000000-7f659c032000 rw-p 00000000 00:00 0 
7f659c032000-7f65a0000000 ---p 00000000 00:00 0 
7f65a0000000-7f65a0055000 rw-p 00000000 00:00 0 
7f65a0055000-7f65a4000000 ---p 00000000 00:00 0 
7f65a4000000-7f65a4021000 rw-p 00000000 00:00 0 
7f65a4021000-7f65a8000000 ---p 00000000 00:00 0 
7f65a8000000-7f65a8027000 rw-p 00000000 00:00 0 
7f65a8027000-7f65ac000000 ---p 00000000 00:00 0 
7f65ac000000-7f65ac021000 rw-p 00000000 00:00 0 
7f65ac021000-7f65b0000000 ---p 00000000 00:00 0 
7f65b4000000-7f65b4021000 rw-p 00000000 00:00 0 
7f65b4021000-7f65b8000000 ---p 00000000 00:00 0 
7f65b8000000-7f65b804b000 rw-p 00000000 00:00 0 
7f65b804b000-7f65bc000000 ---p 00000000 00:00 0 
7f65bc000000-7f65bce7b000 rw-p 00000000 00:00 0 
7f65bce7b000-7f65c0000000 ---p 00000000 00:00 0 
7f65c0000000-7f65c0700000 rw-p 00000000 00:00 0 
7f65c0700000-7f65c4000000 ---p 00000000 00:00 0 
7f65c4000000-7f65c4a3b000 rw-p 00000000 00:00 0 
7f65c4a3b000-7f65c8000000 ---p 00000000 00:00 0 
7f65c8000000-7f65c8c08000 rw-p 00000000 00:00 0 
7f65c8c08000-7f65cc000000 ---p 00000000 00:00 0 
7f65cc000000-7f65cc021000 rw-p 00000000 00:00 0 
7f65cc021000-7f65d0000000 ---p 00000000 00:00 0 
7f65d0000000-7f65d0021000 rw-p 00000000 00:00 0 
7f65d0021000-7f65d4000000 ---p 00000000 00:00 0 
7f65d4000000-7f65d428d000 rw-p 00000000 00:00 0 
7f65d428d000-7f65d8000000 ---p 00000000 00:00 0 
7f65d8000000-7f65d8021000 rw-p 00000000 00:00 0 
7f65d8021000-7f65dc000000 ---p 00000000 00:00 0 
7f65dc000000-7f65dc021000 rw-p 00000000 00:00 0 
7f65dc021000-7f65e0000000 ---p 00000000 00:00 0 
7f65e0000000-7f65e0021000 rw-p 00000000 00:00 0 
7f65e0021000-7f65e4000000 ---p 00000000 00:00 0 
7f65e4000000-7f65e4021000 rw-p 00000000 00:00 0 
7f65e4021000-7f65e8000000 ---p 00000000 00:00 0 
7f65ec000000-7f65ec021000 rw-p 00000000 00:00 0 
7f65ec021000-7f65f0000000 ---p 00000000 00:00 0 
7f65f4000000-7f65f4021000 rw-p 00000000 00:00 0 
7f65f4021000-7f65f8000000 ---p 00000000 00:00 0 
7f65f9b34000-7f65f9b37000 ---p 00000000 00:00 0 
7f65f9b37000-7f65f9c35000 rw-p 00000000 00:00 0 
7f65f9c35000-7f65f9c38000 ---p 00000000 00:00 0 
7f65f9c38000-7f65f9d36000 rw-p 00000000 00:00 0 
7f65f9d36000-7f65f9d39000 ---p 00000000 00:00 0 
7f65f9d39000-7f65f9e37000 rw-p 00000000 00:00 0 
7f65f9e37000-7f65f9e3a000 ---p 00000000 00:00 0 
7f65f9e3a000-7f65f9f38000 rw-p 00000000 00:00 0 
7f65f9f38000-7f65f9f3b000 ---p 00000000 00:00 0 
7f65f9f3b000-7f65fa039000 rw-p 00000000 00:00 0 
7f65fa039000-7f65fa04a000 r--s 000cf000 08:01 159889                     /home/oguz/.gradle/caches/modules-2/files-2.1/com.fasterxml.jackson.core/jackson-databind/2.3.2/c75edc740a6d8cb1cef6fa82fa594e0bce561916/jackson-databind-2.3.2.jar
7f65fa04a000-7f65fa04b000 ---p 00000000 00:00 0 
7f65fa04b000-7f65fa14b000 rw-p 00000000 00:00 0 
7f65fa14b000-7f65fa14e000 ---p 00000000 00:00 0 
7f65fa14e000-7f65fa24c000 rw-p 00000000 00:00 0 
7f65fa24c000-7f65fa24f000 ---p 00000000 00:00 0 
7f65fa24f000-7f65fa34d000 rw-p 00000000 00:00 0 
7f65fa34d000-7f65fa350000 ---p 00000000 00:00 0 
7f65fa350000-7f65fa44e000 rw-p 00000000 00:00 0 
7f65fa44e000-7f65fa451000 ---p 00000000 00:00 0 
7f65fa451000-7f65fa54f000 rw-p 00000000 00:00 0 
7f65fa54f000-7f65fa552000 ---p 00000000 00:00 0 
7f65fa552000-7f65fa650000 rw-p 00000000 00:00 0 
7f65fa650000-7f65fa653000 ---p 00000000 00:00 0 
7f65fa653000-7f65fa751000 rw-p 00000000 00:00 0 
7f65fa751000-7f65fab89000 r--p 00000000 08:01 9700768                    /usr/lib/locale/locale-archive
7f65fab89000-7f65fab8c000 ---p 00000000 00:00 0 
7f65fab8c000-7f65fac8a000 rw-p 00000000 00:00 0 
7f65fac8a000-7f65fac8d000 ---p 00000000 00:00 0 
7f65fac8d000-7f65fad8b000 rw-p 00000000 00:00 0 
7f65fad8b000-7f65fad8c000 ---p 00000000 00:00 0 
7f65fad8c000-7f65fc000000 rw-p 00000000 00:00 0 
7f65fc000000-7f65fc021000 rw-p 00000000 00:00 0 
7f65fc021000-7f6600000000 ---p 00000000 00:00 0 
7f6600000000-7f6600021000 rw-p 00000000 00:00 0 
7f6600021000-7f6604000000 ---p 00000000 00:00 0 
7f6604000000-7f6604021000 rw-p 00000000 00:00 0 
7f6604021000-7f6608000000 ---p 00000000 00:00 0 
7f6608010000-7f660801e000 r--s 000e0000 08:01 5245789                    /home/oguz/Android/Sdk/build-tools/24.0.2/lib/dx.jar
7f660801e000-7f6608aac000 rw-p 00000000 00:00 0 
7f6608aac000-7f6608c85000 r--s 03d1f000 08:01 9967487                    /usr/lib/jvm/java-8-oracle/jre/lib/rt.jar
7f6608c85000-7f6609305000 rw-p 00000000 00:00 0 
7f6609305000-7f6609485000 ---p 00000000 00:00 0 
7f6609485000-7f660b685000 rw-p 00000000 00:00 0 
7f660b685000-7f660b686000 ---p 00000000 00:00 0 
7f660b686000-7f660b786000 rw-p 00000000 00:00 0 
7f660b786000-7f660b787000 ---p 00000000 00:00 0 
7f660b787000-7f660b887000 rw-p 00000000 00:00 0 
7f660b887000-7f660b888000 ---p 00000000 00:00 0 
7f660b888000-7f660b988000 rw-p 00000000 00:00 0 
7f660b988000-7f660b989000 ---p 00000000 00:00 0 
7f660b989000-7f660ba89000 rw-p 00000000 00:00 0 
7f660ba89000-7f660ba8a000 ---p 00000000 00:00 0 
7f660ba8a000-7f660bb8a000 rw-p 00000000 00:00 0 
7f660bb8a000-7f660bb8b000 ---p 00000000 00:00 0 
7f660bb8b000-7f660bc8b000 rw-p 00000000 00:00 0 
7f660bc8b000-7f660bc8c000 ---p 00000000 00:00 0 
7f660bc8c000-7f660bd8c000 rw-p 00000000 00:00 0 
7f660bd8c000-7f660bd8d000 ---p 00000000 00:00 0 
7f660bd8d000-7f660beb7000 rw-p 00000000 00:00 0 
7f660beb7000-7f660bfe3000 ---p 00000000 00:00 0 
7f660bfe3000-7f660c00d000 rw-p 00000000 00:00 0 
7f660c00d000-7f660c138000 ---p 00000000 00:00 0 
7f660c138000-7f660c17c000 rw-p 00000000 00:00 0 
7f660c17c000-7f660c1e3000 ---p 00000000 00:00 0 
7f660c1e3000-7f660c1fe000 rw-p 00000000 00:00 0 
7f660c1fe000-7f660c5a4000 ---p 00000000 00:00 0 
7f660c5a4000-7f660cbf4000 rwxp 00000000 00:00 0 
7f660cbf4000-7f661b5a4000 ---p 00000000 00:00 0 
7f661b5a4000-7f661b5be000 r-xp 00000000 08:01 10092954                   /usr/lib/jvm/java-8-oracle/jre/lib/amd64/libzip.so
7f661b5be000-7f661b7be000 ---p 0001a000 08:01 10092954                   /usr/lib/jvm/java-8-oracle/jre/lib/amd64/libzip.so
7f661b7be000-7f661b7bf000 rw-p 0001a000 08:01 10092954                   /usr/lib/jvm/java-8-oracle/jre/lib/amd64/libzip.so
7f661b7bf000-7f661b7ca000 r-xp 00000000 08:01 7603299                    /lib/x86_64-linux-gnu/libnss_files-2.23.so
7f661b7ca000-7f661b9c9000 ---p 0000b000 08:01 7603299                    /lib/x86_64-linux-gnu/libnss_files-2.23.so
7f661b9c9000-7f661b9ca000 r--p 0000a000 08:01 7603299                    /lib/x86_64-linux-gnu/libnss_files-2.23.so
7f661b9ca000-7f661b9cb000 rw-p 0000b000 08:01 7603299                    /lib/x86_64-linux-gnu/libnss_files-2.23.so
7f661b9cb000-7f661b9d1000 rw-p 00000000 00:00 0 
7f661b9d1000-7f661b9dc000 r-xp 00000000 08:01 7603296                    /lib/x86_64-linux-gnu/libnss_nis-2.23.so
7f661b9dc000-7f661bbdb000 ---p 0000b000 08:01 7603296                    /lib/x86_64-linux-gnu/libnss_nis-2.23.so
7f661bbdb000-7f661bbdc000 r--p 0000a000 08:01 7603296                    /lib/x86_64-linux-gnu/libnss_nis-2.23.so
7f661bbdc000-7f661bbdd000 rw-p 0000b000 08:01 7603296                    /lib/x86_64-linux-gnu/libnss_nis-2.23.so
7f661bbdd000-7f661bbf3000 r-xp 00000000 08:01 7603294                    /lib/x86_64-linux-gnu/libnsl-2.23.so
7f661bbf3000-7f661bdf3000 ---p 00016000 08:01 7603294                    /lib/x86_64-linux-gnu/libnsl-2.23.so
7f661bdf3000-7f661bdf4000 r--p 00016000 08:01 7603294                    /lib/x86_64-linux-gnu/libnsl-2.23.so
7f661bdf4000-7f661bdf5000 rw-p 00017000 08:01 7603294                    /lib/x86_64-linux-gnu/libnsl-2.23.so
7f661bdf5000-7f661bdf7000 rw-p 00000000 00:00 0 
7f661bdf7000-7f661bdff000 r-xp 00000000 08:01 7603292                    /lib/x86_64-linux-gnu/libnss_compat-2.23.so
7f661bdff000-7f661bffe000 ---p 00008000 08:01 7603292                    /lib/x86_64-linux-gnu/libnss_compat-2.23.so
7f661bffe000-7f661bfff000 r--p 00007000 08:01 7603292                    /lib/x86_64-linux-gnu/libnss_compat-2.23.so
7f661bfff000-7f661c000000 rw-p 00008000 08:01 7603292                    /lib/x86_64-linux-gnu/libnss_compat-2.23.so
7f661c000000-7f661c3b3000 rw-p 00000000 00:00 0 
7f661c3b3000-7f6620000000 ---p 00000000 00:00 0 
7f6620000000-7f66200b8000 rw-p 00000000 00:00 0 
7f66200b8000-7f66200e2000 r-xp 00000000 08:01 10092949                   /usr/lib/jvm/java-8-oracle/jre/lib/amd64/libjava.so
7f66200e2000-7f66202e2000 ---p 0002a000 08:01 10092949                   /usr/lib/jvm/java-8-oracle/jre/lib/amd64/libjava.so
7f66202e2000-7f66202e4000 rw-p 0002a000 08:01 10092949                   /usr/lib/jvm/java-8-oracle/jre/lib/amd64/libjava.so
7f66202e4000-7f66202f1000 r-xp 00000000 08:01 10092953                   /usr/lib/jvm/java-8-oracle/jre/lib/amd64/libverify.so
7f66202f1000-7f66204f1000 ---p 0000d000 08:01 10092953                   /usr/lib/jvm/java-8-oracle/jre/lib/amd64/libverify.so
7f66204f1000-7f66204f3000 rw-p 0000d000 08:01 10092953                   /usr/lib/jvm/java-8-oracle/jre/lib/amd64/libverify.so
7f66204f3000-7f66204fa000 r-xp 00000000 08:01 7603308                    /lib/x86_64-linux-gnu/librt-2.23.so
7f66204fa000-7f66206f9000 ---p 00007000 08:01 7603308                    /lib/x86_64-linux-gnu/librt-2.23.so
7f66206f9000-7f66206fa000 r--p 00006000 08:01 7603308                    /lib/x86_64-linux-gnu/librt-2.23.so
7f66206fa000-7f66206fb000 rw-p 00007000 08:01 7603308                    /lib/x86_64-linux-gnu/librt-2.23.so
7f66206fb000-7f6620803000 r-xp 00000000 08:01 7603305                    /lib/x86_64-linux-gnu/libm-2.23.so
7f6620803000-7f6620a02000 ---p 00108000 08:01 7603305                    /lib/x86_64-linux-gnu/libm-2.23.so
7f6620a02000-7f6620a03000 r--p 00107000 08:01 7603305                    /lib/x86_64-linux-gnu/libm-2.23.so
7f6620a03000-7f6620a04000 rw-p 00108000 08:01 7603305                    /lib/x86_64-linux-gnu/libm-2.23.so
7f6620a04000-7f66216c4000 r-xp 00000000 08:01 10092932                   /usr/lib/jvm/java-8-oracle/jre/lib/amd64/server/libjvm.so
7f66216c4000-7f66218c4000 ---p 00cc0000 08:01 10092932                   /usr/lib/jvm/java-8-oracle/jre/lib/amd64/server/libjvm.so
7f66218c4000-7f662199c000 rw-p 00cc0000 08:01 10092932                   /usr/lib/jvm/java-8-oracle/jre/lib/amd64/server/libjvm.so
7f662199c000-7f66219e7000 rw-p 00000000 00:00 0 
7f66219e7000-7f6621ba7000 r-xp 00000000 08:01 7603313                    /lib/x86_64-linux-gnu/libc-2.23.so
7f6621ba7000-7f6621da7000 ---p 001c0000 08:01 7603313                    /lib/x86_64-linux-gnu/libc-2.23.so
7f6621da7000-7f6621dab000 r--p 001c0000 08:01 7603313                    /lib/x86_64-linux-gnu/libc-2.23.so
7f6621dab000-7f6621dad000 rw-p 001c4000 08:01 7603313                    /lib/x86_64-linux-gnu/libc-2.23.so
7f6621dad000-7f6621db1000 rw-p 00000000 00:00 0 
7f6621db1000-7f6621db4000 r-xp 00000000 08:01 7603314                    /lib/x86_64-linux-gnu/libdl-2.23.so
7f6621db4000-7f6621fb3000 ---p 00003000 08:01 7603314                    /lib/x86_64-linux-gnu/libdl-2.23.so
7f6621fb3000-7f6621fb4000 r--p 00002000 08:01 7603314                    /lib/x86_64-linux-gnu/libdl-2.23.so
7f6621fb4000-7f6621fb5000 rw-p 00003000 08:01 7603314                    /lib/x86_64-linux-gnu/libdl-2.23.so
7f6621fb5000-7f6621fca000 r-xp 00000000 08:01 9840182                    /usr/lib/jvm/java-8-oracle/lib/amd64/jli/libjli.so
7f6621fca000-7f66221ca000 ---p 00015000 08:01 9840182                    /usr/lib/jvm/java-8-oracle/lib/amd64/jli/libjli.so
7f66221ca000-7f66221cb000 rw-p 00015000 08:01 9840182                    /usr/lib/jvm/java-8-oracle/lib/amd64/jli/libjli.so
7f66221cb000-7f66221e3000 r-xp 00000000 08:01 7603312                    /lib/x86_64-linux-gnu/libpthread-2.23.so
7f66221e3000-7f66223e2000 ---p 00018000 08:01 7603312                    /lib/x86_64-linux-gnu/libpthread-2.23.so
7f66223e2000-7f66223e3000 r--p 00017000 08:01 7603312                    /lib/x86_64-linux-gnu/libpthread-2.23.so
7f66223e3000-7f66223e4000 rw-p 00018000 08:01 7603312                    /lib/x86_64-linux-gnu/libpthread-2.23.so
7f66223e4000-7f66223e8000 rw-p 00000000 00:00 0 
7f66223e8000-7f662240e000 r-xp 00000000 08:01 7603309                    /lib/x86_64-linux-gnu/ld-2.23.so
7f6622413000-7f66224e5000 rw-p 00000000 00:00 0 
7f66224e5000-7f66224e8000 ---p 00000000 00:00 0 
7f66224e8000-7f66225ea000 rw-p 00000000 00:00 0 
7f66225ed000-7f6622601000 rw-p 00000000 00:00 0 
7f6622601000-7f6622609000 rw-s 00000000 08:01 132137                     /tmp/hsperfdata_oguz/22987
7f6622609000-7f662260a000 rw-p 00000000 00:00 0 
7f662260a000-7f662260b000 ---p 00000000 00:00 0 
7f662260b000-7f662260d000 rw-p 00000000 00:00 0 
7f662260d000-7f662260e000 r--p 00025000 08:01 7603309                    /lib/x86_64-linux-gnu/ld-2.23.so
7f662260e000-7f662260f000 rw-p 00026000 08:01 7603309                    /lib/x86_64-linux-gnu/ld-2.23.so
7f662260f000-7f6622610000 rw-p 00000000 00:00 0 
7ffecea07000-7ffecea28000 rw-p 00000000 00:00 0                          [stack]
7ffeceae2000-7ffeceae4000 r--p 00000000 00:00 0                          [vvar]
7ffeceae4000-7ffeceae6000 r-xp 00000000 00:00 0                          [vdso]
ffffffffff600000-ffffffffff601000 r-xp 00000000 00:00 0                  [vsyscall]

VM Arguments:
jvm_args: -Djava.awt.headless=true -Xmx1024M -Dfile.encoding=UTF-8 -Duser.country=TR -Duser.language=tr -Duser.variant 
java_command: com.android.dx.command.Main --dex --force-jumbo --num-threads=4 --multi-dex --output /home/oguz/AndroidStudioProjects/FomApplicationAndroid/app/build/intermediates/transforms/dex/debug/folders/1000/10/jackson-databind-2.3.2_51c4623ebbbe6b6f2e96a48accc07b8b3796ca57 /home/oguz/.gradle/caches/modules-2/files-2.1/com.fasterxml.jackson.core/jackson-databind/2.3.2/c75edc740a6d8cb1cef6fa82fa594e0bce561916/jackson-databind-2.3.2.jar
java_class_path (initial): /home/oguz/Android/Sdk/build-tools/24.0.2/lib/dx.jar
Launcher Type: SUN_STANDARD

Environment Variables:
PATH=/usr/local/sbin:/usr/local/bin:/usr/sbin:/usr/bin:/sbin:/bin:/usr/games:/usr/local/games:/snap/bin
LD_LIBRARY_PATH=/home/oguz/Masaüstü/Derleyiciler/android-studio/bin:
SHELL=/bin/bash
DISPLAY=:0

Signal Handlers:
SIGSEGV: [libjvm.so+0xabca10], sa_mask[0]=11111111011111111101111111111110, sa_flags=SA_RESTART|SA_SIGINFO
SIGBUS: [libjvm.so+0xabca10], sa_mask[0]=11111111011111111101111111111110, sa_flags=SA_RESTART|SA_SIGINFO
SIGFPE: [libjvm.so+0x919a20], sa_mask[0]=11111111011111111101111111111110, sa_flags=SA_RESTART|SA_SIGINFO
SIGPIPE: [libjvm.so+0x919a20], sa_mask[0]=11111111011111111101111111111110, sa_flags=SA_RESTART|SA_SIGINFO
SIGXFSZ: [libjvm.so+0x919a20], sa_mask[0]=11111111011111111101111111111110, sa_flags=SA_RESTART|SA_SIGINFO
SIGILL: [libjvm.so+0x919a20], sa_mask[0]=11111111011111111101111111111110, sa_flags=SA_RESTART|SA_SIGINFO
SIGUSR1: SIG_DFL, sa_mask[0]=00000000000000000000000000000000, sa_flags=none
SIGUSR2: [libjvm.so+0x91b050], sa_mask[0]=00100000000000000000000000000000, sa_flags=SA_RESTART|SA_SIGINFO
SIGHUP: [libjvm.so+0x91c450], sa_mask[0]=11111111011111111101111111111110, sa_flags=SA_RESTART|SA_SIGINFO
SIGINT: [libjvm.so+0x91c450], sa_mask[0]=11111111011111111101111111111110, sa_flags=SA_RESTART|SA_SIGINFO
SIGTERM: [libjvm.so+0x91c450], sa_mask[0]=11111111011111111101111111111110, sa_flags=SA_RESTART|SA_SIGINFO
SIGQUIT: [libjvm.so+0x91c450], sa_mask[0]=11111111011111111101111111111110, sa_flags=SA_RESTART|SA_SIGINFO


---------------  S Y S T E M  ---------------

OS:DISTRIB_ID=Ubuntu
DISTRIB_RELEASE=16.04
DISTRIB_CODENAME=xenial
DISTRIB_DESCRIPTION="Ubuntu Xenial Xerus (development branch)"

uname:Linux 4.4.0-22-generic #39-Ubuntu SMP Thu May 5 16:53:32 UTC 2016 x86_64
libc:glibc 2.23 NPTL 2.23 
rlimit: STACK 8192k, CORE 0k, NPROC 31498, NOFILE 65536, AS infinity
load average:2.31 1.01 0.63

/proc/meminfo:
MemTotal:        8101800 kB
MemFree:           77268 kB
MemAvailable:     162740 kB
Buffers:            3836 kB
Cached:           415180 kB
SwapCached:            0 kB
Active:          7417596 kB
Inactive:         365060 kB
Active(anon):    7381528 kB
Inactive(anon):   322476 kB
Active(file):      36068 kB
Inactive(file):    42584 kB
Unevictable:          92 kB
Mlocked:              92 kB
SwapTotal:             0 kB
SwapFree:              0 kB
Dirty:               104 kB
Writeback:             0 kB
AnonPages:       7365844 kB
Mapped:           211792 kB
Shmem:            338304 kB
Slab:             103412 kB
SReclaimable:      49192 kB
SUnreclaim:        54220 kB
KernelStack:       18224 kB
PageTables:        59556 kB
NFS_Unstable:          0 kB
Bounce:                0 kB
WritebackTmp:          0 kB
CommitLimit:     4050900 kB
Committed_AS:   13004052 kB
VmallocTotal:   34359738367 kB
VmallocUsed:           0 kB
VmallocChunk:          0 kB
HardwareCorrupted:     0 kB
AnonHugePages:   4096000 kB
CmaTotal:              0 kB
CmaFree:               0 kB
HugePages_Total:       0
HugePages_Free:        0
HugePages_Rsvd:        0
HugePages_Surp:        0
Hugepagesize:       2048 kB
DirectMap4k:      203520 kB
DirectMap2M:     7063552 kB
DirectMap1G:     2097152 kB


CPU:total 8 (4 cores per cpu, 2 threads per core) family 6 model 60 stepping 3, cmov, cx8, fxsr, mmx, sse, sse2, sse3, ssse3, sse4.1, sse4.2, popcnt, avx, avx2, aes, clmul, erms, lzcnt, ht, tsc, tscinvbit, bmi1, bmi2

/proc/cpuinfo:
processor	: 0
vendor_id	: GenuineIntel
cpu family	: 6
model		: 60
model name	: Intel(R) Core(TM) i7-4700MQ CPU @ 2.40GHz
stepping	: 3
microcode	: 0x16
cpu MHz		: 3199.968
cache size	: 6144 KB
physical id	: 0
siblings	: 8
core id		: 0
cpu cores	: 4
apicid		: 0
initial apicid	: 0
fpu		: yes
fpu_exception	: yes
cpuid level	: 13
wp		: yes
flags		: fpu vme de pse tsc msr pae mce cx8 apic sep mtrr pge mca cmov pat pse36 clflush dts acpi mmx fxsr sse sse2 ss ht tm pbe syscall nx pdpe1gb rdtscp lm constant_tsc arch_perfmon pebs bts rep_good nopl xtopology nonstop_tsc aperfmperf eagerfpu pni pclmulqdq dtes64 monitor ds_cpl vmx est tm2 ssse3 sdbg fma cx16 xtpr pdcm pcid sse4_1 sse4_2 movbe popcnt tsc_deadline_timer aes xsave avx f16c rdrand lahf_lm abm epb tpr_shadow vnmi flexpriority ept vpid fsgsbase tsc_adjust bmi1 avx2 smep bmi2 erms invpcid xsaveopt dtherm ida arat pln pts
bugs		:
bogomips	: 4789.33
clflush size	: 64
cache_alignment	: 64
address sizes	: 39 bits physical, 48 bits virtual
power management:

processor	: 1
vendor_id	: GenuineIntel
cpu family	: 6
model		: 60
model name	: Intel(R) Core(TM) i7-4700MQ CPU @ 2.40GHz
stepping	: 3
microcode	: 0x16
cpu MHz		: 3199.968
cache size	: 6144 KB
physical id	: 0
siblings	: 8
core id		: 0
cpu cores	: 4
apicid		: 1
initial apicid	: 1
fpu		: yes
fpu_exception	: yes
cpuid level	: 13
wp		: yes
flags		: fpu vme de pse tsc msr pae mce cx8 apic sep mtrr pge mca cmov pat pse36 clflush dts acpi mmx fxsr sse sse2 ss ht tm pbe syscall nx pdpe1gb rdtscp lm constant_tsc arch_perfmon pebs bts rep_good nopl xtopology nonstop_tsc aperfmperf eagerfpu pni pclmulqdq dtes64 monitor ds_cpl vmx est tm2 ssse3 sdbg fma cx16 xtpr pdcm pcid sse4_1 sse4_2 movbe popcnt tsc_deadline_timer aes xsave avx f16c rdrand lahf_lm abm epb tpr_shadow vnmi flexpriority ept vpid fsgsbase tsc_adjust bmi1 avx2 smep bmi2 erms invpcid xsaveopt dtherm ida arat pln pts
bugs		:
bogomips	: 4789.33
clflush size	: 64
cache_alignment	: 64
address sizes	: 39 bits physical, 48 bits virtual
power management:

processor	: 2
vendor_id	: GenuineIntel
cpu family	: 6
model		: 60
model name	: Intel(R) Core(TM) i7-4700MQ CPU @ 2.40GHz
stepping	: 3
microcode	: 0x16
cpu MHz		: 3199.968
cache size	: 6144 KB
physical id	: 0
siblings	: 8
core id		: 1
cpu cores	: 4
apicid		: 2
initial apicid	: 2
fpu		: yes
fpu_exception	: yes
cpuid level	: 13
wp		: yes
flags		: fpu vme de pse tsc msr pae mce cx8 apic sep mtrr pge mca cmov pat pse36 clflush dts acpi mmx fxsr sse sse2 ss ht tm pbe syscall nx pdpe1gb rdtscp lm constant_tsc arch_perfmon pebs bts rep_good nopl xtopology nonstop_tsc aperfmperf eagerfpu pni pclmulqdq dtes64 monitor ds_cpl vmx est tm2 ssse3 sdbg fma cx16 xtpr pdcm pcid sse4_1 sse4_2 movbe popcnt tsc_deadline_timer aes xsave avx f16c rdrand lahf_lm abm epb tpr_shadow vnmi flexpriority ept vpid fsgsbase tsc_adjust bmi1 avx2 smep bmi2 erms invpcid xsaveopt dtherm ida arat pln pts
bugs		:
bogomips	: 4789.33
clflush size	: 64
cache_alignment	: 64
address sizes	: 39 bits physical, 48 bits virtual
power management:

processor	: 3
vendor_id	: GenuineIntel
cpu family	: 6
model		: 60
model name	: Intel(R) Core(TM) i7-4700MQ CPU @ 2.40GHz
stepping	: 3
microcode	: 0x16
cpu MHz		: 3199.968
cache size	: 6144 KB
physical id	: 0
siblings	: 8
core id		: 1
cpu cores	: 4
apicid		: 3
initial apicid	: 3
fpu		: yes
fpu_exception	: yes
cpuid level	: 13
wp		: yes
flags		: fpu vme de pse tsc msr pae mce cx8 apic sep mtrr pge mca cmov pat pse36 clflush dts acpi mmx fxsr sse sse2 ss ht tm pbe syscall nx pdpe1gb rdtscp lm constant_tsc arch_perfmon pebs bts rep_good nopl xtopology nonstop_tsc aperfmperf eagerfpu pni pclmulqdq dtes64 monitor ds_cpl vmx est tm2 ssse3 sdbg fma cx16 xtpr pdcm pcid sse4_1 sse4_2 movbe popcnt tsc_deadline_timer aes xsave avx f16c rdrand lahf_lm abm epb tpr_shadow vnmi flexpriority ept vpid fsgsbase tsc_adjust bmi1 avx2 smep bmi2 erms invpcid xsaveopt dtherm ida arat pln pts
bugs		:
bogomips	: 4789.33
clflush size	: 64
cache_alignment	: 64
address sizes	: 39 bits physical, 48 bits virtual
power management:

processor	: 4
vendor_id	: GenuineIntel
cpu family	: 6
model		: 60
model name	: Intel(R) Core(TM) i7-4700MQ CPU @ 2.40GHz
stepping	: 3
microcode	: 0x16
cpu MHz		: 3199.968
cache size	: 6144 KB
physical id	: 0
siblings	: 8
core id		: 2
cpu cores	: 4
apicid		: 4
initial apicid	: 4
fpu		: yes
fpu_exception	: yes
cpuid level	: 13
wp		: yes
flags		: fpu vme de pse tsc msr pae mce cx8 apic sep mtrr pge mca cmov pat pse36 clflush dts acpi mmx fxsr sse sse2 ss ht tm pbe syscall nx pdpe1gb rdtscp lm constant_tsc arch_perfmon pebs bts rep_good nopl xtopology nonstop_tsc aperfmperf eagerfpu pni pclmulqdq dtes64 monitor ds_cpl vmx est tm2 ssse3 sdbg fma cx16 xtpr pdcm pcid sse4_1 sse4_2 movbe popcnt tsc_deadline_timer aes xsave avx f16c rdrand lahf_lm abm epb tpr_shadow vnmi flexpriority ept vpid fsgsbase tsc_adjust bmi1 avx2 smep bmi2 erms invpcid xsaveopt dtherm ida arat pln pts
bugs		:
bogomips	: 4789.33
clflush size	: 64
cache_alignment	: 64
address sizes	: 39 bits physical, 48 bits virtual
power management:

processor	: 5
vendor_id	: GenuineIntel
cpu family	: 6
model		: 60
model name	: Intel(R) Core(TM) i7-4700MQ CPU @ 2.40GHz
stepping	: 3
microcode	: 0x16
cpu MHz		: 3199.968
cache size	: 6144 KB
physical id	: 0
siblings	: 8
core id		: 2
cpu cores	: 4
apicid		: 5
initial apicid	: 5
fpu		: yes
fpu_exception	: yes
cpuid level	: 13
wp		: yes
flags		: fpu vme de pse tsc msr pae mce cx8 apic sep mtrr pge mca cmov pat pse36 clflush dts acpi mmx fxsr sse sse2 ss ht tm pbe syscall nx pdpe1gb rdtscp lm constant_tsc arch_perfmon pebs bts rep_good nopl xtopology nonstop_tsc aperfmperf eagerfpu pni pclmulqdq dtes64 monitor ds_cpl vmx est tm2 ssse3 sdbg fma cx16 xtpr pdcm pcid sse4_1 sse4_2 movbe popcnt tsc_deadline_timer aes xsave avx f16c rdrand lahf_lm abm epb tpr_shadow vnmi flexpriority ept vpid fsgsbase tsc_adjust bmi1 avx2 smep bmi2 erms invpcid xsaveopt dtherm ida arat pln pts
bugs		:
bogomips	: 4789.33
clflush size	: 64
cache_alignment	: 64
address sizes	: 39 bits physical, 48 bits virtual
power management:

processor	: 6
vendor_id	: GenuineIntel
cpu family	: 6
model		: 60
model name	: Intel(R) Core(TM) i7-4700MQ CPU @ 2.40GHz
stepping	: 3
microcode	: 0x16
cpu MHz		: 3199.968
cache size	: 6144 KB
physical id	: 0
siblings	: 8
core id		: 3
cpu cores	: 4
apicid		: 6
initial apicid	: 6
fpu		: yes
fpu_exception	: yes
cpuid level	: 13
wp		: yes
flags		: fpu vme de pse tsc msr pae mce cx8 apic sep mtrr pge mca cmov pat pse36 clflush dts acpi mmx fxsr sse sse2 ss ht tm pbe syscall nx pdpe1gb rdtscp lm constant_tsc arch_perfmon pebs bts rep_good nopl xtopology nonstop_tsc aperfmperf eagerfpu pni pclmulqdq dtes64 monitor ds_cpl vmx est tm2 ssse3 sdbg fma cx16 xtpr pdcm pcid sse4_1 sse4_2 movbe popcnt tsc_deadline_timer aes xsave avx f16c rdrand lahf_lm abm epb tpr_shadow vnmi flexpriority ept vpid fsgsbase tsc_adjust bmi1 avx2 smep bmi2 erms invpcid xsaveopt dtherm ida arat pln pts
bugs		:
bogomips	: 4789.33
clflush size	: 64
cache_alignment	: 64
address sizes	: 39 bits physical, 48 bits virtual
power management:

processor	: 7
vendor_id	: GenuineIntel
cpu family	: 6
model		: 60
model name	: Intel(R) Core(TM) i7-4700MQ CPU @ 2.40GHz
stepping	: 3
microcode	: 0x16
cpu MHz		: 3199.968
cache size	: 6144 KB
physical id	: 0
siblings	: 8
core id		: 3
cpu cores	: 4
apicid		: 7
initial apicid	: 7
fpu		: yes
fpu_exception	: yes
cpuid level	: 13
wp		: yes
flags		: fpu vme de pse tsc msr pae mce cx8 apic sep mtrr pge mca cmov pat pse36 clflush dts acpi mmx fxsr sse sse2 ss ht tm pbe syscall nx pdpe1gb rdtscp lm constant_tsc arch_perfmon pebs bts rep_good nopl xtopology nonstop_tsc aperfmperf eagerfpu pni pclmulqdq dtes64 monitor ds_cpl vmx est tm2 ssse3 sdbg fma cx16 xtpr pdcm pcid sse4_1 sse4_2 movbe popcnt tsc_deadline_timer aes xsave avx f16c rdrand lahf_lm abm epb tpr_shadow vnmi flexpriority ept vpid fsgsbase tsc_adjust bmi1 avx2 smep bmi2 erms invpcid xsaveopt dtherm ida arat pln pts
bugs		:
bogomips	: 4789.33
clflush size	: 64
cache_alignment	: 64
address sizes	: 39 bits physical, 48 bits virtual
power management:



Memory: 4k page, physical 8101800k(76524k free), swap 0k(0k free)

vm_info: Java HotSpot(TM) 64-Bit Server VM (25.91-b14) for linux-amd64 JRE (1.8.0_91-b14), built on Apr  1 2016 00:57:21 by "java_re" with gcc 4.3.0 20080428 (Red Hat 4.3.0-8)

time: Mon Sep  5 14:37:53 2016
elapsed time: 3 seconds (0d 0h 0m 3s)

