#
# There is insufficient memory for the Java Runtime Environment to continue.
# Native memory allocation (mmap) failed to map 145752064 bytes for committing reserved memory.
# Possible reasons:
#   The system is out of physical RAM or swap space
#   In 32 bit mode, the process size limit was hit
# Possible solutions:
#   Reduce memory load on the system
#   Increase physical memory or swap space
#   Check if swap backing store is full
#   Use 64 bit Java on a 64 bit OS
#   Decrease Java heap size (-Xmx/-Xms)
#   Decrease number of Java threads
#   Decrease Java thread stack sizes (-Xss)
#   Set larger code cache with -XX:ReservedCodeCacheSize=
# This output file may be truncated or incomplete.
#
#  Out of Memory Error (os_linux.cpp:2627), pid=16708, tid=139989186754304
#
# JRE version: Java(TM) SE Runtime Environment (8.0_91-b14) (build 1.8.0_91-b14)
# Java VM: Java HotSpot(TM) 64-Bit Server VM (25.91-b14 mixed mode linux-amd64 compressed oops)
# Failed to write core dump. Core dumps have been disabled. To enable core dumping, try "ulimit -c unlimited" before starting Java again
#

---------------  T H R E A D  ---------------

Current thread (0x00007f51dc080000):  VMThread [stack: 0x00007f51c5afb000,0x00007f51c5bfc000] [id=16721]

Stack: [0x00007f51c5afb000,0x00007f51c5bfc000],  sp=0x00007f51c5bfa120,  free space=1020k
Native frames: (J=compiled Java code, j=interpreted, Vv=VM code, C=native code)
V  [libjvm.so+0xabc18a]  VMError::report_and_die()+0x2ba
V  [libjvm.so+0x4fafeb]  report_vm_out_of_memory(char const*, int, unsigned long, VMErrorType, char const*)+0x8b
V  [libjvm.so+0x91cbb3]  os::Linux::commit_memory_impl(char*, unsigned long, bool)+0x103
V  [libjvm.so+0x91d109]  os::pd_commit_memory(char*, unsigned long, unsigned long, bool)+0x29
V  [libjvm.so+0x91740a]  os::commit_memory(char*, unsigned long, unsigned long, bool)+0x2a
V  [libjvm.so+0x98b033]  PSVirtualSpace::expand_by(unsigned long)+0x53
V  [libjvm.so+0x98c438]  PSYoungGen::resize_generation(unsigned long, unsigned long)+0xf8
V  [libjvm.so+0x98b592]  PSYoungGen::resize(unsigned long, unsigned long)+0x22
V  [libjvm.so+0x98886b]  PSScavenge::invoke_no_policy()+0xf3b
V  [libjvm.so+0x988ff1]  PSScavenge::invoke()+0x41
V  [libjvm.so+0x9408b0]  ParallelScavengeHeap::failed_mem_allocate(unsigned long)+0x70
V  [libjvm.so+0xabdba7]  VM_ParallelGCFailedAllocation::doit()+0x97
V  [libjvm.so+0xac55d5]  VM_Operation::evaluate()+0x55
V  [libjvm.so+0xac39aa]  VMThread::evaluate_operation(VM_Operation*)+0xba
V  [libjvm.so+0xac3d2e]  VMThread::loop()+0x1ce
V  [libjvm.so+0xac41a0]  VMThread::run()+0x70
V  [libjvm.so+0x91ef78]  java_start(Thread*)+0x108

VM_Operation (0x00007f51c4aa5fc0): ParallelGCFailedAllocation, mode: safepoint, requested by thread 0x00007f51dc135000


---------------  P R O C E S S  ---------------

Java Threads: ( => current thread )
  0x00007f51dc136800 JavaThread "pool-2-thread-4" [_thread_blocked, id=16737, stack(0x00007f51c48a6000,0x00007f51c49a7000)]
  0x00007f51dc135000 JavaThread "pool-2-thread-3" [_thread_blocked, id=16736, stack(0x00007f51c49a7000,0x00007f51c4aa8000)]
  0x00007f51dc12f800 JavaThread "pool-3-thread-1" [_thread_blocked, id=16734, stack(0x00007f51c4ba9000,0x00007f51c4caa000)]
  0x00007f51dc0cb800 JavaThread "Service Thread" daemon [_thread_blocked, id=16729, stack(0x00007f51c4ebb000,0x00007f51c4fbc000)]
  0x00007f51dc0c8800 JavaThread "C1 CompilerThread3" daemon [_thread_blocked, id=16728, stack(0x00007f51c4fbc000,0x00007f51c50bd000)]
  0x00007f51dc0c6800 JavaThread "C2 CompilerThread2" daemon [_thread_in_native, id=16727, stack(0x00007f51c50bd000,0x00007f51c51be000)]
  0x00007f51dc0c5000 JavaThread "C2 CompilerThread1" daemon [_thread_in_native, id=16726, stack(0x00007f51c51be000,0x00007f51c52bf000)]
  0x00007f51dc0c2000 JavaThread "C2 CompilerThread0" daemon [_thread_in_native, id=16725, stack(0x00007f51c52bf000,0x00007f51c53c0000)]
  0x00007f51dc0c0800 JavaThread "Signal Dispatcher" daemon [_thread_blocked, id=16724, stack(0x00007f51c53c0000,0x00007f51c54c1000)]
  0x00007f51dc08c000 JavaThread "Finalizer" daemon [_thread_blocked, id=16723, stack(0x00007f51c58f9000,0x00007f51c59fa000)]
  0x00007f51dc087800 JavaThread "Reference Handler" daemon [_thread_blocked, id=16722, stack(0x00007f51c59fa000,0x00007f51c5afb000)]
  0x00007f51dc00a000 JavaThread "main" [_thread_blocked, id=16710, stack(0x00007f51e5247000,0x00007f51e5348000)]

Other Threads:
=>0x00007f51dc080000 VMThread [stack: 0x00007f51c5afb000,0x00007f51c5bfc000] [id=16721]
  0x00007f51dc0ce800 WatcherThread [stack: 0x00007f51c4dba000,0x00007f51c4ebb000] [id=16730]

VM state:at safepoint (normal execution)

VM Mutex/Monitor currently owned by a thread:  ([mutex/lock_event])
[0x00007f51dc0064b0] Threads_lock - owner thread: 0x00007f51dc080000
[0x00007f51dc0069b0] Heap_lock - owner thread: 0x00007f51dc135000

Heap:
 PSYoungGen      total 132096K, used 5098K [0x00000000eab00000, 0x00000000f3100000, 0x0000000100000000)
  eden space 126976K, 0% used [0x00000000eab00000,0x00000000eab00000,0x00000000f2700000)
  from space 5120K, 99% used [0x00000000f2700000,0x00000000f2bfa860,0x00000000f2c00000)
  to   space 5120K, 0% used [0x00000000f2c00000,0x00000000f2c00000,0x00000000f3100000)
 ParOldGen       total 111616K, used 53410K [0x00000000c0000000, 0x00000000c6d00000, 0x00000000eab00000)
  object space 111616K, 47% used [0x00000000c0000000,0x00000000c3428a80,0x00000000c6d00000)
 Metaspace       used 5840K, capacity 7024K, committed 7296K, reserved 1056768K
  class space    used 578K, capacity 616K, committed 640K, reserved 1048576K

Card table byte_map: [0x00007f51e1dfc000,0x00007f51e1ffd000] byte_map_base: 0x00007f51e17fc000

Marking Bits: (ParMarkBitMap*) 0x00007f51e471bd60
 Begin Bits: [0x00007f51c6000000, 0x00007f51c7000000)
 End Bits:   [0x00007f51c7000000, 0x00007f51c8000000)

Polling page: 0x00007f51e536b000

CodeCache: size=245760Kb used=6659Kb max_used=6659Kb free=239100Kb
 bounds [0x00007f51cd000000, 0x00007f51cd690000, 0x00007f51dc000000]
 total_blobs=1813 nmethods=1551 adapters=175
 compilation: enabled

Compilation events (10 events):
Event: 5.709 Thread 0x00007f51dc0c8800 1684       3       com.android.dx.ssa.ConstCollector::getConstsSortedByCountUse (386 bytes)
Event: 5.720 Thread 0x00007f51dc0c8800 nmethod 1684 0x00007f51cd677750 code [0x00007f51cd677d80, 0x00007f51cd67c668]
Event: 5.774 Thread 0x00007f51dc0c8800 1685       3       com.android.dx.ssa.PhiTypeResolver::run (179 bytes)
Event: 5.776 Thread 0x00007f51dc0c8800 nmethod 1685 0x00007f51cd67f1d0 code [0x00007f51cd67f460, 0x00007f51cd6805e8]
Event: 5.779 Thread 0x00007f51dc0c8800 1686       2       com.android.dx.ssa.PhiInsn::updateSourcesToDefinitions (68 bytes)
Event: 5.780 Thread 0x00007f51dc0c8800 nmethod 1686 0x00007f51cd680e10 code [0x00007f51cd680fc0, 0x00007f51cd681398]
Event: 5.780 Thread 0x00007f51dc0c8800 1687       2       com.android.dx.ssa.PhiTypeResolver::resolveResultType (308 bytes)
Event: 5.782 Thread 0x00007f51dc0c8800 nmethod 1687 0x00007f51cd681750 code [0x00007f51cd681a40, 0x00007f51cd682898]
Event: 5.808 Thread 0x00007f51dc0c8800 1688       3       com.android.dx.ssa.back.LivenessAnalyzer::constructInterferenceGraph (47 bytes)
Event: 5.808 Thread 0x00007f51dc0c8800 nmethod 1688 0x00007f51cd6838d0 code [0x00007f51cd683a80, 0x00007f51cd683eb8]

GC Heap History (10 events):
Event: 1.724 GC heap after
Heap after GC invocations=1 (full 0):
 PSYoungGen      total 36864K, used 5097K [0x00000000eab00000, 0x00000000ef300000, 0x0000000100000000)
  eden space 31744K, 0% used [0x00000000eab00000,0x00000000eab00000,0x00000000eca00000)
  from space 5120K, 99% used [0x00000000eca00000,0x00000000ecefa4d8,0x00000000ecf00000)
  to   space 5120K, 0% used [0x00000000eee00000,0x00000000eee00000,0x00000000ef300000)
 ParOldGen       total 84992K, used 2468K [0x00000000c0000000, 0x00000000c5300000, 0x00000000eab00000)
  object space 84992K, 2% used [0x00000000c0000000,0x00000000c02691c0,0x00000000c5300000)
 Metaspace       used 5602K, capacity 6768K, committed 7040K, reserved 1056768K
  class space    used 576K, capacity 616K, committed 640K, reserved 1048576K
}
Event: 2.916 GC heap before
{Heap before GC invocations=2 (full 0):
 PSYoungGen      total 36864K, used 36841K [0x00000000eab00000, 0x00000000ef300000, 0x0000000100000000)
  eden space 31744K, 100% used [0x00000000eab00000,0x00000000eca00000,0x00000000eca00000)
  from space 5120K, 99% used [0x00000000eca00000,0x00000000ecefa4d8,0x00000000ecf00000)
  to   space 5120K, 0% used [0x00000000eee00000,0x00000000eee00000,0x00000000ef300000)
 ParOldGen       total 84992K, used 2468K [0x00000000c0000000, 0x00000000c5300000, 0x00000000eab00000)
  object space 84992K, 2% used [0x00000000c0000000,0x00000000c02691c0,0x00000000c5300000)
 Metaspace       used 5674K, capacity 6896K, committed 7040K, reserved 1056768K
  class space    used 576K, capacity 616K, committed 640K, reserved 1048576K
Event: 2.983 GC heap after
Heap after GC invocations=2 (full 0):
 PSYoungGen      total 68608K, used 5095K [0x00000000eab00000, 0x00000000ef300000, 0x0000000100000000)
  eden space 63488K, 0% used [0x00000000eab00000,0x00000000eab00000,0x00000000ee900000)
  from space 5120K, 99% used [0x00000000eee00000,0x00000000ef2f9fc0,0x00000000ef300000)
  to   space 5120K, 0% used [0x00000000ee900000,0x00000000ee900000,0x00000000eee00000)
 ParOldGen       total 84992K, used 14712K [0x00000000c0000000, 0x00000000c5300000, 0x00000000eab00000)
  object space 84992K, 17% used [0x00000000c0000000,0x00000000c0e5e188,0x00000000c5300000)
 Metaspace       used 5674K, capacity 6896K, committed 7040K, reserved 1056768K
  class space    used 576K, capacity 616K, committed 640K, reserved 1048576K
}
Event: 3.580 GC heap before
{Heap before GC invocations=3 (full 0):
 PSYoungGen      total 68608K, used 68583K [0x00000000eab00000, 0x00000000ef300000, 0x0000000100000000)
  eden space 63488K, 100% used [0x00000000eab00000,0x00000000ee900000,0x00000000ee900000)
  from space 5120K, 99% used [0x00000000eee00000,0x00000000ef2f9fc0,0x00000000ef300000)
  to   space 5120K, 0% used [0x00000000ee900000,0x00000000ee900000,0x00000000eee00000)
 ParOldGen       total 84992K, used 14712K [0x00000000c0000000, 0x00000000c5300000, 0x00000000eab00000)
  object space 84992K, 17% used [0x00000000c0000000,0x00000000c0e5e188,0x00000000c5300000)
 Metaspace       used 5734K, capacity 6896K, committed 7040K, reserved 1056768K
  class space    used 578K, capacity 616K, committed 640K, reserved 1048576K
Event: 3.677 GC heap after
Heap after GC invocations=3 (full 0):
 PSYoungGen      total 68608K, used 5103K [0x00000000eab00000, 0x00000000f3100000, 0x0000000100000000)
  eden space 63488K, 0% used [0x00000000eab00000,0x00000000eab00000,0x00000000ee900000)
  from space 5120K, 99% used [0x00000000ee900000,0x00000000eedfbd48,0x00000000eee00000)
  to   space 5120K, 0% used [0x00000000f2c00000,0x00000000f2c00000,0x00000000f3100000)
 ParOldGen       total 84992K, used 42044K [0x00000000c0000000, 0x00000000c5300000, 0x00000000eab00000)
  object space 84992K, 49% used [0x00000000c0000000,0x00000000c290f080,0x00000000c5300000)
 Metaspace       used 5734K, capacity 6896K, committed 7040K, reserved 1056768K
  class space    used 578K, capacity 616K, committed 640K, reserved 1048576K
}
Event: 4.190 GC heap before
{Heap before GC invocations=4 (full 0):
 PSYoungGen      total 68608K, used 68591K [0x00000000eab00000, 0x00000000f3100000, 0x0000000100000000)
  eden space 63488K, 100% used [0x00000000eab00000,0x00000000ee900000,0x00000000ee900000)
  from space 5120K, 99% used [0x00000000ee900000,0x00000000eedfbd48,0x00000000eee00000)
  to   space 5120K, 0% used [0x00000000f2c00000,0x00000000f2c00000,0x00000000f3100000)
 ParOldGen       total 84992K, used 42044K [0x00000000c0000000, 0x00000000c5300000, 0x00000000eab00000)
  object space 84992K, 49% used [0x00000000c0000000,0x00000000c290f080,0x00000000c5300000)
 Metaspace       used 5777K, capacity 6960K, committed 7040K, reserved 1056768K
  class space    used 578K, capacity 616K, committed 640K, reserved 1048576K
Event: 4.303 GC heap after
Heap after GC invocations=4 (full 0):
 PSYoungGen      total 132096K, used 5118K [0x00000000eab00000, 0x00000000f3100000, 0x0000000100000000)
  eden space 126976K, 0% used [0x00000000eab00000,0x00000000eab00000,0x00000000f2700000)
  from space 5120K, 99% used [0x00000000f2c00000,0x00000000f30ff948,0x00000000f3100000)
  to   space 5120K, 0% used [0x00000000f2700000,0x00000000f2700000,0x00000000f2c00000)
 ParOldGen       total 84992K, used 64861K [0x00000000c0000000, 0x00000000c5300000, 0x00000000eab00000)
  object space 84992K, 76% used [0x00000000c0000000,0x00000000c3f57758,0x00000000c5300000)
 Metaspace       used 5777K, capacity 6960K, committed 7040K, reserved 1056768K
  class space    used 578K, capacity 616K, committed 640K, reserved 1048576K
}
Event: 4.303 GC heap before
{Heap before GC invocations=5 (full 1):
 PSYoungGen      total 132096K, used 5118K [0x00000000eab00000, 0x00000000f3100000, 0x0000000100000000)
  eden space 126976K, 0% used [0x00000000eab00000,0x00000000eab00000,0x00000000f2700000)
  from space 5120K, 99% used [0x00000000f2c00000,0x00000000f30ff948,0x00000000f3100000)
  to   space 5120K, 0% used [0x00000000f2700000,0x00000000f2700000,0x00000000f2c00000)
 ParOldGen       total 84992K, used 64861K [0x00000000c0000000, 0x00000000c5300000, 0x00000000eab00000)
  object space 84992K, 76% used [0x00000000c0000000,0x00000000c3f57758,0x00000000c5300000)
 Metaspace       used 5777K, capacity 6960K, committed 7040K, reserved 1056768K
  class space    used 578K, capacity 616K, committed 640K, reserved 1048576K
Event: 4.605 GC heap after
Heap after GC invocations=5 (full 1):
 PSYoungGen      total 132096K, used 0K [0x00000000eab00000, 0x00000000f3100000, 0x0000000100000000)
  eden space 126976K, 0% used [0x00000000eab00000,0x00000000eab00000,0x00000000f2700000)
  from space 5120K, 0% used [0x00000000f2c00000,0x00000000f2c00000,0x00000000f3100000)
  to   space 5120K, 0% used [0x00000000f2700000,0x00000000f2700000,0x00000000f2c00000)
 ParOldGen       total 111616K, used 32101K [0x00000000c0000000, 0x00000000c6d00000, 0x00000000eab00000)
  object space 111616K, 28% used [0x00000000c0000000,0x00000000c1f59530,0x00000000c6d00000)
 Metaspace       used 5777K, capacity 6960K, committed 7040K, reserved 1056768K
  class space    used 578K, capacity 616K, committed 640K, reserved 1048576K
}
Event: 5.811 GC heap before
{Heap before GC invocations=6 (full 1):
 PSYoungGen      total 132096K, used 126976K [0x00000000eab00000, 0x00000000f3100000, 0x0000000100000000)
  eden space 126976K, 100% used [0x00000000eab00000,0x00000000f2700000,0x00000000f2700000)
  from space 5120K, 0% used [0x00000000f2c00000,0x00000000f2c00000,0x00000000f3100000)
  to   space 5120K, 0% used [0x00000000f2700000,0x00000000f2700000,0x00000000f2c00000)
 ParOldGen       total 111616K, used 32101K [0x00000000c0000000, 0x00000000c6d00000, 0x00000000eab00000)
  object space 111616K, 28% used [0x00000000c0000000,0x00000000c1f59530,0x00000000c6d00000)
 Metaspace       used 5840K, capacity 7024K, committed 7296K, reserved 1056768K
  class space    used 578K, capacity 616K, committed 640K, reserved 1048576K

Deoptimization events (10 events):
Event: 1.631 Thread 0x00007f51dc131000 Uncommon trap: reason=unloaded action=reinterpret pc=0x00007f51cd2b16dc method=com.android.dx.ssa.SsaRenamer$BlockRenamer.visitMoveInsn(Lcom/android/dx/ssa/NormalSsaInsn;)V @ 208
Event: 1.743 Thread 0x00007f51dc12d800 Uncommon trap: reason=class_check action=maybe_recompile pc=0x00007f51cd222350 method=com.android.dx.ssa.NormalSsaInsn.accept(Lcom/android/dx/ssa/SsaInsn$Visitor;)V @ 9
Event: 2.002 Thread 0x00007f51dc131000 Uncommon trap: reason=class_check action=maybe_recompile pc=0x00007f51cd222350 method=com.android.dx.ssa.NormalSsaInsn.accept(Lcom/android/dx/ssa/SsaInsn$Visitor;)V @ 9
Event: 2.003 Thread 0x00007f51dc131000 Uncommon trap: reason=class_check action=maybe_recompile pc=0x00007f51cd222350 method=com.android.dx.ssa.NormalSsaInsn.accept(Lcom/android/dx/ssa/SsaInsn$Visitor;)V @ 9
Event: 4.673 Thread 0x00007f51dc00a000 Uncommon trap: reason=uninitialized action=reinterpret pc=0x00007f51cd3bc244 method=com.android.dx.cf.code.BytecodeArray.parseInstruction(ILcom/android/dx/cf/code/BytecodeArray$Visitor;)I @ 1063
Event: 4.736 Thread 0x00007f51dc00a000 Uncommon trap: reason=unloaded action=reinterpret pc=0x00007f51cd424830 method=com.android.dx.cf.cst.ConstantPoolParser.parse0(ILjava/util/BitSet;)Lcom/android/dx/rop/cst/Constant; @ 176
Event: 4.915 Thread 0x00007f51dc00a000 Uncommon trap: reason=unstable_if action=reinterpret pc=0x00007f51cd471a7c method=com.android.dx.cf.code.OneLocalsArray.<init>(I)V @ 2
Event: 5.572 Thread 0x00007f51dc12d800 Uncommon trap: reason=bimorphic action=maybe_recompile pc=0x00007f51cd222ef8 method=java.util.HashMap.getNode(ILjava/lang/Object;)Ljava/util/HashMap$Node; @ 126
Event: 5.598 Thread 0x00007f51dc12d800 Uncommon trap: reason=unstable_if action=reinterpret pc=0x00007f51cd624b64 method=com.android.dx.ssa.LiteralOpUpgrader$1.visitNonMoveInsn(Lcom/android/dx/ssa/NormalSsaInsn;)V @ 151
Event: 5.652 Thread 0x00007f51dc12d800 Uncommon trap: reason=unstable_if action=reinterpret pc=0x00007f51cd57e87c method=com.android.dx.util.BitIntSet.has(I)Z @ 8

Internal exceptions (2 events):
Event: 0.114 Thread 0x00007f51dc00a000 Exception <a 'java/lang/NoSuchMethodError': Method sun.misc.Unsafe.defineClass(Ljava/lang/String;[BII)Ljava/lang/Class; name or signature does not match> (0x00000000eab07cc0) thrown at [/HUDSON/workspace/8-2-build-linux-amd64/jdk8u91/6644/hotspot/src/shar
Event: 0.114 Thread 0x00007f51dc00a000 Exception <a 'java/lang/NoSuchMethodError': Method sun.misc.Unsafe.prefetchRead(Ljava/lang/Object;J)V name or signature does not match> (0x00000000eab07fa8) thrown at [/HUDSON/workspace/8-2-build-linux-amd64/jdk8u91/6644/hotspot/src/share/vm/prims/jni.cpp

Events (10 events):
Event: 5.652 Thread 0x00007f51dc12d800 DEOPT UNPACKING pc=0x00007f51cd005229 sp=0x00007f51c4da8cb0 mode 2
Event: 5.675 Thread 0x00007f51dc12d800 Thread exited: 0x00007f51dc12d800
Event: 5.686 Thread 0x00007f51dc131000 Thread exited: 0x00007f51dc131000
Event: 5.715 Thread 0x00007f51dc135000 DEOPT PACKING pc=0x00007f51cd41c5b7 sp=0x00007f51c4aa6010
Event: 5.715 Thread 0x00007f51dc135000 DEOPT UNPACKING pc=0x00007f51cd047633 sp=0x00007f51c4aa5e40 mode 0
Event: 5.776 Thread 0x00007f51dc135000 DEOPT PACKING pc=0x00007f51cd50962f sp=0x00007f51c4aa61d0
Event: 5.776 Thread 0x00007f51dc135000 DEOPT UNPACKING pc=0x00007f51cd047633 sp=0x00007f51c4aa5f20 mode 0
Event: 5.808 Thread 0x00007f51dc135000 DEOPT PACKING pc=0x00007f51cd454c35 sp=0x00007f51c4aa61b0
Event: 5.808 Thread 0x00007f51dc135000 DEOPT UNPACKING pc=0x00007f51cd047633 sp=0x00007f51c4aa5f28 mode 0
Event: 5.809 Executing VM operation: ParallelGCFailedAllocation


Dynamic libraries:
00400000-00401000 r-xp 00000000 08:01 9839507                            /usr/lib/jvm/java-8-oracle/bin/java
00600000-00601000 rw-p 00000000 08:01 9839507                            /usr/lib/jvm/java-8-oracle/bin/java
007bf000-007e0000 rw-p 00000000 00:00 0                                  [heap]
c0000000-c6d00000 rw-p 00000000 00:00 0 
c6d00000-eab00000 ---p 00000000 00:00 0 
eab00000-f3100000 rw-p 00000000 00:00 0 
fbc00000-100000000 ---p 00000000 00:00 0 
100000000-1000a0000 rw-p 00000000 00:00 0 
1000a0000-140000000 ---p 00000000 00:00 0 
7f5160000000-7f5160021000 rw-p 00000000 00:00 0 
7f5160021000-7f5164000000 ---p 00000000 00:00 0 
7f5168000000-7f516802e000 rw-p 00000000 00:00 0 
7f516802e000-7f516c000000 ---p 00000000 00:00 0 
7f516c000000-7f516c04b000 rw-p 00000000 00:00 0 
7f516c04b000-7f5170000000 ---p 00000000 00:00 0 
7f5170000000-7f517003a000 rw-p 00000000 00:00 0 
7f517003a000-7f5174000000 ---p 00000000 00:00 0 
7f5174000000-7f5174021000 rw-p 00000000 00:00 0 
7f5174021000-7f5178000000 ---p 00000000 00:00 0 
7f5178000000-7f5178021000 rw-p 00000000 00:00 0 
7f5178021000-7f517c000000 ---p 00000000 00:00 0 
7f517c000000-7f517c021000 rw-p 00000000 00:00 0 
7f517c021000-7f5180000000 ---p 00000000 00:00 0 
7f5180000000-7f51811af000 rw-p 00000000 00:00 0 
7f51811af000-7f5184000000 ---p 00000000 00:00 0 
7f5184000000-7f518490d000 rw-p 00000000 00:00 0 
7f518490d000-7f5188000000 ---p 00000000 00:00 0 
7f5188000000-7f5189446000 rw-p 00000000 00:00 0 
7f5189446000-7f518c000000 ---p 00000000 00:00 0 
7f518c000000-7f518d77c000 rw-p 00000000 00:00 0 
7f518d77c000-7f5190000000 ---p 00000000 00:00 0 
7f5190000000-7f5190021000 rw-p 00000000 00:00 0 
7f5190021000-7f5194000000 ---p 00000000 00:00 0 
7f5194000000-7f5194021000 rw-p 00000000 00:00 0 
7f5194021000-7f5198000000 ---p 00000000 00:00 0 
7f5198000000-7f519828e000 rw-p 00000000 00:00 0 
7f519828e000-7f519c000000 ---p 00000000 00:00 0 
7f519c000000-7f519c021000 rw-p 00000000 00:00 0 
7f519c021000-7f51a0000000 ---p 00000000 00:00 0 
7f51a0000000-7f51a0021000 rw-p 00000000 00:00 0 
7f51a0021000-7f51a4000000 ---p 00000000 00:00 0 
7f51a4000000-7f51a4021000 rw-p 00000000 00:00 0 
7f51a4021000-7f51a8000000 ---p 00000000 00:00 0 
7f51a8000000-7f51a8021000 rw-p 00000000 00:00 0 
7f51a8021000-7f51ac000000 ---p 00000000 00:00 0 
7f51b0000000-7f51b0021000 rw-p 00000000 00:00 0 
7f51b0021000-7f51b4000000 ---p 00000000 00:00 0 
7f51b4000000-7f51b4021000 rw-p 00000000 00:00 0 
7f51b4021000-7f51b8000000 ---p 00000000 00:00 0 
7f51b8000000-7f51b8021000 rw-p 00000000 00:00 0 
7f51b8021000-7f51bc000000 ---p 00000000 00:00 0 
7f51c0000000-7f51c0021000 rw-p 00000000 00:00 0 
7f51c0021000-7f51c4000000 ---p 00000000 00:00 0 
7f51c48a6000-7f51c48a9000 ---p 00000000 00:00 0 
7f51c48a9000-7f51c49a7000 rw-p 00000000 00:00 0 
7f51c49a7000-7f51c49aa000 ---p 00000000 00:00 0 
7f51c49aa000-7f51c4aa8000 rw-p 00000000 00:00 0 
7f51c4aa8000-7f51c4aab000 ---p 00000000 00:00 0 
7f51c4aab000-7f51c4ba9000 rw-p 00000000 00:00 0 
7f51c4ba9000-7f51c4bac000 ---p 00000000 00:00 0 
7f51c4bac000-7f51c4caa000 rw-p 00000000 00:00 0 
7f51c4caa000-7f51c4cad000 ---p 00000000 00:00 0 
7f51c4cad000-7f51c4dab000 rw-p 00000000 00:00 0 
7f51c4dab000-7f51c4dba000 r--s 000df000 08:01 5246091                    /home/oguz/Android/Sdk/build-tools/23.0.3/lib/dx.jar
7f51c4dba000-7f51c4dbb000 ---p 00000000 00:00 0 
7f51c4dbb000-7f51c4ebb000 rw-p 00000000 00:00 0 
7f51c4ebb000-7f51c4ebe000 ---p 00000000 00:00 0 
7f51c4ebe000-7f51c4fbc000 rw-p 00000000 00:00 0 
7f51c4fbc000-7f51c4fbf000 ---p 00000000 00:00 0 
7f51c4fbf000-7f51c50bd000 rw-p 00000000 00:00 0 
7f51c50bd000-7f51c50c0000 ---p 00000000 00:00 0 
7f51c50c0000-7f51c51be000 rw-p 00000000 00:00 0 
7f51c51be000-7f51c51c1000 ---p 00000000 00:00 0 
7f51c51c1000-7f51c52bf000 rw-p 00000000 00:00 0 
7f51c52bf000-7f51c52c2000 ---p 00000000 00:00 0 
7f51c52c2000-7f51c53c0000 rw-p 00000000 00:00 0 
7f51c53c0000-7f51c53c3000 ---p 00000000 00:00 0 
7f51c53c3000-7f51c54c1000 rw-p 00000000 00:00 0 
7f51c54c1000-7f51c58f9000 r--p 00000000 08:01 9700768                    /usr/lib/locale/locale-archive
7f51c58f9000-7f51c58fc000 ---p 00000000 00:00 0 
7f51c58fc000-7f51c59fa000 rw-p 00000000 00:00 0 
7f51c59fa000-7f51c59fd000 ---p 00000000 00:00 0 
7f51c59fd000-7f51c5afb000 rw-p 00000000 00:00 0 
7f51c5afb000-7f51c5afc000 ---p 00000000 00:00 0 
7f51c5afc000-7f51c8000000 rw-p 00000000 00:00 0 
7f51c8000000-7f51c8021000 rw-p 00000000 00:00 0 
7f51c8021000-7f51cc000000 ---p 00000000 00:00 0 
7f51cc00a000-7f51cd000000 rw-p 00000000 00:00 0 
7f51cd000000-7f51cd690000 rwxp 00000000 00:00 0 
7f51cd690000-7f51dc000000 ---p 00000000 00:00 0 
7f51dc000000-7f51dc39b000 rw-p 00000000 00:00 0 
7f51dc39b000-7f51e0000000 ---p 00000000 00:00 0 
7f51e0005000-7f51e084f000 rw-p 00000000 00:00 0 
7f51e084f000-7f51e0a28000 r--s 03d1f000 08:01 9967487                    /usr/lib/jvm/java-8-oracle/jre/lib/rt.jar
7f51e0a28000-7f51e111e000 rw-p 00000000 00:00 0 
7f51e111e000-7f51e129e000 ---p 00000000 00:00 0 
7f51e129e000-7f51e149e000 rw-p 00000000 00:00 0 
7f51e149e000-7f51e149f000 ---p 00000000 00:00 0 
7f51e149f000-7f51e159f000 rw-p 00000000 00:00 0 
7f51e159f000-7f51e15a0000 ---p 00000000 00:00 0 
7f51e15a0000-7f51e16a0000 rw-p 00000000 00:00 0 
7f51e16a0000-7f51e16a1000 ---p 00000000 00:00 0 
7f51e16a1000-7f51e17a1000 rw-p 00000000 00:00 0 
7f51e17a1000-7f51e17a2000 ---p 00000000 00:00 0 
7f51e17a2000-7f51e18a2000 rw-p 00000000 00:00 0 
7f51e18a2000-7f51e18a3000 ---p 00000000 00:00 0 
7f51e18a3000-7f51e19a3000 rw-p 00000000 00:00 0 
7f51e19a3000-7f51e19a4000 ---p 00000000 00:00 0 
7f51e19a4000-7f51e1aa4000 rw-p 00000000 00:00 0 
7f51e1aa4000-7f51e1aa5000 ---p 00000000 00:00 0 
7f51e1aa5000-7f51e1ba5000 rw-p 00000000 00:00 0 
7f51e1ba5000-7f51e1ba6000 ---p 00000000 00:00 0 
7f51e1ba6000-7f51e1cdd000 rw-p 00000000 00:00 0 
7f51e1cdd000-7f51e1dfc000 ---p 00000000 00:00 0 
7f51e1dfc000-7f51e1e33000 rw-p 00000000 00:00 0 
7f51e1e33000-7f51e1f51000 ---p 00000000 00:00 0 
7f51e1f51000-7f51e1f95000 rw-p 00000000 00:00 0 
7f51e1f95000-7f51e1ffc000 ---p 00000000 00:00 0 
7f51e1ffc000-7f51e2018000 rw-p 00000000 00:00 0 
7f51e2018000-7f51e23bd000 ---p 00000000 00:00 0 
7f51e23bd000-7f51e23d7000 r-xp 00000000 08:01 10092954                   /usr/lib/jvm/java-8-oracle/jre/lib/amd64/libzip.so
7f51e23d7000-7f51e25d7000 ---p 0001a000 08:01 10092954                   /usr/lib/jvm/java-8-oracle/jre/lib/amd64/libzip.so
7f51e25d7000-7f51e25d8000 rw-p 0001a000 08:01 10092954                   /usr/lib/jvm/java-8-oracle/jre/lib/amd64/libzip.so
7f51e25d8000-7f51e25e3000 r-xp 00000000 08:01 7603299                    /lib/x86_64-linux-gnu/libnss_files-2.23.so
7f51e25e3000-7f51e27e2000 ---p 0000b000 08:01 7603299                    /lib/x86_64-linux-gnu/libnss_files-2.23.so
7f51e27e2000-7f51e27e3000 r--p 0000a000 08:01 7603299                    /lib/x86_64-linux-gnu/libnss_files-2.23.so
7f51e27e3000-7f51e27e4000 rw-p 0000b000 08:01 7603299                    /lib/x86_64-linux-gnu/libnss_files-2.23.so
7f51e27e4000-7f51e27ea000 rw-p 00000000 00:00 0 
7f51e27ea000-7f51e27f5000 r-xp 00000000 08:01 7603296                    /lib/x86_64-linux-gnu/libnss_nis-2.23.so
7f51e27f5000-7f51e29f4000 ---p 0000b000 08:01 7603296                    /lib/x86_64-linux-gnu/libnss_nis-2.23.so
7f51e29f4000-7f51e29f5000 r--p 0000a000 08:01 7603296                    /lib/x86_64-linux-gnu/libnss_nis-2.23.so
7f51e29f5000-7f51e29f6000 rw-p 0000b000 08:01 7603296                    /lib/x86_64-linux-gnu/libnss_nis-2.23.so
7f51e29f6000-7f51e2a0c000 r-xp 00000000 08:01 7603294                    /lib/x86_64-linux-gnu/libnsl-2.23.so
7f51e2a0c000-7f51e2c0c000 ---p 00016000 08:01 7603294                    /lib/x86_64-linux-gnu/libnsl-2.23.so
7f51e2c0c000-7f51e2c0d000 r--p 00016000 08:01 7603294                    /lib/x86_64-linux-gnu/libnsl-2.23.so
7f51e2c0d000-7f51e2c0e000 rw-p 00017000 08:01 7603294                    /lib/x86_64-linux-gnu/libnsl-2.23.so
7f51e2c0e000-7f51e2c10000 rw-p 00000000 00:00 0 
7f51e2c10000-7f51e2c18000 r-xp 00000000 08:01 7603292                    /lib/x86_64-linux-gnu/libnss_compat-2.23.so
7f51e2c18000-7f51e2e17000 ---p 00008000 08:01 7603292                    /lib/x86_64-linux-gnu/libnss_compat-2.23.so
7f51e2e17000-7f51e2e18000 r--p 00007000 08:01 7603292                    /lib/x86_64-linux-gnu/libnss_compat-2.23.so
7f51e2e18000-7f51e2e19000 rw-p 00008000 08:01 7603292                    /lib/x86_64-linux-gnu/libnss_compat-2.23.so
7f51e2e19000-7f51e2e43000 r-xp 00000000 08:01 10092949                   /usr/lib/jvm/java-8-oracle/jre/lib/amd64/libjava.so
7f51e2e43000-7f51e3043000 ---p 0002a000 08:01 10092949                   /usr/lib/jvm/java-8-oracle/jre/lib/amd64/libjava.so
7f51e3043000-7f51e3045000 rw-p 0002a000 08:01 10092949                   /usr/lib/jvm/java-8-oracle/jre/lib/amd64/libjava.so
7f51e3045000-7f51e3052000 r-xp 00000000 08:01 10092953                   /usr/lib/jvm/java-8-oracle/jre/lib/amd64/libverify.so
7f51e3052000-7f51e3252000 ---p 0000d000 08:01 10092953                   /usr/lib/jvm/java-8-oracle/jre/lib/amd64/libverify.so
7f51e3252000-7f51e3254000 rw-p 0000d000 08:01 10092953                   /usr/lib/jvm/java-8-oracle/jre/lib/amd64/libverify.so
7f51e3254000-7f51e325b000 r-xp 00000000 08:01 7603308                    /lib/x86_64-linux-gnu/librt-2.23.so
7f51e325b000-7f51e345a000 ---p 00007000 08:01 7603308                    /lib/x86_64-linux-gnu/librt-2.23.so
7f51e345a000-7f51e345b000 r--p 00006000 08:01 7603308                    /lib/x86_64-linux-gnu/librt-2.23.so
7f51e345b000-7f51e345c000 rw-p 00007000 08:01 7603308                    /lib/x86_64-linux-gnu/librt-2.23.so
7f51e345c000-7f51e3564000 r-xp 00000000 08:01 7603305                    /lib/x86_64-linux-gnu/libm-2.23.so
7f51e3564000-7f51e3763000 ---p 00108000 08:01 7603305                    /lib/x86_64-linux-gnu/libm-2.23.so
7f51e3763000-7f51e3764000 r--p 00107000 08:01 7603305                    /lib/x86_64-linux-gnu/libm-2.23.so
7f51e3764000-7f51e3765000 rw-p 00108000 08:01 7603305                    /lib/x86_64-linux-gnu/libm-2.23.so
7f51e3765000-7f51e4425000 r-xp 00000000 08:01 10092932                   /usr/lib/jvm/java-8-oracle/jre/lib/amd64/server/libjvm.so
7f51e4425000-7f51e4625000 ---p 00cc0000 08:01 10092932                   /usr/lib/jvm/java-8-oracle/jre/lib/amd64/server/libjvm.so
7f51e4625000-7f51e46fd000 rw-p 00cc0000 08:01 10092932                   /usr/lib/jvm/java-8-oracle/jre/lib/amd64/server/libjvm.so
7f51e46fd000-7f51e4748000 rw-p 00000000 00:00 0 
7f51e4748000-7f51e4908000 r-xp 00000000 08:01 7603313                    /lib/x86_64-linux-gnu/libc-2.23.so
7f51e4908000-7f51e4b08000 ---p 001c0000 08:01 7603313                    /lib/x86_64-linux-gnu/libc-2.23.so
7f51e4b08000-7f51e4b0c000 r--p 001c0000 08:01 7603313                    /lib/x86_64-linux-gnu/libc-2.23.so
7f51e4b0c000-7f51e4b0e000 rw-p 001c4000 08:01 7603313                    /lib/x86_64-linux-gnu/libc-2.23.so
7f51e4b0e000-7f51e4b12000 rw-p 00000000 00:00 0 
7f51e4b12000-7f51e4b15000 r-xp 00000000 08:01 7603314                    /lib/x86_64-linux-gnu/libdl-2.23.so
7f51e4b15000-7f51e4d14000 ---p 00003000 08:01 7603314                    /lib/x86_64-linux-gnu/libdl-2.23.so
7f51e4d14000-7f51e4d15000 r--p 00002000 08:01 7603314                    /lib/x86_64-linux-gnu/libdl-2.23.so
7f51e4d15000-7f51e4d16000 rw-p 00003000 08:01 7603314                    /lib/x86_64-linux-gnu/libdl-2.23.so
7f51e4d16000-7f51e4d2b000 r-xp 00000000 08:01 9840182                    /usr/lib/jvm/java-8-oracle/lib/amd64/jli/libjli.so
7f51e4d2b000-7f51e4f2b000 ---p 00015000 08:01 9840182                    /usr/lib/jvm/java-8-oracle/lib/amd64/jli/libjli.so
7f51e4f2b000-7f51e4f2c000 rw-p 00015000 08:01 9840182                    /usr/lib/jvm/java-8-oracle/lib/amd64/jli/libjli.so
7f51e4f2c000-7f51e4f44000 r-xp 00000000 08:01 7603312                    /lib/x86_64-linux-gnu/libpthread-2.23.so
7f51e4f44000-7f51e5143000 ---p 00018000 08:01 7603312                    /lib/x86_64-linux-gnu/libpthread-2.23.so
7f51e5143000-7f51e5144000 r--p 00017000 08:01 7603312                    /lib/x86_64-linux-gnu/libpthread-2.23.so
7f51e5144000-7f51e5145000 rw-p 00018000 08:01 7603312                    /lib/x86_64-linux-gnu/libpthread-2.23.so
7f51e5145000-7f51e5149000 rw-p 00000000 00:00 0 
7f51e5149000-7f51e516f000 r-xp 00000000 08:01 7603309                    /lib/x86_64-linux-gnu/ld-2.23.so
7f51e5175000-7f51e5247000 rw-p 00000000 00:00 0 
7f51e5247000-7f51e524a000 ---p 00000000 00:00 0 
7f51e524a000-7f51e534c000 rw-p 00000000 00:00 0 
7f51e534e000-7f51e5362000 rw-p 00000000 00:00 0 
7f51e5362000-7f51e536a000 rw-s 00000000 08:01 132047                     /tmp/hsperfdata_oguz/16708
7f51e536a000-7f51e536b000 rw-p 00000000 00:00 0 
7f51e536b000-7f51e536c000 ---p 00000000 00:00 0 
7f51e536c000-7f51e536e000 rw-p 00000000 00:00 0 
7f51e536e000-7f51e536f000 r--p 00025000 08:01 7603309                    /lib/x86_64-linux-gnu/ld-2.23.so
7f51e536f000-7f51e5370000 rw-p 00026000 08:01 7603309                    /lib/x86_64-linux-gnu/ld-2.23.so
7f51e5370000-7f51e5371000 rw-p 00000000 00:00 0 
7fff02a1b000-7fff02a3c000 rw-p 00000000 00:00 0                          [stack]
7fff02bb8000-7fff02bba000 r--p 00000000 00:00 0                          [vvar]
7fff02bba000-7fff02bbc000 r-xp 00000000 00:00 0                          [vdso]
ffffffffff600000-ffffffffff601000 r-xp 00000000 00:00 0                  [vsyscall]

VM Arguments:
jvm_args: -Djava.awt.headless=true -Xmx1024M -Dfile.encoding=UTF-8 -Duser.country=TR -Duser.language=tr -Duser.variant 
java_command: com.android.dx.command.Main --dex --force-jumbo --num-threads=4 --multi-dex --output /home/oguz/Masaüstü/FomApplicationAndroid/app/build/intermediates/transforms/dex/debug/folders/1000/5/slice_4 /home/oguz/Masaüstü/FomApplicationAndroid/app/build/intermediates/transforms/instantRunSlicer/debug/folders/1/5/slice_4
java_class_path (initial): /home/oguz/Android/Sdk/build-tools/23.0.3/lib/dx.jar
Launcher Type: SUN_STANDARD

Environment Variables:
PATH=/usr/local/sbin:/usr/local/bin:/usr/sbin:/usr/bin:/sbin:/bin:/usr/games:/usr/local/games:/snap/bin
LD_LIBRARY_PATH=/home/oguz/Masaüstü/Derleyiciler/android-studio/bin:
SHELL=/bin/bash
DISPLAY=:0

Signal Handlers:
SIGSEGV: [libjvm.so+0xabca10], sa_mask[0]=11111111011111111101111111111110, sa_flags=SA_RESTART|SA_SIGINFO
SIGBUS: [libjvm.so+0xabca10], sa_mask[0]=11111111011111111101111111111110, sa_flags=SA_RESTART|SA_SIGINFO
SIGFPE: [libjvm.so+0x919a20], sa_mask[0]=11111111011111111101111111111110, sa_flags=SA_RESTART|SA_SIGINFO
SIGPIPE: [libjvm.so+0x919a20], sa_mask[0]=11111111011111111101111111111110, sa_flags=SA_RESTART|SA_SIGINFO
SIGXFSZ: [libjvm.so+0x919a20], sa_mask[0]=11111111011111111101111111111110, sa_flags=SA_RESTART|SA_SIGINFO
SIGILL: [libjvm.so+0x919a20], sa_mask[0]=11111111011111111101111111111110, sa_flags=SA_RESTART|SA_SIGINFO
SIGUSR1: SIG_DFL, sa_mask[0]=00000000000000000000000000000000, sa_flags=none
SIGUSR2: [libjvm.so+0x91b050], sa_mask[0]=00100000000000000000000000000000, sa_flags=SA_RESTART|SA_SIGINFO
SIGHUP: [libjvm.so+0x91c450], sa_mask[0]=11111111011111111101111111111110, sa_flags=SA_RESTART|SA_SIGINFO
SIGINT: [libjvm.so+0x91c450], sa_mask[0]=11111111011111111101111111111110, sa_flags=SA_RESTART|SA_SIGINFO
SIGTERM: [libjvm.so+0x91c450], sa_mask[0]=11111111011111111101111111111110, sa_flags=SA_RESTART|SA_SIGINFO
SIGQUIT: [libjvm.so+0x91c450], sa_mask[0]=11111111011111111101111111111110, sa_flags=SA_RESTART|SA_SIGINFO


---------------  S Y S T E M  ---------------

OS:DISTRIB_ID=Ubuntu
DISTRIB_RELEASE=16.04
DISTRIB_CODENAME=xenial
DISTRIB_DESCRIPTION="Ubuntu Xenial Xerus (development branch)"

uname:Linux 4.4.0-22-generic #39-Ubuntu SMP Thu May 5 16:53:32 UTC 2016 x86_64
libc:glibc 2.23 NPTL 2.23 
rlimit: STACK 8192k, CORE 0k, NPROC 31498, NOFILE 65536, AS infinity
load average:7.78 2.58 1.49

/proc/meminfo:
MemTotal:        8101800 kB
MemFree:           52688 kB
MemAvailable:     141112 kB
Buffers:            2956 kB
Cached:           614104 kB
SwapCached:            0 kB
Active:          7282416 kB
Inactive:         530324 kB
Active(anon):    7241944 kB
Inactive(anon):   494388 kB
Active(file):      40472 kB
Inactive(file):    35936 kB
Unevictable:          92 kB
Mlocked:              92 kB
SwapTotal:             0 kB
SwapFree:              0 kB
Dirty:              5728 kB
Writeback:             0 kB
AnonPages:       7196356 kB
Mapped:           323908 kB
Shmem:            540024 kB
Slab:             107576 kB
SReclaimable:      54388 kB
SUnreclaim:        53188 kB
KernelStack:       19024 kB
PageTables:        63036 kB
NFS_Unstable:          0 kB
Bounce:                0 kB
WritebackTmp:          0 kB
CommitLimit:     4050900 kB
Committed_AS:   13736972 kB
VmallocTotal:   34359738367 kB
VmallocUsed:           0 kB
VmallocChunk:          0 kB
HardwareCorrupted:     0 kB
AnonHugePages:   4091904 kB
CmaTotal:              0 kB
CmaFree:               0 kB
HugePages_Total:       0
HugePages_Free:        0
HugePages_Rsvd:        0
HugePages_Surp:        0
Hugepagesize:       2048 kB
DirectMap4k:      148224 kB
DirectMap2M:     7118848 kB
DirectMap1G:     2097152 kB


CPU:total 8 (4 cores per cpu, 2 threads per core) family 6 model 60 stepping 3, cmov, cx8, fxsr, mmx, sse, sse2, sse3, ssse3, sse4.1, sse4.2, popcnt, avx, avx2, aes, clmul, erms, lzcnt, ht, tsc, tscinvbit, bmi1, bmi2

/proc/cpuinfo:
processor	: 0
vendor_id	: GenuineIntel
cpu family	: 6
model		: 60
model name	: Intel(R) Core(TM) i7-4700MQ CPU @ 2.40GHz
stepping	: 3
microcode	: 0x16
cpu MHz		: 2838.937
cache size	: 6144 KB
physical id	: 0
siblings	: 8
core id		: 0
cpu cores	: 4
apicid		: 0
initial apicid	: 0
fpu		: yes
fpu_exception	: yes
cpuid level	: 13
wp		: yes
flags		: fpu vme de pse tsc msr pae mce cx8 apic sep mtrr pge mca cmov pat pse36 clflush dts acpi mmx fxsr sse sse2 ss ht tm pbe syscall nx pdpe1gb rdtscp lm constant_tsc arch_perfmon pebs bts rep_good nopl xtopology nonstop_tsc aperfmperf eagerfpu pni pclmulqdq dtes64 monitor ds_cpl vmx est tm2 ssse3 sdbg fma cx16 xtpr pdcm pcid sse4_1 sse4_2 movbe popcnt tsc_deadline_timer aes xsave avx f16c rdrand lahf_lm abm epb tpr_shadow vnmi flexpriority ept vpid fsgsbase tsc_adjust bmi1 avx2 smep bmi2 erms invpcid xsaveopt dtherm ida arat pln pts
bugs		:
bogomips	: 4789.24
clflush size	: 64
cache_alignment	: 64
address sizes	: 39 bits physical, 48 bits virtual
power management:

processor	: 1
vendor_id	: GenuineIntel
cpu family	: 6
model		: 60
model name	: Intel(R) Core(TM) i7-4700MQ CPU @ 2.40GHz
stepping	: 3
microcode	: 0x16
cpu MHz		: 2866.687
cache size	: 6144 KB
physical id	: 0
siblings	: 8
core id		: 0
cpu cores	: 4
apicid		: 1
initial apicid	: 1
fpu		: yes
fpu_exception	: yes
cpuid level	: 13
wp		: yes
flags		: fpu vme de pse tsc msr pae mce cx8 apic sep mtrr pge mca cmov pat pse36 clflush dts acpi mmx fxsr sse sse2 ss ht tm pbe syscall nx pdpe1gb rdtscp lm constant_tsc arch_perfmon pebs bts rep_good nopl xtopology nonstop_tsc aperfmperf eagerfpu pni pclmulqdq dtes64 monitor ds_cpl vmx est tm2 ssse3 sdbg fma cx16 xtpr pdcm pcid sse4_1 sse4_2 movbe popcnt tsc_deadline_timer aes xsave avx f16c rdrand lahf_lm abm epb tpr_shadow vnmi flexpriority ept vpid fsgsbase tsc_adjust bmi1 avx2 smep bmi2 erms invpcid xsaveopt dtherm ida arat pln pts
bugs		:
bogomips	: 4789.24
clflush size	: 64
cache_alignment	: 64
address sizes	: 39 bits physical, 48 bits virtual
power management:

processor	: 2
vendor_id	: GenuineIntel
cpu family	: 6
model		: 60
model name	: Intel(R) Core(TM) i7-4700MQ CPU @ 2.40GHz
stepping	: 3
microcode	: 0x16
cpu MHz		: 2888.906
cache size	: 6144 KB
physical id	: 0
siblings	: 8
core id		: 1
cpu cores	: 4
apicid		: 2
initial apicid	: 2
fpu		: yes
fpu_exception	: yes
cpuid level	: 13
wp		: yes
flags		: fpu vme de pse tsc msr pae mce cx8 apic sep mtrr pge mca cmov pat pse36 clflush dts acpi mmx fxsr sse sse2 ss ht tm pbe syscall nx pdpe1gb rdtscp lm constant_tsc arch_perfmon pebs bts rep_good nopl xtopology nonstop_tsc aperfmperf eagerfpu pni pclmulqdq dtes64 monitor ds_cpl vmx est tm2 ssse3 sdbg fma cx16 xtpr pdcm pcid sse4_1 sse4_2 movbe popcnt tsc_deadline_timer aes xsave avx f16c rdrand lahf_lm abm epb tpr_shadow vnmi flexpriority ept vpid fsgsbase tsc_adjust bmi1 avx2 smep bmi2 erms invpcid xsaveopt dtherm ida arat pln pts
bugs		:
bogomips	: 4789.24
clflush size	: 64
cache_alignment	: 64
address sizes	: 39 bits physical, 48 bits virtual
power management:

processor	: 3
vendor_id	: GenuineIntel
cpu family	: 6
model		: 60
model name	: Intel(R) Core(TM) i7-4700MQ CPU @ 2.40GHz
stepping	: 3
microcode	: 0x16
cpu MHz		: 2866.687
cache size	: 6144 KB
physical id	: 0
siblings	: 8
core id		: 1
cpu cores	: 4
apicid		: 3
initial apicid	: 3
fpu		: yes
fpu_exception	: yes
cpuid level	: 13
wp		: yes
flags		: fpu vme de pse tsc msr pae mce cx8 apic sep mtrr pge mca cmov pat pse36 clflush dts acpi mmx fxsr sse sse2 ss ht tm pbe syscall nx pdpe1gb rdtscp lm constant_tsc arch_perfmon pebs bts rep_good nopl xtopology nonstop_tsc aperfmperf eagerfpu pni pclmulqdq dtes64 monitor ds_cpl vmx est tm2 ssse3 sdbg fma cx16 xtpr pdcm pcid sse4_1 sse4_2 movbe popcnt tsc_deadline_timer aes xsave avx f16c rdrand lahf_lm abm epb tpr_shadow vnmi flexpriority ept vpid fsgsbase tsc_adjust bmi1 avx2 smep bmi2 erms invpcid xsaveopt dtherm ida arat pln pts
bugs		:
bogomips	: 4789.24
clflush size	: 64
cache_alignment	: 64
address sizes	: 39 bits physical, 48 bits virtual
power management:

processor	: 4
vendor_id	: GenuineIntel
cpu family	: 6
model		: 60
model name	: Intel(R) Core(TM) i7-4700MQ CPU @ 2.40GHz
stepping	: 3
microcode	: 0x16
cpu MHz		: 2888.906
cache size	: 6144 KB
physical id	: 0
siblings	: 8
core id		: 2
cpu cores	: 4
apicid		: 4
initial apicid	: 4
fpu		: yes
fpu_exception	: yes
cpuid level	: 13
wp		: yes
flags		: fpu vme de pse tsc msr pae mce cx8 apic sep mtrr pge mca cmov pat pse36 clflush dts acpi mmx fxsr sse sse2 ss ht tm pbe syscall nx pdpe1gb rdtscp lm constant_tsc arch_perfmon pebs bts rep_good nopl xtopology nonstop_tsc aperfmperf eagerfpu pni pclmulqdq dtes64 monitor ds_cpl vmx est tm2 ssse3 sdbg fma cx16 xtpr pdcm pcid sse4_1 sse4_2 movbe popcnt tsc_deadline_timer aes xsave avx f16c rdrand lahf_lm abm epb tpr_shadow vnmi flexpriority ept vpid fsgsbase tsc_adjust bmi1 avx2 smep bmi2 erms invpcid xsaveopt dtherm ida arat pln pts
bugs		:
bogomips	: 4789.24
clflush size	: 64
cache_alignment	: 64
address sizes	: 39 bits physical, 48 bits virtual
power management:

processor	: 5
vendor_id	: GenuineIntel
cpu family	: 6
model		: 60
model name	: Intel(R) Core(TM) i7-4700MQ CPU @ 2.40GHz
stepping	: 3
microcode	: 0x16
cpu MHz		: 2866.687
cache size	: 6144 KB
physical id	: 0
siblings	: 8
core id		: 2
cpu cores	: 4
apicid		: 5
initial apicid	: 5
fpu		: yes
fpu_exception	: yes
cpuid level	: 13
wp		: yes
flags		: fpu vme de pse tsc msr pae mce cx8 apic sep mtrr pge mca cmov pat pse36 clflush dts acpi mmx fxsr sse sse2 ss ht tm pbe syscall nx pdpe1gb rdtscp lm constant_tsc arch_perfmon pebs bts rep_good nopl xtopology nonstop_tsc aperfmperf eagerfpu pni pclmulqdq dtes64 monitor ds_cpl vmx est tm2 ssse3 sdbg fma cx16 xtpr pdcm pcid sse4_1 sse4_2 movbe popcnt tsc_deadline_timer aes xsave avx f16c rdrand lahf_lm abm epb tpr_shadow vnmi flexpriority ept vpid fsgsbase tsc_adjust bmi1 avx2 smep bmi2 erms invpcid xsaveopt dtherm ida arat pln pts
bugs		:
bogomips	: 4789.24
clflush size	: 64
cache_alignment	: 64
address sizes	: 39 bits physical, 48 bits virtual
power management:

processor	: 6
vendor_id	: GenuineIntel
cpu family	: 6
model		: 60
model name	: Intel(R) Core(TM) i7-4700MQ CPU @ 2.40GHz
stepping	: 3
microcode	: 0x16
cpu MHz		: 2888.906
cache size	: 6144 KB
physical id	: 0
siblings	: 8
core id		: 3
cpu cores	: 4
apicid		: 6
initial apicid	: 6
fpu		: yes
fpu_exception	: yes
cpuid level	: 13
wp		: yes
flags		: fpu vme de pse tsc msr pae mce cx8 apic sep mtrr pge mca cmov pat pse36 clflush dts acpi mmx fxsr sse sse2 ss ht tm pbe syscall nx pdpe1gb rdtscp lm constant_tsc arch_perfmon pebs bts rep_good nopl xtopology nonstop_tsc aperfmperf eagerfpu pni pclmulqdq dtes64 monitor ds_cpl vmx est tm2 ssse3 sdbg fma cx16 xtpr pdcm pcid sse4_1 sse4_2 movbe popcnt tsc_deadline_timer aes xsave avx f16c rdrand lahf_lm abm epb tpr_shadow vnmi flexpriority ept vpid fsgsbase tsc_adjust bmi1 avx2 smep bmi2 erms invpcid xsaveopt dtherm ida arat pln pts
bugs		:
bogomips	: 4789.24
clflush size	: 64
cache_alignment	: 64
address sizes	: 39 bits physical, 48 bits virtual
power management:

processor	: 7
vendor_id	: GenuineIntel
cpu family	: 6
model		: 60
model name	: Intel(R) Core(TM) i7-4700MQ CPU @ 2.40GHz
stepping	: 3
microcode	: 0x16
cpu MHz		: 2888.906
cache size	: 6144 KB
physical id	: 0
siblings	: 8
core id		: 3
cpu cores	: 4
apicid		: 7
initial apicid	: 7
fpu		: yes
fpu_exception	: yes
cpuid level	: 13
wp		: yes
flags		: fpu vme de pse tsc msr pae mce cx8 apic sep mtrr pge mca cmov pat pse36 clflush dts acpi mmx fxsr sse sse2 ss ht tm pbe syscall nx pdpe1gb rdtscp lm constant_tsc arch_perfmon pebs bts rep_good nopl xtopology nonstop_tsc aperfmperf eagerfpu pni pclmulqdq dtes64 monitor ds_cpl vmx est tm2 ssse3 sdbg fma cx16 xtpr pdcm pcid sse4_1 sse4_2 movbe popcnt tsc_deadline_timer aes xsave avx f16c rdrand lahf_lm abm epb tpr_shadow vnmi flexpriority ept vpid fsgsbase tsc_adjust bmi1 avx2 smep bmi2 erms invpcid xsaveopt dtherm ida arat pln pts
bugs		:
bogomips	: 4789.24
clflush size	: 64
cache_alignment	: 64
address sizes	: 39 bits physical, 48 bits virtual
power management:



Memory: 4k page, physical 8101800k(52688k free), swap 0k(0k free)

vm_info: Java HotSpot(TM) 64-Bit Server VM (25.91-b14) for linux-amd64 JRE (1.8.0_91-b14), built on Apr  1 2016 00:57:21 by "java_re" with gcc 4.3.0 20080428 (Red Hat 4.3.0-8)

time: Sun Aug  7 16:33:15 2016
elapsed time: 5 seconds (0d 0h 0m 5s)

