#
# There is insufficient memory for the Java Runtime Environment to continue.
# Native memory allocation (mmap) failed to map 65011712 bytes for committing reserved memory.
# Possible reasons:
#   The system is out of physical RAM or swap space
#   In 32 bit mode, the process size limit was hit
# Possible solutions:
#   Reduce memory load on the system
#   Increase physical memory or swap space
#   Check if swap backing store is full
#   Use 64 bit Java on a 64 bit OS
#   Decrease Java heap size (-Xmx/-Xms)
#   Decrease number of Java threads
#   Decrease Java thread stack sizes (-Xss)
#   Set larger code cache with -XX:ReservedCodeCacheSize=
# This output file may be truncated or incomplete.
#
#  Out of Memory Error (os_linux.cpp:2627), pid=30142, tid=139841811478272
#
# JRE version: Java(TM) SE Runtime Environment (8.0_91-b14) (build 1.8.0_91-b14)
# Java VM: Java HotSpot(TM) 64-Bit Server VM (25.91-b14 mixed mode linux-amd64 compressed oops)
# Failed to write core dump. Core dumps have been disabled. To enable core dumping, try "ulimit -c unlimited" before starting Java again
#

---------------  T H R E A D  ---------------

Current thread (0x00007f2f9c080000):  VMThread [stack: 0x00007f2f756f7000,0x00007f2f757f8000] [id=30155]

Stack: [0x00007f2f756f7000,0x00007f2f757f8000],  sp=0x00007f2f757f6020,  free space=1020k
Native frames: (J=compiled Java code, j=interpreted, Vv=VM code, C=native code)
V  [libjvm.so+0xabc18a]  VMError::report_and_die()+0x2ba
V  [libjvm.so+0x4fafeb]  report_vm_out_of_memory(char const*, int, unsigned long, VMErrorType, char const*)+0x8b
V  [libjvm.so+0x91cbb3]  os::Linux::commit_memory_impl(char*, unsigned long, bool)+0x103
V  [libjvm.so+0x91d109]  os::pd_commit_memory(char*, unsigned long, unsigned long, bool)+0x29
V  [libjvm.so+0x91740a]  os::commit_memory(char*, unsigned long, unsigned long, bool)+0x2a
V  [libjvm.so+0x98b033]  PSVirtualSpace::expand_by(unsigned long)+0x53
V  [libjvm.so+0x98c438]  PSYoungGen::resize_generation(unsigned long, unsigned long)+0xf8
V  [libjvm.so+0x98b592]  PSYoungGen::resize(unsigned long, unsigned long)+0x22
V  [libjvm.so+0x98886b]  PSScavenge::invoke_no_policy()+0xf3b
V  [libjvm.so+0x988ff1]  PSScavenge::invoke()+0x41
V  [libjvm.so+0x9408b0]  ParallelScavengeHeap::failed_mem_allocate(unsigned long)+0x70
V  [libjvm.so+0xabdba7]  VM_ParallelGCFailedAllocation::doit()+0x97
V  [libjvm.so+0xac55d5]  VM_Operation::evaluate()+0x55
V  [libjvm.so+0xac39aa]  VMThread::evaluate_operation(VM_Operation*)+0xba
V  [libjvm.so+0xac3d2e]  VMThread::loop()+0x1ce
V  [libjvm.so+0xac41a0]  VMThread::run()+0x70
V  [libjvm.so+0x91ef78]  java_start(Thread*)+0x108

VM_Operation (0x00007f2f745b0020): ParallelGCFailedAllocation, mode: safepoint, requested by thread 0x00007f2f9c157800


---------------  P R O C E S S  ---------------

Java Threads: ( => current thread )
  0x00007f2f9c157800 JavaThread "pool-2-thread-4" [_thread_blocked, id=30194, stack(0x00007f2f744b1000,0x00007f2f745b2000)]
  0x00007f2f9c156000 JavaThread "pool-2-thread-3" [_thread_blocked, id=30193, stack(0x00007f2f745b2000,0x00007f2f746b3000)]
  0x00007f2f9c151800 JavaThread "pool-2-thread-2" [_thread_blocked, id=30192, stack(0x00007f2f746b3000,0x00007f2f747b4000)]
  0x00007f2f9c145800 JavaThread "pool-3-thread-1" [_thread_blocked, id=30191, stack(0x00007f2f747b4000,0x00007f2f748b5000)]
  0x00007f2f9c143000 JavaThread "pool-2-thread-1" [_thread_blocked, id=30190, stack(0x00007f2f748b5000,0x00007f2f749b6000)]
  0x00007f2f9c0ca800 JavaThread "Service Thread" daemon [_thread_blocked, id=30164, stack(0x00007f2f74ab7000,0x00007f2f74bb8000)]
  0x00007f2f9c0c7800 JavaThread "C1 CompilerThread3" daemon [_thread_blocked, id=30163, stack(0x00007f2f74bb8000,0x00007f2f74cb9000)]
  0x00007f2f9c0c5800 JavaThread "C2 CompilerThread2" daemon [_thread_blocked, id=30162, stack(0x00007f2f74cb9000,0x00007f2f74dba000)]
  0x00007f2f9c0c4000 JavaThread "C2 CompilerThread1" daemon [_thread_in_native, id=30161, stack(0x00007f2f74dba000,0x00007f2f74ebb000)]
  0x00007f2f9c0c1000 JavaThread "C2 CompilerThread0" daemon [_thread_blocked, id=30160, stack(0x00007f2f74ebb000,0x00007f2f74fbc000)]
  0x00007f2f9c0bf800 JavaThread "Signal Dispatcher" daemon [_thread_blocked, id=30159, stack(0x00007f2f74fbc000,0x00007f2f750bd000)]
  0x00007f2f9c08c800 JavaThread "Finalizer" daemon [_thread_blocked, id=30157, stack(0x00007f2f754f5000,0x00007f2f755f6000)]
  0x00007f2f9c087800 JavaThread "Reference Handler" daemon [_thread_blocked, id=30156, stack(0x00007f2f755f6000,0x00007f2f756f7000)]
  0x00007f2f9c00a000 JavaThread "main" [_thread_blocked, id=30145, stack(0x00007f2fa4ebd000,0x00007f2fa4fbe000)]

Other Threads:
=>0x00007f2f9c080000 VMThread [stack: 0x00007f2f756f7000,0x00007f2f757f8000] [id=30155]
  0x00007f2f9c0cd800 WatcherThread [stack: 0x00007f2f749b6000,0x00007f2f74ab7000] [id=30165]

VM state:at safepoint (normal execution)

VM Mutex/Monitor currently owned by a thread:  ([mutex/lock_event])
[0x00007f2f9c006590] Threads_lock - owner thread: 0x00007f2f9c080000
[0x00007f2f9c006a90] Heap_lock - owner thread: 0x00007f2f9c157800

Heap:
 PSYoungGen      total 68608K, used 5101K [0x00000000eab00000, 0x00000000ef300000, 0x0000000100000000)
  eden space 63488K, 0% used [0x00000000eab00000,0x00000000eab00000,0x00000000ee900000)
  from space 5120K, 99% used [0x00000000ee900000,0x00000000eedfb498,0x00000000eee00000)
  to   space 5120K, 0% used [0x00000000eee00000,0x00000000eee00000,0x00000000ef300000)
 ParOldGen       total 84992K, used 14428K [0x00000000c0000000, 0x00000000c5300000, 0x00000000eab00000)
  object space 84992K, 16% used [0x00000000c0000000,0x00000000c0e170d0,0x00000000c5300000)
 Metaspace       used 5921K, capacity 6896K, committed 7040K, reserved 1056768K
  class space    used 594K, capacity 616K, committed 640K, reserved 1048576K

Card table byte_map: [0x00007f2fa1a72000,0x00007f2fa1c73000] byte_map_base: 0x00007f2fa1472000

Marking Bits: (ParMarkBitMap*) 0x00007f2fa4391d60
 Begin Bits: [0x00007f2f76000000, 0x00007f2f77000000)
 End Bits:   [0x00007f2f77000000, 0x00007f2f78000000)

Polling page: 0x00007f2fa4fe1000

CodeCache: size=245760Kb used=4152Kb max_used=4152Kb free=241607Kb
 bounds [0x00007f2f8d000000, 0x00007f2f8d420000, 0x00007f2f9c000000]
 total_blobs=1425 nmethods=1157 adapters=182
 compilation: enabled

Compilation events (10 events):
Event: 3,487 Thread 0x00007f2f9c0c7800 nmethod 1373 0x00007f2f8d405890 code [0x00007f2f8d405a20, 0x00007f2f8d405d58]
Event: 3,487 Thread 0x00007f2f9c0c7800 1363       2       com.android.dx.ssa.back.FirstFitLocalCombiningAllocator::handleUnassociatedParameters (60 bytes)
Event: 3,488 Thread 0x00007f2f9c0c7800 nmethod 1363 0x00007f2f8d4051d0 code [0x00007f2f8d405360, 0x00007f2f8d405618]
Event: 3,488 Thread 0x00007f2f9c0c7800 1389       2       java.util.TreeMap::fixAfterInsertion (267 bytes)
Event: 3,511 Thread 0x00007f2f9c0c7800 nmethod 1389 0x00007f2f8d40cdd0 code [0x00007f2f8d40d000, 0x00007f2f8d40d878]
Event: 3,511 Thread 0x00007f2f9c0c7800 1410 %     3       com.android.dx.ssa.SsaMethod::indexListFromLabelList @ 20 (47 bytes)
Event: 3,512 Thread 0x00007f2f9c0c7800 nmethod 1410% 0x00007f2f8d40e190 code [0x00007f2f8d40e360, 0x00007f2f8d40ebf8]
Event: 3,512 Thread 0x00007f2f9c0c7800 1415       1       com.android.dx.ssa.MoveParamCombiner$1::visitPhiInsn (1 bytes)
Event: 3,512 Thread 0x00007f2f9c0c7800 nmethod 1415 0x00007f2f8d40eed0 code [0x00007f2f8d40f020, 0x00007f2f8d40f130]
Event: 3,512 Thread 0x00007f2f9c0c7800 1362       2       com.android.dx.ssa.ConstCollector::getConstsSortedByCountUse (386 bytes)

GC Heap History (5 events):
Event: 1,982 GC heap before
{Heap before GC invocations=1 (full 0):
 PSYoungGen      total 36864K, used 31744K [0x00000000eab00000, 0x00000000ed400000, 0x0000000100000000)
  eden space 31744K, 100% used [0x00000000eab00000,0x00000000eca00000,0x00000000eca00000)
  from space 5120K, 0% used [0x00000000ecf00000,0x00000000ecf00000,0x00000000ed400000)
  to   space 5120K, 0% used [0x00000000eca00000,0x00000000eca00000,0x00000000ecf00000)
 ParOldGen       total 84992K, used 0K [0x00000000c0000000, 0x00000000c5300000, 0x00000000eab00000)
  object space 84992K, 0% used [0x00000000c0000000,0x00000000c0000000,0x00000000c5300000)
 Metaspace       used 5773K, capacity 6768K, committed 7040K, reserved 1056768K
  class space    used 591K, capacity 616K, committed 640K, reserved 1048576K
Event: 2,019 GC heap after
Heap after GC invocations=1 (full 0):
 PSYoungGen      total 36864K, used 5106K [0x00000000eab00000, 0x00000000ef300000, 0x0000000100000000)
  eden space 31744K, 0% used [0x00000000eab00000,0x00000000eab00000,0x00000000eca00000)
  from space 5120K, 99% used [0x00000000eca00000,0x00000000ecefc9c8,0x00000000ecf00000)
  to   space 5120K, 0% used [0x00000000eee00000,0x00000000eee00000,0x00000000ef300000)
 ParOldGen       total 84992K, used 1389K [0x00000000c0000000, 0x00000000c5300000, 0x00000000eab00000)
  object space 84992K, 1% used [0x00000000c0000000,0x00000000c015b500,0x00000000c5300000)
 Metaspace       used 5773K, capacity 6768K, committed 7040K, reserved 1056768K
  class space    used 591K, capacity 616K, committed 640K, reserved 1048576K
}
Event: 2,614 GC heap before
{Heap before GC invocations=2 (full 0):
 PSYoungGen      total 36864K, used 36850K [0x00000000eab00000, 0x00000000ef300000, 0x0000000100000000)
  eden space 31744K, 100% used [0x00000000eab00000,0x00000000eca00000,0x00000000eca00000)
  from space 5120K, 99% used [0x00000000eca00000,0x00000000ecefc9c8,0x00000000ecf00000)
  to   space 5120K, 0% used [0x00000000eee00000,0x00000000eee00000,0x00000000ef300000)
 ParOldGen       total 84992K, used 1389K [0x00000000c0000000, 0x00000000c5300000, 0x00000000eab00000)
  object space 84992K, 1% used [0x00000000c0000000,0x00000000c015b500,0x00000000c5300000)
 Metaspace       used 5842K, capacity 6832K, committed 7040K, reserved 1056768K
  class space    used 591K, capacity 616K, committed 640K, reserved 1048576K
Event: 2,660 GC heap after
Heap after GC invocations=2 (full 0):
 PSYoungGen      total 68608K, used 5090K [0x00000000eab00000, 0x00000000ef300000, 0x0000000100000000)
  eden space 63488K, 0% used [0x00000000eab00000,0x00000000eab00000,0x00000000ee900000)
  from space 5120K, 99% used [0x00000000eee00000,0x00000000ef2f89c8,0x00000000ef300000)
  to   space 5120K, 0% used [0x00000000ee900000,0x00000000ee900000,0x00000000eee00000)
 ParOldGen       total 84992K, used 4086K [0x00000000c0000000, 0x00000000c5300000, 0x00000000eab00000)
  object space 84992K, 4% used [0x00000000c0000000,0x00000000c03fdae8,0x00000000c5300000)
 Metaspace       used 5842K, capacity 6832K, committed 7040K, reserved 1056768K
  class space    used 591K, capacity 616K, committed 640K, reserved 1048576K
}
Event: 3,541 GC heap before
{Heap before GC invocations=3 (full 0):
 PSYoungGen      total 68608K, used 68578K [0x00000000eab00000, 0x00000000ef300000, 0x0000000100000000)
  eden space 63488K, 100% used [0x00000000eab00000,0x00000000ee900000,0x00000000ee900000)
  from space 5120K, 99% used [0x00000000eee00000,0x00000000ef2f89c8,0x00000000ef300000)
  to   space 5120K, 0% used [0x00000000ee900000,0x00000000ee900000,0x00000000eee00000)
 ParOldGen       total 84992K, used 4086K [0x00000000c0000000, 0x00000000c5300000, 0x00000000eab00000)
  object space 84992K, 4% used [0x00000000c0000000,0x00000000c03fdae8,0x00000000c5300000)
 Metaspace       used 5921K, capacity 6896K, committed 7040K, reserved 1056768K
  class space    used 594K, capacity 616K, committed 640K, reserved 1048576K

Deoptimization events (6 events):
Event: 0,913 Thread 0x00007f2f9c00a000 Uncommon trap: reason=unstable_if action=reinterpret pc=0x00007f2f8d155d08 method=java.lang.String.indexOf(II)I @ 49
Event: 1,747 Thread 0x00007f2f9c157800 Uncommon trap: reason=unstable_if action=reinterpret pc=0x00007f2f8d20716c method=java.util.BitSet.nextSetBit(I)I @ 87
Event: 1,881 Thread 0x00007f2f9c156000 Uncommon trap: reason=unstable_if action=reinterpret pc=0x00007f2f8d220b38 method=java.util.BitSet.ensureCapacity(I)V @ 6
Event: 2,189 Thread 0x00007f2f9c156000 Uncommon trap: reason=null_check action=make_not_entrant pc=0x00007f2f8d2b3f28 method=com.android.dx.ssa.SsaRenamer.getLocalForNewReg(I)Lcom/android/dx/rop/code/LocalItem; @ 19
Event: 2,290 Thread 0x00007f2f9c143000 Uncommon trap: reason=null_check action=make_not_entrant pc=0x00007f2f8d2e7b34 method=com.android.dx.ssa.SsaRenamer.getLocalForNewReg(I)Lcom/android/dx/rop/code/LocalItem; @ 19
Event: 2,847 Thread 0x00007f2f9c151800 Uncommon trap: reason=unstable_if action=reinterpret pc=0x00007f2f8d33dd5c method=com.android.dx.rop.cst.Constant.compareTo(Lcom/android/dx/rop/cst/Constant;)I @ 12

Internal exceptions (4 events):
Event: 0,188 Thread 0x00007f2f9c00a000 Exception <a 'java/lang/NoSuchMethodError': Method sun.misc.Unsafe.defineClass(Ljava/lang/String;[BII)Ljava/lang/Class; name or signature does not match> (0x00000000eab07cc0) thrown at [/HUDSON/workspace/8-2-build-linux-amd64/jdk8u91/6644/hotspot/src/shar
Event: 0,188 Thread 0x00007f2f9c00a000 Exception <a 'java/lang/NoSuchMethodError': Method sun.misc.Unsafe.prefetchRead(Ljava/lang/Object;J)V name or signature does not match> (0x00000000eab07fa8) thrown at [/HUDSON/workspace/8-2-build-linux-amd64/jdk8u91/6644/hotspot/src/share/vm/prims/jni.cpp
Event: 2,189 Thread 0x00007f2f9c156000 Implicit null exception at 0x00007f2f8d2b0e64 to 0x00007f2f8d2b3ee5
Event: 2,290 Thread 0x00007f2f9c143000 Implicit null exception at 0x00007f2f8d2e4feb to 0x00007f2f8d2e7b11

Events (10 events):
Event: 3,252 Thread 0x00007f2f9c143000 DEOPT UNPACKING pc=0x00007f2f8d047633 sp=0x00007f2f749b3958 mode 0
Event: 3,406 Thread 0x00007f2f9c157800 DEOPT PACKING pc=0x00007f2f8d30428d sp=0x00007f2f745b0120
Event: 3,406 Thread 0x00007f2f9c157800 DEOPT UNPACKING pc=0x00007f2f8d047633 sp=0x00007f2f745afeb0 mode 0
Event: 3,449 Thread 0x00007f2f9c157800 DEOPT PACKING pc=0x00007f2f8d290d87 sp=0x00007f2f745afeb0
Event: 3,449 Thread 0x00007f2f9c157800 DEOPT UNPACKING pc=0x00007f2f8d047633 sp=0x00007f2f745afc18 mode 0
Event: 3,456 Thread 0x00007f2f9c151800 DEOPT PACKING pc=0x00007f2f8d2e4228 sp=0x00007f2f747b2070
Event: 3,456 Thread 0x00007f2f9c151800 DEOPT UNPACKING pc=0x00007f2f8d047633 sp=0x00007f2f747b1dc8 mode 0
Event: 3,471 Thread 0x00007f2f9c00a000 DEOPT PACKING pc=0x00007f2f8d2507a8 sp=0x00007f2fa4fbadc0
Event: 3,472 Thread 0x00007f2f9c00a000 DEOPT UNPACKING pc=0x00007f2f8d047633 sp=0x00007f2fa4fbab00 mode 0
Event: 3,525 Executing VM operation: ParallelGCFailedAllocation


Dynamic libraries:
00400000-00401000 r-xp 00000000 08:01 9839507                            /usr/lib/jvm/java-8-oracle/bin/java
00600000-00601000 rw-p 00000000 08:01 9839507                            /usr/lib/jvm/java-8-oracle/bin/java
01990000-019b1000 rw-p 00000000 00:00 0                                  [heap]
c0000000-c5300000 rw-p 00000000 00:00 0 
c5300000-eab00000 ---p 00000000 00:00 0 
eab00000-ef300000 rw-p 00000000 00:00 0 
f3100000-100000000 ---p 00000000 00:00 0 
100000000-1000a0000 rw-p 00000000 00:00 0 
1000a0000-140000000 ---p 00000000 00:00 0 
7f2f28000000-7f2f28021000 rw-p 00000000 00:00 0 
7f2f28021000-7f2f2c000000 ---p 00000000 00:00 0 
7f2f2c000000-7f2f2c021000 rw-p 00000000 00:00 0 
7f2f2c021000-7f2f30000000 ---p 00000000 00:00 0 
7f2f30000000-7f2f30021000 rw-p 00000000 00:00 0 
7f2f30021000-7f2f34000000 ---p 00000000 00:00 0 
7f2f34000000-7f2f34021000 rw-p 00000000 00:00 0 
7f2f34021000-7f2f38000000 ---p 00000000 00:00 0 
7f2f38000000-7f2f38021000 rw-p 00000000 00:00 0 
7f2f38021000-7f2f3c000000 ---p 00000000 00:00 0 
7f2f3c000000-7f2f3c021000 rw-p 00000000 00:00 0 
7f2f3c021000-7f2f40000000 ---p 00000000 00:00 0 
7f2f40000000-7f2f40693000 rw-p 00000000 00:00 0 
7f2f40693000-7f2f44000000 ---p 00000000 00:00 0 
7f2f44000000-7f2f44021000 rw-p 00000000 00:00 0 
7f2f44021000-7f2f48000000 ---p 00000000 00:00 0 
7f2f48000000-7f2f48611000 rw-p 00000000 00:00 0 
7f2f48611000-7f2f4c000000 ---p 00000000 00:00 0 
7f2f4c000000-7f2f4c6a5000 rw-p 00000000 00:00 0 
7f2f4c6a5000-7f2f50000000 ---p 00000000 00:00 0 
7f2f50000000-7f2f50021000 rw-p 00000000 00:00 0 
7f2f50021000-7f2f54000000 ---p 00000000 00:00 0 
7f2f54000000-7f2f54509000 rw-p 00000000 00:00 0 
7f2f54509000-7f2f58000000 ---p 00000000 00:00 0 
7f2f58000000-7f2f58021000 rw-p 00000000 00:00 0 
7f2f58021000-7f2f5c000000 ---p 00000000 00:00 0 
7f2f5c000000-7f2f5c021000 rw-p 00000000 00:00 0 
7f2f5c021000-7f2f60000000 ---p 00000000 00:00 0 
7f2f60000000-7f2f60021000 rw-p 00000000 00:00 0 
7f2f60021000-7f2f64000000 ---p 00000000 00:00 0 
7f2f64000000-7f2f6428f000 rw-p 00000000 00:00 0 
7f2f6428f000-7f2f68000000 ---p 00000000 00:00 0 
7f2f68000000-7f2f68021000 rw-p 00000000 00:00 0 
7f2f68021000-7f2f6c000000 ---p 00000000 00:00 0 
7f2f70000000-7f2f70021000 rw-p 00000000 00:00 0 
7f2f70021000-7f2f74000000 ---p 00000000 00:00 0 
7f2f744b1000-7f2f744b4000 ---p 00000000 00:00 0 
7f2f744b4000-7f2f745b2000 rw-p 00000000 00:00 0 
7f2f745b2000-7f2f745b5000 ---p 00000000 00:00 0 
7f2f745b5000-7f2f746b3000 rw-p 00000000 00:00 0 
7f2f746b3000-7f2f746b6000 ---p 00000000 00:00 0 
7f2f746b6000-7f2f747b4000 rw-p 00000000 00:00 0 
7f2f747b4000-7f2f747b7000 ---p 00000000 00:00 0 
7f2f747b7000-7f2f748b5000 rw-p 00000000 00:00 0 
7f2f748b5000-7f2f748b8000 ---p 00000000 00:00 0 
7f2f748b8000-7f2f749b6000 rw-p 00000000 00:00 0 
7f2f749b6000-7f2f749b7000 ---p 00000000 00:00 0 
7f2f749b7000-7f2f74ab7000 rw-p 00000000 00:00 0 
7f2f74ab7000-7f2f74aba000 ---p 00000000 00:00 0 
7f2f74aba000-7f2f74bb8000 rw-p 00000000 00:00 0 
7f2f74bb8000-7f2f74bbb000 ---p 00000000 00:00 0 
7f2f74bbb000-7f2f74cb9000 rw-p 00000000 00:00 0 
7f2f74cb9000-7f2f74cbc000 ---p 00000000 00:00 0 
7f2f74cbc000-7f2f74dba000 rw-p 00000000 00:00 0 
7f2f74dba000-7f2f74dbd000 ---p 00000000 00:00 0 
7f2f74dbd000-7f2f74ebb000 rw-p 00000000 00:00 0 
7f2f74ebb000-7f2f74ebe000 ---p 00000000 00:00 0 
7f2f74ebe000-7f2f74fbc000 rw-p 00000000 00:00 0 
7f2f74fbc000-7f2f74fbf000 ---p 00000000 00:00 0 
7f2f74fbf000-7f2f750bd000 rw-p 00000000 00:00 0 
7f2f750bd000-7f2f754f5000 r--p 00000000 08:01 9700768                    /usr/lib/locale/locale-archive
7f2f754f5000-7f2f754f8000 ---p 00000000 00:00 0 
7f2f754f8000-7f2f755f6000 rw-p 00000000 00:00 0 
7f2f755f6000-7f2f755f9000 ---p 00000000 00:00 0 
7f2f755f9000-7f2f756f7000 rw-p 00000000 00:00 0 
7f2f756f7000-7f2f756f8000 ---p 00000000 00:00 0 
7f2f756f8000-7f2f78000000 rw-p 00000000 00:00 0 
7f2f78000000-7f2f78021000 rw-p 00000000 00:00 0 
7f2f78021000-7f2f7c000000 ---p 00000000 00:00 0 
7f2f7c000000-7f2f7c021000 rw-p 00000000 00:00 0 
7f2f7c021000-7f2f80000000 ---p 00000000 00:00 0 
7f2f80000000-7f2f80021000 rw-p 00000000 00:00 0 
7f2f80021000-7f2f84000000 ---p 00000000 00:00 0 
7f2f84000000-7f2f84021000 rw-p 00000000 00:00 0 
7f2f84021000-7f2f88000000 ---p 00000000 00:00 0 
7f2f88000000-7f2f88021000 rw-p 00000000 00:00 0 
7f2f88021000-7f2f8c000000 ---p 00000000 00:00 0 
7f2f8c049000-7f2f8c050000 r--s 00000000 08:01 10092992                   /usr/lib/x86_64-linux-gnu/gconv/gconv-modules.cache
7f2f8c050000-7f2f8c06d000 r--p 00000000 08:01 11012338                   /usr/share/locale-langpack/tr/LC_MESSAGES/libc.mo
7f2f8c06d000-7f2f8d000000 rw-p 00000000 00:00 0 
7f2f8d000000-7f2f8d420000 rwxp 00000000 00:00 0 
7f2f8d420000-7f2f9c000000 ---p 00000000 00:00 0 
7f2f9c000000-7f2f9c39a000 rw-p 00000000 00:00 0 
7f2f9c39a000-7f2fa0000000 ---p 00000000 00:00 0 
7f2fa0000000-7f2fa000d000 r--s 000ab000 08:01 159560                     /home/oguz/.gradle/caches/modules-2/files-2.1/org.springframework/spring-beans/4.3.0.RELEASE/38da647f047779b176a0e2841900abca0196aefb/spring-beans-4.3.0.RELEASE.jar
7f2fa000d000-7f2fa001c000 r--s 000df000 08:01 5246091                    /home/oguz/Android/Sdk/build-tools/23.0.3/lib/dx.jar
7f2fa001c000-7f2fa04c5000 rw-p 00000000 00:00 0 
7f2fa04c5000-7f2fa069e000 r--s 03d1f000 08:01 9967487                    /usr/lib/jvm/java-8-oracle/jre/lib/rt.jar
7f2fa069e000-7f2fa0d54000 rw-p 00000000 00:00 0 
7f2fa0d54000-7f2fa0f14000 ---p 00000000 00:00 0 
7f2fa0f14000-7f2fa1114000 rw-p 00000000 00:00 0 
7f2fa1114000-7f2fa1115000 ---p 00000000 00:00 0 
7f2fa1115000-7f2fa1215000 rw-p 00000000 00:00 0 
7f2fa1215000-7f2fa1216000 ---p 00000000 00:00 0 
7f2fa1216000-7f2fa1316000 rw-p 00000000 00:00 0 
7f2fa1316000-7f2fa1317000 ---p 00000000 00:00 0 
7f2fa1317000-7f2fa1417000 rw-p 00000000 00:00 0 
7f2fa1417000-7f2fa1418000 ---p 00000000 00:00 0 
7f2fa1418000-7f2fa1518000 rw-p 00000000 00:00 0 
7f2fa1518000-7f2fa1519000 ---p 00000000 00:00 0 
7f2fa1519000-7f2fa1619000 rw-p 00000000 00:00 0 
7f2fa1619000-7f2fa161a000 ---p 00000000 00:00 0 
7f2fa161a000-7f2fa171a000 rw-p 00000000 00:00 0 
7f2fa171a000-7f2fa171b000 ---p 00000000 00:00 0 
7f2fa171b000-7f2fa181b000 rw-p 00000000 00:00 0 
7f2fa181b000-7f2fa181c000 ---p 00000000 00:00 0 
7f2fa181c000-7f2fa1946000 rw-p 00000000 00:00 0 
7f2fa1946000-7f2fa1a72000 ---p 00000000 00:00 0 
7f2fa1a72000-7f2fa1a9c000 rw-p 00000000 00:00 0 
7f2fa1a9c000-7f2fa1bc7000 ---p 00000000 00:00 0 
7f2fa1bc7000-7f2fa1bec000 rw-p 00000000 00:00 0 
7f2fa1bec000-7f2fa1c72000 ---p 00000000 00:00 0 
7f2fa1c72000-7f2fa1c84000 rw-p 00000000 00:00 0 
7f2fa1c84000-7f2fa2033000 ---p 00000000 00:00 0 
7f2fa2033000-7f2fa204d000 r-xp 00000000 08:01 10092954                   /usr/lib/jvm/java-8-oracle/jre/lib/amd64/libzip.so
7f2fa204d000-7f2fa224d000 ---p 0001a000 08:01 10092954                   /usr/lib/jvm/java-8-oracle/jre/lib/amd64/libzip.so
7f2fa224d000-7f2fa224e000 rw-p 0001a000 08:01 10092954                   /usr/lib/jvm/java-8-oracle/jre/lib/amd64/libzip.so
7f2fa224e000-7f2fa2259000 r-xp 00000000 08:01 7603299                    /lib/x86_64-linux-gnu/libnss_files-2.23.so
7f2fa2259000-7f2fa2458000 ---p 0000b000 08:01 7603299                    /lib/x86_64-linux-gnu/libnss_files-2.23.so
7f2fa2458000-7f2fa2459000 r--p 0000a000 08:01 7603299                    /lib/x86_64-linux-gnu/libnss_files-2.23.so
7f2fa2459000-7f2fa245a000 rw-p 0000b000 08:01 7603299                    /lib/x86_64-linux-gnu/libnss_files-2.23.so
7f2fa245a000-7f2fa2460000 rw-p 00000000 00:00 0 
7f2fa2460000-7f2fa246b000 r-xp 00000000 08:01 7603296                    /lib/x86_64-linux-gnu/libnss_nis-2.23.so
7f2fa246b000-7f2fa266a000 ---p 0000b000 08:01 7603296                    /lib/x86_64-linux-gnu/libnss_nis-2.23.so
7f2fa266a000-7f2fa266b000 r--p 0000a000 08:01 7603296                    /lib/x86_64-linux-gnu/libnss_nis-2.23.so
7f2fa266b000-7f2fa266c000 rw-p 0000b000 08:01 7603296                    /lib/x86_64-linux-gnu/libnss_nis-2.23.so
7f2fa266c000-7f2fa2682000 r-xp 00000000 08:01 7603294                    /lib/x86_64-linux-gnu/libnsl-2.23.so
7f2fa2682000-7f2fa2882000 ---p 00016000 08:01 7603294                    /lib/x86_64-linux-gnu/libnsl-2.23.so
7f2fa2882000-7f2fa2883000 r--p 00016000 08:01 7603294                    /lib/x86_64-linux-gnu/libnsl-2.23.so
7f2fa2883000-7f2fa2884000 rw-p 00017000 08:01 7603294                    /lib/x86_64-linux-gnu/libnsl-2.23.so
7f2fa2884000-7f2fa2886000 rw-p 00000000 00:00 0 
7f2fa2886000-7f2fa288e000 r-xp 00000000 08:01 7603292                    /lib/x86_64-linux-gnu/libnss_compat-2.23.so
7f2fa288e000-7f2fa2a8d000 ---p 00008000 08:01 7603292                    /lib/x86_64-linux-gnu/libnss_compat-2.23.so
7f2fa2a8d000-7f2fa2a8e000 r--p 00007000 08:01 7603292                    /lib/x86_64-linux-gnu/libnss_compat-2.23.so
7f2fa2a8e000-7f2fa2a8f000 rw-p 00008000 08:01 7603292                    /lib/x86_64-linux-gnu/libnss_compat-2.23.so
7f2fa2a8f000-7f2fa2ab9000 r-xp 00000000 08:01 10092949                   /usr/lib/jvm/java-8-oracle/jre/lib/amd64/libjava.so
7f2fa2ab9000-7f2fa2cb9000 ---p 0002a000 08:01 10092949                   /usr/lib/jvm/java-8-oracle/jre/lib/amd64/libjava.so
7f2fa2cb9000-7f2fa2cbb000 rw-p 0002a000 08:01 10092949                   /usr/lib/jvm/java-8-oracle/jre/lib/amd64/libjava.so
7f2fa2cbb000-7f2fa2cc8000 r-xp 00000000 08:01 10092953                   /usr/lib/jvm/java-8-oracle/jre/lib/amd64/libverify.so
7f2fa2cc8000-7f2fa2ec8000 ---p 0000d000 08:01 10092953                   /usr/lib/jvm/java-8-oracle/jre/lib/amd64/libverify.so
7f2fa2ec8000-7f2fa2eca000 rw-p 0000d000 08:01 10092953                   /usr/lib/jvm/java-8-oracle/jre/lib/amd64/libverify.so
7f2fa2eca000-7f2fa2ed1000 r-xp 00000000 08:01 7603308                    /lib/x86_64-linux-gnu/librt-2.23.so
7f2fa2ed1000-7f2fa30d0000 ---p 00007000 08:01 7603308                    /lib/x86_64-linux-gnu/librt-2.23.so
7f2fa30d0000-7f2fa30d1000 r--p 00006000 08:01 7603308                    /lib/x86_64-linux-gnu/librt-2.23.so
7f2fa30d1000-7f2fa30d2000 rw-p 00007000 08:01 7603308                    /lib/x86_64-linux-gnu/librt-2.23.so
7f2fa30d2000-7f2fa31da000 r-xp 00000000 08:01 7603305                    /lib/x86_64-linux-gnu/libm-2.23.so
7f2fa31da000-7f2fa33d9000 ---p 00108000 08:01 7603305                    /lib/x86_64-linux-gnu/libm-2.23.so
7f2fa33d9000-7f2fa33da000 r--p 00107000 08:01 7603305                    /lib/x86_64-linux-gnu/libm-2.23.so
7f2fa33da000-7f2fa33db000 rw-p 00108000 08:01 7603305                    /lib/x86_64-linux-gnu/libm-2.23.so
7f2fa33db000-7f2fa409b000 r-xp 00000000 08:01 10092932                   /usr/lib/jvm/java-8-oracle/jre/lib/amd64/server/libjvm.so
7f2fa409b000-7f2fa429b000 ---p 00cc0000 08:01 10092932                   /usr/lib/jvm/java-8-oracle/jre/lib/amd64/server/libjvm.so
7f2fa429b000-7f2fa4373000 rw-p 00cc0000 08:01 10092932                   /usr/lib/jvm/java-8-oracle/jre/lib/amd64/server/libjvm.so
7f2fa4373000-7f2fa43be000 rw-p 00000000 00:00 0 
7f2fa43be000-7f2fa457e000 r-xp 00000000 08:01 7603313                    /lib/x86_64-linux-gnu/libc-2.23.so
7f2fa457e000-7f2fa477e000 ---p 001c0000 08:01 7603313                    /lib/x86_64-linux-gnu/libc-2.23.so
7f2fa477e000-7f2fa4782000 r--p 001c0000 08:01 7603313                    /lib/x86_64-linux-gnu/libc-2.23.so
7f2fa4782000-7f2fa4784000 rw-p 001c4000 08:01 7603313                    /lib/x86_64-linux-gnu/libc-2.23.so
7f2fa4784000-7f2fa4788000 rw-p 00000000 00:00 0 
7f2fa4788000-7f2fa478b000 r-xp 00000000 08:01 7603314                    /lib/x86_64-linux-gnu/libdl-2.23.so
7f2fa478b000-7f2fa498a000 ---p 00003000 08:01 7603314                    /lib/x86_64-linux-gnu/libdl-2.23.so
7f2fa498a000-7f2fa498b000 r--p 00002000 08:01 7603314                    /lib/x86_64-linux-gnu/libdl-2.23.so
7f2fa498b000-7f2fa498c000 rw-p 00003000 08:01 7603314                    /lib/x86_64-linux-gnu/libdl-2.23.so
7f2fa498c000-7f2fa49a1000 r-xp 00000000 08:01 9840182                    /usr/lib/jvm/java-8-oracle/lib/amd64/jli/libjli.so
7f2fa49a1000-7f2fa4ba1000 ---p 00015000 08:01 9840182                    /usr/lib/jvm/java-8-oracle/lib/amd64/jli/libjli.so
7f2fa4ba1000-7f2fa4ba2000 rw-p 00015000 08:01 9840182                    /usr/lib/jvm/java-8-oracle/lib/amd64/jli/libjli.so
7f2fa4ba2000-7f2fa4bba000 r-xp 00000000 08:01 7603312                    /lib/x86_64-linux-gnu/libpthread-2.23.so
7f2fa4bba000-7f2fa4db9000 ---p 00018000 08:01 7603312                    /lib/x86_64-linux-gnu/libpthread-2.23.so
7f2fa4db9000-7f2fa4dba000 r--p 00017000 08:01 7603312                    /lib/x86_64-linux-gnu/libpthread-2.23.so
7f2fa4dba000-7f2fa4dbb000 rw-p 00018000 08:01 7603312                    /lib/x86_64-linux-gnu/libpthread-2.23.so
7f2fa4dbb000-7f2fa4dbf000 rw-p 00000000 00:00 0 
7f2fa4dbf000-7f2fa4de5000 r-xp 00000000 08:01 7603309                    /lib/x86_64-linux-gnu/ld-2.23.so
7f2fa4deb000-7f2fa4ebd000 rw-p 00000000 00:00 0 
7f2fa4ebd000-7f2fa4ec0000 ---p 00000000 00:00 0 
7f2fa4ec0000-7f2fa4fc2000 rw-p 00000000 00:00 0 
7f2fa4fc4000-7f2fa4fd8000 rw-p 00000000 00:00 0 
7f2fa4fd8000-7f2fa4fe0000 rw-s 00000000 08:01 133478                     /tmp/hsperfdata_oguz/30142
7f2fa4fe0000-7f2fa4fe1000 rw-p 00000000 00:00 0 
7f2fa4fe1000-7f2fa4fe2000 ---p 00000000 00:00 0 
7f2fa4fe2000-7f2fa4fe4000 rw-p 00000000 00:00 0 
7f2fa4fe4000-7f2fa4fe5000 r--p 00025000 08:01 7603309                    /lib/x86_64-linux-gnu/ld-2.23.so
7f2fa4fe5000-7f2fa4fe6000 rw-p 00026000 08:01 7603309                    /lib/x86_64-linux-gnu/ld-2.23.so
7f2fa4fe6000-7f2fa4fe7000 rw-p 00000000 00:00 0 
7ffe61931000-7ffe61952000 rw-p 00000000 00:00 0                          [stack]
7ffe61981000-7ffe61983000 r--p 00000000 00:00 0                          [vvar]
7ffe61983000-7ffe61985000 r-xp 00000000 00:00 0                          [vdso]
ffffffffff600000-ffffffffff601000 r-xp 00000000 00:00 0                  [vsyscall]

VM Arguments:
jvm_args: -Djava.awt.headless=true -Xmx1024M -Dfile.encoding=UTF-8 -Duser.country=TR -Duser.language=tr -Duser.variant 
java_command: com.android.dx.command.Main --dex --force-jumbo --num-threads=4 --multi-dex --output /home/oguz/AndroidStudioProjects/FomApplication/app/build/intermediates/transforms/dex/debug/folders/1000/10/spring-beans-4.3.0.RELEASE_05a2cbf949fa52df87a9812528a11f6a157fa71d /home/oguz/.gradle/caches/modules-2/files-2.1/org.springframework/spring-beans/4.3.0.RELEASE/38da647f047779b176a0e2841900abca0196aefb/spring-beans-4.3.0.RELEASE.jar
java_class_path (initial): /home/oguz/Android/Sdk/build-tools/23.0.3/lib/dx.jar
Launcher Type: SUN_STANDARD

Environment Variables:
PATH=/usr/local/sbin:/usr/local/bin:/usr/sbin:/usr/bin:/sbin:/bin:/usr/games:/usr/local/games:/snap/bin
LD_LIBRARY_PATH=/home/oguz/Masaüstü/Derleyiciler/android-studio/bin:
SHELL=/bin/bash
DISPLAY=:0

Signal Handlers:
SIGSEGV: [libjvm.so+0xabca10], sa_mask[0]=11111111011111111101111111111110, sa_flags=SA_RESTART|SA_SIGINFO
SIGBUS: [libjvm.so+0xabca10], sa_mask[0]=11111111011111111101111111111110, sa_flags=SA_RESTART|SA_SIGINFO
SIGFPE: [libjvm.so+0x919a20], sa_mask[0]=11111111011111111101111111111110, sa_flags=SA_RESTART|SA_SIGINFO
SIGPIPE: [libjvm.so+0x919a20], sa_mask[0]=11111111011111111101111111111110, sa_flags=SA_RESTART|SA_SIGINFO
SIGXFSZ: [libjvm.so+0x919a20], sa_mask[0]=11111111011111111101111111111110, sa_flags=SA_RESTART|SA_SIGINFO
SIGILL: [libjvm.so+0x919a20], sa_mask[0]=11111111011111111101111111111110, sa_flags=SA_RESTART|SA_SIGINFO
SIGUSR1: SIG_DFL, sa_mask[0]=00000000000000000000000000000000, sa_flags=none
SIGUSR2: [libjvm.so+0x91b050], sa_mask[0]=00100000000000000000000000000000, sa_flags=SA_RESTART|SA_SIGINFO
SIGHUP: [libjvm.so+0x91c450], sa_mask[0]=11111111011111111101111111111110, sa_flags=SA_RESTART|SA_SIGINFO
SIGINT: [libjvm.so+0x91c450], sa_mask[0]=11111111011111111101111111111110, sa_flags=SA_RESTART|SA_SIGINFO
SIGTERM: [libjvm.so+0x91c450], sa_mask[0]=11111111011111111101111111111110, sa_flags=SA_RESTART|SA_SIGINFO
SIGQUIT: [libjvm.so+0x91c450], sa_mask[0]=11111111011111111101111111111110, sa_flags=SA_RESTART|SA_SIGINFO


---------------  S Y S T E M  ---------------

OS:DISTRIB_ID=Ubuntu
DISTRIB_RELEASE=16.04
DISTRIB_CODENAME=xenial
DISTRIB_DESCRIPTION="Ubuntu Xenial Xerus (development branch)"

uname:Linux 4.4.0-22-generic #39-Ubuntu SMP Thu May 5 16:53:32 UTC 2016 x86_64
libc:glibc 2.23 NPTL 2.23 
rlimit: STACK 8192k, CORE 0k, NPROC 31498, NOFILE 65536, AS infinity
load average:9,55 2,86 2,16

/proc/meminfo:
MemTotal:        8101800 kB
MemFree:          109776 kB
MemAvailable:     140228 kB
Buffers:             796 kB
Cached:           451144 kB
SwapCached:            0 kB
Active:          7349612 kB
Inactive:         403004 kB
Active(anon):    7341496 kB
Inactive(anon):   393412 kB
Active(file):       8116 kB
Inactive(file):     9592 kB
Unevictable:          72 kB
Mlocked:              72 kB
SwapTotal:             0 kB
SwapFree:              0 kB
Dirty:              7460 kB
Writeback:            48 kB
AnonPages:       7302684 kB
Mapped:           155352 kB
Shmem:            432592 kB
Slab:             103832 kB
SReclaimable:      49844 kB
SUnreclaim:        53988 kB
KernelStack:       19072 kB
PageTables:        58556 kB
NFS_Unstable:          0 kB
Bounce:                0 kB
WritebackTmp:          0 kB
CommitLimit:     4050900 kB
Committed_AS:   13553248 kB
VmallocTotal:   34359738367 kB
VmallocUsed:           0 kB
VmallocChunk:          0 kB
HardwareCorrupted:     0 kB
AnonHugePages:   4182016 kB
CmaTotal:              0 kB
CmaFree:               0 kB
HugePages_Total:       0
HugePages_Free:        0
HugePages_Rsvd:        0
HugePages_Surp:        0
Hugepagesize:       2048 kB
DirectMap4k:      172800 kB
DirectMap2M:     8142848 kB
DirectMap1G:     1048576 kB


CPU:total 8 (4 cores per cpu, 2 threads per core) family 6 model 60 stepping 3, cmov, cx8, fxsr, mmx, sse, sse2, sse3, ssse3, sse4.1, sse4.2, popcnt, avx, avx2, aes, clmul, erms, lzcnt, ht, tsc, tscinvbit, bmi1, bmi2

/proc/cpuinfo:
processor	: 0
vendor_id	: GenuineIntel
cpu family	: 6
model		: 60
model name	: Intel(R) Core(TM) i7-4700MQ CPU @ 2.40GHz
stepping	: 3
microcode	: 0x16
cpu MHz		: 2999.906
cache size	: 6144 KB
physical id	: 0
siblings	: 8
core id		: 0
cpu cores	: 4
apicid		: 0
initial apicid	: 0
fpu		: yes
fpu_exception	: yes
cpuid level	: 13
wp		: yes
flags		: fpu vme de pse tsc msr pae mce cx8 apic sep mtrr pge mca cmov pat pse36 clflush dts acpi mmx fxsr sse sse2 ss ht tm pbe syscall nx pdpe1gb rdtscp lm constant_tsc arch_perfmon pebs bts rep_good nopl xtopology nonstop_tsc aperfmperf eagerfpu pni pclmulqdq dtes64 monitor ds_cpl vmx est tm2 ssse3 sdbg fma cx16 xtpr pdcm pcid sse4_1 sse4_2 movbe popcnt tsc_deadline_timer aes xsave avx f16c rdrand lahf_lm abm epb tpr_shadow vnmi flexpriority ept vpid fsgsbase tsc_adjust bmi1 avx2 smep bmi2 erms invpcid xsaveopt dtherm ida arat pln pts
bugs		:
bogomips	: 4788.76
clflush size	: 64
cache_alignment	: 64
address sizes	: 39 bits physical, 48 bits virtual
power management:

processor	: 1
vendor_id	: GenuineIntel
cpu family	: 6
model		: 60
model name	: Intel(R) Core(TM) i7-4700MQ CPU @ 2.40GHz
stepping	: 3
microcode	: 0x16
cpu MHz		: 2999.906
cache size	: 6144 KB
physical id	: 0
siblings	: 8
core id		: 0
cpu cores	: 4
apicid		: 1
initial apicid	: 1
fpu		: yes
fpu_exception	: yes
cpuid level	: 13
wp		: yes
flags		: fpu vme de pse tsc msr pae mce cx8 apic sep mtrr pge mca cmov pat pse36 clflush dts acpi mmx fxsr sse sse2 ss ht tm pbe syscall nx pdpe1gb rdtscp lm constant_tsc arch_perfmon pebs bts rep_good nopl xtopology nonstop_tsc aperfmperf eagerfpu pni pclmulqdq dtes64 monitor ds_cpl vmx est tm2 ssse3 sdbg fma cx16 xtpr pdcm pcid sse4_1 sse4_2 movbe popcnt tsc_deadline_timer aes xsave avx f16c rdrand lahf_lm abm epb tpr_shadow vnmi flexpriority ept vpid fsgsbase tsc_adjust bmi1 avx2 smep bmi2 erms invpcid xsaveopt dtherm ida arat pln pts
bugs		:
bogomips	: 4788.76
clflush size	: 64
cache_alignment	: 64
address sizes	: 39 bits physical, 48 bits virtual
power management:

processor	: 2
vendor_id	: GenuineIntel
cpu family	: 6
model		: 60
model name	: Intel(R) Core(TM) i7-4700MQ CPU @ 2.40GHz
stepping	: 3
microcode	: 0x16
cpu MHz		: 3000.000
cache size	: 6144 KB
physical id	: 0
siblings	: 8
core id		: 1
cpu cores	: 4
apicid		: 2
initial apicid	: 2
fpu		: yes
fpu_exception	: yes
cpuid level	: 13
wp		: yes
flags		: fpu vme de pse tsc msr pae mce cx8 apic sep mtrr pge mca cmov pat pse36 clflush dts acpi mmx fxsr sse sse2 ss ht tm pbe syscall nx pdpe1gb rdtscp lm constant_tsc arch_perfmon pebs bts rep_good nopl xtopology nonstop_tsc aperfmperf eagerfpu pni pclmulqdq dtes64 monitor ds_cpl vmx est tm2 ssse3 sdbg fma cx16 xtpr pdcm pcid sse4_1 sse4_2 movbe popcnt tsc_deadline_timer aes xsave avx f16c rdrand lahf_lm abm epb tpr_shadow vnmi flexpriority ept vpid fsgsbase tsc_adjust bmi1 avx2 smep bmi2 erms invpcid xsaveopt dtherm ida arat pln pts
bugs		:
bogomips	: 4788.76
clflush size	: 64
cache_alignment	: 64
address sizes	: 39 bits physical, 48 bits virtual
power management:

processor	: 3
vendor_id	: GenuineIntel
cpu family	: 6
model		: 60
model name	: Intel(R) Core(TM) i7-4700MQ CPU @ 2.40GHz
stepping	: 3
microcode	: 0x16
cpu MHz		: 2999.906
cache size	: 6144 KB
physical id	: 0
siblings	: 8
core id		: 1
cpu cores	: 4
apicid		: 3
initial apicid	: 3
fpu		: yes
fpu_exception	: yes
cpuid level	: 13
wp		: yes
flags		: fpu vme de pse tsc msr pae mce cx8 apic sep mtrr pge mca cmov pat pse36 clflush dts acpi mmx fxsr sse sse2 ss ht tm pbe syscall nx pdpe1gb rdtscp lm constant_tsc arch_perfmon pebs bts rep_good nopl xtopology nonstop_tsc aperfmperf eagerfpu pni pclmulqdq dtes64 monitor ds_cpl vmx est tm2 ssse3 sdbg fma cx16 xtpr pdcm pcid sse4_1 sse4_2 movbe popcnt tsc_deadline_timer aes xsave avx f16c rdrand lahf_lm abm epb tpr_shadow vnmi flexpriority ept vpid fsgsbase tsc_adjust bmi1 avx2 smep bmi2 erms invpcid xsaveopt dtherm ida arat pln pts
bugs		:
bogomips	: 4788.76
clflush size	: 64
cache_alignment	: 64
address sizes	: 39 bits physical, 48 bits virtual
power management:

processor	: 4
vendor_id	: GenuineIntel
cpu family	: 6
model		: 60
model name	: Intel(R) Core(TM) i7-4700MQ CPU @ 2.40GHz
stepping	: 3
microcode	: 0x16
cpu MHz		: 2999.906
cache size	: 6144 KB
physical id	: 0
siblings	: 8
core id		: 2
cpu cores	: 4
apicid		: 4
initial apicid	: 4
fpu		: yes
fpu_exception	: yes
cpuid level	: 13
wp		: yes
flags		: fpu vme de pse tsc msr pae mce cx8 apic sep mtrr pge mca cmov pat pse36 clflush dts acpi mmx fxsr sse sse2 ss ht tm pbe syscall nx pdpe1gb rdtscp lm constant_tsc arch_perfmon pebs bts rep_good nopl xtopology nonstop_tsc aperfmperf eagerfpu pni pclmulqdq dtes64 monitor ds_cpl vmx est tm2 ssse3 sdbg fma cx16 xtpr pdcm pcid sse4_1 sse4_2 movbe popcnt tsc_deadline_timer aes xsave avx f16c rdrand lahf_lm abm epb tpr_shadow vnmi flexpriority ept vpid fsgsbase tsc_adjust bmi1 avx2 smep bmi2 erms invpcid xsaveopt dtherm ida arat pln pts
bugs		:
bogomips	: 4788.76
clflush size	: 64
cache_alignment	: 64
address sizes	: 39 bits physical, 48 bits virtual
power management:

processor	: 5
vendor_id	: GenuineIntel
cpu family	: 6
model		: 60
model name	: Intel(R) Core(TM) i7-4700MQ CPU @ 2.40GHz
stepping	: 3
microcode	: 0x16
cpu MHz		: 3000.000
cache size	: 6144 KB
physical id	: 0
siblings	: 8
core id		: 2
cpu cores	: 4
apicid		: 5
initial apicid	: 5
fpu		: yes
fpu_exception	: yes
cpuid level	: 13
wp		: yes
flags		: fpu vme de pse tsc msr pae mce cx8 apic sep mtrr pge mca cmov pat pse36 clflush dts acpi mmx fxsr sse sse2 ss ht tm pbe syscall nx pdpe1gb rdtscp lm constant_tsc arch_perfmon pebs bts rep_good nopl xtopology nonstop_tsc aperfmperf eagerfpu pni pclmulqdq dtes64 monitor ds_cpl vmx est tm2 ssse3 sdbg fma cx16 xtpr pdcm pcid sse4_1 sse4_2 movbe popcnt tsc_deadline_timer aes xsave avx f16c rdrand lahf_lm abm epb tpr_shadow vnmi flexpriority ept vpid fsgsbase tsc_adjust bmi1 avx2 smep bmi2 erms invpcid xsaveopt dtherm ida arat pln pts
bugs		:
bogomips	: 4788.76
clflush size	: 64
cache_alignment	: 64
address sizes	: 39 bits physical, 48 bits virtual
power management:

processor	: 6
vendor_id	: GenuineIntel
cpu family	: 6
model		: 60
model name	: Intel(R) Core(TM) i7-4700MQ CPU @ 2.40GHz
stepping	: 3
microcode	: 0x16
cpu MHz		: 3000.000
cache size	: 6144 KB
physical id	: 0
siblings	: 8
core id		: 3
cpu cores	: 4
apicid		: 6
initial apicid	: 6
fpu		: yes
fpu_exception	: yes
cpuid level	: 13
wp		: yes
flags		: fpu vme de pse tsc msr pae mce cx8 apic sep mtrr pge mca cmov pat pse36 clflush dts acpi mmx fxsr sse sse2 ss ht tm pbe syscall nx pdpe1gb rdtscp lm constant_tsc arch_perfmon pebs bts rep_good nopl xtopology nonstop_tsc aperfmperf eagerfpu pni pclmulqdq dtes64 monitor ds_cpl vmx est tm2 ssse3 sdbg fma cx16 xtpr pdcm pcid sse4_1 sse4_2 movbe popcnt tsc_deadline_timer aes xsave avx f16c rdrand lahf_lm abm epb tpr_shadow vnmi flexpriority ept vpid fsgsbase tsc_adjust bmi1 avx2 smep bmi2 erms invpcid xsaveopt dtherm ida arat pln pts
bugs		:
bogomips	: 4788.76
clflush size	: 64
cache_alignment	: 64
address sizes	: 39 bits physical, 48 bits virtual
power management:

processor	: 7
vendor_id	: GenuineIntel
cpu family	: 6
model		: 60
model name	: Intel(R) Core(TM) i7-4700MQ CPU @ 2.40GHz
stepping	: 3
microcode	: 0x16
cpu MHz		: 3000.000
cache size	: 6144 KB
physical id	: 0
siblings	: 8
core id		: 3
cpu cores	: 4
apicid		: 7
initial apicid	: 7
fpu		: yes
fpu_exception	: yes
cpuid level	: 13
wp		: yes
flags		: fpu vme de pse tsc msr pae mce cx8 apic sep mtrr pge mca cmov pat pse36 clflush dts acpi mmx fxsr sse sse2 ss ht tm pbe syscall nx pdpe1gb rdtscp lm constant_tsc arch_perfmon pebs bts rep_good nopl xtopology nonstop_tsc aperfmperf eagerfpu pni pclmulqdq dtes64 monitor ds_cpl vmx est tm2 ssse3 sdbg fma cx16 xtpr pdcm pcid sse4_1 sse4_2 movbe popcnt tsc_deadline_timer aes xsave avx f16c rdrand lahf_lm abm epb tpr_shadow vnmi flexpriority ept vpid fsgsbase tsc_adjust bmi1 avx2 smep bmi2 erms invpcid xsaveopt dtherm ida arat pln pts
bugs		:
bogomips	: 4788.76
clflush size	: 64
cache_alignment	: 64
address sizes	: 39 bits physical, 48 bits virtual
power management:



Memory: 4k page, physical 8101800k(109652k free), swap 0k(0k free)

vm_info: Java HotSpot(TM) 64-Bit Server VM (25.91-b14) for linux-amd64 JRE (1.8.0_91-b14), built on Apr  1 2016 00:57:21 by "java_re" with gcc 4.3.0 20080428 (Red Hat 4.3.0-8)

time: Wed Jul 20 13:40:01 2016
elapsed time: 3 seconds (0d 0h 0m 3s)

