#
# There is insufficient memory for the Java Runtime Environment to continue.
# Native memory allocation (mmap) failed to map 173015040 bytes for committing reserved memory.
# Possible reasons:
#   The system is out of physical RAM or swap space
#   In 32 bit mode, the process size limit was hit
# Possible solutions:
#   Reduce memory load on the system
#   Increase physical memory or swap space
#   Check if swap backing store is full
#   Use 64 bit Java on a 64 bit OS
#   Decrease Java heap size (-Xmx/-Xms)
#   Decrease number of Java threads
#   Decrease Java thread stack sizes (-Xss)
#   Set larger code cache with -XX:ReservedCodeCacheSize=
# This output file may be truncated or incomplete.
#
#  Out of Memory Error (os_linux.cpp:2627), pid=16821, tid=139688336058112
#
# JRE version: Java(TM) SE Runtime Environment (8.0_91-b14) (build 1.8.0_91-b14)
# Java VM: Java HotSpot(TM) 64-Bit Server VM (25.91-b14 mixed mode linux-amd64 compressed oops)
# Failed to write core dump. Core dumps have been disabled. To enable core dumping, try "ulimit -c unlimited" before starting Java again
#

---------------  T H R E A D  ---------------

Current thread (0x00007f0bcc080000):  VMThread [stack: 0x00007f0bb9966000,0x00007f0bb9a67000] [id=16834]

Stack: [0x00007f0bb9966000,0x00007f0bb9a67000],  sp=0x00007f0bb9a650a0,  free space=1020k
Native frames: (J=compiled Java code, j=interpreted, Vv=VM code, C=native code)
V  [libjvm.so+0xabc18a]  VMError::report_and_die()+0x2ba
V  [libjvm.so+0x4fafeb]  report_vm_out_of_memory(char const*, int, unsigned long, VMErrorType, char const*)+0x8b
V  [libjvm.so+0x91cbb3]  os::Linux::commit_memory_impl(char*, unsigned long, bool)+0x103
V  [libjvm.so+0x91d109]  os::pd_commit_memory(char*, unsigned long, unsigned long, bool)+0x29
V  [libjvm.so+0x91740a]  os::commit_memory(char*, unsigned long, unsigned long, bool)+0x2a
V  [libjvm.so+0x98b033]  PSVirtualSpace::expand_by(unsigned long)+0x53
V  [libjvm.so+0x98c438]  PSYoungGen::resize_generation(unsigned long, unsigned long)+0xf8
V  [libjvm.so+0x98b592]  PSYoungGen::resize(unsigned long, unsigned long)+0x22
V  [libjvm.so+0x98886b]  PSScavenge::invoke_no_policy()+0xf3b
V  [libjvm.so+0x988ff1]  PSScavenge::invoke()+0x41
V  [libjvm.so+0x9408b0]  ParallelScavengeHeap::failed_mem_allocate(unsigned long)+0x70
V  [libjvm.so+0xabdba7]  VM_ParallelGCFailedAllocation::doit()+0x97
V  [libjvm.so+0xac55d5]  VM_Operation::evaluate()+0x55
V  [libjvm.so+0xac39aa]  VMThread::evaluate_operation(VM_Operation*)+0xba
V  [libjvm.so+0xac3d2e]  VMThread::loop()+0x1ce
V  [libjvm.so+0xac41a0]  VMThread::run()+0x70
V  [libjvm.so+0x91ef78]  java_start(Thread*)+0x108

VM_Operation (0x00007f0bb8a20d30): ParallelGCFailedAllocation, mode: safepoint, requested by thread 0x00007f0bcc157800


---------------  P R O C E S S  ---------------

Java Threads: ( => current thread )
  0x00007f0bcc15c800 JavaThread "pool-1-thread-4" [_thread_blocked, id=16848, stack(0x00007f0bb8720000,0x00007f0bb8821000)]
  0x00007f0bcc159000 JavaThread "pool-1-thread-3" [_thread_blocked, id=16847, stack(0x00007f0bb8821000,0x00007f0bb8922000)]
  0x00007f0bcc157800 JavaThread "pool-1-thread-2" [_thread_blocked, id=16846, stack(0x00007f0bb8922000,0x00007f0bb8a23000)]
  0x00007f0bcc152000 JavaThread "pool-2-thread-1" [_thread_blocked, id=16845, stack(0x00007f0bb8a23000,0x00007f0bb8b24000)]
  0x00007f0bcc12c800 JavaThread "pool-1-thread-1" [_thread_blocked, id=16844, stack(0x00007f0bb8b24000,0x00007f0bb8c25000)]
  0x00007f0bcc0cb800 JavaThread "Service Thread" daemon [_thread_blocked, id=16842, stack(0x00007f0bb8d26000,0x00007f0bb8e27000)]
  0x00007f0bcc0c8800 JavaThread "C1 CompilerThread3" daemon [_thread_blocked, id=16841, stack(0x00007f0bb8e27000,0x00007f0bb8f28000)]
  0x00007f0bcc0c6800 JavaThread "C2 CompilerThread2" daemon [_thread_blocked, id=16840, stack(0x00007f0bb8f28000,0x00007f0bb9029000)]
  0x00007f0bcc0c5000 JavaThread "C2 CompilerThread1" daemon [_thread_blocked, id=16839, stack(0x00007f0bb9029000,0x00007f0bb912a000)]
  0x00007f0bcc0c2000 JavaThread "C2 CompilerThread0" daemon [_thread_blocked, id=16838, stack(0x00007f0bb912a000,0x00007f0bb922b000)]
  0x00007f0bcc0c0800 JavaThread "Signal Dispatcher" daemon [_thread_blocked, id=16837, stack(0x00007f0bb922b000,0x00007f0bb932c000)]
  0x00007f0bcc08c800 JavaThread "Finalizer" daemon [_thread_blocked, id=16836, stack(0x00007f0bb9764000,0x00007f0bb9865000)]
  0x00007f0bcc087800 JavaThread "Reference Handler" daemon [_thread_blocked, id=16835, stack(0x00007f0bb9865000,0x00007f0bb9966000)]
  0x00007f0bcc00a000 JavaThread "main" [_thread_blocked, id=16825, stack(0x00007f0bd50c1000,0x00007f0bd51c2000)]

Other Threads:
=>0x00007f0bcc080000 VMThread [stack: 0x00007f0bb9966000,0x00007f0bb9a67000] [id=16834]
  0x00007f0bcc0ce800 WatcherThread [stack: 0x00007f0bb8c25000,0x00007f0bb8d26000] [id=16843]

VM state:at safepoint (normal execution)

VM Mutex/Monitor currently owned by a thread:  ([mutex/lock_event])
[0x00007f0bcc006550] Threads_lock - owner thread: 0x00007f0bcc080000
[0x00007f0bcc006a50] Heap_lock - owner thread: 0x00007f0bcc157800

Heap:
 PSYoungGen      total 132096K, used 5093K [0x00000000eab00000, 0x00000000f3100000, 0x0000000100000000)
  eden space 126976K, 0% used [0x00000000eab00000,0x00000000eab00000,0x00000000f2700000)
  from space 5120K, 99% used [0x00000000f2700000,0x00000000f2bf9410,0x00000000f2c00000)
  to   space 5120K, 0% used [0x00000000f2c00000,0x00000000f2c00000,0x00000000f3100000)
 ParOldGen       total 84992K, used 44201K [0x00000000c0000000, 0x00000000c5300000, 0x00000000eab00000)
  object space 84992K, 52% used [0x00000000c0000000,0x00000000c2b2a410,0x00000000c5300000)
 Metaspace       used 6211K, capacity 7088K, committed 7296K, reserved 1056768K
  class space    used 593K, capacity 616K, committed 640K, reserved 1048576K

Card table byte_map: [0x00007f0bd1c77000,0x00007f0bd1e78000] byte_map_base: 0x00007f0bd1677000

Marking Bits: (ParMarkBitMap*) 0x00007f0bd4596d60
 Begin Bits: [0x00007f0bbb000000, 0x00007f0bbc000000)
 End Bits:   [0x00007f0bbc000000, 0x00007f0bbd000000)

Polling page: 0x00007f0bd51e6000

CodeCache: size=245760Kb used=5749Kb max_used=5749Kb free=240010Kb
 bounds [0x00007f0bbd000000, 0x00007f0bbd5b0000, 0x00007f0bcc000000]
 total_blobs=1948 nmethods=1681 adapters=181
 compilation: enabled

Compilation events (10 events):
Event: 3.850 Thread 0x00007f0bcc0c8800 nmethod 1881 0x00007f0bbd5a1550 code [0x00007f0bbd5a16a0, 0x00007f0bbd5a17f0]
Event: 3.850 Thread 0x00007f0bcc0c8800 1882       2       sun.util.calendar.CalendarDate::setLeapYear (6 bytes)
Event: 3.850 Thread 0x00007f0bcc0c8800 nmethod 1882 0x00007f0bbd5a1850 code [0x00007f0bbd5a19a0, 0x00007f0bbd5a1af0]
Event: 3.850 Thread 0x00007f0bcc0c8800 1883       2       java.util.TimeZone::getDefaultRef (32 bytes)
Event: 3.851 Thread 0x00007f0bcc0c8800 nmethod 1883 0x00007f0bbd5a1b50 code [0x00007f0bbd5a1cc0, 0x00007f0bbd5a1e28]
Event: 3.851 Thread 0x00007f0bcc0c8800 1884       2       java.util.Date::getTimeImpl (27 bytes)
Event: 3.851 Thread 0x00007f0bcc0c8800 nmethod 1884 0x00007f0bbd5a1ed0 code [0x00007f0bbd5a2040, 0x00007f0bbd5a21e8]
Event: 3.851 Thread 0x00007f0bcc0c8800 1887       2       java.io.FilterInputStream::read (9 bytes)
Event: 3.851 Thread 0x00007f0bcc0c8800 nmethod 1887 0x00007f0bbd5a22d0 code [0x00007f0bbd5a2440, 0x00007f0bbd5a25c8]
Event: 3.896 Thread 0x00007f0bcc0c8800 1904   !   3       com.android.dx.cf.code.Ropper::processBlock (1101 bytes)

GC Heap History (9 events):
Event: 1.838 GC heap before
{Heap before GC invocations=1 (full 0):
 PSYoungGen      total 36864K, used 31744K [0x00000000eab00000, 0x00000000ed400000, 0x0000000100000000)
  eden space 31744K, 100% used [0x00000000eab00000,0x00000000eca00000,0x00000000eca00000)
  from space 5120K, 0% used [0x00000000ecf00000,0x00000000ecf00000,0x00000000ed400000)
  to   space 5120K, 0% used [0x00000000eca00000,0x00000000eca00000,0x00000000ecf00000)
 ParOldGen       total 84992K, used 0K [0x00000000c0000000, 0x00000000c5300000, 0x00000000eab00000)
  object space 84992K, 0% used [0x00000000c0000000,0x00000000c0000000,0x00000000c5300000)
 Metaspace       used 5795K, capacity 6768K, committed 7040K, reserved 1056768K
  class space    used 590K, capacity 616K, committed 640K, reserved 1048576K
Event: 1.898 GC heap after
Heap after GC invocations=1 (full 0):
 PSYoungGen      total 36864K, used 5092K [0x00000000eab00000, 0x00000000ef300000, 0x0000000100000000)
  eden space 31744K, 0% used [0x00000000eab00000,0x00000000eab00000,0x00000000eca00000)
  from space 5120K, 99% used [0x00000000eca00000,0x00000000ecef9258,0x00000000ecf00000)
  to   space 5120K, 0% used [0x00000000eee00000,0x00000000eee00000,0x00000000ef300000)
 ParOldGen       total 84992K, used 1082K [0x00000000c0000000, 0x00000000c5300000, 0x00000000eab00000)
  object space 84992K, 1% used [0x00000000c0000000,0x00000000c010e8d8,0x00000000c5300000)
 Metaspace       used 5795K, capacity 6768K, committed 7040K, reserved 1056768K
  class space    used 590K, capacity 616K, committed 640K, reserved 1048576K
}
Event: 2.215 GC heap before
{Heap before GC invocations=2 (full 0):
 PSYoungGen      total 36864K, used 36836K [0x00000000eab00000, 0x00000000ef300000, 0x0000000100000000)
  eden space 31744K, 100% used [0x00000000eab00000,0x00000000eca00000,0x00000000eca00000)
  from space 5120K, 99% used [0x00000000eca00000,0x00000000ecef9258,0x00000000ecf00000)
  to   space 5120K, 0% used [0x00000000eee00000,0x00000000eee00000,0x00000000ef300000)
 ParOldGen       total 84992K, used 1082K [0x00000000c0000000, 0x00000000c5300000, 0x00000000eab00000)
  object space 84992K, 1% used [0x00000000c0000000,0x00000000c010e8d8,0x00000000c5300000)
 Metaspace       used 5996K, capacity 6960K, committed 7040K, reserved 1056768K
  class space    used 591K, capacity 616K, committed 640K, reserved 1048576K
Event: 2.275 GC heap after
Heap after GC invocations=2 (full 0):
 PSYoungGen      total 68608K, used 5117K [0x00000000eab00000, 0x00000000ef300000, 0x0000000100000000)
  eden space 63488K, 0% used [0x00000000eab00000,0x00000000eab00000,0x00000000ee900000)
  from space 5120K, 99% used [0x00000000eee00000,0x00000000ef2ff6b0,0x00000000ef300000)
  to   space 5120K, 0% used [0x00000000ee900000,0x00000000ee900000,0x00000000eee00000)
 ParOldGen       total 84992K, used 5534K [0x00000000c0000000, 0x00000000c5300000, 0x00000000eab00000)
  object space 84992K, 6% used [0x00000000c0000000,0x00000000c0567848,0x00000000c5300000)
 Metaspace       used 5996K, capacity 6960K, committed 7040K, reserved 1056768K
  class space    used 591K, capacity 616K, committed 640K, reserved 1048576K
}
Event: 2.884 GC heap before
{Heap before GC invocations=3 (full 0):
 PSYoungGen      total 68608K, used 68605K [0x00000000eab00000, 0x00000000ef300000, 0x0000000100000000)
  eden space 63488K, 100% used [0x00000000eab00000,0x00000000ee900000,0x00000000ee900000)
  from space 5120K, 99% used [0x00000000eee00000,0x00000000ef2ff6b0,0x00000000ef300000)
  to   space 5120K, 0% used [0x00000000ee900000,0x00000000ee900000,0x00000000eee00000)
 ParOldGen       total 84992K, used 5534K [0x00000000c0000000, 0x00000000c5300000, 0x00000000eab00000)
  object space 84992K, 6% used [0x00000000c0000000,0x00000000c0567848,0x00000000c5300000)
 Metaspace       used 6031K, capacity 7024K, committed 7296K, reserved 1056768K
  class space    used 593K, capacity 616K, committed 640K, reserved 1048576K
Event: 2.926 GC heap after
Heap after GC invocations=3 (full 0):
 PSYoungGen      total 68608K, used 5094K [0x00000000eab00000, 0x00000000f3100000, 0x0000000100000000)
  eden space 63488K, 0% used [0x00000000eab00000,0x00000000eab00000,0x00000000ee900000)
  from space 5120K, 99% used [0x00000000ee900000,0x00000000eedf9b38,0x00000000eee00000)
  to   space 5120K, 0% used [0x00000000f2c00000,0x00000000f2c00000,0x00000000f3100000)
 ParOldGen       total 84992K, used 15101K [0x00000000c0000000, 0x00000000c5300000, 0x00000000eab00000)
  object space 84992K, 17% used [0x00000000c0000000,0x00000000c0ebf630,0x00000000c5300000)
 Metaspace       used 6031K, capacity 7024K, committed 7296K, reserved 1056768K
  class space    used 593K, capacity 616K, committed 640K, reserved 1048576K
}
Event: 3.217 GC heap before
{Heap before GC invocations=4 (full 0):
 PSYoungGen      total 68608K, used 68582K [0x00000000eab00000, 0x00000000f3100000, 0x0000000100000000)
  eden space 63488K, 100% used [0x00000000eab00000,0x00000000ee900000,0x00000000ee900000)
  from space 5120K, 99% used [0x00000000ee900000,0x00000000eedf9b38,0x00000000eee00000)
  to   space 5120K, 0% used [0x00000000f2c00000,0x00000000f2c00000,0x00000000f3100000)
 ParOldGen       total 84992K, used 15101K [0x00000000c0000000, 0x00000000c5300000, 0x00000000eab00000)
  object space 84992K, 17% used [0x00000000c0000000,0x00000000c0ebf630,0x00000000c5300000)
 Metaspace       used 6084K, capacity 7024K, committed 7296K, reserved 1056768K
  class space    used 593K, capacity 616K, committed 640K, reserved 1048576K
Event: 3.295 GC heap after
Heap after GC invocations=4 (full 0):
 PSYoungGen      total 132096K, used 5104K [0x00000000eab00000, 0x00000000f3100000, 0x0000000100000000)
  eden space 126976K, 0% used [0x00000000eab00000,0x00000000eab00000,0x00000000f2700000)
  from space 5120K, 99% used [0x00000000f2c00000,0x00000000f30fc0d8,0x00000000f3100000)
  to   space 5120K, 0% used [0x00000000f2700000,0x00000000f2700000,0x00000000f2c00000)
 ParOldGen       total 84992K, used 24782K [0x00000000c0000000, 0x00000000c5300000, 0x00000000eab00000)
  object space 84992K, 29% used [0x00000000c0000000,0x00000000c1833af8,0x00000000c5300000)
 Metaspace       used 6084K, capacity 7024K, committed 7296K, reserved 1056768K
  class space    used 593K, capacity 616K, committed 640K, reserved 1048576K
}
Event: 3.899 GC heap before
{Heap before GC invocations=5 (full 0):
 PSYoungGen      total 132096K, used 132080K [0x00000000eab00000, 0x00000000f3100000, 0x0000000100000000)
  eden space 126976K, 100% used [0x00000000eab00000,0x00000000f2700000,0x00000000f2700000)
  from space 5120K, 99% used [0x00000000f2c00000,0x00000000f30fc0d8,0x00000000f3100000)
  to   space 5120K, 0% used [0x00000000f2700000,0x00000000f2700000,0x00000000f2c00000)
 ParOldGen       total 84992K, used 24782K [0x00000000c0000000, 0x00000000c5300000, 0x00000000eab00000)
  object space 84992K, 29% used [0x00000000c0000000,0x00000000c1833af8,0x00000000c5300000)
 Metaspace       used 6211K, capacity 7088K, committed 7296K, reserved 1056768K
  class space    used 593K, capacity 616K, committed 640K, reserved 1048576K

Deoptimization events (10 events):
Event: 2.107 Thread 0x00007f0bcc12c800 Uncommon trap: reason=unstable_if action=reinterpret pc=0x00007f0bbd304e3c method=com.android.dx.ssa.SsaMethod.updateOneDefinition(Lcom/android/dx/ssa/SsaInsn;Lcom/android/dx/rop/code/RegisterSpec;)V @ 4
Event: 2.292 Thread 0x00007f0bcc15c800 Uncommon trap: reason=unstable_if action=reinterpret pc=0x00007f0bbd2b8ed8 method=com.android.dx.ssa.SsaMethod.deleteInsns(Ljava/util/Set;)V @ 130
Event: 2.792 Thread 0x00007f0bcc159000 Uncommon trap: reason=unstable_if action=reinterpret pc=0x00007f0bbd22671c method=com.android.dx.rop.cst.Constant.compareTo(Lcom/android/dx/rop/cst/Constant;)I @ 12
Event: 2.940 Thread 0x00007f0bcc00a000 Uncommon trap: reason=unstable_if action=reinterpret pc=0x00007f0bbd2d37c4 method=com.android.dx.util.IntList.binarysearch(I)I @ 105
Event: 3.332 Thread 0x00007f0bcc157800 Uncommon trap: reason=bimorphic action=maybe_recompile pc=0x00007f0bbd2399dc method=java.util.HashMap.getNode(ILjava/lang/Object;)Ljava/util/HashMap$Node; @ 126
Event: 3.332 Thread 0x00007f0bcc157800 Uncommon trap: reason=bimorphic action=maybe_recompile pc=0x00007f0bbd2399dc method=java.util.HashMap.getNode(ILjava/lang/Object;)Ljava/util/HashMap$Node; @ 126
Event: 3.332 Thread 0x00007f0bcc157800 Uncommon trap: reason=bimorphic action=maybe_recompile pc=0x00007f0bbd2108ac method=java.util.HashMap.getNode(ILjava/lang/Object;)Ljava/util/HashMap$Node; @ 126
Event: 3.332 Thread 0x00007f0bcc157800 Uncommon trap: reason=bimorphic action=maybe_recompile pc=0x00007f0bbd2108ac method=java.util.HashMap.getNode(ILjava/lang/Object;)Ljava/util/HashMap$Node; @ 126
Event: 3.332 Thread 0x00007f0bcc157800 Uncommon trap: reason=bimorphic action=maybe_recompile pc=0x00007f0bbd2399dc method=java.util.HashMap.getNode(ILjava/lang/Object;)Ljava/util/HashMap$Node; @ 126
Event: 3.535 Thread 0x00007f0bcc15c800 Uncommon trap: reason=unstable_if action=reinterpret pc=0x00007f0bbd4f32e4 method=com.android.dx.cf.code.Ropper.addOrReplaceBlock(Lcom/android/dx/rop/code/BasicBlock;Lcom/android/dx/util/IntList;)Z @ 24

Internal exceptions (2 events):
Event: 0.238 Thread 0x00007f0bcc00a000 Exception <a 'java/lang/NoSuchMethodError': Method sun.misc.Unsafe.defineClass(Ljava/lang/String;[BII)Ljava/lang/Class; name or signature does not match> (0x00000000eab07cc0) thrown at [/HUDSON/workspace/8-2-build-linux-amd64/jdk8u91/6644/hotspot/src/shar
Event: 0.238 Thread 0x00007f0bcc00a000 Exception <a 'java/lang/NoSuchMethodError': Method sun.misc.Unsafe.prefetchRead(Ljava/lang/Object;J)V name or signature does not match> (0x00000000eab07fa8) thrown at [/HUDSON/workspace/8-2-build-linux-amd64/jdk8u91/6644/hotspot/src/share/vm/prims/jni.cpp

Events (10 events):
Event: 3.742 Thread 0x00007f0bcc15c800 DEOPT UNPACKING pc=0x00007f0bbd047633 sp=0x00007f0bb881ebe0 mode 0
Event: 3.752 Thread 0x00007f0bcc159000 DEOPT PACKING pc=0x00007f0bbd399e6c sp=0x00007f0bb8920130
Event: 3.752 Thread 0x00007f0bcc159000 DEOPT UNPACKING pc=0x00007f0bbd047633 sp=0x00007f0bb891fe30 mode 0
Event: 3.838 Thread 0x00007f0bcc15c800 DEOPT PACKING pc=0x00007f0bbd399e6c sp=0x00007f0bb881f020
Event: 3.838 Thread 0x00007f0bcc15c800 DEOPT UNPACKING pc=0x00007f0bbd047633 sp=0x00007f0bb881ed20 mode 0
Event: 3.855 Thread 0x00007f0bcc157800 DEOPT PACKING pc=0x00007f0bbd400528 sp=0x00007f0bb8a20d10
Event: 3.855 Thread 0x00007f0bcc157800 DEOPT UNPACKING pc=0x00007f0bbd047633 sp=0x00007f0bb8a20a40 mode 0
Event: 3.889 Thread 0x00007f0bcc15c800 DEOPT PACKING pc=0x00007f0bbd399e6c sp=0x00007f0bb881ef50
Event: 3.889 Thread 0x00007f0bcc15c800 DEOPT UNPACKING pc=0x00007f0bbd047633 sp=0x00007f0bb881ec50 mode 0
Event: 3.899 Executing VM operation: ParallelGCFailedAllocation


Dynamic libraries:
00400000-00401000 r-xp 00000000 08:01 9839507                            /usr/lib/jvm/java-8-oracle/bin/java
00600000-00601000 rw-p 00000000 08:01 9839507                            /usr/lib/jvm/java-8-oracle/bin/java
013f0000-01411000 rw-p 00000000 00:00 0                                  [heap]
c0000000-c5300000 rw-p 00000000 00:00 0 
c5300000-eab00000 ---p 00000000 00:00 0 
eab00000-f3100000 rw-p 00000000 00:00 0 
fd600000-100000000 ---p 00000000 00:00 0 
100000000-1000a0000 rw-p 00000000 00:00 0 
1000a0000-140000000 ---p 00000000 00:00 0 
7f0b5c000000-7f0b5c021000 rw-p 00000000 00:00 0 
7f0b5c021000-7f0b60000000 ---p 00000000 00:00 0 
7f0b60000000-7f0b60021000 rw-p 00000000 00:00 0 
7f0b60021000-7f0b64000000 ---p 00000000 00:00 0 
7f0b64000000-7f0b64021000 rw-p 00000000 00:00 0 
7f0b64021000-7f0b68000000 ---p 00000000 00:00 0 
7f0b68000000-7f0b6802c000 rw-p 00000000 00:00 0 
7f0b6802c000-7f0b6c000000 ---p 00000000 00:00 0 
7f0b6c000000-7f0b6c021000 rw-p 00000000 00:00 0 
7f0b6c021000-7f0b70000000 ---p 00000000 00:00 0 
7f0b70000000-7f0b70032000 rw-p 00000000 00:00 0 
7f0b70032000-7f0b74000000 ---p 00000000 00:00 0 
7f0b74000000-7f0b747b6000 rw-p 00000000 00:00 0 
7f0b747b6000-7f0b78000000 ---p 00000000 00:00 0 
7f0b78000000-7f0b78021000 rw-p 00000000 00:00 0 
7f0b78021000-7f0b7c000000 ---p 00000000 00:00 0 
7f0b7c000000-7f0b7cc1a000 rw-p 00000000 00:00 0 
7f0b7cc1a000-7f0b80000000 ---p 00000000 00:00 0 
7f0b80000000-7f0b80dd1000 rw-p 00000000 00:00 0 
7f0b80dd1000-7f0b84000000 ---p 00000000 00:00 0 
7f0b84000000-7f0b84021000 rw-p 00000000 00:00 0 
7f0b84021000-7f0b88000000 ---p 00000000 00:00 0 
7f0b88000000-7f0b88881000 rw-p 00000000 00:00 0 
7f0b88881000-7f0b8c000000 ---p 00000000 00:00 0 
7f0b8c000000-7f0b8c021000 rw-p 00000000 00:00 0 
7f0b8c021000-7f0b90000000 ---p 00000000 00:00 0 
7f0b90000000-7f0b90021000 rw-p 00000000 00:00 0 
7f0b90021000-7f0b94000000 ---p 00000000 00:00 0 
7f0b94000000-7f0b94021000 rw-p 00000000 00:00 0 
7f0b94021000-7f0b98000000 ---p 00000000 00:00 0 
7f0b98000000-7f0b9828d000 rw-p 00000000 00:00 0 
7f0b9828d000-7f0b9c000000 ---p 00000000 00:00 0 
7f0b9c000000-7f0b9c021000 rw-p 00000000 00:00 0 
7f0b9c021000-7f0ba0000000 ---p 00000000 00:00 0 
7f0ba0000000-7f0ba0021000 rw-p 00000000 00:00 0 
7f0ba0021000-7f0ba4000000 ---p 00000000 00:00 0 
7f0ba4000000-7f0ba4021000 rw-p 00000000 00:00 0 
7f0ba4021000-7f0ba8000000 ---p 00000000 00:00 0 
7f0ba8000000-7f0ba8021000 rw-p 00000000 00:00 0 
7f0ba8021000-7f0bac000000 ---p 00000000 00:00 0 
7f0bac000000-7f0bac021000 rw-p 00000000 00:00 0 
7f0bac021000-7f0bb0000000 ---p 00000000 00:00 0 
7f0bb0000000-7f0bb0021000 rw-p 00000000 00:00 0 
7f0bb0021000-7f0bb4000000 ---p 00000000 00:00 0 
7f0bb4000000-7f0bb4021000 rw-p 00000000 00:00 0 
7f0bb4021000-7f0bb8000000 ---p 00000000 00:00 0 
7f0bb8720000-7f0bb8723000 ---p 00000000 00:00 0 
7f0bb8723000-7f0bb8821000 rw-p 00000000 00:00 0 
7f0bb8821000-7f0bb8824000 ---p 00000000 00:00 0 
7f0bb8824000-7f0bb8922000 rw-p 00000000 00:00 0 
7f0bb8922000-7f0bb8925000 ---p 00000000 00:00 0 
7f0bb8925000-7f0bb8a23000 rw-p 00000000 00:00 0 
7f0bb8a23000-7f0bb8a26000 ---p 00000000 00:00 0 
7f0bb8a26000-7f0bb8b24000 rw-p 00000000 00:00 0 
7f0bb8b24000-7f0bb8b27000 ---p 00000000 00:00 0 
7f0bb8b27000-7f0bb8c25000 rw-p 00000000 00:00 0 
7f0bb8c25000-7f0bb8c26000 ---p 00000000 00:00 0 
7f0bb8c26000-7f0bb8d26000 rw-p 00000000 00:00 0 
7f0bb8d26000-7f0bb8d29000 ---p 00000000 00:00 0 
7f0bb8d29000-7f0bb8e27000 rw-p 00000000 00:00 0 
7f0bb8e27000-7f0bb8e2a000 ---p 00000000 00:00 0 
7f0bb8e2a000-7f0bb8f28000 rw-p 00000000 00:00 0 
7f0bb8f28000-7f0bb8f2b000 ---p 00000000 00:00 0 
7f0bb8f2b000-7f0bb9029000 rw-p 00000000 00:00 0 
7f0bb9029000-7f0bb902c000 ---p 00000000 00:00 0 
7f0bb902c000-7f0bb912a000 rw-p 00000000 00:00 0 
7f0bb912a000-7f0bb912d000 ---p 00000000 00:00 0 
7f0bb912d000-7f0bb922b000 rw-p 00000000 00:00 0 
7f0bb922b000-7f0bb922e000 ---p 00000000 00:00 0 
7f0bb922e000-7f0bb932c000 rw-p 00000000 00:00 0 
7f0bb932c000-7f0bb9764000 r--p 00000000 08:01 9700768                    /usr/lib/locale/locale-archive
7f0bb9764000-7f0bb9767000 ---p 00000000 00:00 0 
7f0bb9767000-7f0bb9865000 rw-p 00000000 00:00 0 
7f0bb9865000-7f0bb9868000 ---p 00000000 00:00 0 
7f0bb9868000-7f0bb9966000 rw-p 00000000 00:00 0 
7f0bb9966000-7f0bb9967000 ---p 00000000 00:00 0 
7f0bb9967000-7f0bbd000000 rw-p 00000000 00:00 0 
7f0bbd000000-7f0bbd5b0000 rwxp 00000000 00:00 0 
7f0bbd5b0000-7f0bcc000000 ---p 00000000 00:00 0 
7f0bcc000000-7f0bcc39f000 rw-p 00000000 00:00 0 
7f0bcc39f000-7f0bd0000000 ---p 00000000 00:00 0 
7f0bd0000000-7f0bd0011000 r--s 000cf000 08:01 159889                     /home/oguz/.gradle/caches/modules-2/files-2.1/com.fasterxml.jackson.core/jackson-databind/2.3.2/c75edc740a6d8cb1cef6fa82fa594e0bce561916/jackson-databind-2.3.2.jar
7f0bd0011000-7f0bd001f000 r--s 000e0000 08:01 5245789                    /home/oguz/Android/Sdk/build-tools/24.0.2/lib/dx.jar
7f0bd001f000-7f0bd06ca000 rw-p 00000000 00:00 0 
7f0bd06ca000-7f0bd08a3000 r--s 03d1f000 08:01 9967487                    /usr/lib/jvm/java-8-oracle/jre/lib/rt.jar
7f0bd08a3000-7f0bd0f99000 rw-p 00000000 00:00 0 
7f0bd0f99000-7f0bd1119000 ---p 00000000 00:00 0 
7f0bd1119000-7f0bd1319000 rw-p 00000000 00:00 0 
7f0bd1319000-7f0bd131a000 ---p 00000000 00:00 0 
7f0bd131a000-7f0bd141a000 rw-p 00000000 00:00 0 
7f0bd141a000-7f0bd141b000 ---p 00000000 00:00 0 
7f0bd141b000-7f0bd151b000 rw-p 00000000 00:00 0 
7f0bd151b000-7f0bd151c000 ---p 00000000 00:00 0 
7f0bd151c000-7f0bd161c000 rw-p 00000000 00:00 0 
7f0bd161c000-7f0bd161d000 ---p 00000000 00:00 0 
7f0bd161d000-7f0bd171d000 rw-p 00000000 00:00 0 
7f0bd171d000-7f0bd171e000 ---p 00000000 00:00 0 
7f0bd171e000-7f0bd181e000 rw-p 00000000 00:00 0 
7f0bd181e000-7f0bd181f000 ---p 00000000 00:00 0 
7f0bd181f000-7f0bd191f000 rw-p 00000000 00:00 0 
7f0bd191f000-7f0bd1920000 ---p 00000000 00:00 0 
7f0bd1920000-7f0bd1a20000 rw-p 00000000 00:00 0 
7f0bd1a20000-7f0bd1a21000 ---p 00000000 00:00 0 
7f0bd1a21000-7f0bd1b4b000 rw-p 00000000 00:00 0 
7f0bd1b4b000-7f0bd1c77000 ---p 00000000 00:00 0 
7f0bd1c77000-7f0bd1ca1000 rw-p 00000000 00:00 0 
7f0bd1ca1000-7f0bd1dcc000 ---p 00000000 00:00 0 
7f0bd1dcc000-7f0bd1e10000 rw-p 00000000 00:00 0 
7f0bd1e10000-7f0bd1e77000 ---p 00000000 00:00 0 
7f0bd1e77000-7f0bd1e8f000 rw-p 00000000 00:00 0 
7f0bd1e8f000-7f0bd2238000 ---p 00000000 00:00 0 
7f0bd2238000-7f0bd2252000 r-xp 00000000 08:01 10092954                   /usr/lib/jvm/java-8-oracle/jre/lib/amd64/libzip.so
7f0bd2252000-7f0bd2452000 ---p 0001a000 08:01 10092954                   /usr/lib/jvm/java-8-oracle/jre/lib/amd64/libzip.so
7f0bd2452000-7f0bd2453000 rw-p 0001a000 08:01 10092954                   /usr/lib/jvm/java-8-oracle/jre/lib/amd64/libzip.so
7f0bd2453000-7f0bd245e000 r-xp 00000000 08:01 7603299                    /lib/x86_64-linux-gnu/libnss_files-2.23.so
7f0bd245e000-7f0bd265d000 ---p 0000b000 08:01 7603299                    /lib/x86_64-linux-gnu/libnss_files-2.23.so
7f0bd265d000-7f0bd265e000 r--p 0000a000 08:01 7603299                    /lib/x86_64-linux-gnu/libnss_files-2.23.so
7f0bd265e000-7f0bd265f000 rw-p 0000b000 08:01 7603299                    /lib/x86_64-linux-gnu/libnss_files-2.23.so
7f0bd265f000-7f0bd2665000 rw-p 00000000 00:00 0 
7f0bd2665000-7f0bd2670000 r-xp 00000000 08:01 7603296                    /lib/x86_64-linux-gnu/libnss_nis-2.23.so
7f0bd2670000-7f0bd286f000 ---p 0000b000 08:01 7603296                    /lib/x86_64-linux-gnu/libnss_nis-2.23.so
7f0bd286f000-7f0bd2870000 r--p 0000a000 08:01 7603296                    /lib/x86_64-linux-gnu/libnss_nis-2.23.so
7f0bd2870000-7f0bd2871000 rw-p 0000b000 08:01 7603296                    /lib/x86_64-linux-gnu/libnss_nis-2.23.so
7f0bd2871000-7f0bd2887000 r-xp 00000000 08:01 7603294                    /lib/x86_64-linux-gnu/libnsl-2.23.so
7f0bd2887000-7f0bd2a87000 ---p 00016000 08:01 7603294                    /lib/x86_64-linux-gnu/libnsl-2.23.so
7f0bd2a87000-7f0bd2a88000 r--p 00016000 08:01 7603294                    /lib/x86_64-linux-gnu/libnsl-2.23.so
7f0bd2a88000-7f0bd2a89000 rw-p 00017000 08:01 7603294                    /lib/x86_64-linux-gnu/libnsl-2.23.so
7f0bd2a89000-7f0bd2a8b000 rw-p 00000000 00:00 0 
7f0bd2a8b000-7f0bd2a93000 r-xp 00000000 08:01 7603292                    /lib/x86_64-linux-gnu/libnss_compat-2.23.so
7f0bd2a93000-7f0bd2c92000 ---p 00008000 08:01 7603292                    /lib/x86_64-linux-gnu/libnss_compat-2.23.so
7f0bd2c92000-7f0bd2c93000 r--p 00007000 08:01 7603292                    /lib/x86_64-linux-gnu/libnss_compat-2.23.so
7f0bd2c93000-7f0bd2c94000 rw-p 00008000 08:01 7603292                    /lib/x86_64-linux-gnu/libnss_compat-2.23.so
7f0bd2c94000-7f0bd2cbe000 r-xp 00000000 08:01 10092949                   /usr/lib/jvm/java-8-oracle/jre/lib/amd64/libjava.so
7f0bd2cbe000-7f0bd2ebe000 ---p 0002a000 08:01 10092949                   /usr/lib/jvm/java-8-oracle/jre/lib/amd64/libjava.so
7f0bd2ebe000-7f0bd2ec0000 rw-p 0002a000 08:01 10092949                   /usr/lib/jvm/java-8-oracle/jre/lib/amd64/libjava.so
7f0bd2ec0000-7f0bd2ecd000 r-xp 00000000 08:01 10092953                   /usr/lib/jvm/java-8-oracle/jre/lib/amd64/libverify.so
7f0bd2ecd000-7f0bd30cd000 ---p 0000d000 08:01 10092953                   /usr/lib/jvm/java-8-oracle/jre/lib/amd64/libverify.so
7f0bd30cd000-7f0bd30cf000 rw-p 0000d000 08:01 10092953                   /usr/lib/jvm/java-8-oracle/jre/lib/amd64/libverify.so
7f0bd30cf000-7f0bd30d6000 r-xp 00000000 08:01 7603308                    /lib/x86_64-linux-gnu/librt-2.23.so
7f0bd30d6000-7f0bd32d5000 ---p 00007000 08:01 7603308                    /lib/x86_64-linux-gnu/librt-2.23.so
7f0bd32d5000-7f0bd32d6000 r--p 00006000 08:01 7603308                    /lib/x86_64-linux-gnu/librt-2.23.so
7f0bd32d6000-7f0bd32d7000 rw-p 00007000 08:01 7603308                    /lib/x86_64-linux-gnu/librt-2.23.so
7f0bd32d7000-7f0bd33df000 r-xp 00000000 08:01 7603305                    /lib/x86_64-linux-gnu/libm-2.23.so
7f0bd33df000-7f0bd35de000 ---p 00108000 08:01 7603305                    /lib/x86_64-linux-gnu/libm-2.23.so
7f0bd35de000-7f0bd35df000 r--p 00107000 08:01 7603305                    /lib/x86_64-linux-gnu/libm-2.23.so
7f0bd35df000-7f0bd35e0000 rw-p 00108000 08:01 7603305                    /lib/x86_64-linux-gnu/libm-2.23.so
7f0bd35e0000-7f0bd42a0000 r-xp 00000000 08:01 10092932                   /usr/lib/jvm/java-8-oracle/jre/lib/amd64/server/libjvm.so
7f0bd42a0000-7f0bd44a0000 ---p 00cc0000 08:01 10092932                   /usr/lib/jvm/java-8-oracle/jre/lib/amd64/server/libjvm.so
7f0bd44a0000-7f0bd4578000 rw-p 00cc0000 08:01 10092932                   /usr/lib/jvm/java-8-oracle/jre/lib/amd64/server/libjvm.so
7f0bd4578000-7f0bd45c3000 rw-p 00000000 00:00 0 
7f0bd45c3000-7f0bd4783000 r-xp 00000000 08:01 7603313                    /lib/x86_64-linux-gnu/libc-2.23.so
7f0bd4783000-7f0bd4983000 ---p 001c0000 08:01 7603313                    /lib/x86_64-linux-gnu/libc-2.23.so
7f0bd4983000-7f0bd4987000 r--p 001c0000 08:01 7603313                    /lib/x86_64-linux-gnu/libc-2.23.so
7f0bd4987000-7f0bd4989000 rw-p 001c4000 08:01 7603313                    /lib/x86_64-linux-gnu/libc-2.23.so
7f0bd4989000-7f0bd498d000 rw-p 00000000 00:00 0 
7f0bd498d000-7f0bd4990000 r-xp 00000000 08:01 7603314                    /lib/x86_64-linux-gnu/libdl-2.23.so
7f0bd4990000-7f0bd4b8f000 ---p 00003000 08:01 7603314                    /lib/x86_64-linux-gnu/libdl-2.23.so
7f0bd4b8f000-7f0bd4b90000 r--p 00002000 08:01 7603314                    /lib/x86_64-linux-gnu/libdl-2.23.so
7f0bd4b90000-7f0bd4b91000 rw-p 00003000 08:01 7603314                    /lib/x86_64-linux-gnu/libdl-2.23.so
7f0bd4b91000-7f0bd4ba6000 r-xp 00000000 08:01 9840182                    /usr/lib/jvm/java-8-oracle/lib/amd64/jli/libjli.so
7f0bd4ba6000-7f0bd4da6000 ---p 00015000 08:01 9840182                    /usr/lib/jvm/java-8-oracle/lib/amd64/jli/libjli.so
7f0bd4da6000-7f0bd4da7000 rw-p 00015000 08:01 9840182                    /usr/lib/jvm/java-8-oracle/lib/amd64/jli/libjli.so
7f0bd4da7000-7f0bd4dbf000 r-xp 00000000 08:01 7603312                    /lib/x86_64-linux-gnu/libpthread-2.23.so
7f0bd4dbf000-7f0bd4fbe000 ---p 00018000 08:01 7603312                    /lib/x86_64-linux-gnu/libpthread-2.23.so
7f0bd4fbe000-7f0bd4fbf000 r--p 00017000 08:01 7603312                    /lib/x86_64-linux-gnu/libpthread-2.23.so
7f0bd4fbf000-7f0bd4fc0000 rw-p 00018000 08:01 7603312                    /lib/x86_64-linux-gnu/libpthread-2.23.so
7f0bd4fc0000-7f0bd4fc4000 rw-p 00000000 00:00 0 
7f0bd4fc4000-7f0bd4fea000 r-xp 00000000 08:01 7603309                    /lib/x86_64-linux-gnu/ld-2.23.so
7f0bd4fef000-7f0bd50c1000 rw-p 00000000 00:00 0 
7f0bd50c1000-7f0bd50c4000 ---p 00000000 00:00 0 
7f0bd50c4000-7f0bd51c6000 rw-p 00000000 00:00 0 
7f0bd51c9000-7f0bd51dd000 rw-p 00000000 00:00 0 
7f0bd51dd000-7f0bd51e5000 rw-s 00000000 08:01 132200                     /tmp/hsperfdata_oguz/16821
7f0bd51e5000-7f0bd51e6000 rw-p 00000000 00:00 0 
7f0bd51e6000-7f0bd51e7000 ---p 00000000 00:00 0 
7f0bd51e7000-7f0bd51e9000 rw-p 00000000 00:00 0 
7f0bd51e9000-7f0bd51ea000 r--p 00025000 08:01 7603309                    /lib/x86_64-linux-gnu/ld-2.23.so
7f0bd51ea000-7f0bd51eb000 rw-p 00026000 08:01 7603309                    /lib/x86_64-linux-gnu/ld-2.23.so
7f0bd51eb000-7f0bd51ec000 rw-p 00000000 00:00 0 
7ffe6424f000-7ffe64270000 rw-p 00000000 00:00 0                          [stack]
7ffe64364000-7ffe64366000 r--p 00000000 00:00 0                          [vvar]
7ffe64366000-7ffe64368000 r-xp 00000000 00:00 0                          [vdso]
ffffffffff600000-ffffffffff601000 r-xp 00000000 00:00 0                  [vsyscall]

VM Arguments:
jvm_args: -Djava.awt.headless=true -Xmx1024M -Dfile.encoding=UTF-8 -Duser.country=TR -Duser.language=tr -Duser.variant 
java_command: com.android.dx.command.Main --dex --force-jumbo --num-threads=4 --output /home/oguz/AndroidStudioProjects/FomApplicationAndroid/app/build/intermediates/pre-dexed/debug/jackson-databind-2.3.2_51c4623ebbbe6b6f2e96a48accc07b8b3796ca57.jar /home/oguz/.gradle/caches/modules-2/files-2.1/com.fasterxml.jackson.core/jackson-databind/2.3.2/c75edc740a6d8cb1cef6fa82fa594e0bce561916/jackson-databind-2.3.2.jar
java_class_path (initial): /home/oguz/Android/Sdk/build-tools/24.0.2/lib/dx.jar
Launcher Type: SUN_STANDARD

Environment Variables:
PATH=/usr/local/sbin:/usr/local/bin:/usr/sbin:/usr/bin:/sbin:/bin:/usr/games:/usr/local/games:/snap/bin
LD_LIBRARY_PATH=/home/oguz/Masaüstü/Derleyiciler/android-studio/bin:
SHELL=/bin/bash
DISPLAY=:0

Signal Handlers:
SIGSEGV: [libjvm.so+0xabca10], sa_mask[0]=11111111011111111101111111111110, sa_flags=SA_RESTART|SA_SIGINFO
SIGBUS: [libjvm.so+0xabca10], sa_mask[0]=11111111011111111101111111111110, sa_flags=SA_RESTART|SA_SIGINFO
SIGFPE: [libjvm.so+0x919a20], sa_mask[0]=11111111011111111101111111111110, sa_flags=SA_RESTART|SA_SIGINFO
SIGPIPE: [libjvm.so+0x919a20], sa_mask[0]=11111111011111111101111111111110, sa_flags=SA_RESTART|SA_SIGINFO
SIGXFSZ: [libjvm.so+0x919a20], sa_mask[0]=11111111011111111101111111111110, sa_flags=SA_RESTART|SA_SIGINFO
SIGILL: [libjvm.so+0x919a20], sa_mask[0]=11111111011111111101111111111110, sa_flags=SA_RESTART|SA_SIGINFO
SIGUSR1: SIG_DFL, sa_mask[0]=00000000000000000000000000000000, sa_flags=none
SIGUSR2: [libjvm.so+0x91b050], sa_mask[0]=00100000000000000000000000000000, sa_flags=SA_RESTART|SA_SIGINFO
SIGHUP: [libjvm.so+0x91c450], sa_mask[0]=11111111011111111101111111111110, sa_flags=SA_RESTART|SA_SIGINFO
SIGINT: [libjvm.so+0x91c450], sa_mask[0]=11111111011111111101111111111110, sa_flags=SA_RESTART|SA_SIGINFO
SIGTERM: [libjvm.so+0x91c450], sa_mask[0]=11111111011111111101111111111110, sa_flags=SA_RESTART|SA_SIGINFO
SIGQUIT: [libjvm.so+0x91c450], sa_mask[0]=11111111011111111101111111111110, sa_flags=SA_RESTART|SA_SIGINFO


---------------  S Y S T E M  ---------------

OS:DISTRIB_ID=Ubuntu
DISTRIB_RELEASE=16.04
DISTRIB_CODENAME=xenial
DISTRIB_DESCRIPTION="Ubuntu Xenial Xerus (development branch)"

uname:Linux 4.4.0-22-generic #39-Ubuntu SMP Thu May 5 16:53:32 UTC 2016 x86_64
libc:glibc 2.23 NPTL 2.23 
rlimit: STACK 8192k, CORE 0k, NPROC 31498, NOFILE 65536, AS infinity
load average:4.16 1.42 1.06

/proc/meminfo:
MemTotal:        8101800 kB
MemFree:           49768 kB
MemAvailable:      88884 kB
Buffers:             732 kB
Cached:           536220 kB
SwapCached:            0 kB
Active:          7336820 kB
Inactive:         485312 kB
Active(anon):    7318116 kB
Inactive(anon):   469212 kB
Active(file):      18704 kB
Inactive(file):    16100 kB
Unevictable:          76 kB
Mlocked:              76 kB
SwapTotal:             0 kB
SwapFree:              0 kB
Dirty:                16 kB
Writeback:            32 kB
AnonPages:       7286024 kB
Mapped:           183528 kB
Shmem:            501380 kB
Slab:             100736 kB
SReclaimable:      46684 kB
SUnreclaim:        54052 kB
KernelStack:       19328 kB
PageTables:        61836 kB
NFS_Unstable:          0 kB
Bounce:                0 kB
WritebackTmp:          0 kB
CommitLimit:     4050900 kB
Committed_AS:   13615864 kB
VmallocTotal:   34359738367 kB
VmallocUsed:           0 kB
VmallocChunk:          0 kB
HardwareCorrupted:     0 kB
AnonHugePages:   4847616 kB
CmaTotal:              0 kB
CmaFree:               0 kB
HugePages_Total:       0
HugePages_Free:        0
HugePages_Rsvd:        0
HugePages_Surp:        0
Hugepagesize:       2048 kB
DirectMap4k:      176896 kB
DirectMap2M:     8138752 kB
DirectMap1G:     1048576 kB


CPU:total 8 (4 cores per cpu, 2 threads per core) family 6 model 60 stepping 3, cmov, cx8, fxsr, mmx, sse, sse2, sse3, ssse3, sse4.1, sse4.2, popcnt, avx, avx2, aes, clmul, erms, lzcnt, ht, tsc, tscinvbit, bmi1, bmi2

/proc/cpuinfo:
processor	: 0
vendor_id	: GenuineIntel
cpu family	: 6
model		: 60
model name	: Intel(R) Core(TM) i7-4700MQ CPU @ 2.40GHz
stepping	: 3
microcode	: 0x16
cpu MHz		: 3199.968
cache size	: 6144 KB
physical id	: 0
siblings	: 8
core id		: 0
cpu cores	: 4
apicid		: 0
initial apicid	: 0
fpu		: yes
fpu_exception	: yes
cpuid level	: 13
wp		: yes
flags		: fpu vme de pse tsc msr pae mce cx8 apic sep mtrr pge mca cmov pat pse36 clflush dts acpi mmx fxsr sse sse2 ss ht tm pbe syscall nx pdpe1gb rdtscp lm constant_tsc arch_perfmon pebs bts rep_good nopl xtopology nonstop_tsc aperfmperf eagerfpu pni pclmulqdq dtes64 monitor ds_cpl vmx est tm2 ssse3 sdbg fma cx16 xtpr pdcm pcid sse4_1 sse4_2 movbe popcnt tsc_deadline_timer aes xsave avx f16c rdrand lahf_lm abm epb tpr_shadow vnmi flexpriority ept vpid fsgsbase tsc_adjust bmi1 avx2 smep bmi2 erms invpcid xsaveopt dtherm ida arat pln pts
bugs		:
bogomips	: 4789.22
clflush size	: 64
cache_alignment	: 64
address sizes	: 39 bits physical, 48 bits virtual
power management:

processor	: 1
vendor_id	: GenuineIntel
cpu family	: 6
model		: 60
model name	: Intel(R) Core(TM) i7-4700MQ CPU @ 2.40GHz
stepping	: 3
microcode	: 0x16
cpu MHz		: 3199.968
cache size	: 6144 KB
physical id	: 0
siblings	: 8
core id		: 0
cpu cores	: 4
apicid		: 1
initial apicid	: 1
fpu		: yes
fpu_exception	: yes
cpuid level	: 13
wp		: yes
flags		: fpu vme de pse tsc msr pae mce cx8 apic sep mtrr pge mca cmov pat pse36 clflush dts acpi mmx fxsr sse sse2 ss ht tm pbe syscall nx pdpe1gb rdtscp lm constant_tsc arch_perfmon pebs bts rep_good nopl xtopology nonstop_tsc aperfmperf eagerfpu pni pclmulqdq dtes64 monitor ds_cpl vmx est tm2 ssse3 sdbg fma cx16 xtpr pdcm pcid sse4_1 sse4_2 movbe popcnt tsc_deadline_timer aes xsave avx f16c rdrand lahf_lm abm epb tpr_shadow vnmi flexpriority ept vpid fsgsbase tsc_adjust bmi1 avx2 smep bmi2 erms invpcid xsaveopt dtherm ida arat pln pts
bugs		:
bogomips	: 4789.22
clflush size	: 64
cache_alignment	: 64
address sizes	: 39 bits physical, 48 bits virtual
power management:

processor	: 2
vendor_id	: GenuineIntel
cpu family	: 6
model		: 60
model name	: Intel(R) Core(TM) i7-4700MQ CPU @ 2.40GHz
stepping	: 3
microcode	: 0x16
cpu MHz		: 3199.968
cache size	: 6144 KB
physical id	: 0
siblings	: 8
core id		: 1
cpu cores	: 4
apicid		: 2
initial apicid	: 2
fpu		: yes
fpu_exception	: yes
cpuid level	: 13
wp		: yes
flags		: fpu vme de pse tsc msr pae mce cx8 apic sep mtrr pge mca cmov pat pse36 clflush dts acpi mmx fxsr sse sse2 ss ht tm pbe syscall nx pdpe1gb rdtscp lm constant_tsc arch_perfmon pebs bts rep_good nopl xtopology nonstop_tsc aperfmperf eagerfpu pni pclmulqdq dtes64 monitor ds_cpl vmx est tm2 ssse3 sdbg fma cx16 xtpr pdcm pcid sse4_1 sse4_2 movbe popcnt tsc_deadline_timer aes xsave avx f16c rdrand lahf_lm abm epb tpr_shadow vnmi flexpriority ept vpid fsgsbase tsc_adjust bmi1 avx2 smep bmi2 erms invpcid xsaveopt dtherm ida arat pln pts
bugs		:
bogomips	: 4789.22
clflush size	: 64
cache_alignment	: 64
address sizes	: 39 bits physical, 48 bits virtual
power management:

processor	: 3
vendor_id	: GenuineIntel
cpu family	: 6
model		: 60
model name	: Intel(R) Core(TM) i7-4700MQ CPU @ 2.40GHz
stepping	: 3
microcode	: 0x16
cpu MHz		: 3199.968
cache size	: 6144 KB
physical id	: 0
siblings	: 8
core id		: 1
cpu cores	: 4
apicid		: 3
initial apicid	: 3
fpu		: yes
fpu_exception	: yes
cpuid level	: 13
wp		: yes
flags		: fpu vme de pse tsc msr pae mce cx8 apic sep mtrr pge mca cmov pat pse36 clflush dts acpi mmx fxsr sse sse2 ss ht tm pbe syscall nx pdpe1gb rdtscp lm constant_tsc arch_perfmon pebs bts rep_good nopl xtopology nonstop_tsc aperfmperf eagerfpu pni pclmulqdq dtes64 monitor ds_cpl vmx est tm2 ssse3 sdbg fma cx16 xtpr pdcm pcid sse4_1 sse4_2 movbe popcnt tsc_deadline_timer aes xsave avx f16c rdrand lahf_lm abm epb tpr_shadow vnmi flexpriority ept vpid fsgsbase tsc_adjust bmi1 avx2 smep bmi2 erms invpcid xsaveopt dtherm ida arat pln pts
bugs		:
bogomips	: 4789.22
clflush size	: 64
cache_alignment	: 64
address sizes	: 39 bits physical, 48 bits virtual
power management:

processor	: 4
vendor_id	: GenuineIntel
cpu family	: 6
model		: 60
model name	: Intel(R) Core(TM) i7-4700MQ CPU @ 2.40GHz
stepping	: 3
microcode	: 0x16
cpu MHz		: 3199.968
cache size	: 6144 KB
physical id	: 0
siblings	: 8
core id		: 2
cpu cores	: 4
apicid		: 4
initial apicid	: 4
fpu		: yes
fpu_exception	: yes
cpuid level	: 13
wp		: yes
flags		: fpu vme de pse tsc msr pae mce cx8 apic sep mtrr pge mca cmov pat pse36 clflush dts acpi mmx fxsr sse sse2 ss ht tm pbe syscall nx pdpe1gb rdtscp lm constant_tsc arch_perfmon pebs bts rep_good nopl xtopology nonstop_tsc aperfmperf eagerfpu pni pclmulqdq dtes64 monitor ds_cpl vmx est tm2 ssse3 sdbg fma cx16 xtpr pdcm pcid sse4_1 sse4_2 movbe popcnt tsc_deadline_timer aes xsave avx f16c rdrand lahf_lm abm epb tpr_shadow vnmi flexpriority ept vpid fsgsbase tsc_adjust bmi1 avx2 smep bmi2 erms invpcid xsaveopt dtherm ida arat pln pts
bugs		:
bogomips	: 4789.22
clflush size	: 64
cache_alignment	: 64
address sizes	: 39 bits physical, 48 bits virtual
power management:

processor	: 5
vendor_id	: GenuineIntel
cpu family	: 6
model		: 60
model name	: Intel(R) Core(TM) i7-4700MQ CPU @ 2.40GHz
stepping	: 3
microcode	: 0x16
cpu MHz		: 3199.968
cache size	: 6144 KB
physical id	: 0
siblings	: 8
core id		: 2
cpu cores	: 4
apicid		: 5
initial apicid	: 5
fpu		: yes
fpu_exception	: yes
cpuid level	: 13
wp		: yes
flags		: fpu vme de pse tsc msr pae mce cx8 apic sep mtrr pge mca cmov pat pse36 clflush dts acpi mmx fxsr sse sse2 ss ht tm pbe syscall nx pdpe1gb rdtscp lm constant_tsc arch_perfmon pebs bts rep_good nopl xtopology nonstop_tsc aperfmperf eagerfpu pni pclmulqdq dtes64 monitor ds_cpl vmx est tm2 ssse3 sdbg fma cx16 xtpr pdcm pcid sse4_1 sse4_2 movbe popcnt tsc_deadline_timer aes xsave avx f16c rdrand lahf_lm abm epb tpr_shadow vnmi flexpriority ept vpid fsgsbase tsc_adjust bmi1 avx2 smep bmi2 erms invpcid xsaveopt dtherm ida arat pln pts
bugs		:
bogomips	: 4789.22
clflush size	: 64
cache_alignment	: 64
address sizes	: 39 bits physical, 48 bits virtual
power management:

processor	: 6
vendor_id	: GenuineIntel
cpu family	: 6
model		: 60
model name	: Intel(R) Core(TM) i7-4700MQ CPU @ 2.40GHz
stepping	: 3
microcode	: 0x16
cpu MHz		: 3199.968
cache size	: 6144 KB
physical id	: 0
siblings	: 8
core id		: 3
cpu cores	: 4
apicid		: 6
initial apicid	: 6
fpu		: yes
fpu_exception	: yes
cpuid level	: 13
wp		: yes
flags		: fpu vme de pse tsc msr pae mce cx8 apic sep mtrr pge mca cmov pat pse36 clflush dts acpi mmx fxsr sse sse2 ss ht tm pbe syscall nx pdpe1gb rdtscp lm constant_tsc arch_perfmon pebs bts rep_good nopl xtopology nonstop_tsc aperfmperf eagerfpu pni pclmulqdq dtes64 monitor ds_cpl vmx est tm2 ssse3 sdbg fma cx16 xtpr pdcm pcid sse4_1 sse4_2 movbe popcnt tsc_deadline_timer aes xsave avx f16c rdrand lahf_lm abm epb tpr_shadow vnmi flexpriority ept vpid fsgsbase tsc_adjust bmi1 avx2 smep bmi2 erms invpcid xsaveopt dtherm ida arat pln pts
bugs		:
bogomips	: 4789.22
clflush size	: 64
cache_alignment	: 64
address sizes	: 39 bits physical, 48 bits virtual
power management:

processor	: 7
vendor_id	: GenuineIntel
cpu family	: 6
model		: 60
model name	: Intel(R) Core(TM) i7-4700MQ CPU @ 2.40GHz
stepping	: 3
microcode	: 0x16
cpu MHz		: 3199.968
cache size	: 6144 KB
physical id	: 0
siblings	: 8
core id		: 3
cpu cores	: 4
apicid		: 7
initial apicid	: 7
fpu		: yes
fpu_exception	: yes
cpuid level	: 13
wp		: yes
flags		: fpu vme de pse tsc msr pae mce cx8 apic sep mtrr pge mca cmov pat pse36 clflush dts acpi mmx fxsr sse sse2 ss ht tm pbe syscall nx pdpe1gb rdtscp lm constant_tsc arch_perfmon pebs bts rep_good nopl xtopology nonstop_tsc aperfmperf eagerfpu pni pclmulqdq dtes64 monitor ds_cpl vmx est tm2 ssse3 sdbg fma cx16 xtpr pdcm pcid sse4_1 sse4_2 movbe popcnt tsc_deadline_timer aes xsave avx f16c rdrand lahf_lm abm epb tpr_shadow vnmi flexpriority ept vpid fsgsbase tsc_adjust bmi1 avx2 smep bmi2 erms invpcid xsaveopt dtherm ida arat pln pts
bugs		:
bogomips	: 4789.22
clflush size	: 64
cache_alignment	: 64
address sizes	: 39 bits physical, 48 bits virtual
power management:



Memory: 4k page, physical 8101800k(49996k free), swap 0k(0k free)

vm_info: Java HotSpot(TM) 64-Bit Server VM (25.91-b14) for linux-amd64 JRE (1.8.0_91-b14), built on Apr  1 2016 00:57:21 by "java_re" with gcc 4.3.0 20080428 (Red Hat 4.3.0-8)

time: Fri Sep  9 14:45:21 2016
elapsed time: 5 seconds (0d 0h 0m 5s)

