#
# There is insufficient memory for the Java Runtime Environment to continue.
# Native memory allocation (mmap) failed to map 174063616 bytes for committing reserved memory.
# Possible reasons:
#   The system is out of physical RAM or swap space
#   In 32 bit mode, the process size limit was hit
# Possible solutions:
#   Reduce memory load on the system
#   Increase physical memory or swap space
#   Check if swap backing store is full
#   Use 64 bit Java on a 64 bit OS
#   Decrease Java heap size (-Xmx/-Xms)
#   Decrease number of Java threads
#   Decrease Java thread stack sizes (-Xss)
#   Set larger code cache with -XX:ReservedCodeCacheSize=
# This output file may be truncated or incomplete.
#
#  Out of Memory Error (os_linux.cpp:2627), pid=18566, tid=140340159796992
#
# JRE version: Java(TM) SE Runtime Environment (8.0_91-b14) (build 1.8.0_91-b14)
# Java VM: Java HotSpot(TM) 64-Bit Server VM (25.91-b14 mixed mode linux-amd64 compressed oops)
# Failed to write core dump. Core dumps have been disabled. To enable core dumping, try "ulimit -c unlimited" before starting Java again
#

---------------  T H R E A D  ---------------

Current thread (0x00007fa3a4080000):  VMThread [stack: 0x00007fa37d4f5000,0x00007fa37d5f6000] [id=18580]

Stack: [0x00007fa37d4f5000,0x00007fa37d5f6000],  sp=0x00007fa37d5f4020,  free space=1020k
Native frames: (J=compiled Java code, j=interpreted, Vv=VM code, C=native code)
V  [libjvm.so+0xabc18a]  VMError::report_and_die()+0x2ba
V  [libjvm.so+0x4fafeb]  report_vm_out_of_memory(char const*, int, unsigned long, VMErrorType, char const*)+0x8b
V  [libjvm.so+0x91cbb3]  os::Linux::commit_memory_impl(char*, unsigned long, bool)+0x103
V  [libjvm.so+0x91d109]  os::pd_commit_memory(char*, unsigned long, unsigned long, bool)+0x29
V  [libjvm.so+0x91740a]  os::commit_memory(char*, unsigned long, unsigned long, bool)+0x2a
V  [libjvm.so+0x98b033]  PSVirtualSpace::expand_by(unsigned long)+0x53
V  [libjvm.so+0x98c438]  PSYoungGen::resize_generation(unsigned long, unsigned long)+0xf8
V  [libjvm.so+0x98b592]  PSYoungGen::resize(unsigned long, unsigned long)+0x22
V  [libjvm.so+0x98886b]  PSScavenge::invoke_no_policy()+0xf3b
V  [libjvm.so+0x988ff1]  PSScavenge::invoke()+0x41
V  [libjvm.so+0x9408b0]  ParallelScavengeHeap::failed_mem_allocate(unsigned long)+0x70
V  [libjvm.so+0xabdba7]  VM_ParallelGCFailedAllocation::doit()+0x97
V  [libjvm.so+0xac55d5]  VM_Operation::evaluate()+0x55
V  [libjvm.so+0xac39aa]  VMThread::evaluate_operation(VM_Operation*)+0xba
V  [libjvm.so+0xac3d2e]  VMThread::loop()+0x1ce
V  [libjvm.so+0xac41a0]  VMThread::run()+0x70
V  [libjvm.so+0x91ef78]  java_start(Thread*)+0x108

VM_Operation (0x00007fa37c3adbb0): ParallelGCFailedAllocation, mode: safepoint, requested by thread 0x00007fa3a414b800


---------------  P R O C E S S  ---------------

Java Threads: ( => current thread )
  0x00007fa3a414b800 JavaThread "pool-2-thread-4" [_thread_blocked, id=18604, stack(0x00007fa37c2af000,0x00007fa37c3b0000)]
  0x00007fa3a414a000 JavaThread "pool-2-thread-3" [_thread_blocked, id=18603, stack(0x00007fa37c3b0000,0x00007fa37c4b1000)]
  0x00007fa3a4145800 JavaThread "pool-2-thread-2" [_thread_blocked, id=18602, stack(0x00007fa37c4b1000,0x00007fa37c5b2000)]
  0x00007fa3a4142800 JavaThread "pool-3-thread-1" [_thread_blocked, id=18601, stack(0x00007fa37c5b2000,0x00007fa37c6b3000)]
  0x00007fa3a4120800 JavaThread "pool-2-thread-1" [_thread_blocked, id=18600, stack(0x00007fa37c6b3000,0x00007fa37c7b4000)]
  0x00007fa3a40cb800 JavaThread "Service Thread" daemon [_thread_blocked, id=18588, stack(0x00007fa37c8b5000,0x00007fa37c9b6000)]
  0x00007fa3a40c8800 JavaThread "C1 CompilerThread3" daemon [_thread_blocked, id=18587, stack(0x00007fa37c9b6000,0x00007fa37cab7000)]
  0x00007fa3a40c6800 JavaThread "C2 CompilerThread2" daemon [_thread_blocked, id=18586, stack(0x00007fa37cab7000,0x00007fa37cbb8000)]
  0x00007fa3a40c5000 JavaThread "C2 CompilerThread1" daemon [_thread_in_native, id=18585, stack(0x00007fa37cbb8000,0x00007fa37ccb9000)]
  0x00007fa3a40c2000 JavaThread "C2 CompilerThread0" daemon [_thread_in_native, id=18584, stack(0x00007fa37ccb9000,0x00007fa37cdba000)]
  0x00007fa3a40c0800 JavaThread "Signal Dispatcher" daemon [_thread_blocked, id=18583, stack(0x00007fa37cdba000,0x00007fa37cebb000)]
  0x00007fa3a408c800 JavaThread "Finalizer" daemon [_thread_blocked, id=18582, stack(0x00007fa37d2f3000,0x00007fa37d3f4000)]
  0x00007fa3a4087800 JavaThread "Reference Handler" daemon [_thread_blocked, id=18581, stack(0x00007fa37d3f4000,0x00007fa37d4f5000)]
  0x00007fa3a400a000 JavaThread "main" [_thread_blocked, id=18571, stack(0x00007fa3acc7b000,0x00007fa3acd7c000)]

Other Threads:
=>0x00007fa3a4080000 VMThread [stack: 0x00007fa37d4f5000,0x00007fa37d5f6000] [id=18580]
  0x00007fa3a40ce800 WatcherThread [stack: 0x00007fa37c7b4000,0x00007fa37c8b5000] [id=18589]

VM state:at safepoint (normal execution)

VM Mutex/Monitor currently owned by a thread:  ([mutex/lock_event])
[0x00007fa3a4006570] Threads_lock - owner thread: 0x00007fa3a4080000
[0x00007fa3a4006a70] Heap_lock - owner thread: 0x00007fa3a414b800

Heap:
 PSYoungGen      total 132096K, used 5098K [0x00000000eab00000, 0x00000000f3100000, 0x0000000100000000)
  eden space 126976K, 0% used [0x00000000eab00000,0x00000000eab00000,0x00000000f2700000)
  from space 5120K, 99% used [0x00000000f2700000,0x00000000f2bfa908,0x00000000f2c00000)
  to   space 5120K, 0% used [0x00000000f2c00000,0x00000000f2c00000,0x00000000f3100000)
 ParOldGen       total 84992K, used 44525K [0x00000000c0000000, 0x00000000c5300000, 0x00000000eab00000)
  object space 84992K, 52% used [0x00000000c0000000,0x00000000c2b7b700,0x00000000c5300000)
 Metaspace       used 6250K, capacity 7152K, committed 7296K, reserved 1056768K
  class space    used 592K, capacity 616K, committed 640K, reserved 1048576K

Card table byte_map: [0x00007fa3a9831000,0x00007fa3a9a32000] byte_map_base: 0x00007fa3a9231000

Marking Bits: (ParMarkBitMap*) 0x00007fa3ac150d60
 Begin Bits: [0x00007fa37e000000, 0x00007fa37f000000)
 End Bits:   [0x00007fa37f000000, 0x00007fa380000000)

Polling page: 0x00007fa3acda0000

CodeCache: size=245760Kb used=5956Kb max_used=5956Kb free=239803Kb
 bounds [0x00007fa395000000, 0x00007fa3955e0000, 0x00007fa3a4000000]
 total_blobs=2075 nmethods=1807 adapters=181
 compilation: enabled

Compilation events (10 events):
Event: 2.860 Thread 0x00007fa3a40c8800 2003   !   2       com.android.dx.dex.cf.CfTranslator::processMethods (583 bytes)
Event: 2.867 Thread 0x00007fa3a40c8800 nmethod 2003 0x00007fa3955ceb90 code [0x00007fa3955cf040, 0x00007fa3955d0688]
Event: 2.875 Thread 0x00007fa3a40c8800 2004       2       java.util.concurrent.ThreadPoolExecutor$Worker::lock (6 bytes)
Event: 2.875 Thread 0x00007fa3a40c8800 nmethod 2004 0x00007fa3955d41d0 code [0x00007fa3955d4360, 0x00007fa3955d45a8]
Event: 2.875 Thread 0x00007fa3a40c8800 2005       2       java.util.concurrent.ThreadPoolExecutor$Worker::tryAcquire (20 bytes)
Event: 2.876 Thread 0x00007fa3a40c8800 nmethod 2005 0x00007fa3955d46d0 code [0x00007fa3955d4820, 0x00007fa3955d49d0]
Event: 2.876 Thread 0x00007fa3a40c8800 2006       2       java.util.concurrent.ThreadPoolExecutor::runStateAtLeast (11 bytes)
Event: 2.876 Thread 0x00007fa3a40c8800 nmethod 2006 0x00007fa3955d4a50 code [0x00007fa3955d4ba0, 0x00007fa3955d4cf0]
Event: 2.876 Thread 0x00007fa3a40c8800 2007       2       java.util.concurrent.ThreadPoolExecutor::beforeExecute (1 bytes)
Event: 2.876 Thread 0x00007fa3a40c8800 nmethod 2007 0x00007fa3955d4d50 code [0x00007fa3955d4ea0, 0x00007fa3955d4ff0]

GC Heap History (9 events):
Event: 0.874 GC heap before
{Heap before GC invocations=1 (full 0):
 PSYoungGen      total 36864K, used 31744K [0x00000000eab00000, 0x00000000ed400000, 0x0000000100000000)
  eden space 31744K, 100% used [0x00000000eab00000,0x00000000eca00000,0x00000000eca00000)
  from space 5120K, 0% used [0x00000000ecf00000,0x00000000ecf00000,0x00000000ed400000)
  to   space 5120K, 0% used [0x00000000eca00000,0x00000000eca00000,0x00000000ecf00000)
 ParOldGen       total 84992K, used 0K [0x00000000c0000000, 0x00000000c5300000, 0x00000000eab00000)
  object space 84992K, 0% used [0x00000000c0000000,0x00000000c0000000,0x00000000c5300000)
 Metaspace       used 5790K, capacity 6768K, committed 7040K, reserved 1056768K
  class space    used 589K, capacity 616K, committed 640K, reserved 1048576K
Event: 0.892 GC heap after
Heap after GC invocations=1 (full 0):
 PSYoungGen      total 36864K, used 5108K [0x00000000eab00000, 0x00000000ef300000, 0x0000000100000000)
  eden space 31744K, 0% used [0x00000000eab00000,0x00000000eab00000,0x00000000eca00000)
  from space 5120K, 99% used [0x00000000eca00000,0x00000000ecefd298,0x00000000ecf00000)
  to   space 5120K, 0% used [0x00000000eee00000,0x00000000eee00000,0x00000000ef300000)
 ParOldGen       total 84992K, used 1093K [0x00000000c0000000, 0x00000000c5300000, 0x00000000eab00000)
  object space 84992K, 1% used [0x00000000c0000000,0x00000000c01114d8,0x00000000c5300000)
 Metaspace       used 5790K, capacity 6768K, committed 7040K, reserved 1056768K
  class space    used 589K, capacity 616K, committed 640K, reserved 1048576K
}
Event: 1.156 GC heap before
{Heap before GC invocations=2 (full 0):
 PSYoungGen      total 36864K, used 36852K [0x00000000eab00000, 0x00000000ef300000, 0x0000000100000000)
  eden space 31744K, 100% used [0x00000000eab00000,0x00000000eca00000,0x00000000eca00000)
  from space 5120K, 99% used [0x00000000eca00000,0x00000000ecefd298,0x00000000ecf00000)
  to   space 5120K, 0% used [0x00000000eee00000,0x00000000eee00000,0x00000000ef300000)
 ParOldGen       total 84992K, used 1093K [0x00000000c0000000, 0x00000000c5300000, 0x00000000eab00000)
  object space 84992K, 1% used [0x00000000c0000000,0x00000000c01114d8,0x00000000c5300000)
 Metaspace       used 5994K, capacity 6960K, committed 7040K, reserved 1056768K
  class space    used 591K, capacity 616K, committed 640K, reserved 1048576K
Event: 1.177 GC heap after
Heap after GC invocations=2 (full 0):
 PSYoungGen      total 68608K, used 5104K [0x00000000eab00000, 0x00000000ef300000, 0x0000000100000000)
  eden space 63488K, 0% used [0x00000000eab00000,0x00000000eab00000,0x00000000ee900000)
  from space 5120K, 99% used [0x00000000eee00000,0x00000000ef2fc118,0x00000000ef300000)
  to   space 5120K, 0% used [0x00000000ee900000,0x00000000ee900000,0x00000000eee00000)
 ParOldGen       total 84992K, used 5709K [0x00000000c0000000, 0x00000000c5300000, 0x00000000eab00000)
  object space 84992K, 6% used [0x00000000c0000000,0x00000000c05935c0,0x00000000c5300000)
 Metaspace       used 5994K, capacity 6960K, committed 7040K, reserved 1056768K
  class space    used 591K, capacity 616K, committed 640K, reserved 1048576K
}
Event: 1.665 GC heap before
{Heap before GC invocations=3 (full 0):
 PSYoungGen      total 68608K, used 68592K [0x00000000eab00000, 0x00000000ef300000, 0x0000000100000000)
  eden space 63488K, 100% used [0x00000000eab00000,0x00000000ee900000,0x00000000ee900000)
  from space 5120K, 99% used [0x00000000eee00000,0x00000000ef2fc118,0x00000000ef300000)
  to   space 5120K, 0% used [0x00000000ee900000,0x00000000ee900000,0x00000000eee00000)
 ParOldGen       total 84992K, used 5709K [0x00000000c0000000, 0x00000000c5300000, 0x00000000eab00000)
  object space 84992K, 6% used [0x00000000c0000000,0x00000000c05935c0,0x00000000c5300000)
 Metaspace       used 6040K, capacity 6960K, committed 7040K, reserved 1056768K
  class space    used 592K, capacity 616K, committed 640K, reserved 1048576K
Event: 1.725 GC heap after
Heap after GC invocations=3 (full 0):
 PSYoungGen      total 68608K, used 5113K [0x00000000eab00000, 0x00000000f3100000, 0x0000000100000000)
  eden space 63488K, 0% used [0x00000000eab00000,0x00000000eab00000,0x00000000ee900000)
  from space 5120K, 99% used [0x00000000ee900000,0x00000000eedfe6e0,0x00000000eee00000)
  to   space 5120K, 0% used [0x00000000f2c00000,0x00000000f2c00000,0x00000000f3100000)
 ParOldGen       total 84992K, used 15100K [0x00000000c0000000, 0x00000000c5300000, 0x00000000eab00000)
  object space 84992K, 17% used [0x00000000c0000000,0x00000000c0ebf3f8,0x00000000c5300000)
 Metaspace       used 6040K, capacity 6960K, committed 7040K, reserved 1056768K
  class space    used 592K, capacity 616K, committed 640K, reserved 1048576K
}
Event: 2.070 GC heap before
{Heap before GC invocations=4 (full 0):
 PSYoungGen      total 68608K, used 68601K [0x00000000eab00000, 0x00000000f3100000, 0x0000000100000000)
  eden space 63488K, 100% used [0x00000000eab00000,0x00000000ee900000,0x00000000ee900000)
  from space 5120K, 99% used [0x00000000ee900000,0x00000000eedfe6e0,0x00000000eee00000)
  to   space 5120K, 0% used [0x00000000f2c00000,0x00000000f2c00000,0x00000000f3100000)
 ParOldGen       total 84992K, used 15100K [0x00000000c0000000, 0x00000000c5300000, 0x00000000eab00000)
  object space 84992K, 17% used [0x00000000c0000000,0x00000000c0ebf3f8,0x00000000c5300000)
 Metaspace       used 6092K, capacity 7024K, committed 7296K, reserved 1056768K
  class space    used 592K, capacity 616K, committed 640K, reserved 1048576K
Event: 2.153 GC heap after
Heap after GC invocations=4 (full 0):
 PSYoungGen      total 132096K, used 5103K [0x00000000eab00000, 0x00000000f3100000, 0x0000000100000000)
  eden space 126976K, 0% used [0x00000000eab00000,0x00000000eab00000,0x00000000f2700000)
  from space 5120K, 99% used [0x00000000f2c00000,0x00000000f30fbf70,0x00000000f3100000)
  to   space 5120K, 0% used [0x00000000f2700000,0x00000000f2700000,0x00000000f2c00000)
 ParOldGen       total 84992K, used 24615K [0x00000000c0000000, 0x00000000c5300000, 0x00000000eab00000)
  object space 84992K, 28% used [0x00000000c0000000,0x00000000c1809f18,0x00000000c5300000)
 Metaspace       used 6092K, capacity 7024K, committed 7296K, reserved 1056768K
  class space    used 592K, capacity 616K, committed 640K, reserved 1048576K
}
Event: 2.884 GC heap before
{Heap before GC invocations=5 (full 0):
 PSYoungGen      total 132096K, used 132079K [0x00000000eab00000, 0x00000000f3100000, 0x0000000100000000)
  eden space 126976K, 100% used [0x00000000eab00000,0x00000000f2700000,0x00000000f2700000)
  from space 5120K, 99% used [0x00000000f2c00000,0x00000000f30fbf70,0x00000000f3100000)
  to   space 5120K, 0% used [0x00000000f2700000,0x00000000f2700000,0x00000000f2c00000)
 ParOldGen       total 84992K, used 24615K [0x00000000c0000000, 0x00000000c5300000, 0x00000000eab00000)
  object space 84992K, 28% used [0x00000000c0000000,0x00000000c1809f18,0x00000000c5300000)
 Metaspace       used 6250K, capacity 7152K, committed 7296K, reserved 1056768K
  class space    used 592K, capacity 616K, committed 640K, reserved 1048576K

Deoptimization events (10 events):
Event: 0.896 Thread 0x00007fa3a400a000 Uncommon trap: reason=unstable_if action=reinterpret pc=0x00007fa3951adb94 method=java.lang.String.<init>([CII)V @ 18
Event: 1.076 Thread 0x00007fa3a4120800 Uncommon trap: reason=unstable_if action=reinterpret pc=0x00007fa3952caf7c method=com.android.dx.ssa.SsaMethod.updateOneDefinition(Lcom/android/dx/ssa/SsaInsn;Lcom/android/dx/rop/code/RegisterSpec;)V @ 4
Event: 1.196 Thread 0x00007fa3a414b800 Uncommon trap: reason=unstable_if action=reinterpret pc=0x00007fa3952a5d2c method=com.android.dx.ssa.SsaMethod.deleteInsns(Ljava/util/Set;)V @ 130
Event: 1.239 Thread 0x00007fa3a414b800 Uncommon trap: reason=null_check action=make_not_entrant pc=0x00007fa39523e5e8 method=com.android.dx.rop.type.Type.equals(Ljava/lang/Object;)Z @ 8
Event: 1.729 Thread 0x00007fa3a400a000 Uncommon trap: reason=unstable_if action=reinterpret pc=0x00007fa3952f9284 method=com.android.dx.util.IntList.binarysearch(I)I @ 105
Event: 2.294 Thread 0x00007fa3a4145800 Uncommon trap: reason=bimorphic action=maybe_recompile pc=0x00007fa39523fa9c method=java.util.HashMap.getNode(ILjava/lang/Object;)Ljava/util/HashMap$Node; @ 126
Event: 2.294 Thread 0x00007fa3a4145800 Uncommon trap: reason=bimorphic action=maybe_recompile pc=0x00007fa39523fa9c method=java.util.HashMap.getNode(ILjava/lang/Object;)Ljava/util/HashMap$Node; @ 126
Event: 2.294 Thread 0x00007fa3a4145800 Uncommon trap: reason=bimorphic action=maybe_recompile pc=0x00007fa39523dbb8 method=java.util.HashMap.getNode(ILjava/lang/Object;)Ljava/util/HashMap$Node; @ 126
Event: 2.295 Thread 0x00007fa3a4145800 Uncommon trap: reason=bimorphic action=maybe_recompile pc=0x00007fa39523dbb8 method=java.util.HashMap.getNode(ILjava/lang/Object;)Ljava/util/HashMap$Node; @ 126
Event: 2.295 Thread 0x00007fa3a4145800 Uncommon trap: reason=bimorphic action=maybe_recompile pc=0x00007fa39523fa9c method=java.util.HashMap.getNode(ILjava/lang/Object;)Ljava/util/HashMap$Node; @ 126

Internal exceptions (3 events):
Event: 0.051 Thread 0x00007fa3a400a000 Exception <a 'java/lang/NoSuchMethodError': Method sun.misc.Unsafe.defineClass(Ljava/lang/String;[BII)Ljava/lang/Class; name or signature does not match> (0x00000000eab07cc0) thrown at [/HUDSON/workspace/8-2-build-linux-amd64/jdk8u91/6644/hotspot/src/shar
Event: 0.051 Thread 0x00007fa3a400a000 Exception <a 'java/lang/NoSuchMethodError': Method sun.misc.Unsafe.prefetchRead(Ljava/lang/Object;J)V name or signature does not match> (0x00000000eab07fa8) thrown at [/HUDSON/workspace/8-2-build-linux-amd64/jdk8u91/6644/hotspot/src/share/vm/prims/jni.cpp
Event: 1.239 Thread 0x00007fa3a414b800 Implicit null exception at 0x00007fa39523e4e2 to 0x00007fa39523e5db

Events (10 events):
Event: 2.688 Thread 0x00007fa3a400a000 DEOPT UNPACKING pc=0x00007fa395047633 sp=0x00007fa3acd79530 mode 0
Event: 2.690 Thread 0x00007fa3a414a000 DEOPT PACKING pc=0x00007fa3953b0727 sp=0x00007fa37c4aea60
Event: 2.690 Thread 0x00007fa3a414a000 DEOPT UNPACKING pc=0x00007fa395047633 sp=0x00007fa37c4ae890 mode 0
Event: 2.726 Thread 0x00007fa3a414a000 DEOPT PACKING pc=0x00007fa3953ae1ec sp=0x00007fa37c4af000
Event: 2.726 Thread 0x00007fa3a414a000 DEOPT UNPACKING pc=0x00007fa395047633 sp=0x00007fa37c4aed00 mode 0
Event: 2.839 Thread 0x00007fa3a4120800 DEOPT PACKING pc=0x00007fa3953b0727 sp=0x00007fa37c7b1e70
Event: 2.839 Thread 0x00007fa3a4120800 DEOPT UNPACKING pc=0x00007fa395047633 sp=0x00007fa37c7b1ca0 mode 0
Event: 2.840 Thread 0x00007fa3a414b800 DEOPT PACKING pc=0x00007fa3953425af sp=0x00007fa37c3ae160
Event: 2.840 Thread 0x00007fa3a414b800 DEOPT UNPACKING pc=0x00007fa395047633 sp=0x00007fa37c3adf20 mode 0
Event: 2.879 Executing VM operation: ParallelGCFailedAllocation


Dynamic libraries:
00400000-00401000 r-xp 00000000 08:01 9839507                            /usr/lib/jvm/java-8-oracle/bin/java
00600000-00601000 rw-p 00000000 08:01 9839507                            /usr/lib/jvm/java-8-oracle/bin/java
0258a000-025ab000 rw-p 00000000 00:00 0                                  [heap]
c0000000-c5300000 rw-p 00000000 00:00 0 
c5300000-eab00000 ---p 00000000 00:00 0 
eab00000-f3100000 rw-p 00000000 00:00 0 
fd700000-100000000 ---p 00000000 00:00 0 
100000000-1000a0000 rw-p 00000000 00:00 0 
1000a0000-140000000 ---p 00000000 00:00 0 
7fa330000000-7fa330021000 rw-p 00000000 00:00 0 
7fa330021000-7fa334000000 ---p 00000000 00:00 0 
7fa338000000-7fa338039000 rw-p 00000000 00:00 0 
7fa338039000-7fa33c000000 ---p 00000000 00:00 0 
7fa33c000000-7fa33c021000 rw-p 00000000 00:00 0 
7fa33c021000-7fa340000000 ---p 00000000 00:00 0 
7fa340000000-7fa34004c000 rw-p 00000000 00:00 0 
7fa34004c000-7fa344000000 ---p 00000000 00:00 0 
7fa344000000-7fa344021000 rw-p 00000000 00:00 0 
7fa344021000-7fa348000000 ---p 00000000 00:00 0 
7fa348000000-7fa348021000 rw-p 00000000 00:00 0 
7fa348021000-7fa34c000000 ---p 00000000 00:00 0 
7fa34c000000-7fa34c021000 rw-p 00000000 00:00 0 
7fa34c021000-7fa350000000 ---p 00000000 00:00 0 
7fa350000000-7fa350795000 rw-p 00000000 00:00 0 
7fa350795000-7fa354000000 ---p 00000000 00:00 0 
7fa354000000-7fa354a48000 rw-p 00000000 00:00 0 
7fa354a48000-7fa358000000 ---p 00000000 00:00 0 
7fa358000000-7fa358e35000 rw-p 00000000 00:00 0 
7fa358e35000-7fa35c000000 ---p 00000000 00:00 0 
7fa35c000000-7fa35ced8000 rw-p 00000000 00:00 0 
7fa35ced8000-7fa360000000 ---p 00000000 00:00 0 
7fa360000000-7fa360021000 rw-p 00000000 00:00 0 
7fa360021000-7fa364000000 ---p 00000000 00:00 0 
7fa364000000-7fa364021000 rw-p 00000000 00:00 0 
7fa364021000-7fa368000000 ---p 00000000 00:00 0 
7fa368000000-7fa36828d000 rw-p 00000000 00:00 0 
7fa36828d000-7fa36c000000 ---p 00000000 00:00 0 
7fa36c000000-7fa36c021000 rw-p 00000000 00:00 0 
7fa36c021000-7fa370000000 ---p 00000000 00:00 0 
7fa370000000-7fa370021000 rw-p 00000000 00:00 0 
7fa370021000-7fa374000000 ---p 00000000 00:00 0 
7fa374000000-7fa374021000 rw-p 00000000 00:00 0 
7fa374021000-7fa378000000 ---p 00000000 00:00 0 
7fa378000000-7fa378021000 rw-p 00000000 00:00 0 
7fa378021000-7fa37c000000 ---p 00000000 00:00 0 
7fa37c2af000-7fa37c2b2000 ---p 00000000 00:00 0 
7fa37c2b2000-7fa37c3b0000 rw-p 00000000 00:00 0 
7fa37c3b0000-7fa37c3b3000 ---p 00000000 00:00 0 
7fa37c3b3000-7fa37c4b1000 rw-p 00000000 00:00 0 
7fa37c4b1000-7fa37c4b4000 ---p 00000000 00:00 0 
7fa37c4b4000-7fa37c5b2000 rw-p 00000000 00:00 0 
7fa37c5b2000-7fa37c5b5000 ---p 00000000 00:00 0 
7fa37c5b5000-7fa37c6b3000 rw-p 00000000 00:00 0 
7fa37c6b3000-7fa37c6b6000 ---p 00000000 00:00 0 
7fa37c6b6000-7fa37c7b4000 rw-p 00000000 00:00 0 
7fa37c7b4000-7fa37c7b5000 ---p 00000000 00:00 0 
7fa37c7b5000-7fa37c8b5000 rw-p 00000000 00:00 0 
7fa37c8b5000-7fa37c8b8000 ---p 00000000 00:00 0 
7fa37c8b8000-7fa37c9b6000 rw-p 00000000 00:00 0 
7fa37c9b6000-7fa37c9b9000 ---p 00000000 00:00 0 
7fa37c9b9000-7fa37cab7000 rw-p 00000000 00:00 0 
7fa37cab7000-7fa37caba000 ---p 00000000 00:00 0 
7fa37caba000-7fa37cbb8000 rw-p 00000000 00:00 0 
7fa37cbb8000-7fa37cbbb000 ---p 00000000 00:00 0 
7fa37cbbb000-7fa37ccb9000 rw-p 00000000 00:00 0 
7fa37ccb9000-7fa37ccbc000 ---p 00000000 00:00 0 
7fa37ccbc000-7fa37cdba000 rw-p 00000000 00:00 0 
7fa37cdba000-7fa37cdbd000 ---p 00000000 00:00 0 
7fa37cdbd000-7fa37cebb000 rw-p 00000000 00:00 0 
7fa37cebb000-7fa37d2f3000 r--p 00000000 08:01 9700768                    /usr/lib/locale/locale-archive
7fa37d2f3000-7fa37d2f6000 ---p 00000000 00:00 0 
7fa37d2f6000-7fa37d3f4000 rw-p 00000000 00:00 0 
7fa37d3f4000-7fa37d3f7000 ---p 00000000 00:00 0 
7fa37d3f7000-7fa37d4f5000 rw-p 00000000 00:00 0 
7fa37d4f5000-7fa37d4f6000 ---p 00000000 00:00 0 
7fa37d4f6000-7fa380000000 rw-p 00000000 00:00 0 
7fa380000000-7fa380021000 rw-p 00000000 00:00 0 
7fa380021000-7fa384000000 ---p 00000000 00:00 0 
7fa384000000-7fa384021000 rw-p 00000000 00:00 0 
7fa384021000-7fa388000000 ---p 00000000 00:00 0 
7fa388000000-7fa388021000 rw-p 00000000 00:00 0 
7fa388021000-7fa38c000000 ---p 00000000 00:00 0 
7fa38c000000-7fa38c021000 rw-p 00000000 00:00 0 
7fa38c021000-7fa390000000 ---p 00000000 00:00 0 
7fa390000000-7fa390021000 rw-p 00000000 00:00 0 
7fa390021000-7fa394000000 ---p 00000000 00:00 0 
7fa39401a000-7fa39402b000 r--s 000cf000 08:01 159889                     /home/oguz/.gradle/caches/modules-2/files-2.1/com.fasterxml.jackson.core/jackson-databind/2.3.2/c75edc740a6d8cb1cef6fa82fa594e0bce561916/jackson-databind-2.3.2.jar
7fa39402b000-7fa395000000 rw-p 00000000 00:00 0 
7fa395000000-7fa3955e0000 rwxp 00000000 00:00 0 
7fa3955e0000-7fa3a4000000 ---p 00000000 00:00 0 
7fa3a4000000-7fa3a439b000 rw-p 00000000 00:00 0 
7fa3a439b000-7fa3a8000000 ---p 00000000 00:00 0 
7fa3a8010000-7fa3a801f000 r--s 000df000 08:01 5246091                    /home/oguz/Android/Sdk/build-tools/23.0.3/lib/dx.jar
7fa3a801f000-7fa3a8284000 rw-p 00000000 00:00 0 
7fa3a8284000-7fa3a845d000 r--s 03d1f000 08:01 9967487                    /usr/lib/jvm/java-8-oracle/jre/lib/rt.jar
7fa3a845d000-7fa3a8b53000 rw-p 00000000 00:00 0 
7fa3a8b53000-7fa3a8cd3000 ---p 00000000 00:00 0 
7fa3a8cd3000-7fa3a8ed3000 rw-p 00000000 00:00 0 
7fa3a8ed3000-7fa3a8ed4000 ---p 00000000 00:00 0 
7fa3a8ed4000-7fa3a8fd4000 rw-p 00000000 00:00 0 
7fa3a8fd4000-7fa3a8fd5000 ---p 00000000 00:00 0 
7fa3a8fd5000-7fa3a90d5000 rw-p 00000000 00:00 0 
7fa3a90d5000-7fa3a90d6000 ---p 00000000 00:00 0 
7fa3a90d6000-7fa3a91d6000 rw-p 00000000 00:00 0 
7fa3a91d6000-7fa3a91d7000 ---p 00000000 00:00 0 
7fa3a91d7000-7fa3a92d7000 rw-p 00000000 00:00 0 
7fa3a92d7000-7fa3a92d8000 ---p 00000000 00:00 0 
7fa3a92d8000-7fa3a93d8000 rw-p 00000000 00:00 0 
7fa3a93d8000-7fa3a93d9000 ---p 00000000 00:00 0 
7fa3a93d9000-7fa3a94d9000 rw-p 00000000 00:00 0 
7fa3a94d9000-7fa3a94da000 ---p 00000000 00:00 0 
7fa3a94da000-7fa3a95da000 rw-p 00000000 00:00 0 
7fa3a95da000-7fa3a95db000 ---p 00000000 00:00 0 
7fa3a95db000-7fa3a9705000 rw-p 00000000 00:00 0 
7fa3a9705000-7fa3a9831000 ---p 00000000 00:00 0 
7fa3a9831000-7fa3a985b000 rw-p 00000000 00:00 0 
7fa3a985b000-7fa3a9986000 ---p 00000000 00:00 0 
7fa3a9986000-7fa3a99ca000 rw-p 00000000 00:00 0 
7fa3a99ca000-7fa3a9a31000 ---p 00000000 00:00 0 
7fa3a9a31000-7fa3a9a4a000 rw-p 00000000 00:00 0 
7fa3a9a4a000-7fa3a9df2000 ---p 00000000 00:00 0 
7fa3a9df2000-7fa3a9e0c000 r-xp 00000000 08:01 10092954                   /usr/lib/jvm/java-8-oracle/jre/lib/amd64/libzip.so
7fa3a9e0c000-7fa3aa00c000 ---p 0001a000 08:01 10092954                   /usr/lib/jvm/java-8-oracle/jre/lib/amd64/libzip.so
7fa3aa00c000-7fa3aa00d000 rw-p 0001a000 08:01 10092954                   /usr/lib/jvm/java-8-oracle/jre/lib/amd64/libzip.so
7fa3aa00d000-7fa3aa018000 r-xp 00000000 08:01 7603299                    /lib/x86_64-linux-gnu/libnss_files-2.23.so
7fa3aa018000-7fa3aa217000 ---p 0000b000 08:01 7603299                    /lib/x86_64-linux-gnu/libnss_files-2.23.so
7fa3aa217000-7fa3aa218000 r--p 0000a000 08:01 7603299                    /lib/x86_64-linux-gnu/libnss_files-2.23.so
7fa3aa218000-7fa3aa219000 rw-p 0000b000 08:01 7603299                    /lib/x86_64-linux-gnu/libnss_files-2.23.so
7fa3aa219000-7fa3aa21f000 rw-p 00000000 00:00 0 
7fa3aa21f000-7fa3aa22a000 r-xp 00000000 08:01 7603296                    /lib/x86_64-linux-gnu/libnss_nis-2.23.so
7fa3aa22a000-7fa3aa429000 ---p 0000b000 08:01 7603296                    /lib/x86_64-linux-gnu/libnss_nis-2.23.so
7fa3aa429000-7fa3aa42a000 r--p 0000a000 08:01 7603296                    /lib/x86_64-linux-gnu/libnss_nis-2.23.so
7fa3aa42a000-7fa3aa42b000 rw-p 0000b000 08:01 7603296                    /lib/x86_64-linux-gnu/libnss_nis-2.23.so
7fa3aa42b000-7fa3aa441000 r-xp 00000000 08:01 7603294                    /lib/x86_64-linux-gnu/libnsl-2.23.so
7fa3aa441000-7fa3aa641000 ---p 00016000 08:01 7603294                    /lib/x86_64-linux-gnu/libnsl-2.23.so
7fa3aa641000-7fa3aa642000 r--p 00016000 08:01 7603294                    /lib/x86_64-linux-gnu/libnsl-2.23.so
7fa3aa642000-7fa3aa643000 rw-p 00017000 08:01 7603294                    /lib/x86_64-linux-gnu/libnsl-2.23.so
7fa3aa643000-7fa3aa645000 rw-p 00000000 00:00 0 
7fa3aa645000-7fa3aa64d000 r-xp 00000000 08:01 7603292                    /lib/x86_64-linux-gnu/libnss_compat-2.23.so
7fa3aa64d000-7fa3aa84c000 ---p 00008000 08:01 7603292                    /lib/x86_64-linux-gnu/libnss_compat-2.23.so
7fa3aa84c000-7fa3aa84d000 r--p 00007000 08:01 7603292                    /lib/x86_64-linux-gnu/libnss_compat-2.23.so
7fa3aa84d000-7fa3aa84e000 rw-p 00008000 08:01 7603292                    /lib/x86_64-linux-gnu/libnss_compat-2.23.so
7fa3aa84e000-7fa3aa878000 r-xp 00000000 08:01 10092949                   /usr/lib/jvm/java-8-oracle/jre/lib/amd64/libjava.so
7fa3aa878000-7fa3aaa78000 ---p 0002a000 08:01 10092949                   /usr/lib/jvm/java-8-oracle/jre/lib/amd64/libjava.so
7fa3aaa78000-7fa3aaa7a000 rw-p 0002a000 08:01 10092949                   /usr/lib/jvm/java-8-oracle/jre/lib/amd64/libjava.so
7fa3aaa7a000-7fa3aaa87000 r-xp 00000000 08:01 10092953                   /usr/lib/jvm/java-8-oracle/jre/lib/amd64/libverify.so
7fa3aaa87000-7fa3aac87000 ---p 0000d000 08:01 10092953                   /usr/lib/jvm/java-8-oracle/jre/lib/amd64/libverify.so
7fa3aac87000-7fa3aac89000 rw-p 0000d000 08:01 10092953                   /usr/lib/jvm/java-8-oracle/jre/lib/amd64/libverify.so
7fa3aac89000-7fa3aac90000 r-xp 00000000 08:01 7603308                    /lib/x86_64-linux-gnu/librt-2.23.so
7fa3aac90000-7fa3aae8f000 ---p 00007000 08:01 7603308                    /lib/x86_64-linux-gnu/librt-2.23.so
7fa3aae8f000-7fa3aae90000 r--p 00006000 08:01 7603308                    /lib/x86_64-linux-gnu/librt-2.23.so
7fa3aae90000-7fa3aae91000 rw-p 00007000 08:01 7603308                    /lib/x86_64-linux-gnu/librt-2.23.so
7fa3aae91000-7fa3aaf99000 r-xp 00000000 08:01 7603305                    /lib/x86_64-linux-gnu/libm-2.23.so
7fa3aaf99000-7fa3ab198000 ---p 00108000 08:01 7603305                    /lib/x86_64-linux-gnu/libm-2.23.so
7fa3ab198000-7fa3ab199000 r--p 00107000 08:01 7603305                    /lib/x86_64-linux-gnu/libm-2.23.so
7fa3ab199000-7fa3ab19a000 rw-p 00108000 08:01 7603305                    /lib/x86_64-linux-gnu/libm-2.23.so
7fa3ab19a000-7fa3abe5a000 r-xp 00000000 08:01 10092932                   /usr/lib/jvm/java-8-oracle/jre/lib/amd64/server/libjvm.so
7fa3abe5a000-7fa3ac05a000 ---p 00cc0000 08:01 10092932                   /usr/lib/jvm/java-8-oracle/jre/lib/amd64/server/libjvm.so
7fa3ac05a000-7fa3ac132000 rw-p 00cc0000 08:01 10092932                   /usr/lib/jvm/java-8-oracle/jre/lib/amd64/server/libjvm.so
7fa3ac132000-7fa3ac17d000 rw-p 00000000 00:00 0 
7fa3ac17d000-7fa3ac33d000 r-xp 00000000 08:01 7603313                    /lib/x86_64-linux-gnu/libc-2.23.so
7fa3ac33d000-7fa3ac53d000 ---p 001c0000 08:01 7603313                    /lib/x86_64-linux-gnu/libc-2.23.so
7fa3ac53d000-7fa3ac541000 r--p 001c0000 08:01 7603313                    /lib/x86_64-linux-gnu/libc-2.23.so
7fa3ac541000-7fa3ac543000 rw-p 001c4000 08:01 7603313                    /lib/x86_64-linux-gnu/libc-2.23.so
7fa3ac543000-7fa3ac547000 rw-p 00000000 00:00 0 
7fa3ac547000-7fa3ac54a000 r-xp 00000000 08:01 7603314                    /lib/x86_64-linux-gnu/libdl-2.23.so
7fa3ac54a000-7fa3ac749000 ---p 00003000 08:01 7603314                    /lib/x86_64-linux-gnu/libdl-2.23.so
7fa3ac749000-7fa3ac74a000 r--p 00002000 08:01 7603314                    /lib/x86_64-linux-gnu/libdl-2.23.so
7fa3ac74a000-7fa3ac74b000 rw-p 00003000 08:01 7603314                    /lib/x86_64-linux-gnu/libdl-2.23.so
7fa3ac74b000-7fa3ac760000 r-xp 00000000 08:01 9840182                    /usr/lib/jvm/java-8-oracle/lib/amd64/jli/libjli.so
7fa3ac760000-7fa3ac960000 ---p 00015000 08:01 9840182                    /usr/lib/jvm/java-8-oracle/lib/amd64/jli/libjli.so
7fa3ac960000-7fa3ac961000 rw-p 00015000 08:01 9840182                    /usr/lib/jvm/java-8-oracle/lib/amd64/jli/libjli.so
7fa3ac961000-7fa3ac979000 r-xp 00000000 08:01 7603312                    /lib/x86_64-linux-gnu/libpthread-2.23.so
7fa3ac979000-7fa3acb78000 ---p 00018000 08:01 7603312                    /lib/x86_64-linux-gnu/libpthread-2.23.so
7fa3acb78000-7fa3acb79000 r--p 00017000 08:01 7603312                    /lib/x86_64-linux-gnu/libpthread-2.23.so
7fa3acb79000-7fa3acb7a000 rw-p 00018000 08:01 7603312                    /lib/x86_64-linux-gnu/libpthread-2.23.so
7fa3acb7a000-7fa3acb7e000 rw-p 00000000 00:00 0 
7fa3acb7e000-7fa3acba4000 r-xp 00000000 08:01 7603309                    /lib/x86_64-linux-gnu/ld-2.23.so
7fa3acba9000-7fa3acc7b000 rw-p 00000000 00:00 0 
7fa3acc7b000-7fa3acc7e000 ---p 00000000 00:00 0 
7fa3acc7e000-7fa3acd80000 rw-p 00000000 00:00 0 
7fa3acd83000-7fa3acd97000 rw-p 00000000 00:00 0 
7fa3acd97000-7fa3acd9f000 rw-s 00000000 08:01 161229                     /tmp/hsperfdata_oguz/18566
7fa3acd9f000-7fa3acda0000 rw-p 00000000 00:00 0 
7fa3acda0000-7fa3acda1000 ---p 00000000 00:00 0 
7fa3acda1000-7fa3acda3000 rw-p 00000000 00:00 0 
7fa3acda3000-7fa3acda4000 r--p 00025000 08:01 7603309                    /lib/x86_64-linux-gnu/ld-2.23.so
7fa3acda4000-7fa3acda5000 rw-p 00026000 08:01 7603309                    /lib/x86_64-linux-gnu/ld-2.23.so
7fa3acda5000-7fa3acda6000 rw-p 00000000 00:00 0 
7fffd9100000-7fffd9121000 rw-p 00000000 00:00 0                          [stack]
7fffd91f7000-7fffd91f9000 r--p 00000000 00:00 0                          [vvar]
7fffd91f9000-7fffd91fb000 r-xp 00000000 00:00 0                          [vdso]
ffffffffff600000-ffffffffff601000 r-xp 00000000 00:00 0                  [vsyscall]

VM Arguments:
jvm_args: -Djava.awt.headless=true -Xmx1024M -Dfile.encoding=UTF-8 -Duser.country=TR -Duser.language=tr -Duser.variant 
java_command: com.android.dx.command.Main --dex --force-jumbo --num-threads=4 --multi-dex --output /home/oguz/Masa端st端/asd/FomApplicationAndroid/app/build/intermediates/transforms/dex/debug/folders/1000/10/jackson-databind-2.3.2_51c4623ebbbe6b6f2e96a48accc07b8b3796ca57 /home/oguz/.gradle/caches/modules-2/files-2.1/com.fasterxml.jackson.core/jackson-databind/2.3.2/c75edc740a6d8cb1cef6fa82fa594e0bce561916/jackson-databind-2.3.2.jar
java_class_path (initial): /home/oguz/Android/Sdk/build-tools/23.0.3/lib/dx.jar
Launcher Type: SUN_STANDARD

Environment Variables:
PATH=/usr/local/sbin:/usr/local/bin:/usr/sbin:/usr/bin:/sbin:/bin:/usr/games:/usr/local/games:/snap/bin
LD_LIBRARY_PATH=/home/oguz/Masa端st端/Derleyiciler/android-studio/bin:
SHELL=/bin/bash
DISPLAY=:0

Signal Handlers:
SIGSEGV: [libjvm.so+0xabca10], sa_mask[0]=11111111011111111101111111111110, sa_flags=SA_RESTART|SA_SIGINFO
SIGBUS: [libjvm.so+0xabca10], sa_mask[0]=11111111011111111101111111111110, sa_flags=SA_RESTART|SA_SIGINFO
SIGFPE: [libjvm.so+0x919a20], sa_mask[0]=11111111011111111101111111111110, sa_flags=SA_RESTART|SA_SIGINFO
SIGPIPE: [libjvm.so+0x919a20], sa_mask[0]=11111111011111111101111111111110, sa_flags=SA_RESTART|SA_SIGINFO
SIGXFSZ: [libjvm.so+0x919a20], sa_mask[0]=11111111011111111101111111111110, sa_flags=SA_RESTART|SA_SIGINFO
SIGILL: [libjvm.so+0x919a20], sa_mask[0]=11111111011111111101111111111110, sa_flags=SA_RESTART|SA_SIGINFO
SIGUSR1: SIG_DFL, sa_mask[0]=00000000000000000000000000000000, sa_flags=none
SIGUSR2: [libjvm.so+0x91b050], sa_mask[0]=00100000000000000000000000000000, sa_flags=SA_RESTART|SA_SIGINFO
SIGHUP: [libjvm.so+0x91c450], sa_mask[0]=11111111011111111101111111111110, sa_flags=SA_RESTART|SA_SIGINFO
SIGINT: [libjvm.so+0x91c450], sa_mask[0]=11111111011111111101111111111110, sa_flags=SA_RESTART|SA_SIGINFO
SIGTERM: [libjvm.so+0x91c450], sa_mask[0]=11111111011111111101111111111110, sa_flags=SA_RESTART|SA_SIGINFO
SIGQUIT: [libjvm.so+0x91c450], sa_mask[0]=11111111011111111101111111111110, sa_flags=SA_RESTART|SA_SIGINFO


---------------  S Y S T E M  ---------------

OS:DISTRIB_ID=Ubuntu
DISTRIB_RELEASE=16.04
DISTRIB_CODENAME=xenial
DISTRIB_DESCRIPTION="Ubuntu Xenial Xerus (development branch)"

uname:Linux 4.4.0-22-generic #39-Ubuntu SMP Thu May 5 16:53:32 UTC 2016 x86_64
libc:glibc 2.23 NPTL 2.23 
rlimit: STACK 8192k, CORE 0k, NPROC 31498, NOFILE 65536, AS infinity
load average:5.37 1.50 0.87

/proc/meminfo:
MemTotal:        8101800 kB
MemFree:           93016 kB
MemAvailable:     169936 kB
Buffers:            1544 kB
Cached:           450752 kB
SwapCached:            0 kB
Active:          7357360 kB
Inactive:         420804 kB
Active(anon):    7350104 kB
Inactive(anon):   362276 kB
Active(file):       7256 kB
Inactive(file):    58528 kB
Unevictable:          92 kB
Mlocked:              92 kB
SwapTotal:             0 kB
SwapFree:              0 kB
Dirty:               112 kB
Writeback:             4 kB
AnonPages:       7327332 kB
Mapped:           153100 kB
Shmem:            385084 kB
Slab:             106572 kB
SReclaimable:      53508 kB
SUnreclaim:        53064 kB
KernelStack:       18112 kB
PageTables:        58876 kB
NFS_Unstable:          0 kB
Bounce:                0 kB
WritebackTmp:          0 kB
CommitLimit:     4050900 kB
Committed_AS:   12966668 kB
VmallocTotal:   34359738367 kB
VmallocUsed:           0 kB
VmallocChunk:          0 kB
HardwareCorrupted:     0 kB
AnonHugePages:   4116480 kB
CmaTotal:              0 kB
CmaFree:               0 kB
HugePages_Total:       0
HugePages_Free:        0
HugePages_Rsvd:        0
HugePages_Surp:        0
Hugepagesize:       2048 kB
DirectMap4k:      183040 kB
DirectMap2M:     8132608 kB
DirectMap1G:     1048576 kB


CPU:total 8 (4 cores per cpu, 2 threads per core) family 6 model 60 stepping 3, cmov, cx8, fxsr, mmx, sse, sse2, sse3, ssse3, sse4.1, sse4.2, popcnt, avx, avx2, aes, clmul, erms, lzcnt, ht, tsc, tscinvbit, bmi1, bmi2

/proc/cpuinfo:
processor	: 0
vendor_id	: GenuineIntel
cpu family	: 6
model		: 60
model name	: Intel(R) Core(TM) i7-4700MQ CPU @ 2.40GHz
stepping	: 3
microcode	: 0x16
cpu MHz		: 3199.968
cache size	: 6144 KB
physical id	: 0
siblings	: 8
core id		: 0
cpu cores	: 4
apicid		: 0
initial apicid	: 0
fpu		: yes
fpu_exception	: yes
cpuid level	: 13
wp		: yes
flags		: fpu vme de pse tsc msr pae mce cx8 apic sep mtrr pge mca cmov pat pse36 clflush dts acpi mmx fxsr sse sse2 ss ht tm pbe syscall nx pdpe1gb rdtscp lm constant_tsc arch_perfmon pebs bts rep_good nopl xtopology nonstop_tsc aperfmperf eagerfpu pni pclmulqdq dtes64 monitor ds_cpl vmx est tm2 ssse3 sdbg fma cx16 xtpr pdcm pcid sse4_1 sse4_2 movbe popcnt tsc_deadline_timer aes xsave avx f16c rdrand lahf_lm abm epb tpr_shadow vnmi flexpriority ept vpid fsgsbase tsc_adjust bmi1 avx2 smep bmi2 erms invpcid xsaveopt dtherm ida arat pln pts
bugs		:
bogomips	: 4789.34
clflush size	: 64
cache_alignment	: 64
address sizes	: 39 bits physical, 48 bits virtual
power management:

processor	: 1
vendor_id	: GenuineIntel
cpu family	: 6
model		: 60
model name	: Intel(R) Core(TM) i7-4700MQ CPU @ 2.40GHz
stepping	: 3
microcode	: 0x16
cpu MHz		: 3199.968
cache size	: 6144 KB
physical id	: 0
siblings	: 8
core id		: 0
cpu cores	: 4
apicid		: 1
initial apicid	: 1
fpu		: yes
fpu_exception	: yes
cpuid level	: 13
wp		: yes
flags		: fpu vme de pse tsc msr pae mce cx8 apic sep mtrr pge mca cmov pat pse36 clflush dts acpi mmx fxsr sse sse2 ss ht tm pbe syscall nx pdpe1gb rdtscp lm constant_tsc arch_perfmon pebs bts rep_good nopl xtopology nonstop_tsc aperfmperf eagerfpu pni pclmulqdq dtes64 monitor ds_cpl vmx est tm2 ssse3 sdbg fma cx16 xtpr pdcm pcid sse4_1 sse4_2 movbe popcnt tsc_deadline_timer aes xsave avx f16c rdrand lahf_lm abm epb tpr_shadow vnmi flexpriority ept vpid fsgsbase tsc_adjust bmi1 avx2 smep bmi2 erms invpcid xsaveopt dtherm ida arat pln pts
bugs		:
bogomips	: 4789.34
clflush size	: 64
cache_alignment	: 64
address sizes	: 39 bits physical, 48 bits virtual
power management:

processor	: 2
vendor_id	: GenuineIntel
cpu family	: 6
model		: 60
model name	: Intel(R) Core(TM) i7-4700MQ CPU @ 2.40GHz
stepping	: 3
microcode	: 0x16
cpu MHz		: 3199.968
cache size	: 6144 KB
physical id	: 0
siblings	: 8
core id		: 1
cpu cores	: 4
apicid		: 2
initial apicid	: 2
fpu		: yes
fpu_exception	: yes
cpuid level	: 13
wp		: yes
flags		: fpu vme de pse tsc msr pae mce cx8 apic sep mtrr pge mca cmov pat pse36 clflush dts acpi mmx fxsr sse sse2 ss ht tm pbe syscall nx pdpe1gb rdtscp lm constant_tsc arch_perfmon pebs bts rep_good nopl xtopology nonstop_tsc aperfmperf eagerfpu pni pclmulqdq dtes64 monitor ds_cpl vmx est tm2 ssse3 sdbg fma cx16 xtpr pdcm pcid sse4_1 sse4_2 movbe popcnt tsc_deadline_timer aes xsave avx f16c rdrand lahf_lm abm epb tpr_shadow vnmi flexpriority ept vpid fsgsbase tsc_adjust bmi1 avx2 smep bmi2 erms invpcid xsaveopt dtherm ida arat pln pts
bugs		:
bogomips	: 4789.34
clflush size	: 64
cache_alignment	: 64
address sizes	: 39 bits physical, 48 bits virtual
power management:

processor	: 3
vendor_id	: GenuineIntel
cpu family	: 6
model		: 60
model name	: Intel(R) Core(TM) i7-4700MQ CPU @ 2.40GHz
stepping	: 3
microcode	: 0x16
cpu MHz		: 3199.968
cache size	: 6144 KB
physical id	: 0
siblings	: 8
core id		: 1
cpu cores	: 4
apicid		: 3
initial apicid	: 3
fpu		: yes
fpu_exception	: yes
cpuid level	: 13
wp		: yes
flags		: fpu vme de pse tsc msr pae mce cx8 apic sep mtrr pge mca cmov pat pse36 clflush dts acpi mmx fxsr sse sse2 ss ht tm pbe syscall nx pdpe1gb rdtscp lm constant_tsc arch_perfmon pebs bts rep_good nopl xtopology nonstop_tsc aperfmperf eagerfpu pni pclmulqdq dtes64 monitor ds_cpl vmx est tm2 ssse3 sdbg fma cx16 xtpr pdcm pcid sse4_1 sse4_2 movbe popcnt tsc_deadline_timer aes xsave avx f16c rdrand lahf_lm abm epb tpr_shadow vnmi flexpriority ept vpid fsgsbase tsc_adjust bmi1 avx2 smep bmi2 erms invpcid xsaveopt dtherm ida arat pln pts
bugs		:
bogomips	: 4789.34
clflush size	: 64
cache_alignment	: 64
address sizes	: 39 bits physical, 48 bits virtual
power management:

processor	: 4
vendor_id	: GenuineIntel
cpu family	: 6
model		: 60
model name	: Intel(R) Core(TM) i7-4700MQ CPU @ 2.40GHz
stepping	: 3
microcode	: 0x16
cpu MHz		: 3199.968
cache size	: 6144 KB
physical id	: 0
siblings	: 8
core id		: 2
cpu cores	: 4
apicid		: 4
initial apicid	: 4
fpu		: yes
fpu_exception	: yes
cpuid level	: 13
wp		: yes
flags		: fpu vme de pse tsc msr pae mce cx8 apic sep mtrr pge mca cmov pat pse36 clflush dts acpi mmx fxsr sse sse2 ss ht tm pbe syscall nx pdpe1gb rdtscp lm constant_tsc arch_perfmon pebs bts rep_good nopl xtopology nonstop_tsc aperfmperf eagerfpu pni pclmulqdq dtes64 monitor ds_cpl vmx est tm2 ssse3 sdbg fma cx16 xtpr pdcm pcid sse4_1 sse4_2 movbe popcnt tsc_deadline_timer aes xsave avx f16c rdrand lahf_lm abm epb tpr_shadow vnmi flexpriority ept vpid fsgsbase tsc_adjust bmi1 avx2 smep bmi2 erms invpcid xsaveopt dtherm ida arat pln pts
bugs		:
bogomips	: 4789.34
clflush size	: 64
cache_alignment	: 64
address sizes	: 39 bits physical, 48 bits virtual
power management:

processor	: 5
vendor_id	: GenuineIntel
cpu family	: 6
model		: 60
model name	: Intel(R) Core(TM) i7-4700MQ CPU @ 2.40GHz
stepping	: 3
microcode	: 0x16
cpu MHz		: 3199.968
cache size	: 6144 KB
physical id	: 0
siblings	: 8
core id		: 2
cpu cores	: 4
apicid		: 5
initial apicid	: 5
fpu		: yes
fpu_exception	: yes
cpuid level	: 13
wp		: yes
flags		: fpu vme de pse tsc msr pae mce cx8 apic sep mtrr pge mca cmov pat pse36 clflush dts acpi mmx fxsr sse sse2 ss ht tm pbe syscall nx pdpe1gb rdtscp lm constant_tsc arch_perfmon pebs bts rep_good nopl xtopology nonstop_tsc aperfmperf eagerfpu pni pclmulqdq dtes64 monitor ds_cpl vmx est tm2 ssse3 sdbg fma cx16 xtpr pdcm pcid sse4_1 sse4_2 movbe popcnt tsc_deadline_timer aes xsave avx f16c rdrand lahf_lm abm epb tpr_shadow vnmi flexpriority ept vpid fsgsbase tsc_adjust bmi1 avx2 smep bmi2 erms invpcid xsaveopt dtherm ida arat pln pts
bugs		:
bogomips	: 4789.34
clflush size	: 64
cache_alignment	: 64
address sizes	: 39 bits physical, 48 bits virtual
power management:

processor	: 6
vendor_id	: GenuineIntel
cpu family	: 6
model		: 60
model name	: Intel(R) Core(TM) i7-4700MQ CPU @ 2.40GHz
stepping	: 3
microcode	: 0x16
cpu MHz		: 3199.968
cache size	: 6144 KB
physical id	: 0
siblings	: 8
core id		: 3
cpu cores	: 4
apicid		: 6
initial apicid	: 6
fpu		: yes
fpu_exception	: yes
cpuid level	: 13
wp		: yes
flags		: fpu vme de pse tsc msr pae mce cx8 apic sep mtrr pge mca cmov pat pse36 clflush dts acpi mmx fxsr sse sse2 ss ht tm pbe syscall nx pdpe1gb rdtscp lm constant_tsc arch_perfmon pebs bts rep_good nopl xtopology nonstop_tsc aperfmperf eagerfpu pni pclmulqdq dtes64 monitor ds_cpl vmx est tm2 ssse3 sdbg fma cx16 xtpr pdcm pcid sse4_1 sse4_2 movbe popcnt tsc_deadline_timer aes xsave avx f16c rdrand lahf_lm abm epb tpr_shadow vnmi flexpriority ept vpid fsgsbase tsc_adjust bmi1 avx2 smep bmi2 erms invpcid xsaveopt dtherm ida arat pln pts
bugs		:
bogomips	: 4789.34
clflush size	: 64
cache_alignment	: 64
address sizes	: 39 bits physical, 48 bits virtual
power management:

processor	: 7
vendor_id	: GenuineIntel
cpu family	: 6
model		: 60
model name	: Intel(R) Core(TM) i7-4700MQ CPU @ 2.40GHz
stepping	: 3
microcode	: 0x16
cpu MHz		: 3199.968
cache size	: 6144 KB
physical id	: 0
siblings	: 8
core id		: 3
cpu cores	: 4
apicid		: 7
initial apicid	: 7
fpu		: yes
fpu_exception	: yes
cpuid level	: 13
wp		: yes
flags		: fpu vme de pse tsc msr pae mce cx8 apic sep mtrr pge mca cmov pat pse36 clflush dts acpi mmx fxsr sse sse2 ss ht tm pbe syscall nx pdpe1gb rdtscp lm constant_tsc arch_perfmon pebs bts rep_good nopl xtopology nonstop_tsc aperfmperf eagerfpu pni pclmulqdq dtes64 monitor ds_cpl vmx est tm2 ssse3 sdbg fma cx16 xtpr pdcm pcid sse4_1 sse4_2 movbe popcnt tsc_deadline_timer aes xsave avx f16c rdrand lahf_lm abm epb tpr_shadow vnmi flexpriority ept vpid fsgsbase tsc_adjust bmi1 avx2 smep bmi2 erms invpcid xsaveopt dtherm ida arat pln pts
bugs		:
bogomips	: 4789.34
clflush size	: 64
cache_alignment	: 64
address sizes	: 39 bits physical, 48 bits virtual
power management:



Memory: 4k page, physical 8101800k(92520k free), swap 0k(0k free)

vm_info: Java HotSpot(TM) 64-Bit Server VM (25.91-b14) for linux-amd64 JRE (1.8.0_91-b14), built on Apr  1 2016 00:57:21 by "java_re" with gcc 4.3.0 20080428 (Red Hat 4.3.0-8)

time: Thu Aug 25 16:20:17 2016
elapsed time: 5 seconds (0d 0h 0m 5s)

