#
# There is insufficient memory for the Java Runtime Environment to continue.
# Native memory allocation (mmap) failed to map 169869312 bytes for committing reserved memory.
# Possible reasons:
#   The system is out of physical RAM or swap space
#   In 32 bit mode, the process size limit was hit
# Possible solutions:
#   Reduce memory load on the system
#   Increase physical memory or swap space
#   Check if swap backing store is full
#   Use 64 bit Java on a 64 bit OS
#   Decrease Java heap size (-Xmx/-Xms)
#   Decrease number of Java threads
#   Decrease Java thread stack sizes (-Xss)
#   Set larger code cache with -XX:ReservedCodeCacheSize=
# This output file may be truncated or incomplete.
#
#  Out of Memory Error (os_linux.cpp:2627), pid=15530, tid=140170235942656
#
# JRE version: Java(TM) SE Runtime Environment (8.0_91-b14) (build 1.8.0_91-b14)
# Java VM: Java HotSpot(TM) 64-Bit Server VM (25.91-b14 mixed mode linux-amd64 compressed oops)
# Failed to write core dump. Core dumps have been disabled. To enable core dumping, try "ulimit -c unlimited" before starting Java again
#

---------------  T H R E A D  ---------------

Current thread (0x00007f7c04080000):  VMThread [stack: 0x00007f7bed0f1000,0x00007f7bed1f2000] [id=15549]

Stack: [0x00007f7bed0f1000,0x00007f7bed1f2000],  sp=0x00007f7bed1f0220,  free space=1020k
Native frames: (J=compiled Java code, j=interpreted, Vv=VM code, C=native code)
V  [libjvm.so+0xabc18a]  VMError::report_and_die()+0x2ba
V  [libjvm.so+0x4fafeb]  report_vm_out_of_memory(char const*, int, unsigned long, VMErrorType, char const*)+0x8b
V  [libjvm.so+0x91cbb3]  os::Linux::commit_memory_impl(char*, unsigned long, bool)+0x103
V  [libjvm.so+0x91d109]  os::pd_commit_memory(char*, unsigned long, unsigned long, bool)+0x29
V  [libjvm.so+0x91740a]  os::commit_memory(char*, unsigned long, unsigned long, bool)+0x2a
V  [libjvm.so+0x98b033]  PSVirtualSpace::expand_by(unsigned long)+0x53
V  [libjvm.so+0x98c438]  PSYoungGen::resize_generation(unsigned long, unsigned long)+0xf8
V  [libjvm.so+0x98b592]  PSYoungGen::resize(unsigned long, unsigned long)+0x22
V  [libjvm.so+0x98886b]  PSScavenge::invoke_no_policy()+0xf3b
V  [libjvm.so+0x988ff1]  PSScavenge::invoke()+0x41
V  [libjvm.so+0x9408b0]  ParallelScavengeHeap::failed_mem_allocate(unsigned long)+0x70
V  [libjvm.so+0xabdba7]  VM_ParallelGCFailedAllocation::doit()+0x97
V  [libjvm.so+0xac55d5]  VM_Operation::evaluate()+0x55
V  [libjvm.so+0xac39aa]  VMThread::evaluate_operation(VM_Operation*)+0xba
V  [libjvm.so+0xac3d2e]  VMThread::loop()+0x1ce
V  [libjvm.so+0xac41a0]  VMThread::run()+0x70
V  [libjvm.so+0x91ef78]  java_start(Thread*)+0x108

VM_Operation (0x00007f7bec1ab920): ParallelGCFailedAllocation, mode: safepoint, requested by thread 0x00007f7c04180000


---------------  P R O C E S S  ---------------

Java Threads: ( => current thread )
  0x00007f7c04183000 JavaThread "pool-2-thread-4" [_thread_blocked, id=15568, stack(0x00007f7be7dfe000,0x00007f7be7eff000)]
  0x00007f7c04181000 JavaThread "pool-2-thread-3" [_thread_blocked, id=15567, stack(0x00007f7be7eff000,0x00007f7be8000000)]
  0x00007f7c04180000 JavaThread "pool-2-thread-2" [_thread_blocked, id=15566, stack(0x00007f7bec0ad000,0x00007f7bec1ae000)]
  0x00007f7c0417e000 JavaThread "pool-3-thread-1" [_thread_blocked, id=15565, stack(0x00007f7bec1ae000,0x00007f7bec2af000)]
  0x00007f7c0417c000 JavaThread "pool-2-thread-1" [_thread_blocked, id=15564, stack(0x00007f7bec2af000,0x00007f7bec3b0000)]
  0x00007f7c040cb800 JavaThread "Service Thread" daemon [_thread_blocked, id=15562, stack(0x00007f7bec4b1000,0x00007f7bec5b2000)]
  0x00007f7c040c8800 JavaThread "C1 CompilerThread3" daemon [_thread_blocked, id=15561, stack(0x00007f7bec5b2000,0x00007f7bec6b3000)]
  0x00007f7c040c6800 JavaThread "C2 CompilerThread2" daemon [_thread_in_native, id=15560, stack(0x00007f7bec6b3000,0x00007f7bec7b4000)]
  0x00007f7c040c5000 JavaThread "C2 CompilerThread1" daemon [_thread_blocked, id=15559, stack(0x00007f7bec7b4000,0x00007f7bec8b5000)]
  0x00007f7c040c2000 JavaThread "C2 CompilerThread0" daemon [_thread_blocked, id=15558, stack(0x00007f7bec8b5000,0x00007f7bec9b6000)]
  0x00007f7c040c0800 JavaThread "Signal Dispatcher" daemon [_thread_blocked, id=15555, stack(0x00007f7bec9b6000,0x00007f7becab7000)]
  0x00007f7c0408c800 JavaThread "Finalizer" daemon [_thread_blocked, id=15551, stack(0x00007f7beceef000,0x00007f7becff0000)]
  0x00007f7c04087800 JavaThread "Reference Handler" daemon [_thread_blocked, id=15550, stack(0x00007f7becff0000,0x00007f7bed0f1000)]
  0x00007f7c0400a000 JavaThread "main" [_thread_blocked, id=15532, stack(0x00007f7c0c86f000,0x00007f7c0c970000)]

Other Threads:
=>0x00007f7c04080000 VMThread [stack: 0x00007f7bed0f1000,0x00007f7bed1f2000] [id=15549]
  0x00007f7c040ce800 WatcherThread [stack: 0x00007f7bec3b0000,0x00007f7bec4b1000] [id=15563]

VM state:at safepoint (normal execution)

VM Mutex/Monitor currently owned by a thread:  ([mutex/lock_event])
[0x00007f7c04006570] Threads_lock - owner thread: 0x00007f7c04080000
[0x00007f7c04006a70] Heap_lock - owner thread: 0x00007f7c04180000

Heap:
 PSYoungGen      total 132096K, used 5112K [0x00000000eab00000, 0x00000000f3100000, 0x0000000100000000)
  eden space 126976K, 0% used [0x00000000eab00000,0x00000000eab00000,0x00000000f2700000)
  from space 5120K, 99% used [0x00000000f2700000,0x00000000f2bfe0e0,0x00000000f2c00000)
  to   space 5120K, 0% used [0x00000000f2c00000,0x00000000f2c00000,0x00000000f3100000)
 ParOldGen       total 84992K, used 41403K [0x00000000c0000000, 0x00000000c5300000, 0x00000000eab00000)
  object space 84992K, 48% used [0x00000000c0000000,0x00000000c286ee38,0x00000000c5300000)
 Metaspace       used 6369K, capacity 7192K, committed 7424K, reserved 1056768K
  class space    used 616K, capacity 656K, committed 768K, reserved 1048576K

Card table byte_map: [0x00007f7c09424000,0x00007f7c09625000] byte_map_base: 0x00007f7c08e24000

Marking Bits: (ParMarkBitMap*) 0x00007f7c0bd43d60
 Begin Bits: [0x00007f7bee000000, 0x00007f7bef000000)
 End Bits:   [0x00007f7bef000000, 0x00007f7bf0000000)

Polling page: 0x00007f7c0c993000

CodeCache: size=245760Kb used=6025Kb max_used=6025Kb free=239734Kb
 bounds [0x00007f7bf5000000, 0x00007f7bf55f0000, 0x00007f7c04000000]
 total_blobs=2072 nmethods=1803 adapters=182
 compilation: enabled

Compilation events (10 events):
Event: 5.247 Thread 0x00007f7c040c8800 nmethod 2016 0x00007f7bf55e2290 code [0x00007f7bf55e2420, 0x00007f7bf55e2698]
Event: 5.247 Thread 0x00007f7c040c8800 2010       2       com.android.dx.command.dexer.Main$ClassDefItemConsumer::call (5 bytes)
Event: 5.248 Thread 0x00007f7c040c8800 nmethod 2010 0x00007f7bf55e2810 code [0x00007f7bf55e2980, 0x00007f7bf55e2ae8]
Event: 5.248 Thread 0x00007f7c040c8800 2011       1       com.android.dx.dex.file.ClassDefItem::getThisClass (5 bytes)
Event: 5.248 Thread 0x00007f7c040c8800 nmethod 2011 0x00007f7bf55e2b90 code [0x00007f7bf55e2ce0, 0x00007f7bf55e2df0]
Event: 5.248 Thread 0x00007f7c040c8800 2017       2       sun.misc.Unsafe::getAndAddInt (27 bytes)
Event: 5.248 Thread 0x00007f7c040c8800 nmethod 2017 0x00007f7bf55e2e50 code [0x00007f7bf55e2fc0, 0x00007f7bf55e3190]
Event: 5.270 Thread 0x00007f7c040c8800 2019 %     3       com.android.dx.ssa.SsaBasicBlock::replaceSuccessor @ 37 (125 bytes)
Event: 5.272 Thread 0x00007f7c040c8800 nmethod 2019% 0x00007f7bf55e3250 code [0x00007f7bf55e34e0, 0x00007f7bf55e43f8]
Event: 5.278 Thread 0x00007f7c040c8800 2020       3       com.android.dx.ssa.SsaBasicBlock::replaceSuccessor (125 bytes)

GC Heap History (9 events):
Event: 1.403 GC heap before
{Heap before GC invocations=1 (full 0):
 PSYoungGen      total 36864K, used 31744K [0x00000000eab00000, 0x00000000ed400000, 0x0000000100000000)
  eden space 31744K, 100% used [0x00000000eab00000,0x00000000eca00000,0x00000000eca00000)
  from space 5120K, 0% used [0x00000000ecf00000,0x00000000ecf00000,0x00000000ed400000)
  to   space 5120K, 0% used [0x00000000eca00000,0x00000000eca00000,0x00000000ecf00000)
 ParOldGen       total 84992K, used 0K [0x00000000c0000000, 0x00000000c5300000, 0x00000000eab00000)
  object space 84992K, 0% used [0x00000000c0000000,0x00000000c0000000,0x00000000c5300000)
 Metaspace       used 5821K, capacity 6768K, committed 7040K, reserved 1056768K
  class space    used 595K, capacity 616K, committed 640K, reserved 1048576K
Event: 1.438 GC heap after
Heap after GC invocations=1 (full 0):
 PSYoungGen      total 36864K, used 5098K [0x00000000eab00000, 0x00000000ef300000, 0x0000000100000000)
  eden space 31744K, 0% used [0x00000000eab00000,0x00000000eab00000,0x00000000eca00000)
  from space 5120K, 99% used [0x00000000eca00000,0x00000000ecefaa80,0x00000000ecf00000)
  to   space 5120K, 0% used [0x00000000eee00000,0x00000000eee00000,0x00000000ef300000)
 ParOldGen       total 84992K, used 1172K [0x00000000c0000000, 0x00000000c5300000, 0x00000000eab00000)
  object space 84992K, 1% used [0x00000000c0000000,0x00000000c01252a0,0x00000000c5300000)
 Metaspace       used 5821K, capacity 6768K, committed 7040K, reserved 1056768K
  class space    used 595K, capacity 616K, committed 640K, reserved 1048576K
}
Event: 1.878 GC heap before
{Heap before GC invocations=2 (full 0):
 PSYoungGen      total 36864K, used 36842K [0x00000000eab00000, 0x00000000ef300000, 0x0000000100000000)
  eden space 31744K, 100% used [0x00000000eab00000,0x00000000eca00000,0x00000000eca00000)
  from space 5120K, 99% used [0x00000000eca00000,0x00000000ecefaa80,0x00000000ecf00000)
  to   space 5120K, 0% used [0x00000000eee00000,0x00000000eee00000,0x00000000ef300000)
 ParOldGen       total 84992K, used 1172K [0x00000000c0000000, 0x00000000c5300000, 0x00000000eab00000)
  object space 84992K, 1% used [0x00000000c0000000,0x00000000c01252a0,0x00000000c5300000)
 Metaspace       used 5924K, capacity 6896K, committed 7040K, reserved 1056768K
  class space    used 596K, capacity 616K, committed 640K, reserved 1048576K
Event: 1.937 GC heap after
Heap after GC invocations=2 (full 0):
 PSYoungGen      total 68608K, used 5117K [0x00000000eab00000, 0x00000000ef300000, 0x0000000100000000)
  eden space 63488K, 0% used [0x00000000eab00000,0x00000000eab00000,0x00000000ee900000)
  from space 5120K, 99% used [0x00000000eee00000,0x00000000ef2ff620,0x00000000ef300000)
  to   space 5120K, 0% used [0x00000000ee900000,0x00000000ee900000,0x00000000eee00000)
 ParOldGen       total 84992K, used 5491K [0x00000000c0000000, 0x00000000c5300000, 0x00000000eab00000)
  object space 84992K, 6% used [0x00000000c0000000,0x00000000c055cdb0,0x00000000c5300000)
 Metaspace       used 5924K, capacity 6896K, committed 7040K, reserved 1056768K
  class space    used 596K, capacity 616K, committed 640K, reserved 1048576K
}
Event: 2.801 GC heap before
{Heap before GC invocations=3 (full 0):
 PSYoungGen      total 68608K, used 68605K [0x00000000eab00000, 0x00000000ef300000, 0x0000000100000000)
  eden space 63488K, 100% used [0x00000000eab00000,0x00000000ee900000,0x00000000ee900000)
  from space 5120K, 99% used [0x00000000eee00000,0x00000000ef2ff620,0x00000000ef300000)
  to   space 5120K, 0% used [0x00000000ee900000,0x00000000ee900000,0x00000000eee00000)
 ParOldGen       total 84992K, used 5491K [0x00000000c0000000, 0x00000000c5300000, 0x00000000eab00000)
  object space 84992K, 6% used [0x00000000c0000000,0x00000000c055cdb0,0x00000000c5300000)
 Metaspace       used 6014K, capacity 6960K, committed 7040K, reserved 1056768K
  class space    used 596K, capacity 616K, committed 640K, reserved 1048576K
Event: 2.903 GC heap after
Heap after GC invocations=3 (full 0):
 PSYoungGen      total 68608K, used 5117K [0x00000000eab00000, 0x00000000f3100000, 0x0000000100000000)
  eden space 63488K, 0% used [0x00000000eab00000,0x00000000eab00000,0x00000000ee900000)
  from space 5120K, 99% used [0x00000000ee900000,0x00000000eedff5c0,0x00000000eee00000)
  to   space 5120K, 0% used [0x00000000f2c00000,0x00000000f2c00000,0x00000000f3100000)
 ParOldGen       total 84992K, used 14620K [0x00000000c0000000, 0x00000000c5300000, 0x00000000eab00000)
  object space 84992K, 17% used [0x00000000c0000000,0x00000000c0e47068,0x00000000c5300000)
 Metaspace       used 6014K, capacity 6960K, committed 7040K, reserved 1056768K
  class space    used 596K, capacity 616K, committed 640K, reserved 1048576K
}
Event: 3.551 GC heap before
{Heap before GC invocations=4 (full 0):
 PSYoungGen      total 68608K, used 68605K [0x00000000eab00000, 0x00000000f3100000, 0x0000000100000000)
  eden space 63488K, 100% used [0x00000000eab00000,0x00000000ee900000,0x00000000ee900000)
  from space 5120K, 99% used [0x00000000ee900000,0x00000000eedff5c0,0x00000000eee00000)
  to   space 5120K, 0% used [0x00000000f2c00000,0x00000000f2c00000,0x00000000f3100000)
 ParOldGen       total 84992K, used 14620K [0x00000000c0000000, 0x00000000c5300000, 0x00000000eab00000)
  object space 84992K, 17% used [0x00000000c0000000,0x00000000c0e47068,0x00000000c5300000)
 Metaspace       used 6201K, capacity 7064K, committed 7424K, reserved 1056768K
  class space    used 616K, capacity 656K, committed 768K, reserved 1048576K
Event: 3.688 GC heap after
Heap after GC invocations=4 (full 0):
 PSYoungGen      total 132096K, used 5115K [0x00000000eab00000, 0x00000000f3100000, 0x0000000100000000)
  eden space 126976K, 0% used [0x00000000eab00000,0x00000000eab00000,0x00000000f2700000)
  from space 5120K, 99% used [0x00000000f2c00000,0x00000000f30fee68,0x00000000f3100000)
  to   space 5120K, 0% used [0x00000000f2700000,0x00000000f2700000,0x00000000f2c00000)
 ParOldGen       total 84992K, used 23597K [0x00000000c0000000, 0x00000000c5300000, 0x00000000eab00000)
  object space 84992K, 27% used [0x00000000c0000000,0x00000000c170b7f8,0x00000000c5300000)
 Metaspace       used 6201K, capacity 7064K, committed 7424K, reserved 1056768K
  class space    used 616K, capacity 656K, committed 768K, reserved 1048576K
}
Event: 5.290 GC heap before
{Heap before GC invocations=5 (full 0):
 PSYoungGen      total 132096K, used 132091K [0x00000000eab00000, 0x00000000f3100000, 0x0000000100000000)
  eden space 126976K, 100% used [0x00000000eab00000,0x00000000f2700000,0x00000000f2700000)
  from space 5120K, 99% used [0x00000000f2c00000,0x00000000f30fee68,0x00000000f3100000)
  to   space 5120K, 0% used [0x00000000f2700000,0x00000000f2700000,0x00000000f2c00000)
 ParOldGen       total 84992K, used 23597K [0x00000000c0000000, 0x00000000c5300000, 0x00000000eab00000)
  object space 84992K, 27% used [0x00000000c0000000,0x00000000c170b7f8,0x00000000c5300000)
 Metaspace       used 6369K, capacity 7192K, committed 7424K, reserved 1056768K
  class space    used 616K, capacity 656K, committed 768K, reserved 1048576K

Deoptimization events (10 events):
Event: 2.464 Thread 0x00007f7c04183000 Uncommon trap: reason=unstable_if action=reinterpret pc=0x00007f7bf53ebcd8 method=com.android.dx.ssa.LiteralOpUpgrader$1.visitNonMoveInsn(Lcom/android/dx/ssa/NormalSsaInsn;)V @ 55
Event: 2.478 Thread 0x00007f7c04183000 Uncommon trap: reason=unstable_if action=reinterpret pc=0x00007f7bf533bb7c method=com.android.dx.ssa.SsaMethod.updateOneDefinition(Lcom/android/dx/ssa/SsaInsn;Lcom/android/dx/rop/code/RegisterSpec;)V @ 4
Event: 3.352 Thread 0x00007f7c04183000 Uncommon trap: reason=unstable_if action=reinterpret pc=0x00007f7bf54bc190 method=com.android.dx.ssa.SCCP.simulateStmt(Lcom/android/dx/ssa/SsaInsn;)V @ 59
Event: 3.409 Thread 0x00007f7c0417c000 Uncommon trap: reason=unstable_if action=reinterpret pc=0x00007f7bf5280de0 method=java.util.HashMap.putVal(ILjava/lang/Object;Ljava/lang/Object;ZZ)Ljava/lang/Object; @ 162
Event: 3.413 Thread 0x00007f7c0417c000 Uncommon trap: reason=unstable_if action=reinterpret pc=0x00007f7bf521ad2c method=java.util.HashMap.getNode(ILjava/lang/Object;)Ljava/util/HashMap$Node; @ 84
Event: 3.439 Thread 0x00007f7c0417c000 Uncommon trap: reason=unstable_if action=reinterpret pc=0x00007f7bf521e9b4 method=java.util.HashMap.getNode(ILjava/lang/Object;)Ljava/util/HashMap$Node; @ 84
Event: 3.439 Thread 0x00007f7c0417c000 Uncommon trap: reason=unstable_if action=reinterpret pc=0x00007f7bf54c7e5c method=java.util.HashMap.putVal(ILjava/lang/Object;Ljava/lang/Object;ZZ)Ljava/lang/Object; @ 109
Event: 4.085 Thread 0x00007f7c04180000 Uncommon trap: reason=unstable_if action=reinterpret pc=0x00007f7bf54cb8c0 method=com.android.dx.ssa.MoveParamCombiner$1.visitNonMoveInsn(Lcom/android/dx/ssa/NormalSsaInsn;)V @ 27
Event: 4.673 Thread 0x00007f7c04181000 Uncommon trap: reason=unstable_if action=reinterpret pc=0x00007f7bf53c1f08 method=com.android.dx.dex.code.OutputFinisher.hasLocalInfo(Lcom/android/dx/dex/code/DalvInsn;)Z @ 24
Event: 4.961 Thread 0x00007f7c0417c000 Uncommon trap: reason=unstable_if action=reinterpret pc=0x00007f7bf559660c method=com.android.dx.ssa.SCCP.simulateBranch(Lcom/android/dx/ssa/SsaInsn;)V @ 548

Internal exceptions (6 events):
Event: 0.066 Thread 0x00007f7c0400a000 Exception <a 'java/lang/NoSuchMethodError': Method sun.misc.Unsafe.defineClass(Ljava/lang/String;[BII)Ljava/lang/Class; name or signature does not match> (0x00000000eab07cc0) thrown at [/HUDSON/workspace/8-2-build-linux-amd64/jdk8u91/6644/hotspot/src/shar
Event: 0.066 Thread 0x00007f7c0400a000 Exception <a 'java/lang/NoSuchMethodError': Method sun.misc.Unsafe.prefetchRead(Ljava/lang/Object;J)V name or signature does not match> (0x00000000eab07fa8) thrown at [/HUDSON/workspace/8-2-build-linux-amd64/jdk8u91/6644/hotspot/src/share/vm/prims/jni.cpp
Event: 1.506 Thread 0x00007f7c04183000 Implicit null exception at 0x00007f7bf52b03fd to 0x00007f7bf52b3471
Event: 3.411 Thread 0x00007f7c0417c000 Exception <a 'java/lang/ArrayIndexOutOfBoundsException': 18> (0x00000000edb8dc38) thrown at [/HUDSON/workspace/8-2-build-linux-amd64/jdk8u91/6644/hotspot/src/share/vm/interpreter/interpreterRuntime.cpp, line 366]
Event: 3.411 Thread 0x00007f7c0417c000 Exception <a 'java/lang/ArrayIndexOutOfBoundsException': 145> (0x00000000edb8f7b8) thrown at [/HUDSON/workspace/8-2-build-linux-amd64/jdk8u91/6644/hotspot/src/share/vm/interpreter/interpreterRuntime.cpp, line 366]
Event: 3.412 Thread 0x00007f7c0417c000 Exception <a 'java/lang/ArrayIndexOutOfBoundsException': 40> (0x00000000edb90aa0) thrown at [/HUDSON/workspace/8-2-build-linux-amd64/jdk8u91/6644/hotspot/src/share/vm/interpreter/interpreterRuntime.cpp, line 366]

Events (10 events):
Event: 5.127 Thread 0x00007f7c0417c000 DEOPT UNPACKING pc=0x00007f7bf5047633 sp=0x00007f7bec3ade18 mode 0
Event: 5.147 Thread 0x00007f7c04181000 DEOPT PACKING pc=0x00007f7bf539dc27 sp=0x00007f7be7ffdc40
Event: 5.147 Thread 0x00007f7c04181000 DEOPT UNPACKING pc=0x00007f7bf5047633 sp=0x00007f7be7ffda70 mode 0
Event: 5.192 Thread 0x00007f7c04181000 DEOPT PACKING pc=0x00007f7bf5341cc8 sp=0x00007f7be7ffdb10
Event: 5.192 Thread 0x00007f7c04181000 DEOPT UNPACKING pc=0x00007f7bf5047633 sp=0x00007f7be7ffd898 mode 0
Event: 5.261 Thread 0x00007f7c04183000 DEOPT PACKING pc=0x00007f7bf538e3ec sp=0x00007f7be7efced0
Event: 5.261 Thread 0x00007f7c04183000 DEOPT UNPACKING pc=0x00007f7bf5047633 sp=0x00007f7be7efcbd0 mode 0
Event: 5.272 Thread 0x00007f7c04180000 DEOPT PACKING pc=0x00007f7bf53a93e6 sp=0x00007f7bec1abb60
Event: 5.272 Thread 0x00007f7c04180000 DEOPT UNPACKING pc=0x00007f7bf5047633 sp=0x00007f7bec1ab900 mode 0
Event: 5.280 Executing VM operation: ParallelGCFailedAllocation


Dynamic libraries:
00400000-00401000 r-xp 00000000 08:01 9839507                            /usr/lib/jvm/java-8-oracle/bin/java
00600000-00601000 rw-p 00000000 08:01 9839507                            /usr/lib/jvm/java-8-oracle/bin/java
02348000-02369000 rw-p 00000000 00:00 0                                  [heap]
c0000000-c5300000 rw-p 00000000 00:00 0 
c5300000-eab00000 ---p 00000000 00:00 0 
eab00000-f3100000 rw-p 00000000 00:00 0 
fd300000-100000000 ---p 00000000 00:00 0 
100000000-1000c0000 rw-p 00000000 00:00 0 
1000c0000-140000000 ---p 00000000 00:00 0 
7f7b80000000-7f7b80021000 rw-p 00000000 00:00 0 
7f7b80021000-7f7b84000000 ---p 00000000 00:00 0 
7f7b84000000-7f7b84031000 rw-p 00000000 00:00 0 
7f7b84031000-7f7b88000000 ---p 00000000 00:00 0 
7f7b88000000-7f7b88021000 rw-p 00000000 00:00 0 
7f7b88021000-7f7b8c000000 ---p 00000000 00:00 0 
7f7b8c000000-7f7b8c021000 rw-p 00000000 00:00 0 
7f7b8c021000-7f7b90000000 ---p 00000000 00:00 0 
7f7b90000000-7f7b90021000 rw-p 00000000 00:00 0 
7f7b90021000-7f7b94000000 ---p 00000000 00:00 0 
7f7b94000000-7f7b94038000 rw-p 00000000 00:00 0 
7f7b94038000-7f7b98000000 ---p 00000000 00:00 0 
7f7b98000000-7f7b98add000 rw-p 00000000 00:00 0 
7f7b98add000-7f7b9c000000 ---p 00000000 00:00 0 
7f7b9c000000-7f7b9c021000 rw-p 00000000 00:00 0 
7f7b9c021000-7f7ba0000000 ---p 00000000 00:00 0 
7f7ba0000000-7f7ba0d47000 rw-p 00000000 00:00 0 
7f7ba0d47000-7f7ba4000000 ---p 00000000 00:00 0 
7f7ba4000000-7f7ba48a0000 rw-p 00000000 00:00 0 
7f7ba48a0000-7f7ba8000000 ---p 00000000 00:00 0 
7f7ba8000000-7f7ba8021000 rw-p 00000000 00:00 0 
7f7ba8021000-7f7bac000000 ---p 00000000 00:00 0 
7f7bac000000-7f7bac876000 rw-p 00000000 00:00 0 
7f7bac876000-7f7bb0000000 ---p 00000000 00:00 0 
7f7bb0000000-7f7bb0021000 rw-p 00000000 00:00 0 
7f7bb0021000-7f7bb4000000 ---p 00000000 00:00 0 
7f7bb4000000-7f7bb4021000 rw-p 00000000 00:00 0 
7f7bb4021000-7f7bb8000000 ---p 00000000 00:00 0 
7f7bb8000000-7f7bb8021000 rw-p 00000000 00:00 0 
7f7bb8021000-7f7bbc000000 ---p 00000000 00:00 0 
7f7bbc000000-7f7bbc295000 rw-p 00000000 00:00 0 
7f7bbc295000-7f7bc0000000 ---p 00000000 00:00 0 
7f7bc0000000-7f7bc0021000 rw-p 00000000 00:00 0 
7f7bc0021000-7f7bc4000000 ---p 00000000 00:00 0 
7f7bc8000000-7f7bc8021000 rw-p 00000000 00:00 0 
7f7bc8021000-7f7bcc000000 ---p 00000000 00:00 0 
7f7bd0000000-7f7bd0021000 rw-p 00000000 00:00 0 
7f7bd0021000-7f7bd4000000 ---p 00000000 00:00 0 
7f7bd8000000-7f7bd8021000 rw-p 00000000 00:00 0 
7f7bd8021000-7f7bdc000000 ---p 00000000 00:00 0 
7f7be0000000-7f7be0021000 rw-p 00000000 00:00 0 
7f7be0021000-7f7be4000000 ---p 00000000 00:00 0 
7f7be7dfe000-7f7be7e01000 ---p 00000000 00:00 0 
7f7be7e01000-7f7be7eff000 rw-p 00000000 00:00 0 
7f7be7eff000-7f7be7f02000 ---p 00000000 00:00 0 
7f7be7f02000-7f7be8000000 rw-p 00000000 00:00 0 
7f7be8000000-7f7be8021000 rw-p 00000000 00:00 0 
7f7be8021000-7f7bec000000 ---p 00000000 00:00 0 
7f7bec0ad000-7f7bec0b0000 ---p 00000000 00:00 0 
7f7bec0b0000-7f7bec1ae000 rw-p 00000000 00:00 0 
7f7bec1ae000-7f7bec1b1000 ---p 00000000 00:00 0 
7f7bec1b1000-7f7bec2af000 rw-p 00000000 00:00 0 
7f7bec2af000-7f7bec2b2000 ---p 00000000 00:00 0 
7f7bec2b2000-7f7bec3b0000 rw-p 00000000 00:00 0 
7f7bec3b0000-7f7bec3b1000 ---p 00000000 00:00 0 
7f7bec3b1000-7f7bec4b1000 rw-p 00000000 00:00 0 
7f7bec4b1000-7f7bec4b4000 ---p 00000000 00:00 0 
7f7bec4b4000-7f7bec5b2000 rw-p 00000000 00:00 0 
7f7bec5b2000-7f7bec5b5000 ---p 00000000 00:00 0 
7f7bec5b5000-7f7bec6b3000 rw-p 00000000 00:00 0 
7f7bec6b3000-7f7bec6b6000 ---p 00000000 00:00 0 
7f7bec6b6000-7f7bec7b4000 rw-p 00000000 00:00 0 
7f7bec7b4000-7f7bec7b7000 ---p 00000000 00:00 0 
7f7bec7b7000-7f7bec8b5000 rw-p 00000000 00:00 0 
7f7bec8b5000-7f7bec8b8000 ---p 00000000 00:00 0 
7f7bec8b8000-7f7bec9b6000 rw-p 00000000 00:00 0 
7f7bec9b6000-7f7bec9b9000 ---p 00000000 00:00 0 
7f7bec9b9000-7f7becab7000 rw-p 00000000 00:00 0 
7f7becab7000-7f7beceef000 r--p 00000000 08:01 9700768                    /usr/lib/locale/locale-archive
7f7beceef000-7f7becef2000 ---p 00000000 00:00 0 
7f7becef2000-7f7becff0000 rw-p 00000000 00:00 0 
7f7becff0000-7f7becff3000 ---p 00000000 00:00 0 
7f7becff3000-7f7bed0f1000 rw-p 00000000 00:00 0 
7f7bed0f1000-7f7bed0f2000 ---p 00000000 00:00 0 
7f7bed0f2000-7f7bf0000000 rw-p 00000000 00:00 0 
7f7bf0000000-7f7bf0021000 rw-p 00000000 00:00 0 
7f7bf0021000-7f7bf4000000 ---p 00000000 00:00 0 
7f7bf4024000-7f7bf4033000 r--s 000df000 08:01 5246091                    /home/oguz/Android/Sdk/build-tools/23.0.3/lib/dx.jar
7f7bf4033000-7f7bf4e27000 rw-p 00000000 00:00 0 
7f7bf4e27000-7f7bf5000000 r--s 03d1f000 08:01 9967487                    /usr/lib/jvm/java-8-oracle/jre/lib/rt.jar
7f7bf5000000-7f7bf55f0000 rwxp 00000000 00:00 0 
7f7bf55f0000-7f7c04000000 ---p 00000000 00:00 0 
7f7c04000000-7f7c0439b000 rw-p 00000000 00:00 0 
7f7c0439b000-7f7c08000000 ---p 00000000 00:00 0 
7f7c0800e000-7f7c08746000 rw-p 00000000 00:00 0 
7f7c08746000-7f7c088c6000 ---p 00000000 00:00 0 
7f7c088c6000-7f7c08ac6000 rw-p 00000000 00:00 0 
7f7c08ac6000-7f7c08ac7000 ---p 00000000 00:00 0 
7f7c08ac7000-7f7c08bc7000 rw-p 00000000 00:00 0 
7f7c08bc7000-7f7c08bc8000 ---p 00000000 00:00 0 
7f7c08bc8000-7f7c08cc8000 rw-p 00000000 00:00 0 
7f7c08cc8000-7f7c08cc9000 ---p 00000000 00:00 0 
7f7c08cc9000-7f7c08dc9000 rw-p 00000000 00:00 0 
7f7c08dc9000-7f7c08dca000 ---p 00000000 00:00 0 
7f7c08dca000-7f7c08eca000 rw-p 00000000 00:00 0 
7f7c08eca000-7f7c08ecb000 ---p 00000000 00:00 0 
7f7c08ecb000-7f7c08fcb000 rw-p 00000000 00:00 0 
7f7c08fcb000-7f7c08fcc000 ---p 00000000 00:00 0 
7f7c08fcc000-7f7c090cc000 rw-p 00000000 00:00 0 
7f7c090cc000-7f7c090cd000 ---p 00000000 00:00 0 
7f7c090cd000-7f7c091cd000 rw-p 00000000 00:00 0 
7f7c091cd000-7f7c091ce000 ---p 00000000 00:00 0 
7f7c091ce000-7f7c092f8000 rw-p 00000000 00:00 0 
7f7c092f8000-7f7c09424000 ---p 00000000 00:00 0 
7f7c09424000-7f7c0944e000 rw-p 00000000 00:00 0 
7f7c0944e000-7f7c09579000 ---p 00000000 00:00 0 
7f7c09579000-7f7c095bd000 rw-p 00000000 00:00 0 
7f7c095bd000-7f7c09624000 ---p 00000000 00:00 0 
7f7c09624000-7f7c0963d000 rw-p 00000000 00:00 0 
7f7c0963d000-7f7c099e5000 ---p 00000000 00:00 0 
7f7c099e5000-7f7c099ff000 r-xp 00000000 08:01 10092954                   /usr/lib/jvm/java-8-oracle/jre/lib/amd64/libzip.so
7f7c099ff000-7f7c09bff000 ---p 0001a000 08:01 10092954                   /usr/lib/jvm/java-8-oracle/jre/lib/amd64/libzip.so
7f7c09bff000-7f7c09c00000 rw-p 0001a000 08:01 10092954                   /usr/lib/jvm/java-8-oracle/jre/lib/amd64/libzip.so
7f7c09c00000-7f7c09c0b000 r-xp 00000000 08:01 7603299                    /lib/x86_64-linux-gnu/libnss_files-2.23.so
7f7c09c0b000-7f7c09e0a000 ---p 0000b000 08:01 7603299                    /lib/x86_64-linux-gnu/libnss_files-2.23.so
7f7c09e0a000-7f7c09e0b000 r--p 0000a000 08:01 7603299                    /lib/x86_64-linux-gnu/libnss_files-2.23.so
7f7c09e0b000-7f7c09e0c000 rw-p 0000b000 08:01 7603299                    /lib/x86_64-linux-gnu/libnss_files-2.23.so
7f7c09e0c000-7f7c09e12000 rw-p 00000000 00:00 0 
7f7c09e12000-7f7c09e1d000 r-xp 00000000 08:01 7603296                    /lib/x86_64-linux-gnu/libnss_nis-2.23.so
7f7c09e1d000-7f7c0a01c000 ---p 0000b000 08:01 7603296                    /lib/x86_64-linux-gnu/libnss_nis-2.23.so
7f7c0a01c000-7f7c0a01d000 r--p 0000a000 08:01 7603296                    /lib/x86_64-linux-gnu/libnss_nis-2.23.so
7f7c0a01d000-7f7c0a01e000 rw-p 0000b000 08:01 7603296                    /lib/x86_64-linux-gnu/libnss_nis-2.23.so
7f7c0a01e000-7f7c0a034000 r-xp 00000000 08:01 7603294                    /lib/x86_64-linux-gnu/libnsl-2.23.so
7f7c0a034000-7f7c0a234000 ---p 00016000 08:01 7603294                    /lib/x86_64-linux-gnu/libnsl-2.23.so
7f7c0a234000-7f7c0a235000 r--p 00016000 08:01 7603294                    /lib/x86_64-linux-gnu/libnsl-2.23.so
7f7c0a235000-7f7c0a236000 rw-p 00017000 08:01 7603294                    /lib/x86_64-linux-gnu/libnsl-2.23.so
7f7c0a236000-7f7c0a238000 rw-p 00000000 00:00 0 
7f7c0a238000-7f7c0a240000 r-xp 00000000 08:01 7603292                    /lib/x86_64-linux-gnu/libnss_compat-2.23.so
7f7c0a240000-7f7c0a43f000 ---p 00008000 08:01 7603292                    /lib/x86_64-linux-gnu/libnss_compat-2.23.so
7f7c0a43f000-7f7c0a440000 r--p 00007000 08:01 7603292                    /lib/x86_64-linux-gnu/libnss_compat-2.23.so
7f7c0a440000-7f7c0a441000 rw-p 00008000 08:01 7603292                    /lib/x86_64-linux-gnu/libnss_compat-2.23.so
7f7c0a441000-7f7c0a46b000 r-xp 00000000 08:01 10092949                   /usr/lib/jvm/java-8-oracle/jre/lib/amd64/libjava.so
7f7c0a46b000-7f7c0a66b000 ---p 0002a000 08:01 10092949                   /usr/lib/jvm/java-8-oracle/jre/lib/amd64/libjava.so
7f7c0a66b000-7f7c0a66d000 rw-p 0002a000 08:01 10092949                   /usr/lib/jvm/java-8-oracle/jre/lib/amd64/libjava.so
7f7c0a66d000-7f7c0a67a000 r-xp 00000000 08:01 10092953                   /usr/lib/jvm/java-8-oracle/jre/lib/amd64/libverify.so
7f7c0a67a000-7f7c0a87a000 ---p 0000d000 08:01 10092953                   /usr/lib/jvm/java-8-oracle/jre/lib/amd64/libverify.so
7f7c0a87a000-7f7c0a87c000 rw-p 0000d000 08:01 10092953                   /usr/lib/jvm/java-8-oracle/jre/lib/amd64/libverify.so
7f7c0a87c000-7f7c0a883000 r-xp 00000000 08:01 7603308                    /lib/x86_64-linux-gnu/librt-2.23.so
7f7c0a883000-7f7c0aa82000 ---p 00007000 08:01 7603308                    /lib/x86_64-linux-gnu/librt-2.23.so
7f7c0aa82000-7f7c0aa83000 r--p 00006000 08:01 7603308                    /lib/x86_64-linux-gnu/librt-2.23.so
7f7c0aa83000-7f7c0aa84000 rw-p 00007000 08:01 7603308                    /lib/x86_64-linux-gnu/librt-2.23.so
7f7c0aa84000-7f7c0ab8c000 r-xp 00000000 08:01 7603305                    /lib/x86_64-linux-gnu/libm-2.23.so
7f7c0ab8c000-7f7c0ad8b000 ---p 00108000 08:01 7603305                    /lib/x86_64-linux-gnu/libm-2.23.so
7f7c0ad8b000-7f7c0ad8c000 r--p 00107000 08:01 7603305                    /lib/x86_64-linux-gnu/libm-2.23.so
7f7c0ad8c000-7f7c0ad8d000 rw-p 00108000 08:01 7603305                    /lib/x86_64-linux-gnu/libm-2.23.so
7f7c0ad8d000-7f7c0ba4d000 r-xp 00000000 08:01 10092932                   /usr/lib/jvm/java-8-oracle/jre/lib/amd64/server/libjvm.so
7f7c0ba4d000-7f7c0bc4d000 ---p 00cc0000 08:01 10092932                   /usr/lib/jvm/java-8-oracle/jre/lib/amd64/server/libjvm.so
7f7c0bc4d000-7f7c0bd25000 rw-p 00cc0000 08:01 10092932                   /usr/lib/jvm/java-8-oracle/jre/lib/amd64/server/libjvm.so
7f7c0bd25000-7f7c0bd70000 rw-p 00000000 00:00 0 
7f7c0bd70000-7f7c0bf30000 r-xp 00000000 08:01 7603313                    /lib/x86_64-linux-gnu/libc-2.23.so
7f7c0bf30000-7f7c0c130000 ---p 001c0000 08:01 7603313                    /lib/x86_64-linux-gnu/libc-2.23.so
7f7c0c130000-7f7c0c134000 r--p 001c0000 08:01 7603313                    /lib/x86_64-linux-gnu/libc-2.23.so
7f7c0c134000-7f7c0c136000 rw-p 001c4000 08:01 7603313                    /lib/x86_64-linux-gnu/libc-2.23.so
7f7c0c136000-7f7c0c13a000 rw-p 00000000 00:00 0 
7f7c0c13a000-7f7c0c13d000 r-xp 00000000 08:01 7603314                    /lib/x86_64-linux-gnu/libdl-2.23.so
7f7c0c13d000-7f7c0c33c000 ---p 00003000 08:01 7603314                    /lib/x86_64-linux-gnu/libdl-2.23.so
7f7c0c33c000-7f7c0c33d000 r--p 00002000 08:01 7603314                    /lib/x86_64-linux-gnu/libdl-2.23.so
7f7c0c33d000-7f7c0c33e000 rw-p 00003000 08:01 7603314                    /lib/x86_64-linux-gnu/libdl-2.23.so
7f7c0c33e000-7f7c0c353000 r-xp 00000000 08:01 9840182                    /usr/lib/jvm/java-8-oracle/lib/amd64/jli/libjli.so
7f7c0c353000-7f7c0c553000 ---p 00015000 08:01 9840182                    /usr/lib/jvm/java-8-oracle/lib/amd64/jli/libjli.so
7f7c0c553000-7f7c0c554000 rw-p 00015000 08:01 9840182                    /usr/lib/jvm/java-8-oracle/lib/amd64/jli/libjli.so
7f7c0c554000-7f7c0c56c000 r-xp 00000000 08:01 7603312                    /lib/x86_64-linux-gnu/libpthread-2.23.so
7f7c0c56c000-7f7c0c76b000 ---p 00018000 08:01 7603312                    /lib/x86_64-linux-gnu/libpthread-2.23.so
7f7c0c76b000-7f7c0c76c000 r--p 00017000 08:01 7603312                    /lib/x86_64-linux-gnu/libpthread-2.23.so
7f7c0c76c000-7f7c0c76d000 rw-p 00018000 08:01 7603312                    /lib/x86_64-linux-gnu/libpthread-2.23.so
7f7c0c76d000-7f7c0c771000 rw-p 00000000 00:00 0 
7f7c0c771000-7f7c0c797000 r-xp 00000000 08:01 7603309                    /lib/x86_64-linux-gnu/ld-2.23.so
7f7c0c79d000-7f7c0c86f000 rw-p 00000000 00:00 0 
7f7c0c86f000-7f7c0c872000 ---p 00000000 00:00 0 
7f7c0c872000-7f7c0c974000 rw-p 00000000 00:00 0 
7f7c0c976000-7f7c0c98a000 rw-p 00000000 00:00 0 
7f7c0c98a000-7f7c0c992000 rw-s 00000000 08:01 132028                     /tmp/hsperfdata_oguz/15530
7f7c0c992000-7f7c0c993000 rw-p 00000000 00:00 0 
7f7c0c993000-7f7c0c994000 ---p 00000000 00:00 0 
7f7c0c994000-7f7c0c996000 rw-p 00000000 00:00 0 
7f7c0c996000-7f7c0c997000 r--p 00025000 08:01 7603309                    /lib/x86_64-linux-gnu/ld-2.23.so
7f7c0c997000-7f7c0c998000 rw-p 00026000 08:01 7603309                    /lib/x86_64-linux-gnu/ld-2.23.so
7f7c0c998000-7f7c0c999000 rw-p 00000000 00:00 0 
7fffb8acb000-7fffb8aec000 rw-p 00000000 00:00 0                          [stack]
7fffb8b0f000-7fffb8b11000 r--p 00000000 00:00 0                          [vvar]
7fffb8b11000-7fffb8b13000 r-xp 00000000 00:00 0                          [vdso]
ffffffffff600000-ffffffffff601000 r-xp 00000000 00:00 0                  [vsyscall]

VM Arguments:
jvm_args: -Djava.awt.headless=true -Xmx1024M -Dfile.encoding=UTF-8 -Duser.country=TR -Duser.language=tr -Duser.variant 
java_command: com.android.dx.command.Main --dex --force-jumbo --num-threads=4 --multi-dex --output /home/oguz/Masaüstü/FomApplicationAndroid/app/build/intermediates/transforms/dex/debug/folders/1000/10/com.android.support-appcompat-v7-23.3.0_e1df6f83b2e5d080a1446384bf4f3b636b871261 /home/oguz/Masaüstü/FomApplicationAndroid/app/build/intermediates/exploded-aar/com.android.support/appcompat-v7/23.3.0/jars/classes.jar
java_class_path (initial): /home/oguz/Android/Sdk/build-tools/23.0.3/lib/dx.jar
Launcher Type: SUN_STANDARD

Environment Variables:
PATH=/usr/local/sbin:/usr/local/bin:/usr/sbin:/usr/bin:/sbin:/bin:/usr/games:/usr/local/games:/snap/bin
LD_LIBRARY_PATH=/home/oguz/Masaüstü/Derleyiciler/android-studio/bin:
SHELL=/bin/bash
DISPLAY=:0

Signal Handlers:
SIGSEGV: [libjvm.so+0xabca10], sa_mask[0]=11111111011111111101111111111110, sa_flags=SA_RESTART|SA_SIGINFO
SIGBUS: [libjvm.so+0xabca10], sa_mask[0]=11111111011111111101111111111110, sa_flags=SA_RESTART|SA_SIGINFO
SIGFPE: [libjvm.so+0x919a20], sa_mask[0]=11111111011111111101111111111110, sa_flags=SA_RESTART|SA_SIGINFO
SIGPIPE: [libjvm.so+0x919a20], sa_mask[0]=11111111011111111101111111111110, sa_flags=SA_RESTART|SA_SIGINFO
SIGXFSZ: [libjvm.so+0x919a20], sa_mask[0]=11111111011111111101111111111110, sa_flags=SA_RESTART|SA_SIGINFO
SIGILL: [libjvm.so+0x919a20], sa_mask[0]=11111111011111111101111111111110, sa_flags=SA_RESTART|SA_SIGINFO
SIGUSR1: SIG_DFL, sa_mask[0]=00000000000000000000000000000000, sa_flags=none
SIGUSR2: [libjvm.so+0x91b050], sa_mask[0]=00100000000000000000000000000000, sa_flags=SA_RESTART|SA_SIGINFO
SIGHUP: [libjvm.so+0x91c450], sa_mask[0]=11111111011111111101111111111110, sa_flags=SA_RESTART|SA_SIGINFO
SIGINT: [libjvm.so+0x91c450], sa_mask[0]=11111111011111111101111111111110, sa_flags=SA_RESTART|SA_SIGINFO
SIGTERM: [libjvm.so+0x91c450], sa_mask[0]=11111111011111111101111111111110, sa_flags=SA_RESTART|SA_SIGINFO
SIGQUIT: [libjvm.so+0x91c450], sa_mask[0]=11111111011111111101111111111110, sa_flags=SA_RESTART|SA_SIGINFO


---------------  S Y S T E M  ---------------

OS:DISTRIB_ID=Ubuntu
DISTRIB_RELEASE=16.04
DISTRIB_CODENAME=xenial
DISTRIB_DESCRIPTION="Ubuntu Xenial Xerus (development branch)"

uname:Linux 4.4.0-22-generic #39-Ubuntu SMP Thu May 5 16:53:32 UTC 2016 x86_64
libc:glibc 2.23 NPTL 2.23 
rlimit: STACK 8192k, CORE 0k, NPROC 31498, NOFILE 65536, AS infinity
load average:7.44 1.85 0.75

/proc/meminfo:
MemTotal:        8101800 kB
MemFree:           56200 kB
MemAvailable:     144168 kB
Buffers:            5308 kB
Cached:           462492 kB
SwapCached:            0 kB
Active:          7400560 kB
Inactive:         407264 kB
Active(anon):    7357068 kB
Inactive(anon):   368648 kB
Active(file):      43492 kB
Inactive(file):    38616 kB
Unevictable:          92 kB
Mlocked:              92 kB
SwapTotal:             0 kB
SwapFree:              0 kB
Dirty:              4716 kB
Writeback:             0 kB
AnonPages:       7339648 kB
Mapped:           181408 kB
Shmem:            386460 kB
Slab:             100780 kB
SReclaimable:      48232 kB
SUnreclaim:        52548 kB
KernelStack:       18640 kB
PageTables:        60824 kB
NFS_Unstable:          0 kB
Bounce:                0 kB
WritebackTmp:          0 kB
CommitLimit:     4050900 kB
Committed_AS:   13387732 kB
VmallocTotal:   34359738367 kB
VmallocUsed:           0 kB
VmallocChunk:          0 kB
HardwareCorrupted:     0 kB
AnonHugePages:   5132288 kB
CmaTotal:              0 kB
CmaFree:               0 kB
HugePages_Total:       0
HugePages_Free:        0
HugePages_Rsvd:        0
HugePages_Surp:        0
Hugepagesize:       2048 kB
DirectMap4k:      178944 kB
DirectMap2M:     8136704 kB
DirectMap1G:     1048576 kB


CPU:total 8 (4 cores per cpu, 2 threads per core) family 6 model 60 stepping 3, cmov, cx8, fxsr, mmx, sse, sse2, sse3, ssse3, sse4.1, sse4.2, popcnt, avx, avx2, aes, clmul, erms, lzcnt, ht, tsc, tscinvbit, bmi1, bmi2

/proc/cpuinfo:
processor	: 0
vendor_id	: GenuineIntel
cpu family	: 6
model		: 60
model name	: Intel(R) Core(TM) i7-4700MQ CPU @ 2.40GHz
stepping	: 3
microcode	: 0x16
cpu MHz		: 1599.937
cache size	: 6144 KB
physical id	: 0
siblings	: 8
core id		: 0
cpu cores	: 4
apicid		: 0
initial apicid	: 0
fpu		: yes
fpu_exception	: yes
cpuid level	: 13
wp		: yes
flags		: fpu vme de pse tsc msr pae mce cx8 apic sep mtrr pge mca cmov pat pse36 clflush dts acpi mmx fxsr sse sse2 ss ht tm pbe syscall nx pdpe1gb rdtscp lm constant_tsc arch_perfmon pebs bts rep_good nopl xtopology nonstop_tsc aperfmperf eagerfpu pni pclmulqdq dtes64 monitor ds_cpl vmx est tm2 ssse3 sdbg fma cx16 xtpr pdcm pcid sse4_1 sse4_2 movbe popcnt tsc_deadline_timer aes xsave avx f16c rdrand lahf_lm abm epb tpr_shadow vnmi flexpriority ept vpid fsgsbase tsc_adjust bmi1 avx2 smep bmi2 erms invpcid xsaveopt dtherm ida arat pln pts
bugs		:
bogomips	: 4789.21
clflush size	: 64
cache_alignment	: 64
address sizes	: 39 bits physical, 48 bits virtual
power management:

processor	: 1
vendor_id	: GenuineIntel
cpu family	: 6
model		: 60
model name	: Intel(R) Core(TM) i7-4700MQ CPU @ 2.40GHz
stepping	: 3
microcode	: 0x16
cpu MHz		: 1599.937
cache size	: 6144 KB
physical id	: 0
siblings	: 8
core id		: 0
cpu cores	: 4
apicid		: 1
initial apicid	: 1
fpu		: yes
fpu_exception	: yes
cpuid level	: 13
wp		: yes
flags		: fpu vme de pse tsc msr pae mce cx8 apic sep mtrr pge mca cmov pat pse36 clflush dts acpi mmx fxsr sse sse2 ss ht tm pbe syscall nx pdpe1gb rdtscp lm constant_tsc arch_perfmon pebs bts rep_good nopl xtopology nonstop_tsc aperfmperf eagerfpu pni pclmulqdq dtes64 monitor ds_cpl vmx est tm2 ssse3 sdbg fma cx16 xtpr pdcm pcid sse4_1 sse4_2 movbe popcnt tsc_deadline_timer aes xsave avx f16c rdrand lahf_lm abm epb tpr_shadow vnmi flexpriority ept vpid fsgsbase tsc_adjust bmi1 avx2 smep bmi2 erms invpcid xsaveopt dtherm ida arat pln pts
bugs		:
bogomips	: 4789.21
clflush size	: 64
cache_alignment	: 64
address sizes	: 39 bits physical, 48 bits virtual
power management:

processor	: 2
vendor_id	: GenuineIntel
cpu family	: 6
model		: 60
model name	: Intel(R) Core(TM) i7-4700MQ CPU @ 2.40GHz
stepping	: 3
microcode	: 0x16
cpu MHz		: 1599.937
cache size	: 6144 KB
physical id	: 0
siblings	: 8
core id		: 1
cpu cores	: 4
apicid		: 2
initial apicid	: 2
fpu		: yes
fpu_exception	: yes
cpuid level	: 13
wp		: yes
flags		: fpu vme de pse tsc msr pae mce cx8 apic sep mtrr pge mca cmov pat pse36 clflush dts acpi mmx fxsr sse sse2 ss ht tm pbe syscall nx pdpe1gb rdtscp lm constant_tsc arch_perfmon pebs bts rep_good nopl xtopology nonstop_tsc aperfmperf eagerfpu pni pclmulqdq dtes64 monitor ds_cpl vmx est tm2 ssse3 sdbg fma cx16 xtpr pdcm pcid sse4_1 sse4_2 movbe popcnt tsc_deadline_timer aes xsave avx f16c rdrand lahf_lm abm epb tpr_shadow vnmi flexpriority ept vpid fsgsbase tsc_adjust bmi1 avx2 smep bmi2 erms invpcid xsaveopt dtherm ida arat pln pts
bugs		:
bogomips	: 4789.21
clflush size	: 64
cache_alignment	: 64
address sizes	: 39 bits physical, 48 bits virtual
power management:

processor	: 3
vendor_id	: GenuineIntel
cpu family	: 6
model		: 60
model name	: Intel(R) Core(TM) i7-4700MQ CPU @ 2.40GHz
stepping	: 3
microcode	: 0x16
cpu MHz		: 1599.937
cache size	: 6144 KB
physical id	: 0
siblings	: 8
core id		: 1
cpu cores	: 4
apicid		: 3
initial apicid	: 3
fpu		: yes
fpu_exception	: yes
cpuid level	: 13
wp		: yes
flags		: fpu vme de pse tsc msr pae mce cx8 apic sep mtrr pge mca cmov pat pse36 clflush dts acpi mmx fxsr sse sse2 ss ht tm pbe syscall nx pdpe1gb rdtscp lm constant_tsc arch_perfmon pebs bts rep_good nopl xtopology nonstop_tsc aperfmperf eagerfpu pni pclmulqdq dtes64 monitor ds_cpl vmx est tm2 ssse3 sdbg fma cx16 xtpr pdcm pcid sse4_1 sse4_2 movbe popcnt tsc_deadline_timer aes xsave avx f16c rdrand lahf_lm abm epb tpr_shadow vnmi flexpriority ept vpid fsgsbase tsc_adjust bmi1 avx2 smep bmi2 erms invpcid xsaveopt dtherm ida arat pln pts
bugs		:
bogomips	: 4789.21
clflush size	: 64
cache_alignment	: 64
address sizes	: 39 bits physical, 48 bits virtual
power management:

processor	: 4
vendor_id	: GenuineIntel
cpu family	: 6
model		: 60
model name	: Intel(R) Core(TM) i7-4700MQ CPU @ 2.40GHz
stepping	: 3
microcode	: 0x16
cpu MHz		: 1599.937
cache size	: 6144 KB
physical id	: 0
siblings	: 8
core id		: 2
cpu cores	: 4
apicid		: 4
initial apicid	: 4
fpu		: yes
fpu_exception	: yes
cpuid level	: 13
wp		: yes
flags		: fpu vme de pse tsc msr pae mce cx8 apic sep mtrr pge mca cmov pat pse36 clflush dts acpi mmx fxsr sse sse2 ss ht tm pbe syscall nx pdpe1gb rdtscp lm constant_tsc arch_perfmon pebs bts rep_good nopl xtopology nonstop_tsc aperfmperf eagerfpu pni pclmulqdq dtes64 monitor ds_cpl vmx est tm2 ssse3 sdbg fma cx16 xtpr pdcm pcid sse4_1 sse4_2 movbe popcnt tsc_deadline_timer aes xsave avx f16c rdrand lahf_lm abm epb tpr_shadow vnmi flexpriority ept vpid fsgsbase tsc_adjust bmi1 avx2 smep bmi2 erms invpcid xsaveopt dtherm ida arat pln pts
bugs		:
bogomips	: 4789.21
clflush size	: 64
cache_alignment	: 64
address sizes	: 39 bits physical, 48 bits virtual
power management:

processor	: 5
vendor_id	: GenuineIntel
cpu family	: 6
model		: 60
model name	: Intel(R) Core(TM) i7-4700MQ CPU @ 2.40GHz
stepping	: 3
microcode	: 0x16
cpu MHz		: 1599.937
cache size	: 6144 KB
physical id	: 0
siblings	: 8
core id		: 2
cpu cores	: 4
apicid		: 5
initial apicid	: 5
fpu		: yes
fpu_exception	: yes
cpuid level	: 13
wp		: yes
flags		: fpu vme de pse tsc msr pae mce cx8 apic sep mtrr pge mca cmov pat pse36 clflush dts acpi mmx fxsr sse sse2 ss ht tm pbe syscall nx pdpe1gb rdtscp lm constant_tsc arch_perfmon pebs bts rep_good nopl xtopology nonstop_tsc aperfmperf eagerfpu pni pclmulqdq dtes64 monitor ds_cpl vmx est tm2 ssse3 sdbg fma cx16 xtpr pdcm pcid sse4_1 sse4_2 movbe popcnt tsc_deadline_timer aes xsave avx f16c rdrand lahf_lm abm epb tpr_shadow vnmi flexpriority ept vpid fsgsbase tsc_adjust bmi1 avx2 smep bmi2 erms invpcid xsaveopt dtherm ida arat pln pts
bugs		:
bogomips	: 4789.21
clflush size	: 64
cache_alignment	: 64
address sizes	: 39 bits physical, 48 bits virtual
power management:

processor	: 6
vendor_id	: GenuineIntel
cpu family	: 6
model		: 60
model name	: Intel(R) Core(TM) i7-4700MQ CPU @ 2.40GHz
stepping	: 3
microcode	: 0x16
cpu MHz		: 1599.937
cache size	: 6144 KB
physical id	: 0
siblings	: 8
core id		: 3
cpu cores	: 4
apicid		: 6
initial apicid	: 6
fpu		: yes
fpu_exception	: yes
cpuid level	: 13
wp		: yes
flags		: fpu vme de pse tsc msr pae mce cx8 apic sep mtrr pge mca cmov pat pse36 clflush dts acpi mmx fxsr sse sse2 ss ht tm pbe syscall nx pdpe1gb rdtscp lm constant_tsc arch_perfmon pebs bts rep_good nopl xtopology nonstop_tsc aperfmperf eagerfpu pni pclmulqdq dtes64 monitor ds_cpl vmx est tm2 ssse3 sdbg fma cx16 xtpr pdcm pcid sse4_1 sse4_2 movbe popcnt tsc_deadline_timer aes xsave avx f16c rdrand lahf_lm abm epb tpr_shadow vnmi flexpriority ept vpid fsgsbase tsc_adjust bmi1 avx2 smep bmi2 erms invpcid xsaveopt dtherm ida arat pln pts
bugs		:
bogomips	: 4789.21
clflush size	: 64
cache_alignment	: 64
address sizes	: 39 bits physical, 48 bits virtual
power management:

processor	: 7
vendor_id	: GenuineIntel
cpu family	: 6
model		: 60
model name	: Intel(R) Core(TM) i7-4700MQ CPU @ 2.40GHz
stepping	: 3
microcode	: 0x16
cpu MHz		: 1599.937
cache size	: 6144 KB
physical id	: 0
siblings	: 8
core id		: 3
cpu cores	: 4
apicid		: 7
initial apicid	: 7
fpu		: yes
fpu_exception	: yes
cpuid level	: 13
wp		: yes
flags		: fpu vme de pse tsc msr pae mce cx8 apic sep mtrr pge mca cmov pat pse36 clflush dts acpi mmx fxsr sse sse2 ss ht tm pbe syscall nx pdpe1gb rdtscp lm constant_tsc arch_perfmon pebs bts rep_good nopl xtopology nonstop_tsc aperfmperf eagerfpu pni pclmulqdq dtes64 monitor ds_cpl vmx est tm2 ssse3 sdbg fma cx16 xtpr pdcm pcid sse4_1 sse4_2 movbe popcnt tsc_deadline_timer aes xsave avx f16c rdrand lahf_lm abm epb tpr_shadow vnmi flexpriority ept vpid fsgsbase tsc_adjust bmi1 avx2 smep bmi2 erms invpcid xsaveopt dtherm ida arat pln pts
bugs		:
bogomips	: 4789.21
clflush size	: 64
cache_alignment	: 64
address sizes	: 39 bits physical, 48 bits virtual
power management:



Memory: 4k page, physical 8101800k(56200k free), swap 0k(0k free)

vm_info: Java HotSpot(TM) 64-Bit Server VM (25.91-b14) for linux-amd64 JRE (1.8.0_91-b14), built on Apr  1 2016 00:57:21 by "java_re" with gcc 4.3.0 20080428 (Red Hat 4.3.0-8)

time: Fri Aug  5 13:36:42 2016
elapsed time: 5 seconds (0d 0h 0m 5s)

