#
# There is insufficient memory for the Java Runtime Environment to continue.
# Native memory allocation (mmap) failed to map 65011712 bytes for committing reserved memory.
# Possible reasons:
#   The system is out of physical RAM or swap space
#   In 32 bit mode, the process size limit was hit
# Possible solutions:
#   Reduce memory load on the system
#   Increase physical memory or swap space
#   Check if swap backing store is full
#   Use 64 bit Java on a 64 bit OS
#   Decrease Java heap size (-Xmx/-Xms)
#   Decrease number of Java threads
#   Decrease Java thread stack sizes (-Xss)
#   Set larger code cache with -XX:ReservedCodeCacheSize=
# This output file may be truncated or incomplete.
#
#  Out of Memory Error (os_linux.cpp:2627), pid=7150, tid=140512498517760
#
# JRE version: Java(TM) SE Runtime Environment (8.0_91-b14) (build 1.8.0_91-b14)
# Java VM: Java HotSpot(TM) 64-Bit Server VM (25.91-b14 mixed mode linux-amd64 compressed oops)
# Failed to write core dump. Core dumps have been disabled. To enable core dumping, try "ulimit -c unlimited" before starting Java again
#

---------------  T H R E A D  ---------------

Current thread (0x00007fcbb4080000):  VMThread [stack: 0x00007fcb9d7f8000,0x00007fcb9d8f9000] [id=7195]

Stack: [0x00007fcb9d7f8000,0x00007fcb9d8f9000],  sp=0x00007fcb9d8f7020,  free space=1020k
Native frames: (J=compiled Java code, j=interpreted, Vv=VM code, C=native code)
V  [libjvm.so+0xabc18a]  VMError::report_and_die()+0x2ba
V  [libjvm.so+0x4fafeb]  report_vm_out_of_memory(char const*, int, unsigned long, VMErrorType, char const*)+0x8b
V  [libjvm.so+0x91cbb3]  os::Linux::commit_memory_impl(char*, unsigned long, bool)+0x103
V  [libjvm.so+0x91d109]  os::pd_commit_memory(char*, unsigned long, unsigned long, bool)+0x29
V  [libjvm.so+0x91740a]  os::commit_memory(char*, unsigned long, unsigned long, bool)+0x2a
V  [libjvm.so+0x98b033]  PSVirtualSpace::expand_by(unsigned long)+0x53
V  [libjvm.so+0x98c438]  PSYoungGen::resize_generation(unsigned long, unsigned long)+0xf8
V  [libjvm.so+0x98b592]  PSYoungGen::resize(unsigned long, unsigned long)+0x22
V  [libjvm.so+0x98886b]  PSScavenge::invoke_no_policy()+0xf3b
V  [libjvm.so+0x988ff1]  PSScavenge::invoke()+0x41
V  [libjvm.so+0x9408b0]  ParallelScavengeHeap::failed_mem_allocate(unsigned long)+0x70
V  [libjvm.so+0xabdba7]  VM_ParallelGCFailedAllocation::doit()+0x97
V  [libjvm.so+0xac55d5]  VM_Operation::evaluate()+0x55
V  [libjvm.so+0xac39aa]  VMThread::evaluate_operation(VM_Operation*)+0xba
V  [libjvm.so+0xac3d2e]  VMThread::loop()+0x1ce
V  [libjvm.so+0xac41a0]  VMThread::run()+0x70
V  [libjvm.so+0x91ef78]  java_start(Thread*)+0x108

VM_Operation (0x00007fcb9c8b2cf0): ParallelGCFailedAllocation, mode: safepoint, requested by thread 0x00007fcbb4173000


---------------  P R O C E S S  ---------------

Java Threads: ( => current thread )
  0x00007fcbb4184000 JavaThread "pool-2-thread-4" [_thread_blocked, id=7239, stack(0x00007fcb9c5b2000,0x00007fcb9c6b3000)]
  0x00007fcbb4180000 JavaThread "pool-2-thread-3" [_thread_blocked, id=7238, stack(0x00007fcb9c6b3000,0x00007fcb9c7b4000)]
  0x00007fcbb4173000 JavaThread "pool-2-thread-2" [_thread_blocked, id=7229, stack(0x00007fcb9c7b4000,0x00007fcb9c8b5000)]
  0x00007fcbb4167800 JavaThread "pool-3-thread-1" [_thread_blocked, id=7228, stack(0x00007fcb9c8b5000,0x00007fcb9c9b6000)]
  0x00007fcbb4165000 JavaThread "pool-2-thread-1" [_thread_blocked, id=7225, stack(0x00007fcb9c9b6000,0x00007fcb9cab7000)]
  0x00007fcbb40cb800 JavaThread "Service Thread" daemon [_thread_blocked, id=7209, stack(0x00007fcb9cbb8000,0x00007fcb9ccb9000)]
  0x00007fcbb40c8800 JavaThread "C1 CompilerThread3" daemon [_thread_blocked, id=7208, stack(0x00007fcb9ccb9000,0x00007fcb9cdba000)]
  0x00007fcbb40c6800 JavaThread "C2 CompilerThread2" daemon [_thread_blocked, id=7207, stack(0x00007fcb9cdba000,0x00007fcb9cebb000)]
  0x00007fcbb40c5000 JavaThread "C2 CompilerThread1" daemon [_thread_blocked, id=7206, stack(0x00007fcb9cebb000,0x00007fcb9cfbc000)]
  0x00007fcbb40c2000 JavaThread "C2 CompilerThread0" daemon [_thread_blocked, id=7205, stack(0x00007fcb9cfbc000,0x00007fcb9d0bd000)]
  0x00007fcbb40c0800 JavaThread "Signal Dispatcher" daemon [_thread_blocked, id=7204, stack(0x00007fcb9d0bd000,0x00007fcb9d1be000)]
  0x00007fcbb408c000 JavaThread "Finalizer" daemon [_thread_blocked, id=7198, stack(0x00007fcb9d5f6000,0x00007fcb9d6f7000)]
  0x00007fcbb4087800 JavaThread "Reference Handler" daemon [_thread_blocked, id=7197, stack(0x00007fcb9d6f7000,0x00007fcb9d7f8000)]
  0x00007fcbb400a000 JavaThread "main" [_thread_blocked, id=7169, stack(0x00007fcbbd00f000,0x00007fcbbd110000)]

Other Threads:
=>0x00007fcbb4080000 VMThread [stack: 0x00007fcb9d7f8000,0x00007fcb9d8f9000] [id=7195]
  0x00007fcbb40ce800 WatcherThread [stack: 0x00007fcb9cab7000,0x00007fcb9cbb8000] [id=7210]

VM state:at safepoint (normal execution)

VM Mutex/Monitor currently owned by a thread:  ([mutex/lock_event])
[0x00007fcbb40064d0] Threads_lock - owner thread: 0x00007fcbb4080000
[0x00007fcbb40069d0] Heap_lock - owner thread: 0x00007fcbb4173000

Heap:
 PSYoungGen      total 68608K, used 5107K [0x00000000eab00000, 0x00000000ef300000, 0x0000000100000000)
  eden space 63488K, 0% used [0x00000000eab00000,0x00000000eab00000,0x00000000ee900000)
  from space 5120K, 99% used [0x00000000ee900000,0x00000000eedfcd08,0x00000000eee00000)
  to   space 5120K, 0% used [0x00000000eee00000,0x00000000eee00000,0x00000000ef300000)
 ParOldGen       total 84992K, used 15057K [0x00000000c0000000, 0x00000000c5300000, 0x00000000eab00000)
  object space 84992K, 17% used [0x00000000c0000000,0x00000000c0eb4660,0x00000000c5300000)
 Metaspace       used 5718K, capacity 6896K, committed 7040K, reserved 1056768K
  class space    used 580K, capacity 616K, committed 640K, reserved 1048576K

Card table byte_map: [0x00007fcbb9bc5000,0x00007fcbb9dc6000] byte_map_base: 0x00007fcbb95c5000

Marking Bits: (ParMarkBitMap*) 0x00007fcbbc4e4d60
 Begin Bits: [0x00007fcb9e000000, 0x00007fcb9f000000)
 End Bits:   [0x00007fcb9f000000, 0x00007fcba0000000)

Polling page: 0x00007fcbbd134000

CodeCache: size=245760Kb used=4553Kb max_used=4553Kb free=241206Kb
 bounds [0x00007fcba5000000, 0x00007fcba5480000, 0x00007fcbb4000000]
 total_blobs=1448 nmethods=1186 adapters=175
 compilation: enabled

Compilation events (10 events):
Event: 1.850 Thread 0x00007fcbb40c8800 nmethod 1272% 0x00007fcba54690d0 code [0x00007fcba54694a0, 0x00007fcba546bd58]
Event: 1.850 Thread 0x00007fcbb40c8800 1273       2       com.android.dx.dex.code.RopTranslator::pickOrder (400 bytes)
Event: 1.853 Thread 0x00007fcbb40c8800 nmethod 1273 0x00007fcba546d2d0 code [0x00007fcba546d520, 0x00007fcba546e0d8]
Event: 1.854 Thread 0x00007fcbb40c8800 1287       2       com.android.dx.ssa.Dominators::run (506 bytes)
Event: 1.856 Thread 0x00007fcbb40c8800 nmethod 1287 0x00007fcba546ef90 code [0x00007fcba546f360, 0x00007fcba5470858]
Event: 1.856 Thread 0x00007fcbb40c8800 1279       2       com.android.dx.ssa.DomFront::calcDomFronts (154 bytes)
Event: 1.857 Thread 0x00007fcbb40c8800 nmethod 1279 0x00007fcba5473610 code [0x00007fcba5473820, 0x00007fcba5473e88]
Event: 1.857 Thread 0x00007fcbb40c8800 1289       2       com.android.dx.ssa.back.FirstFitLocalCombiningAllocator::handleNormalUnassociated (99 bytes)
Event: 1.858 Thread 0x00007fcbb40c8800 nmethod 1289 0x00007fcba5474790 code [0x00007fcba54749c0, 0x00007fcba5474f78]
Event: 1.858 Thread 0x00007fcbb40c8800 1288       2       com.android.dx.ssa.ConstCollector::getConstsSortedByCountUse (386 bytes)

GC Heap History (5 events):
Event: 1.102 GC heap before
{Heap before GC invocations=1 (full 0):
 PSYoungGen      total 36864K, used 31744K [0x00000000eab00000, 0x00000000ed400000, 0x0000000100000000)
  eden space 31744K, 100% used [0x00000000eab00000,0x00000000eca00000,0x00000000eca00000)
  from space 5120K, 0% used [0x00000000ecf00000,0x00000000ecf00000,0x00000000ed400000)
  to   space 5120K, 0% used [0x00000000eca00000,0x00000000eca00000,0x00000000ecf00000)
 ParOldGen       total 84992K, used 0K [0x00000000c0000000, 0x00000000c5300000, 0x00000000eab00000)
  object space 84992K, 0% used [0x00000000c0000000,0x00000000c0000000,0x00000000c5300000)
 Metaspace       used 5581K, capacity 6768K, committed 7040K, reserved 1056768K
  class space    used 576K, capacity 616K, committed 640K, reserved 1048576K
Event: 1.173 GC heap after
Heap after GC invocations=1 (full 0):
 PSYoungGen      total 36864K, used 5110K [0x00000000eab00000, 0x00000000ef300000, 0x0000000100000000)
  eden space 31744K, 0% used [0x00000000eab00000,0x00000000eab00000,0x00000000eca00000)
  from space 5120K, 99% used [0x00000000eca00000,0x00000000ecefdaf0,0x00000000ecf00000)
  to   space 5120K, 0% used [0x00000000eee00000,0x00000000eee00000,0x00000000ef300000)
 ParOldGen       total 84992K, used 2408K [0x00000000c0000000, 0x00000000c5300000, 0x00000000eab00000)
  object space 84992K, 2% used [0x00000000c0000000,0x00000000c025a268,0x00000000c5300000)
 Metaspace       used 5581K, capacity 6768K, committed 7040K, reserved 1056768K
  class space    used 576K, capacity 616K, committed 640K, reserved 1048576K
}
Event: 1.421 GC heap before
{Heap before GC invocations=2 (full 0):
 PSYoungGen      total 36864K, used 36854K [0x00000000eab00000, 0x00000000ef300000, 0x0000000100000000)
  eden space 31744K, 100% used [0x00000000eab00000,0x00000000eca00000,0x00000000eca00000)
  from space 5120K, 99% used [0x00000000eca00000,0x00000000ecefdaf0,0x00000000ecf00000)
  to   space 5120K, 0% used [0x00000000eee00000,0x00000000eee00000,0x00000000ef300000)
 ParOldGen       total 84992K, used 2408K [0x00000000c0000000, 0x00000000c5300000, 0x00000000eab00000)
  object space 84992K, 2% used [0x00000000c0000000,0x00000000c025a268,0x00000000c5300000)
 Metaspace       used 5615K, capacity 6768K, committed 7040K, reserved 1056768K
  class space    used 576K, capacity 616K, committed 640K, reserved 1048576K
Event: 1.451 GC heap after
Heap after GC invocations=2 (full 0):
 PSYoungGen      total 68608K, used 5090K [0x00000000eab00000, 0x00000000ef300000, 0x0000000100000000)
  eden space 63488K, 0% used [0x00000000eab00000,0x00000000eab00000,0x00000000ee900000)
  from space 5120K, 99% used [0x00000000eee00000,0x00000000ef2f8b80,0x00000000ef300000)
  to   space 5120K, 0% used [0x00000000ee900000,0x00000000ee900000,0x00000000eee00000)
 ParOldGen       total 84992K, used 5839K [0x00000000c0000000, 0x00000000c5300000, 0x00000000eab00000)
  object space 84992K, 6% used [0x00000000c0000000,0x00000000c05b3f80,0x00000000c5300000)
 Metaspace       used 5615K, capacity 6768K, committed 7040K, reserved 1056768K
  class space    used 576K, capacity 616K, committed 640K, reserved 1048576K
}
Event: 1.878 GC heap before
{Heap before GC invocations=3 (full 0):
 PSYoungGen      total 68608K, used 68578K [0x00000000eab00000, 0x00000000ef300000, 0x0000000100000000)
  eden space 63488K, 100% used [0x00000000eab00000,0x00000000ee900000,0x00000000ee900000)
  from space 5120K, 99% used [0x00000000eee00000,0x00000000ef2f8b80,0x00000000ef300000)
  to   space 5120K, 0% used [0x00000000ee900000,0x00000000ee900000,0x00000000eee00000)
 ParOldGen       total 84992K, used 5839K [0x00000000c0000000, 0x00000000c5300000, 0x00000000eab00000)
  object space 84992K, 6% used [0x00000000c0000000,0x00000000c05b3f80,0x00000000c5300000)
 Metaspace       used 5718K, capacity 6896K, committed 7040K, reserved 1056768K
  class space    used 580K, capacity 616K, committed 640K, reserved 1048576K

Deoptimization events (10 events):
Event: 0.173 Thread 0x00007fcbb400a000 Uncommon trap: reason=unstable_if action=reinterpret pc=0x00007fcba513ce04 method=java.lang.String.indexOf(II)I @ 49
Event: 0.336 Thread 0x00007fcbb4180000 Uncommon trap: reason=unstable_if action=reinterpret pc=0x00007fcba51a17c4 method=java.util.HashMap.getNode(ILjava/lang/Object;)Ljava/util/HashMap$Node; @ 129
Event: 0.336 Thread 0x00007fcbb4165000 Uncommon trap: reason=unstable_if action=reinterpret pc=0x00007fcba51a0454 method=java.util.HashMap.getNode(ILjava/lang/Object;)Ljava/util/HashMap$Node; @ 129
Event: 0.911 Thread 0x00007fcbb4173000 Uncommon trap: reason=unstable_if action=reinterpret pc=0x00007fcba51d8b0c method=java.util.BitSet.ensureCapacity(I)V @ 6
Event: 0.974 Thread 0x00007fcbb4165000 Uncommon trap: reason=class_check action=maybe_recompile pc=0x00007fcba52c2adc method=com.android.dx.ssa.NormalSsaInsn.accept(Lcom/android/dx/ssa/SsaInsn$Visitor;)V @ 9
Event: 0.998 Thread 0x00007fcbb4173000 Uncommon trap: reason=class_check action=maybe_recompile pc=0x00007fcba52c2adc method=com.android.dx.ssa.NormalSsaInsn.accept(Lcom/android/dx/ssa/SsaInsn$Visitor;)V @ 9
Event: 0.998 Thread 0x00007fcbb4173000 Uncommon trap: reason=class_check action=maybe_recompile pc=0x00007fcba52c2adc method=com.android.dx.ssa.NormalSsaInsn.accept(Lcom/android/dx/ssa/SsaInsn$Visitor;)V @ 9
Event: 1.041 Thread 0x00007fcbb4184000 Uncommon trap: reason=unstable_if action=reinterpret pc=0x00007fcba51c8f7c method=java.util.BitSet.ensureCapacity(I)V @ 6
Event: 1.048 Thread 0x00007fcbb400a000 Uncommon trap: reason=null_check action=make_not_entrant pc=0x00007fcba52c3530 method=com.android.dx.ssa.SsaRenamer.getLocalForNewReg(I)Lcom/android/dx/rop/code/LocalItem; @ 19
Event: 1.262 Thread 0x00007fcbb4165000 Uncommon trap: reason=null_check action=make_not_entrant pc=0x00007fcba53060bc method=com.android.dx.ssa.SsaRenamer.getLocalForNewReg(I)Lcom/android/dx/rop/code/LocalItem; @ 19

Internal exceptions (4 events):
Event: 0.024 Thread 0x00007fcbb400a000 Exception <a 'java/lang/NoSuchMethodError': Method sun.misc.Unsafe.defineClass(Ljava/lang/String;[BII)Ljava/lang/Class; name or signature does not match> (0x00000000eab07cc0) thrown at [/HUDSON/workspace/8-2-build-linux-amd64/jdk8u91/6644/hotspot/src/shar
Event: 0.024 Thread 0x00007fcbb400a000 Exception <a 'java/lang/NoSuchMethodError': Method sun.misc.Unsafe.prefetchRead(Ljava/lang/Object;J)V name or signature does not match> (0x00000000eab07fa8) thrown at [/HUDSON/workspace/8-2-build-linux-amd64/jdk8u91/6644/hotspot/src/share/vm/prims/jni.cpp
Event: 1.048 Thread 0x00007fcbb400a000 Implicit null exception at 0x00007fcba52c0e27 to 0x00007fcba52c3511
Event: 1.262 Thread 0x00007fcbb4165000 Implicit null exception at 0x00007fcba5303a95 to 0x00007fcba5306071

Events (10 events):
Event: 1.676 loading class com/android/dx/dex/file/ParameterAnnotationStruct done
Event: 1.677 loading class com/android/dx/dex/file/UniformListItem
Event: 1.677 loading class com/android/dx/dex/file/UniformListItem done
Event: 1.677 loading class com/android/dx/dex/file/AnnotationSetRefItem
Event: 1.677 loading class com/android/dx/dex/file/AnnotationSetRefItem done
Event: 1.688 Thread 0x00007fcbb4180000 DEOPT PACKING pc=0x00007fcba53d90ac sp=0x00007fcb9c7b1fb0
Event: 1.688 Thread 0x00007fcbb4180000 DEOPT UNPACKING pc=0x00007fcba5047633 sp=0x00007fcb9c7b1cb0 mode 0
Event: 1.792 Thread 0x00007fcbb400a000 DEOPT PACKING pc=0x00007fcba5412e38 sp=0x00007fcbbd10d260
Event: 1.792 Thread 0x00007fcbb400a000 DEOPT UNPACKING pc=0x00007fcba5047633 sp=0x00007fcbbd10d028 mode 0
Event: 1.859 Executing VM operation: ParallelGCFailedAllocation


Dynamic libraries:
00400000-00401000 r-xp 00000000 08:01 9839507                            /usr/lib/jvm/java-8-oracle/bin/java
00600000-00601000 rw-p 00000000 08:01 9839507                            /usr/lib/jvm/java-8-oracle/bin/java
00fc6000-00fe7000 rw-p 00000000 00:00 0                                  [heap]
c0000000-c5300000 rw-p 00000000 00:00 0 
c5300000-eab00000 ---p 00000000 00:00 0 
eab00000-ef300000 rw-p 00000000 00:00 0 
f3100000-100000000 ---p 00000000 00:00 0 
100000000-1000a0000 rw-p 00000000 00:00 0 
1000a0000-140000000 ---p 00000000 00:00 0 
7fcb40000000-7fcb40021000 rw-p 00000000 00:00 0 
7fcb40021000-7fcb44000000 ---p 00000000 00:00 0 
7fcb48000000-7fcb4805b000 rw-p 00000000 00:00 0 
7fcb4805b000-7fcb4c000000 ---p 00000000 00:00 0 
7fcb4c000000-7fcb4c03f000 rw-p 00000000 00:00 0 
7fcb4c03f000-7fcb50000000 ---p 00000000 00:00 0 
7fcb50000000-7fcb5006e000 rw-p 00000000 00:00 0 
7fcb5006e000-7fcb54000000 ---p 00000000 00:00 0 
7fcb54000000-7fcb54021000 rw-p 00000000 00:00 0 
7fcb54021000-7fcb58000000 ---p 00000000 00:00 0 
7fcb58000000-7fcb58021000 rw-p 00000000 00:00 0 
7fcb58021000-7fcb5c000000 ---p 00000000 00:00 0 
7fcb5c000000-7fcb5c021000 rw-p 00000000 00:00 0 
7fcb5c021000-7fcb60000000 ---p 00000000 00:00 0 
7fcb60000000-7fcb60761000 rw-p 00000000 00:00 0 
7fcb60761000-7fcb64000000 ---p 00000000 00:00 0 
7fcb64000000-7fcb644b5000 rw-p 00000000 00:00 0 
7fcb644b5000-7fcb68000000 ---p 00000000 00:00 0 
7fcb68000000-7fcb68755000 rw-p 00000000 00:00 0 
7fcb68755000-7fcb6c000000 ---p 00000000 00:00 0 
7fcb6c000000-7fcb6c5cc000 rw-p 00000000 00:00 0 
7fcb6c5cc000-7fcb70000000 ---p 00000000 00:00 0 
7fcb70000000-7fcb70021000 rw-p 00000000 00:00 0 
7fcb70021000-7fcb74000000 ---p 00000000 00:00 0 
7fcb74000000-7fcb74021000 rw-p 00000000 00:00 0 
7fcb74021000-7fcb78000000 ---p 00000000 00:00 0 
7fcb78000000-7fcb7828d000 rw-p 00000000 00:00 0 
7fcb7828d000-7fcb7c000000 ---p 00000000 00:00 0 
7fcb7c000000-7fcb7c021000 rw-p 00000000 00:00 0 
7fcb7c021000-7fcb80000000 ---p 00000000 00:00 0 
7fcb80000000-7fcb80021000 rw-p 00000000 00:00 0 
7fcb80021000-7fcb84000000 ---p 00000000 00:00 0 
7fcb84000000-7fcb84021000 rw-p 00000000 00:00 0 
7fcb84021000-7fcb88000000 ---p 00000000 00:00 0 
7fcb88000000-7fcb88021000 rw-p 00000000 00:00 0 
7fcb88021000-7fcb8c000000 ---p 00000000 00:00 0 
7fcb8c000000-7fcb8c021000 rw-p 00000000 00:00 0 
7fcb8c021000-7fcb90000000 ---p 00000000 00:00 0 
7fcb90000000-7fcb90021000 rw-p 00000000 00:00 0 
7fcb90021000-7fcb94000000 ---p 00000000 00:00 0 
7fcb94000000-7fcb94021000 rw-p 00000000 00:00 0 
7fcb94021000-7fcb98000000 ---p 00000000 00:00 0 
7fcb98000000-7fcb98021000 rw-p 00000000 00:00 0 
7fcb98021000-7fcb9c000000 ---p 00000000 00:00 0 
7fcb9c5b2000-7fcb9c5b5000 ---p 00000000 00:00 0 
7fcb9c5b5000-7fcb9c6b3000 rw-p 00000000 00:00 0 
7fcb9c6b3000-7fcb9c6b6000 ---p 00000000 00:00 0 
7fcb9c6b6000-7fcb9c7b4000 rw-p 00000000 00:00 0 
7fcb9c7b4000-7fcb9c7b7000 ---p 00000000 00:00 0 
7fcb9c7b7000-7fcb9c8b5000 rw-p 00000000 00:00 0 
7fcb9c8b5000-7fcb9c8b8000 ---p 00000000 00:00 0 
7fcb9c8b8000-7fcb9c9b6000 rw-p 00000000 00:00 0 
7fcb9c9b6000-7fcb9c9b9000 ---p 00000000 00:00 0 
7fcb9c9b9000-7fcb9cab7000 rw-p 00000000 00:00 0 
7fcb9cab7000-7fcb9cab8000 ---p 00000000 00:00 0 
7fcb9cab8000-7fcb9cbb8000 rw-p 00000000 00:00 0 
7fcb9cbb8000-7fcb9cbbb000 ---p 00000000 00:00 0 
7fcb9cbbb000-7fcb9ccb9000 rw-p 00000000 00:00 0 
7fcb9ccb9000-7fcb9ccbc000 ---p 00000000 00:00 0 
7fcb9ccbc000-7fcb9cdba000 rw-p 00000000 00:00 0 
7fcb9cdba000-7fcb9cdbd000 ---p 00000000 00:00 0 
7fcb9cdbd000-7fcb9cebb000 rw-p 00000000 00:00 0 
7fcb9cebb000-7fcb9cebe000 ---p 00000000 00:00 0 
7fcb9cebe000-7fcb9cfbc000 rw-p 00000000 00:00 0 
7fcb9cfbc000-7fcb9cfbf000 ---p 00000000 00:00 0 
7fcb9cfbf000-7fcb9d0bd000 rw-p 00000000 00:00 0 
7fcb9d0bd000-7fcb9d0c0000 ---p 00000000 00:00 0 
7fcb9d0c0000-7fcb9d1be000 rw-p 00000000 00:00 0 
7fcb9d1be000-7fcb9d5f6000 r--p 00000000 08:01 9700768                    /usr/lib/locale/locale-archive
7fcb9d5f6000-7fcb9d5f9000 ---p 00000000 00:00 0 
7fcb9d5f9000-7fcb9d6f7000 rw-p 00000000 00:00 0 
7fcb9d6f7000-7fcb9d6fa000 ---p 00000000 00:00 0 
7fcb9d6fa000-7fcb9d7f8000 rw-p 00000000 00:00 0 
7fcb9d7f8000-7fcb9d7f9000 ---p 00000000 00:00 0 
7fcb9d7f9000-7fcba0000000 rw-p 00000000 00:00 0 
7fcba0000000-7fcba0021000 rw-p 00000000 00:00 0 
7fcba0021000-7fcba4000000 ---p 00000000 00:00 0 
7fcba40c9000-7fcba5000000 rw-p 00000000 00:00 0 
7fcba5000000-7fcba5480000 rwxp 00000000 00:00 0 
7fcba5480000-7fcbb4000000 ---p 00000000 00:00 0 
7fcbb4000000-7fcbb43a3000 rw-p 00000000 00:00 0 
7fcbb43a3000-7fcbb8000000 ---p 00000000 00:00 0 
7fcbb8004000-7fcbb8012000 r--s 000e0000 08:01 5245789                    /home/oguz/Android/Sdk/build-tools/24.0.2/lib/dx.jar
7fcbb8012000-7fcbb8618000 rw-p 00000000 00:00 0 
7fcbb8618000-7fcbb87f1000 r--s 03d1f000 08:01 9967487                    /usr/lib/jvm/java-8-oracle/jre/lib/rt.jar
7fcbb87f1000-7fcbb8ea7000 rw-p 00000000 00:00 0 
7fcbb8ea7000-7fcbb9067000 ---p 00000000 00:00 0 
7fcbb9067000-7fcbb9267000 rw-p 00000000 00:00 0 
7fcbb9267000-7fcbb9268000 ---p 00000000 00:00 0 
7fcbb9268000-7fcbb9368000 rw-p 00000000 00:00 0 
7fcbb9368000-7fcbb9369000 ---p 00000000 00:00 0 
7fcbb9369000-7fcbb9469000 rw-p 00000000 00:00 0 
7fcbb9469000-7fcbb946a000 ---p 00000000 00:00 0 
7fcbb946a000-7fcbb956a000 rw-p 00000000 00:00 0 
7fcbb956a000-7fcbb956b000 ---p 00000000 00:00 0 
7fcbb956b000-7fcbb966b000 rw-p 00000000 00:00 0 
7fcbb966b000-7fcbb966c000 ---p 00000000 00:00 0 
7fcbb966c000-7fcbb976c000 rw-p 00000000 00:00 0 
7fcbb976c000-7fcbb976d000 ---p 00000000 00:00 0 
7fcbb976d000-7fcbb986d000 rw-p 00000000 00:00 0 
7fcbb986d000-7fcbb986e000 ---p 00000000 00:00 0 
7fcbb986e000-7fcbb996e000 rw-p 00000000 00:00 0 
7fcbb996e000-7fcbb996f000 ---p 00000000 00:00 0 
7fcbb996f000-7fcbb9a99000 rw-p 00000000 00:00 0 
7fcbb9a99000-7fcbb9bc5000 ---p 00000000 00:00 0 
7fcbb9bc5000-7fcbb9bef000 rw-p 00000000 00:00 0 
7fcbb9bef000-7fcbb9d1a000 ---p 00000000 00:00 0 
7fcbb9d1a000-7fcbb9d3f000 rw-p 00000000 00:00 0 
7fcbb9d3f000-7fcbb9dc5000 ---p 00000000 00:00 0 
7fcbb9dc5000-7fcbb9dd8000 rw-p 00000000 00:00 0 
7fcbb9dd8000-7fcbba186000 ---p 00000000 00:00 0 
7fcbba186000-7fcbba1a0000 r-xp 00000000 08:01 10092954                   /usr/lib/jvm/java-8-oracle/jre/lib/amd64/libzip.so
7fcbba1a0000-7fcbba3a0000 ---p 0001a000 08:01 10092954                   /usr/lib/jvm/java-8-oracle/jre/lib/amd64/libzip.so
7fcbba3a0000-7fcbba3a1000 rw-p 0001a000 08:01 10092954                   /usr/lib/jvm/java-8-oracle/jre/lib/amd64/libzip.so
7fcbba3a1000-7fcbba3ac000 r-xp 00000000 08:01 7603299                    /lib/x86_64-linux-gnu/libnss_files-2.23.so
7fcbba3ac000-7fcbba5ab000 ---p 0000b000 08:01 7603299                    /lib/x86_64-linux-gnu/libnss_files-2.23.so
7fcbba5ab000-7fcbba5ac000 r--p 0000a000 08:01 7603299                    /lib/x86_64-linux-gnu/libnss_files-2.23.so
7fcbba5ac000-7fcbba5ad000 rw-p 0000b000 08:01 7603299                    /lib/x86_64-linux-gnu/libnss_files-2.23.so
7fcbba5ad000-7fcbba5b3000 rw-p 00000000 00:00 0 
7fcbba5b3000-7fcbba5be000 r-xp 00000000 08:01 7603296                    /lib/x86_64-linux-gnu/libnss_nis-2.23.so
7fcbba5be000-7fcbba7bd000 ---p 0000b000 08:01 7603296                    /lib/x86_64-linux-gnu/libnss_nis-2.23.so
7fcbba7bd000-7fcbba7be000 r--p 0000a000 08:01 7603296                    /lib/x86_64-linux-gnu/libnss_nis-2.23.so
7fcbba7be000-7fcbba7bf000 rw-p 0000b000 08:01 7603296                    /lib/x86_64-linux-gnu/libnss_nis-2.23.so
7fcbba7bf000-7fcbba7d5000 r-xp 00000000 08:01 7603294                    /lib/x86_64-linux-gnu/libnsl-2.23.so
7fcbba7d5000-7fcbba9d5000 ---p 00016000 08:01 7603294                    /lib/x86_64-linux-gnu/libnsl-2.23.so
7fcbba9d5000-7fcbba9d6000 r--p 00016000 08:01 7603294                    /lib/x86_64-linux-gnu/libnsl-2.23.so
7fcbba9d6000-7fcbba9d7000 rw-p 00017000 08:01 7603294                    /lib/x86_64-linux-gnu/libnsl-2.23.so
7fcbba9d7000-7fcbba9d9000 rw-p 00000000 00:00 0 
7fcbba9d9000-7fcbba9e1000 r-xp 00000000 08:01 7603292                    /lib/x86_64-linux-gnu/libnss_compat-2.23.so
7fcbba9e1000-7fcbbabe0000 ---p 00008000 08:01 7603292                    /lib/x86_64-linux-gnu/libnss_compat-2.23.so
7fcbbabe0000-7fcbbabe1000 r--p 00007000 08:01 7603292                    /lib/x86_64-linux-gnu/libnss_compat-2.23.so
7fcbbabe1000-7fcbbabe2000 rw-p 00008000 08:01 7603292                    /lib/x86_64-linux-gnu/libnss_compat-2.23.so
7fcbbabe2000-7fcbbac0c000 r-xp 00000000 08:01 10092949                   /usr/lib/jvm/java-8-oracle/jre/lib/amd64/libjava.so
7fcbbac0c000-7fcbbae0c000 ---p 0002a000 08:01 10092949                   /usr/lib/jvm/java-8-oracle/jre/lib/amd64/libjava.so
7fcbbae0c000-7fcbbae0e000 rw-p 0002a000 08:01 10092949                   /usr/lib/jvm/java-8-oracle/jre/lib/amd64/libjava.so
7fcbbae0e000-7fcbbae1b000 r-xp 00000000 08:01 10092953                   /usr/lib/jvm/java-8-oracle/jre/lib/amd64/libverify.so
7fcbbae1b000-7fcbbb01b000 ---p 0000d000 08:01 10092953                   /usr/lib/jvm/java-8-oracle/jre/lib/amd64/libverify.so
7fcbbb01b000-7fcbbb01d000 rw-p 0000d000 08:01 10092953                   /usr/lib/jvm/java-8-oracle/jre/lib/amd64/libverify.so
7fcbbb01d000-7fcbbb024000 r-xp 00000000 08:01 7603308                    /lib/x86_64-linux-gnu/librt-2.23.so
7fcbbb024000-7fcbbb223000 ---p 00007000 08:01 7603308                    /lib/x86_64-linux-gnu/librt-2.23.so
7fcbbb223000-7fcbbb224000 r--p 00006000 08:01 7603308                    /lib/x86_64-linux-gnu/librt-2.23.so
7fcbbb224000-7fcbbb225000 rw-p 00007000 08:01 7603308                    /lib/x86_64-linux-gnu/librt-2.23.so
7fcbbb225000-7fcbbb32d000 r-xp 00000000 08:01 7603305                    /lib/x86_64-linux-gnu/libm-2.23.so
7fcbbb32d000-7fcbbb52c000 ---p 00108000 08:01 7603305                    /lib/x86_64-linux-gnu/libm-2.23.so
7fcbbb52c000-7fcbbb52d000 r--p 00107000 08:01 7603305                    /lib/x86_64-linux-gnu/libm-2.23.so
7fcbbb52d000-7fcbbb52e000 rw-p 00108000 08:01 7603305                    /lib/x86_64-linux-gnu/libm-2.23.so
7fcbbb52e000-7fcbbc1ee000 r-xp 00000000 08:01 10092932                   /usr/lib/jvm/java-8-oracle/jre/lib/amd64/server/libjvm.so
7fcbbc1ee000-7fcbbc3ee000 ---p 00cc0000 08:01 10092932                   /usr/lib/jvm/java-8-oracle/jre/lib/amd64/server/libjvm.so
7fcbbc3ee000-7fcbbc4c6000 rw-p 00cc0000 08:01 10092932                   /usr/lib/jvm/java-8-oracle/jre/lib/amd64/server/libjvm.so
7fcbbc4c6000-7fcbbc511000 rw-p 00000000 00:00 0 
7fcbbc511000-7fcbbc6d1000 r-xp 00000000 08:01 7603313                    /lib/x86_64-linux-gnu/libc-2.23.so
7fcbbc6d1000-7fcbbc8d1000 ---p 001c0000 08:01 7603313                    /lib/x86_64-linux-gnu/libc-2.23.so
7fcbbc8d1000-7fcbbc8d5000 r--p 001c0000 08:01 7603313                    /lib/x86_64-linux-gnu/libc-2.23.so
7fcbbc8d5000-7fcbbc8d7000 rw-p 001c4000 08:01 7603313                    /lib/x86_64-linux-gnu/libc-2.23.so
7fcbbc8d7000-7fcbbc8db000 rw-p 00000000 00:00 0 
7fcbbc8db000-7fcbbc8de000 r-xp 00000000 08:01 7603314                    /lib/x86_64-linux-gnu/libdl-2.23.so
7fcbbc8de000-7fcbbcadd000 ---p 00003000 08:01 7603314                    /lib/x86_64-linux-gnu/libdl-2.23.so
7fcbbcadd000-7fcbbcade000 r--p 00002000 08:01 7603314                    /lib/x86_64-linux-gnu/libdl-2.23.so
7fcbbcade000-7fcbbcadf000 rw-p 00003000 08:01 7603314                    /lib/x86_64-linux-gnu/libdl-2.23.so
7fcbbcadf000-7fcbbcaf4000 r-xp 00000000 08:01 9840182                    /usr/lib/jvm/java-8-oracle/lib/amd64/jli/libjli.so
7fcbbcaf4000-7fcbbccf4000 ---p 00015000 08:01 9840182                    /usr/lib/jvm/java-8-oracle/lib/amd64/jli/libjli.so
7fcbbccf4000-7fcbbccf5000 rw-p 00015000 08:01 9840182                    /usr/lib/jvm/java-8-oracle/lib/amd64/jli/libjli.so
7fcbbccf5000-7fcbbcd0d000 r-xp 00000000 08:01 7603312                    /lib/x86_64-linux-gnu/libpthread-2.23.so
7fcbbcd0d000-7fcbbcf0c000 ---p 00018000 08:01 7603312                    /lib/x86_64-linux-gnu/libpthread-2.23.so
7fcbbcf0c000-7fcbbcf0d000 r--p 00017000 08:01 7603312                    /lib/x86_64-linux-gnu/libpthread-2.23.so
7fcbbcf0d000-7fcbbcf0e000 rw-p 00018000 08:01 7603312                    /lib/x86_64-linux-gnu/libpthread-2.23.so
7fcbbcf0e000-7fcbbcf12000 rw-p 00000000 00:00 0 
7fcbbcf12000-7fcbbcf38000 r-xp 00000000 08:01 7603309                    /lib/x86_64-linux-gnu/ld-2.23.so
7fcbbcf3d000-7fcbbd00f000 rw-p 00000000 00:00 0 
7fcbbd00f000-7fcbbd012000 ---p 00000000 00:00 0 
7fcbbd012000-7fcbbd114000 rw-p 00000000 00:00 0 
7fcbbd117000-7fcbbd12b000 rw-p 00000000 00:00 0 
7fcbbd12b000-7fcbbd133000 rw-s 00000000 08:01 132224                     /tmp/hsperfdata_oguz/7150
7fcbbd133000-7fcbbd134000 rw-p 00000000 00:00 0 
7fcbbd134000-7fcbbd135000 ---p 00000000 00:00 0 
7fcbbd135000-7fcbbd137000 rw-p 00000000 00:00 0 
7fcbbd137000-7fcbbd138000 r--p 00025000 08:01 7603309                    /lib/x86_64-linux-gnu/ld-2.23.so
7fcbbd138000-7fcbbd139000 rw-p 00026000 08:01 7603309                    /lib/x86_64-linux-gnu/ld-2.23.so
7fcbbd139000-7fcbbd13a000 rw-p 00000000 00:00 0 
7ffdca1e7000-7ffdca208000 rw-p 00000000 00:00 0                          [stack]
7ffdca2f3000-7ffdca2f5000 r--p 00000000 00:00 0                          [vvar]
7ffdca2f5000-7ffdca2f7000 r-xp 00000000 00:00 0                          [vdso]
ffffffffff600000-ffffffffff601000 r-xp 00000000 00:00 0                  [vsyscall]

VM Arguments:
jvm_args: -Djava.awt.headless=true -Xmx1024M -Dfile.encoding=UTF-8 -Duser.country=TR -Duser.language=tr -Duser.variant 
java_command: com.android.dx.command.Main --dex --force-jumbo --num-threads=4 --multi-dex --output /home/oguz/AndroidStudioProjects/FomApplicationAndroid/app/build/intermediates/transforms/dex/debug/folders/1000/5/slice_9 /home/oguz/AndroidStudioProjects/FomApplicationAndroid/app/build/intermediates/transforms/instantRunSlicer/debug/folders/1/5/slice_9
java_class_path (initial): /home/oguz/Android/Sdk/build-tools/24.0.2/lib/dx.jar
Launcher Type: SUN_STANDARD

Environment Variables:
PATH=/usr/local/sbin:/usr/local/bin:/usr/sbin:/usr/bin:/sbin:/bin:/usr/games:/usr/local/games:/snap/bin
LD_LIBRARY_PATH=/home/oguz/Masaüstü/Derleyiciler/android-studio/bin:
SHELL=/bin/bash
DISPLAY=:0

Signal Handlers:
SIGSEGV: [libjvm.so+0xabca10], sa_mask[0]=11111111011111111101111111111110, sa_flags=SA_RESTART|SA_SIGINFO
SIGBUS: [libjvm.so+0xabca10], sa_mask[0]=11111111011111111101111111111110, sa_flags=SA_RESTART|SA_SIGINFO
SIGFPE: [libjvm.so+0x919a20], sa_mask[0]=11111111011111111101111111111110, sa_flags=SA_RESTART|SA_SIGINFO
SIGPIPE: [libjvm.so+0x919a20], sa_mask[0]=11111111011111111101111111111110, sa_flags=SA_RESTART|SA_SIGINFO
SIGXFSZ: [libjvm.so+0x919a20], sa_mask[0]=11111111011111111101111111111110, sa_flags=SA_RESTART|SA_SIGINFO
SIGILL: [libjvm.so+0x919a20], sa_mask[0]=11111111011111111101111111111110, sa_flags=SA_RESTART|SA_SIGINFO
SIGUSR1: SIG_DFL, sa_mask[0]=00000000000000000000000000000000, sa_flags=none
SIGUSR2: [libjvm.so+0x91b050], sa_mask[0]=00100000000000000000000000000000, sa_flags=SA_RESTART|SA_SIGINFO
SIGHUP: [libjvm.so+0x91c450], sa_mask[0]=11111111011111111101111111111110, sa_flags=SA_RESTART|SA_SIGINFO
SIGINT: [libjvm.so+0x91c450], sa_mask[0]=11111111011111111101111111111110, sa_flags=SA_RESTART|SA_SIGINFO
SIGTERM: [libjvm.so+0x91c450], sa_mask[0]=11111111011111111101111111111110, sa_flags=SA_RESTART|SA_SIGINFO
SIGQUIT: [libjvm.so+0x91c450], sa_mask[0]=11111111011111111101111111111110, sa_flags=SA_RESTART|SA_SIGINFO


---------------  S Y S T E M  ---------------

OS:DISTRIB_ID=Ubuntu
DISTRIB_RELEASE=16.04
DISTRIB_CODENAME=xenial
DISTRIB_DESCRIPTION="Ubuntu Xenial Xerus (development branch)"

uname:Linux 4.4.0-22-generic #39-Ubuntu SMP Thu May 5 16:53:32 UTC 2016 x86_64
libc:glibc 2.23 NPTL 2.23 
rlimit: STACK 8192k, CORE 0k, NPROC 31498, NOFILE 65536, AS infinity
load average:1.72 1.55 1.50

/proc/meminfo:
MemTotal:        8101800 kB
MemFree:           53116 kB
MemAvailable:      79460 kB
Buffers:             500 kB
Cached:           417540 kB
SwapCached:            0 kB
Active:          7457732 kB
Inactive:         360984 kB
Active(anon):    7452196 kB
Inactive(anon):   354780 kB
Active(file):       5536 kB
Inactive(file):     6204 kB
Unevictable:          92 kB
Mlocked:              92 kB
SwapTotal:             0 kB
SwapFree:              0 kB
Dirty:                 0 kB
Writeback:             0 kB
AnonPages:       7401872 kB
Mapped:           134748 kB
Shmem:            405196 kB
Slab:              99408 kB
SReclaimable:      48720 kB
SUnreclaim:        50688 kB
KernelStack:       16640 kB
PageTables:        55160 kB
NFS_Unstable:          0 kB
Bounce:                0 kB
WritebackTmp:          0 kB
CommitLimit:     4050900 kB
Committed_AS:   12750320 kB
VmallocTotal:   34359738367 kB
VmallocUsed:           0 kB
VmallocChunk:          0 kB
HardwareCorrupted:     0 kB
AnonHugePages:   3305472 kB
CmaTotal:              0 kB
CmaFree:               0 kB
HugePages_Total:       0
HugePages_Free:        0
HugePages_Rsvd:        0
HugePages_Surp:        0
Hugepagesize:       2048 kB
DirectMap4k:      166656 kB
DirectMap2M:     8148992 kB
DirectMap1G:     1048576 kB


CPU:total 8 (4 cores per cpu, 2 threads per core) family 6 model 60 stepping 3, cmov, cx8, fxsr, mmx, sse, sse2, sse3, ssse3, sse4.1, sse4.2, popcnt, avx, avx2, aes, clmul, erms, lzcnt, ht, tsc, tscinvbit, bmi1, bmi2

/proc/cpuinfo:
processor	: 0
vendor_id	: GenuineIntel
cpu family	: 6
model		: 60
model name	: Intel(R) Core(TM) i7-4700MQ CPU @ 2.40GHz
stepping	: 3
microcode	: 0x16
cpu MHz		: 2799.000
cache size	: 6144 KB
physical id	: 0
siblings	: 8
core id		: 0
cpu cores	: 4
apicid		: 0
initial apicid	: 0
fpu		: yes
fpu_exception	: yes
cpuid level	: 13
wp		: yes
flags		: fpu vme de pse tsc msr pae mce cx8 apic sep mtrr pge mca cmov pat pse36 clflush dts acpi mmx fxsr sse sse2 ss ht tm pbe syscall nx pdpe1gb rdtscp lm constant_tsc arch_perfmon pebs bts rep_good nopl xtopology nonstop_tsc aperfmperf eagerfpu pni pclmulqdq dtes64 monitor ds_cpl vmx est tm2 ssse3 sdbg fma cx16 xtpr pdcm pcid sse4_1 sse4_2 movbe popcnt tsc_deadline_timer aes xsave avx f16c rdrand lahf_lm abm epb tpr_shadow vnmi flexpriority ept vpid fsgsbase tsc_adjust bmi1 avx2 smep bmi2 erms invpcid xsaveopt dtherm ida arat pln pts
bugs		:
bogomips	: 4789.07
clflush size	: 64
cache_alignment	: 64
address sizes	: 39 bits physical, 48 bits virtual
power management:

processor	: 1
vendor_id	: GenuineIntel
cpu family	: 6
model		: 60
model name	: Intel(R) Core(TM) i7-4700MQ CPU @ 2.40GHz
stepping	: 3
microcode	: 0x16
cpu MHz		: 3000.000
cache size	: 6144 KB
physical id	: 0
siblings	: 8
core id		: 0
cpu cores	: 4
apicid		: 1
initial apicid	: 1
fpu		: yes
fpu_exception	: yes
cpuid level	: 13
wp		: yes
flags		: fpu vme de pse tsc msr pae mce cx8 apic sep mtrr pge mca cmov pat pse36 clflush dts acpi mmx fxsr sse sse2 ss ht tm pbe syscall nx pdpe1gb rdtscp lm constant_tsc arch_perfmon pebs bts rep_good nopl xtopology nonstop_tsc aperfmperf eagerfpu pni pclmulqdq dtes64 monitor ds_cpl vmx est tm2 ssse3 sdbg fma cx16 xtpr pdcm pcid sse4_1 sse4_2 movbe popcnt tsc_deadline_timer aes xsave avx f16c rdrand lahf_lm abm epb tpr_shadow vnmi flexpriority ept vpid fsgsbase tsc_adjust bmi1 avx2 smep bmi2 erms invpcid xsaveopt dtherm ida arat pln pts
bugs		:
bogomips	: 4789.07
clflush size	: 64
cache_alignment	: 64
address sizes	: 39 bits physical, 48 bits virtual
power management:

processor	: 2
vendor_id	: GenuineIntel
cpu family	: 6
model		: 60
model name	: Intel(R) Core(TM) i7-4700MQ CPU @ 2.40GHz
stepping	: 3
microcode	: 0x16
cpu MHz		: 2999.906
cache size	: 6144 KB
physical id	: 0
siblings	: 8
core id		: 1
cpu cores	: 4
apicid		: 2
initial apicid	: 2
fpu		: yes
fpu_exception	: yes
cpuid level	: 13
wp		: yes
flags		: fpu vme de pse tsc msr pae mce cx8 apic sep mtrr pge mca cmov pat pse36 clflush dts acpi mmx fxsr sse sse2 ss ht tm pbe syscall nx pdpe1gb rdtscp lm constant_tsc arch_perfmon pebs bts rep_good nopl xtopology nonstop_tsc aperfmperf eagerfpu pni pclmulqdq dtes64 monitor ds_cpl vmx est tm2 ssse3 sdbg fma cx16 xtpr pdcm pcid sse4_1 sse4_2 movbe popcnt tsc_deadline_timer aes xsave avx f16c rdrand lahf_lm abm epb tpr_shadow vnmi flexpriority ept vpid fsgsbase tsc_adjust bmi1 avx2 smep bmi2 erms invpcid xsaveopt dtherm ida arat pln pts
bugs		:
bogomips	: 4789.07
clflush size	: 64
cache_alignment	: 64
address sizes	: 39 bits physical, 48 bits virtual
power management:

processor	: 3
vendor_id	: GenuineIntel
cpu family	: 6
model		: 60
model name	: Intel(R) Core(TM) i7-4700MQ CPU @ 2.40GHz
stepping	: 3
microcode	: 0x16
cpu MHz		: 3000.000
cache size	: 6144 KB
physical id	: 0
siblings	: 8
core id		: 1
cpu cores	: 4
apicid		: 3
initial apicid	: 3
fpu		: yes
fpu_exception	: yes
cpuid level	: 13
wp		: yes
flags		: fpu vme de pse tsc msr pae mce cx8 apic sep mtrr pge mca cmov pat pse36 clflush dts acpi mmx fxsr sse sse2 ss ht tm pbe syscall nx pdpe1gb rdtscp lm constant_tsc arch_perfmon pebs bts rep_good nopl xtopology nonstop_tsc aperfmperf eagerfpu pni pclmulqdq dtes64 monitor ds_cpl vmx est tm2 ssse3 sdbg fma cx16 xtpr pdcm pcid sse4_1 sse4_2 movbe popcnt tsc_deadline_timer aes xsave avx f16c rdrand lahf_lm abm epb tpr_shadow vnmi flexpriority ept vpid fsgsbase tsc_adjust bmi1 avx2 smep bmi2 erms invpcid xsaveopt dtherm ida arat pln pts
bugs		:
bogomips	: 4789.07
clflush size	: 64
cache_alignment	: 64
address sizes	: 39 bits physical, 48 bits virtual
power management:

processor	: 4
vendor_id	: GenuineIntel
cpu family	: 6
model		: 60
model name	: Intel(R) Core(TM) i7-4700MQ CPU @ 2.40GHz
stepping	: 3
microcode	: 0x16
cpu MHz		: 3000.000
cache size	: 6144 KB
physical id	: 0
siblings	: 8
core id		: 2
cpu cores	: 4
apicid		: 4
initial apicid	: 4
fpu		: yes
fpu_exception	: yes
cpuid level	: 13
wp		: yes
flags		: fpu vme de pse tsc msr pae mce cx8 apic sep mtrr pge mca cmov pat pse36 clflush dts acpi mmx fxsr sse sse2 ss ht tm pbe syscall nx pdpe1gb rdtscp lm constant_tsc arch_perfmon pebs bts rep_good nopl xtopology nonstop_tsc aperfmperf eagerfpu pni pclmulqdq dtes64 monitor ds_cpl vmx est tm2 ssse3 sdbg fma cx16 xtpr pdcm pcid sse4_1 sse4_2 movbe popcnt tsc_deadline_timer aes xsave avx f16c rdrand lahf_lm abm epb tpr_shadow vnmi flexpriority ept vpid fsgsbase tsc_adjust bmi1 avx2 smep bmi2 erms invpcid xsaveopt dtherm ida arat pln pts
bugs		:
bogomips	: 4789.07
clflush size	: 64
cache_alignment	: 64
address sizes	: 39 bits physical, 48 bits virtual
power management:

processor	: 5
vendor_id	: GenuineIntel
cpu family	: 6
model		: 60
model name	: Intel(R) Core(TM) i7-4700MQ CPU @ 2.40GHz
stepping	: 3
microcode	: 0x16
cpu MHz		: 3000.000
cache size	: 6144 KB
physical id	: 0
siblings	: 8
core id		: 2
cpu cores	: 4
apicid		: 5
initial apicid	: 5
fpu		: yes
fpu_exception	: yes
cpuid level	: 13
wp		: yes
flags		: fpu vme de pse tsc msr pae mce cx8 apic sep mtrr pge mca cmov pat pse36 clflush dts acpi mmx fxsr sse sse2 ss ht tm pbe syscall nx pdpe1gb rdtscp lm constant_tsc arch_perfmon pebs bts rep_good nopl xtopology nonstop_tsc aperfmperf eagerfpu pni pclmulqdq dtes64 monitor ds_cpl vmx est tm2 ssse3 sdbg fma cx16 xtpr pdcm pcid sse4_1 sse4_2 movbe popcnt tsc_deadline_timer aes xsave avx f16c rdrand lahf_lm abm epb tpr_shadow vnmi flexpriority ept vpid fsgsbase tsc_adjust bmi1 avx2 smep bmi2 erms invpcid xsaveopt dtherm ida arat pln pts
bugs		:
bogomips	: 4789.07
clflush size	: 64
cache_alignment	: 64
address sizes	: 39 bits physical, 48 bits virtual
power management:

processor	: 6
vendor_id	: GenuineIntel
cpu family	: 6
model		: 60
model name	: Intel(R) Core(TM) i7-4700MQ CPU @ 2.40GHz
stepping	: 3
microcode	: 0x16
cpu MHz		: 2998.218
cache size	: 6144 KB
physical id	: 0
siblings	: 8
core id		: 3
cpu cores	: 4
apicid		: 6
initial apicid	: 6
fpu		: yes
fpu_exception	: yes
cpuid level	: 13
wp		: yes
flags		: fpu vme de pse tsc msr pae mce cx8 apic sep mtrr pge mca cmov pat pse36 clflush dts acpi mmx fxsr sse sse2 ss ht tm pbe syscall nx pdpe1gb rdtscp lm constant_tsc arch_perfmon pebs bts rep_good nopl xtopology nonstop_tsc aperfmperf eagerfpu pni pclmulqdq dtes64 monitor ds_cpl vmx est tm2 ssse3 sdbg fma cx16 xtpr pdcm pcid sse4_1 sse4_2 movbe popcnt tsc_deadline_timer aes xsave avx f16c rdrand lahf_lm abm epb tpr_shadow vnmi flexpriority ept vpid fsgsbase tsc_adjust bmi1 avx2 smep bmi2 erms invpcid xsaveopt dtherm ida arat pln pts
bugs		:
bogomips	: 4789.07
clflush size	: 64
cache_alignment	: 64
address sizes	: 39 bits physical, 48 bits virtual
power management:

processor	: 7
vendor_id	: GenuineIntel
cpu family	: 6
model		: 60
model name	: Intel(R) Core(TM) i7-4700MQ CPU @ 2.40GHz
stepping	: 3
microcode	: 0x16
cpu MHz		: 2844.187
cache size	: 6144 KB
physical id	: 0
siblings	: 8
core id		: 3
cpu cores	: 4
apicid		: 7
initial apicid	: 7
fpu		: yes
fpu_exception	: yes
cpuid level	: 13
wp		: yes
flags		: fpu vme de pse tsc msr pae mce cx8 apic sep mtrr pge mca cmov pat pse36 clflush dts acpi mmx fxsr sse sse2 ss ht tm pbe syscall nx pdpe1gb rdtscp lm constant_tsc arch_perfmon pebs bts rep_good nopl xtopology nonstop_tsc aperfmperf eagerfpu pni pclmulqdq dtes64 monitor ds_cpl vmx est tm2 ssse3 sdbg fma cx16 xtpr pdcm pcid sse4_1 sse4_2 movbe popcnt tsc_deadline_timer aes xsave avx f16c rdrand lahf_lm abm epb tpr_shadow vnmi flexpriority ept vpid fsgsbase tsc_adjust bmi1 avx2 smep bmi2 erms invpcid xsaveopt dtherm ida arat pln pts
bugs		:
bogomips	: 4789.07
clflush size	: 64
cache_alignment	: 64
address sizes	: 39 bits physical, 48 bits virtual
power management:



Memory: 4k page, physical 8101800k(52868k free), swap 0k(0k free)

vm_info: Java HotSpot(TM) 64-Bit Server VM (25.91-b14) for linux-amd64 JRE (1.8.0_91-b14), built on Apr  1 2016 00:57:21 by "java_re" with gcc 4.3.0 20080428 (Red Hat 4.3.0-8)

time: Tue Sep  6 15:07:36 2016
elapsed time: 4 seconds (0d 0h 0m 4s)

