#
# There is insufficient memory for the Java Runtime Environment to continue.
# Native memory allocation (mmap) failed to map 158334976 bytes for committing reserved memory.
# Possible reasons:
#   The system is out of physical RAM or swap space
#   In 32 bit mode, the process size limit was hit
# Possible solutions:
#   Reduce memory load on the system
#   Increase physical memory or swap space
#   Check if swap backing store is full
#   Use 64 bit Java on a 64 bit OS
#   Decrease Java heap size (-Xmx/-Xms)
#   Decrease number of Java threads
#   Decrease Java thread stack sizes (-Xss)
#   Set larger code cache with -XX:ReservedCodeCacheSize=
# This output file may be truncated or incomplete.
#
#  Out of Memory Error (os_linux.cpp:2627), pid=9295, tid=140360128894720
#
# JRE version: Java(TM) SE Runtime Environment (8.0_91-b14) (build 1.8.0_91-b14)
# Java VM: Java HotSpot(TM) 64-Bit Server VM (25.91-b14 mixed mode linux-amd64 compressed oops)
# Failed to write core dump. Core dumps have been disabled. To enable core dumping, try "ulimit -c unlimited" before starting Java again
#

---------------  T H R E A D  ---------------

Current thread (0x00007fa858080000):  VMThread [stack: 0x00007fa8238f9000,0x00007fa8239fa000] [id=9344]

Stack: [0x00007fa8238f9000,0x00007fa8239fa000],  sp=0x00007fa8239f7fa0,  free space=1019k
Native frames: (J=compiled Java code, j=interpreted, Vv=VM code, C=native code)
V  [libjvm.so+0xabc18a]  VMError::report_and_die()+0x2ba
V  [libjvm.so+0x4fafeb]  report_vm_out_of_memory(char const*, int, unsigned long, VMErrorType, char const*)+0x8b
V  [libjvm.so+0x91cbb3]  os::Linux::commit_memory_impl(char*, unsigned long, bool)+0x103
V  [libjvm.so+0x91d109]  os::pd_commit_memory(char*, unsigned long, unsigned long, bool)+0x29
V  [libjvm.so+0x91740a]  os::commit_memory(char*, unsigned long, unsigned long, bool)+0x2a
V  [libjvm.so+0x98b033]  PSVirtualSpace::expand_by(unsigned long)+0x53
V  [libjvm.so+0x98c438]  PSYoungGen::resize_generation(unsigned long, unsigned long)+0xf8
V  [libjvm.so+0x98b592]  PSYoungGen::resize(unsigned long, unsigned long)+0x22
V  [libjvm.so+0x98886b]  PSScavenge::invoke_no_policy()+0xf3b
V  [libjvm.so+0x988ff1]  PSScavenge::invoke()+0x41
V  [libjvm.so+0x9408b0]  ParallelScavengeHeap::failed_mem_allocate(unsigned long)+0x70
V  [libjvm.so+0xabdba7]  VM_ParallelGCFailedAllocation::doit()+0x97
V  [libjvm.so+0xac55d5]  VM_Operation::evaluate()+0x55
V  [libjvm.so+0xac39aa]  VMThread::evaluate_operation(VM_Operation*)+0xba
V  [libjvm.so+0xac3d2e]  VMThread::loop()+0x1ce
V  [libjvm.so+0xac41a0]  VMThread::run()+0x70
V  [libjvm.so+0x91ef78]  java_start(Thread*)+0x108

VM_Operation (0x00007fa8227b13a0): ParallelGCFailedAllocation, mode: safepoint, requested by thread 0x00007fa85816c800


---------------  P R O C E S S  ---------------

Java Threads: ( => current thread )
  0x00007fa85816c800 JavaThread "pool-2-thread-4" [_thread_blocked, id=9396, stack(0x00007fa8226b3000,0x00007fa8227b4000)]
  0x00007fa85816a800 JavaThread "pool-2-thread-3" [_thread_blocked, id=9394, stack(0x00007fa8227b4000,0x00007fa8228b5000)]
  0x00007fa858169800 JavaThread "pool-2-thread-2" [_thread_blocked, id=9392, stack(0x00007fa8228b5000,0x00007fa8229b6000)]
  0x00007fa858168000 JavaThread "pool-3-thread-1" [_thread_blocked, id=9391, stack(0x00007fa8229b6000,0x00007fa822ab7000)]
  0x00007fa858165800 JavaThread "pool-2-thread-1" [_thread_blocked, id=9389, stack(0x00007fa822ab7000,0x00007fa822bb8000)]
  0x00007fa8580e6000 JavaThread "Service Thread" daemon [_thread_blocked, id=9368, stack(0x00007fa822cb9000,0x00007fa822dba000)]
  0x00007fa8580c8800 JavaThread "C1 CompilerThread3" daemon [_thread_blocked, id=9367, stack(0x00007fa822dba000,0x00007fa822ebb000)]
  0x00007fa8580c6800 JavaThread "C2 CompilerThread2" daemon [_thread_blocked, id=9366, stack(0x00007fa822ebb000,0x00007fa822fbc000)]
  0x00007fa8580c5000 JavaThread "C2 CompilerThread1" daemon [_thread_blocked, id=9365, stack(0x00007fa822fbc000,0x00007fa8230bd000)]
  0x00007fa8580c2000 JavaThread "C2 CompilerThread0" daemon [_thread_blocked, id=9364, stack(0x00007fa8230bd000,0x00007fa8231be000)]
  0x00007fa8580c0800 JavaThread "Signal Dispatcher" daemon [_thread_blocked, id=9363, stack(0x00007fa8231be000,0x00007fa8232bf000)]
  0x00007fa85808c000 JavaThread "Finalizer" daemon [_thread_blocked, id=9348, stack(0x00007fa8236f7000,0x00007fa8237f8000)]
  0x00007fa858087800 JavaThread "Reference Handler" daemon [_thread_blocked, id=9347, stack(0x00007fa8237f8000,0x00007fa8238f9000)]
  0x00007fa85800a000 JavaThread "main" [_thread_blocked, id=9311, stack(0x00007fa85f0bc000,0x00007fa85f1bd000)]

Other Threads:
=>0x00007fa858080000 VMThread [stack: 0x00007fa8238f9000,0x00007fa8239fa000] [id=9344]
  0x00007fa8580e9000 WatcherThread [stack: 0x00007fa822bb8000,0x00007fa822cb9000] [id=9374]

VM state:at safepoint (normal execution)

VM Mutex/Monitor currently owned by a thread:  ([mutex/lock_event])
[0x00007fa8580064d0] Threads_lock - owner thread: 0x00007fa858080000
[0x00007fa8580069d0] Heap_lock - owner thread: 0x00007fa85816c800

Heap:
 PSYoungGen      total 132096K, used 5101K [0x00000000eab00000, 0x00000000f3100000, 0x0000000100000000)
  eden space 126976K, 0% used [0x00000000eab00000,0x00000000eab00000,0x00000000f2700000)
  from space 5120K, 99% used [0x00000000f2700000,0x00000000f2bfb4c0,0x00000000f2c00000)
  to   space 5120K, 0% used [0x00000000f2c00000,0x00000000f2c00000,0x00000000f3100000)
 ParOldGen       total 96256K, used 48730K [0x00000000c0000000, 0x00000000c5e00000, 0x00000000eab00000)
  object space 96256K, 50% used [0x00000000c0000000,0x00000000c2f96bd8,0x00000000c5e00000)
 Metaspace       used 5884K, capacity 7024K, committed 7296K, reserved 1056768K
  class space    used 581K, capacity 616K, committed 640K, reserved 1048576K

Card table byte_map: [0x00007fa85c032000,0x00007fa85c233000] byte_map_base: 0x00007fa85ba32000

Marking Bits: (ParMarkBitMap*) 0x00007fa85e591d60
 Begin Bits: [0x00007fa82a000000, 0x00007fa82b000000)
 End Bits:   [0x00007fa82b000000, 0x00007fa82c000000)

Polling page: 0x00007fa85f1e1000

CodeCache: size=245760Kb used=6372Kb max_used=6386Kb free=239387Kb
 bounds [0x00007fa849000000, 0x00007fa849640000, 0x00007fa858000000]
 total_blobs=1796 nmethods=1534 adapters=175
 compilation: enabled

Compilation events (10 events):
Event: 3.746 Thread 0x00007fa8580c8800 nmethod 1681 0x00007fa84962e2d0 code [0x00007fa84962e600, 0x00007fa849630138]
Event: 3.746 Thread 0x00007fa8580c8800 1680       2       com.android.dx.ssa.LocalVariableInfo::addAssignment (43 bytes)
Event: 3.747 Thread 0x00007fa8580c8800 nmethod 1680 0x00007fa849631050 code [0x00007fa849631200, 0x00007fa849631648]
Event: 3.750 Thread 0x00007fa8580c8800 1683       3       com.android.dx.ssa.ConstCollector::getConstsSortedByCountUse (386 bytes)
Event: 3.756 Thread 0x00007fa8580c8800 nmethod 1683 0x00007fa849631950 code [0x00007fa849631f80, 0x00007fa849636808]
Event: 3.774 Thread 0x00007fa8580c8800 1686       3       com.android.dx.ssa.PhiTypeResolver::run (179 bytes)
Event: 3.775 Thread 0x00007fa8580c8800 nmethod 1686 0x00007fa849639390 code [0x00007fa849639620, 0x00007fa84963a7a8]
Event: 3.795 Thread 0x00007fa8580c6800 nmethod 1664% 0x00007fa84963e610 code [0x00007fa84963e800, 0x00007fa84963f218]
Event: 3.795 Thread 0x00007fa8580c6800 1682       4       com.android.dx.ssa.DeadCodeRemover::isCircularNoSideEffect (140 bytes)
Event: 3.797 Thread 0x00007fa8580c8800 1688       2       com.android.dx.ssa.InterferenceRegisterMapper::areAnyPinned (81 bytes)

GC Heap History (10 events):
Event: 1.281 GC heap after
Heap after GC invocations=1 (full 0):
 PSYoungGen      total 36864K, used 5118K [0x00000000eab00000, 0x00000000ef300000, 0x0000000100000000)
  eden space 31744K, 0% used [0x00000000eab00000,0x00000000eab00000,0x00000000eca00000)
  from space 5120K, 99% used [0x00000000eca00000,0x00000000eceff8b0,0x00000000ecf00000)
  to   space 5120K, 0% used [0x00000000eee00000,0x00000000eee00000,0x00000000ef300000)
 ParOldGen       total 84992K, used 1845K [0x00000000c0000000, 0x00000000c5300000, 0x00000000eab00000)
  object space 84992K, 2% used [0x00000000c0000000,0x00000000c01cd468,0x00000000c5300000)
 Metaspace       used 5603K, capacity 6768K, committed 7040K, reserved 1056768K
  class space    used 578K, capacity 616K, committed 640K, reserved 1048576K
}
Event: 1.818 GC heap before
{Heap before GC invocations=2 (full 0):
 PSYoungGen      total 36864K, used 36862K [0x00000000eab00000, 0x00000000ef300000, 0x0000000100000000)
  eden space 31744K, 100% used [0x00000000eab00000,0x00000000eca00000,0x00000000eca00000)
  from space 5120K, 99% used [0x00000000eca00000,0x00000000eceff8b0,0x00000000ecf00000)
  to   space 5120K, 0% used [0x00000000eee00000,0x00000000eee00000,0x00000000ef300000)
 ParOldGen       total 84992K, used 1845K [0x00000000c0000000, 0x00000000c5300000, 0x00000000eab00000)
  object space 84992K, 2% used [0x00000000c0000000,0x00000000c01cd468,0x00000000c5300000)
 Metaspace       used 5704K, capacity 6896K, committed 7040K, reserved 1056768K
  class space    used 580K, capacity 616K, committed 640K, reserved 1048576K
Event: 1.885 GC heap after
Heap after GC invocations=2 (full 0):
 PSYoungGen      total 68608K, used 5093K [0x00000000eab00000, 0x00000000ef300000, 0x0000000100000000)
  eden space 63488K, 0% used [0x00000000eab00000,0x00000000eab00000,0x00000000ee900000)
  from space 5120K, 99% used [0x00000000eee00000,0x00000000ef2f94f0,0x00000000ef300000)
  to   space 5120K, 0% used [0x00000000ee900000,0x00000000ee900000,0x00000000eee00000)
 ParOldGen       total 84992K, used 15295K [0x00000000c0000000, 0x00000000c5300000, 0x00000000eab00000)
  object space 84992K, 17% used [0x00000000c0000000,0x00000000c0eefeb0,0x00000000c5300000)
 Metaspace       used 5704K, capacity 6896K, committed 7040K, reserved 1056768K
  class space    used 580K, capacity 616K, committed 640K, reserved 1048576K
}
Event: 2.369 GC heap before
{Heap before GC invocations=3 (full 0):
 PSYoungGen      total 68608K, used 68581K [0x00000000eab00000, 0x00000000ef300000, 0x0000000100000000)
  eden space 63488K, 100% used [0x00000000eab00000,0x00000000ee900000,0x00000000ee900000)
  from space 5120K, 99% used [0x00000000eee00000,0x00000000ef2f94f0,0x00000000ef300000)
  to   space 5120K, 0% used [0x00000000ee900000,0x00000000ee900000,0x00000000eee00000)
 ParOldGen       total 84992K, used 15295K [0x00000000c0000000, 0x00000000c5300000, 0x00000000eab00000)
  object space 84992K, 17% used [0x00000000c0000000,0x00000000c0eefeb0,0x00000000c5300000)
 Metaspace       used 5761K, capacity 6960K, committed 7040K, reserved 1056768K
  class space    used 581K, capacity 616K, committed 640K, reserved 1048576K
Event: 2.489 GC heap after
Heap after GC invocations=3 (full 0):
 PSYoungGen      total 68608K, used 5102K [0x00000000eab00000, 0x00000000f3100000, 0x0000000100000000)
  eden space 63488K, 0% used [0x00000000eab00000,0x00000000eab00000,0x00000000ee900000)
  from space 5120K, 99% used [0x00000000ee900000,0x00000000eedfb890,0x00000000eee00000)
  to   space 5120K, 0% used [0x00000000f2c00000,0x00000000f2c00000,0x00000000f3100000)
 ParOldGen       total 84992K, used 39550K [0x00000000c0000000, 0x00000000c5300000, 0x00000000eab00000)
  object space 84992K, 46% used [0x00000000c0000000,0x00000000c269fb20,0x00000000c5300000)
 Metaspace       used 5761K, capacity 6960K, committed 7040K, reserved 1056768K
  class space    used 581K, capacity 616K, committed 640K, reserved 1048576K
}
Event: 2.923 GC heap before
{Heap before GC invocations=4 (full 0):
 PSYoungGen      total 68608K, used 68590K [0x00000000eab00000, 0x00000000f3100000, 0x0000000100000000)
  eden space 63488K, 100% used [0x00000000eab00000,0x00000000ee900000,0x00000000ee900000)
  from space 5120K, 99% used [0x00000000ee900000,0x00000000eedfb890,0x00000000eee00000)
  to   space 5120K, 0% used [0x00000000f2c00000,0x00000000f2c00000,0x00000000f3100000)
 ParOldGen       total 84992K, used 39550K [0x00000000c0000000, 0x00000000c5300000, 0x00000000eab00000)
  object space 84992K, 46% used [0x00000000c0000000,0x00000000c269fb20,0x00000000c5300000)
 Metaspace       used 5811K, capacity 6960K, committed 7040K, reserved 1056768K
  class space    used 581K, capacity 616K, committed 640K, reserved 1048576K
Event: 3.020 GC heap after
Heap after GC invocations=4 (full 0):
 PSYoungGen      total 132096K, used 5104K [0x00000000eab00000, 0x00000000f3100000, 0x0000000100000000)
  eden space 126976K, 0% used [0x00000000eab00000,0x00000000eab00000,0x00000000f2700000)
  from space 5120K, 99% used [0x00000000f2c00000,0x00000000f30fc3b8,0x00000000f3100000)
  to   space 5120K, 0% used [0x00000000f2700000,0x00000000f2700000,0x00000000f2c00000)
 ParOldGen       total 84992K, used 60400K [0x00000000c0000000, 0x00000000c5300000, 0x00000000eab00000)
  object space 84992K, 71% used [0x00000000c0000000,0x00000000c3afc120,0x00000000c5300000)
 Metaspace       used 5811K, capacity 6960K, committed 7040K, reserved 1056768K
  class space    used 581K, capacity 616K, committed 640K, reserved 1048576K
}
Event: 3.021 GC heap before
{Heap before GC invocations=5 (full 1):
 PSYoungGen      total 132096K, used 5104K [0x00000000eab00000, 0x00000000f3100000, 0x0000000100000000)
  eden space 126976K, 0% used [0x00000000eab00000,0x00000000eab00000,0x00000000f2700000)
  from space 5120K, 99% used [0x00000000f2c00000,0x00000000f30fc3b8,0x00000000f3100000)
  to   space 5120K, 0% used [0x00000000f2700000,0x00000000f2700000,0x00000000f2c00000)
 ParOldGen       total 84992K, used 60400K [0x00000000c0000000, 0x00000000c5300000, 0x00000000eab00000)
  object space 84992K, 71% used [0x00000000c0000000,0x00000000c3afc120,0x00000000c5300000)
 Metaspace       used 5811K, capacity 6960K, committed 7040K, reserved 1056768K
  class space    used 581K, capacity 616K, committed 640K, reserved 1048576K
Event: 3.236 GC heap after
Heap after GC invocations=5 (full 1):
 PSYoungGen      total 132096K, used 0K [0x00000000eab00000, 0x00000000f3100000, 0x0000000100000000)
  eden space 126976K, 0% used [0x00000000eab00000,0x00000000eab00000,0x00000000f2700000)
  from space 5120K, 0% used [0x00000000f2c00000,0x00000000f2c00000,0x00000000f3100000)
  to   space 5120K, 0% used [0x00000000f2700000,0x00000000f2700000,0x00000000f2c00000)
 ParOldGen       total 96256K, used 21387K [0x00000000c0000000, 0x00000000c5e00000, 0x00000000eab00000)
  object space 96256K, 22% used [0x00000000c0000000,0x00000000c14e2df8,0x00000000c5e00000)
 Metaspace       used 5811K, capacity 6960K, committed 7040K, reserved 1056768K
  class space    used 581K, capacity 616K, committed 640K, reserved 1048576K
}
Event: 3.807 GC heap before
{Heap before GC invocations=6 (full 1):
 PSYoungGen      total 132096K, used 126976K [0x00000000eab00000, 0x00000000f3100000, 0x0000000100000000)
  eden space 126976K, 100% used [0x00000000eab00000,0x00000000f2700000,0x00000000f2700000)
  from space 5120K, 0% used [0x00000000f2c00000,0x00000000f2c00000,0x00000000f3100000)
  to   space 5120K, 0% used [0x00000000f2700000,0x00000000f2700000,0x00000000f2c00000)
 ParOldGen       total 96256K, used 21387K [0x00000000c0000000, 0x00000000c5e00000, 0x00000000eab00000)
  object space 96256K, 22% used [0x00000000c0000000,0x00000000c14e2df8,0x00000000c5e00000)
 Metaspace       used 5884K, capacity 7024K, committed 7296K, reserved 1056768K
  class space    used 581K, capacity 616K, committed 640K, reserved 1048576K

Deoptimization events (10 events):
Event: 0.964 Thread 0x00007fa858165800 Uncommon trap: reason=unloaded action=reinterpret pc=0x00007fa8492a0118 method=com.android.dx.ssa.SsaRenamer$BlockRenamer.visitMoveInsn(Lcom/android/dx/ssa/NormalSsaInsn;)V @ 208
Event: 0.967 Thread 0x00007fa85816c800 Uncommon trap: reason=unstable_if action=reinterpret pc=0x00007fa849240290 method=com.android.dx.rop.code.RegisterSpec.equals(ILcom/android/dx/rop/type/TypeBearer;Lcom/android/dx/rop/code/LocalItem;)Z @ 24
Event: 1.016 Thread 0x00007fa85816c800 Uncommon trap: reason=unstable_if action=reinterpret pc=0x00007fa8491fb838 method=java.util.BitSet.ensureCapacity(I)V @ 6
Event: 1.164 Thread 0x00007fa85800a000 Uncommon trap: reason=unstable_if action=reinterpret pc=0x00007fa8491fbbdc method=com.android.dx.rop.cst.Constant.compareTo(Lcom/android/dx/rop/cst/Constant;)I @ 12
Event: 1.201 Thread 0x00007fa85816c800 Uncommon trap: reason=unloaded action=reinterpret pc=0x00007fa8492d13e0 method=com.android.dx.ssa.SsaRenamer$BlockRenamer.visitMoveInsn(Lcom/android/dx/ssa/NormalSsaInsn;)V @ 208
Event: 1.204 Thread 0x00007fa85816c800 Uncommon trap: reason=bimorphic action=maybe_recompile pc=0x00007fa8492c6f24 method=java.util.HashMap.getNode(ILjava/lang/Object;)Ljava/util/HashMap$Node; @ 126
Event: 1.204 Thread 0x00007fa85816c800 Uncommon trap: reason=bimorphic action=maybe_recompile pc=0x00007fa8492c6f24 method=java.util.HashMap.getNode(ILjava/lang/Object;)Ljava/util/HashMap$Node; @ 126
Event: 3.378 Thread 0x00007fa85800a000 Uncommon trap: reason=unstable_if action=reinterpret pc=0x00007fa8493e4c0c method=java.util.HashMap.putVal(ILjava/lang/Object;Ljava/lang/Object;ZZ)Ljava/lang/Object; @ 94
Event: 3.475 Thread 0x00007fa85800a000 Uncommon trap: reason=bimorphic action=maybe_recompile pc=0x00007fa84930e828 method=java.util.HashMap.getNode(ILjava/lang/Object;)Ljava/util/HashMap$Node; @ 126
Event: 3.493 Thread 0x00007fa85800a000 Uncommon trap: reason=unstable_if action=reinterpret pc=0x00007fa84955dbfc method=com.android.dx.util.BitIntSet.has(I)Z @ 8

Internal exceptions (2 events):
Event: 0.028 Thread 0x00007fa85800a000 Exception <a 'java/lang/NoSuchMethodError': Method sun.misc.Unsafe.defineClass(Ljava/lang/String;[BII)Ljava/lang/Class; name or signature does not match> (0x00000000eab07cc0) thrown at [/HUDSON/workspace/8-2-build-linux-amd64/jdk8u91/6644/hotspot/src/shar
Event: 0.028 Thread 0x00007fa85800a000 Exception <a 'java/lang/NoSuchMethodError': Method sun.misc.Unsafe.prefetchRead(Ljava/lang/Object;J)V name or signature does not match> (0x00000000eab07fa8) thrown at [/HUDSON/workspace/8-2-build-linux-amd64/jdk8u91/6644/hotspot/src/share/vm/prims/jni.cpp

Events (10 events):
Event: 3.746 Thread 0x00007fa85816a800 DEOPT UNPACKING pc=0x00007fa849047633 sp=0x00007fa8228b2ca8 mode 0
Event: 3.749 Thread 0x00007fa858169800 DEOPT PACKING pc=0x00007fa8494661c9 sp=0x00007fa8229b3f00
Event: 3.749 Thread 0x00007fa858169800 DEOPT UNPACKING pc=0x00007fa849047633 sp=0x00007fa8229b3d40 mode 0
Event: 3.766 Thread 0x00007fa858169800 DEOPT PACKING pc=0x00007fa8494344cb sp=0x00007fa8229b3e40
Event: 3.766 Thread 0x00007fa858169800 DEOPT UNPACKING pc=0x00007fa849047633 sp=0x00007fa8229b3c28 mode 0
Event: 3.774 Thread 0x00007fa858169800 DEOPT PACKING pc=0x00007fa84946e4ef sp=0x00007fa8229b40d0
Event: 3.774 Thread 0x00007fa858169800 DEOPT UNPACKING pc=0x00007fa849047633 sp=0x00007fa8229b3e20 mode 0
Event: 3.790 Thread 0x00007fa85816a800 DEOPT PACKING pc=0x00007fa8494344cb sp=0x00007fa8228b2ec0
Event: 3.790 Thread 0x00007fa85816a800 DEOPT UNPACKING pc=0x00007fa849047633 sp=0x00007fa8228b2ca8 mode 0
Event: 3.801 Executing VM operation: ParallelGCFailedAllocation


Dynamic libraries:
00400000-00401000 r-xp 00000000 08:01 9839507                            /usr/lib/jvm/java-8-oracle/bin/java
00600000-00601000 rw-p 00000000 08:01 9839507                            /usr/lib/jvm/java-8-oracle/bin/java
02397000-023b8000 rw-p 00000000 00:00 0                                  [heap]
c0000000-c5e00000 rw-p 00000000 00:00 0 
c5e00000-eab00000 ---p 00000000 00:00 0 
eab00000-f3100000 rw-p 00000000 00:00 0 
fc800000-100000000 ---p 00000000 00:00 0 
100000000-1000a0000 rw-p 00000000 00:00 0 
1000a0000-140000000 ---p 00000000 00:00 0 
7fa7e0000000-7fa7e0024000 rw-p 00000000 00:00 0 
7fa7e0024000-7fa7e4000000 ---p 00000000 00:00 0 
7fa7e4000000-7fa7e402a000 rw-p 00000000 00:00 0 
7fa7e402a000-7fa7e8000000 ---p 00000000 00:00 0 
7fa7e8000000-7fa7e8021000 rw-p 00000000 00:00 0 
7fa7e8021000-7fa7ec000000 ---p 00000000 00:00 0 
7fa7ec000000-7fa7ec039000 rw-p 00000000 00:00 0 
7fa7ec039000-7fa7f0000000 ---p 00000000 00:00 0 
7fa7f4000000-7fa7f4021000 rw-p 00000000 00:00 0 
7fa7f4021000-7fa7f8000000 ---p 00000000 00:00 0 
7fa7f8000000-7fa7f8072000 rw-p 00000000 00:00 0 
7fa7f8072000-7fa7fc000000 ---p 00000000 00:00 0 
7fa7fc000000-7fa7fcd45000 rw-p 00000000 00:00 0 
7fa7fcd45000-7fa800000000 ---p 00000000 00:00 0 
7fa800000000-7fa800021000 rw-p 00000000 00:00 0 
7fa800021000-7fa804000000 ---p 00000000 00:00 0 
7fa804000000-7fa80471c000 rw-p 00000000 00:00 0 
7fa80471c000-7fa808000000 ---p 00000000 00:00 0 
7fa808000000-7fa80939a000 rw-p 00000000 00:00 0 
7fa80939a000-7fa80c000000 ---p 00000000 00:00 0 
7fa80c000000-7fa80c021000 rw-p 00000000 00:00 0 
7fa80c021000-7fa810000000 ---p 00000000 00:00 0 
7fa810000000-7fa810c0b000 rw-p 00000000 00:00 0 
7fa810c0b000-7fa814000000 ---p 00000000 00:00 0 
7fa814000000-7fa814021000 rw-p 00000000 00:00 0 
7fa814021000-7fa818000000 ---p 00000000 00:00 0 
7fa818000000-7fa818021000 rw-p 00000000 00:00 0 
7fa818021000-7fa81c000000 ---p 00000000 00:00 0 
7fa81c000000-7fa81c296000 rw-p 00000000 00:00 0 
7fa81c296000-7fa820000000 ---p 00000000 00:00 0 
7fa8226b3000-7fa8226b6000 ---p 00000000 00:00 0 
7fa8226b6000-7fa8227b4000 rw-p 00000000 00:00 0 
7fa8227b4000-7fa8227b7000 ---p 00000000 00:00 0 
7fa8227b7000-7fa8228b5000 rw-p 00000000 00:00 0 
7fa8228b5000-7fa8228b8000 ---p 00000000 00:00 0 
7fa8228b8000-7fa8229b6000 rw-p 00000000 00:00 0 
7fa8229b6000-7fa8229b9000 ---p 00000000 00:00 0 
7fa8229b9000-7fa822ab7000 rw-p 00000000 00:00 0 
7fa822ab7000-7fa822aba000 ---p 00000000 00:00 0 
7fa822aba000-7fa822bb8000 rw-p 00000000 00:00 0 
7fa822bb8000-7fa822bb9000 ---p 00000000 00:00 0 
7fa822bb9000-7fa822cb9000 rw-p 00000000 00:00 0 
7fa822cb9000-7fa822cbc000 ---p 00000000 00:00 0 
7fa822cbc000-7fa822dba000 rw-p 00000000 00:00 0 
7fa822dba000-7fa822dbd000 ---p 00000000 00:00 0 
7fa822dbd000-7fa822ebb000 rw-p 00000000 00:00 0 
7fa822ebb000-7fa822ebe000 ---p 00000000 00:00 0 
7fa822ebe000-7fa822fbc000 rw-p 00000000 00:00 0 
7fa822fbc000-7fa822fbf000 ---p 00000000 00:00 0 
7fa822fbf000-7fa8230bd000 rw-p 00000000 00:00 0 
7fa8230bd000-7fa8230c0000 ---p 00000000 00:00 0 
7fa8230c0000-7fa8231be000 rw-p 00000000 00:00 0 
7fa8231be000-7fa8231c1000 ---p 00000000 00:00 0 
7fa8231c1000-7fa8232bf000 rw-p 00000000 00:00 0 
7fa8232bf000-7fa8236f7000 r--p 00000000 08:01 9700768                    /usr/lib/locale/locale-archive
7fa8236f7000-7fa8236fa000 ---p 00000000 00:00 0 
7fa8236fa000-7fa8237f8000 rw-p 00000000 00:00 0 
7fa8237f8000-7fa8237fb000 ---p 00000000 00:00 0 
7fa8237fb000-7fa8238f9000 rw-p 00000000 00:00 0 
7fa8238f9000-7fa8238fa000 ---p 00000000 00:00 0 
7fa8238fa000-7fa824000000 rw-p 00000000 00:00 0 
7fa824000000-7fa824021000 rw-p 00000000 00:00 0 
7fa824021000-7fa828000000 ---p 00000000 00:00 0 
7fa82806d000-7fa829627000 rw-p 00000000 00:00 0 
7fa829627000-7fa829800000 r--s 03d1f000 08:01 9967487                    /usr/lib/jvm/java-8-oracle/jre/lib/rt.jar
7fa829800000-7fa829e80000 rw-p 00000000 00:00 0 
7fa829e80000-7fa82a000000 ---p 00000000 00:00 0 
7fa82a000000-7fa82c000000 rw-p 00000000 00:00 0 
7fa82c000000-7fa82c021000 rw-p 00000000 00:00 0 
7fa82c021000-7fa830000000 ---p 00000000 00:00 0 
7fa830000000-7fa830021000 rw-p 00000000 00:00 0 
7fa830021000-7fa834000000 ---p 00000000 00:00 0 
7fa834000000-7fa834021000 rw-p 00000000 00:00 0 
7fa834021000-7fa838000000 ---p 00000000 00:00 0 
7fa838000000-7fa838021000 rw-p 00000000 00:00 0 
7fa838021000-7fa83c000000 ---p 00000000 00:00 0 
7fa83c000000-7fa83c021000 rw-p 00000000 00:00 0 
7fa83c021000-7fa840000000 ---p 00000000 00:00 0 
7fa840000000-7fa840021000 rw-p 00000000 00:00 0 
7fa840021000-7fa844000000 ---p 00000000 00:00 0 
7fa844000000-7fa844021000 rw-p 00000000 00:00 0 
7fa844021000-7fa848000000 ---p 00000000 00:00 0 
7fa848009000-7fa8482e2000 rw-p 00000000 00:00 0 
7fa8482e2000-7fa8482e3000 ---p 00000000 00:00 0 
7fa8482e3000-7fa8483e3000 rw-p 00000000 00:00 0 
7fa8483e3000-7fa8483e4000 ---p 00000000 00:00 0 
7fa8483e4000-7fa8484e4000 rw-p 00000000 00:00 0 
7fa8484e4000-7fa8484e5000 ---p 00000000 00:00 0 
7fa8484e5000-7fa8485e5000 rw-p 00000000 00:00 0 
7fa8485e5000-7fa8485e6000 ---p 00000000 00:00 0 
7fa8485e6000-7fa8486e6000 rw-p 00000000 00:00 0 
7fa8486e6000-7fa8486e7000 ---p 00000000 00:00 0 
7fa8486e7000-7fa8487e7000 rw-p 00000000 00:00 0 
7fa8487e7000-7fa8487e8000 ---p 00000000 00:00 0 
7fa8487e8000-7fa8488e8000 rw-p 00000000 00:00 0 
7fa8488e8000-7fa8488e9000 ---p 00000000 00:00 0 
7fa8488e9000-7fa8489e9000 rw-p 00000000 00:00 0 
7fa8489e9000-7fa8489ea000 ---p 00000000 00:00 0 
7fa8489ea000-7fa848b19000 rw-p 00000000 00:00 0 
7fa848b19000-7fa848c40000 ---p 00000000 00:00 0 
7fa848c40000-7fa848c59000 rw-p 00000000 00:00 0 
7fa848c59000-7fa849000000 ---p 00000000 00:00 0 
7fa849000000-7fa849640000 rwxp 00000000 00:00 0 
7fa849640000-7fa858000000 ---p 00000000 00:00 0 
7fa858000000-7fa8583b3000 rw-p 00000000 00:00 0 
7fa8583b3000-7fa85c000000 ---p 00000000 00:00 0 
7fa85c003000-7fa85c011000 r--s 000e0000 08:01 5245789                    /home/oguz/Android/Sdk/build-tools/24.0.2/lib/dx.jar
7fa85c011000-7fa85c061000 rw-p 00000000 00:00 0 
7fa85c061000-7fa85c187000 ---p 00000000 00:00 0 
7fa85c187000-7fa85c1cb000 rw-p 00000000 00:00 0 
7fa85c1cb000-7fa85c232000 ---p 00000000 00:00 0 
7fa85c232000-7fa85c233000 rw-p 00000000 00:00 0 
7fa85c233000-7fa85c24d000 r-xp 00000000 08:01 10092954                   /usr/lib/jvm/java-8-oracle/jre/lib/amd64/libzip.so
7fa85c24d000-7fa85c44d000 ---p 0001a000 08:01 10092954                   /usr/lib/jvm/java-8-oracle/jre/lib/amd64/libzip.so
7fa85c44d000-7fa85c44e000 rw-p 0001a000 08:01 10092954                   /usr/lib/jvm/java-8-oracle/jre/lib/amd64/libzip.so
7fa85c44e000-7fa85c459000 r-xp 00000000 08:01 7603299                    /lib/x86_64-linux-gnu/libnss_files-2.23.so
7fa85c459000-7fa85c658000 ---p 0000b000 08:01 7603299                    /lib/x86_64-linux-gnu/libnss_files-2.23.so
7fa85c658000-7fa85c659000 r--p 0000a000 08:01 7603299                    /lib/x86_64-linux-gnu/libnss_files-2.23.so
7fa85c659000-7fa85c65a000 rw-p 0000b000 08:01 7603299                    /lib/x86_64-linux-gnu/libnss_files-2.23.so
7fa85c65a000-7fa85c660000 rw-p 00000000 00:00 0 
7fa85c660000-7fa85c66b000 r-xp 00000000 08:01 7603296                    /lib/x86_64-linux-gnu/libnss_nis-2.23.so
7fa85c66b000-7fa85c86a000 ---p 0000b000 08:01 7603296                    /lib/x86_64-linux-gnu/libnss_nis-2.23.so
7fa85c86a000-7fa85c86b000 r--p 0000a000 08:01 7603296                    /lib/x86_64-linux-gnu/libnss_nis-2.23.so
7fa85c86b000-7fa85c86c000 rw-p 0000b000 08:01 7603296                    /lib/x86_64-linux-gnu/libnss_nis-2.23.so
7fa85c86c000-7fa85c882000 r-xp 00000000 08:01 7603294                    /lib/x86_64-linux-gnu/libnsl-2.23.so
7fa85c882000-7fa85ca82000 ---p 00016000 08:01 7603294                    /lib/x86_64-linux-gnu/libnsl-2.23.so
7fa85ca82000-7fa85ca83000 r--p 00016000 08:01 7603294                    /lib/x86_64-linux-gnu/libnsl-2.23.so
7fa85ca83000-7fa85ca84000 rw-p 00017000 08:01 7603294                    /lib/x86_64-linux-gnu/libnsl-2.23.so
7fa85ca84000-7fa85ca86000 rw-p 00000000 00:00 0 
7fa85ca86000-7fa85ca8e000 r-xp 00000000 08:01 7603292                    /lib/x86_64-linux-gnu/libnss_compat-2.23.so
7fa85ca8e000-7fa85cc8d000 ---p 00008000 08:01 7603292                    /lib/x86_64-linux-gnu/libnss_compat-2.23.so
7fa85cc8d000-7fa85cc8e000 r--p 00007000 08:01 7603292                    /lib/x86_64-linux-gnu/libnss_compat-2.23.so
7fa85cc8e000-7fa85cc8f000 rw-p 00008000 08:01 7603292                    /lib/x86_64-linux-gnu/libnss_compat-2.23.so
7fa85cc8f000-7fa85ccb9000 r-xp 00000000 08:01 10092949                   /usr/lib/jvm/java-8-oracle/jre/lib/amd64/libjava.so
7fa85ccb9000-7fa85ceb9000 ---p 0002a000 08:01 10092949                   /usr/lib/jvm/java-8-oracle/jre/lib/amd64/libjava.so
7fa85ceb9000-7fa85cebb000 rw-p 0002a000 08:01 10092949                   /usr/lib/jvm/java-8-oracle/jre/lib/amd64/libjava.so
7fa85cebb000-7fa85cec8000 r-xp 00000000 08:01 10092953                   /usr/lib/jvm/java-8-oracle/jre/lib/amd64/libverify.so
7fa85cec8000-7fa85d0c8000 ---p 0000d000 08:01 10092953                   /usr/lib/jvm/java-8-oracle/jre/lib/amd64/libverify.so
7fa85d0c8000-7fa85d0ca000 rw-p 0000d000 08:01 10092953                   /usr/lib/jvm/java-8-oracle/jre/lib/amd64/libverify.so
7fa85d0ca000-7fa85d0d1000 r-xp 00000000 08:01 7603308                    /lib/x86_64-linux-gnu/librt-2.23.so
7fa85d0d1000-7fa85d2d0000 ---p 00007000 08:01 7603308                    /lib/x86_64-linux-gnu/librt-2.23.so
7fa85d2d0000-7fa85d2d1000 r--p 00006000 08:01 7603308                    /lib/x86_64-linux-gnu/librt-2.23.so
7fa85d2d1000-7fa85d2d2000 rw-p 00007000 08:01 7603308                    /lib/x86_64-linux-gnu/librt-2.23.so
7fa85d2d2000-7fa85d3da000 r-xp 00000000 08:01 7603305                    /lib/x86_64-linux-gnu/libm-2.23.so
7fa85d3da000-7fa85d5d9000 ---p 00108000 08:01 7603305                    /lib/x86_64-linux-gnu/libm-2.23.so
7fa85d5d9000-7fa85d5da000 r--p 00107000 08:01 7603305                    /lib/x86_64-linux-gnu/libm-2.23.so
7fa85d5da000-7fa85d5db000 rw-p 00108000 08:01 7603305                    /lib/x86_64-linux-gnu/libm-2.23.so
7fa85d5db000-7fa85e29b000 r-xp 00000000 08:01 10092932                   /usr/lib/jvm/java-8-oracle/jre/lib/amd64/server/libjvm.so
7fa85e29b000-7fa85e49b000 ---p 00cc0000 08:01 10092932                   /usr/lib/jvm/java-8-oracle/jre/lib/amd64/server/libjvm.so
7fa85e49b000-7fa85e573000 rw-p 00cc0000 08:01 10092932                   /usr/lib/jvm/java-8-oracle/jre/lib/amd64/server/libjvm.so
7fa85e573000-7fa85e5be000 rw-p 00000000 00:00 0 
7fa85e5be000-7fa85e77e000 r-xp 00000000 08:01 7603313                    /lib/x86_64-linux-gnu/libc-2.23.so
7fa85e77e000-7fa85e97e000 ---p 001c0000 08:01 7603313                    /lib/x86_64-linux-gnu/libc-2.23.so
7fa85e97e000-7fa85e982000 r--p 001c0000 08:01 7603313                    /lib/x86_64-linux-gnu/libc-2.23.so
7fa85e982000-7fa85e984000 rw-p 001c4000 08:01 7603313                    /lib/x86_64-linux-gnu/libc-2.23.so
7fa85e984000-7fa85e988000 rw-p 00000000 00:00 0 
7fa85e988000-7fa85e98b000 r-xp 00000000 08:01 7603314                    /lib/x86_64-linux-gnu/libdl-2.23.so
7fa85e98b000-7fa85eb8a000 ---p 00003000 08:01 7603314                    /lib/x86_64-linux-gnu/libdl-2.23.so
7fa85eb8a000-7fa85eb8b000 r--p 00002000 08:01 7603314                    /lib/x86_64-linux-gnu/libdl-2.23.so
7fa85eb8b000-7fa85eb8c000 rw-p 00003000 08:01 7603314                    /lib/x86_64-linux-gnu/libdl-2.23.so
7fa85eb8c000-7fa85eba1000 r-xp 00000000 08:01 9840182                    /usr/lib/jvm/java-8-oracle/lib/amd64/jli/libjli.so
7fa85eba1000-7fa85eda1000 ---p 00015000 08:01 9840182                    /usr/lib/jvm/java-8-oracle/lib/amd64/jli/libjli.so
7fa85eda1000-7fa85eda2000 rw-p 00015000 08:01 9840182                    /usr/lib/jvm/java-8-oracle/lib/amd64/jli/libjli.so
7fa85eda2000-7fa85edba000 r-xp 00000000 08:01 7603312                    /lib/x86_64-linux-gnu/libpthread-2.23.so
7fa85edba000-7fa85efb9000 ---p 00018000 08:01 7603312                    /lib/x86_64-linux-gnu/libpthread-2.23.so
7fa85efb9000-7fa85efba000 r--p 00017000 08:01 7603312                    /lib/x86_64-linux-gnu/libpthread-2.23.so
7fa85efba000-7fa85efbb000 rw-p 00018000 08:01 7603312                    /lib/x86_64-linux-gnu/libpthread-2.23.so
7fa85efbb000-7fa85efbf000 rw-p 00000000 00:00 0 
7fa85efbf000-7fa85efe5000 r-xp 00000000 08:01 7603309                    /lib/x86_64-linux-gnu/ld-2.23.so
7fa85efea000-7fa85f0bc000 rw-p 00000000 00:00 0 
7fa85f0bc000-7fa85f0bf000 ---p 00000000 00:00 0 
7fa85f0bf000-7fa85f1c1000 rw-p 00000000 00:00 0 
7fa85f1c4000-7fa85f1d8000 rw-p 00000000 00:00 0 
7fa85f1d8000-7fa85f1e0000 rw-s 00000000 08:01 132208                     /tmp/hsperfdata_oguz/9295
7fa85f1e0000-7fa85f1e1000 rw-p 00000000 00:00 0 
7fa85f1e1000-7fa85f1e2000 ---p 00000000 00:00 0 
7fa85f1e2000-7fa85f1e4000 rw-p 00000000 00:00 0 
7fa85f1e4000-7fa85f1e5000 r--p 00025000 08:01 7603309                    /lib/x86_64-linux-gnu/ld-2.23.so
7fa85f1e5000-7fa85f1e6000 rw-p 00026000 08:01 7603309                    /lib/x86_64-linux-gnu/ld-2.23.so
7fa85f1e6000-7fa85f1e7000 rw-p 00000000 00:00 0 
7ffde09d6000-7ffde09f7000 rw-p 00000000 00:00 0                          [stack]
7ffde09fa000-7ffde09fc000 r--p 00000000 00:00 0                          [vvar]
7ffde09fc000-7ffde09fe000 r-xp 00000000 00:00 0                          [vdso]
ffffffffff600000-ffffffffff601000 r-xp 00000000 00:00 0                  [vsyscall]

VM Arguments:
jvm_args: -Djava.awt.headless=true -Xmx1024M -Dfile.encoding=UTF-8 -Duser.country=TR -Duser.language=tr -Duser.variant 
java_command: com.android.dx.command.Main --dex --force-jumbo --num-threads=4 --multi-dex --output /home/oguz/AndroidStudioProjects/FomApplicationAndroid/app/build/intermediates/transforms/dex/debug/folders/1000/5/slice_4 /home/oguz/AndroidStudioProjects/FomApplicationAndroid/app/build/intermediates/transforms/instantRunSlicer/debug/folders/1/5/slice_4
java_class_path (initial): /home/oguz/Android/Sdk/build-tools/24.0.2/lib/dx.jar
Launcher Type: SUN_STANDARD

Environment Variables:
PATH=/usr/local/sbin:/usr/local/bin:/usr/sbin:/usr/bin:/sbin:/bin:/usr/games:/usr/local/games:/snap/bin
LD_LIBRARY_PATH=/home/oguz/Masaüstü/Derleyiciler/android-studio/bin:
SHELL=/bin/bash
DISPLAY=:0

Signal Handlers:
SIGSEGV: [libjvm.so+0xabca10], sa_mask[0]=11111111011111111101111111111110, sa_flags=SA_RESTART|SA_SIGINFO
SIGBUS: [libjvm.so+0xabca10], sa_mask[0]=11111111011111111101111111111110, sa_flags=SA_RESTART|SA_SIGINFO
SIGFPE: [libjvm.so+0x919a20], sa_mask[0]=11111111011111111101111111111110, sa_flags=SA_RESTART|SA_SIGINFO
SIGPIPE: [libjvm.so+0x919a20], sa_mask[0]=11111111011111111101111111111110, sa_flags=SA_RESTART|SA_SIGINFO
SIGXFSZ: [libjvm.so+0x919a20], sa_mask[0]=11111111011111111101111111111110, sa_flags=SA_RESTART|SA_SIGINFO
SIGILL: [libjvm.so+0x919a20], sa_mask[0]=11111111011111111101111111111110, sa_flags=SA_RESTART|SA_SIGINFO
SIGUSR1: SIG_DFL, sa_mask[0]=00000000000000000000000000000000, sa_flags=none
SIGUSR2: [libjvm.so+0x91b050], sa_mask[0]=00100000000000000000000000000000, sa_flags=SA_RESTART|SA_SIGINFO
SIGHUP: [libjvm.so+0x91c450], sa_mask[0]=11111111011111111101111111111110, sa_flags=SA_RESTART|SA_SIGINFO
SIGINT: [libjvm.so+0x91c450], sa_mask[0]=11111111011111111101111111111110, sa_flags=SA_RESTART|SA_SIGINFO
SIGTERM: [libjvm.so+0x91c450], sa_mask[0]=11111111011111111101111111111110, sa_flags=SA_RESTART|SA_SIGINFO
SIGQUIT: [libjvm.so+0x91c450], sa_mask[0]=11111111011111111101111111111110, sa_flags=SA_RESTART|SA_SIGINFO


---------------  S Y S T E M  ---------------

OS:DISTRIB_ID=Ubuntu
DISTRIB_RELEASE=16.04
DISTRIB_CODENAME=xenial
DISTRIB_DESCRIPTION="Ubuntu Xenial Xerus (development branch)"

uname:Linux 4.4.0-22-generic #39-Ubuntu SMP Thu May 5 16:53:32 UTC 2016 x86_64
libc:glibc 2.23 NPTL 2.23 
rlimit: STACK 8192k, CORE 0k, NPROC 31498, NOFILE 65536, AS infinity
load average:3.41 3.05 2.24

/proc/meminfo:
MemTotal:        8101800 kB
MemFree:          386800 kB
MemAvailable:     443568 kB
Buffers:            2128 kB
Cached:           450616 kB
SwapCached:            0 kB
Active:          7096932 kB
Inactive:         383552 kB
Active(anon):    7071224 kB
Inactive(anon):   360392 kB
Active(file):      25708 kB
Inactive(file):    23160 kB
Unevictable:          92 kB
Mlocked:              92 kB
SwapTotal:             0 kB
SwapFree:              0 kB
Dirty:               408 kB
Writeback:             0 kB
AnonPages:       7028356 kB
Mapped:           152736 kB
Shmem:            403264 kB
Slab:             102492 kB
SReclaimable:      50272 kB
SUnreclaim:        52220 kB
KernelStack:       17360 kB
PageTables:        53772 kB
NFS_Unstable:          0 kB
Bounce:                0 kB
WritebackTmp:          0 kB
CommitLimit:     4050900 kB
Committed_AS:   12166540 kB
VmallocTotal:   34359738367 kB
VmallocUsed:           0 kB
VmallocChunk:          0 kB
HardwareCorrupted:     0 kB
AnonHugePages:   3598336 kB
CmaTotal:              0 kB
CmaFree:               0 kB
HugePages_Total:       0
HugePages_Free:        0
HugePages_Rsvd:        0
HugePages_Surp:        0
Hugepagesize:       2048 kB
DirectMap4k:      166656 kB
DirectMap2M:     8148992 kB
DirectMap1G:     1048576 kB


CPU:total 8 (4 cores per cpu, 2 threads per core) family 6 model 60 stepping 3, cmov, cx8, fxsr, mmx, sse, sse2, sse3, ssse3, sse4.1, sse4.2, popcnt, avx, avx2, aes, clmul, erms, lzcnt, ht, tsc, tscinvbit, bmi1, bmi2

/proc/cpuinfo:
processor	: 0
vendor_id	: GenuineIntel
cpu family	: 6
model		: 60
model name	: Intel(R) Core(TM) i7-4700MQ CPU @ 2.40GHz
stepping	: 3
microcode	: 0x16
cpu MHz		: 3000.000
cache size	: 6144 KB
physical id	: 0
siblings	: 8
core id		: 0
cpu cores	: 4
apicid		: 0
initial apicid	: 0
fpu		: yes
fpu_exception	: yes
cpuid level	: 13
wp		: yes
flags		: fpu vme de pse tsc msr pae mce cx8 apic sep mtrr pge mca cmov pat pse36 clflush dts acpi mmx fxsr sse sse2 ss ht tm pbe syscall nx pdpe1gb rdtscp lm constant_tsc arch_perfmon pebs bts rep_good nopl xtopology nonstop_tsc aperfmperf eagerfpu pni pclmulqdq dtes64 monitor ds_cpl vmx est tm2 ssse3 sdbg fma cx16 xtpr pdcm pcid sse4_1 sse4_2 movbe popcnt tsc_deadline_timer aes xsave avx f16c rdrand lahf_lm abm epb tpr_shadow vnmi flexpriority ept vpid fsgsbase tsc_adjust bmi1 avx2 smep bmi2 erms invpcid xsaveopt dtherm ida arat pln pts
bugs		:
bogomips	: 4789.07
clflush size	: 64
cache_alignment	: 64
address sizes	: 39 bits physical, 48 bits virtual
power management:

processor	: 1
vendor_id	: GenuineIntel
cpu family	: 6
model		: 60
model name	: Intel(R) Core(TM) i7-4700MQ CPU @ 2.40GHz
stepping	: 3
microcode	: 0x16
cpu MHz		: 3000.000
cache size	: 6144 KB
physical id	: 0
siblings	: 8
core id		: 0
cpu cores	: 4
apicid		: 1
initial apicid	: 1
fpu		: yes
fpu_exception	: yes
cpuid level	: 13
wp		: yes
flags		: fpu vme de pse tsc msr pae mce cx8 apic sep mtrr pge mca cmov pat pse36 clflush dts acpi mmx fxsr sse sse2 ss ht tm pbe syscall nx pdpe1gb rdtscp lm constant_tsc arch_perfmon pebs bts rep_good nopl xtopology nonstop_tsc aperfmperf eagerfpu pni pclmulqdq dtes64 monitor ds_cpl vmx est tm2 ssse3 sdbg fma cx16 xtpr pdcm pcid sse4_1 sse4_2 movbe popcnt tsc_deadline_timer aes xsave avx f16c rdrand lahf_lm abm epb tpr_shadow vnmi flexpriority ept vpid fsgsbase tsc_adjust bmi1 avx2 smep bmi2 erms invpcid xsaveopt dtherm ida arat pln pts
bugs		:
bogomips	: 4789.07
clflush size	: 64
cache_alignment	: 64
address sizes	: 39 bits physical, 48 bits virtual
power management:

processor	: 2
vendor_id	: GenuineIntel
cpu family	: 6
model		: 60
model name	: Intel(R) Core(TM) i7-4700MQ CPU @ 2.40GHz
stepping	: 3
microcode	: 0x16
cpu MHz		: 3000.000
cache size	: 6144 KB
physical id	: 0
siblings	: 8
core id		: 1
cpu cores	: 4
apicid		: 2
initial apicid	: 2
fpu		: yes
fpu_exception	: yes
cpuid level	: 13
wp		: yes
flags		: fpu vme de pse tsc msr pae mce cx8 apic sep mtrr pge mca cmov pat pse36 clflush dts acpi mmx fxsr sse sse2 ss ht tm pbe syscall nx pdpe1gb rdtscp lm constant_tsc arch_perfmon pebs bts rep_good nopl xtopology nonstop_tsc aperfmperf eagerfpu pni pclmulqdq dtes64 monitor ds_cpl vmx est tm2 ssse3 sdbg fma cx16 xtpr pdcm pcid sse4_1 sse4_2 movbe popcnt tsc_deadline_timer aes xsave avx f16c rdrand lahf_lm abm epb tpr_shadow vnmi flexpriority ept vpid fsgsbase tsc_adjust bmi1 avx2 smep bmi2 erms invpcid xsaveopt dtherm ida arat pln pts
bugs		:
bogomips	: 4789.07
clflush size	: 64
cache_alignment	: 64
address sizes	: 39 bits physical, 48 bits virtual
power management:

processor	: 3
vendor_id	: GenuineIntel
cpu family	: 6
model		: 60
model name	: Intel(R) Core(TM) i7-4700MQ CPU @ 2.40GHz
stepping	: 3
microcode	: 0x16
cpu MHz		: 3000.000
cache size	: 6144 KB
physical id	: 0
siblings	: 8
core id		: 1
cpu cores	: 4
apicid		: 3
initial apicid	: 3
fpu		: yes
fpu_exception	: yes
cpuid level	: 13
wp		: yes
flags		: fpu vme de pse tsc msr pae mce cx8 apic sep mtrr pge mca cmov pat pse36 clflush dts acpi mmx fxsr sse sse2 ss ht tm pbe syscall nx pdpe1gb rdtscp lm constant_tsc arch_perfmon pebs bts rep_good nopl xtopology nonstop_tsc aperfmperf eagerfpu pni pclmulqdq dtes64 monitor ds_cpl vmx est tm2 ssse3 sdbg fma cx16 xtpr pdcm pcid sse4_1 sse4_2 movbe popcnt tsc_deadline_timer aes xsave avx f16c rdrand lahf_lm abm epb tpr_shadow vnmi flexpriority ept vpid fsgsbase tsc_adjust bmi1 avx2 smep bmi2 erms invpcid xsaveopt dtherm ida arat pln pts
bugs		:
bogomips	: 4789.07
clflush size	: 64
cache_alignment	: 64
address sizes	: 39 bits physical, 48 bits virtual
power management:

processor	: 4
vendor_id	: GenuineIntel
cpu family	: 6
model		: 60
model name	: Intel(R) Core(TM) i7-4700MQ CPU @ 2.40GHz
stepping	: 3
microcode	: 0x16
cpu MHz		: 3000.000
cache size	: 6144 KB
physical id	: 0
siblings	: 8
core id		: 2
cpu cores	: 4
apicid		: 4
initial apicid	: 4
fpu		: yes
fpu_exception	: yes
cpuid level	: 13
wp		: yes
flags		: fpu vme de pse tsc msr pae mce cx8 apic sep mtrr pge mca cmov pat pse36 clflush dts acpi mmx fxsr sse sse2 ss ht tm pbe syscall nx pdpe1gb rdtscp lm constant_tsc arch_perfmon pebs bts rep_good nopl xtopology nonstop_tsc aperfmperf eagerfpu pni pclmulqdq dtes64 monitor ds_cpl vmx est tm2 ssse3 sdbg fma cx16 xtpr pdcm pcid sse4_1 sse4_2 movbe popcnt tsc_deadline_timer aes xsave avx f16c rdrand lahf_lm abm epb tpr_shadow vnmi flexpriority ept vpid fsgsbase tsc_adjust bmi1 avx2 smep bmi2 erms invpcid xsaveopt dtherm ida arat pln pts
bugs		:
bogomips	: 4789.07
clflush size	: 64
cache_alignment	: 64
address sizes	: 39 bits physical, 48 bits virtual
power management:

processor	: 5
vendor_id	: GenuineIntel
cpu family	: 6
model		: 60
model name	: Intel(R) Core(TM) i7-4700MQ CPU @ 2.40GHz
stepping	: 3
microcode	: 0x16
cpu MHz		: 3000.000
cache size	: 6144 KB
physical id	: 0
siblings	: 8
core id		: 2
cpu cores	: 4
apicid		: 5
initial apicid	: 5
fpu		: yes
fpu_exception	: yes
cpuid level	: 13
wp		: yes
flags		: fpu vme de pse tsc msr pae mce cx8 apic sep mtrr pge mca cmov pat pse36 clflush dts acpi mmx fxsr sse sse2 ss ht tm pbe syscall nx pdpe1gb rdtscp lm constant_tsc arch_perfmon pebs bts rep_good nopl xtopology nonstop_tsc aperfmperf eagerfpu pni pclmulqdq dtes64 monitor ds_cpl vmx est tm2 ssse3 sdbg fma cx16 xtpr pdcm pcid sse4_1 sse4_2 movbe popcnt tsc_deadline_timer aes xsave avx f16c rdrand lahf_lm abm epb tpr_shadow vnmi flexpriority ept vpid fsgsbase tsc_adjust bmi1 avx2 smep bmi2 erms invpcid xsaveopt dtherm ida arat pln pts
bugs		:
bogomips	: 4789.07
clflush size	: 64
cache_alignment	: 64
address sizes	: 39 bits physical, 48 bits virtual
power management:

processor	: 6
vendor_id	: GenuineIntel
cpu family	: 6
model		: 60
model name	: Intel(R) Core(TM) i7-4700MQ CPU @ 2.40GHz
stepping	: 3
microcode	: 0x16
cpu MHz		: 3000.000
cache size	: 6144 KB
physical id	: 0
siblings	: 8
core id		: 3
cpu cores	: 4
apicid		: 6
initial apicid	: 6
fpu		: yes
fpu_exception	: yes
cpuid level	: 13
wp		: yes
flags		: fpu vme de pse tsc msr pae mce cx8 apic sep mtrr pge mca cmov pat pse36 clflush dts acpi mmx fxsr sse sse2 ss ht tm pbe syscall nx pdpe1gb rdtscp lm constant_tsc arch_perfmon pebs bts rep_good nopl xtopology nonstop_tsc aperfmperf eagerfpu pni pclmulqdq dtes64 monitor ds_cpl vmx est tm2 ssse3 sdbg fma cx16 xtpr pdcm pcid sse4_1 sse4_2 movbe popcnt tsc_deadline_timer aes xsave avx f16c rdrand lahf_lm abm epb tpr_shadow vnmi flexpriority ept vpid fsgsbase tsc_adjust bmi1 avx2 smep bmi2 erms invpcid xsaveopt dtherm ida arat pln pts
bugs		:
bogomips	: 4789.07
clflush size	: 64
cache_alignment	: 64
address sizes	: 39 bits physical, 48 bits virtual
power management:

processor	: 7
vendor_id	: GenuineIntel
cpu family	: 6
model		: 60
model name	: Intel(R) Core(TM) i7-4700MQ CPU @ 2.40GHz
stepping	: 3
microcode	: 0x16
cpu MHz		: 2999.906
cache size	: 6144 KB
physical id	: 0
siblings	: 8
core id		: 3
cpu cores	: 4
apicid		: 7
initial apicid	: 7
fpu		: yes
fpu_exception	: yes
cpuid level	: 13
wp		: yes
flags		: fpu vme de pse tsc msr pae mce cx8 apic sep mtrr pge mca cmov pat pse36 clflush dts acpi mmx fxsr sse sse2 ss ht tm pbe syscall nx pdpe1gb rdtscp lm constant_tsc arch_perfmon pebs bts rep_good nopl xtopology nonstop_tsc aperfmperf eagerfpu pni pclmulqdq dtes64 monitor ds_cpl vmx est tm2 ssse3 sdbg fma cx16 xtpr pdcm pcid sse4_1 sse4_2 movbe popcnt tsc_deadline_timer aes xsave avx f16c rdrand lahf_lm abm epb tpr_shadow vnmi flexpriority ept vpid fsgsbase tsc_adjust bmi1 avx2 smep bmi2 erms invpcid xsaveopt dtherm ida arat pln pts
bugs		:
bogomips	: 4789.07
clflush size	: 64
cache_alignment	: 64
address sizes	: 39 bits physical, 48 bits virtual
power management:



Memory: 4k page, physical 8101800k(386800k free), swap 0k(0k free)

vm_info: Java HotSpot(TM) 64-Bit Server VM (25.91-b14) for linux-amd64 JRE (1.8.0_91-b14), built on Apr  1 2016 00:57:21 by "java_re" with gcc 4.3.0 20080428 (Red Hat 4.3.0-8)

time: Tue Sep  6 15:12:34 2016
elapsed time: 3 seconds (0d 0h 0m 3s)

