#
# There is insufficient memory for the Java Runtime Environment to continue.
# Native memory allocation (mmap) failed to map 169869312 bytes for committing reserved memory.
# Possible reasons:
#   The system is out of physical RAM or swap space
#   In 32 bit mode, the process size limit was hit
# Possible solutions:
#   Reduce memory load on the system
#   Increase physical memory or swap space
#   Check if swap backing store is full
#   Use 64 bit Java on a 64 bit OS
#   Decrease Java heap size (-Xmx/-Xms)
#   Decrease number of Java threads
#   Decrease Java thread stack sizes (-Xss)
#   Set larger code cache with -XX:ReservedCodeCacheSize=
# This output file may be truncated or incomplete.
#
#  Out of Memory Error (os_linux.cpp:2627), pid=6871, tid=139718590129920
#
# JRE version: Java(TM) SE Runtime Environment (8.0_91-b14) (build 1.8.0_91-b14)
# Java VM: Java HotSpot(TM) 64-Bit Server VM (25.91-b14 mixed mode linux-amd64 compressed oops)
# Failed to write core dump. Core dumps have been disabled. To enable core dumping, try "ulimit -c unlimited" before starting Java again
#

---------------  T H R E A D  ---------------

Current thread (0x00007f12dc080000):  VMThread [stack: 0x00007f12c4dee000,0x00007f12c4eef000] [id=6885]

Stack: [0x00007f12c4dee000,0x00007f12c4eef000],  sp=0x00007f12c4eecfa0,  free space=1019k
Native frames: (J=compiled Java code, j=interpreted, Vv=VM code, C=native code)
V  [libjvm.so+0xabc18a]  VMError::report_and_die()+0x2ba
V  [libjvm.so+0x4fafeb]  report_vm_out_of_memory(char const*, int, unsigned long, VMErrorType, char const*)+0x8b
V  [libjvm.so+0x91cbb3]  os::Linux::commit_memory_impl(char*, unsigned long, bool)+0x103
V  [libjvm.so+0x91d109]  os::pd_commit_memory(char*, unsigned long, unsigned long, bool)+0x29
V  [libjvm.so+0x91740a]  os::commit_memory(char*, unsigned long, unsigned long, bool)+0x2a
V  [libjvm.so+0x98b033]  PSVirtualSpace::expand_by(unsigned long)+0x53
V  [libjvm.so+0x98c438]  PSYoungGen::resize_generation(unsigned long, unsigned long)+0xf8
V  [libjvm.so+0x98b592]  PSYoungGen::resize(unsigned long, unsigned long)+0x22
V  [libjvm.so+0x98886b]  PSScavenge::invoke_no_policy()+0xf3b
V  [libjvm.so+0x988ff1]  PSScavenge::invoke()+0x41
V  [libjvm.so+0x9408b0]  ParallelScavengeHeap::failed_mem_allocate(unsigned long)+0x70
V  [libjvm.so+0xabdba7]  VM_ParallelGCFailedAllocation::doit()+0x97
V  [libjvm.so+0xac55d5]  VM_Operation::evaluate()+0x55
V  [libjvm.so+0xac39aa]  VMThread::evaluate_operation(VM_Operation*)+0xba
V  [libjvm.so+0xac3d2e]  VMThread::loop()+0x1ce
V  [libjvm.so+0xac41a0]  VMThread::run()+0x70
V  [libjvm.so+0x91ef78]  java_start(Thread*)+0x108

VM_Operation (0x00007f12bfdfbc20): ParallelGCFailedAllocation, mode: safepoint, requested by thread 0x00007f12dc158800


---------------  P R O C E S S  ---------------

Java Threads: ( => current thread )
  0x00007f12dc15b000 JavaThread "pool-2-thread-4" [_thread_blocked, id=6917, stack(0x00007f12bfafb000,0x00007f12bfbfc000)]
  0x00007f12dc159800 JavaThread "pool-2-thread-3" [_thread_blocked, id=6916, stack(0x00007f12bfbfc000,0x00007f12bfcfd000)]
  0x00007f12dc158800 JavaThread "pool-2-thread-2" [_thread_blocked, id=6915, stack(0x00007f12bfcfd000,0x00007f12bfdfe000)]
  0x00007f12dc156800 JavaThread "pool-3-thread-1" [_thread_blocked, id=6911, stack(0x00007f12bfdfe000,0x00007f12bfeff000)]
  0x00007f12dc154000 JavaThread "pool-2-thread-1" [_thread_blocked, id=6908, stack(0x00007f12bfeff000,0x00007f12c0000000)]
  0x00007f12dc0cb800 JavaThread "Service Thread" daemon [_thread_blocked, id=6893, stack(0x00007f12c41ae000,0x00007f12c42af000)]
  0x00007f12dc0c9000 JavaThread "C1 CompilerThread3" daemon [_thread_blocked, id=6892, stack(0x00007f12c42af000,0x00007f12c43b0000)]
  0x00007f12dc0c6800 JavaThread "C2 CompilerThread2" daemon [_thread_blocked, id=6891, stack(0x00007f12c43b0000,0x00007f12c44b1000)]
  0x00007f12dc0c5000 JavaThread "C2 CompilerThread1" daemon [_thread_blocked, id=6890, stack(0x00007f12c44b1000,0x00007f12c45b2000)]
  0x00007f12dc0c2000 JavaThread "C2 CompilerThread0" daemon [_thread_blocked, id=6889, stack(0x00007f12c45b2000,0x00007f12c46b3000)]
  0x00007f12dc0c0800 JavaThread "Signal Dispatcher" daemon [_thread_blocked, id=6888, stack(0x00007f12c46b3000,0x00007f12c47b4000)]
  0x00007f12dc08c800 JavaThread "Finalizer" daemon [_thread_blocked, id=6887, stack(0x00007f12c4bec000,0x00007f12c4ced000)]
  0x00007f12dc087800 JavaThread "Reference Handler" daemon [_thread_blocked, id=6886, stack(0x00007f12c4ced000,0x00007f12c4dee000)]
  0x00007f12dc00a000 JavaThread "main" [_thread_blocked, id=6874, stack(0x00007f12e45ce000,0x00007f12e46cf000)]

Other Threads:
=>0x00007f12dc080000 VMThread [stack: 0x00007f12c4dee000,0x00007f12c4eef000] [id=6885]
  0x00007f12dc0cf000 WatcherThread [stack: 0x00007f12c40ad000,0x00007f12c41ae000] [id=6894]

VM state:at safepoint (normal execution)

VM Mutex/Monitor currently owned by a thread:  ([mutex/lock_event])
[0x00007f12dc006570] Threads_lock - owner thread: 0x00007f12dc080000
[0x00007f12dc006a70] Heap_lock - owner thread: 0x00007f12dc158800

Heap:
 PSYoungGen      total 132096K, used 5110K [0x00000000eab00000, 0x00000000f3100000, 0x0000000100000000)
  eden space 126976K, 0% used [0x00000000eab00000,0x00000000eab00000,0x00000000f2700000)
  from space 5120K, 99% used [0x00000000f2700000,0x00000000f2bfdae0,0x00000000f2c00000)
  to   space 5120K, 0% used [0x00000000f2c00000,0x00000000f2c00000,0x00000000f3100000)
 ParOldGen       total 84992K, used 39966K [0x00000000c0000000, 0x00000000c5300000, 0x00000000eab00000)
  object space 84992K, 47% used [0x00000000c0000000,0x00000000c2707900,0x00000000c5300000)
 Metaspace       used 6331K, capacity 7192K, committed 7424K, reserved 1056768K
  class space    used 617K, capacity 656K, committed 768K, reserved 1048576K

Card table byte_map: [0x00007f12e1183000,0x00007f12e1384000] byte_map_base: 0x00007f12e0b83000

Marking Bits: (ParMarkBitMap*) 0x00007f12e3aa2d60
 Begin Bits: [0x00007f12c6000000, 0x00007f12c7000000)
 End Bits:   [0x00007f12c7000000, 0x00007f12c8000000)

Polling page: 0x00007f12e46f2000

CodeCache: size=245760Kb used=5989Kb max_used=5997Kb free=239770Kb
 bounds [0x00007f12cd000000, 0x00007f12cd5e0000, 0x00007f12dc000000]
 total_blobs=2007 nmethods=1736 adapters=182
 compilation: enabled

Compilation events (10 events):
Event: 4.373 Thread 0x00007f12dc0c2000 nmethod 1718 0x00007f12cd5d92d0 code [0x00007f12cd5d96c0, 0x00007f12cd5dbc90]
Event: 4.373 Thread 0x00007f12dc0c2000 1888   !   4       com.android.dx.rop.code.RegisterSpec::intern (70 bytes)
Event: 4.376 Thread 0x00007f12dc0c9000 1968       2       com.android.dx.ssa.InterferenceRegisterMapper::areAnyPinned (81 bytes)
Event: 4.377 Thread 0x00007f12dc0c9000 nmethod 1968 0x00007f12cd5d7750 code [0x00007f12cd5d7900, 0x00007f12cd5d7c58]
Event: 4.377 Thread 0x00007f12dc0c9000 1969       2       com.android.dx.rop.type.Type::asUninitialized (140 bytes)
Event: 4.378 Thread 0x00007f12dc0c9000 nmethod 1969 0x00007f12cd5d6310 code [0x00007f12cd5d6580, 0x00007f12cd5d7018]
Event: 4.378 Thread 0x00007f12dc0c9000 1971 %     3       com.android.dx.ssa.SsaRenamer::<init> @ 65 (100 bytes)
Event: 4.378 Thread 0x00007f12dc0c9000 nmethod 1971% 0x00007f12cd5d5050 code [0x00007f12cd5d5240, 0x00007f12cd5d5de8]
Event: 4.378 Thread 0x00007f12dc0c9000 1970       2       java.lang.String::<init> (15 bytes)
Event: 4.378 Thread 0x00007f12dc0c9000 nmethod 1970 0x00007f12cd5d4b50 code [0x00007f12cd5d4cc0, 0x00007f12cd5d4f48]

GC Heap History (9 events):
Event: 2.098 GC heap before
{Heap before GC invocations=1 (full 0):
 PSYoungGen      total 36864K, used 31744K [0x00000000eab00000, 0x00000000ed400000, 0x0000000100000000)
  eden space 31744K, 100% used [0x00000000eab00000,0x00000000eca00000,0x00000000eca00000)
  from space 5120K, 0% used [0x00000000ecf00000,0x00000000ecf00000,0x00000000ed400000)
  to   space 5120K, 0% used [0x00000000eca00000,0x00000000eca00000,0x00000000ecf00000)
 ParOldGen       total 84992K, used 0K [0x00000000c0000000, 0x00000000c5300000, 0x00000000eab00000)
  object space 84992K, 0% used [0x00000000c0000000,0x00000000c0000000,0x00000000c5300000)
 Metaspace       used 5804K, capacity 6768K, committed 7040K, reserved 1056768K
  class space    used 595K, capacity 616K, committed 640K, reserved 1048576K
Event: 2.126 GC heap after
Heap after GC invocations=1 (full 0):
 PSYoungGen      total 36864K, used 5093K [0x00000000eab00000, 0x00000000ef300000, 0x0000000100000000)
  eden space 31744K, 0% used [0x00000000eab00000,0x00000000eab00000,0x00000000eca00000)
  from space 5120K, 99% used [0x00000000eca00000,0x00000000ecef97f8,0x00000000ecf00000)
  to   space 5120K, 0% used [0x00000000eee00000,0x00000000eee00000,0x00000000ef300000)
 ParOldGen       total 84992K, used 846K [0x00000000c0000000, 0x00000000c5300000, 0x00000000eab00000)
  object space 84992K, 0% used [0x00000000c0000000,0x00000000c00d3b28,0x00000000c5300000)
 Metaspace       used 5804K, capacity 6768K, committed 7040K, reserved 1056768K
  class space    used 595K, capacity 616K, committed 640K, reserved 1048576K
}
Event: 2.540 GC heap before
{Heap before GC invocations=2 (full 0):
 PSYoungGen      total 36864K, used 36837K [0x00000000eab00000, 0x00000000ef300000, 0x0000000100000000)
  eden space 31744K, 100% used [0x00000000eab00000,0x00000000eca00000,0x00000000eca00000)
  from space 5120K, 99% used [0x00000000eca00000,0x00000000ecef97f8,0x00000000ecf00000)
  to   space 5120K, 0% used [0x00000000eee00000,0x00000000eee00000,0x00000000ef300000)
 ParOldGen       total 84992K, used 846K [0x00000000c0000000, 0x00000000c5300000, 0x00000000eab00000)
  object space 84992K, 0% used [0x00000000c0000000,0x00000000c00d3b28,0x00000000c5300000)
 Metaspace       used 5922K, capacity 6896K, committed 7040K, reserved 1056768K
  class space    used 596K, capacity 616K, committed 640K, reserved 1048576K
Event: 2.585 GC heap after
Heap after GC invocations=2 (full 0):
 PSYoungGen      total 68608K, used 5089K [0x00000000eab00000, 0x00000000ef300000, 0x0000000100000000)
  eden space 63488K, 0% used [0x00000000eab00000,0x00000000eab00000,0x00000000ee900000)
  from space 5120K, 99% used [0x00000000eee00000,0x00000000ef2f8710,0x00000000ef300000)
  to   space 5120K, 0% used [0x00000000ee900000,0x00000000ee900000,0x00000000eee00000)
 ParOldGen       total 84992K, used 5076K [0x00000000c0000000, 0x00000000c5300000, 0x00000000eab00000)
  object space 84992K, 5% used [0x00000000c0000000,0x00000000c04f5168,0x00000000c5300000)
 Metaspace       used 5922K, capacity 6896K, committed 7040K, reserved 1056768K
  class space    used 596K, capacity 616K, committed 640K, reserved 1048576K
}
Event: 3.047 GC heap before
{Heap before GC invocations=3 (full 0):
 PSYoungGen      total 68608K, used 68577K [0x00000000eab00000, 0x00000000ef300000, 0x0000000100000000)
  eden space 63488K, 100% used [0x00000000eab00000,0x00000000ee900000,0x00000000ee900000)
  from space 5120K, 99% used [0x00000000eee00000,0x00000000ef2f8710,0x00000000ef300000)
  to   space 5120K, 0% used [0x00000000ee900000,0x00000000ee900000,0x00000000eee00000)
 ParOldGen       total 84992K, used 5076K [0x00000000c0000000, 0x00000000c5300000, 0x00000000eab00000)
  object space 84992K, 5% used [0x00000000c0000000,0x00000000c04f5168,0x00000000c5300000)
 Metaspace       used 5988K, capacity 6960K, committed 7040K, reserved 1056768K
  class space    used 596K, capacity 616K, committed 640K, reserved 1048576K
Event: 3.113 GC heap after
Heap after GC invocations=3 (full 0):
 PSYoungGen      total 68608K, used 5116K [0x00000000eab00000, 0x00000000f3100000, 0x0000000100000000)
  eden space 63488K, 0% used [0x00000000eab00000,0x00000000eab00000,0x00000000ee900000)
  from space 5120K, 99% used [0x00000000ee900000,0x00000000eedff020,0x00000000eee00000)
  to   space 5120K, 0% used [0x00000000f2c00000,0x00000000f2c00000,0x00000000f3100000)
 ParOldGen       total 84992K, used 13860K [0x00000000c0000000, 0x00000000c5300000, 0x00000000eab00000)
  object space 84992K, 16% used [0x00000000c0000000,0x00000000c0d890b0,0x00000000c5300000)
 Metaspace       used 5988K, capacity 6960K, committed 7040K, reserved 1056768K
  class space    used 596K, capacity 616K, committed 640K, reserved 1048576K
}
Event: 3.498 GC heap before
{Heap before GC invocations=4 (full 0):
 PSYoungGen      total 68608K, used 68604K [0x00000000eab00000, 0x00000000f3100000, 0x0000000100000000)
  eden space 63488K, 100% used [0x00000000eab00000,0x00000000ee900000,0x00000000ee900000)
  from space 5120K, 99% used [0x00000000ee900000,0x00000000eedff020,0x00000000eee00000)
  to   space 5120K, 0% used [0x00000000f2c00000,0x00000000f2c00000,0x00000000f3100000)
 ParOldGen       total 84992K, used 13860K [0x00000000c0000000, 0x00000000c5300000, 0x00000000eab00000)
  object space 84992K, 16% used [0x00000000c0000000,0x00000000c0d890b0,0x00000000c5300000)
 Metaspace       used 6142K, capacity 7000K, committed 7168K, reserved 1056768K
  class space    used 617K, capacity 656K, committed 768K, reserved 1048576K
Event: 3.562 GC heap after
Heap after GC invocations=4 (full 0):
 PSYoungGen      total 132096K, used 5089K [0x00000000eab00000, 0x00000000f3100000, 0x0000000100000000)
  eden space 126976K, 0% used [0x00000000eab00000,0x00000000eab00000,0x00000000f2700000)
  from space 5120K, 99% used [0x00000000f2c00000,0x00000000f30f8768,0x00000000f3100000)
  to   space 5120K, 0% used [0x00000000f2700000,0x00000000f2700000,0x00000000f2c00000)
 ParOldGen       total 84992K, used 22452K [0x00000000c0000000, 0x00000000c5300000, 0x00000000eab00000)
  object space 84992K, 26% used [0x00000000c0000000,0x00000000c15ed118,0x00000000c5300000)
 Metaspace       used 6142K, capacity 7000K, committed 7168K, reserved 1056768K
  class space    used 617K, capacity 656K, committed 768K, reserved 1048576K
}
Event: 4.391 GC heap before
{Heap before GC invocations=5 (full 0):
 PSYoungGen      total 132096K, used 132065K [0x00000000eab00000, 0x00000000f3100000, 0x0000000100000000)
  eden space 126976K, 100% used [0x00000000eab00000,0x00000000f2700000,0x00000000f2700000)
  from space 5120K, 99% used [0x00000000f2c00000,0x00000000f30f8768,0x00000000f3100000)
  to   space 5120K, 0% used [0x00000000f2700000,0x00000000f2700000,0x00000000f2c00000)
 ParOldGen       total 84992K, used 22452K [0x00000000c0000000, 0x00000000c5300000, 0x00000000eab00000)
  object space 84992K, 26% used [0x00000000c0000000,0x00000000c15ed118,0x00000000c5300000)
 Metaspace       used 6331K, capacity 7192K, committed 7424K, reserved 1056768K
  class space    used 617K, capacity 656K, committed 768K, reserved 1048576K

Deoptimization events (10 events):
Event: 3.287 Thread 0x00007f12dc00a000 Uncommon trap: reason=unstable_if action=reinterpret pc=0x00007f12cd45743c method=com.android.dx.ssa.SCCP.simulateStmt(Lcom/android/dx/ssa/SsaInsn;)V @ 53
Event: 3.348 Thread 0x00007f12dc00a000 Uncommon trap: reason=unstable_if action=reinterpret pc=0x00007f12cd2b8fa0 method=java.util.HashMap.putVal(ILjava/lang/Object;Ljava/lang/Object;ZZ)Ljava/lang/Object; @ 162
Event: 3.366 Thread 0x00007f12dc15b000 Uncommon trap: reason=unstable_if action=reinterpret pc=0x00007f12cd225dec method=java.util.HashMap.getNode(ILjava/lang/Object;)Ljava/util/HashMap$Node; @ 84
Event: 3.366 Thread 0x00007f12dc15b000 Uncommon trap: reason=unstable_if action=reinterpret pc=0x00007f12cd21f3b8 method=java.util.HashMap.getNode(ILjava/lang/Object;)Ljava/util/HashMap$Node; @ 84
Event: 3.394 Thread 0x00007f12dc154000 Uncommon trap: reason=unstable_if action=reinterpret pc=0x00007f12cd3a4528 method=java.util.HashMap.putVal(ILjava/lang/Object;Ljava/lang/Object;ZZ)Ljava/lang/Object; @ 162
Event: 3.701 Thread 0x00007f12dc159800 Uncommon trap: reason=unstable_if action=reinterpret pc=0x00007f12cd485dc0 method=com.android.dx.ssa.MoveParamCombiner$1.visitNonMoveInsn(Lcom/android/dx/ssa/NormalSsaInsn;)V @ 27
Event: 4.092 Thread 0x00007f12dc159800 Uncommon trap: reason=unstable_if action=reinterpret pc=0x00007f12cd541644 method=java.util.HashMap.putVal(ILjava/lang/Object;Ljava/lang/Object;ZZ)Ljava/lang/Object; @ 109
Event: 4.224 Thread 0x00007f12dc154000 Uncommon trap: reason=unstable_if action=reinterpret pc=0x00007f12cd2c1688 method=com.android.dx.dex.code.OutputFinisher.hasLocalInfo(Lcom/android/dx/dex/code/DalvInsn;)Z @ 24
Event: 4.267 Thread 0x00007f12dc154000 Uncommon trap: reason=unstable_if action=reinterpret pc=0x00007f12cd573210 method=com.android.dx.ssa.SCCP.simulateBranch(Lcom/android/dx/ssa/SsaInsn;)V @ 548
Event: 4.326 Thread 0x00007f12dc15b000 Uncommon trap: reason=unstable_if action=reinterpret pc=0x00007f12cd54a73c method=com.android.dx.rop.cst.CstNat.equals(Ljava/lang/Object;)Z @ 25

Internal exceptions (6 events):
Event: 0.171 Thread 0x00007f12dc00a000 Exception <a 'java/lang/NoSuchMethodError': Method sun.misc.Unsafe.defineClass(Ljava/lang/String;[BII)Ljava/lang/Class; name or signature does not match> (0x00000000eab07cc0) thrown at [/HUDSON/workspace/8-2-build-linux-amd64/jdk8u91/6644/hotspot/src/shar
Event: 0.172 Thread 0x00007f12dc00a000 Exception <a 'java/lang/NoSuchMethodError': Method sun.misc.Unsafe.prefetchRead(Ljava/lang/Object;J)V name or signature does not match> (0x00000000eab07fa8) thrown at [/HUDSON/workspace/8-2-build-linux-amd64/jdk8u91/6644/hotspot/src/share/vm/prims/jni.cpp
Event: 2.222 Thread 0x00007f12dc00a000 Implicit null exception at 0x00007f12cd2d482c to 0x00007f12cd2d7829
Event: 3.349 Thread 0x00007f12dc00a000 Exception <a 'java/lang/ArrayIndexOutOfBoundsException': 18> (0x00000000ecf1fc78) thrown at [/HUDSON/workspace/8-2-build-linux-amd64/jdk8u91/6644/hotspot/src/share/vm/interpreter/interpreterRuntime.cpp, line 366]
Event: 3.350 Thread 0x00007f12dc00a000 Exception <a 'java/lang/ArrayIndexOutOfBoundsException': 145> (0x00000000ecf217f8) thrown at [/HUDSON/workspace/8-2-build-linux-amd64/jdk8u91/6644/hotspot/src/share/vm/interpreter/interpreterRuntime.cpp, line 366]
Event: 3.350 Thread 0x00007f12dc00a000 Exception <a 'java/lang/ArrayIndexOutOfBoundsException': 40> (0x00000000ecf22ae0) thrown at [/HUDSON/workspace/8-2-build-linux-amd64/jdk8u91/6644/hotspot/src/share/vm/interpreter/interpreterRuntime.cpp, line 366]

Events (10 events):
Event: 4.326 Thread 0x00007f12dc15b000 DEOPT UNPACKING pc=0x00007f12cd005229 sp=0x00007f12bfbf9400 mode 2
Event: 4.336 Thread 0x00007f12dc158800 DEOPT PACKING pc=0x00007f12cd47d537 sp=0x00007f12bfdfbf10
Event: 4.336 Thread 0x00007f12dc158800 DEOPT UNPACKING pc=0x00007f12cd047633 sp=0x00007f12bfdfbca8 mode 0
Event: 4.342 Executing VM operation: EnableBiasedLocking
Event: 4.348 Executing VM operation: EnableBiasedLocking done
Event: 4.353 Thread 0x00007f12dc00a000 DEOPT PACKING pc=0x00007f12cd2c4b32 sp=0x00007f12e46cc650
Event: 4.353 Thread 0x00007f12dc00a000 DEOPT UNPACKING pc=0x00007f12cd047633 sp=0x00007f12e46cc450 mode 0
Event: 4.366 Thread 0x00007f12dc154000 DEOPT PACKING pc=0x00007f12cd2c4a78 sp=0x00007f12bfffdc70
Event: 4.366 Thread 0x00007f12dc154000 DEOPT UNPACKING pc=0x00007f12cd047633 sp=0x00007f12bfffda70 mode 0
Event: 4.379 Executing VM operation: ParallelGCFailedAllocation


Dynamic libraries:
00400000-00401000 r-xp 00000000 08:01 9839507                            /usr/lib/jvm/java-8-oracle/bin/java
00600000-00601000 rw-p 00000000 08:01 9839507                            /usr/lib/jvm/java-8-oracle/bin/java
00ce9000-00d0a000 rw-p 00000000 00:00 0                                  [heap]
c0000000-c5300000 rw-p 00000000 00:00 0 
c5300000-eab00000 ---p 00000000 00:00 0 
eab00000-f3100000 rw-p 00000000 00:00 0 
fd300000-100000000 ---p 00000000 00:00 0 
100000000-1000c0000 rw-p 00000000 00:00 0 
1000c0000-140000000 ---p 00000000 00:00 0 
7f1258000000-7f1258021000 rw-p 00000000 00:00 0 
7f1258021000-7f125c000000 ---p 00000000 00:00 0 
7f125c000000-7f125c02e000 rw-p 00000000 00:00 0 
7f125c02e000-7f1260000000 ---p 00000000 00:00 0 
7f1260000000-7f1260021000 rw-p 00000000 00:00 0 
7f1260021000-7f1264000000 ---p 00000000 00:00 0 
7f1264000000-7f1264021000 rw-p 00000000 00:00 0 
7f1264021000-7f1268000000 ---p 00000000 00:00 0 
7f1268000000-7f1268021000 rw-p 00000000 00:00 0 
7f1268021000-7f126c000000 ---p 00000000 00:00 0 
7f126c000000-7f126c039000 rw-p 00000000 00:00 0 
7f126c039000-7f1270000000 ---p 00000000 00:00 0 
7f1270000000-7f127093e000 rw-p 00000000 00:00 0 
7f127093e000-7f1274000000 ---p 00000000 00:00 0 
7f1274000000-7f1274021000 rw-p 00000000 00:00 0 
7f1274021000-7f1278000000 ---p 00000000 00:00 0 
7f1278000000-7f1278bfd000 rw-p 00000000 00:00 0 
7f1278bfd000-7f127c000000 ---p 00000000 00:00 0 
7f127c000000-7f127ca08000 rw-p 00000000 00:00 0 
7f127ca08000-7f1280000000 ---p 00000000 00:00 0 
7f1280000000-7f1280021000 rw-p 00000000 00:00 0 
7f1280021000-7f1284000000 ---p 00000000 00:00 0 
7f1284000000-7f1284512000 rw-p 00000000 00:00 0 
7f1284512000-7f1288000000 ---p 00000000 00:00 0 
7f1288000000-7f1288021000 rw-p 00000000 00:00 0 
7f1288021000-7f128c000000 ---p 00000000 00:00 0 
7f128c000000-7f128c021000 rw-p 00000000 00:00 0 
7f128c021000-7f1290000000 ---p 00000000 00:00 0 
7f1290000000-7f1290021000 rw-p 00000000 00:00 0 
7f1290021000-7f1294000000 ---p 00000000 00:00 0 
7f1294000000-7f1294295000 rw-p 00000000 00:00 0 
7f1294295000-7f1298000000 ---p 00000000 00:00 0 
7f1298000000-7f1298021000 rw-p 00000000 00:00 0 
7f1298021000-7f129c000000 ---p 00000000 00:00 0 
7f12a0000000-7f12a0021000 rw-p 00000000 00:00 0 
7f12a0021000-7f12a4000000 ---p 00000000 00:00 0 
7f12a8000000-7f12a8021000 rw-p 00000000 00:00 0 
7f12a8021000-7f12ac000000 ---p 00000000 00:00 0 
7f12b0000000-7f12b0021000 rw-p 00000000 00:00 0 
7f12b0021000-7f12b4000000 ---p 00000000 00:00 0 
7f12b8000000-7f12b8021000 rw-p 00000000 00:00 0 
7f12b8021000-7f12bc000000 ---p 00000000 00:00 0 
7f12bfafb000-7f12bfafe000 ---p 00000000 00:00 0 
7f12bfafe000-7f12bfbfc000 rw-p 00000000 00:00 0 
7f12bfbfc000-7f12bfbff000 ---p 00000000 00:00 0 
7f12bfbff000-7f12bfcfd000 rw-p 00000000 00:00 0 
7f12bfcfd000-7f12bfd00000 ---p 00000000 00:00 0 
7f12bfd00000-7f12bfdfe000 rw-p 00000000 00:00 0 
7f12bfdfe000-7f12bfe01000 ---p 00000000 00:00 0 
7f12bfe01000-7f12bfeff000 rw-p 00000000 00:00 0 
7f12bfeff000-7f12bff02000 ---p 00000000 00:00 0 
7f12bff02000-7f12c0000000 rw-p 00000000 00:00 0 
7f12c0000000-7f12c0021000 rw-p 00000000 00:00 0 
7f12c0021000-7f12c4000000 ---p 00000000 00:00 0 
7f12c40ad000-7f12c40ae000 ---p 00000000 00:00 0 
7f12c40ae000-7f12c41ae000 rw-p 00000000 00:00 0 
7f12c41ae000-7f12c41b1000 ---p 00000000 00:00 0 
7f12c41b1000-7f12c42af000 rw-p 00000000 00:00 0 
7f12c42af000-7f12c42b2000 ---p 00000000 00:00 0 
7f12c42b2000-7f12c43b0000 rw-p 00000000 00:00 0 
7f12c43b0000-7f12c43b3000 ---p 00000000 00:00 0 
7f12c43b3000-7f12c44b1000 rw-p 00000000 00:00 0 
7f12c44b1000-7f12c44b4000 ---p 00000000 00:00 0 
7f12c44b4000-7f12c45b2000 rw-p 00000000 00:00 0 
7f12c45b2000-7f12c45b5000 ---p 00000000 00:00 0 
7f12c45b5000-7f12c46b3000 rw-p 00000000 00:00 0 
7f12c46b3000-7f12c46b6000 ---p 00000000 00:00 0 
7f12c46b6000-7f12c47b4000 rw-p 00000000 00:00 0 
7f12c47b4000-7f12c4bec000 r--p 00000000 08:01 9700768                    /usr/lib/locale/locale-archive
7f12c4bec000-7f12c4bef000 ---p 00000000 00:00 0 
7f12c4bef000-7f12c4ced000 rw-p 00000000 00:00 0 
7f12c4ced000-7f12c4cf0000 ---p 00000000 00:00 0 
7f12c4cf0000-7f12c4dee000 rw-p 00000000 00:00 0 
7f12c4dee000-7f12c4def000 ---p 00000000 00:00 0 
7f12c4def000-7f12c8000000 rw-p 00000000 00:00 0 
7f12c8000000-7f12c8021000 rw-p 00000000 00:00 0 
7f12c8021000-7f12cc000000 ---p 00000000 00:00 0 
7f12cc087000-7f12cc096000 r--s 000df000 08:01 5246091                    /home/oguz/Android/Sdk/build-tools/23.0.3/lib/dx.jar
7f12cc096000-7f12cce80000 rw-p 00000000 00:00 0 
7f12cce80000-7f12cd000000 ---p 00000000 00:00 0 
7f12cd000000-7f12cd5e0000 rwxp 00000000 00:00 0 
7f12cd5e0000-7f12dc000000 ---p 00000000 00:00 0 
7f12dc000000-7f12dc39b000 rw-p 00000000 00:00 0 
7f12dc39b000-7f12e0000000 ---p 00000000 00:00 0 
7f12e0003000-7f12e000d000 r--s 0008b000 08:01 4200895                    /home/oguz/Masaüstü/FomApplicationAndroid/app/build/intermediates/exploded-aar/com.android.support/appcompat-v7/23.3.0/jars/classes.jar
7f12e000d000-7f12e03d6000 rw-p 00000000 00:00 0 
7f12e03d6000-7f12e05af000 r--s 03d1f000 08:01 9967487                    /usr/lib/jvm/java-8-oracle/jre/lib/rt.jar
7f12e05af000-7f12e0825000 rw-p 00000000 00:00 0 
7f12e0825000-7f12e0826000 ---p 00000000 00:00 0 
7f12e0826000-7f12e0926000 rw-p 00000000 00:00 0 
7f12e0926000-7f12e0927000 ---p 00000000 00:00 0 
7f12e0927000-7f12e0a27000 rw-p 00000000 00:00 0 
7f12e0a27000-7f12e0a28000 ---p 00000000 00:00 0 
7f12e0a28000-7f12e0b28000 rw-p 00000000 00:00 0 
7f12e0b28000-7f12e0b29000 ---p 00000000 00:00 0 
7f12e0b29000-7f12e0c29000 rw-p 00000000 00:00 0 
7f12e0c29000-7f12e0c2a000 ---p 00000000 00:00 0 
7f12e0c2a000-7f12e0d2a000 rw-p 00000000 00:00 0 
7f12e0d2a000-7f12e0d2b000 ---p 00000000 00:00 0 
7f12e0d2b000-7f12e0e2b000 rw-p 00000000 00:00 0 
7f12e0e2b000-7f12e0e2c000 ---p 00000000 00:00 0 
7f12e0e2c000-7f12e0f2c000 rw-p 00000000 00:00 0 
7f12e0f2c000-7f12e0f2d000 ---p 00000000 00:00 0 
7f12e0f2d000-7f12e1057000 rw-p 00000000 00:00 0 
7f12e1057000-7f12e1183000 ---p 00000000 00:00 0 
7f12e1183000-7f12e11ad000 rw-p 00000000 00:00 0 
7f12e11ad000-7f12e12d8000 ---p 00000000 00:00 0 
7f12e12d8000-7f12e131c000 rw-p 00000000 00:00 0 
7f12e131c000-7f12e1383000 ---p 00000000 00:00 0 
7f12e1383000-7f12e139c000 rw-p 00000000 00:00 0 
7f12e139c000-7f12e1744000 ---p 00000000 00:00 0 
7f12e1744000-7f12e175e000 r-xp 00000000 08:01 10092954                   /usr/lib/jvm/java-8-oracle/jre/lib/amd64/libzip.so
7f12e175e000-7f12e195e000 ---p 0001a000 08:01 10092954                   /usr/lib/jvm/java-8-oracle/jre/lib/amd64/libzip.so
7f12e195e000-7f12e195f000 rw-p 0001a000 08:01 10092954                   /usr/lib/jvm/java-8-oracle/jre/lib/amd64/libzip.so
7f12e195f000-7f12e196a000 r-xp 00000000 08:01 7603299                    /lib/x86_64-linux-gnu/libnss_files-2.23.so
7f12e196a000-7f12e1b69000 ---p 0000b000 08:01 7603299                    /lib/x86_64-linux-gnu/libnss_files-2.23.so
7f12e1b69000-7f12e1b6a000 r--p 0000a000 08:01 7603299                    /lib/x86_64-linux-gnu/libnss_files-2.23.so
7f12e1b6a000-7f12e1b6b000 rw-p 0000b000 08:01 7603299                    /lib/x86_64-linux-gnu/libnss_files-2.23.so
7f12e1b6b000-7f12e1b71000 rw-p 00000000 00:00 0 
7f12e1b71000-7f12e1b7c000 r-xp 00000000 08:01 7603296                    /lib/x86_64-linux-gnu/libnss_nis-2.23.so
7f12e1b7c000-7f12e1d7b000 ---p 0000b000 08:01 7603296                    /lib/x86_64-linux-gnu/libnss_nis-2.23.so
7f12e1d7b000-7f12e1d7c000 r--p 0000a000 08:01 7603296                    /lib/x86_64-linux-gnu/libnss_nis-2.23.so
7f12e1d7c000-7f12e1d7d000 rw-p 0000b000 08:01 7603296                    /lib/x86_64-linux-gnu/libnss_nis-2.23.so
7f12e1d7d000-7f12e1d93000 r-xp 00000000 08:01 7603294                    /lib/x86_64-linux-gnu/libnsl-2.23.so
7f12e1d93000-7f12e1f93000 ---p 00016000 08:01 7603294                    /lib/x86_64-linux-gnu/libnsl-2.23.so
7f12e1f93000-7f12e1f94000 r--p 00016000 08:01 7603294                    /lib/x86_64-linux-gnu/libnsl-2.23.so
7f12e1f94000-7f12e1f95000 rw-p 00017000 08:01 7603294                    /lib/x86_64-linux-gnu/libnsl-2.23.so
7f12e1f95000-7f12e1f97000 rw-p 00000000 00:00 0 
7f12e1f97000-7f12e1f9f000 r-xp 00000000 08:01 7603292                    /lib/x86_64-linux-gnu/libnss_compat-2.23.so
7f12e1f9f000-7f12e219e000 ---p 00008000 08:01 7603292                    /lib/x86_64-linux-gnu/libnss_compat-2.23.so
7f12e219e000-7f12e219f000 r--p 00007000 08:01 7603292                    /lib/x86_64-linux-gnu/libnss_compat-2.23.so
7f12e219f000-7f12e21a0000 rw-p 00008000 08:01 7603292                    /lib/x86_64-linux-gnu/libnss_compat-2.23.so
7f12e21a0000-7f12e21ca000 r-xp 00000000 08:01 10092949                   /usr/lib/jvm/java-8-oracle/jre/lib/amd64/libjava.so
7f12e21ca000-7f12e23ca000 ---p 0002a000 08:01 10092949                   /usr/lib/jvm/java-8-oracle/jre/lib/amd64/libjava.so
7f12e23ca000-7f12e23cc000 rw-p 0002a000 08:01 10092949                   /usr/lib/jvm/java-8-oracle/jre/lib/amd64/libjava.so
7f12e23cc000-7f12e23d9000 r-xp 00000000 08:01 10092953                   /usr/lib/jvm/java-8-oracle/jre/lib/amd64/libverify.so
7f12e23d9000-7f12e25d9000 ---p 0000d000 08:01 10092953                   /usr/lib/jvm/java-8-oracle/jre/lib/amd64/libverify.so
7f12e25d9000-7f12e25db000 rw-p 0000d000 08:01 10092953                   /usr/lib/jvm/java-8-oracle/jre/lib/amd64/libverify.so
7f12e25db000-7f12e25e2000 r-xp 00000000 08:01 7603308                    /lib/x86_64-linux-gnu/librt-2.23.so
7f12e25e2000-7f12e27e1000 ---p 00007000 08:01 7603308                    /lib/x86_64-linux-gnu/librt-2.23.so
7f12e27e1000-7f12e27e2000 r--p 00006000 08:01 7603308                    /lib/x86_64-linux-gnu/librt-2.23.so
7f12e27e2000-7f12e27e3000 rw-p 00007000 08:01 7603308                    /lib/x86_64-linux-gnu/librt-2.23.so
7f12e27e3000-7f12e28eb000 r-xp 00000000 08:01 7603305                    /lib/x86_64-linux-gnu/libm-2.23.so
7f12e28eb000-7f12e2aea000 ---p 00108000 08:01 7603305                    /lib/x86_64-linux-gnu/libm-2.23.so
7f12e2aea000-7f12e2aeb000 r--p 00107000 08:01 7603305                    /lib/x86_64-linux-gnu/libm-2.23.so
7f12e2aeb000-7f12e2aec000 rw-p 00108000 08:01 7603305                    /lib/x86_64-linux-gnu/libm-2.23.so
7f12e2aec000-7f12e37ac000 r-xp 00000000 08:01 10092932                   /usr/lib/jvm/java-8-oracle/jre/lib/amd64/server/libjvm.so
7f12e37ac000-7f12e39ac000 ---p 00cc0000 08:01 10092932                   /usr/lib/jvm/java-8-oracle/jre/lib/amd64/server/libjvm.so
7f12e39ac000-7f12e3a84000 rw-p 00cc0000 08:01 10092932                   /usr/lib/jvm/java-8-oracle/jre/lib/amd64/server/libjvm.so
7f12e3a84000-7f12e3acf000 rw-p 00000000 00:00 0 
7f12e3acf000-7f12e3c8f000 r-xp 00000000 08:01 7603313                    /lib/x86_64-linux-gnu/libc-2.23.so
7f12e3c8f000-7f12e3e8f000 ---p 001c0000 08:01 7603313                    /lib/x86_64-linux-gnu/libc-2.23.so
7f12e3e8f000-7f12e3e93000 r--p 001c0000 08:01 7603313                    /lib/x86_64-linux-gnu/libc-2.23.so
7f12e3e93000-7f12e3e95000 rw-p 001c4000 08:01 7603313                    /lib/x86_64-linux-gnu/libc-2.23.so
7f12e3e95000-7f12e3e99000 rw-p 00000000 00:00 0 
7f12e3e99000-7f12e3e9c000 r-xp 00000000 08:01 7603314                    /lib/x86_64-linux-gnu/libdl-2.23.so
7f12e3e9c000-7f12e409b000 ---p 00003000 08:01 7603314                    /lib/x86_64-linux-gnu/libdl-2.23.so
7f12e409b000-7f12e409c000 r--p 00002000 08:01 7603314                    /lib/x86_64-linux-gnu/libdl-2.23.so
7f12e409c000-7f12e409d000 rw-p 00003000 08:01 7603314                    /lib/x86_64-linux-gnu/libdl-2.23.so
7f12e409d000-7f12e40b2000 r-xp 00000000 08:01 9840182                    /usr/lib/jvm/java-8-oracle/lib/amd64/jli/libjli.so
7f12e40b2000-7f12e42b2000 ---p 00015000 08:01 9840182                    /usr/lib/jvm/java-8-oracle/lib/amd64/jli/libjli.so
7f12e42b2000-7f12e42b3000 rw-p 00015000 08:01 9840182                    /usr/lib/jvm/java-8-oracle/lib/amd64/jli/libjli.so
7f12e42b3000-7f12e42cb000 r-xp 00000000 08:01 7603312                    /lib/x86_64-linux-gnu/libpthread-2.23.so
7f12e42cb000-7f12e44ca000 ---p 00018000 08:01 7603312                    /lib/x86_64-linux-gnu/libpthread-2.23.so
7f12e44ca000-7f12e44cb000 r--p 00017000 08:01 7603312                    /lib/x86_64-linux-gnu/libpthread-2.23.so
7f12e44cb000-7f12e44cc000 rw-p 00018000 08:01 7603312                    /lib/x86_64-linux-gnu/libpthread-2.23.so
7f12e44cc000-7f12e44d0000 rw-p 00000000 00:00 0 
7f12e44d0000-7f12e44f6000 r-xp 00000000 08:01 7603309                    /lib/x86_64-linux-gnu/ld-2.23.so
7f12e44fc000-7f12e45ce000 rw-p 00000000 00:00 0 
7f12e45ce000-7f12e45d1000 ---p 00000000 00:00 0 
7f12e45d1000-7f12e46d3000 rw-p 00000000 00:00 0 
7f12e46d5000-7f12e46e9000 rw-p 00000000 00:00 0 
7f12e46e9000-7f12e46f1000 rw-s 00000000 08:01 132033                     /tmp/hsperfdata_oguz/6871
7f12e46f1000-7f12e46f2000 rw-p 00000000 00:00 0 
7f12e46f2000-7f12e46f3000 ---p 00000000 00:00 0 
7f12e46f3000-7f12e46f5000 rw-p 00000000 00:00 0 
7f12e46f5000-7f12e46f6000 r--p 00025000 08:01 7603309                    /lib/x86_64-linux-gnu/ld-2.23.so
7f12e46f6000-7f12e46f7000 rw-p 00026000 08:01 7603309                    /lib/x86_64-linux-gnu/ld-2.23.so
7f12e46f7000-7f12e46f8000 rw-p 00000000 00:00 0 
7ffe81d3b000-7ffe81d5c000 rw-p 00000000 00:00 0                          [stack]
7ffe81db3000-7ffe81db5000 r--p 00000000 00:00 0                          [vvar]
7ffe81db5000-7ffe81db7000 r-xp 00000000 00:00 0                          [vdso]
ffffffffff600000-ffffffffff601000 r-xp 00000000 00:00 0                  [vsyscall]

VM Arguments:
jvm_args: -Djava.awt.headless=true -Xmx1024M -Dfile.encoding=UTF-8 -Duser.country=TR -Duser.language=tr -Duser.variant 
java_command: com.android.dx.command.Main --dex --force-jumbo --num-threads=4 --multi-dex --output /home/oguz/Masaüstü/FomApplicationAndroid/app/build/intermediates/transforms/dex/debug/folders/1000/10/com.android.support-appcompat-v7-23.3.0_e1df6f83b2e5d080a1446384bf4f3b636b871261 /home/oguz/Masaüstü/FomApplicationAndroid/app/build/intermediates/exploded-aar/com.android.support/appcompat-v7/23.3.0/jars/classes.jar
java_class_path (initial): /home/oguz/Android/Sdk/build-tools/23.0.3/lib/dx.jar
Launcher Type: SUN_STANDARD

Environment Variables:
PATH=/usr/local/sbin:/usr/local/bin:/usr/sbin:/usr/bin:/sbin:/bin:/usr/games:/usr/local/games:/snap/bin
LD_LIBRARY_PATH=/home/oguz/Masaüstü/Derleyiciler/android-studio/bin:
SHELL=/bin/bash
DISPLAY=:0

Signal Handlers:
SIGSEGV: [libjvm.so+0xabca10], sa_mask[0]=11111111011111111101111111111110, sa_flags=SA_RESTART|SA_SIGINFO
SIGBUS: [libjvm.so+0xabca10], sa_mask[0]=11111111011111111101111111111110, sa_flags=SA_RESTART|SA_SIGINFO
SIGFPE: [libjvm.so+0x919a20], sa_mask[0]=11111111011111111101111111111110, sa_flags=SA_RESTART|SA_SIGINFO
SIGPIPE: [libjvm.so+0x919a20], sa_mask[0]=11111111011111111101111111111110, sa_flags=SA_RESTART|SA_SIGINFO
SIGXFSZ: [libjvm.so+0x919a20], sa_mask[0]=11111111011111111101111111111110, sa_flags=SA_RESTART|SA_SIGINFO
SIGILL: [libjvm.so+0x919a20], sa_mask[0]=11111111011111111101111111111110, sa_flags=SA_RESTART|SA_SIGINFO
SIGUSR1: SIG_DFL, sa_mask[0]=00000000000000000000000000000000, sa_flags=none
SIGUSR2: [libjvm.so+0x91b050], sa_mask[0]=00100000000000000000000000000000, sa_flags=SA_RESTART|SA_SIGINFO
SIGHUP: [libjvm.so+0x91c450], sa_mask[0]=11111111011111111101111111111110, sa_flags=SA_RESTART|SA_SIGINFO
SIGINT: [libjvm.so+0x91c450], sa_mask[0]=11111111011111111101111111111110, sa_flags=SA_RESTART|SA_SIGINFO
SIGTERM: [libjvm.so+0x91c450], sa_mask[0]=11111111011111111101111111111110, sa_flags=SA_RESTART|SA_SIGINFO
SIGQUIT: [libjvm.so+0x91c450], sa_mask[0]=11111111011111111101111111111110, sa_flags=SA_RESTART|SA_SIGINFO


---------------  S Y S T E M  ---------------

OS:DISTRIB_ID=Ubuntu
DISTRIB_RELEASE=16.04
DISTRIB_CODENAME=xenial
DISTRIB_DESCRIPTION="Ubuntu Xenial Xerus (development branch)"

uname:Linux 4.4.0-22-generic #39-Ubuntu SMP Thu May 5 16:53:32 UTC 2016 x86_64
libc:glibc 2.23 NPTL 2.23 
rlimit: STACK 8192k, CORE 0k, NPROC 31498, NOFILE 65536, AS infinity
load average:6.15 2.35 1.54

/proc/meminfo:
MemTotal:        8101800 kB
MemFree:           70524 kB
MemAvailable:     155864 kB
Buffers:            3608 kB
Cached:           574660 kB
SwapCached:            0 kB
Active:          7303720 kB
Inactive:         499112 kB
Active(anon):    7264492 kB
Inactive(anon):   463548 kB
Active(file):      39228 kB
Inactive(file):    35564 kB
Unevictable:          76 kB
Mlocked:              76 kB
SwapTotal:             0 kB
SwapFree:              0 kB
Dirty:              8756 kB
Writeback:             0 kB
AnonPages:       7224696 kB
Mapped:           206612 kB
Shmem:            503792 kB
Slab:             106780 kB
SReclaimable:      52920 kB
SUnreclaim:        53860 kB
KernelStack:       18448 kB
PageTables:        58096 kB
NFS_Unstable:          0 kB
Bounce:                0 kB
WritebackTmp:          0 kB
CommitLimit:     4050900 kB
Committed_AS:   13063096 kB
VmallocTotal:   34359738367 kB
VmallocUsed:           0 kB
VmallocChunk:          0 kB
HardwareCorrupted:     0 kB
AnonHugePages:   5044224 kB
CmaTotal:              0 kB
CmaFree:               0 kB
HugePages_Total:       0
HugePages_Free:        0
HugePages_Rsvd:        0
HugePages_Surp:        0
Hugepagesize:       2048 kB
DirectMap4k:      176896 kB
DirectMap2M:     8138752 kB
DirectMap1G:     1048576 kB


CPU:total 8 (4 cores per cpu, 2 threads per core) family 6 model 60 stepping 3, cmov, cx8, fxsr, mmx, sse, sse2, sse3, ssse3, sse4.1, sse4.2, popcnt, avx, avx2, aes, clmul, erms, lzcnt, ht, tsc, tscinvbit, bmi1, bmi2

/proc/cpuinfo:
processor	: 0
vendor_id	: GenuineIntel
cpu family	: 6
model		: 60
model name	: Intel(R) Core(TM) i7-4700MQ CPU @ 2.40GHz
stepping	: 3
microcode	: 0x16
cpu MHz		: 3199.968
cache size	: 6144 KB
physical id	: 0
siblings	: 8
core id		: 0
cpu cores	: 4
apicid		: 0
initial apicid	: 0
fpu		: yes
fpu_exception	: yes
cpuid level	: 13
wp		: yes
flags		: fpu vme de pse tsc msr pae mce cx8 apic sep mtrr pge mca cmov pat pse36 clflush dts acpi mmx fxsr sse sse2 ss ht tm pbe syscall nx pdpe1gb rdtscp lm constant_tsc arch_perfmon pebs bts rep_good nopl xtopology nonstop_tsc aperfmperf eagerfpu pni pclmulqdq dtes64 monitor ds_cpl vmx est tm2 ssse3 sdbg fma cx16 xtpr pdcm pcid sse4_1 sse4_2 movbe popcnt tsc_deadline_timer aes xsave avx f16c rdrand lahf_lm abm epb tpr_shadow vnmi flexpriority ept vpid fsgsbase tsc_adjust bmi1 avx2 smep bmi2 erms invpcid xsaveopt dtherm ida arat pln pts
bugs		:
bogomips	: 4788.97
clflush size	: 64
cache_alignment	: 64
address sizes	: 39 bits physical, 48 bits virtual
power management:

processor	: 1
vendor_id	: GenuineIntel
cpu family	: 6
model		: 60
model name	: Intel(R) Core(TM) i7-4700MQ CPU @ 2.40GHz
stepping	: 3
microcode	: 0x16
cpu MHz		: 3199.968
cache size	: 6144 KB
physical id	: 0
siblings	: 8
core id		: 0
cpu cores	: 4
apicid		: 1
initial apicid	: 1
fpu		: yes
fpu_exception	: yes
cpuid level	: 13
wp		: yes
flags		: fpu vme de pse tsc msr pae mce cx8 apic sep mtrr pge mca cmov pat pse36 clflush dts acpi mmx fxsr sse sse2 ss ht tm pbe syscall nx pdpe1gb rdtscp lm constant_tsc arch_perfmon pebs bts rep_good nopl xtopology nonstop_tsc aperfmperf eagerfpu pni pclmulqdq dtes64 monitor ds_cpl vmx est tm2 ssse3 sdbg fma cx16 xtpr pdcm pcid sse4_1 sse4_2 movbe popcnt tsc_deadline_timer aes xsave avx f16c rdrand lahf_lm abm epb tpr_shadow vnmi flexpriority ept vpid fsgsbase tsc_adjust bmi1 avx2 smep bmi2 erms invpcid xsaveopt dtherm ida arat pln pts
bugs		:
bogomips	: 4788.97
clflush size	: 64
cache_alignment	: 64
address sizes	: 39 bits physical, 48 bits virtual
power management:

processor	: 2
vendor_id	: GenuineIntel
cpu family	: 6
model		: 60
model name	: Intel(R) Core(TM) i7-4700MQ CPU @ 2.40GHz
stepping	: 3
microcode	: 0x16
cpu MHz		: 3199.968
cache size	: 6144 KB
physical id	: 0
siblings	: 8
core id		: 1
cpu cores	: 4
apicid		: 2
initial apicid	: 2
fpu		: yes
fpu_exception	: yes
cpuid level	: 13
wp		: yes
flags		: fpu vme de pse tsc msr pae mce cx8 apic sep mtrr pge mca cmov pat pse36 clflush dts acpi mmx fxsr sse sse2 ss ht tm pbe syscall nx pdpe1gb rdtscp lm constant_tsc arch_perfmon pebs bts rep_good nopl xtopology nonstop_tsc aperfmperf eagerfpu pni pclmulqdq dtes64 monitor ds_cpl vmx est tm2 ssse3 sdbg fma cx16 xtpr pdcm pcid sse4_1 sse4_2 movbe popcnt tsc_deadline_timer aes xsave avx f16c rdrand lahf_lm abm epb tpr_shadow vnmi flexpriority ept vpid fsgsbase tsc_adjust bmi1 avx2 smep bmi2 erms invpcid xsaveopt dtherm ida arat pln pts
bugs		:
bogomips	: 4788.97
clflush size	: 64
cache_alignment	: 64
address sizes	: 39 bits physical, 48 bits virtual
power management:

processor	: 3
vendor_id	: GenuineIntel
cpu family	: 6
model		: 60
model name	: Intel(R) Core(TM) i7-4700MQ CPU @ 2.40GHz
stepping	: 3
microcode	: 0x16
cpu MHz		: 3199.968
cache size	: 6144 KB
physical id	: 0
siblings	: 8
core id		: 1
cpu cores	: 4
apicid		: 3
initial apicid	: 3
fpu		: yes
fpu_exception	: yes
cpuid level	: 13
wp		: yes
flags		: fpu vme de pse tsc msr pae mce cx8 apic sep mtrr pge mca cmov pat pse36 clflush dts acpi mmx fxsr sse sse2 ss ht tm pbe syscall nx pdpe1gb rdtscp lm constant_tsc arch_perfmon pebs bts rep_good nopl xtopology nonstop_tsc aperfmperf eagerfpu pni pclmulqdq dtes64 monitor ds_cpl vmx est tm2 ssse3 sdbg fma cx16 xtpr pdcm pcid sse4_1 sse4_2 movbe popcnt tsc_deadline_timer aes xsave avx f16c rdrand lahf_lm abm epb tpr_shadow vnmi flexpriority ept vpid fsgsbase tsc_adjust bmi1 avx2 smep bmi2 erms invpcid xsaveopt dtherm ida arat pln pts
bugs		:
bogomips	: 4788.97
clflush size	: 64
cache_alignment	: 64
address sizes	: 39 bits physical, 48 bits virtual
power management:

processor	: 4
vendor_id	: GenuineIntel
cpu family	: 6
model		: 60
model name	: Intel(R) Core(TM) i7-4700MQ CPU @ 2.40GHz
stepping	: 3
microcode	: 0x16
cpu MHz		: 3199.968
cache size	: 6144 KB
physical id	: 0
siblings	: 8
core id		: 2
cpu cores	: 4
apicid		: 4
initial apicid	: 4
fpu		: yes
fpu_exception	: yes
cpuid level	: 13
wp		: yes
flags		: fpu vme de pse tsc msr pae mce cx8 apic sep mtrr pge mca cmov pat pse36 clflush dts acpi mmx fxsr sse sse2 ss ht tm pbe syscall nx pdpe1gb rdtscp lm constant_tsc arch_perfmon pebs bts rep_good nopl xtopology nonstop_tsc aperfmperf eagerfpu pni pclmulqdq dtes64 monitor ds_cpl vmx est tm2 ssse3 sdbg fma cx16 xtpr pdcm pcid sse4_1 sse4_2 movbe popcnt tsc_deadline_timer aes xsave avx f16c rdrand lahf_lm abm epb tpr_shadow vnmi flexpriority ept vpid fsgsbase tsc_adjust bmi1 avx2 smep bmi2 erms invpcid xsaveopt dtherm ida arat pln pts
bugs		:
bogomips	: 4788.97
clflush size	: 64
cache_alignment	: 64
address sizes	: 39 bits physical, 48 bits virtual
power management:

processor	: 5
vendor_id	: GenuineIntel
cpu family	: 6
model		: 60
model name	: Intel(R) Core(TM) i7-4700MQ CPU @ 2.40GHz
stepping	: 3
microcode	: 0x16
cpu MHz		: 3199.968
cache size	: 6144 KB
physical id	: 0
siblings	: 8
core id		: 2
cpu cores	: 4
apicid		: 5
initial apicid	: 5
fpu		: yes
fpu_exception	: yes
cpuid level	: 13
wp		: yes
flags		: fpu vme de pse tsc msr pae mce cx8 apic sep mtrr pge mca cmov pat pse36 clflush dts acpi mmx fxsr sse sse2 ss ht tm pbe syscall nx pdpe1gb rdtscp lm constant_tsc arch_perfmon pebs bts rep_good nopl xtopology nonstop_tsc aperfmperf eagerfpu pni pclmulqdq dtes64 monitor ds_cpl vmx est tm2 ssse3 sdbg fma cx16 xtpr pdcm pcid sse4_1 sse4_2 movbe popcnt tsc_deadline_timer aes xsave avx f16c rdrand lahf_lm abm epb tpr_shadow vnmi flexpriority ept vpid fsgsbase tsc_adjust bmi1 avx2 smep bmi2 erms invpcid xsaveopt dtherm ida arat pln pts
bugs		:
bogomips	: 4788.97
clflush size	: 64
cache_alignment	: 64
address sizes	: 39 bits physical, 48 bits virtual
power management:

processor	: 6
vendor_id	: GenuineIntel
cpu family	: 6
model		: 60
model name	: Intel(R) Core(TM) i7-4700MQ CPU @ 2.40GHz
stepping	: 3
microcode	: 0x16
cpu MHz		: 3199.968
cache size	: 6144 KB
physical id	: 0
siblings	: 8
core id		: 3
cpu cores	: 4
apicid		: 6
initial apicid	: 6
fpu		: yes
fpu_exception	: yes
cpuid level	: 13
wp		: yes
flags		: fpu vme de pse tsc msr pae mce cx8 apic sep mtrr pge mca cmov pat pse36 clflush dts acpi mmx fxsr sse sse2 ss ht tm pbe syscall nx pdpe1gb rdtscp lm constant_tsc arch_perfmon pebs bts rep_good nopl xtopology nonstop_tsc aperfmperf eagerfpu pni pclmulqdq dtes64 monitor ds_cpl vmx est tm2 ssse3 sdbg fma cx16 xtpr pdcm pcid sse4_1 sse4_2 movbe popcnt tsc_deadline_timer aes xsave avx f16c rdrand lahf_lm abm epb tpr_shadow vnmi flexpriority ept vpid fsgsbase tsc_adjust bmi1 avx2 smep bmi2 erms invpcid xsaveopt dtherm ida arat pln pts
bugs		:
bogomips	: 4788.97
clflush size	: 64
cache_alignment	: 64
address sizes	: 39 bits physical, 48 bits virtual
power management:

processor	: 7
vendor_id	: GenuineIntel
cpu family	: 6
model		: 60
model name	: Intel(R) Core(TM) i7-4700MQ CPU @ 2.40GHz
stepping	: 3
microcode	: 0x16
cpu MHz		: 3199.968
cache size	: 6144 KB
physical id	: 0
siblings	: 8
core id		: 3
cpu cores	: 4
apicid		: 7
initial apicid	: 7
fpu		: yes
fpu_exception	: yes
cpuid level	: 13
wp		: yes
flags		: fpu vme de pse tsc msr pae mce cx8 apic sep mtrr pge mca cmov pat pse36 clflush dts acpi mmx fxsr sse sse2 ss ht tm pbe syscall nx pdpe1gb rdtscp lm constant_tsc arch_perfmon pebs bts rep_good nopl xtopology nonstop_tsc aperfmperf eagerfpu pni pclmulqdq dtes64 monitor ds_cpl vmx est tm2 ssse3 sdbg fma cx16 xtpr pdcm pcid sse4_1 sse4_2 movbe popcnt tsc_deadline_timer aes xsave avx f16c rdrand lahf_lm abm epb tpr_shadow vnmi flexpriority ept vpid fsgsbase tsc_adjust bmi1 avx2 smep bmi2 erms invpcid xsaveopt dtherm ida arat pln pts
bugs		:
bogomips	: 4788.97
clflush size	: 64
cache_alignment	: 64
address sizes	: 39 bits physical, 48 bits virtual
power management:



Memory: 4k page, physical 8101800k(70524k free), swap 0k(0k free)

vm_info: Java HotSpot(TM) 64-Bit Server VM (25.91-b14) for linux-amd64 JRE (1.8.0_91-b14), built on Apr  1 2016 00:57:21 by "java_re" with gcc 4.3.0 20080428 (Red Hat 4.3.0-8)

time: Thu Aug 11 15:56:06 2016
elapsed time: 4 seconds (0d 0h 0m 4s)

