#
# There is insufficient memory for the Java Runtime Environment to continue.
# Native memory allocation (mmap) failed to map 168820736 bytes for committing reserved memory.
# Possible reasons:
#   The system is out of physical RAM or swap space
#   In 32 bit mode, the process size limit was hit
# Possible solutions:
#   Reduce memory load on the system
#   Increase physical memory or swap space
#   Check if swap backing store is full
#   Use 64 bit Java on a 64 bit OS
#   Decrease Java heap size (-Xmx/-Xms)
#   Decrease number of Java threads
#   Decrease Java thread stack sizes (-Xss)
#   Set larger code cache with -XX:ReservedCodeCacheSize=
# This output file may be truncated or incomplete.
#
#  Out of Memory Error (os_linux.cpp:2627), pid=17773, tid=140160225208064
#
# JRE version: Java(TM) SE Runtime Environment (8.0_91-b14) (build 1.8.0_91-b14)
# Java VM: Java HotSpot(TM) 64-Bit Server VM (25.91-b14 mixed mode linux-amd64 compressed oops)
# Failed to write core dump. Core dumps have been disabled. To enable core dumping, try "ulimit -c unlimited" before starting Java again
#

---------------  T H R E A D  ---------------

Current thread (0x00007f79a8080000):  VMThread [stack: 0x00007f79985f6000,0x00007f79986f7000] [id=17786]

Stack: [0x00007f79985f6000,0x00007f79986f7000],  sp=0x00007f79986f50a0,  free space=1020k
Native frames: (J=compiled Java code, j=interpreted, Vv=VM code, C=native code)
V  [libjvm.so+0xabc18a]  VMError::report_and_die()+0x2ba
V  [libjvm.so+0x4fafeb]  report_vm_out_of_memory(char const*, int, unsigned long, VMErrorType, char const*)+0x8b
V  [libjvm.so+0x91cbb3]  os::Linux::commit_memory_impl(char*, unsigned long, bool)+0x103
V  [libjvm.so+0x91d109]  os::pd_commit_memory(char*, unsigned long, unsigned long, bool)+0x29
V  [libjvm.so+0x91740a]  os::commit_memory(char*, unsigned long, unsigned long, bool)+0x2a
V  [libjvm.so+0x98b033]  PSVirtualSpace::expand_by(unsigned long)+0x53
V  [libjvm.so+0x98c438]  PSYoungGen::resize_generation(unsigned long, unsigned long)+0xf8
V  [libjvm.so+0x98b592]  PSYoungGen::resize(unsigned long, unsigned long)+0x22
V  [libjvm.so+0x98886b]  PSScavenge::invoke_no_policy()+0xf3b
V  [libjvm.so+0x988ff1]  PSScavenge::invoke()+0x41
V  [libjvm.so+0x9408b0]  ParallelScavengeHeap::failed_mem_allocate(unsigned long)+0x70
V  [libjvm.so+0xabdba7]  VM_ParallelGCFailedAllocation::doit()+0x97
V  [libjvm.so+0xac55d5]  VM_Operation::evaluate()+0x55
V  [libjvm.so+0xac39aa]  VMThread::evaluate_operation(VM_Operation*)+0xba
V  [libjvm.so+0xac3d2e]  VMThread::loop()+0x1ce
V  [libjvm.so+0xac41a0]  VMThread::run()+0x70
V  [libjvm.so+0x91ef78]  java_start(Thread*)+0x108

VM_Operation (0x00007f79913bdb20): ParallelGCFailedAllocation, mode: safepoint, requested by thread 0x00007f79a815a000


---------------  P R O C E S S  ---------------

Java Threads: ( => current thread )
  0x00007f79a815a000 JavaThread "pool-2-thread-4" [_thread_blocked, id=17801, stack(0x00007f79912bf000,0x00007f79913c0000)]
  0x00007f79a8157000 JavaThread "pool-2-thread-2" [_thread_blocked, id=17799, stack(0x00007f79914c1000,0x00007f79915c2000)]
  0x00007f79a8155000 JavaThread "pool-3-thread-1" [_thread_blocked, id=17798, stack(0x00007f79915c2000,0x00007f79916c3000)]
  0x00007f79a8153000 JavaThread "pool-2-thread-1" [_thread_blocked, id=17797, stack(0x00007f79916c3000,0x00007f79917c4000)]
  0x00007f79a80ca800 JavaThread "Service Thread" daemon [_thread_blocked, id=17794, stack(0x00007f79918c5000,0x00007f79919c6000)]
  0x00007f79a80c7800 JavaThread "C1 CompilerThread3" daemon [_thread_blocked, id=17793, stack(0x00007f79919c6000,0x00007f7991ac7000)]
  0x00007f79a80c5800 JavaThread "C2 CompilerThread2" daemon [_thread_blocked, id=17792, stack(0x00007f7991ac7000,0x00007f7991bc8000)]
  0x00007f79a80c4000 JavaThread "C2 CompilerThread1" daemon [_thread_blocked, id=17791, stack(0x00007f79980f1000,0x00007f79981f2000)]
  0x00007f79a80c1000 JavaThread "C2 CompilerThread0" daemon [_thread_blocked, id=17790, stack(0x00007f79981f2000,0x00007f79982f3000)]
  0x00007f79a80bf800 JavaThread "Signal Dispatcher" daemon [_thread_blocked, id=17789, stack(0x00007f79982f3000,0x00007f79983f4000)]
  0x00007f79a808c800 JavaThread "Finalizer" daemon [_thread_blocked, id=17788, stack(0x00007f79983f4000,0x00007f79984f5000)]
  0x00007f79a8087800 JavaThread "Reference Handler" daemon [_thread_blocked, id=17787, stack(0x00007f79984f5000,0x00007f79985f6000)]
  0x00007f79a800a000 JavaThread "main" [_thread_blocked, id=17776, stack(0x00007f79b1da6000,0x00007f79b1ea7000)]

Other Threads:
=>0x00007f79a8080000 VMThread [stack: 0x00007f79985f6000,0x00007f79986f7000] [id=17786]
  0x00007f79a80cd800 WatcherThread [stack: 0x00007f79917c4000,0x00007f79918c5000] [id=17795]

VM state:at safepoint (normal execution)

VM Mutex/Monitor currently owned by a thread:  ([mutex/lock_event])
[0x00007f79a8006570] Threads_lock - owner thread: 0x00007f79a8080000
[0x00007f79a8006a70] Heap_lock - owner thread: 0x00007f79a815a000

Heap:
 PSYoungGen      total 132096K, used 5104K [0x00000000eab00000, 0x00000000f3100000, 0x0000000100000000)
  eden space 126976K, 0% used [0x00000000eab00000,0x00000000eab00000,0x00000000f2700000)
  from space 5120K, 99% used [0x00000000f2700000,0x00000000f2bfc3d0,0x00000000f2c00000)
  to   space 5120K, 0% used [0x00000000f2c00000,0x00000000f2c00000,0x00000000f3100000)
 ParOldGen       total 84992K, used 40380K [0x00000000c0000000, 0x00000000c5300000, 0x00000000eab00000)
  object space 84992K, 47% used [0x00000000c0000000,0x00000000c276f2b8,0x00000000c5300000)
 Metaspace       used 6370K, capacity 7192K, committed 7424K, reserved 1056768K
  class space    used 617K, capacity 656K, committed 768K, reserved 1048576K

Card table byte_map: [0x00007f79ae95b000,0x00007f79aeb5c000] byte_map_base: 0x00007f79ae35b000

Marking Bits: (ParMarkBitMap*) 0x00007f79b127ad60
 Begin Bits: [0x00007f7992000000, 0x00007f7993000000)
 End Bits:   [0x00007f7993000000, 0x00007f7994000000)

Polling page: 0x00007f79b1eca000

CodeCache: size=245760Kb used=6427Kb max_used=6427Kb free=239332Kb
 bounds [0x00007f7999000000, 0x00007f7999650000, 0x00007f79a8000000]
 total_blobs=2091 nmethods=1822 adapters=182
 compilation: enabled

Compilation events (10 events):
Event: 9,021 Thread 0x00007f79a80c7800 1986       1       com.android.dx.dex.file.ClassDefItem::getThisClass (5 bytes)
Event: 9,021 Thread 0x00007f79a80c7800 nmethod 1986 0x00007f7999649850 code [0x00007f79996499a0, 0x00007f7999649ab0]
Event: 9,022 Thread 0x00007f79a80c7800 1992   !   2       java.util.concurrent.ArrayBlockingQueue::take (46 bytes)
Event: 9,022 Thread 0x00007f79a80c7800 nmethod 1992 0x00007f7999649b10 code [0x00007f7999649ce0, 0x00007f799964a0f8]
Event: 9,054 Thread 0x00007f79a80c7800 1994 %     3       com.android.dx.ssa.SsaRenamer::<init> @ 65 (100 bytes)
Event: 9,055 Thread 0x00007f79a80c7800 nmethod 1994% 0x00007f799964a590 code [0x00007f799964a780, 0x00007f799964b328]
Event: 9,055 Thread 0x00007f79a80c7800 1995       2       com.android.dx.rop.annotation.Annotations::getAnnotations (11 bytes)
Event: 9,055 Thread 0x00007f79a80c7800 nmethod 1995 0x00007f799964b850 code [0x00007f799964b9c0, 0x00007f799964bcc8]
Event: 9,055 Thread 0x00007f79a80c7800 1993   !   2       com.android.dx.dex.file.AnnotationSetItem::writeSize (20 bytes)
Event: 9,056 Thread 0x00007f79a80c7800 nmethod 1993 0x00007f799964be90 code [0x00007f799964c000, 0x00007f799964c208]

GC Heap History (9 events):
Event: 6,750 GC heap before
{Heap before GC invocations=1 (full 0):
 PSYoungGen      total 36864K, used 31744K [0x00000000eab00000, 0x00000000ed400000, 0x0000000100000000)
  eden space 31744K, 100% used [0x00000000eab00000,0x00000000eca00000,0x00000000eca00000)
  from space 5120K, 0% used [0x00000000ecf00000,0x00000000ecf00000,0x00000000ed400000)
  to   space 5120K, 0% used [0x00000000eca00000,0x00000000eca00000,0x00000000ecf00000)
 ParOldGen       total 84992K, used 0K [0x00000000c0000000, 0x00000000c5300000, 0x00000000eab00000)
  object space 84992K, 0% used [0x00000000c0000000,0x00000000c0000000,0x00000000c5300000)
 Metaspace       used 5835K, capacity 6768K, committed 7040K, reserved 1056768K
  class space    used 595K, capacity 616K, committed 640K, reserved 1048576K
Event: 6,824 GC heap after
Heap after GC invocations=1 (full 0):
 PSYoungGen      total 36864K, used 5096K [0x00000000eab00000, 0x00000000ef300000, 0x0000000100000000)
  eden space 31744K, 0% used [0x00000000eab00000,0x00000000eab00000,0x00000000eca00000)
  from space 5120K, 99% used [0x00000000eca00000,0x00000000ecefa118,0x00000000ecf00000)
  to   space 5120K, 0% used [0x00000000eee00000,0x00000000eee00000,0x00000000ef300000)
 ParOldGen       total 84992K, used 1410K [0x00000000c0000000, 0x00000000c5300000, 0x00000000eab00000)
  object space 84992K, 1% used [0x00000000c0000000,0x00000000c0160a78,0x00000000c5300000)
 Metaspace       used 5835K, capacity 6768K, committed 7040K, reserved 1056768K
  class space    used 595K, capacity 616K, committed 640K, reserved 1048576K
}
Event: 7,249 GC heap before
{Heap before GC invocations=2 (full 0):
 PSYoungGen      total 36864K, used 36840K [0x00000000eab00000, 0x00000000ef300000, 0x0000000100000000)
  eden space 31744K, 100% used [0x00000000eab00000,0x00000000eca00000,0x00000000eca00000)
  from space 5120K, 99% used [0x00000000eca00000,0x00000000ecefa118,0x00000000ecf00000)
  to   space 5120K, 0% used [0x00000000eee00000,0x00000000eee00000,0x00000000ef300000)
 ParOldGen       total 84992K, used 1410K [0x00000000c0000000, 0x00000000c5300000, 0x00000000eab00000)
  object space 84992K, 1% used [0x00000000c0000000,0x00000000c0160a78,0x00000000c5300000)
 Metaspace       used 6063K, capacity 6936K, committed 7168K, reserved 1056768K
  class space    used 616K, capacity 656K, committed 768K, reserved 1048576K
Event: 7,340 GC heap after
Heap after GC invocations=2 (full 0):
 PSYoungGen      total 68608K, used 5115K [0x00000000eab00000, 0x00000000ef300000, 0x0000000100000000)
  eden space 63488K, 0% used [0x00000000eab00000,0x00000000eab00000,0x00000000ee900000)
  from space 5120K, 99% used [0x00000000eee00000,0x00000000ef2fecc8,0x00000000ef300000)
  to   space 5120K, 0% used [0x00000000ee900000,0x00000000ee900000,0x00000000eee00000)
 ParOldGen       total 84992K, used 5471K [0x00000000c0000000, 0x00000000c5300000, 0x00000000eab00000)
  object space 84992K, 6% used [0x00000000c0000000,0x00000000c0557d28,0x00000000c5300000)
 Metaspace       used 6063K, capacity 6936K, committed 7168K, reserved 1056768K
  class space    used 616K, capacity 656K, committed 768K, reserved 1048576K
}
Event: 7,794 GC heap before
{Heap before GC invocations=3 (full 0):
 PSYoungGen      total 68608K, used 68603K [0x00000000eab00000, 0x00000000ef300000, 0x0000000100000000)
  eden space 63488K, 100% used [0x00000000eab00000,0x00000000ee900000,0x00000000ee900000)
  from space 5120K, 99% used [0x00000000eee00000,0x00000000ef2fecc8,0x00000000ef300000)
  to   space 5120K, 0% used [0x00000000ee900000,0x00000000ee900000,0x00000000eee00000)
 ParOldGen       total 84992K, used 5471K [0x00000000c0000000, 0x00000000c5300000, 0x00000000eab00000)
  object space 84992K, 6% used [0x00000000c0000000,0x00000000c0557d28,0x00000000c5300000)
 Metaspace       used 6143K, capacity 7000K, committed 7168K, reserved 1056768K
  class space    used 616K, capacity 656K, committed 768K, reserved 1048576K
Event: 7,851 GC heap after
Heap after GC invocations=3 (full 0):
 PSYoungGen      total 68608K, used 5095K [0x00000000eab00000, 0x00000000f3100000, 0x0000000100000000)
  eden space 63488K, 0% used [0x00000000eab00000,0x00000000eab00000,0x00000000ee900000)
  from space 5120K, 99% used [0x00000000ee900000,0x00000000eedf9cf8,0x00000000eee00000)
  to   space 5120K, 0% used [0x00000000f2c00000,0x00000000f2c00000,0x00000000f3100000)
 ParOldGen       total 84992K, used 14558K [0x00000000c0000000, 0x00000000c5300000, 0x00000000eab00000)
  object space 84992K, 17% used [0x00000000c0000000,0x00000000c0e37af0,0x00000000c5300000)
 Metaspace       used 6143K, capacity 7000K, committed 7168K, reserved 1056768K
  class space    used 616K, capacity 656K, committed 768K, reserved 1048576K
}
Event: 8,191 GC heap before
{Heap before GC invocations=4 (full 0):
 PSYoungGen      total 68608K, used 68583K [0x00000000eab00000, 0x00000000f3100000, 0x0000000100000000)
  eden space 63488K, 100% used [0x00000000eab00000,0x00000000ee900000,0x00000000ee900000)
  from space 5120K, 99% used [0x00000000ee900000,0x00000000eedf9cf8,0x00000000eee00000)
  to   space 5120K, 0% used [0x00000000f2c00000,0x00000000f2c00000,0x00000000f3100000)
 ParOldGen       total 84992K, used 14558K [0x00000000c0000000, 0x00000000c5300000, 0x00000000eab00000)
  object space 84992K, 17% used [0x00000000c0000000,0x00000000c0e37af0,0x00000000c5300000)
 Metaspace       used 6252K, capacity 7128K, committed 7424K, reserved 1056768K
  class space    used 617K, capacity 656K, committed 768K, reserved 1048576K
Event: 8,273 GC heap after
Heap after GC invocations=4 (full 0):
 PSYoungGen      total 132096K, used 5096K [0x00000000eab00000, 0x00000000f3100000, 0x0000000100000000)
  eden space 126976K, 0% used [0x00000000eab00000,0x00000000eab00000,0x00000000f2700000)
  from space 5120K, 99% used [0x00000000f2c00000,0x00000000f30fa2e8,0x00000000f3100000)
  to   space 5120K, 0% used [0x00000000f2700000,0x00000000f2700000,0x00000000f2c00000)
 ParOldGen       total 84992K, used 23046K [0x00000000c0000000, 0x00000000c5300000, 0x00000000eab00000)
  object space 84992K, 27% used [0x00000000c0000000,0x00000000c16818c0,0x00000000c5300000)
 Metaspace       used 6252K, capacity 7128K, committed 7424K, reserved 1056768K
  class space    used 617K, capacity 656K, committed 768K, reserved 1048576K
}
Event: 9,066 GC heap before
{Heap before GC invocations=5 (full 0):
 PSYoungGen      total 132096K, used 132072K [0x00000000eab00000, 0x00000000f3100000, 0x0000000100000000)
  eden space 126976K, 100% used [0x00000000eab00000,0x00000000f2700000,0x00000000f2700000)
  from space 5120K, 99% used [0x00000000f2c00000,0x00000000f30fa2e8,0x00000000f3100000)
  to   space 5120K, 0% used [0x00000000f2700000,0x00000000f2700000,0x00000000f2c00000)
 ParOldGen       total 84992K, used 23046K [0x00000000c0000000, 0x00000000c5300000, 0x00000000eab00000)
  object space 84992K, 27% used [0x00000000c0000000,0x00000000c16818c0,0x00000000c5300000)
 Metaspace       used 6370K, capacity 7192K, committed 7424K, reserved 1056768K
  class space    used 617K, capacity 656K, committed 768K, reserved 1048576K

Deoptimization events (10 events):
Event: 7,475 Thread 0x00007f79a800a000 Uncommon trap: reason=unstable_if action=reinterpret pc=0x00007f799931b07c method=com.android.dx.ssa.SsaMethod.updateOneDefinition(Lcom/android/dx/ssa/SsaInsn;Lcom/android/dx/rop/code/RegisterSpec;)V @ 4
Event: 7,665 Thread 0x00007f79a8153000 Uncommon trap: reason=unstable_if action=reinterpret pc=0x00007f79992464a4 method=com.android.dx.rop.code.RegisterSpec.equals(ILcom/android/dx/rop/type/TypeBearer;Lcom/android/dx/rop/code/LocalItem;)Z @ 42
Event: 7,917 Thread 0x00007f79a800a000 Uncommon trap: reason=unstable_if action=reinterpret pc=0x00007f799936ac84 method=java.util.HashMap.putVal(ILjava/lang/Object;Ljava/lang/Object;ZZ)Ljava/lang/Object; @ 109
Event: 8,358 Thread 0x00007f79a815a000 Uncommon trap: reason=unstable_if action=reinterpret pc=0x00007f7999287160 method=com.android.dx.dex.code.OutputFinisher.hasLocalInfo(Lcom/android/dx/dex/code/DalvInsn;)Z @ 24
Event: 8,397 Thread 0x00007f79a815a000 Uncommon trap: reason=unstable_if action=reinterpret pc=0x00007f79993e7738 method=com.android.dx.ssa.SCCP.simulateStmt(Lcom/android/dx/ssa/SsaInsn;)V @ 59
Event: 8,667 Thread 0x00007f79a8158000 Uncommon trap: reason=bimorphic action=maybe_recompile pc=0x00007f79995e5aac method=com.android.dx.cf.code.BytecodeArray.parseInstruction(ILcom/android/dx/cf/code/BytecodeArray$Visitor;)I @ 971
Event: 8,667 Thread 0x00007f79a8158000 Uncommon trap: reason=bimorphic action=maybe_recompile pc=0x00007f79995e5aac method=com.android.dx.cf.code.BytecodeArray.parseInstruction(ILcom/android/dx/cf/code/BytecodeArray$Visitor;)I @ 971
Event: 8,668 Thread 0x00007f79a8158000 Uncommon trap: reason=bimorphic action=maybe_recompile pc=0x00007f79995e5aac method=com.android.dx.cf.code.BytecodeArray.parseInstruction(ILcom/android/dx/cf/code/BytecodeArray$Visitor;)I @ 971
Event: 8,668 Thread 0x00007f79a8158000 Uncommon trap: reason=bimorphic action=maybe_recompile pc=0x00007f79995e5aac method=com.android.dx.cf.code.BytecodeArray.parseInstruction(ILcom/android/dx/cf/code/BytecodeArray$Visitor;)I @ 971
Event: 8,910 Thread 0x00007f79a8153000 Uncommon trap: reason=unstable_if action=reinterpret pc=0x00007f7999584458 method=com.android.dx.ssa.SCCP.simulateBranch(Lcom/android/dx/ssa/SsaInsn;)V @ 548

Internal exceptions (5 events):
Event: 0,147 Thread 0x00007f79a800a000 Exception <a 'java/lang/NoSuchMethodError': Method sun.misc.Unsafe.defineClass(Ljava/lang/String;[BII)Ljava/lang/Class; name or signature does not match> (0x00000000eab07cc0) thrown at [/HUDSON/workspace/8-2-build-linux-amd64/jdk8u91/6644/hotspot/src/shar
Event: 0,147 Thread 0x00007f79a800a000 Exception <a 'java/lang/NoSuchMethodError': Method sun.misc.Unsafe.prefetchRead(Ljava/lang/Object;J)V name or signature does not match> (0x00000000eab07fa8) thrown at [/HUDSON/workspace/8-2-build-linux-amd64/jdk8u91/6644/hotspot/src/share/vm/prims/jni.cpp
Event: 7,236 Thread 0x00007f79a8158000 Exception <a 'java/lang/ArrayIndexOutOfBoundsException': 18> (0x00000000ec86ee40) thrown at [/HUDSON/workspace/8-2-build-linux-amd64/jdk8u91/6644/hotspot/src/share/vm/interpreter/interpreterRuntime.cpp, line 366]
Event: 7,237 Thread 0x00007f79a8158000 Exception <a 'java/lang/ArrayIndexOutOfBoundsException': 145> (0x00000000ec8709c0) thrown at [/HUDSON/workspace/8-2-build-linux-amd64/jdk8u91/6644/hotspot/src/share/vm/interpreter/interpreterRuntime.cpp, line 366]
Event: 7,237 Thread 0x00007f79a8158000 Exception <a 'java/lang/ArrayIndexOutOfBoundsException': 40> (0x00000000ec871ca8) thrown at [/HUDSON/workspace/8-2-build-linux-amd64/jdk8u91/6644/hotspot/src/share/vm/interpreter/interpreterRuntime.cpp, line 366]

Events (10 events):
Event: 8,985 Thread 0x00007f79a8153000 DEOPT PACKING pc=0x00007f79993bd603 sp=0x00007f79917c1cf0
Event: 8,985 Thread 0x00007f79a8153000 DEOPT UNPACKING pc=0x00007f7999047633 sp=0x00007f79917c1a90 mode 0
Event: 8,991 Thread 0x00007f79a8158000 DEOPT PACKING pc=0x00007f79993b70db sp=0x00007f79914bef10
Event: 8,991 Thread 0x00007f79a8158000 DEOPT UNPACKING pc=0x00007f7999047633 sp=0x00007f79914bece0 mode 0
Event: 9,008 Thread 0x00007f79a8158000 DEOPT PACKING pc=0x00007f79993d362c sp=0x00007f79914bf1b0
Event: 9,008 Thread 0x00007f79a8158000 DEOPT UNPACKING pc=0x00007f7999047633 sp=0x00007f79914beeb0 mode 0
Event: 9,046 Thread 0x00007f79a815a000 DEOPT PACKING pc=0x00007f79995c8d8f sp=0x00007f79913bdf00
Event: 9,046 Thread 0x00007f79a815a000 DEOPT UNPACKING pc=0x00007f7999047633 sp=0x00007f79913bdce0 mode 0
Event: 9,057 Thread 0x00007f79a8158000 Thread exited: 0x00007f79a8158000
Event: 9,057 Executing VM operation: ParallelGCFailedAllocation


Dynamic libraries:
00400000-00401000 r-xp 00000000 08:01 9839507                            /usr/lib/jvm/java-8-oracle/bin/java
00600000-00601000 rw-p 00000000 08:01 9839507                            /usr/lib/jvm/java-8-oracle/bin/java
0240d000-0242e000 rw-p 00000000 00:00 0                                  [heap]
c0000000-c5300000 rw-p 00000000 00:00 0 
c5300000-eab00000 ---p 00000000 00:00 0 
eab00000-f3100000 rw-p 00000000 00:00 0 
fd200000-100000000 ---p 00000000 00:00 0 
100000000-1000c0000 rw-p 00000000 00:00 0 
1000c0000-140000000 ---p 00000000 00:00 0 
7f792c000000-7f792c026000 rw-p 00000000 00:00 0 
7f792c026000-7f7930000000 ---p 00000000 00:00 0 
7f7930000000-7f7930021000 rw-p 00000000 00:00 0 
7f7930021000-7f7934000000 ---p 00000000 00:00 0 
7f7934000000-7f7934021000 rw-p 00000000 00:00 0 
7f7934021000-7f7938000000 ---p 00000000 00:00 0 
7f7938000000-7f7938021000 rw-p 00000000 00:00 0 
7f7938021000-7f793c000000 ---p 00000000 00:00 0 
7f793c000000-7f793c021000 rw-p 00000000 00:00 0 
7f793c021000-7f7940000000 ---p 00000000 00:00 0 
7f7940000000-7f7940031000 rw-p 00000000 00:00 0 
7f7940031000-7f7944000000 ---p 00000000 00:00 0 
7f7944000000-7f7944878000 rw-p 00000000 00:00 0 
7f7944878000-7f7948000000 ---p 00000000 00:00 0 
7f7948000000-7f7948021000 rw-p 00000000 00:00 0 
7f7948021000-7f794c000000 ---p 00000000 00:00 0 
7f794c000000-7f794ca3b000 rw-p 00000000 00:00 0 
7f794ca3b000-7f7950000000 ---p 00000000 00:00 0 
7f7950000000-7f7950702000 rw-p 00000000 00:00 0 
7f7950702000-7f7954000000 ---p 00000000 00:00 0 
7f7954000000-7f7954021000 rw-p 00000000 00:00 0 
7f7954021000-7f7958000000 ---p 00000000 00:00 0 
7f7958000000-7f7958ad6000 rw-p 00000000 00:00 0 
7f7958ad6000-7f795c000000 ---p 00000000 00:00 0 
7f795c000000-7f795c021000 rw-p 00000000 00:00 0 
7f795c021000-7f7960000000 ---p 00000000 00:00 0 
7f7960000000-7f7960021000 rw-p 00000000 00:00 0 
7f7960021000-7f7964000000 ---p 00000000 00:00 0 
7f7964000000-7f7964021000 rw-p 00000000 00:00 0 
7f7964021000-7f7968000000 ---p 00000000 00:00 0 
7f796c000000-7f796c021000 rw-p 00000000 00:00 0 
7f796c021000-7f7970000000 ---p 00000000 00:00 0 
7f7970000000-7f797028f000 rw-p 00000000 00:00 0 
7f797028f000-7f7974000000 ---p 00000000 00:00 0 
7f7974000000-7f7974021000 rw-p 00000000 00:00 0 
7f7974021000-7f7978000000 ---p 00000000 00:00 0 
7f797c000000-7f797c021000 rw-p 00000000 00:00 0 
7f797c021000-7f7980000000 ---p 00000000 00:00 0 
7f7984000000-7f7984021000 rw-p 00000000 00:00 0 
7f7984021000-7f7988000000 ---p 00000000 00:00 0 
7f7988000000-7f7988021000 rw-p 00000000 00:00 0 
7f7988021000-7f798c000000 ---p 00000000 00:00 0 
7f798c000000-7f798c021000 rw-p 00000000 00:00 0 
7f798c021000-7f7990000000 ---p 00000000 00:00 0 
7f79912bf000-7f79912c2000 ---p 00000000 00:00 0 
7f79912c2000-7f79913c0000 rw-p 00000000 00:00 0 
7f79913c0000-7f79913c3000 ---p 00000000 00:00 0 
7f79913c3000-7f79914c1000 rw-p 00000000 00:00 0 
7f79914c1000-7f79914c4000 ---p 00000000 00:00 0 
7f79914c4000-7f79915c2000 rw-p 00000000 00:00 0 
7f79915c2000-7f79915c5000 ---p 00000000 00:00 0 
7f79915c5000-7f79916c3000 rw-p 00000000 00:00 0 
7f79916c3000-7f79916c6000 ---p 00000000 00:00 0 
7f79916c6000-7f79917c4000 rw-p 00000000 00:00 0 
7f79917c4000-7f79917c5000 ---p 00000000 00:00 0 
7f79917c5000-7f79918c5000 rw-p 00000000 00:00 0 
7f79918c5000-7f79918c8000 ---p 00000000 00:00 0 
7f79918c8000-7f79919c6000 rw-p 00000000 00:00 0 
7f79919c6000-7f79919c9000 ---p 00000000 00:00 0 
7f79919c9000-7f7991ac7000 rw-p 00000000 00:00 0 
7f7991ac7000-7f7991aca000 ---p 00000000 00:00 0 
7f7991aca000-7f7991bc8000 rw-p 00000000 00:00 0 
7f7991bc8000-7f7992000000 r--p 00000000 08:01 9700768                    /usr/lib/locale/locale-archive
7f7992000000-7f7994000000 rw-p 00000000 00:00 0 
7f7994000000-7f7994021000 rw-p 00000000 00:00 0 
7f7994021000-7f7998000000 ---p 00000000 00:00 0 
7f79980f1000-7f79980f4000 ---p 00000000 00:00 0 
7f79980f4000-7f79981f2000 rw-p 00000000 00:00 0 
7f79981f2000-7f79981f5000 ---p 00000000 00:00 0 
7f79981f5000-7f79982f3000 rw-p 00000000 00:00 0 
7f79982f3000-7f79982f6000 ---p 00000000 00:00 0 
7f79982f6000-7f79983f4000 rw-p 00000000 00:00 0 
7f79983f4000-7f79983f7000 ---p 00000000 00:00 0 
7f79983f7000-7f79984f5000 rw-p 00000000 00:00 0 
7f79984f5000-7f79984f8000 ---p 00000000 00:00 0 
7f79984f8000-7f79985f6000 rw-p 00000000 00:00 0 
7f79985f6000-7f79985f7000 ---p 00000000 00:00 0 
7f79985f7000-7f7999000000 rw-p 00000000 00:00 0 
7f7999000000-7f7999650000 rwxp 00000000 00:00 0 
7f7999650000-7f79a8000000 ---p 00000000 00:00 0 
7f79a8000000-7f79a839a000 rw-p 00000000 00:00 0 
7f79a839a000-7f79ac000000 ---p 00000000 00:00 0 
7f79ac040000-7f79ac047000 r--s 00000000 08:01 10092992                   /usr/lib/x86_64-linux-gnu/gconv/gconv-modules.cache
7f79ac047000-7f79ac064000 r--p 00000000 08:01 11012338                   /usr/share/locale-langpack/tr/LC_MESSAGES/libc.mo
7f79ac064000-7f79ac073000 r--s 000df000 08:01 5246091                    /home/oguz/Android/Sdk/build-tools/23.0.3/lib/dx.jar
7f79ac073000-7f79ad3ae000 rw-p 00000000 00:00 0 
7f79ad3ae000-7f79ad587000 r--s 03d1f000 08:01 9967487                    /usr/lib/jvm/java-8-oracle/jre/lib/rt.jar
7f79ad587000-7f79adc7d000 rw-p 00000000 00:00 0 
7f79adc7d000-7f79addfd000 ---p 00000000 00:00 0 
7f79addfd000-7f79adffd000 rw-p 00000000 00:00 0 
7f79adffd000-7f79adffe000 ---p 00000000 00:00 0 
7f79adffe000-7f79ae0fe000 rw-p 00000000 00:00 0 
7f79ae0fe000-7f79ae0ff000 ---p 00000000 00:00 0 
7f79ae0ff000-7f79ae1ff000 rw-p 00000000 00:00 0 
7f79ae1ff000-7f79ae200000 ---p 00000000 00:00 0 
7f79ae200000-7f79ae300000 rw-p 00000000 00:00 0 
7f79ae300000-7f79ae301000 ---p 00000000 00:00 0 
7f79ae301000-7f79ae401000 rw-p 00000000 00:00 0 
7f79ae401000-7f79ae402000 ---p 00000000 00:00 0 
7f79ae402000-7f79ae502000 rw-p 00000000 00:00 0 
7f79ae502000-7f79ae503000 ---p 00000000 00:00 0 
7f79ae503000-7f79ae603000 rw-p 00000000 00:00 0 
7f79ae603000-7f79ae604000 ---p 00000000 00:00 0 
7f79ae604000-7f79ae704000 rw-p 00000000 00:00 0 
7f79ae704000-7f79ae705000 ---p 00000000 00:00 0 
7f79ae705000-7f79ae82f000 rw-p 00000000 00:00 0 
7f79ae82f000-7f79ae95b000 ---p 00000000 00:00 0 
7f79ae95b000-7f79ae985000 rw-p 00000000 00:00 0 
7f79ae985000-7f79aeab0000 ---p 00000000 00:00 0 
7f79aeab0000-7f79aeaf4000 rw-p 00000000 00:00 0 
7f79aeaf4000-7f79aeb5b000 ---p 00000000 00:00 0 
7f79aeb5b000-7f79aeb76000 rw-p 00000000 00:00 0 
7f79aeb76000-7f79aef1c000 ---p 00000000 00:00 0 
7f79aef1c000-7f79aef36000 r-xp 00000000 08:01 10092954                   /usr/lib/jvm/java-8-oracle/jre/lib/amd64/libzip.so
7f79aef36000-7f79af136000 ---p 0001a000 08:01 10092954                   /usr/lib/jvm/java-8-oracle/jre/lib/amd64/libzip.so
7f79af136000-7f79af137000 rw-p 0001a000 08:01 10092954                   /usr/lib/jvm/java-8-oracle/jre/lib/amd64/libzip.so
7f79af137000-7f79af142000 r-xp 00000000 08:01 7603299                    /lib/x86_64-linux-gnu/libnss_files-2.23.so
7f79af142000-7f79af341000 ---p 0000b000 08:01 7603299                    /lib/x86_64-linux-gnu/libnss_files-2.23.so
7f79af341000-7f79af342000 r--p 0000a000 08:01 7603299                    /lib/x86_64-linux-gnu/libnss_files-2.23.so
7f79af342000-7f79af343000 rw-p 0000b000 08:01 7603299                    /lib/x86_64-linux-gnu/libnss_files-2.23.so
7f79af343000-7f79af349000 rw-p 00000000 00:00 0 
7f79af349000-7f79af354000 r-xp 00000000 08:01 7603296                    /lib/x86_64-linux-gnu/libnss_nis-2.23.so
7f79af354000-7f79af553000 ---p 0000b000 08:01 7603296                    /lib/x86_64-linux-gnu/libnss_nis-2.23.so
7f79af553000-7f79af554000 r--p 0000a000 08:01 7603296                    /lib/x86_64-linux-gnu/libnss_nis-2.23.so
7f79af554000-7f79af555000 rw-p 0000b000 08:01 7603296                    /lib/x86_64-linux-gnu/libnss_nis-2.23.so
7f79af555000-7f79af56b000 r-xp 00000000 08:01 7603294                    /lib/x86_64-linux-gnu/libnsl-2.23.so
7f79af56b000-7f79af76b000 ---p 00016000 08:01 7603294                    /lib/x86_64-linux-gnu/libnsl-2.23.so
7f79af76b000-7f79af76c000 r--p 00016000 08:01 7603294                    /lib/x86_64-linux-gnu/libnsl-2.23.so
7f79af76c000-7f79af76d000 rw-p 00017000 08:01 7603294                    /lib/x86_64-linux-gnu/libnsl-2.23.so
7f79af76d000-7f79af76f000 rw-p 00000000 00:00 0 
7f79af76f000-7f79af777000 r-xp 00000000 08:01 7603292                    /lib/x86_64-linux-gnu/libnss_compat-2.23.so
7f79af777000-7f79af976000 ---p 00008000 08:01 7603292                    /lib/x86_64-linux-gnu/libnss_compat-2.23.so
7f79af976000-7f79af977000 r--p 00007000 08:01 7603292                    /lib/x86_64-linux-gnu/libnss_compat-2.23.so
7f79af977000-7f79af978000 rw-p 00008000 08:01 7603292                    /lib/x86_64-linux-gnu/libnss_compat-2.23.so
7f79af978000-7f79af9a2000 r-xp 00000000 08:01 10092949                   /usr/lib/jvm/java-8-oracle/jre/lib/amd64/libjava.so
7f79af9a2000-7f79afba2000 ---p 0002a000 08:01 10092949                   /usr/lib/jvm/java-8-oracle/jre/lib/amd64/libjava.so
7f79afba2000-7f79afba4000 rw-p 0002a000 08:01 10092949                   /usr/lib/jvm/java-8-oracle/jre/lib/amd64/libjava.so
7f79afba4000-7f79afbb1000 r-xp 00000000 08:01 10092953                   /usr/lib/jvm/java-8-oracle/jre/lib/amd64/libverify.so
7f79afbb1000-7f79afdb1000 ---p 0000d000 08:01 10092953                   /usr/lib/jvm/java-8-oracle/jre/lib/amd64/libverify.so
7f79afdb1000-7f79afdb3000 rw-p 0000d000 08:01 10092953                   /usr/lib/jvm/java-8-oracle/jre/lib/amd64/libverify.so
7f79afdb3000-7f79afdba000 r-xp 00000000 08:01 7603308                    /lib/x86_64-linux-gnu/librt-2.23.so
7f79afdba000-7f79affb9000 ---p 00007000 08:01 7603308                    /lib/x86_64-linux-gnu/librt-2.23.so
7f79affb9000-7f79affba000 r--p 00006000 08:01 7603308                    /lib/x86_64-linux-gnu/librt-2.23.so
7f79affba000-7f79affbb000 rw-p 00007000 08:01 7603308                    /lib/x86_64-linux-gnu/librt-2.23.so
7f79affbb000-7f79b00c3000 r-xp 00000000 08:01 7603305                    /lib/x86_64-linux-gnu/libm-2.23.so
7f79b00c3000-7f79b02c2000 ---p 00108000 08:01 7603305                    /lib/x86_64-linux-gnu/libm-2.23.so
7f79b02c2000-7f79b02c3000 r--p 00107000 08:01 7603305                    /lib/x86_64-linux-gnu/libm-2.23.so
7f79b02c3000-7f79b02c4000 rw-p 00108000 08:01 7603305                    /lib/x86_64-linux-gnu/libm-2.23.so
7f79b02c4000-7f79b0f84000 r-xp 00000000 08:01 10092932                   /usr/lib/jvm/java-8-oracle/jre/lib/amd64/server/libjvm.so
7f79b0f84000-7f79b1184000 ---p 00cc0000 08:01 10092932                   /usr/lib/jvm/java-8-oracle/jre/lib/amd64/server/libjvm.so
7f79b1184000-7f79b125c000 rw-p 00cc0000 08:01 10092932                   /usr/lib/jvm/java-8-oracle/jre/lib/amd64/server/libjvm.so
7f79b125c000-7f79b12a7000 rw-p 00000000 00:00 0 
7f79b12a7000-7f79b1467000 r-xp 00000000 08:01 7603313                    /lib/x86_64-linux-gnu/libc-2.23.so
7f79b1467000-7f79b1667000 ---p 001c0000 08:01 7603313                    /lib/x86_64-linux-gnu/libc-2.23.so
7f79b1667000-7f79b166b000 r--p 001c0000 08:01 7603313                    /lib/x86_64-linux-gnu/libc-2.23.so
7f79b166b000-7f79b166d000 rw-p 001c4000 08:01 7603313                    /lib/x86_64-linux-gnu/libc-2.23.so
7f79b166d000-7f79b1671000 rw-p 00000000 00:00 0 
7f79b1671000-7f79b1674000 r-xp 00000000 08:01 7603314                    /lib/x86_64-linux-gnu/libdl-2.23.so
7f79b1674000-7f79b1873000 ---p 00003000 08:01 7603314                    /lib/x86_64-linux-gnu/libdl-2.23.so
7f79b1873000-7f79b1874000 r--p 00002000 08:01 7603314                    /lib/x86_64-linux-gnu/libdl-2.23.so
7f79b1874000-7f79b1875000 rw-p 00003000 08:01 7603314                    /lib/x86_64-linux-gnu/libdl-2.23.so
7f79b1875000-7f79b188a000 r-xp 00000000 08:01 9840182                    /usr/lib/jvm/java-8-oracle/lib/amd64/jli/libjli.so
7f79b188a000-7f79b1a8a000 ---p 00015000 08:01 9840182                    /usr/lib/jvm/java-8-oracle/lib/amd64/jli/libjli.so
7f79b1a8a000-7f79b1a8b000 rw-p 00015000 08:01 9840182                    /usr/lib/jvm/java-8-oracle/lib/amd64/jli/libjli.so
7f79b1a8b000-7f79b1aa3000 r-xp 00000000 08:01 7603312                    /lib/x86_64-linux-gnu/libpthread-2.23.so
7f79b1aa3000-7f79b1ca2000 ---p 00018000 08:01 7603312                    /lib/x86_64-linux-gnu/libpthread-2.23.so
7f79b1ca2000-7f79b1ca3000 r--p 00017000 08:01 7603312                    /lib/x86_64-linux-gnu/libpthread-2.23.so
7f79b1ca3000-7f79b1ca4000 rw-p 00018000 08:01 7603312                    /lib/x86_64-linux-gnu/libpthread-2.23.so
7f79b1ca4000-7f79b1ca8000 rw-p 00000000 00:00 0 
7f79b1ca8000-7f79b1cce000 r-xp 00000000 08:01 7603309                    /lib/x86_64-linux-gnu/ld-2.23.so
7f79b1cd4000-7f79b1da6000 rw-p 00000000 00:00 0 
7f79b1da6000-7f79b1da9000 ---p 00000000 00:00 0 
7f79b1da9000-7f79b1eab000 rw-p 00000000 00:00 0 
7f79b1ead000-7f79b1ec1000 rw-p 00000000 00:00 0 
7f79b1ec1000-7f79b1ec9000 rw-s 00000000 08:01 133481                     /tmp/hsperfdata_oguz/17773
7f79b1ec9000-7f79b1eca000 rw-p 00000000 00:00 0 
7f79b1eca000-7f79b1ecb000 ---p 00000000 00:00 0 
7f79b1ecb000-7f79b1ecd000 rw-p 00000000 00:00 0 
7f79b1ecd000-7f79b1ece000 r--p 00025000 08:01 7603309                    /lib/x86_64-linux-gnu/ld-2.23.so
7f79b1ece000-7f79b1ecf000 rw-p 00026000 08:01 7603309                    /lib/x86_64-linux-gnu/ld-2.23.so
7f79b1ecf000-7f79b1ed0000 rw-p 00000000 00:00 0 
7ffe9f781000-7ffe9f7a2000 rw-p 00000000 00:00 0                          [stack]
7ffe9f7c1000-7ffe9f7c3000 r--p 00000000 00:00 0                          [vvar]
7ffe9f7c3000-7ffe9f7c5000 r-xp 00000000 00:00 0                          [vdso]
ffffffffff600000-ffffffffff601000 r-xp 00000000 00:00 0                  [vsyscall]

VM Arguments:
jvm_args: -Djava.awt.headless=true -Xmx1024M -Dfile.encoding=UTF-8 -Duser.country=TR -Duser.language=tr -Duser.variant 
java_command: com.android.dx.command.Main --dex --force-jumbo --num-threads=4 --multi-dex --output /home/oguz/AndroidStudioProjects/FomApplication/app/build/intermediates/transforms/dex/debug/folders/1000/10/com.android.support-appcompat-v7-22.2.0_477a3625338b79576be520ace730041d5234d4b5 /home/oguz/AndroidStudioProjects/FomApplication/app/build/intermediates/exploded-aar/com.android.support/appcompat-v7/22.2.0/jars/classes.jar
java_class_path (initial): /home/oguz/Android/Sdk/build-tools/23.0.3/lib/dx.jar
Launcher Type: SUN_STANDARD

Environment Variables:
PATH=/usr/local/sbin:/usr/local/bin:/usr/sbin:/usr/bin:/sbin:/bin:/usr/games:/usr/local/games:/snap/bin
LD_LIBRARY_PATH=/home/oguz/Masaüstü/Derleyiciler/android-studio/bin:
SHELL=/bin/bash
DISPLAY=:0

Signal Handlers:
SIGSEGV: [libjvm.so+0xabca10], sa_mask[0]=11111111011111111101111111111110, sa_flags=SA_RESTART|SA_SIGINFO
SIGBUS: [libjvm.so+0xabca10], sa_mask[0]=11111111011111111101111111111110, sa_flags=SA_RESTART|SA_SIGINFO
SIGFPE: [libjvm.so+0x919a20], sa_mask[0]=11111111011111111101111111111110, sa_flags=SA_RESTART|SA_SIGINFO
SIGPIPE: [libjvm.so+0x919a20], sa_mask[0]=11111111011111111101111111111110, sa_flags=SA_RESTART|SA_SIGINFO
SIGXFSZ: [libjvm.so+0x919a20], sa_mask[0]=11111111011111111101111111111110, sa_flags=SA_RESTART|SA_SIGINFO
SIGILL: [libjvm.so+0x919a20], sa_mask[0]=11111111011111111101111111111110, sa_flags=SA_RESTART|SA_SIGINFO
SIGUSR1: SIG_DFL, sa_mask[0]=00000000000000000000000000000000, sa_flags=none
SIGUSR2: [libjvm.so+0x91b050], sa_mask[0]=00100000000000000000000000000000, sa_flags=SA_RESTART|SA_SIGINFO
SIGHUP: [libjvm.so+0x91c450], sa_mask[0]=11111111011111111101111111111110, sa_flags=SA_RESTART|SA_SIGINFO
SIGINT: [libjvm.so+0x91c450], sa_mask[0]=11111111011111111101111111111110, sa_flags=SA_RESTART|SA_SIGINFO
SIGTERM: [libjvm.so+0x91c450], sa_mask[0]=11111111011111111101111111111110, sa_flags=SA_RESTART|SA_SIGINFO
SIGQUIT: [libjvm.so+0x91c450], sa_mask[0]=11111111011111111101111111111110, sa_flags=SA_RESTART|SA_SIGINFO


---------------  S Y S T E M  ---------------

OS:DISTRIB_ID=Ubuntu
DISTRIB_RELEASE=16.04
DISTRIB_CODENAME=xenial
DISTRIB_DESCRIPTION="Ubuntu Xenial Xerus (development branch)"

uname:Linux 4.4.0-22-generic #39-Ubuntu SMP Thu May 5 16:53:32 UTC 2016 x86_64
libc:glibc 2.23 NPTL 2.23 
rlimit: STACK 8192k, CORE 0k, NPROC 31498, NOFILE 65536, AS infinity
load average:7,37 1,92 0,93

/proc/meminfo:
MemTotal:        8101800 kB
MemFree:           54324 kB
MemAvailable:     102156 kB
Buffers:            1632 kB
Cached:           472432 kB
SwapCached:            0 kB
Active:          7398244 kB
Inactive:         405852 kB
Active(anon):    7377856 kB
Inactive(anon):   386840 kB
Active(file):      20388 kB
Inactive(file):    19012 kB
Unevictable:          72 kB
Mlocked:              72 kB
SwapTotal:             0 kB
SwapFree:              0 kB
Dirty:               804 kB
Writeback:             0 kB
AnonPages:       7330460 kB
Mapped:           186228 kB
Shmem:            434452 kB
Slab:             104196 kB
SReclaimable:      50804 kB
SUnreclaim:        53392 kB
KernelStack:       19472 kB
PageTables:        61324 kB
NFS_Unstable:          0 kB
Bounce:                0 kB
WritebackTmp:          0 kB
CommitLimit:     4050900 kB
Committed_AS:   13912588 kB
VmallocTotal:   34359738367 kB
VmallocUsed:           0 kB
VmallocChunk:          0 kB
HardwareCorrupted:     0 kB
AnonHugePages:   4632576 kB
CmaTotal:              0 kB
CmaFree:               0 kB
HugePages_Total:       0
HugePages_Free:        0
HugePages_Rsvd:        0
HugePages_Surp:        0
Hugepagesize:       2048 kB
DirectMap4k:      164608 kB
DirectMap2M:     8151040 kB
DirectMap1G:     1048576 kB


CPU:total 8 (4 cores per cpu, 2 threads per core) family 6 model 60 stepping 3, cmov, cx8, fxsr, mmx, sse, sse2, sse3, ssse3, sse4.1, sse4.2, popcnt, avx, avx2, aes, clmul, erms, lzcnt, ht, tsc, tscinvbit, bmi1, bmi2

/proc/cpuinfo:
processor	: 0
vendor_id	: GenuineIntel
cpu family	: 6
model		: 60
model name	: Intel(R) Core(TM) i7-4700MQ CPU @ 2.40GHz
stepping	: 3
microcode	: 0x16
cpu MHz		: 3199.968
cache size	: 6144 KB
physical id	: 0
siblings	: 8
core id		: 0
cpu cores	: 4
apicid		: 0
initial apicid	: 0
fpu		: yes
fpu_exception	: yes
cpuid level	: 13
wp		: yes
flags		: fpu vme de pse tsc msr pae mce cx8 apic sep mtrr pge mca cmov pat pse36 clflush dts acpi mmx fxsr sse sse2 ss ht tm pbe syscall nx pdpe1gb rdtscp lm constant_tsc arch_perfmon pebs bts rep_good nopl xtopology nonstop_tsc aperfmperf eagerfpu pni pclmulqdq dtes64 monitor ds_cpl vmx est tm2 ssse3 sdbg fma cx16 xtpr pdcm pcid sse4_1 sse4_2 movbe popcnt tsc_deadline_timer aes xsave avx f16c rdrand lahf_lm abm epb tpr_shadow vnmi flexpriority ept vpid fsgsbase tsc_adjust bmi1 avx2 smep bmi2 erms invpcid xsaveopt dtherm ida arat pln pts
bugs		:
bogomips	: 4788.76
clflush size	: 64
cache_alignment	: 64
address sizes	: 39 bits physical, 48 bits virtual
power management:

processor	: 1
vendor_id	: GenuineIntel
cpu family	: 6
model		: 60
model name	: Intel(R) Core(TM) i7-4700MQ CPU @ 2.40GHz
stepping	: 3
microcode	: 0x16
cpu MHz		: 3199.968
cache size	: 6144 KB
physical id	: 0
siblings	: 8
core id		: 0
cpu cores	: 4
apicid		: 1
initial apicid	: 1
fpu		: yes
fpu_exception	: yes
cpuid level	: 13
wp		: yes
flags		: fpu vme de pse tsc msr pae mce cx8 apic sep mtrr pge mca cmov pat pse36 clflush dts acpi mmx fxsr sse sse2 ss ht tm pbe syscall nx pdpe1gb rdtscp lm constant_tsc arch_perfmon pebs bts rep_good nopl xtopology nonstop_tsc aperfmperf eagerfpu pni pclmulqdq dtes64 monitor ds_cpl vmx est tm2 ssse3 sdbg fma cx16 xtpr pdcm pcid sse4_1 sse4_2 movbe popcnt tsc_deadline_timer aes xsave avx f16c rdrand lahf_lm abm epb tpr_shadow vnmi flexpriority ept vpid fsgsbase tsc_adjust bmi1 avx2 smep bmi2 erms invpcid xsaveopt dtherm ida arat pln pts
bugs		:
bogomips	: 4788.76
clflush size	: 64
cache_alignment	: 64
address sizes	: 39 bits physical, 48 bits virtual
power management:

processor	: 2
vendor_id	: GenuineIntel
cpu family	: 6
model		: 60
model name	: Intel(R) Core(TM) i7-4700MQ CPU @ 2.40GHz
stepping	: 3
microcode	: 0x16
cpu MHz		: 3199.968
cache size	: 6144 KB
physical id	: 0
siblings	: 8
core id		: 1
cpu cores	: 4
apicid		: 2
initial apicid	: 2
fpu		: yes
fpu_exception	: yes
cpuid level	: 13
wp		: yes
flags		: fpu vme de pse tsc msr pae mce cx8 apic sep mtrr pge mca cmov pat pse36 clflush dts acpi mmx fxsr sse sse2 ss ht tm pbe syscall nx pdpe1gb rdtscp lm constant_tsc arch_perfmon pebs bts rep_good nopl xtopology nonstop_tsc aperfmperf eagerfpu pni pclmulqdq dtes64 monitor ds_cpl vmx est tm2 ssse3 sdbg fma cx16 xtpr pdcm pcid sse4_1 sse4_2 movbe popcnt tsc_deadline_timer aes xsave avx f16c rdrand lahf_lm abm epb tpr_shadow vnmi flexpriority ept vpid fsgsbase tsc_adjust bmi1 avx2 smep bmi2 erms invpcid xsaveopt dtherm ida arat pln pts
bugs		:
bogomips	: 4788.76
clflush size	: 64
cache_alignment	: 64
address sizes	: 39 bits physical, 48 bits virtual
power management:

processor	: 3
vendor_id	: GenuineIntel
cpu family	: 6
model		: 60
model name	: Intel(R) Core(TM) i7-4700MQ CPU @ 2.40GHz
stepping	: 3
microcode	: 0x16
cpu MHz		: 3199.968
cache size	: 6144 KB
physical id	: 0
siblings	: 8
core id		: 1
cpu cores	: 4
apicid		: 3
initial apicid	: 3
fpu		: yes
fpu_exception	: yes
cpuid level	: 13
wp		: yes
flags		: fpu vme de pse tsc msr pae mce cx8 apic sep mtrr pge mca cmov pat pse36 clflush dts acpi mmx fxsr sse sse2 ss ht tm pbe syscall nx pdpe1gb rdtscp lm constant_tsc arch_perfmon pebs bts rep_good nopl xtopology nonstop_tsc aperfmperf eagerfpu pni pclmulqdq dtes64 monitor ds_cpl vmx est tm2 ssse3 sdbg fma cx16 xtpr pdcm pcid sse4_1 sse4_2 movbe popcnt tsc_deadline_timer aes xsave avx f16c rdrand lahf_lm abm epb tpr_shadow vnmi flexpriority ept vpid fsgsbase tsc_adjust bmi1 avx2 smep bmi2 erms invpcid xsaveopt dtherm ida arat pln pts
bugs		:
bogomips	: 4788.76
clflush size	: 64
cache_alignment	: 64
address sizes	: 39 bits physical, 48 bits virtual
power management:

processor	: 4
vendor_id	: GenuineIntel
cpu family	: 6
model		: 60
model name	: Intel(R) Core(TM) i7-4700MQ CPU @ 2.40GHz
stepping	: 3
microcode	: 0x16
cpu MHz		: 3199.968
cache size	: 6144 KB
physical id	: 0
siblings	: 8
core id		: 2
cpu cores	: 4
apicid		: 4
initial apicid	: 4
fpu		: yes
fpu_exception	: yes
cpuid level	: 13
wp		: yes
flags		: fpu vme de pse tsc msr pae mce cx8 apic sep mtrr pge mca cmov pat pse36 clflush dts acpi mmx fxsr sse sse2 ss ht tm pbe syscall nx pdpe1gb rdtscp lm constant_tsc arch_perfmon pebs bts rep_good nopl xtopology nonstop_tsc aperfmperf eagerfpu pni pclmulqdq dtes64 monitor ds_cpl vmx est tm2 ssse3 sdbg fma cx16 xtpr pdcm pcid sse4_1 sse4_2 movbe popcnt tsc_deadline_timer aes xsave avx f16c rdrand lahf_lm abm epb tpr_shadow vnmi flexpriority ept vpid fsgsbase tsc_adjust bmi1 avx2 smep bmi2 erms invpcid xsaveopt dtherm ida arat pln pts
bugs		:
bogomips	: 4788.76
clflush size	: 64
cache_alignment	: 64
address sizes	: 39 bits physical, 48 bits virtual
power management:

processor	: 5
vendor_id	: GenuineIntel
cpu family	: 6
model		: 60
model name	: Intel(R) Core(TM) i7-4700MQ CPU @ 2.40GHz
stepping	: 3
microcode	: 0x16
cpu MHz		: 3199.968
cache size	: 6144 KB
physical id	: 0
siblings	: 8
core id		: 2
cpu cores	: 4
apicid		: 5
initial apicid	: 5
fpu		: yes
fpu_exception	: yes
cpuid level	: 13
wp		: yes
flags		: fpu vme de pse tsc msr pae mce cx8 apic sep mtrr pge mca cmov pat pse36 clflush dts acpi mmx fxsr sse sse2 ss ht tm pbe syscall nx pdpe1gb rdtscp lm constant_tsc arch_perfmon pebs bts rep_good nopl xtopology nonstop_tsc aperfmperf eagerfpu pni pclmulqdq dtes64 monitor ds_cpl vmx est tm2 ssse3 sdbg fma cx16 xtpr pdcm pcid sse4_1 sse4_2 movbe popcnt tsc_deadline_timer aes xsave avx f16c rdrand lahf_lm abm epb tpr_shadow vnmi flexpriority ept vpid fsgsbase tsc_adjust bmi1 avx2 smep bmi2 erms invpcid xsaveopt dtherm ida arat pln pts
bugs		:
bogomips	: 4788.76
clflush size	: 64
cache_alignment	: 64
address sizes	: 39 bits physical, 48 bits virtual
power management:

processor	: 6
vendor_id	: GenuineIntel
cpu family	: 6
model		: 60
model name	: Intel(R) Core(TM) i7-4700MQ CPU @ 2.40GHz
stepping	: 3
microcode	: 0x16
cpu MHz		: 3199.968
cache size	: 6144 KB
physical id	: 0
siblings	: 8
core id		: 3
cpu cores	: 4
apicid		: 6
initial apicid	: 6
fpu		: yes
fpu_exception	: yes
cpuid level	: 13
wp		: yes
flags		: fpu vme de pse tsc msr pae mce cx8 apic sep mtrr pge mca cmov pat pse36 clflush dts acpi mmx fxsr sse sse2 ss ht tm pbe syscall nx pdpe1gb rdtscp lm constant_tsc arch_perfmon pebs bts rep_good nopl xtopology nonstop_tsc aperfmperf eagerfpu pni pclmulqdq dtes64 monitor ds_cpl vmx est tm2 ssse3 sdbg fma cx16 xtpr pdcm pcid sse4_1 sse4_2 movbe popcnt tsc_deadline_timer aes xsave avx f16c rdrand lahf_lm abm epb tpr_shadow vnmi flexpriority ept vpid fsgsbase tsc_adjust bmi1 avx2 smep bmi2 erms invpcid xsaveopt dtherm ida arat pln pts
bugs		:
bogomips	: 4788.76
clflush size	: 64
cache_alignment	: 64
address sizes	: 39 bits physical, 48 bits virtual
power management:

processor	: 7
vendor_id	: GenuineIntel
cpu family	: 6
model		: 60
model name	: Intel(R) Core(TM) i7-4700MQ CPU @ 2.40GHz
stepping	: 3
microcode	: 0x16
cpu MHz		: 3199.968
cache size	: 6144 KB
physical id	: 0
siblings	: 8
core id		: 3
cpu cores	: 4
apicid		: 7
initial apicid	: 7
fpu		: yes
fpu_exception	: yes
cpuid level	: 13
wp		: yes
flags		: fpu vme de pse tsc msr pae mce cx8 apic sep mtrr pge mca cmov pat pse36 clflush dts acpi mmx fxsr sse sse2 ss ht tm pbe syscall nx pdpe1gb rdtscp lm constant_tsc arch_perfmon pebs bts rep_good nopl xtopology nonstop_tsc aperfmperf eagerfpu pni pclmulqdq dtes64 monitor ds_cpl vmx est tm2 ssse3 sdbg fma cx16 xtpr pdcm pcid sse4_1 sse4_2 movbe popcnt tsc_deadline_timer aes xsave avx f16c rdrand lahf_lm abm epb tpr_shadow vnmi flexpriority ept vpid fsgsbase tsc_adjust bmi1 avx2 smep bmi2 erms invpcid xsaveopt dtherm ida arat pln pts
bugs		:
bogomips	: 4788.76
clflush size	: 64
cache_alignment	: 64
address sizes	: 39 bits physical, 48 bits virtual
power management:



Memory: 4k page, physical 8101800k(54216k free), swap 0k(0k free)

vm_info: Java HotSpot(TM) 64-Bit Server VM (25.91-b14) for linux-amd64 JRE (1.8.0_91-b14), built on Apr  1 2016 00:57:21 by "java_re" with gcc 4.3.0 20080428 (Red Hat 4.3.0-8)

time: Wed Jul 20 12:12:08 2016
elapsed time: 9 seconds (0d 0h 0m 9s)

