#
# There is insufficient memory for the Java Runtime Environment to continue.
# Native memory allocation (mmap) failed to map 173015040 bytes for committing reserved memory.
# Possible reasons:
#   The system is out of physical RAM or swap space
#   In 32 bit mode, the process size limit was hit
# Possible solutions:
#   Reduce memory load on the system
#   Increase physical memory or swap space
#   Check if swap backing store is full
#   Use 64 bit Java on a 64 bit OS
#   Decrease Java heap size (-Xmx/-Xms)
#   Decrease number of Java threads
#   Decrease Java thread stack sizes (-Xss)
#   Set larger code cache with -XX:ReservedCodeCacheSize=
# This output file may be truncated or incomplete.
#
#  Out of Memory Error (os_linux.cpp:2627), pid=16655, tid=140613052729088
#
# JRE version: Java(TM) SE Runtime Environment (8.0_91-b14) (build 1.8.0_91-b14)
# Java VM: Java HotSpot(TM) 64-Bit Server VM (25.91-b14 mixed mode linux-amd64 compressed oops)
# Failed to write core dump. Core dumps have been disabled. To enable core dumping, try "ulimit -c unlimited" before starting Java again
#

---------------  T H R E A D  ---------------

Current thread (0x00007fe338080000):  VMThread [stack: 0x00007fe306ff0000,0x00007fe3070f1000] [id=16686]

Stack: [0x00007fe306ff0000,0x00007fe3070f1000],  sp=0x00007fe3070eefa0,  free space=1019k
Native frames: (J=compiled Java code, j=interpreted, Vv=VM code, C=native code)
V  [libjvm.so+0xabc18a]  VMError::report_and_die()+0x2ba
V  [libjvm.so+0x4fafeb]  report_vm_out_of_memory(char const*, int, unsigned long, VMErrorType, char const*)+0x8b
V  [libjvm.so+0x91cbb3]  os::Linux::commit_memory_impl(char*, unsigned long, bool)+0x103
V  [libjvm.so+0x91d109]  os::pd_commit_memory(char*, unsigned long, unsigned long, bool)+0x29
V  [libjvm.so+0x91740a]  os::commit_memory(char*, unsigned long, unsigned long, bool)+0x2a
V  [libjvm.so+0x98b033]  PSVirtualSpace::expand_by(unsigned long)+0x53
V  [libjvm.so+0x98c438]  PSYoungGen::resize_generation(unsigned long, unsigned long)+0xf8
V  [libjvm.so+0x98b592]  PSYoungGen::resize(unsigned long, unsigned long)+0x22
V  [libjvm.so+0x98886b]  PSScavenge::invoke_no_policy()+0xf3b
V  [libjvm.so+0x988ff1]  PSScavenge::invoke()+0x41
V  [libjvm.so+0x9408b0]  ParallelScavengeHeap::failed_mem_allocate(unsigned long)+0x70
V  [libjvm.so+0xabdba7]  VM_ParallelGCFailedAllocation::doit()+0x97
V  [libjvm.so+0xac55d5]  VM_Operation::evaluate()+0x55
V  [libjvm.so+0xac39aa]  VMThread::evaluate_operation(VM_Operation*)+0xba
V  [libjvm.so+0xac3d2e]  VMThread::loop()+0x1ce
V  [libjvm.so+0xac41a0]  VMThread::run()+0x70
V  [libjvm.so+0x91ef78]  java_start(Thread*)+0x108

VM_Operation (0x00007fe305fa9bd0): ParallelGCFailedAllocation, mode: safepoint, requested by thread 0x00007fe338148000


---------------  P R O C E S S  ---------------

Java Threads: ( => current thread )
  0x00007fe338149800 JavaThread "pool-2-thread-4" [_thread_blocked, id=16739, stack(0x00007fe305daa000,0x00007fe305eab000)]
  0x00007fe338148000 JavaThread "pool-2-thread-3" [_thread_blocked, id=16738, stack(0x00007fe305eab000,0x00007fe305fac000)]
  0x00007fe338147000 JavaThread "pool-2-thread-2" [_thread_blocked, id=16737, stack(0x00007fe305fac000,0x00007fe3060ad000)]
  0x00007fe338144800 JavaThread "pool-3-thread-1" [_thread_blocked, id=16736, stack(0x00007fe3060ad000,0x00007fe3061ae000)]
  0x00007fe338142800 JavaThread "pool-2-thread-1" [_thread_blocked, id=16735, stack(0x00007fe3061ae000,0x00007fe3062af000)]
  0x00007fe3380ca800 JavaThread "Service Thread" daemon [_thread_blocked, id=16702, stack(0x00007fe3063b0000,0x00007fe3064b1000)]
  0x00007fe3380c7800 JavaThread "C1 CompilerThread3" daemon [_thread_blocked, id=16700, stack(0x00007fe3064b1000,0x00007fe3065b2000)]
  0x00007fe3380c5800 JavaThread "C2 CompilerThread2" daemon [_thread_blocked, id=16699, stack(0x00007fe3065b2000,0x00007fe3066b3000)]
  0x00007fe3380c4000 JavaThread "C2 CompilerThread1" daemon [_thread_blocked, id=16698, stack(0x00007fe3066b3000,0x00007fe3067b4000)]
  0x00007fe3380c1000 JavaThread "C2 CompilerThread0" daemon [_thread_blocked, id=16697, stack(0x00007fe3067b4000,0x00007fe3068b5000)]
  0x00007fe3380bf800 JavaThread "Signal Dispatcher" daemon [_thread_blocked, id=16696, stack(0x00007fe3068b5000,0x00007fe3069b6000)]
  0x00007fe33808c800 JavaThread "Finalizer" daemon [_thread_blocked, id=16688, stack(0x00007fe306dee000,0x00007fe306eef000)]
  0x00007fe338087800 JavaThread "Reference Handler" daemon [_thread_blocked, id=16687, stack(0x00007fe306eef000,0x00007fe306ff0000)]
  0x00007fe33800a000 JavaThread "main" [_thread_blocked, id=16658, stack(0x00007fe33e772000,0x00007fe33e873000)]

Other Threads:
=>0x00007fe338080000 VMThread [stack: 0x00007fe306ff0000,0x00007fe3070f1000] [id=16686]
  0x00007fe3380cd800 WatcherThread [stack: 0x00007fe3062af000,0x00007fe3063b0000] [id=16703]

VM state:at safepoint (normal execution)

VM Mutex/Monitor currently owned by a thread:  ([mutex/lock_event])
[0x00007fe338006570] Threads_lock - owner thread: 0x00007fe338080000
[0x00007fe338006a70] Heap_lock - owner thread: 0x00007fe338148000

Heap:
 PSYoungGen      total 132096K, used 5116K [0x00000000eab00000, 0x00000000f3100000, 0x0000000100000000)
  eden space 126976K, 0% used [0x00000000eab00000,0x00000000eab00000,0x00000000f2700000)
  from space 5120K, 99% used [0x00000000f2700000,0x00000000f2bff308,0x00000000f2c00000)
  to   space 5120K, 0% used [0x00000000f2c00000,0x00000000f2c00000,0x00000000f3100000)
 ParOldGen       total 84992K, used 41059K [0x00000000c0000000, 0x00000000c5300000, 0x00000000eab00000)
  object space 84992K, 48% used [0x00000000c0000000,0x00000000c2818e80,0x00000000c5300000)
 Metaspace       used 6371K, capacity 7192K, committed 7424K, reserved 1056768K
  class space    used 617K, capacity 656K, committed 768K, reserved 1048576K

Card table byte_map: [0x00007fe3281ec000,0x00007fe3283ed000] byte_map_base: 0x00007fe327bec000

Marking Bits: (ParMarkBitMap*) 0x00007fe33dc46d60
 Begin Bits: [0x00007fe32598f000, 0x00007fe32698f000)
 End Bits:   [0x00007fe32698f000, 0x00007fe32798f000)

Polling page: 0x00007fe33e896000

CodeCache: size=245760Kb used=6776Kb max_used=6776Kb free=238983Kb
 bounds [0x00007fe3287ad000, 0x00007fe328e5d000, 0x00007fe3377ad000]
 total_blobs=2135 nmethods=1865 adapters=182
 compilation: enabled

Compilation events (10 events):
Event: 4,824 Thread 0x00007fe3380c7800 nmethod 2089 0x00007fe328e4c250 code [0x00007fe328e4c3c0, 0x00007fe328e4c678]
Event: 4,824 Thread 0x00007fe3380c7800 2090       2       java.util.Date::<init> (113 bytes)
Event: 4,826 Thread 0x00007fe3380c7800 nmethod 2090 0x00007fe328e4c7d0 code [0x00007fe328e4c9a0, 0x00007fe328e4d128]
Event: 4,826 Thread 0x00007fe3380c7800 2086       2       java.util.concurrent.ArrayBlockingQueue::dequeue (75 bytes)
Event: 4,827 Thread 0x00007fe3380c7800 nmethod 2086 0x00007fe328e4d6d0 code [0x00007fe328e4d880, 0x00007fe328e4dbb8]
Event: 4,827 Thread 0x00007fe3380c7800 2082       2       java.util.concurrent.ArrayBlockingQueue::enqueue (53 bytes)
Event: 4,828 Thread 0x00007fe3380c7800 nmethod 2082 0x00007fe328e4de10 code [0x00007fe328e4dfa0, 0x00007fe328e4e2e8]
Event: 4,829 Thread 0x00007fe3380c7800 2084       2       java.util.zip.ZipEntry::isDirectory (10 bytes)
Event: 4,829 Thread 0x00007fe3380c7800 nmethod 2084 0x00007fe328e4e550 code [0x00007fe328e4e6c0, 0x00007fe328e4e868]
Event: 4,829 Thread 0x00007fe3380c7800 2091       2       sun.util.calendar.Gregorian::newCalendarDate (6 bytes)

GC Heap History (9 events):
Event: 1,073 GC heap before
{Heap before GC invocations=1 (full 0):
 PSYoungGen      total 36864K, used 31744K [0x00000000eab00000, 0x00000000ed400000, 0x0000000100000000)
  eden space 31744K, 100% used [0x00000000eab00000,0x00000000eca00000,0x00000000eca00000)
  from space 5120K, 0% used [0x00000000ecf00000,0x00000000ecf00000,0x00000000ed400000)
  to   space 5120K, 0% used [0x00000000eca00000,0x00000000eca00000,0x00000000ecf00000)
 ParOldGen       total 84992K, used 0K [0x00000000c0000000, 0x00000000c5300000, 0x00000000eab00000)
  object space 84992K, 0% used [0x00000000c0000000,0x00000000c0000000,0x00000000c5300000)
 Metaspace       used 5733K, capacity 6704K, committed 6784K, reserved 1056768K
  class space    used 593K, capacity 616K, committed 640K, reserved 1048576K
Event: 1,087 GC heap after
Heap after GC invocations=1 (full 0):
 PSYoungGen      total 36864K, used 5104K [0x00000000eab00000, 0x00000000ef300000, 0x0000000100000000)
  eden space 31744K, 0% used [0x00000000eab00000,0x00000000eab00000,0x00000000eca00000)
  from space 5120K, 99% used [0x00000000eca00000,0x00000000ecefc0c8,0x00000000ecf00000)
  to   space 5120K, 0% used [0x00000000eee00000,0x00000000eee00000,0x00000000ef300000)
 ParOldGen       total 84992K, used 225K [0x00000000c0000000, 0x00000000c5300000, 0x00000000eab00000)
  object space 84992K, 0% used [0x00000000c0000000,0x00000000c0038448,0x00000000c5300000)
 Metaspace       used 5733K, capacity 6704K, committed 6784K, reserved 1056768K
  class space    used 593K, capacity 616K, committed 640K, reserved 1048576K
}
Event: 1,575 GC heap before
{Heap before GC invocations=2 (full 0):
 PSYoungGen      total 36864K, used 36848K [0x00000000eab00000, 0x00000000ef300000, 0x0000000100000000)
  eden space 31744K, 100% used [0x00000000eab00000,0x00000000eca00000,0x00000000eca00000)
  from space 5120K, 99% used [0x00000000eca00000,0x00000000ecefc0c8,0x00000000ecf00000)
  to   space 5120K, 0% used [0x00000000eee00000,0x00000000eee00000,0x00000000ef300000)
 ParOldGen       total 84992K, used 225K [0x00000000c0000000, 0x00000000c5300000, 0x00000000eab00000)
  object space 84992K, 0% used [0x00000000c0000000,0x00000000c0038448,0x00000000c5300000)
 Metaspace       used 5930K, capacity 6896K, committed 7040K, reserved 1056768K
  class space    used 595K, capacity 616K, committed 640K, reserved 1048576K
Event: 1,619 GC heap after
Heap after GC invocations=2 (full 0):
 PSYoungGen      total 68608K, used 5114K [0x00000000eab00000, 0x00000000ef300000, 0x0000000100000000)
  eden space 63488K, 0% used [0x00000000eab00000,0x00000000eab00000,0x00000000ee900000)
  from space 5120K, 99% used [0x00000000eee00000,0x00000000ef2fe800,0x00000000ef300000)
  to   space 5120K, 0% used [0x00000000ee900000,0x00000000ee900000,0x00000000eee00000)
 ParOldGen       total 84992K, used 3855K [0x00000000c0000000, 0x00000000c5300000, 0x00000000eab00000)
  object space 84992K, 4% used [0x00000000c0000000,0x00000000c03c3d60,0x00000000c5300000)
 Metaspace       used 5930K, capacity 6896K, committed 7040K, reserved 1056768K
  class space    used 595K, capacity 616K, committed 640K, reserved 1048576K
}
Event: 2,419 GC heap before
{Heap before GC invocations=3 (full 0):
 PSYoungGen      total 68608K, used 68602K [0x00000000eab00000, 0x00000000ef300000, 0x0000000100000000)
  eden space 63488K, 100% used [0x00000000eab00000,0x00000000ee900000,0x00000000ee900000)
  from space 5120K, 99% used [0x00000000eee00000,0x00000000ef2fe800,0x00000000ef300000)
  to   space 5120K, 0% used [0x00000000ee900000,0x00000000ee900000,0x00000000eee00000)
 ParOldGen       total 84992K, used 3855K [0x00000000c0000000, 0x00000000c5300000, 0x00000000eab00000)
  object space 84992K, 4% used [0x00000000c0000000,0x00000000c03c3d60,0x00000000c5300000)
 Metaspace       used 6031K, capacity 6960K, committed 7040K, reserved 1056768K
  class space    used 597K, capacity 616K, committed 640K, reserved 1048576K
Event: 2,496 GC heap after
Heap after GC invocations=3 (full 0):
 PSYoungGen      total 68608K, used 5118K [0x00000000eab00000, 0x00000000f3100000, 0x0000000100000000)
  eden space 63488K, 0% used [0x00000000eab00000,0x00000000eab00000,0x00000000ee900000)
  from space 5120K, 99% used [0x00000000ee900000,0x00000000eedff8c8,0x00000000eee00000)
  to   space 5120K, 0% used [0x00000000f2c00000,0x00000000f2c00000,0x00000000f3100000)
 ParOldGen       total 84992K, used 12111K [0x00000000c0000000, 0x00000000c5300000, 0x00000000eab00000)
  object space 84992K, 14% used [0x00000000c0000000,0x00000000c0bd3ff8,0x00000000c5300000)
 Metaspace       used 6031K, capacity 6960K, committed 7040K, reserved 1056768K
  class space    used 597K, capacity 616K, committed 640K, reserved 1048576K
}
Event: 3,067 GC heap before
{Heap before GC invocations=4 (full 0):
 PSYoungGen      total 68608K, used 68606K [0x00000000eab00000, 0x00000000f3100000, 0x0000000100000000)
  eden space 63488K, 100% used [0x00000000eab00000,0x00000000ee900000,0x00000000ee900000)
  from space 5120K, 99% used [0x00000000ee900000,0x00000000eedff8c8,0x00000000eee00000)
  to   space 5120K, 0% used [0x00000000f2c00000,0x00000000f2c00000,0x00000000f3100000)
 ParOldGen       total 84992K, used 12111K [0x00000000c0000000, 0x00000000c5300000, 0x00000000eab00000)
  object space 84992K, 14% used [0x00000000c0000000,0x00000000c0bd3ff8,0x00000000c5300000)
 Metaspace       used 6066K, capacity 7024K, committed 7296K, reserved 1056768K
  class space    used 597K, capacity 616K, committed 640K, reserved 1048576K
Event: 3,193 GC heap after
Heap after GC invocations=4 (full 0):
 PSYoungGen      total 132096K, used 5099K [0x00000000eab00000, 0x00000000f3100000, 0x0000000100000000)
  eden space 126976K, 0% used [0x00000000eab00000,0x00000000eab00000,0x00000000f2700000)
  from space 5120K, 99% used [0x00000000f2c00000,0x00000000f30faf70,0x00000000f3100000)
  to   space 5120K, 0% used [0x00000000f2700000,0x00000000f2700000,0x00000000f2c00000)
 ParOldGen       total 84992K, used 21466K [0x00000000c0000000, 0x00000000c5300000, 0x00000000eab00000)
  object space 84992K, 25% used [0x00000000c0000000,0x00000000c14f68f8,0x00000000c5300000)
 Metaspace       used 6066K, capacity 7024K, committed 7296K, reserved 1056768K
  class space    used 597K, capacity 616K, committed 640K, reserved 1048576K
}
Event: 4,882 GC heap before
{Heap before GC invocations=5 (full 0):
 PSYoungGen      total 132096K, used 132075K [0x00000000eab00000, 0x00000000f3100000, 0x0000000100000000)
  eden space 126976K, 100% used [0x00000000eab00000,0x00000000f2700000,0x00000000f2700000)
  from space 5120K, 99% used [0x00000000f2c00000,0x00000000f30faf70,0x00000000f3100000)
  to   space 5120K, 0% used [0x00000000f2700000,0x00000000f2700000,0x00000000f2c00000)
 ParOldGen       total 84992K, used 21466K [0x00000000c0000000, 0x00000000c5300000, 0x00000000eab00000)
  object space 84992K, 25% used [0x00000000c0000000,0x00000000c14f68f8,0x00000000c5300000)
 Metaspace       used 6371K, capacity 7192K, committed 7424K, reserved 1056768K
  class space    used 617K, capacity 656K, committed 768K, reserved 1048576K

Deoptimization events (10 events):
Event: 1,817 Thread 0x00007fe338148000 Uncommon trap: reason=unstable_if action=reinterpret pc=0x00007fe328a969bc method=com.android.dx.ssa.SsaMethod.updateOneDefinition(Lcom/android/dx/ssa/SsaInsn;Lcom/android/dx/rop/code/RegisterSpec;)V @ 4
Event: 2,508 Thread 0x00007fe338147000 Uncommon trap: reason=unstable_if action=reinterpret pc=0x00007fe328a99504 method=com.android.dx.util.IntList.binarysearch(I)I @ 105
Event: 2,930 Thread 0x00007fe338142800 Uncommon trap: reason=unstable_if action=reinterpret pc=0x00007fe328c05670 method=com.android.dx.ssa.SCCP.simulateStmt(Lcom/android/dx/ssa/SsaInsn;)V @ 53
Event: 2,966 Thread 0x00007fe338142800 Uncommon trap: reason=bimorphic action=maybe_recompile pc=0x00007fe328c7f6ac method=java.util.HashMap.putVal(ILjava/lang/Object;Ljava/lang/Object;ZZ)Ljava/lang/Object; @ 203
Event: 2,989 Thread 0x00007fe338142800 Uncommon trap: reason=bimorphic action=maybe_recompile pc=0x00007fe328c37ae0 method=com.android.dx.rop.code.RegisterSpec.withSimpleType()Lcom/android/dx/rop/code/RegisterSpec; @ 21
Event: 3,548 Thread 0x00007fe338142800 Uncommon trap: reason=unstable_if action=reinterpret pc=0x00007fe328d30848 method=com.android.dx.rop.code.LocalItem.compareHandlesNulls(Lcom/android/dx/rop/cst/CstString;Lcom/android/dx/rop/cst/CstString;)I @ 14
Event: 3,803 Thread 0x00007fe338149800 Uncommon trap: reason=unstable_if action=reinterpret pc=0x00007fe328d4ac70 method=com.android.dx.rop.code.LocalItem.compareHandlesNulls(Lcom/android/dx/rop/cst/CstString;Lcom/android/dx/rop/cst/CstString;)I @ 14
Event: 4,255 Thread 0x00007fe33800a000 Uncommon trap: reason=unstable_if action=reinterpret pc=0x00007fe328c90dc4 method=com.android.dx.ssa.SsaBasicBlock.newFromRop(Lcom/android/dx/rop/code/RopMethod;ILcom/android/dx/ssa/SsaMethod;)Lcom/android/dx/ssa/SsaBasicBlock; @ 164
Event: 4,302 Thread 0x00007fe33800a000 Uncommon trap: reason=unstable_if action=reinterpret pc=0x00007fe328cb4e00 method=com.android.dx.ssa.MoveParamCombiner$1.visitNonMoveInsn(Lcom/android/dx/ssa/NormalSsaInsn;)V @ 27
Event: 4,648 Thread 0x00007fe338147000 Uncommon trap: reason=unstable_if action=reinterpret pc=0x00007fe328a0133c method=java.util.HashMap.putVal(ILjava/lang/Object;Ljava/lang/Object;ZZ)Ljava/lang/Object; @ 162

Internal exceptions (9 events):
Event: 0,118 Thread 0x00007fe33800a000 Exception <a 'java/lang/NoSuchMethodError': Method sun.misc.Unsafe.defineClass(Ljava/lang/String;[BII)Ljava/lang/Class; name or signature does not match> (0x00000000eab07cc0) thrown at [/HUDSON/workspace/8-2-build-linux-amd64/jdk8u91/6644/hotspot/src/shar
Event: 0,119 Thread 0x00007fe33800a000 Exception <a 'java/lang/NoSuchMethodError': Method sun.misc.Unsafe.prefetchRead(Ljava/lang/Object;J)V name or signature does not match> (0x00000000eab07fa8) thrown at [/HUDSON/workspace/8-2-build-linux-amd64/jdk8u91/6644/hotspot/src/share/vm/prims/jni.cpp
Event: 1,102 Thread 0x00007fe338147000 Implicit null exception at 0x00007fe3289edda2 to 0x00007fe3289edead
Event: 1,306 Thread 0x00007fe33800a000 Implicit null exception at 0x00007fe328a132ac to 0x00007fe328a162c5
Event: 3,548 Thread 0x00007fe338142800 Implicit null exception at 0x00007fe328d2f1c1 to 0x00007fe328d3081d
Event: 3,803 Thread 0x00007fe338149800 Implicit null exception at 0x00007fe328d497ae to 0x00007fe328d4ac35
Event: 4,654 Thread 0x00007fe338147000 Exception <a 'java/lang/ArrayIndexOutOfBoundsException': 18> (0x00000000f1d10a40) thrown at [/HUDSON/workspace/8-2-build-linux-amd64/jdk8u91/6644/hotspot/src/share/vm/interpreter/interpreterRuntime.cpp, line 366]
Event: 4,655 Thread 0x00007fe338147000 Exception <a 'java/lang/ArrayIndexOutOfBoundsException'> (0x00000000f1d125c0) thrown at [/HUDSON/workspace/8-2-build-linux-amd64/jdk8u91/6644/hotspot/src/share/vm/runtime/sharedRuntime.cpp, line 605]
Event: 4,657 Thread 0x00007fe338147000 Exception <a 'java/lang/ArrayIndexOutOfBoundsException'> (0x00000000f1d138a8) thrown at [/HUDSON/workspace/8-2-build-linux-amd64/jdk8u91/6644/hotspot/src/share/vm/runtime/sharedRuntime.cpp, line 605]

Events (10 events):
Event: 4,657 loading class java/lang/reflect/TypeVariable done
Event: 4,657 loading class sun/reflect/generics/reflectiveObjects/TypeVariableImpl
Event: 4,657 loading class sun/reflect/generics/reflectiveObjects/LazyReflectiveObjectGenerator
Event: 4,657 loading class sun/reflect/generics/reflectiveObjects/LazyReflectiveObjectGenerator done
Event: 4,659 loading class sun/reflect/generics/reflectiveObjects/TypeVariableImpl done
Event: 4,748 Thread 0x00007fe338147000 DEOPT PACKING pc=0x00007fe328b516c1 sp=0x00007fe3060aad90
Event: 4,751 Thread 0x00007fe338147000 DEOPT UNPACKING pc=0x00007fe3287f4633 sp=0x00007fe3060aab28 mode 0
Event: 4,800 Thread 0x00007fe338148000 DEOPT PACKING pc=0x00007fe328b31eca sp=0x00007fe305fa9db0
Event: 4,800 Thread 0x00007fe338148000 DEOPT UNPACKING pc=0x00007fe3287f4633 sp=0x00007fe305fa9b68 mode 0
Event: 4,866 Executing VM operation: ParallelGCFailedAllocation


Dynamic libraries:
00400000-00401000 r-xp 00000000 08:01 9839507                            /usr/lib/jvm/java-8-oracle/bin/java
00600000-00601000 rw-p 00000000 08:01 9839507                            /usr/lib/jvm/java-8-oracle/bin/java
01593000-015b4000 rw-p 00000000 00:00 0                                  [heap]
c0000000-c5300000 rw-p 00000000 00:00 0 
c5300000-eab00000 ---p 00000000 00:00 0 
eab00000-f3100000 rw-p 00000000 00:00 0 
fd600000-100000000 ---p 00000000 00:00 0 
100000000-1000c0000 rw-p 00000000 00:00 0 
1000c0000-140000000 ---p 00000000 00:00 0 
7fe2c4000000-7fe2c402b000 rw-p 00000000 00:00 0 
7fe2c402b000-7fe2c8000000 ---p 00000000 00:00 0 
7fe2c8000000-7fe2c8021000 rw-p 00000000 00:00 0 
7fe2c8021000-7fe2cc000000 ---p 00000000 00:00 0 
7fe2cc000000-7fe2cc021000 rw-p 00000000 00:00 0 
7fe2cc021000-7fe2d0000000 ---p 00000000 00:00 0 
7fe2d0000000-7fe2d0029000 rw-p 00000000 00:00 0 
7fe2d0029000-7fe2d4000000 ---p 00000000 00:00 0 
7fe2d4000000-7fe2d4021000 rw-p 00000000 00:00 0 
7fe2d4021000-7fe2d8000000 ---p 00000000 00:00 0 
7fe2d8000000-7fe2d8021000 rw-p 00000000 00:00 0 
7fe2d8021000-7fe2dc000000 ---p 00000000 00:00 0 
7fe2dc000000-7fe2dc917000 rw-p 00000000 00:00 0 
7fe2dc917000-7fe2e0000000 ---p 00000000 00:00 0 
7fe2e0000000-7fe2e0021000 rw-p 00000000 00:00 0 
7fe2e0021000-7fe2e4000000 ---p 00000000 00:00 0 
7fe2e4000000-7fe2e4aa6000 rw-p 00000000 00:00 0 
7fe2e4aa6000-7fe2e8000000 ---p 00000000 00:00 0 
7fe2e8000000-7fe2e8777000 rw-p 00000000 00:00 0 
7fe2e8777000-7fe2ec000000 ---p 00000000 00:00 0 
7fe2ec000000-7fe2ec021000 rw-p 00000000 00:00 0 
7fe2ec021000-7fe2f0000000 ---p 00000000 00:00 0 
7fe2f0000000-7fe2f0d5d000 rw-p 00000000 00:00 0 
7fe2f0d5d000-7fe2f4000000 ---p 00000000 00:00 0 
7fe2f4000000-7fe2f4021000 rw-p 00000000 00:00 0 
7fe2f4021000-7fe2f8000000 ---p 00000000 00:00 0 
7fe2f8000000-7fe2f8021000 rw-p 00000000 00:00 0 
7fe2f8021000-7fe2fc000000 ---p 00000000 00:00 0 
7fe2fc000000-7fe2fc28f000 rw-p 00000000 00:00 0 
7fe2fc28f000-7fe300000000 ---p 00000000 00:00 0 
7fe300000000-7fe300021000 rw-p 00000000 00:00 0 
7fe300021000-7fe304000000 ---p 00000000 00:00 0 
7fe305d8d000-7fe305daa000 r--p 00000000 08:01 11012338                   /usr/share/locale-langpack/tr/LC_MESSAGES/libc.mo
7fe305daa000-7fe305dad000 ---p 00000000 00:00 0 
7fe305dad000-7fe305eab000 rw-p 00000000 00:00 0 
7fe305eab000-7fe305eae000 ---p 00000000 00:00 0 
7fe305eae000-7fe305fac000 rw-p 00000000 00:00 0 
7fe305fac000-7fe305faf000 ---p 00000000 00:00 0 
7fe305faf000-7fe3060ad000 rw-p 00000000 00:00 0 
7fe3060ad000-7fe3060b0000 ---p 00000000 00:00 0 
7fe3060b0000-7fe3061ae000 rw-p 00000000 00:00 0 
7fe3061ae000-7fe3061b1000 ---p 00000000 00:00 0 
7fe3061b1000-7fe3062af000 rw-p 00000000 00:00 0 
7fe3062af000-7fe3062b0000 ---p 00000000 00:00 0 
7fe3062b0000-7fe3063b0000 rw-p 00000000 00:00 0 
7fe3063b0000-7fe3063b3000 ---p 00000000 00:00 0 
7fe3063b3000-7fe3064b1000 rw-p 00000000 00:00 0 
7fe3064b1000-7fe3064b4000 ---p 00000000 00:00 0 
7fe3064b4000-7fe3065b2000 rw-p 00000000 00:00 0 
7fe3065b2000-7fe3065b5000 ---p 00000000 00:00 0 
7fe3065b5000-7fe3066b3000 rw-p 00000000 00:00 0 
7fe3066b3000-7fe3066b6000 ---p 00000000 00:00 0 
7fe3066b6000-7fe3067b4000 rw-p 00000000 00:00 0 
7fe3067b4000-7fe3067b7000 ---p 00000000 00:00 0 
7fe3067b7000-7fe3068b5000 rw-p 00000000 00:00 0 
7fe3068b5000-7fe3068b8000 ---p 00000000 00:00 0 
7fe3068b8000-7fe3069b6000 rw-p 00000000 00:00 0 
7fe3069b6000-7fe306dee000 r--p 00000000 08:01 9700768                    /usr/lib/locale/locale-archive
7fe306dee000-7fe306df1000 ---p 00000000 00:00 0 
7fe306df1000-7fe306eef000 rw-p 00000000 00:00 0 
7fe306eef000-7fe306ef2000 ---p 00000000 00:00 0 
7fe306ef2000-7fe306ff0000 rw-p 00000000 00:00 0 
7fe306ff0000-7fe306ff1000 ---p 00000000 00:00 0 
7fe306ff1000-7fe308000000 rw-p 00000000 00:00 0 
7fe308000000-7fe308021000 rw-p 00000000 00:00 0 
7fe308021000-7fe30c000000 ---p 00000000 00:00 0 
7fe30c000000-7fe30c021000 rw-p 00000000 00:00 0 
7fe30c021000-7fe310000000 ---p 00000000 00:00 0 
7fe310000000-7fe310021000 rw-p 00000000 00:00 0 
7fe310021000-7fe314000000 ---p 00000000 00:00 0 
7fe314000000-7fe314021000 rw-p 00000000 00:00 0 
7fe314021000-7fe318000000 ---p 00000000 00:00 0 
7fe318000000-7fe318021000 rw-p 00000000 00:00 0 
7fe318021000-7fe31c000000 ---p 00000000 00:00 0 
7fe31c000000-7fe31c021000 rw-p 00000000 00:00 0 
7fe31c021000-7fe320000000 ---p 00000000 00:00 0 
7fe320000000-7fe320021000 rw-p 00000000 00:00 0 
7fe320021000-7fe324000000 ---p 00000000 00:00 0 
7fe324017000-7fe32402c000 r--s 000e5000 08:01 5511656                    /home/oguz/AndroidStudioProjects/FomApplication/app/build/intermediates/exploded-aar/com.android.support/support-v4/23.1.1/jars/classes.jar
7fe32402c000-7fe324d40000 rw-p 00000000 00:00 0 
7fe324d40000-7fe324f19000 r--s 03d1f000 08:01 9967487                    /usr/lib/jvm/java-8-oracle/jre/lib/rt.jar
7fe324f19000-7fe32560f000 rw-p 00000000 00:00 0 
7fe32560f000-7fe32578f000 ---p 00000000 00:00 0 
7fe32578f000-7fe32798f000 rw-p 00000000 00:00 0 
7fe32798f000-7fe327990000 ---p 00000000 00:00 0 
7fe327990000-7fe327a90000 rw-p 00000000 00:00 0 
7fe327a90000-7fe327a91000 ---p 00000000 00:00 0 
7fe327a91000-7fe327b91000 rw-p 00000000 00:00 0 
7fe327b91000-7fe327b92000 ---p 00000000 00:00 0 
7fe327b92000-7fe327c92000 rw-p 00000000 00:00 0 
7fe327c92000-7fe327c93000 ---p 00000000 00:00 0 
7fe327c93000-7fe327d93000 rw-p 00000000 00:00 0 
7fe327d93000-7fe327d94000 ---p 00000000 00:00 0 
7fe327d94000-7fe327e94000 rw-p 00000000 00:00 0 
7fe327e94000-7fe327e95000 ---p 00000000 00:00 0 
7fe327e95000-7fe327f95000 rw-p 00000000 00:00 0 
7fe327f95000-7fe327f96000 ---p 00000000 00:00 0 
7fe327f96000-7fe3280c0000 rw-p 00000000 00:00 0 
7fe3280c0000-7fe3281ec000 ---p 00000000 00:00 0 
7fe3281ec000-7fe328216000 rw-p 00000000 00:00 0 
7fe328216000-7fe328341000 ---p 00000000 00:00 0 
7fe328341000-7fe328385000 rw-p 00000000 00:00 0 
7fe328385000-7fe3283ec000 ---p 00000000 00:00 0 
7fe3283ec000-7fe328408000 rw-p 00000000 00:00 0 
7fe328408000-7fe3287ad000 ---p 00000000 00:00 0 
7fe3287ad000-7fe328e5d000 rwxp 00000000 00:00 0 
7fe328e5d000-7fe3377ad000 ---p 00000000 00:00 0 
7fe3377ad000-7fe3377c7000 r-xp 00000000 08:01 10092954                   /usr/lib/jvm/java-8-oracle/jre/lib/amd64/libzip.so
7fe3377c7000-7fe3379c7000 ---p 0001a000 08:01 10092954                   /usr/lib/jvm/java-8-oracle/jre/lib/amd64/libzip.so
7fe3379c7000-7fe3379c8000 rw-p 0001a000 08:01 10092954                   /usr/lib/jvm/java-8-oracle/jre/lib/amd64/libzip.so
7fe3379c8000-7fe3379d3000 r-xp 00000000 08:01 7603299                    /lib/x86_64-linux-gnu/libnss_files-2.23.so
7fe3379d3000-7fe337bd2000 ---p 0000b000 08:01 7603299                    /lib/x86_64-linux-gnu/libnss_files-2.23.so
7fe337bd2000-7fe337bd3000 r--p 0000a000 08:01 7603299                    /lib/x86_64-linux-gnu/libnss_files-2.23.so
7fe337bd3000-7fe337bd4000 rw-p 0000b000 08:01 7603299                    /lib/x86_64-linux-gnu/libnss_files-2.23.so
7fe337bd4000-7fe337bda000 rw-p 00000000 00:00 0 
7fe337bda000-7fe337be5000 r-xp 00000000 08:01 7603296                    /lib/x86_64-linux-gnu/libnss_nis-2.23.so
7fe337be5000-7fe337de4000 ---p 0000b000 08:01 7603296                    /lib/x86_64-linux-gnu/libnss_nis-2.23.so
7fe337de4000-7fe337de5000 r--p 0000a000 08:01 7603296                    /lib/x86_64-linux-gnu/libnss_nis-2.23.so
7fe337de5000-7fe337de6000 rw-p 0000b000 08:01 7603296                    /lib/x86_64-linux-gnu/libnss_nis-2.23.so
7fe337de6000-7fe337dfc000 r-xp 00000000 08:01 7603294                    /lib/x86_64-linux-gnu/libnsl-2.23.so
7fe337dfc000-7fe337ffc000 ---p 00016000 08:01 7603294                    /lib/x86_64-linux-gnu/libnsl-2.23.so
7fe337ffc000-7fe337ffd000 r--p 00016000 08:01 7603294                    /lib/x86_64-linux-gnu/libnsl-2.23.so
7fe337ffd000-7fe337ffe000 rw-p 00017000 08:01 7603294                    /lib/x86_64-linux-gnu/libnsl-2.23.so
7fe337ffe000-7fe338000000 rw-p 00000000 00:00 0 
7fe338000000-7fe33839a000 rw-p 00000000 00:00 0 
7fe33839a000-7fe33c000000 ---p 00000000 00:00 0 
7fe33c003000-7fe33c00a000 r--s 00000000 08:01 10092992                   /usr/lib/x86_64-linux-gnu/gconv/gconv-modules.cache
7fe33c00a000-7fe33c019000 r--s 000df000 08:01 5246091                    /home/oguz/Android/Sdk/build-tools/23.0.3/lib/dx.jar
7fe33c019000-7fe33c03a000 rw-p 00000000 00:00 0 
7fe33c03a000-7fe33c03b000 ---p 00000000 00:00 0 
7fe33c03b000-7fe33c13b000 rw-p 00000000 00:00 0 
7fe33c13b000-7fe33c143000 r-xp 00000000 08:01 7603292                    /lib/x86_64-linux-gnu/libnss_compat-2.23.so
7fe33c143000-7fe33c342000 ---p 00008000 08:01 7603292                    /lib/x86_64-linux-gnu/libnss_compat-2.23.so
7fe33c342000-7fe33c343000 r--p 00007000 08:01 7603292                    /lib/x86_64-linux-gnu/libnss_compat-2.23.so
7fe33c343000-7fe33c344000 rw-p 00008000 08:01 7603292                    /lib/x86_64-linux-gnu/libnss_compat-2.23.so
7fe33c344000-7fe33c36e000 r-xp 00000000 08:01 10092949                   /usr/lib/jvm/java-8-oracle/jre/lib/amd64/libjava.so
7fe33c36e000-7fe33c56e000 ---p 0002a000 08:01 10092949                   /usr/lib/jvm/java-8-oracle/jre/lib/amd64/libjava.so
7fe33c56e000-7fe33c570000 rw-p 0002a000 08:01 10092949                   /usr/lib/jvm/java-8-oracle/jre/lib/amd64/libjava.so
7fe33c570000-7fe33c57d000 r-xp 00000000 08:01 10092953                   /usr/lib/jvm/java-8-oracle/jre/lib/amd64/libverify.so
7fe33c57d000-7fe33c77d000 ---p 0000d000 08:01 10092953                   /usr/lib/jvm/java-8-oracle/jre/lib/amd64/libverify.so
7fe33c77d000-7fe33c77f000 rw-p 0000d000 08:01 10092953                   /usr/lib/jvm/java-8-oracle/jre/lib/amd64/libverify.so
7fe33c77f000-7fe33c786000 r-xp 00000000 08:01 7603308                    /lib/x86_64-linux-gnu/librt-2.23.so
7fe33c786000-7fe33c985000 ---p 00007000 08:01 7603308                    /lib/x86_64-linux-gnu/librt-2.23.so
7fe33c985000-7fe33c986000 r--p 00006000 08:01 7603308                    /lib/x86_64-linux-gnu/librt-2.23.so
7fe33c986000-7fe33c987000 rw-p 00007000 08:01 7603308                    /lib/x86_64-linux-gnu/librt-2.23.so
7fe33c987000-7fe33ca8f000 r-xp 00000000 08:01 7603305                    /lib/x86_64-linux-gnu/libm-2.23.so
7fe33ca8f000-7fe33cc8e000 ---p 00108000 08:01 7603305                    /lib/x86_64-linux-gnu/libm-2.23.so
7fe33cc8e000-7fe33cc8f000 r--p 00107000 08:01 7603305                    /lib/x86_64-linux-gnu/libm-2.23.so
7fe33cc8f000-7fe33cc90000 rw-p 00108000 08:01 7603305                    /lib/x86_64-linux-gnu/libm-2.23.so
7fe33cc90000-7fe33d950000 r-xp 00000000 08:01 10092932                   /usr/lib/jvm/java-8-oracle/jre/lib/amd64/server/libjvm.so
7fe33d950000-7fe33db50000 ---p 00cc0000 08:01 10092932                   /usr/lib/jvm/java-8-oracle/jre/lib/amd64/server/libjvm.so
7fe33db50000-7fe33dc28000 rw-p 00cc0000 08:01 10092932                   /usr/lib/jvm/java-8-oracle/jre/lib/amd64/server/libjvm.so
7fe33dc28000-7fe33dc73000 rw-p 00000000 00:00 0 
7fe33dc73000-7fe33de33000 r-xp 00000000 08:01 7603313                    /lib/x86_64-linux-gnu/libc-2.23.so
7fe33de33000-7fe33e033000 ---p 001c0000 08:01 7603313                    /lib/x86_64-linux-gnu/libc-2.23.so
7fe33e033000-7fe33e037000 r--p 001c0000 08:01 7603313                    /lib/x86_64-linux-gnu/libc-2.23.so
7fe33e037000-7fe33e039000 rw-p 001c4000 08:01 7603313                    /lib/x86_64-linux-gnu/libc-2.23.so
7fe33e039000-7fe33e03d000 rw-p 00000000 00:00 0 
7fe33e03d000-7fe33e040000 r-xp 00000000 08:01 7603314                    /lib/x86_64-linux-gnu/libdl-2.23.so
7fe33e040000-7fe33e23f000 ---p 00003000 08:01 7603314                    /lib/x86_64-linux-gnu/libdl-2.23.so
7fe33e23f000-7fe33e240000 r--p 00002000 08:01 7603314                    /lib/x86_64-linux-gnu/libdl-2.23.so
7fe33e240000-7fe33e241000 rw-p 00003000 08:01 7603314                    /lib/x86_64-linux-gnu/libdl-2.23.so
7fe33e241000-7fe33e256000 r-xp 00000000 08:01 9840182                    /usr/lib/jvm/java-8-oracle/lib/amd64/jli/libjli.so
7fe33e256000-7fe33e456000 ---p 00015000 08:01 9840182                    /usr/lib/jvm/java-8-oracle/lib/amd64/jli/libjli.so
7fe33e456000-7fe33e457000 rw-p 00015000 08:01 9840182                    /usr/lib/jvm/java-8-oracle/lib/amd64/jli/libjli.so
7fe33e457000-7fe33e46f000 r-xp 00000000 08:01 7603312                    /lib/x86_64-linux-gnu/libpthread-2.23.so
7fe33e46f000-7fe33e66e000 ---p 00018000 08:01 7603312                    /lib/x86_64-linux-gnu/libpthread-2.23.so
7fe33e66e000-7fe33e66f000 r--p 00017000 08:01 7603312                    /lib/x86_64-linux-gnu/libpthread-2.23.so
7fe33e66f000-7fe33e670000 rw-p 00018000 08:01 7603312                    /lib/x86_64-linux-gnu/libpthread-2.23.so
7fe33e670000-7fe33e674000 rw-p 00000000 00:00 0 
7fe33e674000-7fe33e69a000 r-xp 00000000 08:01 7603309                    /lib/x86_64-linux-gnu/ld-2.23.so
7fe33e6a0000-7fe33e772000 rw-p 00000000 00:00 0 
7fe33e772000-7fe33e775000 ---p 00000000 00:00 0 
7fe33e775000-7fe33e877000 rw-p 00000000 00:00 0 
7fe33e879000-7fe33e88d000 rw-p 00000000 00:00 0 
7fe33e88d000-7fe33e895000 rw-s 00000000 08:01 161076                     /tmp/hsperfdata_oguz/16655
7fe33e895000-7fe33e896000 rw-p 00000000 00:00 0 
7fe33e896000-7fe33e897000 ---p 00000000 00:00 0 
7fe33e897000-7fe33e899000 rw-p 00000000 00:00 0 
7fe33e899000-7fe33e89a000 r--p 00025000 08:01 7603309                    /lib/x86_64-linux-gnu/ld-2.23.so
7fe33e89a000-7fe33e89b000 rw-p 00026000 08:01 7603309                    /lib/x86_64-linux-gnu/ld-2.23.so
7fe33e89b000-7fe33e89c000 rw-p 00000000 00:00 0 
7ffd7de30000-7ffd7de51000 rw-p 00000000 00:00 0                          [stack]
7ffd7df36000-7ffd7df38000 r--p 00000000 00:00 0                          [vvar]
7ffd7df38000-7ffd7df3a000 r-xp 00000000 00:00 0                          [vdso]
ffffffffff600000-ffffffffff601000 r-xp 00000000 00:00 0                  [vsyscall]

VM Arguments:
jvm_args: -Djava.awt.headless=true -Xmx1024M -Dfile.encoding=UTF-8 -Duser.country=TR -Duser.language=tr -Duser.variant 
java_command: com.android.dx.command.Main --dex --force-jumbo --num-threads=4 --multi-dex --output /home/oguz/AndroidStudioProjects/FomApplication/app/build/intermediates/transforms/dex/debug/folders/1000/10/com.android.support-support-v4-23.1.1_62ec5c31f2c138a943bbffaf8c56c3379d32078a /home/oguz/AndroidStudioProjects/FomApplication/app/build/intermediates/exploded-aar/com.android.support/support-v4/23.1.1/jars/classes.jar
java_class_path (initial): /home/oguz/Android/Sdk/build-tools/23.0.3/lib/dx.jar
Launcher Type: SUN_STANDARD

Environment Variables:
PATH=/usr/local/sbin:/usr/local/bin:/usr/sbin:/usr/bin:/sbin:/bin:/usr/games:/usr/local/games:/snap/bin
LD_LIBRARY_PATH=/home/oguz/Masaüstü/Derleyiciler/android-studio/bin:
SHELL=/bin/bash
DISPLAY=:0

Signal Handlers:
SIGSEGV: [libjvm.so+0xabca10], sa_mask[0]=11111111011111111101111111111110, sa_flags=SA_RESTART|SA_SIGINFO
SIGBUS: [libjvm.so+0xabca10], sa_mask[0]=11111111011111111101111111111110, sa_flags=SA_RESTART|SA_SIGINFO
SIGFPE: [libjvm.so+0x919a20], sa_mask[0]=11111111011111111101111111111110, sa_flags=SA_RESTART|SA_SIGINFO
SIGPIPE: [libjvm.so+0x919a20], sa_mask[0]=11111111011111111101111111111110, sa_flags=SA_RESTART|SA_SIGINFO
SIGXFSZ: [libjvm.so+0x919a20], sa_mask[0]=11111111011111111101111111111110, sa_flags=SA_RESTART|SA_SIGINFO
SIGILL: [libjvm.so+0x919a20], sa_mask[0]=11111111011111111101111111111110, sa_flags=SA_RESTART|SA_SIGINFO
SIGUSR1: SIG_DFL, sa_mask[0]=00000000000000000000000000000000, sa_flags=none
SIGUSR2: [libjvm.so+0x91b050], sa_mask[0]=00100000000000000000000000000000, sa_flags=SA_RESTART|SA_SIGINFO
SIGHUP: [libjvm.so+0x91c450], sa_mask[0]=11111111011111111101111111111110, sa_flags=SA_RESTART|SA_SIGINFO
SIGINT: [libjvm.so+0x91c450], sa_mask[0]=11111111011111111101111111111110, sa_flags=SA_RESTART|SA_SIGINFO
SIGTERM: [libjvm.so+0x91c450], sa_mask[0]=11111111011111111101111111111110, sa_flags=SA_RESTART|SA_SIGINFO
SIGQUIT: [libjvm.so+0x91c450], sa_mask[0]=11111111011111111101111111111110, sa_flags=SA_RESTART|SA_SIGINFO


---------------  S Y S T E M  ---------------

OS:DISTRIB_ID=Ubuntu
DISTRIB_RELEASE=16.04
DISTRIB_CODENAME=xenial
DISTRIB_DESCRIPTION="Ubuntu Xenial Xerus (development branch)"

uname:Linux 4.4.0-22-generic #39-Ubuntu SMP Thu May 5 16:53:32 UTC 2016 x86_64
libc:glibc 2.23 NPTL 2.23 
rlimit: STACK 8192k, CORE 0k, NPROC 31498, NOFILE 65536, AS infinity
load average:10,46 4,41 2,18

/proc/meminfo:
MemTotal:        8101800 kB
MemFree:           49492 kB
MemAvailable:      96636 kB
Buffers:            1044 kB
Cached:           425364 kB
SwapCached:            0 kB
Active:          7448892 kB
Inactive:         378140 kB
Active(anon):    7429852 kB
Inactive(anon):   359008 kB
Active(file):      19040 kB
Inactive(file):    19132 kB
Unevictable:          88 kB
Mlocked:              88 kB
SwapTotal:             0 kB
SwapFree:              0 kB
Dirty:              4092 kB
Writeback:             0 kB
AnonPages:       7401528 kB
Mapped:           124216 kB
Shmem:            387416 kB
Slab:             103456 kB
SReclaimable:      51344 kB
SUnreclaim:        52112 kB
KernelStack:       18336 kB
PageTables:        57596 kB
NFS_Unstable:          0 kB
Bounce:                0 kB
WritebackTmp:          0 kB
CommitLimit:     4050900 kB
Committed_AS:   12934320 kB
VmallocTotal:   34359738367 kB
VmallocUsed:           0 kB
VmallocChunk:          0 kB
HardwareCorrupted:     0 kB
AnonHugePages:   5244928 kB
CmaTotal:              0 kB
CmaFree:               0 kB
HugePages_Total:       0
HugePages_Free:        0
HugePages_Rsvd:        0
HugePages_Surp:        0
Hugepagesize:       2048 kB
DirectMap4k:      156416 kB
DirectMap2M:     7110656 kB
DirectMap1G:     2097152 kB


CPU:total 8 (4 cores per cpu, 2 threads per core) family 6 model 60 stepping 3, cmov, cx8, fxsr, mmx, sse, sse2, sse3, ssse3, sse4.1, sse4.2, popcnt, avx, avx2, aes, clmul, erms, lzcnt, ht, tsc, tscinvbit, bmi1, bmi2

/proc/cpuinfo:
processor	: 0
vendor_id	: GenuineIntel
cpu family	: 6
model		: 60
model name	: Intel(R) Core(TM) i7-4700MQ CPU @ 2.40GHz
stepping	: 3
microcode	: 0x16
cpu MHz		: 1599.937
cache size	: 6144 KB
physical id	: 0
siblings	: 8
core id		: 0
cpu cores	: 4
apicid		: 0
initial apicid	: 0
fpu		: yes
fpu_exception	: yes
cpuid level	: 13
wp		: yes
flags		: fpu vme de pse tsc msr pae mce cx8 apic sep mtrr pge mca cmov pat pse36 clflush dts acpi mmx fxsr sse sse2 ss ht tm pbe syscall nx pdpe1gb rdtscp lm constant_tsc arch_perfmon pebs bts rep_good nopl xtopology nonstop_tsc aperfmperf eagerfpu pni pclmulqdq dtes64 monitor ds_cpl vmx est tm2 ssse3 sdbg fma cx16 xtpr pdcm pcid sse4_1 sse4_2 movbe popcnt tsc_deadline_timer aes xsave avx f16c rdrand lahf_lm abm epb tpr_shadow vnmi flexpriority ept vpid fsgsbase tsc_adjust bmi1 avx2 smep bmi2 erms invpcid xsaveopt dtherm ida arat pln pts
bugs		:
bogomips	: 4789.08
clflush size	: 64
cache_alignment	: 64
address sizes	: 39 bits physical, 48 bits virtual
power management:

processor	: 1
vendor_id	: GenuineIntel
cpu family	: 6
model		: 60
model name	: Intel(R) Core(TM) i7-4700MQ CPU @ 2.40GHz
stepping	: 3
microcode	: 0x16
cpu MHz		: 1599.937
cache size	: 6144 KB
physical id	: 0
siblings	: 8
core id		: 0
cpu cores	: 4
apicid		: 1
initial apicid	: 1
fpu		: yes
fpu_exception	: yes
cpuid level	: 13
wp		: yes
flags		: fpu vme de pse tsc msr pae mce cx8 apic sep mtrr pge mca cmov pat pse36 clflush dts acpi mmx fxsr sse sse2 ss ht tm pbe syscall nx pdpe1gb rdtscp lm constant_tsc arch_perfmon pebs bts rep_good nopl xtopology nonstop_tsc aperfmperf eagerfpu pni pclmulqdq dtes64 monitor ds_cpl vmx est tm2 ssse3 sdbg fma cx16 xtpr pdcm pcid sse4_1 sse4_2 movbe popcnt tsc_deadline_timer aes xsave avx f16c rdrand lahf_lm abm epb tpr_shadow vnmi flexpriority ept vpid fsgsbase tsc_adjust bmi1 avx2 smep bmi2 erms invpcid xsaveopt dtherm ida arat pln pts
bugs		:
bogomips	: 4789.08
clflush size	: 64
cache_alignment	: 64
address sizes	: 39 bits physical, 48 bits virtual
power management:

processor	: 2
vendor_id	: GenuineIntel
cpu family	: 6
model		: 60
model name	: Intel(R) Core(TM) i7-4700MQ CPU @ 2.40GHz
stepping	: 3
microcode	: 0x16
cpu MHz		: 1599.937
cache size	: 6144 KB
physical id	: 0
siblings	: 8
core id		: 1
cpu cores	: 4
apicid		: 2
initial apicid	: 2
fpu		: yes
fpu_exception	: yes
cpuid level	: 13
wp		: yes
flags		: fpu vme de pse tsc msr pae mce cx8 apic sep mtrr pge mca cmov pat pse36 clflush dts acpi mmx fxsr sse sse2 ss ht tm pbe syscall nx pdpe1gb rdtscp lm constant_tsc arch_perfmon pebs bts rep_good nopl xtopology nonstop_tsc aperfmperf eagerfpu pni pclmulqdq dtes64 monitor ds_cpl vmx est tm2 ssse3 sdbg fma cx16 xtpr pdcm pcid sse4_1 sse4_2 movbe popcnt tsc_deadline_timer aes xsave avx f16c rdrand lahf_lm abm epb tpr_shadow vnmi flexpriority ept vpid fsgsbase tsc_adjust bmi1 avx2 smep bmi2 erms invpcid xsaveopt dtherm ida arat pln pts
bugs		:
bogomips	: 4789.08
clflush size	: 64
cache_alignment	: 64
address sizes	: 39 bits physical, 48 bits virtual
power management:

processor	: 3
vendor_id	: GenuineIntel
cpu family	: 6
model		: 60
model name	: Intel(R) Core(TM) i7-4700MQ CPU @ 2.40GHz
stepping	: 3
microcode	: 0x16
cpu MHz		: 1599.937
cache size	: 6144 KB
physical id	: 0
siblings	: 8
core id		: 1
cpu cores	: 4
apicid		: 3
initial apicid	: 3
fpu		: yes
fpu_exception	: yes
cpuid level	: 13
wp		: yes
flags		: fpu vme de pse tsc msr pae mce cx8 apic sep mtrr pge mca cmov pat pse36 clflush dts acpi mmx fxsr sse sse2 ss ht tm pbe syscall nx pdpe1gb rdtscp lm constant_tsc arch_perfmon pebs bts rep_good nopl xtopology nonstop_tsc aperfmperf eagerfpu pni pclmulqdq dtes64 monitor ds_cpl vmx est tm2 ssse3 sdbg fma cx16 xtpr pdcm pcid sse4_1 sse4_2 movbe popcnt tsc_deadline_timer aes xsave avx f16c rdrand lahf_lm abm epb tpr_shadow vnmi flexpriority ept vpid fsgsbase tsc_adjust bmi1 avx2 smep bmi2 erms invpcid xsaveopt dtherm ida arat pln pts
bugs		:
bogomips	: 4789.08
clflush size	: 64
cache_alignment	: 64
address sizes	: 39 bits physical, 48 bits virtual
power management:

processor	: 4
vendor_id	: GenuineIntel
cpu family	: 6
model		: 60
model name	: Intel(R) Core(TM) i7-4700MQ CPU @ 2.40GHz
stepping	: 3
microcode	: 0x16
cpu MHz		: 1599.937
cache size	: 6144 KB
physical id	: 0
siblings	: 8
core id		: 2
cpu cores	: 4
apicid		: 4
initial apicid	: 4
fpu		: yes
fpu_exception	: yes
cpuid level	: 13
wp		: yes
flags		: fpu vme de pse tsc msr pae mce cx8 apic sep mtrr pge mca cmov pat pse36 clflush dts acpi mmx fxsr sse sse2 ss ht tm pbe syscall nx pdpe1gb rdtscp lm constant_tsc arch_perfmon pebs bts rep_good nopl xtopology nonstop_tsc aperfmperf eagerfpu pni pclmulqdq dtes64 monitor ds_cpl vmx est tm2 ssse3 sdbg fma cx16 xtpr pdcm pcid sse4_1 sse4_2 movbe popcnt tsc_deadline_timer aes xsave avx f16c rdrand lahf_lm abm epb tpr_shadow vnmi flexpriority ept vpid fsgsbase tsc_adjust bmi1 avx2 smep bmi2 erms invpcid xsaveopt dtherm ida arat pln pts
bugs		:
bogomips	: 4789.08
clflush size	: 64
cache_alignment	: 64
address sizes	: 39 bits physical, 48 bits virtual
power management:

processor	: 5
vendor_id	: GenuineIntel
cpu family	: 6
model		: 60
model name	: Intel(R) Core(TM) i7-4700MQ CPU @ 2.40GHz
stepping	: 3
microcode	: 0x16
cpu MHz		: 1599.937
cache size	: 6144 KB
physical id	: 0
siblings	: 8
core id		: 2
cpu cores	: 4
apicid		: 5
initial apicid	: 5
fpu		: yes
fpu_exception	: yes
cpuid level	: 13
wp		: yes
flags		: fpu vme de pse tsc msr pae mce cx8 apic sep mtrr pge mca cmov pat pse36 clflush dts acpi mmx fxsr sse sse2 ss ht tm pbe syscall nx pdpe1gb rdtscp lm constant_tsc arch_perfmon pebs bts rep_good nopl xtopology nonstop_tsc aperfmperf eagerfpu pni pclmulqdq dtes64 monitor ds_cpl vmx est tm2 ssse3 sdbg fma cx16 xtpr pdcm pcid sse4_1 sse4_2 movbe popcnt tsc_deadline_timer aes xsave avx f16c rdrand lahf_lm abm epb tpr_shadow vnmi flexpriority ept vpid fsgsbase tsc_adjust bmi1 avx2 smep bmi2 erms invpcid xsaveopt dtherm ida arat pln pts
bugs		:
bogomips	: 4789.08
clflush size	: 64
cache_alignment	: 64
address sizes	: 39 bits physical, 48 bits virtual
power management:

processor	: 6
vendor_id	: GenuineIntel
cpu family	: 6
model		: 60
model name	: Intel(R) Core(TM) i7-4700MQ CPU @ 2.40GHz
stepping	: 3
microcode	: 0x16
cpu MHz		: 1599.937
cache size	: 6144 KB
physical id	: 0
siblings	: 8
core id		: 3
cpu cores	: 4
apicid		: 6
initial apicid	: 6
fpu		: yes
fpu_exception	: yes
cpuid level	: 13
wp		: yes
flags		: fpu vme de pse tsc msr pae mce cx8 apic sep mtrr pge mca cmov pat pse36 clflush dts acpi mmx fxsr sse sse2 ss ht tm pbe syscall nx pdpe1gb rdtscp lm constant_tsc arch_perfmon pebs bts rep_good nopl xtopology nonstop_tsc aperfmperf eagerfpu pni pclmulqdq dtes64 monitor ds_cpl vmx est tm2 ssse3 sdbg fma cx16 xtpr pdcm pcid sse4_1 sse4_2 movbe popcnt tsc_deadline_timer aes xsave avx f16c rdrand lahf_lm abm epb tpr_shadow vnmi flexpriority ept vpid fsgsbase tsc_adjust bmi1 avx2 smep bmi2 erms invpcid xsaveopt dtherm ida arat pln pts
bugs		:
bogomips	: 4789.08
clflush size	: 64
cache_alignment	: 64
address sizes	: 39 bits physical, 48 bits virtual
power management:

processor	: 7
vendor_id	: GenuineIntel
cpu family	: 6
model		: 60
model name	: Intel(R) Core(TM) i7-4700MQ CPU @ 2.40GHz
stepping	: 3
microcode	: 0x16
cpu MHz		: 1599.937
cache size	: 6144 KB
physical id	: 0
siblings	: 8
core id		: 3
cpu cores	: 4
apicid		: 7
initial apicid	: 7
fpu		: yes
fpu_exception	: yes
cpuid level	: 13
wp		: yes
flags		: fpu vme de pse tsc msr pae mce cx8 apic sep mtrr pge mca cmov pat pse36 clflush dts acpi mmx fxsr sse sse2 ss ht tm pbe syscall nx pdpe1gb rdtscp lm constant_tsc arch_perfmon pebs bts rep_good nopl xtopology nonstop_tsc aperfmperf eagerfpu pni pclmulqdq dtes64 monitor ds_cpl vmx est tm2 ssse3 sdbg fma cx16 xtpr pdcm pcid sse4_1 sse4_2 movbe popcnt tsc_deadline_timer aes xsave avx f16c rdrand lahf_lm abm epb tpr_shadow vnmi flexpriority ept vpid fsgsbase tsc_adjust bmi1 avx2 smep bmi2 erms invpcid xsaveopt dtherm ida arat pln pts
bugs		:
bogomips	: 4789.08
clflush size	: 64
cache_alignment	: 64
address sizes	: 39 bits physical, 48 bits virtual
power management:



Memory: 4k page, physical 8101800k(49492k free), swap 0k(0k free)

vm_info: Java HotSpot(TM) 64-Bit Server VM (25.91-b14) for linux-amd64 JRE (1.8.0_91-b14), built on Apr  1 2016 00:57:21 by "java_re" with gcc 4.3.0 20080428 (Red Hat 4.3.0-8)

time: Tue Jul 19 12:03:53 2016
elapsed time: 5 seconds (0d 0h 0m 5s)

