#
# There is insufficient memory for the Java Runtime Environment to continue.
# Native memory allocation (mmap) failed to map 174063616 bytes for committing reserved memory.
# Possible reasons:
#   The system is out of physical RAM or swap space
#   In 32 bit mode, the process size limit was hit
# Possible solutions:
#   Reduce memory load on the system
#   Increase physical memory or swap space
#   Check if swap backing store is full
#   Use 64 bit Java on a 64 bit OS
#   Decrease Java heap size (-Xmx/-Xms)
#   Decrease number of Java threads
#   Decrease Java thread stack sizes (-Xss)
#   Set larger code cache with -XX:ReservedCodeCacheSize=
# This output file may be truncated or incomplete.
#
#  Out of Memory Error (os_linux.cpp:2627), pid=12126, tid=139732980365056
#
# JRE version: Java(TM) SE Runtime Environment (8.0_91-b14) (build 1.8.0_91-b14)
# Java VM: Java HotSpot(TM) 64-Bit Server VM (25.91-b14 mixed mode linux-amd64 compressed oops)
# Failed to write core dump. Core dumps have been disabled. To enable core dumping, try "ulimit -c unlimited" before starting Java again
#

---------------  T H R E A D  ---------------

Current thread (0x00007f1640080000):  VMThread [stack: 0x00007f161e987000,0x00007f161ea88000] [id=12156]

Stack: [0x00007f161e987000,0x00007f161ea88000],  sp=0x00007f161ea86020,  free space=1020k
Native frames: (J=compiled Java code, j=interpreted, Vv=VM code, C=native code)
V  [libjvm.so+0xabc18a]  VMError::report_and_die()+0x2ba
V  [libjvm.so+0x4fafeb]  report_vm_out_of_memory(char const*, int, unsigned long, VMErrorType, char const*)+0x8b
V  [libjvm.so+0x91cbb3]  os::Linux::commit_memory_impl(char*, unsigned long, bool)+0x103
V  [libjvm.so+0x91d109]  os::pd_commit_memory(char*, unsigned long, unsigned long, bool)+0x29
V  [libjvm.so+0x91740a]  os::commit_memory(char*, unsigned long, unsigned long, bool)+0x2a
V  [libjvm.so+0x98b033]  PSVirtualSpace::expand_by(unsigned long)+0x53
V  [libjvm.so+0x98c438]  PSYoungGen::resize_generation(unsigned long, unsigned long)+0xf8
V  [libjvm.so+0x98b592]  PSYoungGen::resize(unsigned long, unsigned long)+0x22
V  [libjvm.so+0x98886b]  PSScavenge::invoke_no_policy()+0xf3b
V  [libjvm.so+0x988ff1]  PSScavenge::invoke()+0x41
V  [libjvm.so+0x9408b0]  ParallelScavengeHeap::failed_mem_allocate(unsigned long)+0x70
V  [libjvm.so+0xabdba7]  VM_ParallelGCFailedAllocation::doit()+0x97
V  [libjvm.so+0xac55d5]  VM_Operation::evaluate()+0x55
V  [libjvm.so+0xac39aa]  VMThread::evaluate_operation(VM_Operation*)+0xba
V  [libjvm.so+0xac3d2e]  VMThread::loop()+0x1ce
V  [libjvm.so+0xac41a0]  VMThread::run()+0x70
V  [libjvm.so+0x91ef78]  java_start(Thread*)+0x108

VM_Operation (0x00007f161da30b30): ParallelGCFailedAllocation, mode: safepoint, requested by thread 0x00007f164016f000


---------------  P R O C E S S  ---------------

Java Threads: ( => current thread )
  0x00007f1640175000 JavaThread "pool-2-thread-4" [_thread_blocked, id=12184, stack(0x00007f161d730000,0x00007f161d831000)]
  0x00007f1640173800 JavaThread "pool-2-thread-3" [_thread_blocked, id=12183, stack(0x00007f161d831000,0x00007f161d932000)]
  0x00007f164016f000 JavaThread "pool-2-thread-2" [_thread_blocked, id=12182, stack(0x00007f161d932000,0x00007f161da33000)]
  0x00007f1640163000 JavaThread "pool-3-thread-1" [_thread_blocked, id=12181, stack(0x00007f161da33000,0x00007f161db34000)]
  0x00007f1640155800 JavaThread "pool-2-thread-1" [_thread_blocked, id=12180, stack(0x00007f161db34000,0x00007f161dc35000)]
  0x00007f16400ee000 JavaThread "Service Thread" daemon [_thread_blocked, id=12172, stack(0x00007f161dd47000,0x00007f161de48000)]
  0x00007f16400c9000 JavaThread "C1 CompilerThread3" daemon [_thread_blocked, id=12170, stack(0x00007f161de48000,0x00007f161df49000)]
  0x00007f16400c6800 JavaThread "C2 CompilerThread2" daemon [_thread_blocked, id=12168, stack(0x00007f161df49000,0x00007f161e04a000)]
  0x00007f16400c5000 JavaThread "C2 CompilerThread1" daemon [_thread_blocked, id=12164, stack(0x00007f161e04a000,0x00007f161e14b000)]
  0x00007f16400c2000 JavaThread "C2 CompilerThread0" daemon [_thread_in_native, id=12162, stack(0x00007f161e14b000,0x00007f161e24c000)]
  0x00007f16400c0800 JavaThread "Signal Dispatcher" daemon [_thread_blocked, id=12161, stack(0x00007f161e24c000,0x00007f161e34d000)]
  0x00007f164008c800 JavaThread "Finalizer" daemon [_thread_blocked, id=12160, stack(0x00007f161e785000,0x00007f161e886000)]
  0x00007f1640087800 JavaThread "Reference Handler" daemon [_thread_blocked, id=12159, stack(0x00007f161e886000,0x00007f161e987000)]
  0x00007f164000a000 JavaThread "main" [_thread_blocked, id=12131, stack(0x00007f16460e2000,0x00007f16461e3000)]

Other Threads:
=>0x00007f1640080000 VMThread [stack: 0x00007f161e987000,0x00007f161ea88000] [id=12156]
  0x00007f16400f1000 WatcherThread [stack: 0x00007f161dc46000,0x00007f161dd47000] [id=12173]

VM state:at safepoint (normal execution)

VM Mutex/Monitor currently owned by a thread:  ([mutex/lock_event])
[0x00007f1640006570] Threads_lock - owner thread: 0x00007f1640080000
[0x00007f1640006a70] Heap_lock - owner thread: 0x00007f164016f000

Heap:
 PSYoungGen      total 132096K, used 5095K [0x00000000eab00000, 0x00000000f3100000, 0x0000000100000000)
  eden space 126976K, 0% used [0x00000000eab00000,0x00000000eab00000,0x00000000f2700000)
  from space 5120K, 99% used [0x00000000f2700000,0x00000000f2bf9fd8,0x00000000f2c00000)
  to   space 5120K, 0% used [0x00000000f2c00000,0x00000000f2c00000,0x00000000f3100000)
 ParOldGen       total 84992K, used 44375K [0x00000000c0000000, 0x00000000c5300000, 0x00000000eab00000)
  object space 84992K, 52% used [0x00000000c0000000,0x00000000c2b55e10,0x00000000c5300000)
 Metaspace       used 6158K, capacity 7088K, committed 7296K, reserved 1056768K
  class space    used 590K, capacity 616K, committed 640K, reserved 1048576K

Card table byte_map: [0x00007f162fba8000,0x00007f162fda9000] byte_map_base: 0x00007f162f5a8000

Marking Bits: (ParMarkBitMap*) 0x00007f16455b7d60
 Begin Bits: [0x00007f162d24a000, 0x00007f162e24a000)
 End Bits:   [0x00007f162e24a000, 0x00007f162f24a000)

Polling page: 0x00007f1646207000

CodeCache: size=245760Kb used=6672Kb max_used=6672Kb free=239087Kb
 bounds [0x00007f1630169000, 0x00007f16307f9000, 0x00007f163f169000]
 total_blobs=1977 nmethods=1707 adapters=181
 compilation: enabled

Compilation events (10 events):
Event: 4.251 Thread 0x00007f16400c9000 nmethod 1858 0x00007f16307e53d0 code [0x00007f16307e5520, 0x00007f16307e5630]
Event: 4.263 Thread 0x00007f16400c9000 1901       2       com.android.dx.ssa.InterferenceRegisterMapper::areAnyPinned (81 bytes)
Event: 4.264 Thread 0x00007f16400c9000 nmethod 1901 0x00007f16307e3290 code [0x00007f16307e3440, 0x00007f16307e3798]
Event: 4.264 Thread 0x00007f16400c9000 1899       2       com.android.dx.cf.code.ExecutionStack::clear (40 bytes)
Event: 4.264 Thread 0x00007f16400c9000 nmethod 1899 0x00007f16307f25d0 code [0x00007f16307f2760, 0x00007f16307f2a48]
Event: 4.265 Thread 0x00007f16400c9000 1902       2       com.android.dx.command.dexer.Main::access$1700 (4 bytes)
Event: 4.265 Thread 0x00007f16400c9000 nmethod 1902 0x00007f16307e6b10 code [0x00007f16307e6c60, 0x00007f16307e6d90]
Event: 4.265 Thread 0x00007f16400c9000 1900       2       com.android.dx.cf.code.Ropper$CatchInfo::getSetup (53 bytes)
Event: 4.265 Thread 0x00007f16400c9000 nmethod 1900 0x00007f16307f2c90 code [0x00007f16307f2e20, 0x00007f16307f3188]
Event: 4.271 Thread 0x00007f16400c9000 1904       2       com.android.dx.ssa.SCCP::simulateMath (424 bytes)

GC Heap History (9 events):
Event: 1.075 GC heap before
{Heap before GC invocations=1 (full 0):
 PSYoungGen      total 36864K, used 31744K [0x00000000eab00000, 0x00000000ed400000, 0x0000000100000000)
  eden space 31744K, 100% used [0x00000000eab00000,0x00000000eca00000,0x00000000eca00000)
  from space 5120K, 0% used [0x00000000ecf00000,0x00000000ecf00000,0x00000000ed400000)
  to   space 5120K, 0% used [0x00000000eca00000,0x00000000eca00000,0x00000000ecf00000)
 ParOldGen       total 84992K, used 0K [0x00000000c0000000, 0x00000000c5300000, 0x00000000eab00000)
  object space 84992K, 0% used [0x00000000c0000000,0x00000000c0000000,0x00000000c5300000)
 Metaspace       used 5774K, capacity 6768K, committed 7040K, reserved 1056768K
  class space    used 588K, capacity 616K, committed 640K, reserved 1048576K
Event: 1.103 GC heap after
Heap after GC invocations=1 (full 0):
 PSYoungGen      total 36864K, used 5108K [0x00000000eab00000, 0x00000000ef300000, 0x0000000100000000)
  eden space 31744K, 0% used [0x00000000eab00000,0x00000000eab00000,0x00000000eca00000)
  from space 5120K, 99% used [0x00000000eca00000,0x00000000ecefd2b8,0x00000000ecf00000)
  to   space 5120K, 0% used [0x00000000eee00000,0x00000000eee00000,0x00000000ef300000)
 ParOldGen       total 84992K, used 1026K [0x00000000c0000000, 0x00000000c5300000, 0x00000000eab00000)
  object space 84992K, 1% used [0x00000000c0000000,0x00000000c0100a58,0x00000000c5300000)
 Metaspace       used 5774K, capacity 6768K, committed 7040K, reserved 1056768K
  class space    used 588K, capacity 616K, committed 640K, reserved 1048576K
}
Event: 1.472 GC heap before
{Heap before GC invocations=2 (full 0):
 PSYoungGen      total 36864K, used 36852K [0x00000000eab00000, 0x00000000ef300000, 0x0000000100000000)
  eden space 31744K, 100% used [0x00000000eab00000,0x00000000eca00000,0x00000000eca00000)
  from space 5120K, 99% used [0x00000000eca00000,0x00000000ecefd2b8,0x00000000ecf00000)
  to   space 5120K, 0% used [0x00000000eee00000,0x00000000eee00000,0x00000000ef300000)
 ParOldGen       total 84992K, used 1026K [0x00000000c0000000, 0x00000000c5300000, 0x00000000eab00000)
  object space 84992K, 1% used [0x00000000c0000000,0x00000000c0100a58,0x00000000c5300000)
 Metaspace       used 6000K, capacity 6960K, committed 7040K, reserved 1056768K
  class space    used 590K, capacity 616K, committed 640K, reserved 1048576K
Event: 1.541 GC heap after
Heap after GC invocations=2 (full 0):
 PSYoungGen      total 68608K, used 5112K [0x00000000eab00000, 0x00000000ef300000, 0x0000000100000000)
  eden space 63488K, 0% used [0x00000000eab00000,0x00000000eab00000,0x00000000ee900000)
  from space 5120K, 99% used [0x00000000eee00000,0x00000000ef2fe010,0x00000000ef300000)
  to   space 5120K, 0% used [0x00000000ee900000,0x00000000ee900000,0x00000000eee00000)
 ParOldGen       total 84992K, used 5464K [0x00000000c0000000, 0x00000000c5300000, 0x00000000eab00000)
  object space 84992K, 6% used [0x00000000c0000000,0x00000000c0556160,0x00000000c5300000)
 Metaspace       used 6000K, capacity 6960K, committed 7040K, reserved 1056768K
  class space    used 590K, capacity 616K, committed 640K, reserved 1048576K
}
Event: 2.305 GC heap before
{Heap before GC invocations=3 (full 0):
 PSYoungGen      total 68608K, used 68600K [0x00000000eab00000, 0x00000000ef300000, 0x0000000100000000)
  eden space 63488K, 100% used [0x00000000eab00000,0x00000000ee900000,0x00000000ee900000)
  from space 5120K, 99% used [0x00000000eee00000,0x00000000ef2fe010,0x00000000ef300000)
  to   space 5120K, 0% used [0x00000000ee900000,0x00000000ee900000,0x00000000eee00000)
 ParOldGen       total 84992K, used 5464K [0x00000000c0000000, 0x00000000c5300000, 0x00000000eab00000)
  object space 84992K, 6% used [0x00000000c0000000,0x00000000c0556160,0x00000000c5300000)
 Metaspace       used 6045K, capacity 7024K, committed 7296K, reserved 1056768K
  class space    used 590K, capacity 616K, committed 640K, reserved 1048576K
Event: 2.382 GC heap after
Heap after GC invocations=3 (full 0):
 PSYoungGen      total 68608K, used 5100K [0x00000000eab00000, 0x00000000f3100000, 0x0000000100000000)
  eden space 63488K, 0% used [0x00000000eab00000,0x00000000eab00000,0x00000000ee900000)
  from space 5120K, 99% used [0x00000000ee900000,0x00000000eedfb028,0x00000000eee00000)
  to   space 5120K, 0% used [0x00000000f2c00000,0x00000000f2c00000,0x00000000f3100000)
 ParOldGen       total 84992K, used 15230K [0x00000000c0000000, 0x00000000c5300000, 0x00000000eab00000)
  object space 84992K, 17% used [0x00000000c0000000,0x00000000c0edf820,0x00000000c5300000)
 Metaspace       used 6045K, capacity 7024K, committed 7296K, reserved 1056768K
  class space    used 590K, capacity 616K, committed 640K, reserved 1048576K
}
Event: 2.864 GC heap before
{Heap before GC invocations=4 (full 0):
 PSYoungGen      total 68608K, used 68588K [0x00000000eab00000, 0x00000000f3100000, 0x0000000100000000)
  eden space 63488K, 100% used [0x00000000eab00000,0x00000000ee900000,0x00000000ee900000)
  from space 5120K, 99% used [0x00000000ee900000,0x00000000eedfb028,0x00000000eee00000)
  to   space 5120K, 0% used [0x00000000f2c00000,0x00000000f2c00000,0x00000000f3100000)
 ParOldGen       total 84992K, used 15230K [0x00000000c0000000, 0x00000000c5300000, 0x00000000eab00000)
  object space 84992K, 17% used [0x00000000c0000000,0x00000000c0edf820,0x00000000c5300000)
 Metaspace       used 6058K, capacity 7024K, committed 7296K, reserved 1056768K
  class space    used 590K, capacity 616K, committed 640K, reserved 1048576K
Event: 2.962 GC heap after
Heap after GC invocations=4 (full 0):
 PSYoungGen      total 132096K, used 5095K [0x00000000eab00000, 0x00000000f3100000, 0x0000000100000000)
  eden space 126976K, 0% used [0x00000000eab00000,0x00000000eab00000,0x00000000f2700000)
  from space 5120K, 99% used [0x00000000f2c00000,0x00000000f30f9dd0,0x00000000f3100000)
  to   space 5120K, 0% used [0x00000000f2700000,0x00000000f2700000,0x00000000f2c00000)
 ParOldGen       total 84992K, used 24581K [0x00000000c0000000, 0x00000000c5300000, 0x00000000eab00000)
  object space 84992K, 28% used [0x00000000c0000000,0x00000000c1801568,0x00000000c5300000)
 Metaspace       used 6058K, capacity 7024K, committed 7296K, reserved 1056768K
  class space    used 590K, capacity 616K, committed 640K, reserved 1048576K
}
Event: 4.295 GC heap before
{Heap before GC invocations=5 (full 0):
 PSYoungGen      total 132096K, used 132071K [0x00000000eab00000, 0x00000000f3100000, 0x0000000100000000)
  eden space 126976K, 100% used [0x00000000eab00000,0x00000000f2700000,0x00000000f2700000)
  from space 5120K, 99% used [0x00000000f2c00000,0x00000000f30f9dd0,0x00000000f3100000)
  to   space 5120K, 0% used [0x00000000f2700000,0x00000000f2700000,0x00000000f2c00000)
 ParOldGen       total 84992K, used 24581K [0x00000000c0000000, 0x00000000c5300000, 0x00000000eab00000)
  object space 84992K, 28% used [0x00000000c0000000,0x00000000c1801568,0x00000000c5300000)
 Metaspace       used 6158K, capacity 7088K, committed 7296K, reserved 1056768K
  class space    used 590K, capacity 616K, committed 640K, reserved 1048576K

Deoptimization events (10 events):
Event: 2.634 Thread 0x00007f1640155800 Uncommon trap: reason=unstable_if action=reinterpret pc=0x00007f1630403dc4 method=com.android.dx.util.IntList.binarysearch(I)I @ 105
Event: 3.114 Thread 0x00007f1640175000 Uncommon trap: reason=bimorphic action=maybe_recompile pc=0x00007f16303b6b60 method=java.util.HashMap.getNode(ILjava/lang/Object;)Ljava/util/HashMap$Node; @ 126
Event: 3.114 Thread 0x00007f1640175000 Uncommon trap: reason=class_check action=maybe_recompile pc=0x00007f163066e194 method=java.util.HashMap.putVal(ILjava/lang/Object;Ljava/lang/Object;ZZ)Ljava/lang/Object; @ 203
Event: 3.114 Thread 0x00007f1640175000 Uncommon trap: reason=bimorphic action=maybe_recompile pc=0x00007f16303b6b60 method=java.util.HashMap.getNode(ILjava/lang/Object;)Ljava/util/HashMap$Node; @ 126
Event: 3.115 Thread 0x00007f1640175000 Uncommon trap: reason=class_check action=maybe_recompile pc=0x00007f163066e194 method=java.util.HashMap.putVal(ILjava/lang/Object;Ljava/lang/Object;ZZ)Ljava/lang/Object; @ 203
Event: 3.115 Thread 0x00007f1640175000 Uncommon trap: reason=bimorphic action=maybe_recompile pc=0x00007f16303663b0 method=java.util.HashMap.getNode(ILjava/lang/Object;)Ljava/util/HashMap$Node; @ 126
Event: 3.115 Thread 0x00007f1640175000 Uncommon trap: reason=bimorphic action=maybe_recompile pc=0x00007f16303663b0 method=java.util.HashMap.getNode(ILjava/lang/Object;)Ljava/util/HashMap$Node; @ 126
Event: 3.115 Thread 0x00007f1640175000 Uncommon trap: reason=bimorphic action=maybe_recompile pc=0x00007f16303b6b60 method=java.util.HashMap.getNode(ILjava/lang/Object;)Ljava/util/HashMap$Node; @ 126
Event: 3.196 Thread 0x00007f1640173800 Uncommon trap: reason=class_check action=maybe_recompile pc=0x00007f163066e194 method=java.util.HashMap.putVal(ILjava/lang/Object;Ljava/lang/Object;ZZ)Ljava/lang/Object; @ 203
Event: 3.347 Thread 0x00007f1640155800 Uncommon trap: reason=class_check action=maybe_recompile pc=0x00007f163066e194 method=java.util.HashMap.putVal(ILjava/lang/Object;Ljava/lang/Object;ZZ)Ljava/lang/Object; @ 203

Internal exceptions (3 events):
Event: 0.071 Thread 0x00007f164000a000 Exception <a 'java/lang/NoSuchMethodError': Method sun.misc.Unsafe.defineClass(Ljava/lang/String;[BII)Ljava/lang/Class; name or signature does not match> (0x00000000eab07cc0) thrown at [/HUDSON/workspace/8-2-build-linux-amd64/jdk8u91/6644/hotspot/src/shar
Event: 0.071 Thread 0x00007f164000a000 Exception <a 'java/lang/NoSuchMethodError': Method sun.misc.Unsafe.prefetchRead(Ljava/lang/Object;J)V name or signature does not match> (0x00000000eab07fa8) thrown at [/HUDSON/workspace/8-2-build-linux-amd64/jdk8u91/6644/hotspot/src/share/vm/prims/jni.cpp
Event: 1.420 Thread 0x00007f164000a000 Implicit null exception at 0x00007f16303b15e2 to 0x00007f16303b16db

Events (10 events):
Event: 3.958 Thread 0x00007f164000a000 DEOPT UNPACKING pc=0x00007f16301b0633 sp=0x00007f16461e0580 mode 0
Event: 3.983 Thread 0x00007f1640175000 DEOPT PACKING pc=0x00007f16305fb72d sp=0x00007f161d82f2f0
Event: 3.983 Thread 0x00007f1640175000 DEOPT UNPACKING pc=0x00007f16301b0633 sp=0x00007f161d82f048 mode 0
Event: 4.016 Thread 0x00007f1640173800 DEOPT PACKING pc=0x00007f1630511c2c sp=0x00007f161d930030
Event: 4.016 Thread 0x00007f1640173800 DEOPT UNPACKING pc=0x00007f16301b0633 sp=0x00007f161d92fd30 mode 0
Event: 4.151 Thread 0x00007f164016f000 DEOPT PACKING pc=0x00007f163049a92f sp=0x00007f161da30fa0
Event: 4.151 Thread 0x00007f164016f000 DEOPT UNPACKING pc=0x00007f16301b0633 sp=0x00007f161da30d60 mode 0
Event: 4.157 Executing VM operation: EnableBiasedLocking
Event: 4.191 Executing VM operation: EnableBiasedLocking done
Event: 4.271 Executing VM operation: ParallelGCFailedAllocation


Dynamic libraries:
00400000-00401000 r-xp 00000000 08:01 9839507                            /usr/lib/jvm/java-8-oracle/bin/java
00600000-00601000 rw-p 00000000 08:01 9839507                            /usr/lib/jvm/java-8-oracle/bin/java
01b18000-01b39000 rw-p 00000000 00:00 0                                  [heap]
c0000000-c5300000 rw-p 00000000 00:00 0 
c5300000-eab00000 ---p 00000000 00:00 0 
eab00000-f3100000 rw-p 00000000 00:00 0 
fd700000-100000000 ---p 00000000 00:00 0 
100000000-1000a0000 rw-p 00000000 00:00 0 
1000a0000-140000000 ---p 00000000 00:00 0 
7f15cc000000-7f15cc021000 rw-p 00000000 00:00 0 
7f15cc021000-7f15d0000000 ---p 00000000 00:00 0 
7f15d0000000-7f15d0021000 rw-p 00000000 00:00 0 
7f15d0021000-7f15d4000000 ---p 00000000 00:00 0 
7f15d4000000-7f15d4021000 rw-p 00000000 00:00 0 
7f15d4021000-7f15d8000000 ---p 00000000 00:00 0 
7f15d8000000-7f15d8038000 rw-p 00000000 00:00 0 
7f15d8038000-7f15dc000000 ---p 00000000 00:00 0 
7f15dc000000-7f15dc021000 rw-p 00000000 00:00 0 
7f15dc021000-7f15e0000000 ---p 00000000 00:00 0 
7f15e0000000-7f15e0054000 rw-p 00000000 00:00 0 
7f15e0054000-7f15e4000000 ---p 00000000 00:00 0 
7f15e4000000-7f15e47cc000 rw-p 00000000 00:00 0 
7f15e47cc000-7f15e8000000 ---p 00000000 00:00 0 
7f15e8000000-7f15e8021000 rw-p 00000000 00:00 0 
7f15e8021000-7f15ec000000 ---p 00000000 00:00 0 
7f15ec000000-7f15ec627000 rw-p 00000000 00:00 0 
7f15ec627000-7f15f0000000 ---p 00000000 00:00 0 
7f15f0000000-7f15f06b1000 rw-p 00000000 00:00 0 
7f15f06b1000-7f15f4000000 ---p 00000000 00:00 0 
7f15f4000000-7f15f4021000 rw-p 00000000 00:00 0 
7f15f4021000-7f15f8000000 ---p 00000000 00:00 0 
7f15f8000000-7f15f8ac7000 rw-p 00000000 00:00 0 
7f15f8ac7000-7f15fc000000 ---p 00000000 00:00 0 
7f15fc000000-7f15fc021000 rw-p 00000000 00:00 0 
7f15fc021000-7f1600000000 ---p 00000000 00:00 0 
7f1600000000-7f1600021000 rw-p 00000000 00:00 0 
7f1600021000-7f1604000000 ---p 00000000 00:00 0 
7f1604000000-7f160428d000 rw-p 00000000 00:00 0 
7f160428d000-7f1608000000 ---p 00000000 00:00 0 
7f1608000000-7f1608021000 rw-p 00000000 00:00 0 
7f1608021000-7f160c000000 ---p 00000000 00:00 0 
7f160c000000-7f160c021000 rw-p 00000000 00:00 0 
7f160c021000-7f1610000000 ---p 00000000 00:00 0 
7f1610000000-7f1610021000 rw-p 00000000 00:00 0 
7f1610021000-7f1614000000 ---p 00000000 00:00 0 
7f1614000000-7f1614021000 rw-p 00000000 00:00 0 
7f1614021000-7f1618000000 ---p 00000000 00:00 0 
7f1618000000-7f1618021000 rw-p 00000000 00:00 0 
7f1618021000-7f161c000000 ---p 00000000 00:00 0 
7f161d730000-7f161d733000 ---p 00000000 00:00 0 
7f161d733000-7f161d831000 rw-p 00000000 00:00 0 
7f161d831000-7f161d834000 ---p 00000000 00:00 0 
7f161d834000-7f161d932000 rw-p 00000000 00:00 0 
7f161d932000-7f161d935000 ---p 00000000 00:00 0 
7f161d935000-7f161da33000 rw-p 00000000 00:00 0 
7f161da33000-7f161da36000 ---p 00000000 00:00 0 
7f161da36000-7f161db34000 rw-p 00000000 00:00 0 
7f161db34000-7f161db37000 ---p 00000000 00:00 0 
7f161db37000-7f161dc35000 rw-p 00000000 00:00 0 
7f161dc35000-7f161dc46000 r--s 000cf000 08:01 159889                     /home/oguz/.gradle/caches/modules-2/files-2.1/com.fasterxml.jackson.core/jackson-databind/2.3.2/c75edc740a6d8cb1cef6fa82fa594e0bce561916/jackson-databind-2.3.2.jar
7f161dc46000-7f161dc47000 ---p 00000000 00:00 0 
7f161dc47000-7f161dd47000 rw-p 00000000 00:00 0 
7f161dd47000-7f161dd4a000 ---p 00000000 00:00 0 
7f161dd4a000-7f161de48000 rw-p 00000000 00:00 0 
7f161de48000-7f161de4b000 ---p 00000000 00:00 0 
7f161de4b000-7f161df49000 rw-p 00000000 00:00 0 
7f161df49000-7f161df4c000 ---p 00000000 00:00 0 
7f161df4c000-7f161e04a000 rw-p 00000000 00:00 0 
7f161e04a000-7f161e04d000 ---p 00000000 00:00 0 
7f161e04d000-7f161e14b000 rw-p 00000000 00:00 0 
7f161e14b000-7f161e14e000 ---p 00000000 00:00 0 
7f161e14e000-7f161e24c000 rw-p 00000000 00:00 0 
7f161e24c000-7f161e24f000 ---p 00000000 00:00 0 
7f161e24f000-7f161e34d000 rw-p 00000000 00:00 0 
7f161e34d000-7f161e785000 r--p 00000000 08:01 9700768                    /usr/lib/locale/locale-archive
7f161e785000-7f161e788000 ---p 00000000 00:00 0 
7f161e788000-7f161e886000 rw-p 00000000 00:00 0 
7f161e886000-7f161e889000 ---p 00000000 00:00 0 
7f161e889000-7f161e987000 rw-p 00000000 00:00 0 
7f161e987000-7f161e988000 ---p 00000000 00:00 0 
7f161e988000-7f1620000000 rw-p 00000000 00:00 0 
7f1620000000-7f1620021000 rw-p 00000000 00:00 0 
7f1620021000-7f1624000000 ---p 00000000 00:00 0 
7f1624000000-7f1624021000 rw-p 00000000 00:00 0 
7f1624021000-7f1628000000 ---p 00000000 00:00 0 
7f1628000000-7f1628021000 rw-p 00000000 00:00 0 
7f1628021000-7f162c000000 ---p 00000000 00:00 0 
7f162c008000-7f162c671000 rw-p 00000000 00:00 0 
7f162c671000-7f162c84a000 r--s 03d1f000 08:01 9967487                    /usr/lib/jvm/java-8-oracle/jre/lib/rt.jar
7f162c84a000-7f162ceca000 rw-p 00000000 00:00 0 
7f162ceca000-7f162d04a000 ---p 00000000 00:00 0 
7f162d04a000-7f162f24a000 rw-p 00000000 00:00 0 
7f162f24a000-7f162f24b000 ---p 00000000 00:00 0 
7f162f24b000-7f162f34b000 rw-p 00000000 00:00 0 
7f162f34b000-7f162f34c000 ---p 00000000 00:00 0 
7f162f34c000-7f162f44c000 rw-p 00000000 00:00 0 
7f162f44c000-7f162f44d000 ---p 00000000 00:00 0 
7f162f44d000-7f162f54d000 rw-p 00000000 00:00 0 
7f162f54d000-7f162f54e000 ---p 00000000 00:00 0 
7f162f54e000-7f162f64e000 rw-p 00000000 00:00 0 
7f162f64e000-7f162f64f000 ---p 00000000 00:00 0 
7f162f64f000-7f162f74f000 rw-p 00000000 00:00 0 
7f162f74f000-7f162f750000 ---p 00000000 00:00 0 
7f162f750000-7f162f850000 rw-p 00000000 00:00 0 
7f162f850000-7f162f851000 ---p 00000000 00:00 0 
7f162f851000-7f162f951000 rw-p 00000000 00:00 0 
7f162f951000-7f162f952000 ---p 00000000 00:00 0 
7f162f952000-7f162fa7c000 rw-p 00000000 00:00 0 
7f162fa7c000-7f162fba8000 ---p 00000000 00:00 0 
7f162fba8000-7f162fbd2000 rw-p 00000000 00:00 0 
7f162fbd2000-7f162fcfd000 ---p 00000000 00:00 0 
7f162fcfd000-7f162fd41000 rw-p 00000000 00:00 0 
7f162fd41000-7f162fda8000 ---p 00000000 00:00 0 
7f162fda8000-7f162fdc4000 rw-p 00000000 00:00 0 
7f162fdc4000-7f1630169000 ---p 00000000 00:00 0 
7f1630169000-7f16307f9000 rwxp 00000000 00:00 0 
7f16307f9000-7f163f169000 ---p 00000000 00:00 0 
7f163f169000-7f163f183000 r-xp 00000000 08:01 10092954                   /usr/lib/jvm/java-8-oracle/jre/lib/amd64/libzip.so
7f163f183000-7f163f383000 ---p 0001a000 08:01 10092954                   /usr/lib/jvm/java-8-oracle/jre/lib/amd64/libzip.so
7f163f383000-7f163f384000 rw-p 0001a000 08:01 10092954                   /usr/lib/jvm/java-8-oracle/jre/lib/amd64/libzip.so
7f163f384000-7f163f38f000 r-xp 00000000 08:01 7603299                    /lib/x86_64-linux-gnu/libnss_files-2.23.so
7f163f38f000-7f163f58e000 ---p 0000b000 08:01 7603299                    /lib/x86_64-linux-gnu/libnss_files-2.23.so
7f163f58e000-7f163f58f000 r--p 0000a000 08:01 7603299                    /lib/x86_64-linux-gnu/libnss_files-2.23.so
7f163f58f000-7f163f590000 rw-p 0000b000 08:01 7603299                    /lib/x86_64-linux-gnu/libnss_files-2.23.so
7f163f590000-7f163f596000 rw-p 00000000 00:00 0 
7f163f596000-7f163f5a1000 r-xp 00000000 08:01 7603296                    /lib/x86_64-linux-gnu/libnss_nis-2.23.so
7f163f5a1000-7f163f7a0000 ---p 0000b000 08:01 7603296                    /lib/x86_64-linux-gnu/libnss_nis-2.23.so
7f163f7a0000-7f163f7a1000 r--p 0000a000 08:01 7603296                    /lib/x86_64-linux-gnu/libnss_nis-2.23.so
7f163f7a1000-7f163f7a2000 rw-p 0000b000 08:01 7603296                    /lib/x86_64-linux-gnu/libnss_nis-2.23.so
7f163f7a2000-7f163f7b8000 r-xp 00000000 08:01 7603294                    /lib/x86_64-linux-gnu/libnsl-2.23.so
7f163f7b8000-7f163f9b8000 ---p 00016000 08:01 7603294                    /lib/x86_64-linux-gnu/libnsl-2.23.so
7f163f9b8000-7f163f9b9000 r--p 00016000 08:01 7603294                    /lib/x86_64-linux-gnu/libnsl-2.23.so
7f163f9b9000-7f163f9ba000 rw-p 00017000 08:01 7603294                    /lib/x86_64-linux-gnu/libnsl-2.23.so
7f163f9ba000-7f163f9bc000 rw-p 00000000 00:00 0 
7f163f9bc000-7f163f9c4000 r-xp 00000000 08:01 7603292                    /lib/x86_64-linux-gnu/libnss_compat-2.23.so
7f163f9c4000-7f163fbc3000 ---p 00008000 08:01 7603292                    /lib/x86_64-linux-gnu/libnss_compat-2.23.so
7f163fbc3000-7f163fbc4000 r--p 00007000 08:01 7603292                    /lib/x86_64-linux-gnu/libnss_compat-2.23.so
7f163fbc4000-7f163fbc5000 rw-p 00008000 08:01 7603292                    /lib/x86_64-linux-gnu/libnss_compat-2.23.so
7f163fbc5000-7f163fbef000 r-xp 00000000 08:01 10092949                   /usr/lib/jvm/java-8-oracle/jre/lib/amd64/libjava.so
7f163fbef000-7f163fdef000 ---p 0002a000 08:01 10092949                   /usr/lib/jvm/java-8-oracle/jre/lib/amd64/libjava.so
7f163fdef000-7f163fdf1000 rw-p 0002a000 08:01 10092949                   /usr/lib/jvm/java-8-oracle/jre/lib/amd64/libjava.so
7f163fdf1000-7f163fdfe000 r-xp 00000000 08:01 10092953                   /usr/lib/jvm/java-8-oracle/jre/lib/amd64/libverify.so
7f163fdfe000-7f163fffe000 ---p 0000d000 08:01 10092953                   /usr/lib/jvm/java-8-oracle/jre/lib/amd64/libverify.so
7f163fffe000-7f1640000000 rw-p 0000d000 08:01 10092953                   /usr/lib/jvm/java-8-oracle/jre/lib/amd64/libverify.so
7f1640000000-7f16403bb000 rw-p 00000000 00:00 0 
7f16403bb000-7f1644000000 ---p 00000000 00:00 0 
7f1644008000-7f1644017000 r--s 000df000 08:01 5246091                    /home/oguz/Android/Sdk/build-tools/23.0.3/lib/dx.jar
7f1644017000-7f16440f0000 rw-p 00000000 00:00 0 
7f16440f0000-7f16440f7000 r-xp 00000000 08:01 7603308                    /lib/x86_64-linux-gnu/librt-2.23.so
7f16440f7000-7f16442f6000 ---p 00007000 08:01 7603308                    /lib/x86_64-linux-gnu/librt-2.23.so
7f16442f6000-7f16442f7000 r--p 00006000 08:01 7603308                    /lib/x86_64-linux-gnu/librt-2.23.so
7f16442f7000-7f16442f8000 rw-p 00007000 08:01 7603308                    /lib/x86_64-linux-gnu/librt-2.23.so
7f16442f8000-7f1644400000 r-xp 00000000 08:01 7603305                    /lib/x86_64-linux-gnu/libm-2.23.so
7f1644400000-7f16445ff000 ---p 00108000 08:01 7603305                    /lib/x86_64-linux-gnu/libm-2.23.so
7f16445ff000-7f1644600000 r--p 00107000 08:01 7603305                    /lib/x86_64-linux-gnu/libm-2.23.so
7f1644600000-7f1644601000 rw-p 00108000 08:01 7603305                    /lib/x86_64-linux-gnu/libm-2.23.so
7f1644601000-7f16452c1000 r-xp 00000000 08:01 10092932                   /usr/lib/jvm/java-8-oracle/jre/lib/amd64/server/libjvm.so
7f16452c1000-7f16454c1000 ---p 00cc0000 08:01 10092932                   /usr/lib/jvm/java-8-oracle/jre/lib/amd64/server/libjvm.so
7f16454c1000-7f1645599000 rw-p 00cc0000 08:01 10092932                   /usr/lib/jvm/java-8-oracle/jre/lib/amd64/server/libjvm.so
7f1645599000-7f16455e4000 rw-p 00000000 00:00 0 
7f16455e4000-7f16457a4000 r-xp 00000000 08:01 7603313                    /lib/x86_64-linux-gnu/libc-2.23.so
7f16457a4000-7f16459a4000 ---p 001c0000 08:01 7603313                    /lib/x86_64-linux-gnu/libc-2.23.so
7f16459a4000-7f16459a8000 r--p 001c0000 08:01 7603313                    /lib/x86_64-linux-gnu/libc-2.23.so
7f16459a8000-7f16459aa000 rw-p 001c4000 08:01 7603313                    /lib/x86_64-linux-gnu/libc-2.23.so
7f16459aa000-7f16459ae000 rw-p 00000000 00:00 0 
7f16459ae000-7f16459b1000 r-xp 00000000 08:01 7603314                    /lib/x86_64-linux-gnu/libdl-2.23.so
7f16459b1000-7f1645bb0000 ---p 00003000 08:01 7603314                    /lib/x86_64-linux-gnu/libdl-2.23.so
7f1645bb0000-7f1645bb1000 r--p 00002000 08:01 7603314                    /lib/x86_64-linux-gnu/libdl-2.23.so
7f1645bb1000-7f1645bb2000 rw-p 00003000 08:01 7603314                    /lib/x86_64-linux-gnu/libdl-2.23.so
7f1645bb2000-7f1645bc7000 r-xp 00000000 08:01 9840182                    /usr/lib/jvm/java-8-oracle/lib/amd64/jli/libjli.so
7f1645bc7000-7f1645dc7000 ---p 00015000 08:01 9840182                    /usr/lib/jvm/java-8-oracle/lib/amd64/jli/libjli.so
7f1645dc7000-7f1645dc8000 rw-p 00015000 08:01 9840182                    /usr/lib/jvm/java-8-oracle/lib/amd64/jli/libjli.so
7f1645dc8000-7f1645de0000 r-xp 00000000 08:01 7603312                    /lib/x86_64-linux-gnu/libpthread-2.23.so
7f1645de0000-7f1645fdf000 ---p 00018000 08:01 7603312                    /lib/x86_64-linux-gnu/libpthread-2.23.so
7f1645fdf000-7f1645fe0000 r--p 00017000 08:01 7603312                    /lib/x86_64-linux-gnu/libpthread-2.23.so
7f1645fe0000-7f1645fe1000 rw-p 00018000 08:01 7603312                    /lib/x86_64-linux-gnu/libpthread-2.23.so
7f1645fe1000-7f1645fe5000 rw-p 00000000 00:00 0 
7f1645fe5000-7f164600b000 r-xp 00000000 08:01 7603309                    /lib/x86_64-linux-gnu/ld-2.23.so
7f1646010000-7f16460e2000 rw-p 00000000 00:00 0 
7f16460e2000-7f16460e5000 ---p 00000000 00:00 0 
7f16460e5000-7f16461e7000 rw-p 00000000 00:00 0 
7f16461ea000-7f16461fe000 rw-p 00000000 00:00 0 
7f16461fe000-7f1646206000 rw-s 00000000 08:01 161171                     /tmp/hsperfdata_oguz/12126
7f1646206000-7f1646207000 rw-p 00000000 00:00 0 
7f1646207000-7f1646208000 ---p 00000000 00:00 0 
7f1646208000-7f164620a000 rw-p 00000000 00:00 0 
7f164620a000-7f164620b000 r--p 00025000 08:01 7603309                    /lib/x86_64-linux-gnu/ld-2.23.so
7f164620b000-7f164620c000 rw-p 00026000 08:01 7603309                    /lib/x86_64-linux-gnu/ld-2.23.so
7f164620c000-7f164620d000 rw-p 00000000 00:00 0 
7ffc1ebf2000-7ffc1ec13000 rw-p 00000000 00:00 0                          [stack]
7ffc1ed29000-7ffc1ed2b000 r--p 00000000 00:00 0                          [vvar]
7ffc1ed2b000-7ffc1ed2d000 r-xp 00000000 00:00 0                          [vdso]
ffffffffff600000-ffffffffff601000 r-xp 00000000 00:00 0                  [vsyscall]

VM Arguments:
jvm_args: -Djava.awt.headless=true -Xmx1024M -Dfile.encoding=UTF-8 -Duser.country=TR -Duser.language=tr -Duser.variant 
java_command: com.android.dx.command.Main --dex --force-jumbo --num-threads=4 --multi-dex --output /home/oguz/Masa端st端/asd/FomApplicationAndroid/app/build/intermediates/transforms/dex/debug/folders/1000/10/jackson-databind-2.3.2_51c4623ebbbe6b6f2e96a48accc07b8b3796ca57 /home/oguz/.gradle/caches/modules-2/files-2.1/com.fasterxml.jackson.core/jackson-databind/2.3.2/c75edc740a6d8cb1cef6fa82fa594e0bce561916/jackson-databind-2.3.2.jar
java_class_path (initial): /home/oguz/Android/Sdk/build-tools/23.0.3/lib/dx.jar
Launcher Type: SUN_STANDARD

Environment Variables:
PATH=/usr/local/sbin:/usr/local/bin:/usr/sbin:/usr/bin:/sbin:/bin:/usr/games:/usr/local/games:/snap/bin
LD_LIBRARY_PATH=/home/oguz/Masa端st端/Derleyiciler/android-studio/bin:
SHELL=/bin/bash
DISPLAY=:0

Signal Handlers:
SIGSEGV: [libjvm.so+0xabca10], sa_mask[0]=11111111011111111101111111111110, sa_flags=SA_RESTART|SA_SIGINFO
SIGBUS: [libjvm.so+0xabca10], sa_mask[0]=11111111011111111101111111111110, sa_flags=SA_RESTART|SA_SIGINFO
SIGFPE: [libjvm.so+0x919a20], sa_mask[0]=11111111011111111101111111111110, sa_flags=SA_RESTART|SA_SIGINFO
SIGPIPE: [libjvm.so+0x919a20], sa_mask[0]=11111111011111111101111111111110, sa_flags=SA_RESTART|SA_SIGINFO
SIGXFSZ: [libjvm.so+0x919a20], sa_mask[0]=11111111011111111101111111111110, sa_flags=SA_RESTART|SA_SIGINFO
SIGILL: [libjvm.so+0x919a20], sa_mask[0]=11111111011111111101111111111110, sa_flags=SA_RESTART|SA_SIGINFO
SIGUSR1: SIG_DFL, sa_mask[0]=00000000000000000000000000000000, sa_flags=none
SIGUSR2: [libjvm.so+0x91b050], sa_mask[0]=00100000000000000000000000000000, sa_flags=SA_RESTART|SA_SIGINFO
SIGHUP: [libjvm.so+0x91c450], sa_mask[0]=11111111011111111101111111111110, sa_flags=SA_RESTART|SA_SIGINFO
SIGINT: [libjvm.so+0x91c450], sa_mask[0]=11111111011111111101111111111110, sa_flags=SA_RESTART|SA_SIGINFO
SIGTERM: [libjvm.so+0x91c450], sa_mask[0]=11111111011111111101111111111110, sa_flags=SA_RESTART|SA_SIGINFO
SIGQUIT: [libjvm.so+0x91c450], sa_mask[0]=11111111011111111101111111111110, sa_flags=SA_RESTART|SA_SIGINFO


---------------  S Y S T E M  ---------------

OS:DISTRIB_ID=Ubuntu
DISTRIB_RELEASE=16.04
DISTRIB_CODENAME=xenial
DISTRIB_DESCRIPTION="Ubuntu Xenial Xerus (development branch)"

uname:Linux 4.4.0-22-generic #39-Ubuntu SMP Thu May 5 16:53:32 UTC 2016 x86_64
libc:glibc 2.23 NPTL 2.23 
rlimit: STACK 8192k, CORE 0k, NPROC 31498, NOFILE 65536, AS infinity
load average:10.18 4.05 1.76

/proc/meminfo:
MemTotal:        8101800 kB
MemFree:           73472 kB
MemAvailable:     184144 kB
Buffers:            4904 kB
Cached:           745748 kB
SwapCached:            0 kB
Active:          7146288 kB
Inactive:         652328 kB
Active(anon):    7092520 kB
Inactive(anon):   606144 kB
Active(file):      53768 kB
Inactive(file):    46184 kB
Unevictable:          76 kB
Mlocked:              76 kB
SwapTotal:             0 kB
SwapFree:              0 kB
Dirty:              1512 kB
Writeback:             0 kB
AnonPages:       7048492 kB
Mapped:           388480 kB
Shmem:            651048 kB
Slab:             106796 kB
SReclaimable:      53092 kB
SUnreclaim:        53704 kB
KernelStack:       19184 kB
PageTables:        59688 kB
NFS_Unstable:          0 kB
Bounce:                0 kB
WritebackTmp:          0 kB
CommitLimit:     4050900 kB
Committed_AS:   13889004 kB
VmallocTotal:   34359738367 kB
VmallocUsed:           0 kB
VmallocChunk:          0 kB
HardwareCorrupted:     0 kB
AnonHugePages:   3590144 kB
CmaTotal:              0 kB
CmaFree:               0 kB
HugePages_Total:       0
HugePages_Free:        0
HugePages_Rsvd:        0
HugePages_Surp:        0
Hugepagesize:       2048 kB
DirectMap4k:      168704 kB
DirectMap2M:     8146944 kB
DirectMap1G:     1048576 kB


CPU:total 8 (4 cores per cpu, 2 threads per core) family 6 model 60 stepping 3, cmov, cx8, fxsr, mmx, sse, sse2, sse3, ssse3, sse4.1, sse4.2, popcnt, avx, avx2, aes, clmul, erms, lzcnt, ht, tsc, tscinvbit, bmi1, bmi2

/proc/cpuinfo:
processor	: 0
vendor_id	: GenuineIntel
cpu family	: 6
model		: 60
model name	: Intel(R) Core(TM) i7-4700MQ CPU @ 2.40GHz
stepping	: 3
microcode	: 0x16
cpu MHz		: 1599.937
cache size	: 6144 KB
physical id	: 0
siblings	: 8
core id		: 0
cpu cores	: 4
apicid		: 0
initial apicid	: 0
fpu		: yes
fpu_exception	: yes
cpuid level	: 13
wp		: yes
flags		: fpu vme de pse tsc msr pae mce cx8 apic sep mtrr pge mca cmov pat pse36 clflush dts acpi mmx fxsr sse sse2 ss ht tm pbe syscall nx pdpe1gb rdtscp lm constant_tsc arch_perfmon pebs bts rep_good nopl xtopology nonstop_tsc aperfmperf eagerfpu pni pclmulqdq dtes64 monitor ds_cpl vmx est tm2 ssse3 sdbg fma cx16 xtpr pdcm pcid sse4_1 sse4_2 movbe popcnt tsc_deadline_timer aes xsave avx f16c rdrand lahf_lm abm epb tpr_shadow vnmi flexpriority ept vpid fsgsbase tsc_adjust bmi1 avx2 smep bmi2 erms invpcid xsaveopt dtherm ida arat pln pts
bugs		:
bogomips	: 4789.09
clflush size	: 64
cache_alignment	: 64
address sizes	: 39 bits physical, 48 bits virtual
power management:

processor	: 1
vendor_id	: GenuineIntel
cpu family	: 6
model		: 60
model name	: Intel(R) Core(TM) i7-4700MQ CPU @ 2.40GHz
stepping	: 3
microcode	: 0x16
cpu MHz		: 1599.937
cache size	: 6144 KB
physical id	: 0
siblings	: 8
core id		: 0
cpu cores	: 4
apicid		: 1
initial apicid	: 1
fpu		: yes
fpu_exception	: yes
cpuid level	: 13
wp		: yes
flags		: fpu vme de pse tsc msr pae mce cx8 apic sep mtrr pge mca cmov pat pse36 clflush dts acpi mmx fxsr sse sse2 ss ht tm pbe syscall nx pdpe1gb rdtscp lm constant_tsc arch_perfmon pebs bts rep_good nopl xtopology nonstop_tsc aperfmperf eagerfpu pni pclmulqdq dtes64 monitor ds_cpl vmx est tm2 ssse3 sdbg fma cx16 xtpr pdcm pcid sse4_1 sse4_2 movbe popcnt tsc_deadline_timer aes xsave avx f16c rdrand lahf_lm abm epb tpr_shadow vnmi flexpriority ept vpid fsgsbase tsc_adjust bmi1 avx2 smep bmi2 erms invpcid xsaveopt dtherm ida arat pln pts
bugs		:
bogomips	: 4789.09
clflush size	: 64
cache_alignment	: 64
address sizes	: 39 bits physical, 48 bits virtual
power management:

processor	: 2
vendor_id	: GenuineIntel
cpu family	: 6
model		: 60
model name	: Intel(R) Core(TM) i7-4700MQ CPU @ 2.40GHz
stepping	: 3
microcode	: 0x16
cpu MHz		: 1599.937
cache size	: 6144 KB
physical id	: 0
siblings	: 8
core id		: 1
cpu cores	: 4
apicid		: 2
initial apicid	: 2
fpu		: yes
fpu_exception	: yes
cpuid level	: 13
wp		: yes
flags		: fpu vme de pse tsc msr pae mce cx8 apic sep mtrr pge mca cmov pat pse36 clflush dts acpi mmx fxsr sse sse2 ss ht tm pbe syscall nx pdpe1gb rdtscp lm constant_tsc arch_perfmon pebs bts rep_good nopl xtopology nonstop_tsc aperfmperf eagerfpu pni pclmulqdq dtes64 monitor ds_cpl vmx est tm2 ssse3 sdbg fma cx16 xtpr pdcm pcid sse4_1 sse4_2 movbe popcnt tsc_deadline_timer aes xsave avx f16c rdrand lahf_lm abm epb tpr_shadow vnmi flexpriority ept vpid fsgsbase tsc_adjust bmi1 avx2 smep bmi2 erms invpcid xsaveopt dtherm ida arat pln pts
bugs		:
bogomips	: 4789.09
clflush size	: 64
cache_alignment	: 64
address sizes	: 39 bits physical, 48 bits virtual
power management:

processor	: 3
vendor_id	: GenuineIntel
cpu family	: 6
model		: 60
model name	: Intel(R) Core(TM) i7-4700MQ CPU @ 2.40GHz
stepping	: 3
microcode	: 0x16
cpu MHz		: 1599.937
cache size	: 6144 KB
physical id	: 0
siblings	: 8
core id		: 1
cpu cores	: 4
apicid		: 3
initial apicid	: 3
fpu		: yes
fpu_exception	: yes
cpuid level	: 13
wp		: yes
flags		: fpu vme de pse tsc msr pae mce cx8 apic sep mtrr pge mca cmov pat pse36 clflush dts acpi mmx fxsr sse sse2 ss ht tm pbe syscall nx pdpe1gb rdtscp lm constant_tsc arch_perfmon pebs bts rep_good nopl xtopology nonstop_tsc aperfmperf eagerfpu pni pclmulqdq dtes64 monitor ds_cpl vmx est tm2 ssse3 sdbg fma cx16 xtpr pdcm pcid sse4_1 sse4_2 movbe popcnt tsc_deadline_timer aes xsave avx f16c rdrand lahf_lm abm epb tpr_shadow vnmi flexpriority ept vpid fsgsbase tsc_adjust bmi1 avx2 smep bmi2 erms invpcid xsaveopt dtherm ida arat pln pts
bugs		:
bogomips	: 4789.09
clflush size	: 64
cache_alignment	: 64
address sizes	: 39 bits physical, 48 bits virtual
power management:

processor	: 4
vendor_id	: GenuineIntel
cpu family	: 6
model		: 60
model name	: Intel(R) Core(TM) i7-4700MQ CPU @ 2.40GHz
stepping	: 3
microcode	: 0x16
cpu MHz		: 1599.937
cache size	: 6144 KB
physical id	: 0
siblings	: 8
core id		: 2
cpu cores	: 4
apicid		: 4
initial apicid	: 4
fpu		: yes
fpu_exception	: yes
cpuid level	: 13
wp		: yes
flags		: fpu vme de pse tsc msr pae mce cx8 apic sep mtrr pge mca cmov pat pse36 clflush dts acpi mmx fxsr sse sse2 ss ht tm pbe syscall nx pdpe1gb rdtscp lm constant_tsc arch_perfmon pebs bts rep_good nopl xtopology nonstop_tsc aperfmperf eagerfpu pni pclmulqdq dtes64 monitor ds_cpl vmx est tm2 ssse3 sdbg fma cx16 xtpr pdcm pcid sse4_1 sse4_2 movbe popcnt tsc_deadline_timer aes xsave avx f16c rdrand lahf_lm abm epb tpr_shadow vnmi flexpriority ept vpid fsgsbase tsc_adjust bmi1 avx2 smep bmi2 erms invpcid xsaveopt dtherm ida arat pln pts
bugs		:
bogomips	: 4789.09
clflush size	: 64
cache_alignment	: 64
address sizes	: 39 bits physical, 48 bits virtual
power management:

processor	: 5
vendor_id	: GenuineIntel
cpu family	: 6
model		: 60
model name	: Intel(R) Core(TM) i7-4700MQ CPU @ 2.40GHz
stepping	: 3
microcode	: 0x16
cpu MHz		: 1599.937
cache size	: 6144 KB
physical id	: 0
siblings	: 8
core id		: 2
cpu cores	: 4
apicid		: 5
initial apicid	: 5
fpu		: yes
fpu_exception	: yes
cpuid level	: 13
wp		: yes
flags		: fpu vme de pse tsc msr pae mce cx8 apic sep mtrr pge mca cmov pat pse36 clflush dts acpi mmx fxsr sse sse2 ss ht tm pbe syscall nx pdpe1gb rdtscp lm constant_tsc arch_perfmon pebs bts rep_good nopl xtopology nonstop_tsc aperfmperf eagerfpu pni pclmulqdq dtes64 monitor ds_cpl vmx est tm2 ssse3 sdbg fma cx16 xtpr pdcm pcid sse4_1 sse4_2 movbe popcnt tsc_deadline_timer aes xsave avx f16c rdrand lahf_lm abm epb tpr_shadow vnmi flexpriority ept vpid fsgsbase tsc_adjust bmi1 avx2 smep bmi2 erms invpcid xsaveopt dtherm ida arat pln pts
bugs		:
bogomips	: 4789.09
clflush size	: 64
cache_alignment	: 64
address sizes	: 39 bits physical, 48 bits virtual
power management:

processor	: 6
vendor_id	: GenuineIntel
cpu family	: 6
model		: 60
model name	: Intel(R) Core(TM) i7-4700MQ CPU @ 2.40GHz
stepping	: 3
microcode	: 0x16
cpu MHz		: 1599.937
cache size	: 6144 KB
physical id	: 0
siblings	: 8
core id		: 3
cpu cores	: 4
apicid		: 6
initial apicid	: 6
fpu		: yes
fpu_exception	: yes
cpuid level	: 13
wp		: yes
flags		: fpu vme de pse tsc msr pae mce cx8 apic sep mtrr pge mca cmov pat pse36 clflush dts acpi mmx fxsr sse sse2 ss ht tm pbe syscall nx pdpe1gb rdtscp lm constant_tsc arch_perfmon pebs bts rep_good nopl xtopology nonstop_tsc aperfmperf eagerfpu pni pclmulqdq dtes64 monitor ds_cpl vmx est tm2 ssse3 sdbg fma cx16 xtpr pdcm pcid sse4_1 sse4_2 movbe popcnt tsc_deadline_timer aes xsave avx f16c rdrand lahf_lm abm epb tpr_shadow vnmi flexpriority ept vpid fsgsbase tsc_adjust bmi1 avx2 smep bmi2 erms invpcid xsaveopt dtherm ida arat pln pts
bugs		:
bogomips	: 4789.09
clflush size	: 64
cache_alignment	: 64
address sizes	: 39 bits physical, 48 bits virtual
power management:

processor	: 7
vendor_id	: GenuineIntel
cpu family	: 6
model		: 60
model name	: Intel(R) Core(TM) i7-4700MQ CPU @ 2.40GHz
stepping	: 3
microcode	: 0x16
cpu MHz		: 1599.937
cache size	: 6144 KB
physical id	: 0
siblings	: 8
core id		: 3
cpu cores	: 4
apicid		: 7
initial apicid	: 7
fpu		: yes
fpu_exception	: yes
cpuid level	: 13
wp		: yes
flags		: fpu vme de pse tsc msr pae mce cx8 apic sep mtrr pge mca cmov pat pse36 clflush dts acpi mmx fxsr sse sse2 ss ht tm pbe syscall nx pdpe1gb rdtscp lm constant_tsc arch_perfmon pebs bts rep_good nopl xtopology nonstop_tsc aperfmperf eagerfpu pni pclmulqdq dtes64 monitor ds_cpl vmx est tm2 ssse3 sdbg fma cx16 xtpr pdcm pcid sse4_1 sse4_2 movbe popcnt tsc_deadline_timer aes xsave avx f16c rdrand lahf_lm abm epb tpr_shadow vnmi flexpriority ept vpid fsgsbase tsc_adjust bmi1 avx2 smep bmi2 erms invpcid xsaveopt dtherm ida arat pln pts
bugs		:
bogomips	: 4789.09
clflush size	: 64
cache_alignment	: 64
address sizes	: 39 bits physical, 48 bits virtual
power management:



Memory: 4k page, physical 8101800k(73472k free), swap 0k(0k free)

vm_info: Java HotSpot(TM) 64-Bit Server VM (25.91-b14) for linux-amd64 JRE (1.8.0_91-b14), built on Apr  1 2016 00:57:21 by "java_re" with gcc 4.3.0 20080428 (Red Hat 4.3.0-8)

time: Thu Aug 25 12:06:43 2016
elapsed time: 4 seconds (0d 0h 0m 4s)

