#
# There is insufficient memory for the Java Runtime Environment to continue.
# Native memory allocation (mmap) failed to map 168820736 bytes for committing reserved memory.
# Possible reasons:
#   The system is out of physical RAM or swap space
#   In 32 bit mode, the process size limit was hit
# Possible solutions:
#   Reduce memory load on the system
#   Increase physical memory or swap space
#   Check if swap backing store is full
#   Use 64 bit Java on a 64 bit OS
#   Decrease Java heap size (-Xmx/-Xms)
#   Decrease number of Java threads
#   Decrease Java thread stack sizes (-Xss)
#   Set larger code cache with -XX:ReservedCodeCacheSize=
# This output file may be truncated or incomplete.
#
#  Out of Memory Error (os_linux.cpp:2627), pid=23288, tid=139945629202176
#
# JRE version: Java(TM) SE Runtime Environment (8.0_91-b14) (build 1.8.0_91-b14)
# Java VM: Java HotSpot(TM) 64-Bit Server VM (25.91-b14 mixed mode linux-amd64 compressed oops)
# Failed to write core dump. Core dumps have been disabled. To enable core dumping, try "ulimit -c unlimited" before starting Java again
#

---------------  T H R E A D  ---------------

Current thread (0x00007f47b4080000):  VMThread [stack: 0x00007f47a1743000,0x00007f47a1844000] [id=23301]

Stack: [0x00007f47a1743000,0x00007f47a1844000],  sp=0x00007f47a1842320,  free space=1020k
Native frames: (J=compiled Java code, j=interpreted, Vv=VM code, C=native code)
V  [libjvm.so+0xabc18a]  VMError::report_and_die()+0x2ba
V  [libjvm.so+0x4fafeb]  report_vm_out_of_memory(char const*, int, unsigned long, VMErrorType, char const*)+0x8b
V  [libjvm.so+0x91cbb3]  os::Linux::commit_memory_impl(char*, unsigned long, bool)+0x103
V  [libjvm.so+0x91d109]  os::pd_commit_memory(char*, unsigned long, unsigned long, bool)+0x29
V  [libjvm.so+0x91740a]  os::commit_memory(char*, unsigned long, unsigned long, bool)+0x2a
V  [libjvm.so+0x98b033]  PSVirtualSpace::expand_by(unsigned long)+0x53
V  [libjvm.so+0x98c438]  PSYoungGen::resize_generation(unsigned long, unsigned long)+0xf8
V  [libjvm.so+0x98b592]  PSYoungGen::resize(unsigned long, unsigned long)+0x22
V  [libjvm.so+0x98886b]  PSScavenge::invoke_no_policy()+0xf3b
V  [libjvm.so+0x988ff1]  PSScavenge::invoke()+0x41
V  [libjvm.so+0x9408b0]  ParallelScavengeHeap::failed_mem_allocate(unsigned long)+0x70
V  [libjvm.so+0xabdba7]  VM_ParallelGCFailedAllocation::doit()+0x97
V  [libjvm.so+0xac55d5]  VM_Operation::evaluate()+0x55
V  [libjvm.so+0xac39aa]  VMThread::evaluate_operation(VM_Operation*)+0xba
V  [libjvm.so+0xac3d2e]  VMThread::loop()+0x1ce
V  [libjvm.so+0xac41a0]  VMThread::run()+0x70
V  [libjvm.so+0x91ef78]  java_start(Thread*)+0x108

VM_Operation (0x00007f47bcf864f0): ParallelGCFailedAllocation, mode: safepoint, requested by thread 0x00007f47b400a000


---------------  P R O C E S S  ---------------

Java Threads: ( => current thread )
  0x00007f47b4149800 JavaThread "pool-2-thread-4" [_thread_blocked, id=23316, stack(0x00007f47a04e4000,0x00007f47a05e5000)]
  0x00007f47b4148000 JavaThread "pool-2-thread-3" [_thread_blocked, id=23315, stack(0x00007f47a05e5000,0x00007f47a06e6000)]
  0x00007f47b4147000 JavaThread "pool-2-thread-2" [_thread_blocked, id=23314, stack(0x00007f47a06e6000,0x00007f47a07e7000)]
  0x00007f47b4145000 JavaThread "pool-3-thread-1" [_thread_blocked, id=23313, stack(0x00007f47a07e7000,0x00007f47a08e8000)]
  0x00007f47b4142800 JavaThread "pool-2-thread-1" [_thread_blocked, id=23312, stack(0x00007f47a08e8000,0x00007f47a09e9000)]
  0x00007f47b40ca800 JavaThread "Service Thread" daemon [_thread_blocked, id=23309, stack(0x00007f47a0b03000,0x00007f47a0c04000)]
  0x00007f47b40c7800 JavaThread "C1 CompilerThread3" daemon [_thread_blocked, id=23308, stack(0x00007f47a0c04000,0x00007f47a0d05000)]
  0x00007f47b40c5800 JavaThread "C2 CompilerThread2" daemon [_thread_blocked, id=23307, stack(0x00007f47a0d05000,0x00007f47a0e06000)]
  0x00007f47b40c4000 JavaThread "C2 CompilerThread1" daemon [_thread_blocked, id=23306, stack(0x00007f47a0e06000,0x00007f47a0f07000)]
  0x00007f47b40c1000 JavaThread "C2 CompilerThread0" daemon [_thread_blocked, id=23305, stack(0x00007f47a0f07000,0x00007f47a1008000)]
  0x00007f47b40bf800 JavaThread "Signal Dispatcher" daemon [_thread_blocked, id=23304, stack(0x00007f47a1008000,0x00007f47a1109000)]
  0x00007f47b408c800 JavaThread "Finalizer" daemon [_thread_blocked, id=23303, stack(0x00007f47a1541000,0x00007f47a1642000)]
  0x00007f47b4087800 JavaThread "Reference Handler" daemon [_thread_blocked, id=23302, stack(0x00007f47a1642000,0x00007f47a1743000)]
  0x00007f47b400a000 JavaThread "main" [_thread_blocked, id=23290, stack(0x00007f47bce88000,0x00007f47bcf89000)]

Other Threads:
=>0x00007f47b4080000 VMThread [stack: 0x00007f47a1743000,0x00007f47a1844000] [id=23301]
  0x00007f47b40cd800 WatcherThread [stack: 0x00007f47a0a02000,0x00007f47a0b03000] [id=23310]

VM state:at safepoint (normal execution)

VM Mutex/Monitor currently owned by a thread:  ([mutex/lock_event])
[0x00007f47b4006570] Threads_lock - owner thread: 0x00007f47b4080000
[0x00007f47b4006a70] Heap_lock - owner thread: 0x00007f47b400a000

Heap:
 PSYoungGen      total 132096K, used 5113K [0x00000000eab00000, 0x00000000f3100000, 0x0000000100000000)
  eden space 126976K, 0% used [0x00000000eab00000,0x00000000eab00000,0x00000000f2700000)
  from space 5120K, 99% used [0x00000000f2700000,0x00000000f2bfe498,0x00000000f2c00000)
  to   space 5120K, 0% used [0x00000000f2c00000,0x00000000f2c00000,0x00000000f3100000)
 ParOldGen       total 84992K, used 40414K [0x00000000c0000000, 0x00000000c5300000, 0x00000000eab00000)
  object space 84992K, 47% used [0x00000000c0000000,0x00000000c2777838,0x00000000c5300000)
 Metaspace       used 6367K, capacity 7192K, committed 7424K, reserved 1056768K
  class space    used 618K, capacity 656K, committed 768K, reserved 1048576K

Card table byte_map: [0x00007f47b9a3d000,0x00007f47b9c3e000] byte_map_base: 0x00007f47b943d000

Marking Bits: (ParMarkBitMap*) 0x00007f47bc35cd60
 Begin Bits: [0x00007f47a3000000, 0x00007f47a4000000)
 End Bits:   [0x00007f47a4000000, 0x00007f47a5000000)

Polling page: 0x00007f47bcfac000

CodeCache: size=245760Kb used=6387Kb max_used=6387Kb free=239373Kb
 bounds [0x00007f47a5000000, 0x00007f47a5650000, 0x00007f47b4000000]
 total_blobs=2076 nmethods=1807 adapters=182
 compilation: enabled

Compilation events (10 events):
Event: 5,781 Thread 0x00007f47b40c7800 2077       2       java.util.TreeMap$EntrySet::iterator (19 bytes)
Event: 5,782 Thread 0x00007f47b40c7800 nmethod 2077 0x00007f47a563e310 code [0x00007f47a563e480, 0x00007f47a563e6f0]
Event: 5,914 Thread 0x00007f47b40c7800 2080       2       com.android.dx.rop.code.RegisterSpecList::indexOfRegister (38 bytes)
Event: 5,914 Thread 0x00007f47b40c7800 nmethod 2080 0x00007f47a563e850 code [0x00007f47a563e9c0, 0x00007f47a563ec28]
Event: 5,916 Thread 0x00007f47b40c7800 2081       2       com.android.dx.dex.code.RopTranslator$TranslationVisitor::visitThrowingInsn (118 bytes)
Event: 5,928 Thread 0x00007f47b40c7800 nmethod 2081 0x00007f47a563edd0 code [0x00007f47a563f020, 0x00007f47a563f788]
Event: 5,939 Thread 0x00007f47b40c7800 2082       1       com.android.dx.rop.cst.CstFloat::getType (4 bytes)
Event: 5,939 Thread 0x00007f47b40c7800 nmethod 2082 0x00007f47a5640090 code [0x00007f47a56401e0, 0x00007f47a56402f0]
Event: 5,948 Thread 0x00007f47b40c7800 2085       2       com.android.dx.cf.code.SwitchList::add (35 bytes)
Event: 5,948 Thread 0x00007f47b40c7800 nmethod 2085 0x00007f47a5640350 code [0x00007f47a5640500, 0x00007f47a5640838]

GC Heap History (9 events):
Event: 1,434 GC heap before
{Heap before GC invocations=1 (full 0):
 PSYoungGen      total 36864K, used 31744K [0x00000000eab00000, 0x00000000ed400000, 0x0000000100000000)
  eden space 31744K, 100% used [0x00000000eab00000,0x00000000eca00000,0x00000000eca00000)
  from space 5120K, 0% used [0x00000000ecf00000,0x00000000ecf00000,0x00000000ed400000)
  to   space 5120K, 0% used [0x00000000eca00000,0x00000000eca00000,0x00000000ecf00000)
 ParOldGen       total 84992K, used 0K [0x00000000c0000000, 0x00000000c5300000, 0x00000000eab00000)
  object space 84992K, 0% used [0x00000000c0000000,0x00000000c0000000,0x00000000c5300000)
 Metaspace       used 5819K, capacity 6768K, committed 7040K, reserved 1056768K
  class space    used 596K, capacity 616K, committed 640K, reserved 1048576K
Event: 1,538 GC heap after
Heap after GC invocations=1 (full 0):
 PSYoungGen      total 36864K, used 5112K [0x00000000eab00000, 0x00000000ef300000, 0x0000000100000000)
  eden space 31744K, 0% used [0x00000000eab00000,0x00000000eab00000,0x00000000eca00000)
  from space 5120K, 99% used [0x00000000eca00000,0x00000000ecefe128,0x00000000ecf00000)
  to   space 5120K, 0% used [0x00000000eee00000,0x00000000eee00000,0x00000000ef300000)
 ParOldGen       total 84992K, used 1301K [0x00000000c0000000, 0x00000000c5300000, 0x00000000eab00000)
  object space 84992K, 1% used [0x00000000c0000000,0x00000000c01455a0,0x00000000c5300000)
 Metaspace       used 5819K, capacity 6768K, committed 7040K, reserved 1056768K
  class space    used 596K, capacity 616K, committed 640K, reserved 1048576K
}
Event: 2,370 GC heap before
{Heap before GC invocations=2 (full 0):
 PSYoungGen      total 36864K, used 36856K [0x00000000eab00000, 0x00000000ef300000, 0x0000000100000000)
  eden space 31744K, 100% used [0x00000000eab00000,0x00000000eca00000,0x00000000eca00000)
  from space 5120K, 99% used [0x00000000eca00000,0x00000000ecefe128,0x00000000ecf00000)
  to   space 5120K, 0% used [0x00000000eee00000,0x00000000eee00000,0x00000000ef300000)
 ParOldGen       total 84992K, used 1301K [0x00000000c0000000, 0x00000000c5300000, 0x00000000eab00000)
  object space 84992K, 1% used [0x00000000c0000000,0x00000000c01455a0,0x00000000c5300000)
 Metaspace       used 5967K, capacity 6896K, committed 7040K, reserved 1056768K
  class space    used 596K, capacity 616K, committed 640K, reserved 1048576K
Event: 2,459 GC heap after
Heap after GC invocations=2 (full 0):
 PSYoungGen      total 68608K, used 5102K [0x00000000eab00000, 0x00000000ef300000, 0x0000000100000000)
  eden space 63488K, 0% used [0x00000000eab00000,0x00000000eab00000,0x00000000ee900000)
  from space 5120K, 99% used [0x00000000eee00000,0x00000000ef2fbaf0,0x00000000ef300000)
  to   space 5120K, 0% used [0x00000000ee900000,0x00000000ee900000,0x00000000eee00000)
 ParOldGen       total 84992K, used 5662K [0x00000000c0000000, 0x00000000c5300000, 0x00000000eab00000)
  object space 84992K, 6% used [0x00000000c0000000,0x00000000c0587ba0,0x00000000c5300000)
 Metaspace       used 5967K, capacity 6896K, committed 7040K, reserved 1056768K
  class space    used 596K, capacity 616K, committed 640K, reserved 1048576K
}
Event: 3,707 GC heap before
{Heap before GC invocations=3 (full 0):
 PSYoungGen      total 68608K, used 68590K [0x00000000eab00000, 0x00000000ef300000, 0x0000000100000000)
  eden space 63488K, 100% used [0x00000000eab00000,0x00000000ee900000,0x00000000ee900000)
  from space 5120K, 99% used [0x00000000eee00000,0x00000000ef2fbaf0,0x00000000ef300000)
  to   space 5120K, 0% used [0x00000000ee900000,0x00000000ee900000,0x00000000eee00000)
 ParOldGen       total 84992K, used 5662K [0x00000000c0000000, 0x00000000c5300000, 0x00000000eab00000)
  object space 84992K, 6% used [0x00000000c0000000,0x00000000c0587ba0,0x00000000c5300000)
 Metaspace       used 6136K, capacity 7000K, committed 7168K, reserved 1056768K
  class space    used 617K, capacity 656K, committed 768K, reserved 1048576K
Event: 3,807 GC heap after
Heap after GC invocations=3 (full 0):
 PSYoungGen      total 68608K, used 5104K [0x00000000eab00000, 0x00000000f3100000, 0x0000000100000000)
  eden space 63488K, 0% used [0x00000000eab00000,0x00000000eab00000,0x00000000ee900000)
  from space 5120K, 99% used [0x00000000ee900000,0x00000000eedfc0c0,0x00000000eee00000)
  to   space 5120K, 0% used [0x00000000f2c00000,0x00000000f2c00000,0x00000000f3100000)
 ParOldGen       total 84992K, used 14700K [0x00000000c0000000, 0x00000000c5300000, 0x00000000eab00000)
  object space 84992K, 17% used [0x00000000c0000000,0x00000000c0e5b3e0,0x00000000c5300000)
 Metaspace       used 6136K, capacity 7000K, committed 7168K, reserved 1056768K
  class space    used 617K, capacity 656K, committed 768K, reserved 1048576K
}
Event: 4,802 GC heap before
{Heap before GC invocations=4 (full 0):
 PSYoungGen      total 68608K, used 68592K [0x00000000eab00000, 0x00000000f3100000, 0x0000000100000000)
  eden space 63488K, 100% used [0x00000000eab00000,0x00000000ee900000,0x00000000ee900000)
  from space 5120K, 99% used [0x00000000ee900000,0x00000000eedfc0c0,0x00000000eee00000)
  to   space 5120K, 0% used [0x00000000f2c00000,0x00000000f2c00000,0x00000000f3100000)
 ParOldGen       total 84992K, used 14700K [0x00000000c0000000, 0x00000000c5300000, 0x00000000eab00000)
  object space 84992K, 17% used [0x00000000c0000000,0x00000000c0e5b3e0,0x00000000c5300000)
 Metaspace       used 6265K, capacity 7128K, committed 7424K, reserved 1056768K
  class space    used 618K, capacity 656K, committed 768K, reserved 1048576K
Event: 4,942 GC heap after
Heap after GC invocations=4 (full 0):
 PSYoungGen      total 132096K, used 5103K [0x00000000eab00000, 0x00000000f3100000, 0x0000000100000000)
  eden space 126976K, 0% used [0x00000000eab00000,0x00000000eab00000,0x00000000f2700000)
  from space 5120K, 99% used [0x00000000f2c00000,0x00000000f30fbeb8,0x00000000f3100000)
  to   space 5120K, 0% used [0x00000000f2700000,0x00000000f2700000,0x00000000f2c00000)
 ParOldGen       total 84992K, used 23070K [0x00000000c0000000, 0x00000000c5300000, 0x00000000eab00000)
  object space 84992K, 27% used [0x00000000c0000000,0x00000000c1687988,0x00000000c5300000)
 Metaspace       used 6265K, capacity 7128K, committed 7424K, reserved 1056768K
  class space    used 618K, capacity 656K, committed 768K, reserved 1048576K
}
Event: 5,988 GC heap before
{Heap before GC invocations=5 (full 0):
 PSYoungGen      total 132096K, used 132079K [0x00000000eab00000, 0x00000000f3100000, 0x0000000100000000)
  eden space 126976K, 100% used [0x00000000eab00000,0x00000000f2700000,0x00000000f2700000)
  from space 5120K, 99% used [0x00000000f2c00000,0x00000000f30fbeb8,0x00000000f3100000)
  to   space 5120K, 0% used [0x00000000f2700000,0x00000000f2700000,0x00000000f2c00000)
 ParOldGen       total 84992K, used 23070K [0x00000000c0000000, 0x00000000c5300000, 0x00000000eab00000)
  object space 84992K, 27% used [0x00000000c0000000,0x00000000c1687988,0x00000000c5300000)
 Metaspace       used 6367K, capacity 7192K, committed 7424K, reserved 1056768K
  class space    used 618K, capacity 656K, committed 768K, reserved 1048576K

Deoptimization events (10 events):
Event: 2,548 Thread 0x00007f47b4149800 Uncommon trap: reason=unstable_if action=reinterpret pc=0x00007f47a5204478 method=java.util.HashMap.getNode(ILjava/lang/Object;)Ljava/util/HashMap$Node; @ 84
Event: 2,563 Thread 0x00007f47b4148000 Uncommon trap: reason=unstable_if action=reinterpret pc=0x00007f47a5216f74 method=java.util.HashMap.getNode(ILjava/lang/Object;)Ljava/util/HashMap$Node; @ 84
Event: 2,882 Thread 0x00007f47b4147000 Uncommon trap: reason=unstable_if action=reinterpret pc=0x00007f47a52a6944 method=com.android.dx.util.IntList.binarysearch(I)I @ 105
Event: 3,201 Thread 0x00007f47b4149800 Uncommon trap: reason=unstable_if action=reinterpret pc=0x00007f47a52ae83c method=com.android.dx.ssa.SsaMethod.updateOneDefinition(Lcom/android/dx/ssa/SsaInsn;Lcom/android/dx/rop/code/RegisterSpec;)V @ 4
Event: 3,423 Thread 0x00007f47b4148000 Uncommon trap: reason=unstable_if action=reinterpret pc=0x00007f47a5243824 method=com.android.dx.rop.code.RegisterSpec.equals(ILcom/android/dx/rop/type/TypeBearer;Lcom/android/dx/rop/code/LocalItem;)Z @ 42
Event: 3,527 Thread 0x00007f47b4147000 Uncommon trap: reason=unstable_if action=reinterpret pc=0x00007f47a53fc950 method=com.android.dx.ssa.SCCP.simulateStmt(Lcom/android/dx/ssa/SsaInsn;)V @ 53
Event: 3,977 Thread 0x00007f47b400a000 Uncommon trap: reason=unstable_if action=reinterpret pc=0x00007f47a532a6d4 method=java.util.HashMap.putVal(ILjava/lang/Object;Ljava/lang/Object;ZZ)Ljava/lang/Object; @ 109
Event: 5,222 Thread 0x00007f47b4148000 Uncommon trap: reason=unstable_if action=reinterpret pc=0x00007f47a52a3d18 method=com.android.dx.dex.code.OutputFinisher.hasLocalInfo(Lcom/android/dx/dex/code/DalvInsn;)Z @ 24
Event: 5,445 Thread 0x00007f47b4142800 Uncommon trap: reason=unstable_if action=reinterpret pc=0x00007f47a54f2e40 method=com.android.dx.ssa.MoveParamCombiner$1.visitNonMoveInsn(Lcom/android/dx/ssa/NormalSsaInsn;)V @ 27
Event: 5,697 Thread 0x00007f47b4147000 Uncommon trap: reason=unstable_if action=reinterpret pc=0x00007f47a55c3eb4 method=com.android.dx.ssa.SCCP.simulateBranch(Lcom/android/dx/ssa/SsaInsn;)V @ 548

Internal exceptions (5 events):
Event: 0,042 Thread 0x00007f47b400a000 Exception <a 'java/lang/NoSuchMethodError': Method sun.misc.Unsafe.defineClass(Ljava/lang/String;[BII)Ljava/lang/Class; name or signature does not match> (0x00000000eab07cc0) thrown at [/HUDSON/workspace/8-2-build-linux-amd64/jdk8u91/6644/hotspot/src/shar
Event: 0,042 Thread 0x00007f47b400a000 Exception <a 'java/lang/NoSuchMethodError': Method sun.misc.Unsafe.prefetchRead(Ljava/lang/Object;J)V name or signature does not match> (0x00000000eab07fa8) thrown at [/HUDSON/workspace/8-2-build-linux-amd64/jdk8u91/6644/hotspot/src/share/vm/prims/jni.cpp
Event: 2,530 Thread 0x00007f47b4149800 Exception <a 'java/lang/ArrayIndexOutOfBoundsException': 18> (0x00000000eab5d4e8) thrown at [/HUDSON/workspace/8-2-build-linux-amd64/jdk8u91/6644/hotspot/src/share/vm/interpreter/interpreterRuntime.cpp, line 366]
Event: 2,531 Thread 0x00007f47b4149800 Exception <a 'java/lang/ArrayIndexOutOfBoundsException': 145> (0x00000000eab5f068) thrown at [/HUDSON/workspace/8-2-build-linux-amd64/jdk8u91/6644/hotspot/src/share/vm/interpreter/interpreterRuntime.cpp, line 366]
Event: 2,532 Thread 0x00007f47b4149800 Exception <a 'java/lang/ArrayIndexOutOfBoundsException': 40> (0x00000000eab60350) thrown at [/HUDSON/workspace/8-2-build-linux-amd64/jdk8u91/6644/hotspot/src/share/vm/interpreter/interpreterRuntime.cpp, line 366]

Events (10 events):
Event: 5,750 Thread 0x00007f47b4147000 DEOPT UNPACKING pc=0x00007f47a5047633 sp=0x00007f47a07e4c10 mode 0
Event: 5,779 Thread 0x00007f47b4147000 DEOPT PACKING pc=0x00007f47a537e048 sp=0x00007f47a07e4c90
Event: 5,779 Thread 0x00007f47b4147000 DEOPT UNPACKING pc=0x00007f47a5047633 sp=0x00007f47a07e4a18 mode 0
Event: 5,860 Thread 0x00007f47b4149800 DEOPT PACKING pc=0x00007f47a53b10ec sp=0x00007f47a05e2eb0
Event: 5,860 Thread 0x00007f47b4149800 DEOPT UNPACKING pc=0x00007f47a5047633 sp=0x00007f47a05e2bb0 mode 0
Event: 5,930 Thread 0x00007f47b400a000 DEOPT PACKING pc=0x00007f47a537e048 sp=0x00007f47bcf865f0
Event: 5,930 Thread 0x00007f47b400a000 DEOPT UNPACKING pc=0x00007f47a5047633 sp=0x00007f47bcf86378 mode 0
Event: 5,950 Thread 0x00007f47b4148000 DEOPT PACKING pc=0x00007f47a537e048 sp=0x00007f47a06e3c10
Event: 5,950 Thread 0x00007f47b4148000 DEOPT UNPACKING pc=0x00007f47a5047633 sp=0x00007f47a06e3998 mode 0
Event: 5,981 Executing VM operation: ParallelGCFailedAllocation


Dynamic libraries:
00400000-00401000 r-xp 00000000 08:01 9839507                            /usr/lib/jvm/java-8-oracle/bin/java
00600000-00601000 rw-p 00000000 08:01 9839507                            /usr/lib/jvm/java-8-oracle/bin/java
00cc6000-00ce7000 rw-p 00000000 00:00 0                                  [heap]
c0000000-c5300000 rw-p 00000000 00:00 0 
c5300000-eab00000 ---p 00000000 00:00 0 
eab00000-f3100000 rw-p 00000000 00:00 0 
fd200000-100000000 ---p 00000000 00:00 0 
100000000-1000c0000 rw-p 00000000 00:00 0 
1000c0000-140000000 ---p 00000000 00:00 0 
7f4744000000-7f4744021000 rw-p 00000000 00:00 0 
7f4744021000-7f4748000000 ---p 00000000 00:00 0 
7f4748000000-7f474804b000 rw-p 00000000 00:00 0 
7f474804b000-7f474c000000 ---p 00000000 00:00 0 
7f474c000000-7f474c021000 rw-p 00000000 00:00 0 
7f474c021000-7f4750000000 ---p 00000000 00:00 0 
7f4750000000-7f4750031000 rw-p 00000000 00:00 0 
7f4750031000-7f4754000000 ---p 00000000 00:00 0 
7f4754000000-7f4754021000 rw-p 00000000 00:00 0 
7f4754021000-7f4758000000 ---p 00000000 00:00 0 
7f4758000000-7f4758037000 rw-p 00000000 00:00 0 
7f4758037000-7f475c000000 ---p 00000000 00:00 0 
7f475c000000-7f475c8c4000 rw-p 00000000 00:00 0 
7f475c8c4000-7f4760000000 ---p 00000000 00:00 0 
7f4760000000-7f4760021000 rw-p 00000000 00:00 0 
7f4760021000-7f4764000000 ---p 00000000 00:00 0 
7f4764000000-7f4764a6d000 rw-p 00000000 00:00 0 
7f4764a6d000-7f4768000000 ---p 00000000 00:00 0 
7f4768000000-7f4768a8c000 rw-p 00000000 00:00 0 
7f4768a8c000-7f476c000000 ---p 00000000 00:00 0 
7f476c000000-7f476c021000 rw-p 00000000 00:00 0 
7f476c021000-7f4770000000 ---p 00000000 00:00 0 
7f4770000000-7f47709e9000 rw-p 00000000 00:00 0 
7f47709e9000-7f4774000000 ---p 00000000 00:00 0 
7f4774000000-7f4774021000 rw-p 00000000 00:00 0 
7f4774021000-7f4778000000 ---p 00000000 00:00 0 
7f4778000000-7f4778021000 rw-p 00000000 00:00 0 
7f4778021000-7f477c000000 ---p 00000000 00:00 0 
7f477c000000-7f477c021000 rw-p 00000000 00:00 0 
7f477c021000-7f4780000000 ---p 00000000 00:00 0 
7f4780000000-7f4780297000 rw-p 00000000 00:00 0 
7f4780297000-7f4784000000 ---p 00000000 00:00 0 
7f4784000000-7f4784021000 rw-p 00000000 00:00 0 
7f4784021000-7f4788000000 ---p 00000000 00:00 0 
7f4788000000-7f4788021000 rw-p 00000000 00:00 0 
7f4788021000-7f478c000000 ---p 00000000 00:00 0 
7f478c000000-7f478c021000 rw-p 00000000 00:00 0 
7f478c021000-7f4790000000 ---p 00000000 00:00 0 
7f4790000000-7f4790021000 rw-p 00000000 00:00 0 
7f4790021000-7f4794000000 ---p 00000000 00:00 0 
7f4794000000-7f4794021000 rw-p 00000000 00:00 0 
7f4794021000-7f4798000000 ---p 00000000 00:00 0 
7f4798000000-7f4798021000 rw-p 00000000 00:00 0 
7f4798021000-7f479c000000 ---p 00000000 00:00 0 
7f479c000000-7f479c021000 rw-p 00000000 00:00 0 
7f479c021000-7f47a0000000 ---p 00000000 00:00 0 
7f47a04c7000-7f47a04e4000 r--p 00000000 08:01 11012338                   /usr/share/locale-langpack/tr/LC_MESSAGES/libc.mo
7f47a04e4000-7f47a04e7000 ---p 00000000 00:00 0 
7f47a04e7000-7f47a05e5000 rw-p 00000000 00:00 0 
7f47a05e5000-7f47a05e8000 ---p 00000000 00:00 0 
7f47a05e8000-7f47a06e6000 rw-p 00000000 00:00 0 
7f47a06e6000-7f47a06e9000 ---p 00000000 00:00 0 
7f47a06e9000-7f47a07e7000 rw-p 00000000 00:00 0 
7f47a07e7000-7f47a07ea000 ---p 00000000 00:00 0 
7f47a07ea000-7f47a08e8000 rw-p 00000000 00:00 0 
7f47a08e8000-7f47a08eb000 ---p 00000000 00:00 0 
7f47a08eb000-7f47a09e9000 rw-p 00000000 00:00 0 
7f47a09e9000-7f47a09f3000 r--s 00085000 08:01 5510657                    /home/oguz/AndroidStudioProjects/FomApplication/app/build/intermediates/exploded-aar/com.android.support/appcompat-v7/22.2.0/jars/classes.jar
7f47a09f3000-7f47a0a02000 r--s 000df000 08:01 5246091                    /home/oguz/Android/Sdk/build-tools/23.0.3/lib/dx.jar
7f47a0a02000-7f47a0a03000 ---p 00000000 00:00 0 
7f47a0a03000-7f47a0b03000 rw-p 00000000 00:00 0 
7f47a0b03000-7f47a0b06000 ---p 00000000 00:00 0 
7f47a0b06000-7f47a0c04000 rw-p 00000000 00:00 0 
7f47a0c04000-7f47a0c07000 ---p 00000000 00:00 0 
7f47a0c07000-7f47a0d05000 rw-p 00000000 00:00 0 
7f47a0d05000-7f47a0d08000 ---p 00000000 00:00 0 
7f47a0d08000-7f47a0e06000 rw-p 00000000 00:00 0 
7f47a0e06000-7f47a0e09000 ---p 00000000 00:00 0 
7f47a0e09000-7f47a0f07000 rw-p 00000000 00:00 0 
7f47a0f07000-7f47a0f0a000 ---p 00000000 00:00 0 
7f47a0f0a000-7f47a1008000 rw-p 00000000 00:00 0 
7f47a1008000-7f47a100b000 ---p 00000000 00:00 0 
7f47a100b000-7f47a1109000 rw-p 00000000 00:00 0 
7f47a1109000-7f47a1541000 r--p 00000000 08:01 9700768                    /usr/lib/locale/locale-archive
7f47a1541000-7f47a1544000 ---p 00000000 00:00 0 
7f47a1544000-7f47a1642000 rw-p 00000000 00:00 0 
7f47a1642000-7f47a1645000 ---p 00000000 00:00 0 
7f47a1645000-7f47a1743000 rw-p 00000000 00:00 0 
7f47a1743000-7f47a1744000 ---p 00000000 00:00 0 
7f47a1744000-7f47a5000000 rw-p 00000000 00:00 0 
7f47a5000000-7f47a5650000 rwxp 00000000 00:00 0 
7f47a5650000-7f47b4000000 ---p 00000000 00:00 0 
7f47b4000000-7f47b439a000 rw-p 00000000 00:00 0 
7f47b439a000-7f47b8000000 ---p 00000000 00:00 0 
7f47b8001000-7f47b8008000 r--s 00000000 08:01 10092992                   /usr/lib/x86_64-linux-gnu/gconv/gconv-modules.cache
7f47b8008000-7f47b8490000 rw-p 00000000 00:00 0 
7f47b8490000-7f47b8669000 r--s 03d1f000 08:01 9967487                    /usr/lib/jvm/java-8-oracle/jre/lib/rt.jar
7f47b8669000-7f47b8d5f000 rw-p 00000000 00:00 0 
7f47b8d5f000-7f47b8edf000 ---p 00000000 00:00 0 
7f47b8edf000-7f47b90df000 rw-p 00000000 00:00 0 
7f47b90df000-7f47b90e0000 ---p 00000000 00:00 0 
7f47b90e0000-7f47b91e0000 rw-p 00000000 00:00 0 
7f47b91e0000-7f47b91e1000 ---p 00000000 00:00 0 
7f47b91e1000-7f47b92e1000 rw-p 00000000 00:00 0 
7f47b92e1000-7f47b92e2000 ---p 00000000 00:00 0 
7f47b92e2000-7f47b93e2000 rw-p 00000000 00:00 0 
7f47b93e2000-7f47b93e3000 ---p 00000000 00:00 0 
7f47b93e3000-7f47b94e3000 rw-p 00000000 00:00 0 
7f47b94e3000-7f47b94e4000 ---p 00000000 00:00 0 
7f47b94e4000-7f47b95e4000 rw-p 00000000 00:00 0 
7f47b95e4000-7f47b95e5000 ---p 00000000 00:00 0 
7f47b95e5000-7f47b96e5000 rw-p 00000000 00:00 0 
7f47b96e5000-7f47b96e6000 ---p 00000000 00:00 0 
7f47b96e6000-7f47b97e6000 rw-p 00000000 00:00 0 
7f47b97e6000-7f47b97e7000 ---p 00000000 00:00 0 
7f47b97e7000-7f47b9911000 rw-p 00000000 00:00 0 
7f47b9911000-7f47b9a3d000 ---p 00000000 00:00 0 
7f47b9a3d000-7f47b9a67000 rw-p 00000000 00:00 0 
7f47b9a67000-7f47b9b92000 ---p 00000000 00:00 0 
7f47b9b92000-7f47b9bd6000 rw-p 00000000 00:00 0 
7f47b9bd6000-7f47b9c3d000 ---p 00000000 00:00 0 
7f47b9c3d000-7f47b9c58000 rw-p 00000000 00:00 0 
7f47b9c58000-7f47b9ffe000 ---p 00000000 00:00 0 
7f47b9ffe000-7f47ba018000 r-xp 00000000 08:01 10092954                   /usr/lib/jvm/java-8-oracle/jre/lib/amd64/libzip.so
7f47ba018000-7f47ba218000 ---p 0001a000 08:01 10092954                   /usr/lib/jvm/java-8-oracle/jre/lib/amd64/libzip.so
7f47ba218000-7f47ba219000 rw-p 0001a000 08:01 10092954                   /usr/lib/jvm/java-8-oracle/jre/lib/amd64/libzip.so
7f47ba219000-7f47ba224000 r-xp 00000000 08:01 7603299                    /lib/x86_64-linux-gnu/libnss_files-2.23.so
7f47ba224000-7f47ba423000 ---p 0000b000 08:01 7603299                    /lib/x86_64-linux-gnu/libnss_files-2.23.so
7f47ba423000-7f47ba424000 r--p 0000a000 08:01 7603299                    /lib/x86_64-linux-gnu/libnss_files-2.23.so
7f47ba424000-7f47ba425000 rw-p 0000b000 08:01 7603299                    /lib/x86_64-linux-gnu/libnss_files-2.23.so
7f47ba425000-7f47ba42b000 rw-p 00000000 00:00 0 
7f47ba42b000-7f47ba436000 r-xp 00000000 08:01 7603296                    /lib/x86_64-linux-gnu/libnss_nis-2.23.so
7f47ba436000-7f47ba635000 ---p 0000b000 08:01 7603296                    /lib/x86_64-linux-gnu/libnss_nis-2.23.so
7f47ba635000-7f47ba636000 r--p 0000a000 08:01 7603296                    /lib/x86_64-linux-gnu/libnss_nis-2.23.so
7f47ba636000-7f47ba637000 rw-p 0000b000 08:01 7603296                    /lib/x86_64-linux-gnu/libnss_nis-2.23.so
7f47ba637000-7f47ba64d000 r-xp 00000000 08:01 7603294                    /lib/x86_64-linux-gnu/libnsl-2.23.so
7f47ba64d000-7f47ba84d000 ---p 00016000 08:01 7603294                    /lib/x86_64-linux-gnu/libnsl-2.23.so
7f47ba84d000-7f47ba84e000 r--p 00016000 08:01 7603294                    /lib/x86_64-linux-gnu/libnsl-2.23.so
7f47ba84e000-7f47ba84f000 rw-p 00017000 08:01 7603294                    /lib/x86_64-linux-gnu/libnsl-2.23.so
7f47ba84f000-7f47ba851000 rw-p 00000000 00:00 0 
7f47ba851000-7f47ba859000 r-xp 00000000 08:01 7603292                    /lib/x86_64-linux-gnu/libnss_compat-2.23.so
7f47ba859000-7f47baa58000 ---p 00008000 08:01 7603292                    /lib/x86_64-linux-gnu/libnss_compat-2.23.so
7f47baa58000-7f47baa59000 r--p 00007000 08:01 7603292                    /lib/x86_64-linux-gnu/libnss_compat-2.23.so
7f47baa59000-7f47baa5a000 rw-p 00008000 08:01 7603292                    /lib/x86_64-linux-gnu/libnss_compat-2.23.so
7f47baa5a000-7f47baa84000 r-xp 00000000 08:01 10092949                   /usr/lib/jvm/java-8-oracle/jre/lib/amd64/libjava.so
7f47baa84000-7f47bac84000 ---p 0002a000 08:01 10092949                   /usr/lib/jvm/java-8-oracle/jre/lib/amd64/libjava.so
7f47bac84000-7f47bac86000 rw-p 0002a000 08:01 10092949                   /usr/lib/jvm/java-8-oracle/jre/lib/amd64/libjava.so
7f47bac86000-7f47bac93000 r-xp 00000000 08:01 10092953                   /usr/lib/jvm/java-8-oracle/jre/lib/amd64/libverify.so
7f47bac93000-7f47bae93000 ---p 0000d000 08:01 10092953                   /usr/lib/jvm/java-8-oracle/jre/lib/amd64/libverify.so
7f47bae93000-7f47bae95000 rw-p 0000d000 08:01 10092953                   /usr/lib/jvm/java-8-oracle/jre/lib/amd64/libverify.so
7f47bae95000-7f47bae9c000 r-xp 00000000 08:01 7603308                    /lib/x86_64-linux-gnu/librt-2.23.so
7f47bae9c000-7f47bb09b000 ---p 00007000 08:01 7603308                    /lib/x86_64-linux-gnu/librt-2.23.so
7f47bb09b000-7f47bb09c000 r--p 00006000 08:01 7603308                    /lib/x86_64-linux-gnu/librt-2.23.so
7f47bb09c000-7f47bb09d000 rw-p 00007000 08:01 7603308                    /lib/x86_64-linux-gnu/librt-2.23.so
7f47bb09d000-7f47bb1a5000 r-xp 00000000 08:01 7603305                    /lib/x86_64-linux-gnu/libm-2.23.so
7f47bb1a5000-7f47bb3a4000 ---p 00108000 08:01 7603305                    /lib/x86_64-linux-gnu/libm-2.23.so
7f47bb3a4000-7f47bb3a5000 r--p 00107000 08:01 7603305                    /lib/x86_64-linux-gnu/libm-2.23.so
7f47bb3a5000-7f47bb3a6000 rw-p 00108000 08:01 7603305                    /lib/x86_64-linux-gnu/libm-2.23.so
7f47bb3a6000-7f47bc066000 r-xp 00000000 08:01 10092932                   /usr/lib/jvm/java-8-oracle/jre/lib/amd64/server/libjvm.so
7f47bc066000-7f47bc266000 ---p 00cc0000 08:01 10092932                   /usr/lib/jvm/java-8-oracle/jre/lib/amd64/server/libjvm.so
7f47bc266000-7f47bc33e000 rw-p 00cc0000 08:01 10092932                   /usr/lib/jvm/java-8-oracle/jre/lib/amd64/server/libjvm.so
7f47bc33e000-7f47bc389000 rw-p 00000000 00:00 0 
7f47bc389000-7f47bc549000 r-xp 00000000 08:01 7603313                    /lib/x86_64-linux-gnu/libc-2.23.so
7f47bc549000-7f47bc749000 ---p 001c0000 08:01 7603313                    /lib/x86_64-linux-gnu/libc-2.23.so
7f47bc749000-7f47bc74d000 r--p 001c0000 08:01 7603313                    /lib/x86_64-linux-gnu/libc-2.23.so
7f47bc74d000-7f47bc74f000 rw-p 001c4000 08:01 7603313                    /lib/x86_64-linux-gnu/libc-2.23.so
7f47bc74f000-7f47bc753000 rw-p 00000000 00:00 0 
7f47bc753000-7f47bc756000 r-xp 00000000 08:01 7603314                    /lib/x86_64-linux-gnu/libdl-2.23.so
7f47bc756000-7f47bc955000 ---p 00003000 08:01 7603314                    /lib/x86_64-linux-gnu/libdl-2.23.so
7f47bc955000-7f47bc956000 r--p 00002000 08:01 7603314                    /lib/x86_64-linux-gnu/libdl-2.23.so
7f47bc956000-7f47bc957000 rw-p 00003000 08:01 7603314                    /lib/x86_64-linux-gnu/libdl-2.23.so
7f47bc957000-7f47bc96c000 r-xp 00000000 08:01 9840182                    /usr/lib/jvm/java-8-oracle/lib/amd64/jli/libjli.so
7f47bc96c000-7f47bcb6c000 ---p 00015000 08:01 9840182                    /usr/lib/jvm/java-8-oracle/lib/amd64/jli/libjli.so
7f47bcb6c000-7f47bcb6d000 rw-p 00015000 08:01 9840182                    /usr/lib/jvm/java-8-oracle/lib/amd64/jli/libjli.so
7f47bcb6d000-7f47bcb85000 r-xp 00000000 08:01 7603312                    /lib/x86_64-linux-gnu/libpthread-2.23.so
7f47bcb85000-7f47bcd84000 ---p 00018000 08:01 7603312                    /lib/x86_64-linux-gnu/libpthread-2.23.so
7f47bcd84000-7f47bcd85000 r--p 00017000 08:01 7603312                    /lib/x86_64-linux-gnu/libpthread-2.23.so
7f47bcd85000-7f47bcd86000 rw-p 00018000 08:01 7603312                    /lib/x86_64-linux-gnu/libpthread-2.23.so
7f47bcd86000-7f47bcd8a000 rw-p 00000000 00:00 0 
7f47bcd8a000-7f47bcdb0000 r-xp 00000000 08:01 7603309                    /lib/x86_64-linux-gnu/ld-2.23.so
7f47bcdb6000-7f47bce88000 rw-p 00000000 00:00 0 
7f47bce88000-7f47bce8b000 ---p 00000000 00:00 0 
7f47bce8b000-7f47bcf8d000 rw-p 00000000 00:00 0 
7f47bcf8f000-7f47bcfa3000 rw-p 00000000 00:00 0 
7f47bcfa3000-7f47bcfab000 rw-s 00000000 08:01 133475                     /tmp/hsperfdata_oguz/23288
7f47bcfab000-7f47bcfac000 rw-p 00000000 00:00 0 
7f47bcfac000-7f47bcfad000 ---p 00000000 00:00 0 
7f47bcfad000-7f47bcfaf000 rw-p 00000000 00:00 0 
7f47bcfaf000-7f47bcfb0000 r--p 00025000 08:01 7603309                    /lib/x86_64-linux-gnu/ld-2.23.so
7f47bcfb0000-7f47bcfb1000 rw-p 00026000 08:01 7603309                    /lib/x86_64-linux-gnu/ld-2.23.so
7f47bcfb1000-7f47bcfb2000 rw-p 00000000 00:00 0 
7ffe4004d000-7ffe4006e000 rw-p 00000000 00:00 0                          [stack]
7ffe40094000-7ffe40096000 r--p 00000000 00:00 0                          [vvar]
7ffe40096000-7ffe40098000 r-xp 00000000 00:00 0                          [vdso]
ffffffffff600000-ffffffffff601000 r-xp 00000000 00:00 0                  [vsyscall]

VM Arguments:
jvm_args: -Djava.awt.headless=true -Xmx1024M -Dfile.encoding=UTF-8 -Duser.country=TR -Duser.language=tr -Duser.variant 
java_command: com.android.dx.command.Main --dex --force-jumbo --num-threads=4 --multi-dex --output /home/oguz/AndroidStudioProjects/FomApplication/app/build/intermediates/transforms/dex/debug/folders/1000/10/com.android.support-appcompat-v7-22.2.0_477a3625338b79576be520ace730041d5234d4b5 /home/oguz/AndroidStudioProjects/FomApplication/app/build/intermediates/exploded-aar/com.android.support/appcompat-v7/22.2.0/jars/classes.jar
java_class_path (initial): /home/oguz/Android/Sdk/build-tools/23.0.3/lib/dx.jar
Launcher Type: SUN_STANDARD

Environment Variables:
PATH=/usr/local/sbin:/usr/local/bin:/usr/sbin:/usr/bin:/sbin:/bin:/usr/games:/usr/local/games:/snap/bin
LD_LIBRARY_PATH=/home/oguz/Masaüstü/Derleyiciler/android-studio/bin:
SHELL=/bin/bash
DISPLAY=:0

Signal Handlers:
SIGSEGV: [libjvm.so+0xabca10], sa_mask[0]=11111111011111111101111111111110, sa_flags=SA_RESTART|SA_SIGINFO
SIGBUS: [libjvm.so+0xabca10], sa_mask[0]=11111111011111111101111111111110, sa_flags=SA_RESTART|SA_SIGINFO
SIGFPE: [libjvm.so+0x919a20], sa_mask[0]=11111111011111111101111111111110, sa_flags=SA_RESTART|SA_SIGINFO
SIGPIPE: [libjvm.so+0x919a20], sa_mask[0]=11111111011111111101111111111110, sa_flags=SA_RESTART|SA_SIGINFO
SIGXFSZ: [libjvm.so+0x919a20], sa_mask[0]=11111111011111111101111111111110, sa_flags=SA_RESTART|SA_SIGINFO
SIGILL: [libjvm.so+0x919a20], sa_mask[0]=11111111011111111101111111111110, sa_flags=SA_RESTART|SA_SIGINFO
SIGUSR1: SIG_DFL, sa_mask[0]=00000000000000000000000000000000, sa_flags=none
SIGUSR2: [libjvm.so+0x91b050], sa_mask[0]=00100000000000000000000000000000, sa_flags=SA_RESTART|SA_SIGINFO
SIGHUP: [libjvm.so+0x91c450], sa_mask[0]=11111111011111111101111111111110, sa_flags=SA_RESTART|SA_SIGINFO
SIGINT: [libjvm.so+0x91c450], sa_mask[0]=11111111011111111101111111111110, sa_flags=SA_RESTART|SA_SIGINFO
SIGTERM: [libjvm.so+0x91c450], sa_mask[0]=11111111011111111101111111111110, sa_flags=SA_RESTART|SA_SIGINFO
SIGQUIT: [libjvm.so+0x91c450], sa_mask[0]=11111111011111111101111111111110, sa_flags=SA_RESTART|SA_SIGINFO


---------------  S Y S T E M  ---------------

OS:DISTRIB_ID=Ubuntu
DISTRIB_RELEASE=16.04
DISTRIB_CODENAME=xenial
DISTRIB_DESCRIPTION="Ubuntu Xenial Xerus (development branch)"

uname:Linux 4.4.0-22-generic #39-Ubuntu SMP Thu May 5 16:53:32 UTC 2016 x86_64
libc:glibc 2.23 NPTL 2.23 
rlimit: STACK 8192k, CORE 0k, NPROC 31498, NOFILE 65536, AS infinity
load average:6,09 2,91 1,44

/proc/meminfo:
MemTotal:        8101800 kB
MemFree:           75124 kB
MemAvailable:     168308 kB
Buffers:            2380 kB
Cached:           522112 kB
SwapCached:            0 kB
Active:          7341392 kB
Inactive:         438536 kB
Active(anon):    7295168 kB
Inactive(anon):   402600 kB
Active(file):      46224 kB
Inactive(file):    35936 kB
Unevictable:          72 kB
Mlocked:              72 kB
SwapTotal:             0 kB
SwapFree:              0 kB
Dirty:               100 kB
Writeback:             0 kB
AnonPages:       7256552 kB
Mapped:           197720 kB
Shmem:            441520 kB
Slab:             107988 kB
SReclaimable:      53396 kB
SUnreclaim:        54592 kB
KernelStack:       19312 kB
PageTables:        60656 kB
NFS_Unstable:          0 kB
Bounce:                0 kB
WritebackTmp:          0 kB
CommitLimit:     4050900 kB
Committed_AS:   14015000 kB
VmallocTotal:   34359738367 kB
VmallocUsed:           0 kB
VmallocChunk:          0 kB
HardwareCorrupted:     0 kB
AnonHugePages:   4114432 kB
CmaTotal:              0 kB
CmaFree:               0 kB
HugePages_Total:       0
HugePages_Free:        0
HugePages_Rsvd:        0
HugePages_Surp:        0
Hugepagesize:       2048 kB
DirectMap4k:      172800 kB
DirectMap2M:     8142848 kB
DirectMap1G:     1048576 kB


CPU:total 8 (4 cores per cpu, 2 threads per core) family 6 model 60 stepping 3, cmov, cx8, fxsr, mmx, sse, sse2, sse3, ssse3, sse4.1, sse4.2, popcnt, avx, avx2, aes, clmul, erms, lzcnt, ht, tsc, tscinvbit, bmi1, bmi2

/proc/cpuinfo:
processor	: 0
vendor_id	: GenuineIntel
cpu family	: 6
model		: 60
model name	: Intel(R) Core(TM) i7-4700MQ CPU @ 2.40GHz
stepping	: 3
microcode	: 0x16
cpu MHz		: 2699.906
cache size	: 6144 KB
physical id	: 0
siblings	: 8
core id		: 0
cpu cores	: 4
apicid		: 0
initial apicid	: 0
fpu		: yes
fpu_exception	: yes
cpuid level	: 13
wp		: yes
flags		: fpu vme de pse tsc msr pae mce cx8 apic sep mtrr pge mca cmov pat pse36 clflush dts acpi mmx fxsr sse sse2 ss ht tm pbe syscall nx pdpe1gb rdtscp lm constant_tsc arch_perfmon pebs bts rep_good nopl xtopology nonstop_tsc aperfmperf eagerfpu pni pclmulqdq dtes64 monitor ds_cpl vmx est tm2 ssse3 sdbg fma cx16 xtpr pdcm pcid sse4_1 sse4_2 movbe popcnt tsc_deadline_timer aes xsave avx f16c rdrand lahf_lm abm epb tpr_shadow vnmi flexpriority ept vpid fsgsbase tsc_adjust bmi1 avx2 smep bmi2 erms invpcid xsaveopt dtherm ida arat pln pts
bugs		:
bogomips	: 4788.76
clflush size	: 64
cache_alignment	: 64
address sizes	: 39 bits physical, 48 bits virtual
power management:

processor	: 1
vendor_id	: GenuineIntel
cpu family	: 6
model		: 60
model name	: Intel(R) Core(TM) i7-4700MQ CPU @ 2.40GHz
stepping	: 3
microcode	: 0x16
cpu MHz		: 2700.000
cache size	: 6144 KB
physical id	: 0
siblings	: 8
core id		: 0
cpu cores	: 4
apicid		: 1
initial apicid	: 1
fpu		: yes
fpu_exception	: yes
cpuid level	: 13
wp		: yes
flags		: fpu vme de pse tsc msr pae mce cx8 apic sep mtrr pge mca cmov pat pse36 clflush dts acpi mmx fxsr sse sse2 ss ht tm pbe syscall nx pdpe1gb rdtscp lm constant_tsc arch_perfmon pebs bts rep_good nopl xtopology nonstop_tsc aperfmperf eagerfpu pni pclmulqdq dtes64 monitor ds_cpl vmx est tm2 ssse3 sdbg fma cx16 xtpr pdcm pcid sse4_1 sse4_2 movbe popcnt tsc_deadline_timer aes xsave avx f16c rdrand lahf_lm abm epb tpr_shadow vnmi flexpriority ept vpid fsgsbase tsc_adjust bmi1 avx2 smep bmi2 erms invpcid xsaveopt dtherm ida arat pln pts
bugs		:
bogomips	: 4788.76
clflush size	: 64
cache_alignment	: 64
address sizes	: 39 bits physical, 48 bits virtual
power management:

processor	: 2
vendor_id	: GenuineIntel
cpu family	: 6
model		: 60
model name	: Intel(R) Core(TM) i7-4700MQ CPU @ 2.40GHz
stepping	: 3
microcode	: 0x16
cpu MHz		: 2700.000
cache size	: 6144 KB
physical id	: 0
siblings	: 8
core id		: 1
cpu cores	: 4
apicid		: 2
initial apicid	: 2
fpu		: yes
fpu_exception	: yes
cpuid level	: 13
wp		: yes
flags		: fpu vme de pse tsc msr pae mce cx8 apic sep mtrr pge mca cmov pat pse36 clflush dts acpi mmx fxsr sse sse2 ss ht tm pbe syscall nx pdpe1gb rdtscp lm constant_tsc arch_perfmon pebs bts rep_good nopl xtopology nonstop_tsc aperfmperf eagerfpu pni pclmulqdq dtes64 monitor ds_cpl vmx est tm2 ssse3 sdbg fma cx16 xtpr pdcm pcid sse4_1 sse4_2 movbe popcnt tsc_deadline_timer aes xsave avx f16c rdrand lahf_lm abm epb tpr_shadow vnmi flexpriority ept vpid fsgsbase tsc_adjust bmi1 avx2 smep bmi2 erms invpcid xsaveopt dtherm ida arat pln pts
bugs		:
bogomips	: 4788.76
clflush size	: 64
cache_alignment	: 64
address sizes	: 39 bits physical, 48 bits virtual
power management:

processor	: 3
vendor_id	: GenuineIntel
cpu family	: 6
model		: 60
model name	: Intel(R) Core(TM) i7-4700MQ CPU @ 2.40GHz
stepping	: 3
microcode	: 0x16
cpu MHz		: 2700.000
cache size	: 6144 KB
physical id	: 0
siblings	: 8
core id		: 1
cpu cores	: 4
apicid		: 3
initial apicid	: 3
fpu		: yes
fpu_exception	: yes
cpuid level	: 13
wp		: yes
flags		: fpu vme de pse tsc msr pae mce cx8 apic sep mtrr pge mca cmov pat pse36 clflush dts acpi mmx fxsr sse sse2 ss ht tm pbe syscall nx pdpe1gb rdtscp lm constant_tsc arch_perfmon pebs bts rep_good nopl xtopology nonstop_tsc aperfmperf eagerfpu pni pclmulqdq dtes64 monitor ds_cpl vmx est tm2 ssse3 sdbg fma cx16 xtpr pdcm pcid sse4_1 sse4_2 movbe popcnt tsc_deadline_timer aes xsave avx f16c rdrand lahf_lm abm epb tpr_shadow vnmi flexpriority ept vpid fsgsbase tsc_adjust bmi1 avx2 smep bmi2 erms invpcid xsaveopt dtherm ida arat pln pts
bugs		:
bogomips	: 4788.76
clflush size	: 64
cache_alignment	: 64
address sizes	: 39 bits physical, 48 bits virtual
power management:

processor	: 4
vendor_id	: GenuineIntel
cpu family	: 6
model		: 60
model name	: Intel(R) Core(TM) i7-4700MQ CPU @ 2.40GHz
stepping	: 3
microcode	: 0x16
cpu MHz		: 2700.000
cache size	: 6144 KB
physical id	: 0
siblings	: 8
core id		: 2
cpu cores	: 4
apicid		: 4
initial apicid	: 4
fpu		: yes
fpu_exception	: yes
cpuid level	: 13
wp		: yes
flags		: fpu vme de pse tsc msr pae mce cx8 apic sep mtrr pge mca cmov pat pse36 clflush dts acpi mmx fxsr sse sse2 ss ht tm pbe syscall nx pdpe1gb rdtscp lm constant_tsc arch_perfmon pebs bts rep_good nopl xtopology nonstop_tsc aperfmperf eagerfpu pni pclmulqdq dtes64 monitor ds_cpl vmx est tm2 ssse3 sdbg fma cx16 xtpr pdcm pcid sse4_1 sse4_2 movbe popcnt tsc_deadline_timer aes xsave avx f16c rdrand lahf_lm abm epb tpr_shadow vnmi flexpriority ept vpid fsgsbase tsc_adjust bmi1 avx2 smep bmi2 erms invpcid xsaveopt dtherm ida arat pln pts
bugs		:
bogomips	: 4788.76
clflush size	: 64
cache_alignment	: 64
address sizes	: 39 bits physical, 48 bits virtual
power management:

processor	: 5
vendor_id	: GenuineIntel
cpu family	: 6
model		: 60
model name	: Intel(R) Core(TM) i7-4700MQ CPU @ 2.40GHz
stepping	: 3
microcode	: 0x16
cpu MHz		: 2699.906
cache size	: 6144 KB
physical id	: 0
siblings	: 8
core id		: 2
cpu cores	: 4
apicid		: 5
initial apicid	: 5
fpu		: yes
fpu_exception	: yes
cpuid level	: 13
wp		: yes
flags		: fpu vme de pse tsc msr pae mce cx8 apic sep mtrr pge mca cmov pat pse36 clflush dts acpi mmx fxsr sse sse2 ss ht tm pbe syscall nx pdpe1gb rdtscp lm constant_tsc arch_perfmon pebs bts rep_good nopl xtopology nonstop_tsc aperfmperf eagerfpu pni pclmulqdq dtes64 monitor ds_cpl vmx est tm2 ssse3 sdbg fma cx16 xtpr pdcm pcid sse4_1 sse4_2 movbe popcnt tsc_deadline_timer aes xsave avx f16c rdrand lahf_lm abm epb tpr_shadow vnmi flexpriority ept vpid fsgsbase tsc_adjust bmi1 avx2 smep bmi2 erms invpcid xsaveopt dtherm ida arat pln pts
bugs		:
bogomips	: 4788.76
clflush size	: 64
cache_alignment	: 64
address sizes	: 39 bits physical, 48 bits virtual
power management:

processor	: 6
vendor_id	: GenuineIntel
cpu family	: 6
model		: 60
model name	: Intel(R) Core(TM) i7-4700MQ CPU @ 2.40GHz
stepping	: 3
microcode	: 0x16
cpu MHz		: 2699.906
cache size	: 6144 KB
physical id	: 0
siblings	: 8
core id		: 3
cpu cores	: 4
apicid		: 6
initial apicid	: 6
fpu		: yes
fpu_exception	: yes
cpuid level	: 13
wp		: yes
flags		: fpu vme de pse tsc msr pae mce cx8 apic sep mtrr pge mca cmov pat pse36 clflush dts acpi mmx fxsr sse sse2 ss ht tm pbe syscall nx pdpe1gb rdtscp lm constant_tsc arch_perfmon pebs bts rep_good nopl xtopology nonstop_tsc aperfmperf eagerfpu pni pclmulqdq dtes64 monitor ds_cpl vmx est tm2 ssse3 sdbg fma cx16 xtpr pdcm pcid sse4_1 sse4_2 movbe popcnt tsc_deadline_timer aes xsave avx f16c rdrand lahf_lm abm epb tpr_shadow vnmi flexpriority ept vpid fsgsbase tsc_adjust bmi1 avx2 smep bmi2 erms invpcid xsaveopt dtherm ida arat pln pts
bugs		:
bogomips	: 4788.76
clflush size	: 64
cache_alignment	: 64
address sizes	: 39 bits physical, 48 bits virtual
power management:

processor	: 7
vendor_id	: GenuineIntel
cpu family	: 6
model		: 60
model name	: Intel(R) Core(TM) i7-4700MQ CPU @ 2.40GHz
stepping	: 3
microcode	: 0x16
cpu MHz		: 2699.906
cache size	: 6144 KB
physical id	: 0
siblings	: 8
core id		: 3
cpu cores	: 4
apicid		: 7
initial apicid	: 7
fpu		: yes
fpu_exception	: yes
cpuid level	: 13
wp		: yes
flags		: fpu vme de pse tsc msr pae mce cx8 apic sep mtrr pge mca cmov pat pse36 clflush dts acpi mmx fxsr sse sse2 ss ht tm pbe syscall nx pdpe1gb rdtscp lm constant_tsc arch_perfmon pebs bts rep_good nopl xtopology nonstop_tsc aperfmperf eagerfpu pni pclmulqdq dtes64 monitor ds_cpl vmx est tm2 ssse3 sdbg fma cx16 xtpr pdcm pcid sse4_1 sse4_2 movbe popcnt tsc_deadline_timer aes xsave avx f16c rdrand lahf_lm abm epb tpr_shadow vnmi flexpriority ept vpid fsgsbase tsc_adjust bmi1 avx2 smep bmi2 erms invpcid xsaveopt dtherm ida arat pln pts
bugs		:
bogomips	: 4788.76
clflush size	: 64
cache_alignment	: 64
address sizes	: 39 bits physical, 48 bits virtual
power management:



Memory: 4k page, physical 8101800k(74884k free), swap 0k(0k free)

vm_info: Java HotSpot(TM) 64-Bit Server VM (25.91-b14) for linux-amd64 JRE (1.8.0_91-b14), built on Apr  1 2016 00:57:21 by "java_re" with gcc 4.3.0 20080428 (Red Hat 4.3.0-8)

time: Wed Jul 20 13:13:07 2016
elapsed time: 6 seconds (0d 0h 0m 6s)

