#
# There is insufficient memory for the Java Runtime Environment to continue.
# Native memory allocation (mmap) failed to map 65011712 bytes for committing reserved memory.
# Possible reasons:
#   The system is out of physical RAM or swap space
#   In 32 bit mode, the process size limit was hit
# Possible solutions:
#   Reduce memory load on the system
#   Increase physical memory or swap space
#   Check if swap backing store is full
#   Use 64 bit Java on a 64 bit OS
#   Decrease Java heap size (-Xmx/-Xms)
#   Decrease number of Java threads
#   Decrease Java thread stack sizes (-Xss)
#   Set larger code cache with -XX:ReservedCodeCacheSize=
# This output file may be truncated or incomplete.
#
#  Out of Memory Error (os_linux.cpp:2627), pid=15251, tid=139885116294912
#
# JRE version: Java(TM) SE Runtime Environment (8.0_91-b14) (build 1.8.0_91-b14)
# Java VM: Java HotSpot(TM) 64-Bit Server VM (25.91-b14 mixed mode linux-amd64 compressed oops)
# Failed to write core dump. Core dumps have been disabled. To enable core dumping, try "ulimit -c unlimited" before starting Java again
#

---------------  T H R E A D  ---------------

Current thread (0x00007f39a4080000):  VMThread [stack: 0x00007f398a9a8000,0x00007f398aaa9000] [id=15267]

Stack: [0x00007f398a9a8000,0x00007f398aaa9000],  sp=0x00007f398aaa71a0,  free space=1020k
Native frames: (J=compiled Java code, j=interpreted, Vv=VM code, C=native code)
V  [libjvm.so+0xabc18a]  VMError::report_and_die()+0x2ba
V  [libjvm.so+0x4fafeb]  report_vm_out_of_memory(char const*, int, unsigned long, VMErrorType, char const*)+0x8b
V  [libjvm.so+0x91cbb3]  os::Linux::commit_memory_impl(char*, unsigned long, bool)+0x103
V  [libjvm.so+0x91d109]  os::pd_commit_memory(char*, unsigned long, unsigned long, bool)+0x29
V  [libjvm.so+0x91740a]  os::commit_memory(char*, unsigned long, unsigned long, bool)+0x2a
V  [libjvm.so+0x98b033]  PSVirtualSpace::expand_by(unsigned long)+0x53
V  [libjvm.so+0x98c438]  PSYoungGen::resize_generation(unsigned long, unsigned long)+0xf8
V  [libjvm.so+0x98b592]  PSYoungGen::resize(unsigned long, unsigned long)+0x22
V  [libjvm.so+0x98886b]  PSScavenge::invoke_no_policy()+0xf3b
V  [libjvm.so+0x988ff1]  PSScavenge::invoke()+0x41
V  [libjvm.so+0x9408b0]  ParallelScavengeHeap::failed_mem_allocate(unsigned long)+0x70
V  [libjvm.so+0xabdba7]  VM_ParallelGCFailedAllocation::doit()+0x97
V  [libjvm.so+0xac55d5]  VM_Operation::evaluate()+0x55
V  [libjvm.so+0xac39aa]  VMThread::evaluate_operation(VM_Operation*)+0xba
V  [libjvm.so+0xac3d2e]  VMThread::loop()+0x1ce
V  [libjvm.so+0xac41a0]  VMThread::run()+0x70
V  [libjvm.so+0x91ef78]  java_start(Thread*)+0x108

VM_Operation (0x00007f39aa2015b0): ParallelGCFailedAllocation, mode: safepoint, requested by thread 0x00007f39a400a000


---------------  P R O C E S S  ---------------

Java Threads: ( => current thread )
  0x00007f39a4151000 JavaThread "pool-2-thread-4" [_thread_blocked, id=15289, stack(0x00007f3989762000,0x00007f3989863000)]
  0x00007f39a414f800 JavaThread "pool-2-thread-3" [_thread_blocked, id=15288, stack(0x00007f3989863000,0x00007f3989964000)]
  0x00007f39a414d800 JavaThread "pool-2-thread-2" [_thread_blocked, id=15287, stack(0x00007f3989964000,0x00007f3989a65000)]
  0x00007f39a414c800 JavaThread "pool-3-thread-1" [_thread_blocked, id=15286, stack(0x00007f3989a65000,0x00007f3989b66000)]
  0x00007f39a414a000 JavaThread "pool-2-thread-1" [_thread_blocked, id=15285, stack(0x00007f3989b66000,0x00007f3989c67000)]
  0x00007f39a40cb800 JavaThread "Service Thread" daemon [_thread_blocked, id=15282, stack(0x00007f3989d68000,0x00007f3989e69000)]
  0x00007f39a40c8800 JavaThread "C1 CompilerThread3" daemon [_thread_blocked, id=15281, stack(0x00007f3989e69000,0x00007f3989f6a000)]
  0x00007f39a40c6800 JavaThread "C2 CompilerThread2" daemon [_thread_blocked, id=15280, stack(0x00007f3989f6a000,0x00007f398a06b000)]
  0x00007f39a40c5000 JavaThread "C2 CompilerThread1" daemon [_thread_blocked, id=15279, stack(0x00007f398a06b000,0x00007f398a16c000)]
  0x00007f39a40c2000 JavaThread "C2 CompilerThread0" daemon [_thread_blocked, id=15278, stack(0x00007f398a16c000,0x00007f398a26d000)]
  0x00007f39a40c0800 JavaThread "Signal Dispatcher" daemon [_thread_blocked, id=15277, stack(0x00007f398a26d000,0x00007f398a36e000)]
  0x00007f39a408c800 JavaThread "Finalizer" daemon [_thread_blocked, id=15269, stack(0x00007f398a7a6000,0x00007f398a8a7000)]
  0x00007f39a4087800 JavaThread "Reference Handler" daemon [_thread_blocked, id=15268, stack(0x00007f398a8a7000,0x00007f398a9a8000)]
  0x00007f39a400a000 JavaThread "main" [_thread_blocked, id=15254, stack(0x00007f39aa103000,0x00007f39aa204000)]

Other Threads:
=>0x00007f39a4080000 VMThread [stack: 0x00007f398a9a8000,0x00007f398aaa9000] [id=15267]
  0x00007f39a40ce800 WatcherThread [stack: 0x00007f3989c67000,0x00007f3989d68000] [id=15283]

VM state:at safepoint (normal execution)

VM Mutex/Monitor currently owned by a thread:  ([mutex/lock_event])
[0x00007f39a4006590] Threads_lock - owner thread: 0x00007f39a4080000
[0x00007f39a4006a90] Heap_lock - owner thread: 0x00007f39a400a000

Heap:
 PSYoungGen      total 68608K, used 5099K [0x00000000eab00000, 0x00000000ef300000, 0x0000000100000000)
  eden space 63488K, 0% used [0x00000000eab00000,0x00000000eab00000,0x00000000ee900000)
  from space 5120K, 99% used [0x00000000ee900000,0x00000000eedfafd0,0x00000000eee00000)
  to   space 5120K, 0% used [0x00000000eee00000,0x00000000eee00000,0x00000000ef300000)
 ParOldGen       total 84992K, used 13728K [0x00000000c0000000, 0x00000000c5300000, 0x00000000eab00000)
  object space 84992K, 16% used [0x00000000c0000000,0x00000000c0d683d8,0x00000000c5300000)
 Metaspace       used 6029K, capacity 6960K, committed 7040K, reserved 1056768K
  class space    used 595K, capacity 616K, committed 640K, reserved 1048576K

Card table byte_map: [0x00007f3993ba8000,0x00007f3993da9000] byte_map_base: 0x00007f39935a8000

Marking Bits: (ParMarkBitMap*) 0x00007f39a95d7d60
 Begin Bits: [0x00007f399134b000, 0x00007f399234b000)
 End Bits:   [0x00007f399234b000, 0x00007f399334b000)

Polling page: 0x00007f39aa227000

CodeCache: size=245760Kb used=4841Kb max_used=4850Kb free=240918Kb
 bounds [0x00007f3994169000, 0x00007f3994629000, 0x00007f39a3169000]
 total_blobs=1561 nmethods=1293 adapters=182
 compilation: enabled

Compilation events (10 events):
Event: 5.147 Thread 0x00007f39a40c8800 nmethod 1490 0x00007f3994623350 code [0x00007f39946234e0, 0x00007f3994623778]
Event: 5.147 Thread 0x00007f39a40c8800 1547       2       com.android.dx.cf.iface.StdMember::<init> (69 bytes)
Event: 5.166 Thread 0x00007f39a40c8800 nmethod 1547 0x00007f3994623950 code [0x00007f3994623ae0, 0x00007f3994623e68]
Event: 5.172 Thread 0x00007f39a40c8800 1551       2       com.android.dx.cf.code.Ropper::getRopMethod (64 bytes)
Event: 5.171 Thread 0x00007f39a40c2000 nmethod 1530 0x00007f3994627710 code [0x00007f39946278c0, 0x00007f3994628358]
Event: 5.172 Thread 0x00007f39a40c2000 1549       4       com.android.dx.ssa.SsaMethod::computeReachability (131 bytes)
Event: 5.192 Thread 0x00007f39a40c8800 nmethod 1551 0x00007f3994626990 code [0x00007f3994626b60, 0x00007f39946270b8]
Event: 5.193 Thread 0x00007f39a40c8800 1560       2       com.android.dx.ssa.back.FirstFitLocalCombiningAllocator::handleUnassociatedParameters (60 bytes)
Event: 5.193 Thread 0x00007f39a40c8800 nmethod 1560 0x00007f39946262d0 code [0x00007f3994626460, 0x00007f3994626718]
Event: 5.193 Thread 0x00007f39a40c8800 1558       2       com.android.dx.ssa.ConstCollector::getConstsSortedByCountUse (386 bytes)

GC Heap History (5 events):
Event: 2.682 GC heap before
{Heap before GC invocations=1 (full 0):
 PSYoungGen      total 36864K, used 31744K [0x00000000eab00000, 0x00000000ed400000, 0x0000000100000000)
  eden space 31744K, 100% used [0x00000000eab00000,0x00000000eca00000,0x00000000eca00000)
  from space 5120K, 0% used [0x00000000ecf00000,0x00000000ecf00000,0x00000000ed400000)
  to   space 5120K, 0% used [0x00000000eca00000,0x00000000eca00000,0x00000000ecf00000)
 ParOldGen       total 84992K, used 0K [0x00000000c0000000, 0x00000000c5300000, 0x00000000eab00000)
  object space 84992K, 0% used [0x00000000c0000000,0x00000000c0000000,0x00000000c5300000)
 Metaspace       used 5773K, capacity 6704K, committed 6784K, reserved 1056768K
  class space    used 594K, capacity 616K, committed 640K, reserved 1048576K
Event: 2.768 GC heap after
Heap after GC invocations=1 (full 0):
 PSYoungGen      total 36864K, used 5117K [0x00000000eab00000, 0x00000000ef300000, 0x0000000100000000)
  eden space 31744K, 0% used [0x00000000eab00000,0x00000000eab00000,0x00000000eca00000)
  from space 5120K, 99% used [0x00000000eca00000,0x00000000eceff658,0x00000000ecf00000)
  to   space 5120K, 0% used [0x00000000eee00000,0x00000000eee00000,0x00000000ef300000)
 ParOldGen       total 84992K, used 432K [0x00000000c0000000, 0x00000000c5300000, 0x00000000eab00000)
  object space 84992K, 0% used [0x00000000c0000000,0x00000000c006c250,0x00000000c5300000)
 Metaspace       used 5773K, capacity 6704K, committed 6784K, reserved 1056768K
  class space    used 594K, capacity 616K, committed 640K, reserved 1048576K
}
Event: 3.852 GC heap before
{Heap before GC invocations=2 (full 0):
 PSYoungGen      total 36864K, used 36861K [0x00000000eab00000, 0x00000000ef300000, 0x0000000100000000)
  eden space 31744K, 100% used [0x00000000eab00000,0x00000000eca00000,0x00000000eca00000)
  from space 5120K, 99% used [0x00000000eca00000,0x00000000eceff658,0x00000000ecf00000)
  to   space 5120K, 0% used [0x00000000eee00000,0x00000000eee00000,0x00000000ef300000)
 ParOldGen       total 84992K, used 432K [0x00000000c0000000, 0x00000000c5300000, 0x00000000eab00000)
  object space 84992K, 0% used [0x00000000c0000000,0x00000000c006c250,0x00000000c5300000)
 Metaspace       used 5955K, capacity 6896K, committed 7040K, reserved 1056768K
  class space    used 594K, capacity 616K, committed 640K, reserved 1048576K
Event: 3.918 GC heap after
Heap after GC invocations=2 (full 0):
 PSYoungGen      total 68608K, used 5095K [0x00000000eab00000, 0x00000000ef300000, 0x0000000100000000)
  eden space 63488K, 0% used [0x00000000eab00000,0x00000000eab00000,0x00000000ee900000)
  from space 5120K, 99% used [0x00000000eee00000,0x00000000ef2f9c98,0x00000000ef300000)
  to   space 5120K, 0% used [0x00000000ee900000,0x00000000ee900000,0x00000000eee00000)
 ParOldGen       total 84992K, used 4051K [0x00000000c0000000, 0x00000000c5300000, 0x00000000eab00000)
  object space 84992K, 4% used [0x00000000c0000000,0x00000000c03f4ef8,0x00000000c5300000)
 Metaspace       used 5955K, capacity 6896K, committed 7040K, reserved 1056768K
  class space    used 594K, capacity 616K, committed 640K, reserved 1048576K
}
Event: 5.232 GC heap before
{Heap before GC invocations=3 (full 0):
 PSYoungGen      total 68608K, used 68583K [0x00000000eab00000, 0x00000000ef300000, 0x0000000100000000)
  eden space 63488K, 100% used [0x00000000eab00000,0x00000000ee900000,0x00000000ee900000)
  from space 5120K, 99% used [0x00000000eee00000,0x00000000ef2f9c98,0x00000000ef300000)
  to   space 5120K, 0% used [0x00000000ee900000,0x00000000ee900000,0x00000000eee00000)
 ParOldGen       total 84992K, used 4051K [0x00000000c0000000, 0x00000000c5300000, 0x00000000eab00000)
  object space 84992K, 4% used [0x00000000c0000000,0x00000000c03f4ef8,0x00000000c5300000)
 Metaspace       used 6029K, capacity 6960K, committed 7040K, reserved 1056768K
  class space    used 595K, capacity 616K, committed 640K, reserved 1048576K

Deoptimization events (10 events):
Event: 1.884 Thread 0x00007f39a414a000 Uncommon trap: reason=unstable_if action=reinterpret pc=0x00007f3994365bf0 method=java.util.HashMap.getNode(ILjava/lang/Object;)Ljava/util/HashMap$Node; @ 129
Event: 2.358 Thread 0x00007f39a4151000 Uncommon trap: reason=class_check action=maybe_recompile pc=0x00007f3994382650 method=com.android.dx.ssa.NormalSsaInsn.accept(Lcom/android/dx/ssa/SsaInsn$Visitor;)V @ 9
Event: 2.358 Thread 0x00007f39a4151000 Uncommon trap: reason=class_check action=maybe_recompile pc=0x00007f3994382650 method=com.android.dx.ssa.NormalSsaInsn.accept(Lcom/android/dx/ssa/SsaInsn$Visitor;)V @ 9
Event: 2.360 Thread 0x00007f39a4151000 Uncommon trap: reason=class_check action=maybe_recompile pc=0x00007f3994382650 method=com.android.dx.ssa.NormalSsaInsn.accept(Lcom/android/dx/ssa/SsaInsn$Visitor;)V @ 9
Event: 2.360 Thread 0x00007f39a4151000 Uncommon trap: reason=class_check action=maybe_recompile pc=0x00007f3994382650 method=com.android.dx.ssa.NormalSsaInsn.accept(Lcom/android/dx/ssa/SsaInsn$Visitor;)V @ 9
Event: 2.526 Thread 0x00007f39a414f800 Uncommon trap: reason=class_check action=maybe_recompile pc=0x00007f39943c141c method=com.android.dx.ssa.NormalSsaInsn.accept(Lcom/android/dx/ssa/SsaInsn$Visitor;)V @ 9
Event: 2.577 Thread 0x00007f39a400a000 Uncommon trap: reason=unstable_if action=reinterpret pc=0x00007f39943a8c90 method=java.lang.String.<init>([CII)V @ 18
Event: 3.699 Thread 0x00007f39a414a000 Uncommon trap: reason=unstable_if action=reinterpret pc=0x00007f399444f4bc method=com.android.dx.ssa.SsaMethod.updateOneDefinition(Lcom/android/dx/ssa/SsaInsn;Lcom/android/dx/rop/code/RegisterSpec;)V @ 4
Event: 4.123 Thread 0x00007f39a414f800 Uncommon trap: reason=null_check action=make_not_entrant pc=0x00007f399444bea8 method=com.android.dx.rop.type.Type.equals(Ljava/lang/Object;)Z @ 8
Event: 4.886 Thread 0x00007f39a400a000 Uncommon trap: reason=unstable_if action=reinterpret pc=0x00007f39945b9b68 method=com.android.dx.cf.code.BytecodeArray.parseInstruction(ILcom/android/dx/cf/code/BytecodeArray$Visitor;)I @ 1198

Internal exceptions (3 events):
Event: 0.185 Thread 0x00007f39a400a000 Exception <a 'java/lang/NoSuchMethodError': Method sun.misc.Unsafe.defineClass(Ljava/lang/String;[BII)Ljava/lang/Class; name or signature does not match> (0x00000000eab07cc0) thrown at [/HUDSON/workspace/8-2-build-linux-amd64/jdk8u91/6644/hotspot/src/shar
Event: 0.185 Thread 0x00007f39a400a000 Exception <a 'java/lang/NoSuchMethodError': Method sun.misc.Unsafe.prefetchRead(Ljava/lang/Object;J)V name or signature does not match> (0x00000000eab07fa8) thrown at [/HUDSON/workspace/8-2-build-linux-amd64/jdk8u91/6644/hotspot/src/share/vm/prims/jni.cpp
Event: 4.123 Thread 0x00007f39a414f800 Implicit null exception at 0x00007f399444bda2 to 0x00007f399444be9b

Events (10 events):
Event: 5.002 Thread 0x00007f39a414f800 DEOPT UNPACKING pc=0x00007f39941b0633 sp=0x00007f3989961bc8 mode 0
Event: 5.031 Thread 0x00007f39a4151000 DEOPT PACKING pc=0x00007f3994493ba7 sp=0x00007f3989860d40
Event: 5.031 Thread 0x00007f39a4151000 DEOPT UNPACKING pc=0x00007f39941b0633 sp=0x00007f3989860b28 mode 0
Event: 5.035 Thread 0x00007f39a4151000 DEOPT PACKING pc=0x00007f3994577b6a sp=0x00007f3989860f50
Event: 5.035 Thread 0x00007f39a4151000 DEOPT UNPACKING pc=0x00007f39941b0633 sp=0x00007f3989860cb0 mode 0
Event: 5.074 Thread 0x00007f39a414a000 DEOPT PACKING pc=0x00007f39945050ac sp=0x00007f3989c651e0
Event: 5.074 Thread 0x00007f39a414a000 DEOPT UNPACKING pc=0x00007f39941b0633 sp=0x00007f3989c64ef0 mode 0
Event: 5.147 Thread 0x00007f39a400a000 DEOPT PACKING pc=0x00007f3994493ba7 sp=0x00007f39aa201720
Event: 5.147 Thread 0x00007f39a400a000 DEOPT UNPACKING pc=0x00007f39941b0633 sp=0x00007f39aa201508 mode 0
Event: 5.208 Executing VM operation: ParallelGCFailedAllocation


Dynamic libraries:
00400000-00401000 r-xp 00000000 08:01 9839507                            /usr/lib/jvm/java-8-oracle/bin/java
00600000-00601000 rw-p 00000000 08:01 9839507                            /usr/lib/jvm/java-8-oracle/bin/java
00f65000-00f86000 rw-p 00000000 00:00 0                                  [heap]
c0000000-c5300000 rw-p 00000000 00:00 0 
c5300000-eab00000 ---p 00000000 00:00 0 
eab00000-ef300000 rw-p 00000000 00:00 0 
f3100000-100000000 ---p 00000000 00:00 0 
100000000-1000a0000 rw-p 00000000 00:00 0 
1000a0000-140000000 ---p 00000000 00:00 0 
7f3920000000-7f392002a000 rw-p 00000000 00:00 0 
7f392002a000-7f3924000000 ---p 00000000 00:00 0 
7f3924000000-7f3924021000 rw-p 00000000 00:00 0 
7f3924021000-7f3928000000 ---p 00000000 00:00 0 
7f3928000000-7f3928021000 rw-p 00000000 00:00 0 
7f3928021000-7f392c000000 ---p 00000000 00:00 0 
7f392c000000-7f392c021000 rw-p 00000000 00:00 0 
7f392c021000-7f3930000000 ---p 00000000 00:00 0 
7f3930000000-7f3930021000 rw-p 00000000 00:00 0 
7f3930021000-7f3934000000 ---p 00000000 00:00 0 
7f3934000000-7f393402f000 rw-p 00000000 00:00 0 
7f393402f000-7f3938000000 ---p 00000000 00:00 0 
7f3938000000-7f39387da000 rw-p 00000000 00:00 0 
7f39387da000-7f393c000000 ---p 00000000 00:00 0 
7f393c000000-7f393c021000 rw-p 00000000 00:00 0 
7f393c021000-7f3940000000 ---p 00000000 00:00 0 
7f3940000000-7f3940585000 rw-p 00000000 00:00 0 
7f3940585000-7f3944000000 ---p 00000000 00:00 0 
7f3944000000-7f39447f1000 rw-p 00000000 00:00 0 
7f39447f1000-7f3948000000 ---p 00000000 00:00 0 
7f3948000000-7f3948021000 rw-p 00000000 00:00 0 
7f3948021000-7f394c000000 ---p 00000000 00:00 0 
7f394c000000-7f394c8c9000 rw-p 00000000 00:00 0 
7f394c8c9000-7f3950000000 ---p 00000000 00:00 0 
7f3950000000-7f3950021000 rw-p 00000000 00:00 0 
7f3950021000-7f3954000000 ---p 00000000 00:00 0 
7f3954000000-7f3954021000 rw-p 00000000 00:00 0 
7f3954021000-7f3958000000 ---p 00000000 00:00 0 
7f3958000000-7f3958021000 rw-p 00000000 00:00 0 
7f3958021000-7f395c000000 ---p 00000000 00:00 0 
7f395c000000-7f395c28d000 rw-p 00000000 00:00 0 
7f395c28d000-7f3960000000 ---p 00000000 00:00 0 
7f3960000000-7f3960021000 rw-p 00000000 00:00 0 
7f3960021000-7f3964000000 ---p 00000000 00:00 0 
7f3968000000-7f3968021000 rw-p 00000000 00:00 0 
7f3968021000-7f396c000000 ---p 00000000 00:00 0 
7f3970000000-7f3970021000 rw-p 00000000 00:00 0 
7f3970021000-7f3974000000 ---p 00000000 00:00 0 
7f3974000000-7f3974021000 rw-p 00000000 00:00 0 
7f3974021000-7f3978000000 ---p 00000000 00:00 0 
7f397c000000-7f397c021000 rw-p 00000000 00:00 0 
7f397c021000-7f3980000000 ---p 00000000 00:00 0 
7f3984000000-7f3984021000 rw-p 00000000 00:00 0 
7f3984021000-7f3988000000 ---p 00000000 00:00 0 
7f3989762000-7f3989765000 ---p 00000000 00:00 0 
7f3989765000-7f3989863000 rw-p 00000000 00:00 0 
7f3989863000-7f3989866000 ---p 00000000 00:00 0 
7f3989866000-7f3989964000 rw-p 00000000 00:00 0 
7f3989964000-7f3989967000 ---p 00000000 00:00 0 
7f3989967000-7f3989a65000 rw-p 00000000 00:00 0 
7f3989a65000-7f3989a68000 ---p 00000000 00:00 0 
7f3989a68000-7f3989b66000 rw-p 00000000 00:00 0 
7f3989b66000-7f3989b69000 ---p 00000000 00:00 0 
7f3989b69000-7f3989c67000 rw-p 00000000 00:00 0 
7f3989c67000-7f3989c68000 ---p 00000000 00:00 0 
7f3989c68000-7f3989d68000 rw-p 00000000 00:00 0 
7f3989d68000-7f3989d6b000 ---p 00000000 00:00 0 
7f3989d6b000-7f3989e69000 rw-p 00000000 00:00 0 
7f3989e69000-7f3989e6c000 ---p 00000000 00:00 0 
7f3989e6c000-7f3989f6a000 rw-p 00000000 00:00 0 
7f3989f6a000-7f3989f6d000 ---p 00000000 00:00 0 
7f3989f6d000-7f398a06b000 rw-p 00000000 00:00 0 
7f398a06b000-7f398a06e000 ---p 00000000 00:00 0 
7f398a06e000-7f398a16c000 rw-p 00000000 00:00 0 
7f398a16c000-7f398a16f000 ---p 00000000 00:00 0 
7f398a16f000-7f398a26d000 rw-p 00000000 00:00 0 
7f398a26d000-7f398a270000 ---p 00000000 00:00 0 
7f398a270000-7f398a36e000 rw-p 00000000 00:00 0 
7f398a36e000-7f398a7a6000 r--p 00000000 08:01 9700768                    /usr/lib/locale/locale-archive
7f398a7a6000-7f398a7a9000 ---p 00000000 00:00 0 
7f398a7a9000-7f398a8a7000 rw-p 00000000 00:00 0 
7f398a8a7000-7f398a8aa000 ---p 00000000 00:00 0 
7f398a8aa000-7f398a9a8000 rw-p 00000000 00:00 0 
7f398a9a8000-7f398a9a9000 ---p 00000000 00:00 0 
7f398a9a9000-7f398c000000 rw-p 00000000 00:00 0 
7f398c000000-7f398c021000 rw-p 00000000 00:00 0 
7f398c021000-7f3990000000 ---p 00000000 00:00 0 
7f3990002000-7f399000f000 r--s 0006e000 08:01 4217321                    /home/oguz/Masaüstü/FomApplicationAndroid/app/build/intermediates/exploded-aar/com.google.android.gms/play-services-basement/8.4.0/jars/classes.jar
7f399000f000-7f39906fc000 rw-p 00000000 00:00 0 
7f39906fc000-7f39908d5000 r--s 03d1f000 08:01 9967487                    /usr/lib/jvm/java-8-oracle/jre/lib/rt.jar
7f39908d5000-7f3990f8b000 rw-p 00000000 00:00 0 
7f3990f8b000-7f399114b000 ---p 00000000 00:00 0 
7f399114b000-7f399334b000 rw-p 00000000 00:00 0 
7f399334b000-7f399334c000 ---p 00000000 00:00 0 
7f399334c000-7f399344c000 rw-p 00000000 00:00 0 
7f399344c000-7f399344d000 ---p 00000000 00:00 0 
7f399344d000-7f399354d000 rw-p 00000000 00:00 0 
7f399354d000-7f399354e000 ---p 00000000 00:00 0 
7f399354e000-7f399364e000 rw-p 00000000 00:00 0 
7f399364e000-7f399364f000 ---p 00000000 00:00 0 
7f399364f000-7f399374f000 rw-p 00000000 00:00 0 
7f399374f000-7f3993750000 ---p 00000000 00:00 0 
7f3993750000-7f3993850000 rw-p 00000000 00:00 0 
7f3993850000-7f3993851000 ---p 00000000 00:00 0 
7f3993851000-7f3993951000 rw-p 00000000 00:00 0 
7f3993951000-7f3993952000 ---p 00000000 00:00 0 
7f3993952000-7f3993a7c000 rw-p 00000000 00:00 0 
7f3993a7c000-7f3993ba8000 ---p 00000000 00:00 0 
7f3993ba8000-7f3993bd2000 rw-p 00000000 00:00 0 
7f3993bd2000-7f3993cfd000 ---p 00000000 00:00 0 
7f3993cfd000-7f3993d22000 rw-p 00000000 00:00 0 
7f3993d22000-7f3993da8000 ---p 00000000 00:00 0 
7f3993da8000-7f3993dbc000 rw-p 00000000 00:00 0 
7f3993dbc000-7f3994169000 ---p 00000000 00:00 0 
7f3994169000-7f3994629000 rwxp 00000000 00:00 0 
7f3994629000-7f39a3169000 ---p 00000000 00:00 0 
7f39a3169000-7f39a3183000 r-xp 00000000 08:01 10092954                   /usr/lib/jvm/java-8-oracle/jre/lib/amd64/libzip.so
7f39a3183000-7f39a3383000 ---p 0001a000 08:01 10092954                   /usr/lib/jvm/java-8-oracle/jre/lib/amd64/libzip.so
7f39a3383000-7f39a3384000 rw-p 0001a000 08:01 10092954                   /usr/lib/jvm/java-8-oracle/jre/lib/amd64/libzip.so
7f39a3384000-7f39a338f000 r-xp 00000000 08:01 7603299                    /lib/x86_64-linux-gnu/libnss_files-2.23.so
7f39a338f000-7f39a358e000 ---p 0000b000 08:01 7603299                    /lib/x86_64-linux-gnu/libnss_files-2.23.so
7f39a358e000-7f39a358f000 r--p 0000a000 08:01 7603299                    /lib/x86_64-linux-gnu/libnss_files-2.23.so
7f39a358f000-7f39a3590000 rw-p 0000b000 08:01 7603299                    /lib/x86_64-linux-gnu/libnss_files-2.23.so
7f39a3590000-7f39a3596000 rw-p 00000000 00:00 0 
7f39a3596000-7f39a35a1000 r-xp 00000000 08:01 7603296                    /lib/x86_64-linux-gnu/libnss_nis-2.23.so
7f39a35a1000-7f39a37a0000 ---p 0000b000 08:01 7603296                    /lib/x86_64-linux-gnu/libnss_nis-2.23.so
7f39a37a0000-7f39a37a1000 r--p 0000a000 08:01 7603296                    /lib/x86_64-linux-gnu/libnss_nis-2.23.so
7f39a37a1000-7f39a37a2000 rw-p 0000b000 08:01 7603296                    /lib/x86_64-linux-gnu/libnss_nis-2.23.so
7f39a37a2000-7f39a37b8000 r-xp 00000000 08:01 7603294                    /lib/x86_64-linux-gnu/libnsl-2.23.so
7f39a37b8000-7f39a39b8000 ---p 00016000 08:01 7603294                    /lib/x86_64-linux-gnu/libnsl-2.23.so
7f39a39b8000-7f39a39b9000 r--p 00016000 08:01 7603294                    /lib/x86_64-linux-gnu/libnsl-2.23.so
7f39a39b9000-7f39a39ba000 rw-p 00017000 08:01 7603294                    /lib/x86_64-linux-gnu/libnsl-2.23.so
7f39a39ba000-7f39a39bc000 rw-p 00000000 00:00 0 
7f39a39bc000-7f39a39c4000 r-xp 00000000 08:01 7603292                    /lib/x86_64-linux-gnu/libnss_compat-2.23.so
7f39a39c4000-7f39a3bc3000 ---p 00008000 08:01 7603292                    /lib/x86_64-linux-gnu/libnss_compat-2.23.so
7f39a3bc3000-7f39a3bc4000 r--p 00007000 08:01 7603292                    /lib/x86_64-linux-gnu/libnss_compat-2.23.so
7f39a3bc4000-7f39a3bc5000 rw-p 00008000 08:01 7603292                    /lib/x86_64-linux-gnu/libnss_compat-2.23.so
7f39a3bc5000-7f39a3bef000 r-xp 00000000 08:01 10092949                   /usr/lib/jvm/java-8-oracle/jre/lib/amd64/libjava.so
7f39a3bef000-7f39a3def000 ---p 0002a000 08:01 10092949                   /usr/lib/jvm/java-8-oracle/jre/lib/amd64/libjava.so
7f39a3def000-7f39a3df1000 rw-p 0002a000 08:01 10092949                   /usr/lib/jvm/java-8-oracle/jre/lib/amd64/libjava.so
7f39a3df1000-7f39a3dfe000 r-xp 00000000 08:01 10092953                   /usr/lib/jvm/java-8-oracle/jre/lib/amd64/libverify.so
7f39a3dfe000-7f39a3ffe000 ---p 0000d000 08:01 10092953                   /usr/lib/jvm/java-8-oracle/jre/lib/amd64/libverify.so
7f39a3ffe000-7f39a4000000 rw-p 0000d000 08:01 10092953                   /usr/lib/jvm/java-8-oracle/jre/lib/amd64/libverify.so
7f39a4000000-7f39a439b000 rw-p 00000000 00:00 0 
7f39a439b000-7f39a8000000 ---p 00000000 00:00 0 
7f39a8000000-7f39a800f000 r--s 000df000 08:01 5246091                    /home/oguz/Android/Sdk/build-tools/23.0.3/lib/dx.jar
7f39a800f000-7f39a8010000 ---p 00000000 00:00 0 
7f39a8010000-7f39a8110000 rw-p 00000000 00:00 0 
7f39a8110000-7f39a8117000 r-xp 00000000 08:01 7603308                    /lib/x86_64-linux-gnu/librt-2.23.so
7f39a8117000-7f39a8316000 ---p 00007000 08:01 7603308                    /lib/x86_64-linux-gnu/librt-2.23.so
7f39a8316000-7f39a8317000 r--p 00006000 08:01 7603308                    /lib/x86_64-linux-gnu/librt-2.23.so
7f39a8317000-7f39a8318000 rw-p 00007000 08:01 7603308                    /lib/x86_64-linux-gnu/librt-2.23.so
7f39a8318000-7f39a8420000 r-xp 00000000 08:01 7603305                    /lib/x86_64-linux-gnu/libm-2.23.so
7f39a8420000-7f39a861f000 ---p 00108000 08:01 7603305                    /lib/x86_64-linux-gnu/libm-2.23.so
7f39a861f000-7f39a8620000 r--p 00107000 08:01 7603305                    /lib/x86_64-linux-gnu/libm-2.23.so
7f39a8620000-7f39a8621000 rw-p 00108000 08:01 7603305                    /lib/x86_64-linux-gnu/libm-2.23.so
7f39a8621000-7f39a92e1000 r-xp 00000000 08:01 10092932                   /usr/lib/jvm/java-8-oracle/jre/lib/amd64/server/libjvm.so
7f39a92e1000-7f39a94e1000 ---p 00cc0000 08:01 10092932                   /usr/lib/jvm/java-8-oracle/jre/lib/amd64/server/libjvm.so
7f39a94e1000-7f39a95b9000 rw-p 00cc0000 08:01 10092932                   /usr/lib/jvm/java-8-oracle/jre/lib/amd64/server/libjvm.so
7f39a95b9000-7f39a9604000 rw-p 00000000 00:00 0 
7f39a9604000-7f39a97c4000 r-xp 00000000 08:01 7603313                    /lib/x86_64-linux-gnu/libc-2.23.so
7f39a97c4000-7f39a99c4000 ---p 001c0000 08:01 7603313                    /lib/x86_64-linux-gnu/libc-2.23.so
7f39a99c4000-7f39a99c8000 r--p 001c0000 08:01 7603313                    /lib/x86_64-linux-gnu/libc-2.23.so
7f39a99c8000-7f39a99ca000 rw-p 001c4000 08:01 7603313                    /lib/x86_64-linux-gnu/libc-2.23.so
7f39a99ca000-7f39a99ce000 rw-p 00000000 00:00 0 
7f39a99ce000-7f39a99d1000 r-xp 00000000 08:01 7603314                    /lib/x86_64-linux-gnu/libdl-2.23.so
7f39a99d1000-7f39a9bd0000 ---p 00003000 08:01 7603314                    /lib/x86_64-linux-gnu/libdl-2.23.so
7f39a9bd0000-7f39a9bd1000 r--p 00002000 08:01 7603314                    /lib/x86_64-linux-gnu/libdl-2.23.so
7f39a9bd1000-7f39a9bd2000 rw-p 00003000 08:01 7603314                    /lib/x86_64-linux-gnu/libdl-2.23.so
7f39a9bd2000-7f39a9be7000 r-xp 00000000 08:01 9840182                    /usr/lib/jvm/java-8-oracle/lib/amd64/jli/libjli.so
7f39a9be7000-7f39a9de7000 ---p 00015000 08:01 9840182                    /usr/lib/jvm/java-8-oracle/lib/amd64/jli/libjli.so
7f39a9de7000-7f39a9de8000 rw-p 00015000 08:01 9840182                    /usr/lib/jvm/java-8-oracle/lib/amd64/jli/libjli.so
7f39a9de8000-7f39a9e00000 r-xp 00000000 08:01 7603312                    /lib/x86_64-linux-gnu/libpthread-2.23.so
7f39a9e00000-7f39a9fff000 ---p 00018000 08:01 7603312                    /lib/x86_64-linux-gnu/libpthread-2.23.so
7f39a9fff000-7f39aa000000 r--p 00017000 08:01 7603312                    /lib/x86_64-linux-gnu/libpthread-2.23.so
7f39aa000000-7f39aa001000 rw-p 00018000 08:01 7603312                    /lib/x86_64-linux-gnu/libpthread-2.23.so
7f39aa001000-7f39aa005000 rw-p 00000000 00:00 0 
7f39aa005000-7f39aa02b000 r-xp 00000000 08:01 7603309                    /lib/x86_64-linux-gnu/ld-2.23.so
7f39aa031000-7f39aa103000 rw-p 00000000 00:00 0 
7f39aa103000-7f39aa106000 ---p 00000000 00:00 0 
7f39aa106000-7f39aa208000 rw-p 00000000 00:00 0 
7f39aa20a000-7f39aa21e000 rw-p 00000000 00:00 0 
7f39aa21e000-7f39aa226000 rw-s 00000000 08:01 133431                     /tmp/hsperfdata_oguz/15251
7f39aa226000-7f39aa227000 rw-p 00000000 00:00 0 
7f39aa227000-7f39aa228000 ---p 00000000 00:00 0 
7f39aa228000-7f39aa22a000 rw-p 00000000 00:00 0 
7f39aa22a000-7f39aa22b000 r--p 00025000 08:01 7603309                    /lib/x86_64-linux-gnu/ld-2.23.so
7f39aa22b000-7f39aa22c000 rw-p 00026000 08:01 7603309                    /lib/x86_64-linux-gnu/ld-2.23.so
7f39aa22c000-7f39aa22d000 rw-p 00000000 00:00 0 
7ffe88286000-7ffe882a7000 rw-p 00000000 00:00 0                          [stack]
7ffe8830c000-7ffe8830e000 r--p 00000000 00:00 0                          [vvar]
7ffe8830e000-7ffe88310000 r-xp 00000000 00:00 0                          [vdso]
ffffffffff600000-ffffffffff601000 r-xp 00000000 00:00 0                  [vsyscall]

VM Arguments:
jvm_args: -Djava.awt.headless=true -Xmx1024M -Dfile.encoding=UTF-8 -Duser.country=TR -Duser.language=tr -Duser.variant 
java_command: com.android.dx.command.Main --dex --force-jumbo --num-threads=4 --multi-dex --output /home/oguz/Masaüstü/FomApplicationAndroid/app/build/intermediates/transforms/dex/debug/folders/1000/10/com.google.android.gms-play-services-basement-8.4.0_3d19a3ffe43271964572d7d58a21291e94152fa7 /home/oguz/Masaüstü/FomApplicationAndroid/app/build/intermediates/exploded-aar/com.google.android.gms/play-services-basement/8.4.0/jars/classes.jar
java_class_path (initial): /home/oguz/Android/Sdk/build-tools/23.0.3/lib/dx.jar
Launcher Type: SUN_STANDARD

Environment Variables:
PATH=/usr/local/sbin:/usr/local/bin:/usr/sbin:/usr/bin:/sbin:/bin:/usr/games:/usr/local/games:/snap/bin
LD_LIBRARY_PATH=/home/oguz/Masaüstü/Derleyiciler/android-studio/bin:
SHELL=/bin/bash
DISPLAY=:0

Signal Handlers:
SIGSEGV: [libjvm.so+0xabca10], sa_mask[0]=11111111011111111101111111111110, sa_flags=SA_RESTART|SA_SIGINFO
SIGBUS: [libjvm.so+0xabca10], sa_mask[0]=11111111011111111101111111111110, sa_flags=SA_RESTART|SA_SIGINFO
SIGFPE: [libjvm.so+0x919a20], sa_mask[0]=11111111011111111101111111111110, sa_flags=SA_RESTART|SA_SIGINFO
SIGPIPE: [libjvm.so+0x919a20], sa_mask[0]=11111111011111111101111111111110, sa_flags=SA_RESTART|SA_SIGINFO
SIGXFSZ: [libjvm.so+0x919a20], sa_mask[0]=11111111011111111101111111111110, sa_flags=SA_RESTART|SA_SIGINFO
SIGILL: [libjvm.so+0x919a20], sa_mask[0]=11111111011111111101111111111110, sa_flags=SA_RESTART|SA_SIGINFO
SIGUSR1: SIG_DFL, sa_mask[0]=00000000000000000000000000000000, sa_flags=none
SIGUSR2: [libjvm.so+0x91b050], sa_mask[0]=00100000000000000000000000000000, sa_flags=SA_RESTART|SA_SIGINFO
SIGHUP: [libjvm.so+0x91c450], sa_mask[0]=11111111011111111101111111111110, sa_flags=SA_RESTART|SA_SIGINFO
SIGINT: [libjvm.so+0x91c450], sa_mask[0]=11111111011111111101111111111110, sa_flags=SA_RESTART|SA_SIGINFO
SIGTERM: [libjvm.so+0x91c450], sa_mask[0]=11111111011111111101111111111110, sa_flags=SA_RESTART|SA_SIGINFO
SIGQUIT: [libjvm.so+0x91c450], sa_mask[0]=11111111011111111101111111111110, sa_flags=SA_RESTART|SA_SIGINFO


---------------  S Y S T E M  ---------------

OS:DISTRIB_ID=Ubuntu
DISTRIB_RELEASE=16.04
DISTRIB_CODENAME=xenial
DISTRIB_DESCRIPTION="Ubuntu Xenial Xerus (development branch)"

uname:Linux 4.4.0-22-generic #39-Ubuntu SMP Thu May 5 16:53:32 UTC 2016 x86_64
libc:glibc 2.23 NPTL 2.23 
rlimit: STACK 8192k, CORE 0k, NPROC 31498, NOFILE 65536, AS infinity
load average:8.27 2.52 1.25

/proc/meminfo:
MemTotal:        8101800 kB
MemFree:          307548 kB
MemAvailable:     348920 kB
Buffers:            1956 kB
Cached:           435044 kB
SwapCached:            0 kB
Active:          7170924 kB
Inactive:         388584 kB
Active(anon):    7159824 kB
Inactive(anon):   366512 kB
Active(file):      11100 kB
Inactive(file):    22072 kB
Unevictable:          76 kB
Mlocked:              76 kB
SwapTotal:             0 kB
SwapFree:              0 kB
Dirty:                 0 kB
Writeback:           160 kB
AnonPages:       7044884 kB
Mapped:           150828 kB
Shmem:            401684 kB
Slab:             103956 kB
SReclaimable:      50572 kB
SUnreclaim:        53384 kB
KernelStack:       18912 kB
PageTables:        59448 kB
NFS_Unstable:          0 kB
Bounce:                0 kB
WritebackTmp:          0 kB
CommitLimit:     4050900 kB
Committed_AS:   13122672 kB
VmallocTotal:   34359738367 kB
VmallocUsed:           0 kB
VmallocChunk:          0 kB
HardwareCorrupted:     0 kB
AnonHugePages:   4548608 kB
CmaTotal:              0 kB
CmaFree:               0 kB
HugePages_Total:       0
HugePages_Free:        0
HugePages_Rsvd:        0
HugePages_Surp:        0
Hugepagesize:       2048 kB
DirectMap4k:      160512 kB
DirectMap2M:     8155136 kB
DirectMap1G:     1048576 kB


CPU:total 8 (4 cores per cpu, 2 threads per core) family 6 model 60 stepping 3, cmov, cx8, fxsr, mmx, sse, sse2, sse3, ssse3, sse4.1, sse4.2, popcnt, avx, avx2, aes, clmul, erms, lzcnt, ht, tsc, tscinvbit, bmi1, bmi2

/proc/cpuinfo:
processor	: 0
vendor_id	: GenuineIntel
cpu family	: 6
model		: 60
model name	: Intel(R) Core(TM) i7-4700MQ CPU @ 2.40GHz
stepping	: 3
microcode	: 0x16
cpu MHz		: 1599.937
cache size	: 6144 KB
physical id	: 0
siblings	: 8
core id		: 0
cpu cores	: 4
apicid		: 0
initial apicid	: 0
fpu		: yes
fpu_exception	: yes
cpuid level	: 13
wp		: yes
flags		: fpu vme de pse tsc msr pae mce cx8 apic sep mtrr pge mca cmov pat pse36 clflush dts acpi mmx fxsr sse sse2 ss ht tm pbe syscall nx pdpe1gb rdtscp lm constant_tsc arch_perfmon pebs bts rep_good nopl xtopology nonstop_tsc aperfmperf eagerfpu pni pclmulqdq dtes64 monitor ds_cpl vmx est tm2 ssse3 sdbg fma cx16 xtpr pdcm pcid sse4_1 sse4_2 movbe popcnt tsc_deadline_timer aes xsave avx f16c rdrand lahf_lm abm epb tpr_shadow vnmi flexpriority ept vpid fsgsbase tsc_adjust bmi1 avx2 smep bmi2 erms invpcid xsaveopt dtherm ida arat pln pts
bugs		:
bogomips	: 4788.97
clflush size	: 64
cache_alignment	: 64
address sizes	: 39 bits physical, 48 bits virtual
power management:

processor	: 1
vendor_id	: GenuineIntel
cpu family	: 6
model		: 60
model name	: Intel(R) Core(TM) i7-4700MQ CPU @ 2.40GHz
stepping	: 3
microcode	: 0x16
cpu MHz		: 1599.937
cache size	: 6144 KB
physical id	: 0
siblings	: 8
core id		: 0
cpu cores	: 4
apicid		: 1
initial apicid	: 1
fpu		: yes
fpu_exception	: yes
cpuid level	: 13
wp		: yes
flags		: fpu vme de pse tsc msr pae mce cx8 apic sep mtrr pge mca cmov pat pse36 clflush dts acpi mmx fxsr sse sse2 ss ht tm pbe syscall nx pdpe1gb rdtscp lm constant_tsc arch_perfmon pebs bts rep_good nopl xtopology nonstop_tsc aperfmperf eagerfpu pni pclmulqdq dtes64 monitor ds_cpl vmx est tm2 ssse3 sdbg fma cx16 xtpr pdcm pcid sse4_1 sse4_2 movbe popcnt tsc_deadline_timer aes xsave avx f16c rdrand lahf_lm abm epb tpr_shadow vnmi flexpriority ept vpid fsgsbase tsc_adjust bmi1 avx2 smep bmi2 erms invpcid xsaveopt dtherm ida arat pln pts
bugs		:
bogomips	: 4788.97
clflush size	: 64
cache_alignment	: 64
address sizes	: 39 bits physical, 48 bits virtual
power management:

processor	: 2
vendor_id	: GenuineIntel
cpu family	: 6
model		: 60
model name	: Intel(R) Core(TM) i7-4700MQ CPU @ 2.40GHz
stepping	: 3
microcode	: 0x16
cpu MHz		: 1599.937
cache size	: 6144 KB
physical id	: 0
siblings	: 8
core id		: 1
cpu cores	: 4
apicid		: 2
initial apicid	: 2
fpu		: yes
fpu_exception	: yes
cpuid level	: 13
wp		: yes
flags		: fpu vme de pse tsc msr pae mce cx8 apic sep mtrr pge mca cmov pat pse36 clflush dts acpi mmx fxsr sse sse2 ss ht tm pbe syscall nx pdpe1gb rdtscp lm constant_tsc arch_perfmon pebs bts rep_good nopl xtopology nonstop_tsc aperfmperf eagerfpu pni pclmulqdq dtes64 monitor ds_cpl vmx est tm2 ssse3 sdbg fma cx16 xtpr pdcm pcid sse4_1 sse4_2 movbe popcnt tsc_deadline_timer aes xsave avx f16c rdrand lahf_lm abm epb tpr_shadow vnmi flexpriority ept vpid fsgsbase tsc_adjust bmi1 avx2 smep bmi2 erms invpcid xsaveopt dtherm ida arat pln pts
bugs		:
bogomips	: 4788.97
clflush size	: 64
cache_alignment	: 64
address sizes	: 39 bits physical, 48 bits virtual
power management:

processor	: 3
vendor_id	: GenuineIntel
cpu family	: 6
model		: 60
model name	: Intel(R) Core(TM) i7-4700MQ CPU @ 2.40GHz
stepping	: 3
microcode	: 0x16
cpu MHz		: 1599.937
cache size	: 6144 KB
physical id	: 0
siblings	: 8
core id		: 1
cpu cores	: 4
apicid		: 3
initial apicid	: 3
fpu		: yes
fpu_exception	: yes
cpuid level	: 13
wp		: yes
flags		: fpu vme de pse tsc msr pae mce cx8 apic sep mtrr pge mca cmov pat pse36 clflush dts acpi mmx fxsr sse sse2 ss ht tm pbe syscall nx pdpe1gb rdtscp lm constant_tsc arch_perfmon pebs bts rep_good nopl xtopology nonstop_tsc aperfmperf eagerfpu pni pclmulqdq dtes64 monitor ds_cpl vmx est tm2 ssse3 sdbg fma cx16 xtpr pdcm pcid sse4_1 sse4_2 movbe popcnt tsc_deadline_timer aes xsave avx f16c rdrand lahf_lm abm epb tpr_shadow vnmi flexpriority ept vpid fsgsbase tsc_adjust bmi1 avx2 smep bmi2 erms invpcid xsaveopt dtherm ida arat pln pts
bugs		:
bogomips	: 4788.97
clflush size	: 64
cache_alignment	: 64
address sizes	: 39 bits physical, 48 bits virtual
power management:

processor	: 4
vendor_id	: GenuineIntel
cpu family	: 6
model		: 60
model name	: Intel(R) Core(TM) i7-4700MQ CPU @ 2.40GHz
stepping	: 3
microcode	: 0x16
cpu MHz		: 1599.937
cache size	: 6144 KB
physical id	: 0
siblings	: 8
core id		: 2
cpu cores	: 4
apicid		: 4
initial apicid	: 4
fpu		: yes
fpu_exception	: yes
cpuid level	: 13
wp		: yes
flags		: fpu vme de pse tsc msr pae mce cx8 apic sep mtrr pge mca cmov pat pse36 clflush dts acpi mmx fxsr sse sse2 ss ht tm pbe syscall nx pdpe1gb rdtscp lm constant_tsc arch_perfmon pebs bts rep_good nopl xtopology nonstop_tsc aperfmperf eagerfpu pni pclmulqdq dtes64 monitor ds_cpl vmx est tm2 ssse3 sdbg fma cx16 xtpr pdcm pcid sse4_1 sse4_2 movbe popcnt tsc_deadline_timer aes xsave avx f16c rdrand lahf_lm abm epb tpr_shadow vnmi flexpriority ept vpid fsgsbase tsc_adjust bmi1 avx2 smep bmi2 erms invpcid xsaveopt dtherm ida arat pln pts
bugs		:
bogomips	: 4788.97
clflush size	: 64
cache_alignment	: 64
address sizes	: 39 bits physical, 48 bits virtual
power management:

processor	: 5
vendor_id	: GenuineIntel
cpu family	: 6
model		: 60
model name	: Intel(R) Core(TM) i7-4700MQ CPU @ 2.40GHz
stepping	: 3
microcode	: 0x16
cpu MHz		: 1599.937
cache size	: 6144 KB
physical id	: 0
siblings	: 8
core id		: 2
cpu cores	: 4
apicid		: 5
initial apicid	: 5
fpu		: yes
fpu_exception	: yes
cpuid level	: 13
wp		: yes
flags		: fpu vme de pse tsc msr pae mce cx8 apic sep mtrr pge mca cmov pat pse36 clflush dts acpi mmx fxsr sse sse2 ss ht tm pbe syscall nx pdpe1gb rdtscp lm constant_tsc arch_perfmon pebs bts rep_good nopl xtopology nonstop_tsc aperfmperf eagerfpu pni pclmulqdq dtes64 monitor ds_cpl vmx est tm2 ssse3 sdbg fma cx16 xtpr pdcm pcid sse4_1 sse4_2 movbe popcnt tsc_deadline_timer aes xsave avx f16c rdrand lahf_lm abm epb tpr_shadow vnmi flexpriority ept vpid fsgsbase tsc_adjust bmi1 avx2 smep bmi2 erms invpcid xsaveopt dtherm ida arat pln pts
bugs		:
bogomips	: 4788.97
clflush size	: 64
cache_alignment	: 64
address sizes	: 39 bits physical, 48 bits virtual
power management:

processor	: 6
vendor_id	: GenuineIntel
cpu family	: 6
model		: 60
model name	: Intel(R) Core(TM) i7-4700MQ CPU @ 2.40GHz
stepping	: 3
microcode	: 0x16
cpu MHz		: 1599.937
cache size	: 6144 KB
physical id	: 0
siblings	: 8
core id		: 3
cpu cores	: 4
apicid		: 6
initial apicid	: 6
fpu		: yes
fpu_exception	: yes
cpuid level	: 13
wp		: yes
flags		: fpu vme de pse tsc msr pae mce cx8 apic sep mtrr pge mca cmov pat pse36 clflush dts acpi mmx fxsr sse sse2 ss ht tm pbe syscall nx pdpe1gb rdtscp lm constant_tsc arch_perfmon pebs bts rep_good nopl xtopology nonstop_tsc aperfmperf eagerfpu pni pclmulqdq dtes64 monitor ds_cpl vmx est tm2 ssse3 sdbg fma cx16 xtpr pdcm pcid sse4_1 sse4_2 movbe popcnt tsc_deadline_timer aes xsave avx f16c rdrand lahf_lm abm epb tpr_shadow vnmi flexpriority ept vpid fsgsbase tsc_adjust bmi1 avx2 smep bmi2 erms invpcid xsaveopt dtherm ida arat pln pts
bugs		:
bogomips	: 4788.97
clflush size	: 64
cache_alignment	: 64
address sizes	: 39 bits physical, 48 bits virtual
power management:

processor	: 7
vendor_id	: GenuineIntel
cpu family	: 6
model		: 60
model name	: Intel(R) Core(TM) i7-4700MQ CPU @ 2.40GHz
stepping	: 3
microcode	: 0x16
cpu MHz		: 1599.937
cache size	: 6144 KB
physical id	: 0
siblings	: 8
core id		: 3
cpu cores	: 4
apicid		: 7
initial apicid	: 7
fpu		: yes
fpu_exception	: yes
cpuid level	: 13
wp		: yes
flags		: fpu vme de pse tsc msr pae mce cx8 apic sep mtrr pge mca cmov pat pse36 clflush dts acpi mmx fxsr sse sse2 ss ht tm pbe syscall nx pdpe1gb rdtscp lm constant_tsc arch_perfmon pebs bts rep_good nopl xtopology nonstop_tsc aperfmperf eagerfpu pni pclmulqdq dtes64 monitor ds_cpl vmx est tm2 ssse3 sdbg fma cx16 xtpr pdcm pcid sse4_1 sse4_2 movbe popcnt tsc_deadline_timer aes xsave avx f16c rdrand lahf_lm abm epb tpr_shadow vnmi flexpriority ept vpid fsgsbase tsc_adjust bmi1 avx2 smep bmi2 erms invpcid xsaveopt dtherm ida arat pln pts
bugs		:
bogomips	: 4788.97
clflush size	: 64
cache_alignment	: 64
address sizes	: 39 bits physical, 48 bits virtual
power management:



Memory: 4k page, physical 8101800k(367256k free), swap 0k(0k free)

vm_info: Java HotSpot(TM) 64-Bit Server VM (25.91-b14) for linux-amd64 JRE (1.8.0_91-b14), built on Apr  1 2016 00:57:21 by "java_re" with gcc 4.3.0 20080428 (Red Hat 4.3.0-8)

time: Thu Aug 11 11:34:33 2016
elapsed time: 5 seconds (0d 0h 0m 5s)

