#
# There is insufficient memory for the Java Runtime Environment to continue.
# Native memory allocation (mmap) failed to map 170917888 bytes for committing reserved memory.
# Possible reasons:
#   The system is out of physical RAM or swap space
#   In 32 bit mode, the process size limit was hit
# Possible solutions:
#   Reduce memory load on the system
#   Increase physical memory or swap space
#   Check if swap backing store is full
#   Use 64 bit Java on a 64 bit OS
#   Decrease Java heap size (-Xmx/-Xms)
#   Decrease number of Java threads
#   Decrease Java thread stack sizes (-Xss)
#   Set larger code cache with -XX:ReservedCodeCacheSize=
# This output file may be truncated or incomplete.
#
#  Out of Memory Error (os_linux.cpp:2627), pid=18473, tid=139852464809728
#
# JRE version: Java(TM) SE Runtime Environment (8.0_91-b14) (build 1.8.0_91-b14)
# Java VM: Java HotSpot(TM) 64-Bit Server VM (25.91-b14 mixed mode linux-amd64 compressed oops)
# Failed to write core dump. Core dumps have been disabled. To enable core dumping, try "ulimit -c unlimited" before starting Java again
#

---------------  T H R E A D  ---------------

Current thread (0x00007f3208080000):  VMThread [stack: 0x00007f31f06c6000,0x00007f31f07c7000] [id=18486]

Stack: [0x00007f31f06c6000,0x00007f31f07c7000],  sp=0x00007f31f07c52a0,  free space=1020k
Native frames: (J=compiled Java code, j=interpreted, Vv=VM code, C=native code)
V  [libjvm.so+0xabc18a]  VMError::report_and_die()+0x2ba
V  [libjvm.so+0x4fafeb]  report_vm_out_of_memory(char const*, int, unsigned long, VMErrorType, char const*)+0x8b
V  [libjvm.so+0x91cbb3]  os::Linux::commit_memory_impl(char*, unsigned long, bool)+0x103
V  [libjvm.so+0x91d109]  os::pd_commit_memory(char*, unsigned long, unsigned long, bool)+0x29
V  [libjvm.so+0x91740a]  os::commit_memory(char*, unsigned long, unsigned long, bool)+0x2a
V  [libjvm.so+0x98b033]  PSVirtualSpace::expand_by(unsigned long)+0x53
V  [libjvm.so+0x98c438]  PSYoungGen::resize_generation(unsigned long, unsigned long)+0xf8
V  [libjvm.so+0x98b592]  PSYoungGen::resize(unsigned long, unsigned long)+0x22
V  [libjvm.so+0x98886b]  PSScavenge::invoke_no_policy()+0xf3b
V  [libjvm.so+0x988ff1]  PSScavenge::invoke()+0x41
V  [libjvm.so+0x9408b0]  ParallelScavengeHeap::failed_mem_allocate(unsigned long)+0x70
V  [libjvm.so+0xabdba7]  VM_ParallelGCFailedAllocation::doit()+0x97
V  [libjvm.so+0xac55d5]  VM_Operation::evaluate()+0x55
V  [libjvm.so+0xac39aa]  VMThread::evaluate_operation(VM_Operation*)+0xba
V  [libjvm.so+0xac3d2e]  VMThread::loop()+0x1ce
V  [libjvm.so+0xac41a0]  VMThread::run()+0x70
V  [libjvm.so+0x91ef78]  java_start(Thread*)+0x108

VM_Operation (0x00007f31e35f3c90): ParallelGCFailedAllocation, mode: safepoint, requested by thread 0x00007f3208149000


---------------  P R O C E S S  ---------------

Java Threads: ( => current thread )
  0x00007f320814a800 JavaThread "pool-2-thread-4" [_thread_blocked, id=18525, stack(0x00007f31e33f4000,0x00007f31e34f5000)]
  0x00007f3208149000 JavaThread "pool-2-thread-3" [_thread_blocked, id=18524, stack(0x00007f31e34f5000,0x00007f31e35f6000)]
  0x00007f3208147800 JavaThread "pool-2-thread-2" [_thread_blocked, id=18523, stack(0x00007f31e35f6000,0x00007f31e36f7000)]
  0x00007f3208146000 JavaThread "pool-3-thread-1" [_thread_blocked, id=18522, stack(0x00007f31e36f7000,0x00007f31e37f8000)]
  0x00007f3208143800 JavaThread "pool-2-thread-1" [_thread_blocked, id=18521, stack(0x00007f31e37f8000,0x00007f31e38f9000)]
  0x00007f32080cb800 JavaThread "Service Thread" daemon [_thread_blocked, id=18495, stack(0x00007f31e39fa000,0x00007f31e3afb000)]
  0x00007f32080c8800 JavaThread "C1 CompilerThread3" daemon [_thread_blocked, id=18494, stack(0x00007f31e3afb000,0x00007f31e3bfc000)]
  0x00007f32080c6800 JavaThread "C2 CompilerThread2" daemon [_thread_blocked, id=18493, stack(0x00007f31e3bfc000,0x00007f31e3cfd000)]
  0x00007f32080c5000 JavaThread "C2 CompilerThread1" daemon [_thread_blocked, id=18492, stack(0x00007f31e3cfd000,0x00007f31e3dfe000)]
  0x00007f32080c2000 JavaThread "C2 CompilerThread0" daemon [_thread_blocked, id=18491, stack(0x00007f31e3dfe000,0x00007f31e3eff000)]
  0x00007f32080c0800 JavaThread "Signal Dispatcher" daemon [_thread_blocked, id=18490, stack(0x00007f31e3eff000,0x00007f31e4000000)]
  0x00007f320808c800 JavaThread "Finalizer" daemon [_thread_blocked, id=18489, stack(0x00007f31f04c4000,0x00007f31f05c5000)]
  0x00007f3208087800 JavaThread "Reference Handler" daemon [_thread_blocked, id=18487, stack(0x00007f31f05c5000,0x00007f31f06c6000)]
  0x00007f320800a000 JavaThread "main" [_thread_blocked, id=18475, stack(0x00007f320fe1e000,0x00007f320ff1f000)]

Other Threads:
=>0x00007f3208080000 VMThread [stack: 0x00007f31f06c6000,0x00007f31f07c7000] [id=18486]
  0x00007f32080ce800 WatcherThread [stack: 0x00007f31e38f9000,0x00007f31e39fa000] [id=18496]

VM state:at safepoint (normal execution)

VM Mutex/Monitor currently owned by a thread:  ([mutex/lock_event])
[0x00007f3208006570] Threads_lock - owner thread: 0x00007f3208080000
[0x00007f3208006a70] Heap_lock - owner thread: 0x00007f3208149000

Heap:
 PSYoungGen      total 132096K, used 5093K [0x00000000eab00000, 0x00000000f3100000, 0x0000000100000000)
  eden space 126976K, 0% used [0x00000000eab00000,0x00000000eab00000,0x00000000f2700000)
  from space 5120K, 99% used [0x00000000f2700000,0x00000000f2bf9520,0x00000000f2c00000)
  to   space 5120K, 0% used [0x00000000f2c00000,0x00000000f2c00000,0x00000000f3100000)
 ParOldGen       total 84992K, used 41213K [0x00000000c0000000, 0x00000000c5300000, 0x00000000eab00000)
  object space 84992K, 48% used [0x00000000c0000000,0x00000000c283f4d0,0x00000000c5300000)
 Metaspace       used 6360K, capacity 7192K, committed 7424K, reserved 1056768K
  class space    used 618K, capacity 656K, committed 768K, reserved 1048576K

Card table byte_map: [0x00007f320c9d3000,0x00007f320cbd4000] byte_map_base: 0x00007f320c3d3000

Marking Bits: (ParMarkBitMap*) 0x00007f320f2f2d60
 Begin Bits: [0x00007f31f2000000, 0x00007f31f3000000)
 End Bits:   [0x00007f31f3000000, 0x00007f31f4000000)

Polling page: 0x00007f320ff42000

CodeCache: size=245760Kb used=6312Kb max_used=6312Kb free=239448Kb
 bounds [0x00007f31f9000000, 0x00007f31f9630000, 0x00007f3208000000]
 total_blobs=2082 nmethods=1813 adapters=182
 compilation: enabled

Compilation events (10 events):
Event: 7.420 Thread 0x00007f32080c8800 2145       2       com.android.dx.command.dexer.Main::access$1600 (4 bytes)
Event: 7.421 Thread 0x00007f32080c8800 nmethod 2145 0x00007f31f962e150 code [0x00007f31f962e2a0, 0x00007f31f962e3d0]
Event: 7.421 Thread 0x00007f32080c8800 2146       2       java.util.concurrent.locks.ReentrantLock$Sync::tryRelease (45 bytes)
Event: 7.421 Thread 0x00007f32080c8800 nmethod 2146 0x00007f31f962e450 code [0x00007f31f962e5c0, 0x00007f31f962e808]
Event: 7.421 Thread 0x00007f32080c8800 2142   !   2       com.android.dx.dex.file.AnnotationSetItem::writeSize (20 bytes)
Event: 7.421 Thread 0x00007f32080c8800 nmethod 2142 0x00007f31f962e8d0 code [0x00007f31f962ea40, 0x00007f31f962ec48]
Event: 7.421 Thread 0x00007f32080c8800 2143       2       com.android.dx.rop.annotation.Annotations::getAnnotations (11 bytes)
Event: 7.422 Thread 0x00007f32080c8800 nmethod 2143 0x00007f31f962edd0 code [0x00007f31f962ef40, 0x00007f31f962f248]
Event: 7.462 Thread 0x00007f32080c8800 2148       2       com.android.dx.rop.cst.CstString::<init> (42 bytes)
Event: 7.463 Thread 0x00007f32080c8800 nmethod 2148 0x00007f31f962f410 code [0x00007f31f962f5a0, 0x00007f31f962f8b8]

GC Heap History (9 events):
Event: 2.095 GC heap before
{Heap before GC invocations=1 (full 0):
 PSYoungGen      total 36864K, used 31744K [0x00000000eab00000, 0x00000000ed400000, 0x0000000100000000)
  eden space 31744K, 100% used [0x00000000eab00000,0x00000000eca00000,0x00000000eca00000)
  from space 5120K, 0% used [0x00000000ecf00000,0x00000000ecf00000,0x00000000ed400000)
  to   space 5120K, 0% used [0x00000000eca00000,0x00000000eca00000,0x00000000ecf00000)
 ParOldGen       total 84992K, used 0K [0x00000000c0000000, 0x00000000c5300000, 0x00000000eab00000)
  object space 84992K, 0% used [0x00000000c0000000,0x00000000c0000000,0x00000000c5300000)
 Metaspace       used 5829K, capacity 6768K, committed 7040K, reserved 1056768K
  class space    used 596K, capacity 616K, committed 640K, reserved 1048576K
Event: 2.139 GC heap after
Heap after GC invocations=1 (full 0):
 PSYoungGen      total 36864K, used 5104K [0x00000000eab00000, 0x00000000ef300000, 0x0000000100000000)
  eden space 31744K, 0% used [0x00000000eab00000,0x00000000eab00000,0x00000000eca00000)
  from space 5120K, 99% used [0x00000000eca00000,0x00000000ecefc030,0x00000000ecf00000)
  to   space 5120K, 0% used [0x00000000eee00000,0x00000000eee00000,0x00000000ef300000)
 ParOldGen       total 84992K, used 878K [0x00000000c0000000, 0x00000000c5300000, 0x00000000eab00000)
  object space 84992K, 1% used [0x00000000c0000000,0x00000000c00db998,0x00000000c5300000)
 Metaspace       used 5829K, capacity 6768K, committed 7040K, reserved 1056768K
  class space    used 596K, capacity 616K, committed 640K, reserved 1048576K
}
Event: 2.966 GC heap before
{Heap before GC invocations=2 (full 0):
 PSYoungGen      total 36864K, used 36848K [0x00000000eab00000, 0x00000000ef300000, 0x0000000100000000)
  eden space 31744K, 100% used [0x00000000eab00000,0x00000000eca00000,0x00000000eca00000)
  from space 5120K, 99% used [0x00000000eca00000,0x00000000ecefc030,0x00000000ecf00000)
  to   space 5120K, 0% used [0x00000000eee00000,0x00000000eee00000,0x00000000ef300000)
 ParOldGen       total 84992K, used 1131K [0x00000000c0000000, 0x00000000c5300000, 0x00000000eab00000)
  object space 84992K, 1% used [0x00000000c0000000,0x00000000c011af50,0x00000000c5300000)
 Metaspace       used 5897K, capacity 6832K, committed 7040K, reserved 1056768K
  class space    used 596K, capacity 616K, committed 640K, reserved 1048576K
Event: 3.061 GC heap after
Heap after GC invocations=2 (full 0):
 PSYoungGen      total 68608K, used 5089K [0x00000000eab00000, 0x00000000ef300000, 0x0000000100000000)
  eden space 63488K, 0% used [0x00000000eab00000,0x00000000eab00000,0x00000000ee900000)
  from space 5120K, 99% used [0x00000000eee00000,0x00000000ef2f8710,0x00000000ef300000)
  to   space 5120K, 0% used [0x00000000ee900000,0x00000000ee900000,0x00000000eee00000)
 ParOldGen       total 84992K, used 5016K [0x00000000c0000000, 0x00000000c5300000, 0x00000000eab00000)
  object space 84992K, 5% used [0x00000000c0000000,0x00000000c04e63a8,0x00000000c5300000)
 Metaspace       used 5897K, capacity 6832K, committed 7040K, reserved 1056768K
  class space    used 596K, capacity 616K, committed 640K, reserved 1048576K
}
Event: 4.366 GC heap before
{Heap before GC invocations=3 (full 0):
 PSYoungGen      total 68608K, used 68577K [0x00000000eab00000, 0x00000000ef300000, 0x0000000100000000)
  eden space 63488K, 100% used [0x00000000eab00000,0x00000000ee900000,0x00000000ee900000)
  from space 5120K, 99% used [0x00000000eee00000,0x00000000ef2f8710,0x00000000ef300000)
  to   space 5120K, 0% used [0x00000000ee900000,0x00000000ee900000,0x00000000eee00000)
 ParOldGen       total 84992K, used 5019K [0x00000000c0000000, 0x00000000c5300000, 0x00000000eab00000)
  object space 84992K, 5% used [0x00000000c0000000,0x00000000c04e6d80,0x00000000c5300000)
 Metaspace       used 6033K, capacity 6960K, committed 7040K, reserved 1056768K
  class space    used 597K, capacity 616K, committed 640K, reserved 1048576K
Event: 4.615 GC heap after
Heap after GC invocations=3 (full 0):
 PSYoungGen      total 68608K, used 5109K [0x00000000eab00000, 0x00000000f3100000, 0x0000000100000000)
  eden space 63488K, 0% used [0x00000000eab00000,0x00000000eab00000,0x00000000ee900000)
  from space 5120K, 99% used [0x00000000ee900000,0x00000000eedfd6c0,0x00000000eee00000)
  to   space 5120K, 0% used [0x00000000f2c00000,0x00000000f2c00000,0x00000000f3100000)
 ParOldGen       total 84992K, used 14056K [0x00000000c0000000, 0x00000000c5300000, 0x00000000eab00000)
  object space 84992K, 16% used [0x00000000c0000000,0x00000000c0dba088,0x00000000c5300000)
 Metaspace       used 6033K, capacity 6960K, committed 7040K, reserved 1056768K
  class space    used 597K, capacity 616K, committed 640K, reserved 1048576K
}
Event: 5.419 GC heap before
{Heap before GC invocations=4 (full 0):
 PSYoungGen      total 68608K, used 68597K [0x00000000eab00000, 0x00000000f3100000, 0x0000000100000000)
  eden space 63488K, 100% used [0x00000000eab00000,0x00000000ee900000,0x00000000ee900000)
  from space 5120K, 99% used [0x00000000ee900000,0x00000000eedfd6c0,0x00000000eee00000)
  to   space 5120K, 0% used [0x00000000f2c00000,0x00000000f2c00000,0x00000000f3100000)
 ParOldGen       total 84992K, used 14056K [0x00000000c0000000, 0x00000000c5300000, 0x00000000eab00000)
  object space 84992K, 16% used [0x00000000c0000000,0x00000000c0dba088,0x00000000c5300000)
 Metaspace       used 6174K, capacity 7064K, committed 7424K, reserved 1056768K
  class space    used 618K, capacity 656K, committed 768K, reserved 1048576K
Event: 5.616 GC heap after
Heap after GC invocations=4 (full 0):
 PSYoungGen      total 132096K, used 5091K [0x00000000eab00000, 0x00000000f3100000, 0x0000000100000000)
  eden space 126976K, 0% used [0x00000000eab00000,0x00000000eab00000,0x00000000f2700000)
  from space 5120K, 99% used [0x00000000f2c00000,0x00000000f30f8c50,0x00000000f3100000)
  to   space 5120K, 0% used [0x00000000f2700000,0x00000000f2700000,0x00000000f2c00000)
 ParOldGen       total 84992K, used 23291K [0x00000000c0000000, 0x00000000c5300000, 0x00000000eab00000)
  object space 84992K, 27% used [0x00000000c0000000,0x00000000c16beec0,0x00000000c5300000)
 Metaspace       used 6174K, capacity 7064K, committed 7424K, reserved 1056768K
  class space    used 618K, capacity 656K, committed 768K, reserved 1048576K
}
Event: 7.472 GC heap before
{Heap before GC invocations=5 (full 0):
 PSYoungGen      total 132096K, used 132067K [0x00000000eab00000, 0x00000000f3100000, 0x0000000100000000)
  eden space 126976K, 100% used [0x00000000eab00000,0x00000000f2700000,0x00000000f2700000)
  from space 5120K, 99% used [0x00000000f2c00000,0x00000000f30f8c50,0x00000000f3100000)
  to   space 5120K, 0% used [0x00000000f2700000,0x00000000f2700000,0x00000000f2c00000)
 ParOldGen       total 84992K, used 23291K [0x00000000c0000000, 0x00000000c5300000, 0x00000000eab00000)
  object space 84992K, 27% used [0x00000000c0000000,0x00000000c16beec0,0x00000000c5300000)
 Metaspace       used 6360K, capacity 7192K, committed 7424K, reserved 1056768K
  class space    used 618K, capacity 656K, committed 768K, reserved 1048576K

Deoptimization events (10 events):
Event: 3.491 Thread 0x00007f3208147800 Uncommon trap: reason=unstable_if action=reinterpret pc=0x00007f31f93816f8 method=com.android.dx.ssa.SsaRenamer$BlockRenamer.visitMoveInsn(Lcom/android/dx/ssa/NormalSsaInsn;)V @ 104
Event: 3.614 Thread 0x00007f3208149000 Uncommon trap: reason=unstable_if action=reinterpret pc=0x00007f31f9328384 method=com.android.dx.util.IntList.binarysearch(I)I @ 105
Event: 3.808 Thread 0x00007f3208149000 Uncommon trap: reason=unstable_if action=reinterpret pc=0x00007f31f93438fc method=com.android.dx.ssa.SsaMethod.updateOneDefinition(Lcom/android/dx/ssa/SsaInsn;Lcom/android/dx/rop/code/RegisterSpec;)V @ 4
Event: 5.195 Thread 0x00007f3208149000 Uncommon trap: reason=unstable_if action=reinterpret pc=0x00007f31f92baafc method=java.util.HashMap.putVal(ILjava/lang/Object;Ljava/lang/Object;ZZ)Ljava/lang/Object; @ 162
Event: 5.251 Thread 0x00007f3208147800 Uncommon trap: reason=unstable_if action=reinterpret pc=0x00007f31f9484e34 method=java.util.HashMap.putVal(ILjava/lang/Object;Ljava/lang/Object;ZZ)Ljava/lang/Object; @ 162
Event: 5.277 Thread 0x00007f3208149000 Uncommon trap: reason=unstable_if action=reinterpret pc=0x00007f31f9203978 method=java.util.HashMap.getNode(ILjava/lang/Object;)Ljava/util/HashMap$Node; @ 84
Event: 5.284 Thread 0x00007f3208149000 Uncommon trap: reason=unstable_if action=reinterpret pc=0x00007f31f92452b8 method=java.util.HashMap.getNode(ILjava/lang/Object;)Ljava/util/HashMap$Node; @ 84
Event: 5.662 Thread 0x00007f320814a800 Uncommon trap: reason=unstable_if action=reinterpret pc=0x00007f31f95022c8 method=java.util.HashMap.getNode(ILjava/lang/Object;)Ljava/util/HashMap$Node; @ 84
Event: 6.920 Thread 0x00007f3208147800 Uncommon trap: reason=unstable_if action=reinterpret pc=0x00007f31f958416c method=java.util.HashMap.putVal(ILjava/lang/Object;Ljava/lang/Object;ZZ)Ljava/lang/Object; @ 109
Event: 7.118 Thread 0x00007f3208143800 Uncommon trap: reason=unstable_if action=reinterpret pc=0x00007f31f93395c8 method=com.android.dx.dex.code.OutputFinisher.hasLocalInfo(Lcom/android/dx/dex/code/DalvInsn;)Z @ 24

Internal exceptions (6 events):
Event: 0.129 Thread 0x00007f320800a000 Exception <a 'java/lang/NoSuchMethodError': Method sun.misc.Unsafe.defineClass(Ljava/lang/String;[BII)Ljava/lang/Class; name or signature does not match> (0x00000000eab07cc0) thrown at [/HUDSON/workspace/8-2-build-linux-amd64/jdk8u91/6644/hotspot/src/shar
Event: 0.129 Thread 0x00007f320800a000 Exception <a 'java/lang/NoSuchMethodError': Method sun.misc.Unsafe.prefetchRead(Ljava/lang/Object;J)V name or signature does not match> (0x00000000eab07fa8) thrown at [/HUDSON/workspace/8-2-build-linux-amd64/jdk8u91/6644/hotspot/src/share/vm/prims/jni.cpp
Event: 2.208 Thread 0x00007f320800a000 Implicit null exception at 0x00007f31f92ca62c to 0x00007f31f92cd645
Event: 5.229 Thread 0x00007f3208149000 Exception <a 'java/lang/ArrayIndexOutOfBoundsException': 18> (0x00000000ed9fd118) thrown at [/HUDSON/workspace/8-2-build-linux-amd64/jdk8u91/6644/hotspot/src/share/vm/interpreter/interpreterRuntime.cpp, line 366]
Event: 5.229 Thread 0x00007f3208149000 Exception <a 'java/lang/ArrayIndexOutOfBoundsException': 145> (0x00000000ed9fec98) thrown at [/HUDSON/workspace/8-2-build-linux-amd64/jdk8u91/6644/hotspot/src/share/vm/interpreter/interpreterRuntime.cpp, line 366]
Event: 5.230 Thread 0x00007f3208149000 Exception <a 'java/lang/ArrayIndexOutOfBoundsException': 40> (0x00000000ed9fff80) thrown at [/HUDSON/workspace/8-2-build-linux-amd64/jdk8u91/6644/hotspot/src/share/vm/interpreter/interpreterRuntime.cpp, line 366]

Events (10 events):
Event: 7.331 Thread 0x00007f3208143800 DEOPT UNPACKING pc=0x00007f31f9047633 sp=0x00007f31e38f6ca8 mode 0
Event: 7.335 Thread 0x00007f3208147800 DEOPT PACKING pc=0x00007f31f936d728 sp=0x00007f31e36f4b00
Event: 7.335 Thread 0x00007f3208147800 DEOPT UNPACKING pc=0x00007f31f9047633 sp=0x00007f31e36f4868 mode 0
Event: 7.337 Thread 0x00007f3208143800 DEOPT PACKING pc=0x00007f31f939be6c sp=0x00007f31e38f7030
Event: 7.337 Thread 0x00007f3208143800 DEOPT UNPACKING pc=0x00007f31f9047633 sp=0x00007f31e38f6d30 mode 0
Event: 7.349 Thread 0x00007f3208147800 DEOPT PACKING pc=0x00007f31f92e0a4d sp=0x00007f31e36f4d60
Event: 7.349 Thread 0x00007f3208147800 DEOPT UNPACKING pc=0x00007f31f9047633 sp=0x00007f31e36f4af0 mode 0
Event: 7.386 Thread 0x00007f3208147800 DEOPT PACKING pc=0x00007f31f933cb90 sp=0x00007f31e36f4c00
Event: 7.386 Thread 0x00007f3208147800 DEOPT UNPACKING pc=0x00007f31f9047633 sp=0x00007f31e36f4930 mode 0
Event: 7.463 Executing VM operation: ParallelGCFailedAllocation


Dynamic libraries:
00400000-00401000 r-xp 00000000 08:01 9839507                            /usr/lib/jvm/java-8-oracle/bin/java
00600000-00601000 rw-p 00000000 08:01 9839507                            /usr/lib/jvm/java-8-oracle/bin/java
007ac000-007cd000 rw-p 00000000 00:00 0                                  [heap]
c0000000-c5300000 rw-p 00000000 00:00 0 
c5300000-eab00000 ---p 00000000 00:00 0 
eab00000-f3100000 rw-p 00000000 00:00 0 
fd400000-100000000 ---p 00000000 00:00 0 
100000000-1000c0000 rw-p 00000000 00:00 0 
1000c0000-140000000 ---p 00000000 00:00 0 
7f318c000000-7f318c02e000 rw-p 00000000 00:00 0 
7f318c02e000-7f3190000000 ---p 00000000 00:00 0 
7f3190000000-7f3190026000 rw-p 00000000 00:00 0 
7f3190026000-7f3194000000 ---p 00000000 00:00 0 
7f3194000000-7f3194021000 rw-p 00000000 00:00 0 
7f3194021000-7f3198000000 ---p 00000000 00:00 0 
7f3198000000-7f319803b000 rw-p 00000000 00:00 0 
7f319803b000-7f319c000000 ---p 00000000 00:00 0 
7f319c000000-7f319c021000 rw-p 00000000 00:00 0 
7f319c021000-7f31a0000000 ---p 00000000 00:00 0 
7f31a0000000-7f31a0035000 rw-p 00000000 00:00 0 
7f31a0035000-7f31a4000000 ---p 00000000 00:00 0 
7f31a4000000-7f31a4a63000 rw-p 00000000 00:00 0 
7f31a4a63000-7f31a8000000 ---p 00000000 00:00 0 
7f31a8000000-7f31a8021000 rw-p 00000000 00:00 0 
7f31a8021000-7f31ac000000 ---p 00000000 00:00 0 
7f31ac000000-7f31acaea000 rw-p 00000000 00:00 0 
7f31acaea000-7f31b0000000 ---p 00000000 00:00 0 
7f31b0000000-7f31b08e2000 rw-p 00000000 00:00 0 
7f31b08e2000-7f31b4000000 ---p 00000000 00:00 0 
7f31b4000000-7f31b4021000 rw-p 00000000 00:00 0 
7f31b4021000-7f31b8000000 ---p 00000000 00:00 0 
7f31b8000000-7f31b881a000 rw-p 00000000 00:00 0 
7f31b881a000-7f31bc000000 ---p 00000000 00:00 0 
7f31bc000000-7f31bc021000 rw-p 00000000 00:00 0 
7f31bc021000-7f31c0000000 ---p 00000000 00:00 0 
7f31c0000000-7f31c0021000 rw-p 00000000 00:00 0 
7f31c0021000-7f31c4000000 ---p 00000000 00:00 0 
7f31c4000000-7f31c4021000 rw-p 00000000 00:00 0 
7f31c4021000-7f31c8000000 ---p 00000000 00:00 0 
7f31c8000000-7f31c828d000 rw-p 00000000 00:00 0 
7f31c828d000-7f31cc000000 ---p 00000000 00:00 0 
7f31cc000000-7f31cc021000 rw-p 00000000 00:00 0 
7f31cc021000-7f31d0000000 ---p 00000000 00:00 0 
7f31d4000000-7f31d4021000 rw-p 00000000 00:00 0 
7f31d4021000-7f31d8000000 ---p 00000000 00:00 0 
7f31dc000000-7f31dc021000 rw-p 00000000 00:00 0 
7f31dc021000-7f31e0000000 ---p 00000000 00:00 0 
7f31e33f4000-7f31e33f7000 ---p 00000000 00:00 0 
7f31e33f7000-7f31e34f5000 rw-p 00000000 00:00 0 
7f31e34f5000-7f31e34f8000 ---p 00000000 00:00 0 
7f31e34f8000-7f31e35f6000 rw-p 00000000 00:00 0 
7f31e35f6000-7f31e35f9000 ---p 00000000 00:00 0 
7f31e35f9000-7f31e36f7000 rw-p 00000000 00:00 0 
7f31e36f7000-7f31e36fa000 ---p 00000000 00:00 0 
7f31e36fa000-7f31e37f8000 rw-p 00000000 00:00 0 
7f31e37f8000-7f31e37fb000 ---p 00000000 00:00 0 
7f31e37fb000-7f31e38f9000 rw-p 00000000 00:00 0 
7f31e38f9000-7f31e38fa000 ---p 00000000 00:00 0 
7f31e38fa000-7f31e39fa000 rw-p 00000000 00:00 0 
7f31e39fa000-7f31e39fd000 ---p 00000000 00:00 0 
7f31e39fd000-7f31e3afb000 rw-p 00000000 00:00 0 
7f31e3afb000-7f31e3afe000 ---p 00000000 00:00 0 
7f31e3afe000-7f31e3bfc000 rw-p 00000000 00:00 0 
7f31e3bfc000-7f31e3bff000 ---p 00000000 00:00 0 
7f31e3bff000-7f31e3cfd000 rw-p 00000000 00:00 0 
7f31e3cfd000-7f31e3d00000 ---p 00000000 00:00 0 
7f31e3d00000-7f31e3dfe000 rw-p 00000000 00:00 0 
7f31e3dfe000-7f31e3e01000 ---p 00000000 00:00 0 
7f31e3e01000-7f31e3eff000 rw-p 00000000 00:00 0 
7f31e3eff000-7f31e3f02000 ---p 00000000 00:00 0 
7f31e3f02000-7f31e4000000 rw-p 00000000 00:00 0 
7f31e4000000-7f31e4021000 rw-p 00000000 00:00 0 
7f31e4021000-7f31e8000000 ---p 00000000 00:00 0 
7f31e8000000-7f31e8021000 rw-p 00000000 00:00 0 
7f31e8021000-7f31ec000000 ---p 00000000 00:00 0 
7f31ec000000-7f31ec021000 rw-p 00000000 00:00 0 
7f31ec021000-7f31f0000000 ---p 00000000 00:00 0 
7f31f008c000-7f31f04c4000 r--p 00000000 08:01 9700768                    /usr/lib/locale/locale-archive
7f31f04c4000-7f31f04c7000 ---p 00000000 00:00 0 
7f31f04c7000-7f31f05c5000 rw-p 00000000 00:00 0 
7f31f05c5000-7f31f05c8000 ---p 00000000 00:00 0 
7f31f05c8000-7f31f06c6000 rw-p 00000000 00:00 0 
7f31f06c6000-7f31f06c7000 ---p 00000000 00:00 0 
7f31f06c7000-7f31f4000000 rw-p 00000000 00:00 0 
7f31f4000000-7f31f4021000 rw-p 00000000 00:00 0 
7f31f4021000-7f31f8000000 ---p 00000000 00:00 0 
7f31f8009000-7f31f83b1000 rw-p 00000000 00:00 0 
7f31f83b1000-7f31f858a000 r--s 03d1f000 08:01 9967487                    /usr/lib/jvm/java-8-oracle/jre/lib/rt.jar
7f31f858a000-7f31f8c80000 rw-p 00000000 00:00 0 
7f31f8c80000-7f31f8e00000 ---p 00000000 00:00 0 
7f31f8e00000-7f31f9000000 rw-p 00000000 00:00 0 
7f31f9000000-7f31f9630000 rwxp 00000000 00:00 0 
7f31f9630000-7f3208000000 ---p 00000000 00:00 0 
7f3208000000-7f320839b000 rw-p 00000000 00:00 0 
7f320839b000-7f320c000000 ---p 00000000 00:00 0 
7f320c003000-7f320c012000 r--s 000df000 08:01 5246091                    /home/oguz/Android/Sdk/build-tools/23.0.3/lib/dx.jar
7f320c012000-7f320c075000 rw-p 00000000 00:00 0 
7f320c075000-7f320c076000 ---p 00000000 00:00 0 
7f320c076000-7f320c176000 rw-p 00000000 00:00 0 
7f320c176000-7f320c177000 ---p 00000000 00:00 0 
7f320c177000-7f320c277000 rw-p 00000000 00:00 0 
7f320c277000-7f320c278000 ---p 00000000 00:00 0 
7f320c278000-7f320c378000 rw-p 00000000 00:00 0 
7f320c378000-7f320c379000 ---p 00000000 00:00 0 
7f320c379000-7f320c479000 rw-p 00000000 00:00 0 
7f320c479000-7f320c47a000 ---p 00000000 00:00 0 
7f320c47a000-7f320c57a000 rw-p 00000000 00:00 0 
7f320c57a000-7f320c57b000 ---p 00000000 00:00 0 
7f320c57b000-7f320c67b000 rw-p 00000000 00:00 0 
7f320c67b000-7f320c67c000 ---p 00000000 00:00 0 
7f320c67c000-7f320c77c000 rw-p 00000000 00:00 0 
7f320c77c000-7f320c77d000 ---p 00000000 00:00 0 
7f320c77d000-7f320c8a7000 rw-p 00000000 00:00 0 
7f320c8a7000-7f320c9d3000 ---p 00000000 00:00 0 
7f320c9d3000-7f320c9fd000 rw-p 00000000 00:00 0 
7f320c9fd000-7f320cb28000 ---p 00000000 00:00 0 
7f320cb28000-7f320cb6c000 rw-p 00000000 00:00 0 
7f320cb6c000-7f320cbd3000 ---p 00000000 00:00 0 
7f320cbd3000-7f320cbed000 rw-p 00000000 00:00 0 
7f320cbed000-7f320cf94000 ---p 00000000 00:00 0 
7f320cf94000-7f320cfae000 r-xp 00000000 08:01 10092954                   /usr/lib/jvm/java-8-oracle/jre/lib/amd64/libzip.so
7f320cfae000-7f320d1ae000 ---p 0001a000 08:01 10092954                   /usr/lib/jvm/java-8-oracle/jre/lib/amd64/libzip.so
7f320d1ae000-7f320d1af000 rw-p 0001a000 08:01 10092954                   /usr/lib/jvm/java-8-oracle/jre/lib/amd64/libzip.so
7f320d1af000-7f320d1ba000 r-xp 00000000 08:01 7603299                    /lib/x86_64-linux-gnu/libnss_files-2.23.so
7f320d1ba000-7f320d3b9000 ---p 0000b000 08:01 7603299                    /lib/x86_64-linux-gnu/libnss_files-2.23.so
7f320d3b9000-7f320d3ba000 r--p 0000a000 08:01 7603299                    /lib/x86_64-linux-gnu/libnss_files-2.23.so
7f320d3ba000-7f320d3bb000 rw-p 0000b000 08:01 7603299                    /lib/x86_64-linux-gnu/libnss_files-2.23.so
7f320d3bb000-7f320d3c1000 rw-p 00000000 00:00 0 
7f320d3c1000-7f320d3cc000 r-xp 00000000 08:01 7603296                    /lib/x86_64-linux-gnu/libnss_nis-2.23.so
7f320d3cc000-7f320d5cb000 ---p 0000b000 08:01 7603296                    /lib/x86_64-linux-gnu/libnss_nis-2.23.so
7f320d5cb000-7f320d5cc000 r--p 0000a000 08:01 7603296                    /lib/x86_64-linux-gnu/libnss_nis-2.23.so
7f320d5cc000-7f320d5cd000 rw-p 0000b000 08:01 7603296                    /lib/x86_64-linux-gnu/libnss_nis-2.23.so
7f320d5cd000-7f320d5e3000 r-xp 00000000 08:01 7603294                    /lib/x86_64-linux-gnu/libnsl-2.23.so
7f320d5e3000-7f320d7e3000 ---p 00016000 08:01 7603294                    /lib/x86_64-linux-gnu/libnsl-2.23.so
7f320d7e3000-7f320d7e4000 r--p 00016000 08:01 7603294                    /lib/x86_64-linux-gnu/libnsl-2.23.so
7f320d7e4000-7f320d7e5000 rw-p 00017000 08:01 7603294                    /lib/x86_64-linux-gnu/libnsl-2.23.so
7f320d7e5000-7f320d7e7000 rw-p 00000000 00:00 0 
7f320d7e7000-7f320d7ef000 r-xp 00000000 08:01 7603292                    /lib/x86_64-linux-gnu/libnss_compat-2.23.so
7f320d7ef000-7f320d9ee000 ---p 00008000 08:01 7603292                    /lib/x86_64-linux-gnu/libnss_compat-2.23.so
7f320d9ee000-7f320d9ef000 r--p 00007000 08:01 7603292                    /lib/x86_64-linux-gnu/libnss_compat-2.23.so
7f320d9ef000-7f320d9f0000 rw-p 00008000 08:01 7603292                    /lib/x86_64-linux-gnu/libnss_compat-2.23.so
7f320d9f0000-7f320da1a000 r-xp 00000000 08:01 10092949                   /usr/lib/jvm/java-8-oracle/jre/lib/amd64/libjava.so
7f320da1a000-7f320dc1a000 ---p 0002a000 08:01 10092949                   /usr/lib/jvm/java-8-oracle/jre/lib/amd64/libjava.so
7f320dc1a000-7f320dc1c000 rw-p 0002a000 08:01 10092949                   /usr/lib/jvm/java-8-oracle/jre/lib/amd64/libjava.so
7f320dc1c000-7f320dc29000 r-xp 00000000 08:01 10092953                   /usr/lib/jvm/java-8-oracle/jre/lib/amd64/libverify.so
7f320dc29000-7f320de29000 ---p 0000d000 08:01 10092953                   /usr/lib/jvm/java-8-oracle/jre/lib/amd64/libverify.so
7f320de29000-7f320de2b000 rw-p 0000d000 08:01 10092953                   /usr/lib/jvm/java-8-oracle/jre/lib/amd64/libverify.so
7f320de2b000-7f320de32000 r-xp 00000000 08:01 7603308                    /lib/x86_64-linux-gnu/librt-2.23.so
7f320de32000-7f320e031000 ---p 00007000 08:01 7603308                    /lib/x86_64-linux-gnu/librt-2.23.so
7f320e031000-7f320e032000 r--p 00006000 08:01 7603308                    /lib/x86_64-linux-gnu/librt-2.23.so
7f320e032000-7f320e033000 rw-p 00007000 08:01 7603308                    /lib/x86_64-linux-gnu/librt-2.23.so
7f320e033000-7f320e13b000 r-xp 00000000 08:01 7603305                    /lib/x86_64-linux-gnu/libm-2.23.so
7f320e13b000-7f320e33a000 ---p 00108000 08:01 7603305                    /lib/x86_64-linux-gnu/libm-2.23.so
7f320e33a000-7f320e33b000 r--p 00107000 08:01 7603305                    /lib/x86_64-linux-gnu/libm-2.23.so
7f320e33b000-7f320e33c000 rw-p 00108000 08:01 7603305                    /lib/x86_64-linux-gnu/libm-2.23.so
7f320e33c000-7f320effc000 r-xp 00000000 08:01 10092932                   /usr/lib/jvm/java-8-oracle/jre/lib/amd64/server/libjvm.so
7f320effc000-7f320f1fc000 ---p 00cc0000 08:01 10092932                   /usr/lib/jvm/java-8-oracle/jre/lib/amd64/server/libjvm.so
7f320f1fc000-7f320f2d4000 rw-p 00cc0000 08:01 10092932                   /usr/lib/jvm/java-8-oracle/jre/lib/amd64/server/libjvm.so
7f320f2d4000-7f320f31f000 rw-p 00000000 00:00 0 
7f320f31f000-7f320f4df000 r-xp 00000000 08:01 7603313                    /lib/x86_64-linux-gnu/libc-2.23.so
7f320f4df000-7f320f6df000 ---p 001c0000 08:01 7603313                    /lib/x86_64-linux-gnu/libc-2.23.so
7f320f6df000-7f320f6e3000 r--p 001c0000 08:01 7603313                    /lib/x86_64-linux-gnu/libc-2.23.so
7f320f6e3000-7f320f6e5000 rw-p 001c4000 08:01 7603313                    /lib/x86_64-linux-gnu/libc-2.23.so
7f320f6e5000-7f320f6e9000 rw-p 00000000 00:00 0 
7f320f6e9000-7f320f6ec000 r-xp 00000000 08:01 7603314                    /lib/x86_64-linux-gnu/libdl-2.23.so
7f320f6ec000-7f320f8eb000 ---p 00003000 08:01 7603314                    /lib/x86_64-linux-gnu/libdl-2.23.so
7f320f8eb000-7f320f8ec000 r--p 00002000 08:01 7603314                    /lib/x86_64-linux-gnu/libdl-2.23.so
7f320f8ec000-7f320f8ed000 rw-p 00003000 08:01 7603314                    /lib/x86_64-linux-gnu/libdl-2.23.so
7f320f8ed000-7f320f902000 r-xp 00000000 08:01 9840182                    /usr/lib/jvm/java-8-oracle/lib/amd64/jli/libjli.so
7f320f902000-7f320fb02000 ---p 00015000 08:01 9840182                    /usr/lib/jvm/java-8-oracle/lib/amd64/jli/libjli.so
7f320fb02000-7f320fb03000 rw-p 00015000 08:01 9840182                    /usr/lib/jvm/java-8-oracle/lib/amd64/jli/libjli.so
7f320fb03000-7f320fb1b000 r-xp 00000000 08:01 7603312                    /lib/x86_64-linux-gnu/libpthread-2.23.so
7f320fb1b000-7f320fd1a000 ---p 00018000 08:01 7603312                    /lib/x86_64-linux-gnu/libpthread-2.23.so
7f320fd1a000-7f320fd1b000 r--p 00017000 08:01 7603312                    /lib/x86_64-linux-gnu/libpthread-2.23.so
7f320fd1b000-7f320fd1c000 rw-p 00018000 08:01 7603312                    /lib/x86_64-linux-gnu/libpthread-2.23.so
7f320fd1c000-7f320fd20000 rw-p 00000000 00:00 0 
7f320fd20000-7f320fd46000 r-xp 00000000 08:01 7603309                    /lib/x86_64-linux-gnu/ld-2.23.so
7f320fd4c000-7f320fe1e000 rw-p 00000000 00:00 0 
7f320fe1e000-7f320fe21000 ---p 00000000 00:00 0 
7f320fe21000-7f320ff23000 rw-p 00000000 00:00 0 
7f320ff25000-7f320ff39000 rw-p 00000000 00:00 0 
7f320ff39000-7f320ff41000 rw-s 00000000 08:01 132170                     /tmp/hsperfdata_oguz/18473
7f320ff41000-7f320ff42000 rw-p 00000000 00:00 0 
7f320ff42000-7f320ff43000 ---p 00000000 00:00 0 
7f320ff43000-7f320ff45000 rw-p 00000000 00:00 0 
7f320ff45000-7f320ff46000 r--p 00025000 08:01 7603309                    /lib/x86_64-linux-gnu/ld-2.23.so
7f320ff46000-7f320ff47000 rw-p 00026000 08:01 7603309                    /lib/x86_64-linux-gnu/ld-2.23.so
7f320ff47000-7f320ff48000 rw-p 00000000 00:00 0 
7ffd3b4ef000-7ffd3b510000 rw-p 00000000 00:00 0                          [stack]
7ffd3b5ae000-7ffd3b5b0000 r--p 00000000 00:00 0                          [vvar]
7ffd3b5b0000-7ffd3b5b2000 r-xp 00000000 00:00 0                          [vdso]
ffffffffff600000-ffffffffff601000 r-xp 00000000 00:00 0                  [vsyscall]

VM Arguments:
jvm_args: -Djava.awt.headless=true -Xmx1024M -Dfile.encoding=UTF-8 -Duser.country=TR -Duser.language=tr -Duser.variant 
java_command: com.android.dx.command.Main --dex --force-jumbo --num-threads=4 --multi-dex --output /home/oguz/Masaüstü/FomApplicationAndroid/app/build/intermediates/transforms/dex/debug/folders/1000/10/com.android.support-appcompat-v7-23.3.0_e1df6f83b2e5d080a1446384bf4f3b636b871261 /home/oguz/Masaüstü/FomApplicationAndroid/app/build/intermediates/exploded-aar/com.android.support/appcompat-v7/23.3.0/jars/classes.jar
java_class_path (initial): /home/oguz/Android/Sdk/build-tools/23.0.3/lib/dx.jar
Launcher Type: SUN_STANDARD

Environment Variables:
PATH=/usr/local/sbin:/usr/local/bin:/usr/sbin:/usr/bin:/sbin:/bin:/usr/games:/usr/local/games:/snap/bin
LD_LIBRARY_PATH=/home/oguz/Masaüstü/Derleyiciler/android-studio/bin:
SHELL=/bin/bash
DISPLAY=:0

Signal Handlers:
SIGSEGV: [libjvm.so+0xabca10], sa_mask[0]=11111111011111111101111111111110, sa_flags=SA_RESTART|SA_SIGINFO
SIGBUS: [libjvm.so+0xabca10], sa_mask[0]=11111111011111111101111111111110, sa_flags=SA_RESTART|SA_SIGINFO
SIGFPE: [libjvm.so+0x919a20], sa_mask[0]=11111111011111111101111111111110, sa_flags=SA_RESTART|SA_SIGINFO
SIGPIPE: [libjvm.so+0x919a20], sa_mask[0]=11111111011111111101111111111110, sa_flags=SA_RESTART|SA_SIGINFO
SIGXFSZ: [libjvm.so+0x919a20], sa_mask[0]=11111111011111111101111111111110, sa_flags=SA_RESTART|SA_SIGINFO
SIGILL: [libjvm.so+0x919a20], sa_mask[0]=11111111011111111101111111111110, sa_flags=SA_RESTART|SA_SIGINFO
SIGUSR1: SIG_DFL, sa_mask[0]=00000000000000000000000000000000, sa_flags=none
SIGUSR2: [libjvm.so+0x91b050], sa_mask[0]=00100000000000000000000000000000, sa_flags=SA_RESTART|SA_SIGINFO
SIGHUP: [libjvm.so+0x91c450], sa_mask[0]=11111111011111111101111111111110, sa_flags=SA_RESTART|SA_SIGINFO
SIGINT: [libjvm.so+0x91c450], sa_mask[0]=11111111011111111101111111111110, sa_flags=SA_RESTART|SA_SIGINFO
SIGTERM: [libjvm.so+0x91c450], sa_mask[0]=11111111011111111101111111111110, sa_flags=SA_RESTART|SA_SIGINFO
SIGQUIT: [libjvm.so+0x91c450], sa_mask[0]=11111111011111111101111111111110, sa_flags=SA_RESTART|SA_SIGINFO


---------------  S Y S T E M  ---------------

OS:DISTRIB_ID=Ubuntu
DISTRIB_RELEASE=16.04
DISTRIB_CODENAME=xenial
DISTRIB_DESCRIPTION="Ubuntu Xenial Xerus (development branch)"

uname:Linux 4.4.0-22-generic #39-Ubuntu SMP Thu May 5 16:53:32 UTC 2016 x86_64
libc:glibc 2.23 NPTL 2.23 
rlimit: STACK 8192k, CORE 0k, NPROC 31498, NOFILE 65536, AS infinity
load average:10.40 3.09 2.18

/proc/meminfo:
MemTotal:        8101800 kB
MemFree:           51608 kB
MemAvailable:      91576 kB
Buffers:             624 kB
Cached:           555604 kB
SwapCached:            0 kB
Active:          7311356 kB
Inactive:         500056 kB
Active(anon):    7296064 kB
Inactive(anon):   485880 kB
Active(file):      15292 kB
Inactive(file):    14176 kB
Unevictable:          92 kB
Mlocked:              92 kB
SwapTotal:             0 kB
SwapFree:              0 kB
Dirty:                 0 kB
Writeback:             0 kB
AnonPages:       7255772 kB
Mapped:           173988 kB
Shmem:            526040 kB
Slab:             109960 kB
SReclaimable:      52872 kB
SUnreclaim:        57088 kB
KernelStack:       19792 kB
PageTables:        61636 kB
NFS_Unstable:          0 kB
Bounce:                0 kB
WritebackTmp:          0 kB
CommitLimit:     4050900 kB
Committed_AS:   13863804 kB
VmallocTotal:   34359738367 kB
VmallocUsed:           0 kB
VmallocChunk:          0 kB
HardwareCorrupted:     0 kB
AnonHugePages:   3682304 kB
CmaTotal:              0 kB
CmaFree:               0 kB
HugePages_Total:       0
HugePages_Free:        0
HugePages_Rsvd:        0
HugePages_Surp:        0
Hugepagesize:       2048 kB
DirectMap4k:      180992 kB
DirectMap2M:     7086080 kB
DirectMap1G:     2097152 kB


CPU:total 8 (4 cores per cpu, 2 threads per core) family 6 model 60 stepping 3, cmov, cx8, fxsr, mmx, sse, sse2, sse3, ssse3, sse4.1, sse4.2, popcnt, avx, avx2, aes, clmul, erms, lzcnt, ht, tsc, tscinvbit, bmi1, bmi2

/proc/cpuinfo:
processor	: 0
vendor_id	: GenuineIntel
cpu family	: 6
model		: 60
model name	: Intel(R) Core(TM) i7-4700MQ CPU @ 2.40GHz
stepping	: 3
microcode	: 0x16
cpu MHz		: 2699.906
cache size	: 6144 KB
physical id	: 0
siblings	: 8
core id		: 0
cpu cores	: 4
apicid		: 0
initial apicid	: 0
fpu		: yes
fpu_exception	: yes
cpuid level	: 13
wp		: yes
flags		: fpu vme de pse tsc msr pae mce cx8 apic sep mtrr pge mca cmov pat pse36 clflush dts acpi mmx fxsr sse sse2 ss ht tm pbe syscall nx pdpe1gb rdtscp lm constant_tsc arch_perfmon pebs bts rep_good nopl xtopology nonstop_tsc aperfmperf eagerfpu pni pclmulqdq dtes64 monitor ds_cpl vmx est tm2 ssse3 sdbg fma cx16 xtpr pdcm pcid sse4_1 sse4_2 movbe popcnt tsc_deadline_timer aes xsave avx f16c rdrand lahf_lm abm epb tpr_shadow vnmi flexpriority ept vpid fsgsbase tsc_adjust bmi1 avx2 smep bmi2 erms invpcid xsaveopt dtherm ida arat pln pts
bugs		:
bogomips	: 4789.15
clflush size	: 64
cache_alignment	: 64
address sizes	: 39 bits physical, 48 bits virtual
power management:

processor	: 1
vendor_id	: GenuineIntel
cpu family	: 6
model		: 60
model name	: Intel(R) Core(TM) i7-4700MQ CPU @ 2.40GHz
stepping	: 3
microcode	: 0x16
cpu MHz		: 2699.906
cache size	: 6144 KB
physical id	: 0
siblings	: 8
core id		: 0
cpu cores	: 4
apicid		: 1
initial apicid	: 1
fpu		: yes
fpu_exception	: yes
cpuid level	: 13
wp		: yes
flags		: fpu vme de pse tsc msr pae mce cx8 apic sep mtrr pge mca cmov pat pse36 clflush dts acpi mmx fxsr sse sse2 ss ht tm pbe syscall nx pdpe1gb rdtscp lm constant_tsc arch_perfmon pebs bts rep_good nopl xtopology nonstop_tsc aperfmperf eagerfpu pni pclmulqdq dtes64 monitor ds_cpl vmx est tm2 ssse3 sdbg fma cx16 xtpr pdcm pcid sse4_1 sse4_2 movbe popcnt tsc_deadline_timer aes xsave avx f16c rdrand lahf_lm abm epb tpr_shadow vnmi flexpriority ept vpid fsgsbase tsc_adjust bmi1 avx2 smep bmi2 erms invpcid xsaveopt dtherm ida arat pln pts
bugs		:
bogomips	: 4789.15
clflush size	: 64
cache_alignment	: 64
address sizes	: 39 bits physical, 48 bits virtual
power management:

processor	: 2
vendor_id	: GenuineIntel
cpu family	: 6
model		: 60
model name	: Intel(R) Core(TM) i7-4700MQ CPU @ 2.40GHz
stepping	: 3
microcode	: 0x16
cpu MHz		: 2699.906
cache size	: 6144 KB
physical id	: 0
siblings	: 8
core id		: 1
cpu cores	: 4
apicid		: 2
initial apicid	: 2
fpu		: yes
fpu_exception	: yes
cpuid level	: 13
wp		: yes
flags		: fpu vme de pse tsc msr pae mce cx8 apic sep mtrr pge mca cmov pat pse36 clflush dts acpi mmx fxsr sse sse2 ss ht tm pbe syscall nx pdpe1gb rdtscp lm constant_tsc arch_perfmon pebs bts rep_good nopl xtopology nonstop_tsc aperfmperf eagerfpu pni pclmulqdq dtes64 monitor ds_cpl vmx est tm2 ssse3 sdbg fma cx16 xtpr pdcm pcid sse4_1 sse4_2 movbe popcnt tsc_deadline_timer aes xsave avx f16c rdrand lahf_lm abm epb tpr_shadow vnmi flexpriority ept vpid fsgsbase tsc_adjust bmi1 avx2 smep bmi2 erms invpcid xsaveopt dtherm ida arat pln pts
bugs		:
bogomips	: 4789.15
clflush size	: 64
cache_alignment	: 64
address sizes	: 39 bits physical, 48 bits virtual
power management:

processor	: 3
vendor_id	: GenuineIntel
cpu family	: 6
model		: 60
model name	: Intel(R) Core(TM) i7-4700MQ CPU @ 2.40GHz
stepping	: 3
microcode	: 0x16
cpu MHz		: 2700.000
cache size	: 6144 KB
physical id	: 0
siblings	: 8
core id		: 1
cpu cores	: 4
apicid		: 3
initial apicid	: 3
fpu		: yes
fpu_exception	: yes
cpuid level	: 13
wp		: yes
flags		: fpu vme de pse tsc msr pae mce cx8 apic sep mtrr pge mca cmov pat pse36 clflush dts acpi mmx fxsr sse sse2 ss ht tm pbe syscall nx pdpe1gb rdtscp lm constant_tsc arch_perfmon pebs bts rep_good nopl xtopology nonstop_tsc aperfmperf eagerfpu pni pclmulqdq dtes64 monitor ds_cpl vmx est tm2 ssse3 sdbg fma cx16 xtpr pdcm pcid sse4_1 sse4_2 movbe popcnt tsc_deadline_timer aes xsave avx f16c rdrand lahf_lm abm epb tpr_shadow vnmi flexpriority ept vpid fsgsbase tsc_adjust bmi1 avx2 smep bmi2 erms invpcid xsaveopt dtherm ida arat pln pts
bugs		:
bogomips	: 4789.15
clflush size	: 64
cache_alignment	: 64
address sizes	: 39 bits physical, 48 bits virtual
power management:

processor	: 4
vendor_id	: GenuineIntel
cpu family	: 6
model		: 60
model name	: Intel(R) Core(TM) i7-4700MQ CPU @ 2.40GHz
stepping	: 3
microcode	: 0x16
cpu MHz		: 2700.000
cache size	: 6144 KB
physical id	: 0
siblings	: 8
core id		: 2
cpu cores	: 4
apicid		: 4
initial apicid	: 4
fpu		: yes
fpu_exception	: yes
cpuid level	: 13
wp		: yes
flags		: fpu vme de pse tsc msr pae mce cx8 apic sep mtrr pge mca cmov pat pse36 clflush dts acpi mmx fxsr sse sse2 ss ht tm pbe syscall nx pdpe1gb rdtscp lm constant_tsc arch_perfmon pebs bts rep_good nopl xtopology nonstop_tsc aperfmperf eagerfpu pni pclmulqdq dtes64 monitor ds_cpl vmx est tm2 ssse3 sdbg fma cx16 xtpr pdcm pcid sse4_1 sse4_2 movbe popcnt tsc_deadline_timer aes xsave avx f16c rdrand lahf_lm abm epb tpr_shadow vnmi flexpriority ept vpid fsgsbase tsc_adjust bmi1 avx2 smep bmi2 erms invpcid xsaveopt dtherm ida arat pln pts
bugs		:
bogomips	: 4789.15
clflush size	: 64
cache_alignment	: 64
address sizes	: 39 bits physical, 48 bits virtual
power management:

processor	: 5
vendor_id	: GenuineIntel
cpu family	: 6
model		: 60
model name	: Intel(R) Core(TM) i7-4700MQ CPU @ 2.40GHz
stepping	: 3
microcode	: 0x16
cpu MHz		: 2699.906
cache size	: 6144 KB
physical id	: 0
siblings	: 8
core id		: 2
cpu cores	: 4
apicid		: 5
initial apicid	: 5
fpu		: yes
fpu_exception	: yes
cpuid level	: 13
wp		: yes
flags		: fpu vme de pse tsc msr pae mce cx8 apic sep mtrr pge mca cmov pat pse36 clflush dts acpi mmx fxsr sse sse2 ss ht tm pbe syscall nx pdpe1gb rdtscp lm constant_tsc arch_perfmon pebs bts rep_good nopl xtopology nonstop_tsc aperfmperf eagerfpu pni pclmulqdq dtes64 monitor ds_cpl vmx est tm2 ssse3 sdbg fma cx16 xtpr pdcm pcid sse4_1 sse4_2 movbe popcnt tsc_deadline_timer aes xsave avx f16c rdrand lahf_lm abm epb tpr_shadow vnmi flexpriority ept vpid fsgsbase tsc_adjust bmi1 avx2 smep bmi2 erms invpcid xsaveopt dtherm ida arat pln pts
bugs		:
bogomips	: 4789.15
clflush size	: 64
cache_alignment	: 64
address sizes	: 39 bits physical, 48 bits virtual
power management:

processor	: 6
vendor_id	: GenuineIntel
cpu family	: 6
model		: 60
model name	: Intel(R) Core(TM) i7-4700MQ CPU @ 2.40GHz
stepping	: 3
microcode	: 0x16
cpu MHz		: 2700.000
cache size	: 6144 KB
physical id	: 0
siblings	: 8
core id		: 3
cpu cores	: 4
apicid		: 6
initial apicid	: 6
fpu		: yes
fpu_exception	: yes
cpuid level	: 13
wp		: yes
flags		: fpu vme de pse tsc msr pae mce cx8 apic sep mtrr pge mca cmov pat pse36 clflush dts acpi mmx fxsr sse sse2 ss ht tm pbe syscall nx pdpe1gb rdtscp lm constant_tsc arch_perfmon pebs bts rep_good nopl xtopology nonstop_tsc aperfmperf eagerfpu pni pclmulqdq dtes64 monitor ds_cpl vmx est tm2 ssse3 sdbg fma cx16 xtpr pdcm pcid sse4_1 sse4_2 movbe popcnt tsc_deadline_timer aes xsave avx f16c rdrand lahf_lm abm epb tpr_shadow vnmi flexpriority ept vpid fsgsbase tsc_adjust bmi1 avx2 smep bmi2 erms invpcid xsaveopt dtherm ida arat pln pts
bugs		:
bogomips	: 4789.15
clflush size	: 64
cache_alignment	: 64
address sizes	: 39 bits physical, 48 bits virtual
power management:

processor	: 7
vendor_id	: GenuineIntel
cpu family	: 6
model		: 60
model name	: Intel(R) Core(TM) i7-4700MQ CPU @ 2.40GHz
stepping	: 3
microcode	: 0x16
cpu MHz		: 2699.906
cache size	: 6144 KB
physical id	: 0
siblings	: 8
core id		: 3
cpu cores	: 4
apicid		: 7
initial apicid	: 7
fpu		: yes
fpu_exception	: yes
cpuid level	: 13
wp		: yes
flags		: fpu vme de pse tsc msr pae mce cx8 apic sep mtrr pge mca cmov pat pse36 clflush dts acpi mmx fxsr sse sse2 ss ht tm pbe syscall nx pdpe1gb rdtscp lm constant_tsc arch_perfmon pebs bts rep_good nopl xtopology nonstop_tsc aperfmperf eagerfpu pni pclmulqdq dtes64 monitor ds_cpl vmx est tm2 ssse3 sdbg fma cx16 xtpr pdcm pcid sse4_1 sse4_2 movbe popcnt tsc_deadline_timer aes xsave avx f16c rdrand lahf_lm abm epb tpr_shadow vnmi flexpriority ept vpid fsgsbase tsc_adjust bmi1 avx2 smep bmi2 erms invpcid xsaveopt dtherm ida arat pln pts
bugs		:
bogomips	: 4789.15
clflush size	: 64
cache_alignment	: 64
address sizes	: 39 bits physical, 48 bits virtual
power management:



Memory: 4k page, physical 8101800k(54068k free), swap 0k(0k free)

vm_info: Java HotSpot(TM) 64-Bit Server VM (25.91-b14) for linux-amd64 JRE (1.8.0_91-b14), built on Apr  1 2016 00:57:21 by "java_re" with gcc 4.3.0 20080428 (Red Hat 4.3.0-8)

time: Mon Aug  8 15:18:33 2016
elapsed time: 8 seconds (0d 0h 0m 8s)

