#
# There is insufficient memory for the Java Runtime Environment to continue.
# Native memory allocation (mmap) failed to map 174063616 bytes for committing reserved memory.
# Possible reasons:
#   The system is out of physical RAM or swap space
#   In 32 bit mode, the process size limit was hit
# Possible solutions:
#   Reduce memory load on the system
#   Increase physical memory or swap space
#   Check if swap backing store is full
#   Use 64 bit Java on a 64 bit OS
#   Decrease Java heap size (-Xmx/-Xms)
#   Decrease number of Java threads
#   Decrease Java thread stack sizes (-Xss)
#   Set larger code cache with -XX:ReservedCodeCacheSize=
# This output file may be truncated or incomplete.
#
#  Out of Memory Error (os_linux.cpp:2627), pid=26251, tid=139872121288448
#
# JRE version: Java(TM) SE Runtime Environment (8.0_91-b14) (build 1.8.0_91-b14)
# Java VM: Java HotSpot(TM) 64-Bit Server VM (25.91-b14 mixed mode linux-amd64 compressed oops)
# Failed to write core dump. Core dumps have been disabled. To enable core dumping, try "ulimit -c unlimited" before starting Java again
#

---------------  T H R E A D  ---------------

Current thread (0x00007f36ac080000):  VMThread [stack: 0x00007f36840a7000,0x00007f36841a8000] [id=26308]

Stack: [0x00007f36840a7000,0x00007f36841a8000],  sp=0x00007f36841a61a0,  free space=1020k
Native frames: (J=compiled Java code, j=interpreted, Vv=VM code, C=native code)
V  [libjvm.so+0xabc18a]  VMError::report_and_die()+0x2ba
V  [libjvm.so+0x4fafeb]  report_vm_out_of_memory(char const*, int, unsigned long, VMErrorType, char const*)+0x8b
V  [libjvm.so+0x91cbb3]  os::Linux::commit_memory_impl(char*, unsigned long, bool)+0x103
V  [libjvm.so+0x91d109]  os::pd_commit_memory(char*, unsigned long, unsigned long, bool)+0x29
V  [libjvm.so+0x91740a]  os::commit_memory(char*, unsigned long, unsigned long, bool)+0x2a
V  [libjvm.so+0x98b033]  PSVirtualSpace::expand_by(unsigned long)+0x53
V  [libjvm.so+0x98c438]  PSYoungGen::resize_generation(unsigned long, unsigned long)+0xf8
V  [libjvm.so+0x98b592]  PSYoungGen::resize(unsigned long, unsigned long)+0x22
V  [libjvm.so+0x98886b]  PSScavenge::invoke_no_policy()+0xf3b
V  [libjvm.so+0x988ff1]  PSScavenge::invoke()+0x41
V  [libjvm.so+0x9408b0]  ParallelScavengeHeap::failed_mem_allocate(unsigned long)+0x70
V  [libjvm.so+0xabdba7]  VM_ParallelGCFailedAllocation::doit()+0x97
V  [libjvm.so+0xac55d5]  VM_Operation::evaluate()+0x55
V  [libjvm.so+0xac39aa]  VMThread::evaluate_operation(VM_Operation*)+0xba
V  [libjvm.so+0xac3d2e]  VMThread::loop()+0x1ce
V  [libjvm.so+0xac41a0]  VMThread::run()+0x70
V  [libjvm.so+0x91ef78]  java_start(Thread*)+0x108

VM_Operation (0x00007f3676eb8d50): ParallelGCFailedAllocation, mode: safepoint, requested by thread 0x00007f36ac16e800


---------------  P R O C E S S  ---------------

Java Threads: ( => current thread )
  0x00007f36ac16e800 JavaThread "pool-2-thread-4" [_thread_blocked, id=26361, stack(0x00007f3676dba000,0x00007f3676ebb000)]
  0x00007f36ac16d000 JavaThread "pool-2-thread-3" [_thread_blocked, id=26360, stack(0x00007f3676ebb000,0x00007f3676fbc000)]
  0x00007f36ac16b000 JavaThread "pool-2-thread-2" [_thread_blocked, id=26354, stack(0x00007f3676fbc000,0x00007f36770bd000)]
  0x00007f36ac160000 JavaThread "pool-3-thread-1" [_thread_blocked, id=26350, stack(0x00007f36770bd000,0x00007f36771be000)]
  0x00007f36ac15e000 JavaThread "pool-2-thread-1" [_thread_blocked, id=26349, stack(0x00007f36771be000,0x00007f36772bf000)]
  0x00007f36ac0d4000 JavaThread "Service Thread" daemon [_thread_blocked, id=26336, stack(0x00007f36773c0000,0x00007f36774c1000)]
  0x00007f36ac0c8800 JavaThread "C1 CompilerThread3" daemon [_thread_blocked, id=26325, stack(0x00007f36774c1000,0x00007f36775c2000)]
  0x00007f36ac0c6800 JavaThread "C2 CompilerThread2" daemon [_thread_blocked, id=26323, stack(0x00007f36775c2000,0x00007f36776c3000)]
  0x00007f36ac0c5000 JavaThread "C2 CompilerThread1" daemon [_thread_blocked, id=26321, stack(0x00007f36776c3000,0x00007f36777c4000)]
  0x00007f36ac0c2000 JavaThread "C2 CompilerThread0" daemon [_thread_blocked, id=26320, stack(0x00007f36777c4000,0x00007f36778c5000)]
  0x00007f36ac0c0800 JavaThread "Signal Dispatcher" daemon [_thread_blocked, id=26319, stack(0x00007f36778c5000,0x00007f36779c6000)]
  0x00007f36ac08c000 JavaThread "Finalizer" daemon [_thread_blocked, id=26316, stack(0x00007f3677dfe000,0x00007f3677eff000)]
  0x00007f36ac087800 JavaThread "Reference Handler" daemon [_thread_blocked, id=26312, stack(0x00007f3677eff000,0x00007f3678000000)]
  0x00007f36ac00a000 JavaThread "main" [_thread_blocked, id=26268, stack(0x00007f36b37f4000,0x00007f36b38f5000)]

Other Threads:
=>0x00007f36ac080000 VMThread [stack: 0x00007f36840a7000,0x00007f36841a8000] [id=26308]
  0x00007f36ac0d7000 WatcherThread [stack: 0x00007f36772bf000,0x00007f36773c0000] [id=26342]

VM state:at safepoint (normal execution)

VM Mutex/Monitor currently owned by a thread:  ([mutex/lock_event])
[0x00007f36ac0064b0] Threads_lock - owner thread: 0x00007f36ac080000
[0x00007f36ac0069b0] Heap_lock - owner thread: 0x00007f36ac16e800

Heap:
 PSYoungGen      total 132096K, used 5098K [0x00000000eab00000, 0x00000000f3100000, 0x0000000100000000)
  eden space 126976K, 0% used [0x00000000eab00000,0x00000000eab00000,0x00000000f2700000)
  from space 5120K, 99% used [0x00000000f2700000,0x00000000f2bfa9a8,0x00000000f2c00000)
  to   space 5120K, 0% used [0x00000000f2c00000,0x00000000f2c00000,0x00000000f3100000)
 ParOldGen       total 115200K, used 70313K [0x00000000c0000000, 0x00000000c7080000, 0x00000000eab00000)
  object space 115200K, 61% used [0x00000000c0000000,0x00000000c44aa5f0,0x00000000c7080000)
 Metaspace       used 5865K, capacity 7024K, committed 7296K, reserved 1056768K
  class space    used 578K, capacity 616K, committed 640K, reserved 1048576K

Card table byte_map: [0x00007f36b03a9000,0x00007f36b05aa000] byte_map_base: 0x00007f36afda9000

Marking Bits: (ParMarkBitMap*) 0x00007f36b2cc8d60
 Begin Bits: [0x00007f3686000000, 0x00007f3687000000)
 End Bits:   [0x00007f3687000000, 0x00007f3688000000)

Polling page: 0x00007f36b3918000

CodeCache: size=245760Kb used=6496Kb max_used=6496Kb free=239263Kb
 bounds [0x00007f369d000000, 0x00007f369d660000, 0x00007f36ac000000]
 total_blobs=1809 nmethods=1548 adapters=175
 compilation: enabled

Compilation events (10 events):
Event: 3.701 Thread 0x00007f36ac0c8800 1764       2       com.android.dx.cf.code.OneLocalsArray::getMaxLocals (6 bytes)
Event: 3.701 Thread 0x00007f36ac0c8800 nmethod 1764 0x00007f369d63d150 code [0x00007f369d63d2a0, 0x00007f369d63d3f0]
Event: 3.701 Thread 0x00007f36ac0c8800 1765       2       com.android.dx.rop.code.LocalVariableInfo::addAssignment (43 bytes)
Event: 3.701 Thread 0x00007f36ac0c8800 nmethod 1765 0x00007f369d63c850 code [0x00007f369d63ca00, 0x00007f369d63ce48]
Event: 3.701 Thread 0x00007f36ac0c8800 1763       2       com.android.dx.rop.code.Rops::opNewArray (124 bytes)
Event: 3.702 Thread 0x00007f36ac0c8800 nmethod 1763 0x00007f369d639c10 code [0x00007f369d639e00, 0x00007f369d63a428]
Event: 3.714 Thread 0x00007f36ac0c8800 1766       2       com.android.dx.util.Bits::bitCount (29 bytes)
Event: 3.715 Thread 0x00007f36ac0c8800 nmethod 1766 0x00007f369d63c3d0 code [0x00007f369d63c540, 0x00007f369d63c728]
Event: 3.718 Thread 0x00007f36ac0c8800 1767       3       com.android.dx.ssa.back.FirstFitLocalCombiningAllocator::tryMapRegs (110 bytes)
Event: 3.719 Thread 0x00007f36ac0c8800 nmethod 1767 0x00007f369d65ae10 code [0x00007f369d65b060, 0x00007f369d65bdf8]

GC Heap History (10 events):
Event: 1.082 GC heap after
Heap after GC invocations=1 (full 0):
 PSYoungGen      total 36864K, used 5097K [0x00000000eab00000, 0x00000000ef300000, 0x0000000100000000)
  eden space 31744K, 0% used [0x00000000eab00000,0x00000000eab00000,0x00000000eca00000)
  from space 5120K, 99% used [0x00000000eca00000,0x00000000ecefa4b8,0x00000000ecf00000)
  to   space 5120K, 0% used [0x00000000eee00000,0x00000000eee00000,0x00000000ef300000)
 ParOldGen       total 84992K, used 2519K [0x00000000c0000000, 0x00000000c5300000, 0x00000000eab00000)
  object space 84992K, 2% used [0x00000000c0000000,0x00000000c0275ca0,0x00000000c5300000)
 Metaspace       used 5575K, capacity 6768K, committed 7040K, reserved 1056768K
  class space    used 576K, capacity 616K, committed 640K, reserved 1048576K
}
Event: 2.119 GC heap before
{Heap before GC invocations=2 (full 0):
 PSYoungGen      total 36864K, used 36841K [0x00000000eab00000, 0x00000000ef300000, 0x0000000100000000)
  eden space 31744K, 100% used [0x00000000eab00000,0x00000000eca00000,0x00000000eca00000)
  from space 5120K, 99% used [0x00000000eca00000,0x00000000ecefa4b8,0x00000000ecf00000)
  to   space 5120K, 0% used [0x00000000eee00000,0x00000000eee00000,0x00000000ef300000)
 ParOldGen       total 84992K, used 2519K [0x00000000c0000000, 0x00000000c5300000, 0x00000000eab00000)
  object space 84992K, 2% used [0x00000000c0000000,0x00000000c0275ca0,0x00000000c5300000)
 Metaspace       used 5675K, capacity 6896K, committed 7040K, reserved 1056768K
  class space    used 576K, capacity 616K, committed 640K, reserved 1048576K
Event: 2.166 GC heap after
Heap after GC invocations=2 (full 0):
 PSYoungGen      total 68608K, used 5116K [0x00000000eab00000, 0x00000000ef300000, 0x0000000100000000)
  eden space 63488K, 0% used [0x00000000eab00000,0x00000000eab00000,0x00000000ee900000)
  from space 5120K, 99% used [0x00000000eee00000,0x00000000ef2ff228,0x00000000ef300000)
  to   space 5120K, 0% used [0x00000000ee900000,0x00000000ee900000,0x00000000eee00000)
 ParOldGen       total 84992K, used 14939K [0x00000000c0000000, 0x00000000c5300000, 0x00000000eab00000)
  object space 84992K, 17% used [0x00000000c0000000,0x00000000c0e96ea8,0x00000000c5300000)
 Metaspace       used 5675K, capacity 6896K, committed 7040K, reserved 1056768K
  class space    used 576K, capacity 616K, committed 640K, reserved 1048576K
}
Event: 2.585 GC heap before
{Heap before GC invocations=3 (full 0):
 PSYoungGen      total 68608K, used 68604K [0x00000000eab00000, 0x00000000ef300000, 0x0000000100000000)
  eden space 63488K, 100% used [0x00000000eab00000,0x00000000ee900000,0x00000000ee900000)
  from space 5120K, 99% used [0x00000000eee00000,0x00000000ef2ff228,0x00000000ef300000)
  to   space 5120K, 0% used [0x00000000ee900000,0x00000000ee900000,0x00000000eee00000)
 ParOldGen       total 84992K, used 14939K [0x00000000c0000000, 0x00000000c5300000, 0x00000000eab00000)
  object space 84992K, 17% used [0x00000000c0000000,0x00000000c0e96ea8,0x00000000c5300000)
 Metaspace       used 5745K, capacity 6896K, committed 7040K, reserved 1056768K
  class space    used 578K, capacity 616K, committed 640K, reserved 1048576K
Event: 2.647 GC heap after
Heap after GC invocations=3 (full 0):
 PSYoungGen      total 68608K, used 5110K [0x00000000eab00000, 0x00000000f3100000, 0x0000000100000000)
  eden space 63488K, 0% used [0x00000000eab00000,0x00000000eab00000,0x00000000ee900000)
  from space 5120K, 99% used [0x00000000ee900000,0x00000000eedfd810,0x00000000eee00000)
  to   space 5120K, 0% used [0x00000000f2c00000,0x00000000f2c00000,0x00000000f3100000)
 ParOldGen       total 84992K, used 41119K [0x00000000c0000000, 0x00000000c5300000, 0x00000000eab00000)
  object space 84992K, 48% used [0x00000000c0000000,0x00000000c2827fb0,0x00000000c5300000)
 Metaspace       used 5745K, capacity 6896K, committed 7040K, reserved 1056768K
  class space    used 578K, capacity 616K, committed 640K, reserved 1048576K
}
Event: 2.910 GC heap before
{Heap before GC invocations=4 (full 0):
 PSYoungGen      total 68608K, used 68598K [0x00000000eab00000, 0x00000000f3100000, 0x0000000100000000)
  eden space 63488K, 100% used [0x00000000eab00000,0x00000000ee900000,0x00000000ee900000)
  from space 5120K, 99% used [0x00000000ee900000,0x00000000eedfd810,0x00000000eee00000)
  to   space 5120K, 0% used [0x00000000f2c00000,0x00000000f2c00000,0x00000000f3100000)
 ParOldGen       total 84992K, used 41119K [0x00000000c0000000, 0x00000000c5300000, 0x00000000eab00000)
  object space 84992K, 48% used [0x00000000c0000000,0x00000000c2827fb0,0x00000000c5300000)
 Metaspace       used 5762K, capacity 6960K, committed 7040K, reserved 1056768K
  class space    used 578K, capacity 616K, committed 640K, reserved 1048576K
Event: 2.967 GC heap after
Heap after GC invocations=4 (full 0):
 PSYoungGen      total 132096K, used 5092K [0x00000000eab00000, 0x00000000f3100000, 0x0000000100000000)
  eden space 126976K, 0% used [0x00000000eab00000,0x00000000eab00000,0x00000000f2700000)
  from space 5120K, 99% used [0x00000000f2c00000,0x00000000f30f92e8,0x00000000f3100000)
  to   space 5120K, 0% used [0x00000000f2700000,0x00000000f2700000,0x00000000f2c00000)
 ParOldGen       total 84992K, used 64930K [0x00000000c0000000, 0x00000000c5300000, 0x00000000eab00000)
  object space 84992K, 76% used [0x00000000c0000000,0x00000000c3f68998,0x00000000c5300000)
 Metaspace       used 5762K, capacity 6960K, committed 7040K, reserved 1056768K
  class space    used 578K, capacity 616K, committed 640K, reserved 1048576K
}
Event: 2.967 GC heap before
{Heap before GC invocations=5 (full 1):
 PSYoungGen      total 132096K, used 5092K [0x00000000eab00000, 0x00000000f3100000, 0x0000000100000000)
  eden space 126976K, 0% used [0x00000000eab00000,0x00000000eab00000,0x00000000f2700000)
  from space 5120K, 99% used [0x00000000f2c00000,0x00000000f30f92e8,0x00000000f3100000)
  to   space 5120K, 0% used [0x00000000f2700000,0x00000000f2700000,0x00000000f2c00000)
 ParOldGen       total 84992K, used 64930K [0x00000000c0000000, 0x00000000c5300000, 0x00000000eab00000)
  object space 84992K, 76% used [0x00000000c0000000,0x00000000c3f68998,0x00000000c5300000)
 Metaspace       used 5762K, capacity 6960K, committed 7040K, reserved 1056768K
  class space    used 578K, capacity 616K, committed 640K, reserved 1048576K
Event: 3.101 GC heap after
Heap after GC invocations=5 (full 1):
 PSYoungGen      total 132096K, used 0K [0x00000000eab00000, 0x00000000f3100000, 0x0000000100000000)
  eden space 126976K, 0% used [0x00000000eab00000,0x00000000eab00000,0x00000000f2700000)
  from space 5120K, 0% used [0x00000000f2c00000,0x00000000f2c00000,0x00000000f3100000)
  to   space 5120K, 0% used [0x00000000f2700000,0x00000000f2700000,0x00000000f2c00000)
 ParOldGen       total 115200K, used 38671K [0x00000000c0000000, 0x00000000c7080000, 0x00000000eab00000)
  object space 115200K, 33% used [0x00000000c0000000,0x00000000c25c3ed0,0x00000000c7080000)
 Metaspace       used 5762K, capacity 6960K, committed 7040K, reserved 1056768K
  class space    used 578K, capacity 616K, committed 640K, reserved 1048576K
}
Event: 3.728 GC heap before
{Heap before GC invocations=6 (full 1):
 PSYoungGen      total 132096K, used 126976K [0x00000000eab00000, 0x00000000f3100000, 0x0000000100000000)
  eden space 126976K, 100% used [0x00000000eab00000,0x00000000f2700000,0x00000000f2700000)
  from space 5120K, 0% used [0x00000000f2c00000,0x00000000f2c00000,0x00000000f3100000)
  to   space 5120K, 0% used [0x00000000f2700000,0x00000000f2700000,0x00000000f2c00000)
 ParOldGen       total 115200K, used 38671K [0x00000000c0000000, 0x00000000c7080000, 0x00000000eab00000)
  object space 115200K, 33% used [0x00000000c0000000,0x00000000c25c3ed0,0x00000000c7080000)
 Metaspace       used 5865K, capacity 7024K, committed 7296K, reserved 1056768K
  class space    used 578K, capacity 616K, committed 640K, reserved 1048576K

Deoptimization events (10 events):
Event: 0.975 Thread 0x00007f36ac16e800 Uncommon trap: reason=unstable_if action=reinterpret pc=0x00007f369d2b4cf0 method=com.android.dx.rop.code.RegisterSpec.equals(ILcom/android/dx/rop/type/TypeBearer;Lcom/android/dx/rop/code/LocalItem;)Z @ 16
Event: 1.012 Thread 0x00007f36ac16d000 Uncommon trap: reason=unstable_if action=reinterpret pc=0x00007f369d1d7838 method=java.util.BitSet.ensureCapacity(I)V @ 6
Event: 1.190 Thread 0x00007f36ac00a000 Uncommon trap: reason=unstable_if action=reinterpret pc=0x00007f369d2bdca0 method=com.android.dx.cf.code.Ropper.labelToResultIndex(I)I @ 34
Event: 2.376 Thread 0x00007f36ac15e000 Uncommon trap: reason=class_check action=maybe_recompile pc=0x00007f369d3889a0 method=com.android.dx.ssa.NormalSsaInsn.accept(Lcom/android/dx/ssa/SsaInsn$Visitor;)V @ 9
Event: 2.376 Thread 0x00007f36ac15e000 Uncommon trap: reason=class_check action=maybe_recompile pc=0x00007f369d3889a0 method=com.android.dx.ssa.NormalSsaInsn.accept(Lcom/android/dx/ssa/SsaInsn$Visitor;)V @ 9
Event: 2.378 Thread 0x00007f36ac15e000 Uncommon trap: reason=class_check action=maybe_recompile pc=0x00007f369d3889a0 method=com.android.dx.ssa.NormalSsaInsn.accept(Lcom/android/dx/ssa/SsaInsn$Visitor;)V @ 9
Event: 2.378 Thread 0x00007f36ac15e000 Uncommon trap: reason=class_check action=maybe_recompile pc=0x00007f369d3889a0 method=com.android.dx.ssa.NormalSsaInsn.accept(Lcom/android/dx/ssa/SsaInsn$Visitor;)V @ 9
Event: 2.378 Thread 0x00007f36ac15e000 Uncommon trap: reason=class_check action=maybe_recompile pc=0x00007f369d371d84 method=com.android.dx.ssa.NormalSsaInsn.accept(Lcom/android/dx/ssa/SsaInsn$Visitor;)V @ 9
Event: 3.328 Thread 0x00007f36ac00a000 Uncommon trap: reason=unloaded action=reinterpret pc=0x00007f369d485484 method=com.android.dx.cf.cst.ConstantPoolParser.parse0(ILjava/util/BitSet;)Lcom/android/dx/rop/cst/Constant; @ 198
Event: 3.558 Thread 0x00007f36ac00a000 Uncommon trap: reason=unstable_if action=reinterpret pc=0x00007f369d44f8f8 method=com.android.dx.cf.code.OneLocalsArray.<init>(I)V @ 2

Internal exceptions (2 events):
Event: 0.021 Thread 0x00007f36ac00a000 Exception <a 'java/lang/NoSuchMethodError': Method sun.misc.Unsafe.defineClass(Ljava/lang/String;[BII)Ljava/lang/Class; name or signature does not match> (0x00000000eab07cc0) thrown at [/HUDSON/workspace/8-2-build-linux-amd64/jdk8u91/6644/hotspot/src/shar
Event: 0.021 Thread 0x00007f36ac00a000 Exception <a 'java/lang/NoSuchMethodError': Method sun.misc.Unsafe.prefetchRead(Ljava/lang/Object;J)V name or signature does not match> (0x00000000eab07fa8) thrown at [/HUDSON/workspace/8-2-build-linux-amd64/jdk8u91/6644/hotspot/src/share/vm/prims/jni.cpp

Events (10 events):
Event: 3.696 Thread 0x00007f36ac15e000 DEOPT UNPACKING pc=0x00007f369d047633 sp=0x00007f36772bce40 mode 0
Event: 3.707 Thread 0x00007f36ac16d000 DEOPT PACKING pc=0x00007f369d4a6933 sp=0x00007f3676fb9b90
Event: 3.707 Thread 0x00007f36ac16d000 DEOPT UNPACKING pc=0x00007f369d047633 sp=0x00007f3676fb98b0 mode 0
Event: 3.717 Thread 0x00007f36ac16d000 DEOPT PACKING pc=0x00007f369d4a6933 sp=0x00007f3676fb9a00
Event: 3.717 Thread 0x00007f36ac16d000 DEOPT UNPACKING pc=0x00007f369d047633 sp=0x00007f3676fb9720 mode 0
Event: 3.717 Thread 0x00007f36ac16d000 DEOPT PACKING pc=0x00007f369d4a6933 sp=0x00007f3676fb9a00
Event: 3.717 Thread 0x00007f36ac16d000 DEOPT UNPACKING pc=0x00007f369d047633 sp=0x00007f3676fb9720 mode 0
Event: 3.718 Thread 0x00007f36ac16d000 DEOPT PACKING pc=0x00007f369d4a6933 sp=0x00007f3676fb9a00
Event: 3.718 Thread 0x00007f36ac16d000 DEOPT UNPACKING pc=0x00007f369d047633 sp=0x00007f3676fb9720 mode 0
Event: 3.721 Executing VM operation: ParallelGCFailedAllocation


Dynamic libraries:
00400000-00401000 r-xp 00000000 08:01 9839507                            /usr/lib/jvm/java-8-oracle/bin/java
00600000-00601000 rw-p 00000000 08:01 9839507                            /usr/lib/jvm/java-8-oracle/bin/java
01115000-01136000 rw-p 00000000 00:00 0                                  [heap]
c0000000-c7080000 rw-p 00000000 00:00 0 
c7080000-eab00000 ---p 00000000 00:00 0 
eab00000-f3100000 rw-p 00000000 00:00 0 
fd700000-100000000 ---p 00000000 00:00 0 
100000000-1000a0000 rw-p 00000000 00:00 0 
1000a0000-140000000 ---p 00000000 00:00 0 
7f3634000000-7f3634021000 rw-p 00000000 00:00 0 
7f3634021000-7f3638000000 ---p 00000000 00:00 0 
7f363c000000-7f363c02d000 rw-p 00000000 00:00 0 
7f363c02d000-7f3640000000 ---p 00000000 00:00 0 
7f3640000000-7f364003f000 rw-p 00000000 00:00 0 
7f364003f000-7f3644000000 ---p 00000000 00:00 0 
7f3644000000-7f3644077000 rw-p 00000000 00:00 0 
7f3644077000-7f3648000000 ---p 00000000 00:00 0 
7f3648000000-7f3648021000 rw-p 00000000 00:00 0 
7f3648021000-7f364c000000 ---p 00000000 00:00 0 
7f364c000000-7f364c021000 rw-p 00000000 00:00 0 
7f364c021000-7f3650000000 ---p 00000000 00:00 0 
7f3650000000-7f3650021000 rw-p 00000000 00:00 0 
7f3650021000-7f3654000000 ---p 00000000 00:00 0 
7f3654000000-7f3655393000 rw-p 00000000 00:00 0 
7f3655393000-7f3658000000 ---p 00000000 00:00 0 
7f3658000000-7f3658c3b000 rw-p 00000000 00:00 0 
7f3658c3b000-7f365c000000 ---p 00000000 00:00 0 
7f365c000000-7f365d112000 rw-p 00000000 00:00 0 
7f365d112000-7f3660000000 ---p 00000000 00:00 0 
7f3660000000-7f3661410000 rw-p 00000000 00:00 0 
7f3661410000-7f3664000000 ---p 00000000 00:00 0 
7f3664000000-7f3664021000 rw-p 00000000 00:00 0 
7f3664021000-7f3668000000 ---p 00000000 00:00 0 
7f3668000000-7f3668021000 rw-p 00000000 00:00 0 
7f3668021000-7f366c000000 ---p 00000000 00:00 0 
7f366c000000-7f366c021000 rw-p 00000000 00:00 0 
7f366c021000-7f3670000000 ---p 00000000 00:00 0 
7f3670000000-7f3670297000 rw-p 00000000 00:00 0 
7f3670297000-7f3674000000 ---p 00000000 00:00 0 
7f3676dba000-7f3676dbd000 ---p 00000000 00:00 0 
7f3676dbd000-7f3676ebb000 rw-p 00000000 00:00 0 
7f3676ebb000-7f3676ebe000 ---p 00000000 00:00 0 
7f3676ebe000-7f3676fbc000 rw-p 00000000 00:00 0 
7f3676fbc000-7f3676fbf000 ---p 00000000 00:00 0 
7f3676fbf000-7f36770bd000 rw-p 00000000 00:00 0 
7f36770bd000-7f36770c0000 ---p 00000000 00:00 0 
7f36770c0000-7f36771be000 rw-p 00000000 00:00 0 
7f36771be000-7f36771c1000 ---p 00000000 00:00 0 
7f36771c1000-7f36772bf000 rw-p 00000000 00:00 0 
7f36772bf000-7f36772c0000 ---p 00000000 00:00 0 
7f36772c0000-7f36773c0000 rw-p 00000000 00:00 0 
7f36773c0000-7f36773c3000 ---p 00000000 00:00 0 
7f36773c3000-7f36774c1000 rw-p 00000000 00:00 0 
7f36774c1000-7f36774c4000 ---p 00000000 00:00 0 
7f36774c4000-7f36775c2000 rw-p 00000000 00:00 0 
7f36775c2000-7f36775c5000 ---p 00000000 00:00 0 
7f36775c5000-7f36776c3000 rw-p 00000000 00:00 0 
7f36776c3000-7f36776c6000 ---p 00000000 00:00 0 
7f36776c6000-7f36777c4000 rw-p 00000000 00:00 0 
7f36777c4000-7f36777c7000 ---p 00000000 00:00 0 
7f36777c7000-7f36778c5000 rw-p 00000000 00:00 0 
7f36778c5000-7f36778c8000 ---p 00000000 00:00 0 
7f36778c8000-7f36779c6000 rw-p 00000000 00:00 0 
7f36779c6000-7f3677dfe000 r--p 00000000 08:01 9700768                    /usr/lib/locale/locale-archive
7f3677dfe000-7f3677e01000 ---p 00000000 00:00 0 
7f3677e01000-7f3677eff000 rw-p 00000000 00:00 0 
7f3677eff000-7f3677f02000 ---p 00000000 00:00 0 
7f3677f02000-7f3678000000 rw-p 00000000 00:00 0 
7f3678000000-7f3678021000 rw-p 00000000 00:00 0 
7f3678021000-7f367c000000 ---p 00000000 00:00 0 
7f367c000000-7f367c021000 rw-p 00000000 00:00 0 
7f367c021000-7f3680000000 ---p 00000000 00:00 0 
7f3680000000-7f3680021000 rw-p 00000000 00:00 0 
7f3680021000-7f3684000000 ---p 00000000 00:00 0 
7f36840a7000-7f36840a8000 ---p 00000000 00:00 0 
7f36840a8000-7f3685e80000 rw-p 00000000 00:00 0 
7f3685e80000-7f3686000000 ---p 00000000 00:00 0 
7f3686000000-7f3688000000 rw-p 00000000 00:00 0 
7f3688000000-7f3688021000 rw-p 00000000 00:00 0 
7f3688021000-7f368c000000 ---p 00000000 00:00 0 
7f368c000000-7f368c021000 rw-p 00000000 00:00 0 
7f368c021000-7f3690000000 ---p 00000000 00:00 0 
7f3690000000-7f3690021000 rw-p 00000000 00:00 0 
7f3690021000-7f3694000000 ---p 00000000 00:00 0 
7f3694000000-7f3694021000 rw-p 00000000 00:00 0 
7f3694021000-7f3698000000 ---p 00000000 00:00 0 
7f3698000000-7f3698021000 rw-p 00000000 00:00 0 
7f3698021000-7f369c000000 ---p 00000000 00:00 0 
7f369c001000-7f369c5ab000 rw-p 00000000 00:00 0 
7f369c5ab000-7f369c784000 r--s 03d1f000 08:01 9967487                    /usr/lib/jvm/java-8-oracle/jre/lib/rt.jar
7f369c784000-7f369c9fa000 rw-p 00000000 00:00 0 
7f369c9fa000-7f369c9fb000 ---p 00000000 00:00 0 
7f369c9fb000-7f369cafb000 rw-p 00000000 00:00 0 
7f369cafb000-7f369cafc000 ---p 00000000 00:00 0 
7f369cafc000-7f369cbfc000 rw-p 00000000 00:00 0 
7f369cbfc000-7f369cbfd000 ---p 00000000 00:00 0 
7f369cbfd000-7f369ccfd000 rw-p 00000000 00:00 0 
7f369ccfd000-7f369ccfe000 ---p 00000000 00:00 0 
7f369ccfe000-7f369cdfe000 rw-p 00000000 00:00 0 
7f369cdfe000-7f369cdff000 ---p 00000000 00:00 0 
7f369cdff000-7f369ceff000 rw-p 00000000 00:00 0 
7f369ceff000-7f369cf00000 ---p 00000000 00:00 0 
7f369cf00000-7f369d000000 rw-p 00000000 00:00 0 
7f369d000000-7f369d660000 rwxp 00000000 00:00 0 
7f369d660000-7f36ac000000 ---p 00000000 00:00 0 
7f36ac000000-7f36ac3b3000 rw-p 00000000 00:00 0 
7f36ac3b3000-7f36b0000000 ---p 00000000 00:00 0 
7f36b0000000-7f36b000f000 r--s 000df000 08:01 5246091                    /home/oguz/Android/Sdk/build-tools/23.0.3/lib/dx.jar
7f36b000f000-7f36b0051000 rw-p 00000000 00:00 0 
7f36b0051000-7f36b0052000 ---p 00000000 00:00 0 
7f36b0052000-7f36b0152000 rw-p 00000000 00:00 0 
7f36b0152000-7f36b0153000 ---p 00000000 00:00 0 
7f36b0153000-7f36b028c000 rw-p 00000000 00:00 0 
7f36b028c000-7f36b03a9000 ---p 00000000 00:00 0 
7f36b03a9000-7f36b03e2000 rw-p 00000000 00:00 0 
7f36b03e2000-7f36b04fe000 ---p 00000000 00:00 0 
7f36b04fe000-7f36b0542000 rw-p 00000000 00:00 0 
7f36b0542000-7f36b05a9000 ---p 00000000 00:00 0 
7f36b05a9000-7f36b05c4000 rw-p 00000000 00:00 0 
7f36b05c4000-7f36b096a000 ---p 00000000 00:00 0 
7f36b096a000-7f36b0984000 r-xp 00000000 08:01 10092954                   /usr/lib/jvm/java-8-oracle/jre/lib/amd64/libzip.so
7f36b0984000-7f36b0b84000 ---p 0001a000 08:01 10092954                   /usr/lib/jvm/java-8-oracle/jre/lib/amd64/libzip.so
7f36b0b84000-7f36b0b85000 rw-p 0001a000 08:01 10092954                   /usr/lib/jvm/java-8-oracle/jre/lib/amd64/libzip.so
7f36b0b85000-7f36b0b90000 r-xp 00000000 08:01 7603299                    /lib/x86_64-linux-gnu/libnss_files-2.23.so
7f36b0b90000-7f36b0d8f000 ---p 0000b000 08:01 7603299                    /lib/x86_64-linux-gnu/libnss_files-2.23.so
7f36b0d8f000-7f36b0d90000 r--p 0000a000 08:01 7603299                    /lib/x86_64-linux-gnu/libnss_files-2.23.so
7f36b0d90000-7f36b0d91000 rw-p 0000b000 08:01 7603299                    /lib/x86_64-linux-gnu/libnss_files-2.23.so
7f36b0d91000-7f36b0d97000 rw-p 00000000 00:00 0 
7f36b0d97000-7f36b0da2000 r-xp 00000000 08:01 7603296                    /lib/x86_64-linux-gnu/libnss_nis-2.23.so
7f36b0da2000-7f36b0fa1000 ---p 0000b000 08:01 7603296                    /lib/x86_64-linux-gnu/libnss_nis-2.23.so
7f36b0fa1000-7f36b0fa2000 r--p 0000a000 08:01 7603296                    /lib/x86_64-linux-gnu/libnss_nis-2.23.so
7f36b0fa2000-7f36b0fa3000 rw-p 0000b000 08:01 7603296                    /lib/x86_64-linux-gnu/libnss_nis-2.23.so
7f36b0fa3000-7f36b0fb9000 r-xp 00000000 08:01 7603294                    /lib/x86_64-linux-gnu/libnsl-2.23.so
7f36b0fb9000-7f36b11b9000 ---p 00016000 08:01 7603294                    /lib/x86_64-linux-gnu/libnsl-2.23.so
7f36b11b9000-7f36b11ba000 r--p 00016000 08:01 7603294                    /lib/x86_64-linux-gnu/libnsl-2.23.so
7f36b11ba000-7f36b11bb000 rw-p 00017000 08:01 7603294                    /lib/x86_64-linux-gnu/libnsl-2.23.so
7f36b11bb000-7f36b11bd000 rw-p 00000000 00:00 0 
7f36b11bd000-7f36b11c5000 r-xp 00000000 08:01 7603292                    /lib/x86_64-linux-gnu/libnss_compat-2.23.so
7f36b11c5000-7f36b13c4000 ---p 00008000 08:01 7603292                    /lib/x86_64-linux-gnu/libnss_compat-2.23.so
7f36b13c4000-7f36b13c5000 r--p 00007000 08:01 7603292                    /lib/x86_64-linux-gnu/libnss_compat-2.23.so
7f36b13c5000-7f36b13c6000 rw-p 00008000 08:01 7603292                    /lib/x86_64-linux-gnu/libnss_compat-2.23.so
7f36b13c6000-7f36b13f0000 r-xp 00000000 08:01 10092949                   /usr/lib/jvm/java-8-oracle/jre/lib/amd64/libjava.so
7f36b13f0000-7f36b15f0000 ---p 0002a000 08:01 10092949                   /usr/lib/jvm/java-8-oracle/jre/lib/amd64/libjava.so
7f36b15f0000-7f36b15f2000 rw-p 0002a000 08:01 10092949                   /usr/lib/jvm/java-8-oracle/jre/lib/amd64/libjava.so
7f36b15f2000-7f36b15ff000 r-xp 00000000 08:01 10092953                   /usr/lib/jvm/java-8-oracle/jre/lib/amd64/libverify.so
7f36b15ff000-7f36b17ff000 ---p 0000d000 08:01 10092953                   /usr/lib/jvm/java-8-oracle/jre/lib/amd64/libverify.so
7f36b17ff000-7f36b1801000 rw-p 0000d000 08:01 10092953                   /usr/lib/jvm/java-8-oracle/jre/lib/amd64/libverify.so
7f36b1801000-7f36b1808000 r-xp 00000000 08:01 7603308                    /lib/x86_64-linux-gnu/librt-2.23.so
7f36b1808000-7f36b1a07000 ---p 00007000 08:01 7603308                    /lib/x86_64-linux-gnu/librt-2.23.so
7f36b1a07000-7f36b1a08000 r--p 00006000 08:01 7603308                    /lib/x86_64-linux-gnu/librt-2.23.so
7f36b1a08000-7f36b1a09000 rw-p 00007000 08:01 7603308                    /lib/x86_64-linux-gnu/librt-2.23.so
7f36b1a09000-7f36b1b11000 r-xp 00000000 08:01 7603305                    /lib/x86_64-linux-gnu/libm-2.23.so
7f36b1b11000-7f36b1d10000 ---p 00108000 08:01 7603305                    /lib/x86_64-linux-gnu/libm-2.23.so
7f36b1d10000-7f36b1d11000 r--p 00107000 08:01 7603305                    /lib/x86_64-linux-gnu/libm-2.23.so
7f36b1d11000-7f36b1d12000 rw-p 00108000 08:01 7603305                    /lib/x86_64-linux-gnu/libm-2.23.so
7f36b1d12000-7f36b29d2000 r-xp 00000000 08:01 10092932                   /usr/lib/jvm/java-8-oracle/jre/lib/amd64/server/libjvm.so
7f36b29d2000-7f36b2bd2000 ---p 00cc0000 08:01 10092932                   /usr/lib/jvm/java-8-oracle/jre/lib/amd64/server/libjvm.so
7f36b2bd2000-7f36b2caa000 rw-p 00cc0000 08:01 10092932                   /usr/lib/jvm/java-8-oracle/jre/lib/amd64/server/libjvm.so
7f36b2caa000-7f36b2cf5000 rw-p 00000000 00:00 0 
7f36b2cf5000-7f36b2eb5000 r-xp 00000000 08:01 7603313                    /lib/x86_64-linux-gnu/libc-2.23.so
7f36b2eb5000-7f36b30b5000 ---p 001c0000 08:01 7603313                    /lib/x86_64-linux-gnu/libc-2.23.so
7f36b30b5000-7f36b30b9000 r--p 001c0000 08:01 7603313                    /lib/x86_64-linux-gnu/libc-2.23.so
7f36b30b9000-7f36b30bb000 rw-p 001c4000 08:01 7603313                    /lib/x86_64-linux-gnu/libc-2.23.so
7f36b30bb000-7f36b30bf000 rw-p 00000000 00:00 0 
7f36b30bf000-7f36b30c2000 r-xp 00000000 08:01 7603314                    /lib/x86_64-linux-gnu/libdl-2.23.so
7f36b30c2000-7f36b32c1000 ---p 00003000 08:01 7603314                    /lib/x86_64-linux-gnu/libdl-2.23.so
7f36b32c1000-7f36b32c2000 r--p 00002000 08:01 7603314                    /lib/x86_64-linux-gnu/libdl-2.23.so
7f36b32c2000-7f36b32c3000 rw-p 00003000 08:01 7603314                    /lib/x86_64-linux-gnu/libdl-2.23.so
7f36b32c3000-7f36b32d8000 r-xp 00000000 08:01 9840182                    /usr/lib/jvm/java-8-oracle/lib/amd64/jli/libjli.so
7f36b32d8000-7f36b34d8000 ---p 00015000 08:01 9840182                    /usr/lib/jvm/java-8-oracle/lib/amd64/jli/libjli.so
7f36b34d8000-7f36b34d9000 rw-p 00015000 08:01 9840182                    /usr/lib/jvm/java-8-oracle/lib/amd64/jli/libjli.so
7f36b34d9000-7f36b34f1000 r-xp 00000000 08:01 7603312                    /lib/x86_64-linux-gnu/libpthread-2.23.so
7f36b34f1000-7f36b36f0000 ---p 00018000 08:01 7603312                    /lib/x86_64-linux-gnu/libpthread-2.23.so
7f36b36f0000-7f36b36f1000 r--p 00017000 08:01 7603312                    /lib/x86_64-linux-gnu/libpthread-2.23.so
7f36b36f1000-7f36b36f2000 rw-p 00018000 08:01 7603312                    /lib/x86_64-linux-gnu/libpthread-2.23.so
7f36b36f2000-7f36b36f6000 rw-p 00000000 00:00 0 
7f36b36f6000-7f36b371c000 r-xp 00000000 08:01 7603309                    /lib/x86_64-linux-gnu/ld-2.23.so
7f36b3722000-7f36b37f4000 rw-p 00000000 00:00 0 
7f36b37f4000-7f36b37f7000 ---p 00000000 00:00 0 
7f36b37f7000-7f36b38f9000 rw-p 00000000 00:00 0 
7f36b38fb000-7f36b390f000 rw-p 00000000 00:00 0 
7f36b390f000-7f36b3917000 rw-s 00000000 08:01 161060                     /tmp/hsperfdata_oguz/26251
7f36b3917000-7f36b3918000 rw-p 00000000 00:00 0 
7f36b3918000-7f36b3919000 ---p 00000000 00:00 0 
7f36b3919000-7f36b391b000 rw-p 00000000 00:00 0 
7f36b391b000-7f36b391c000 r--p 00025000 08:01 7603309                    /lib/x86_64-linux-gnu/ld-2.23.so
7f36b391c000-7f36b391d000 rw-p 00026000 08:01 7603309                    /lib/x86_64-linux-gnu/ld-2.23.so
7f36b391d000-7f36b391e000 rw-p 00000000 00:00 0 
7ffd477f7000-7ffd47818000 rw-p 00000000 00:00 0                          [stack]
7ffd479d2000-7ffd479d4000 r--p 00000000 00:00 0                          [vvar]
7ffd479d4000-7ffd479d6000 r-xp 00000000 00:00 0                          [vdso]
ffffffffff600000-ffffffffff601000 r-xp 00000000 00:00 0                  [vsyscall]

VM Arguments:
jvm_args: -Djava.awt.headless=true -Xmx1024M -Dfile.encoding=UTF-8 -Duser.country=TR -Duser.language=tr -Duser.variant 
java_command: com.android.dx.command.Main --dex --force-jumbo --num-threads=4 --multi-dex --output /home/oguz/Masaüstü/FomApplicationAndroid/app/build/intermediates/transforms/dex/debug/folders/1000/5/slice_4 /home/oguz/Masaüstü/FomApplicationAndroid/app/build/intermediates/transforms/instantRunSlicer/debug/folders/1/5/slice_4
java_class_path (initial): /home/oguz/Android/Sdk/build-tools/23.0.3/lib/dx.jar
Launcher Type: SUN_STANDARD

Environment Variables:
PATH=/usr/local/sbin:/usr/local/bin:/usr/sbin:/usr/bin:/sbin:/bin:/usr/games:/usr/local/games:/snap/bin
LD_LIBRARY_PATH=/home/oguz/Masaüstü/Derleyiciler/android-studio/bin:
SHELL=/bin/bash
DISPLAY=:0

Signal Handlers:
SIGSEGV: [libjvm.so+0xabca10], sa_mask[0]=11111111011111111101111111111110, sa_flags=SA_RESTART|SA_SIGINFO
SIGBUS: [libjvm.so+0xabca10], sa_mask[0]=11111111011111111101111111111110, sa_flags=SA_RESTART|SA_SIGINFO
SIGFPE: [libjvm.so+0x919a20], sa_mask[0]=11111111011111111101111111111110, sa_flags=SA_RESTART|SA_SIGINFO
SIGPIPE: [libjvm.so+0x919a20], sa_mask[0]=11111111011111111101111111111110, sa_flags=SA_RESTART|SA_SIGINFO
SIGXFSZ: [libjvm.so+0x919a20], sa_mask[0]=11111111011111111101111111111110, sa_flags=SA_RESTART|SA_SIGINFO
SIGILL: [libjvm.so+0x919a20], sa_mask[0]=11111111011111111101111111111110, sa_flags=SA_RESTART|SA_SIGINFO
SIGUSR1: SIG_DFL, sa_mask[0]=00000000000000000000000000000000, sa_flags=none
SIGUSR2: [libjvm.so+0x91b050], sa_mask[0]=00100000000000000000000000000000, sa_flags=SA_RESTART|SA_SIGINFO
SIGHUP: [libjvm.so+0x91c450], sa_mask[0]=11111111011111111101111111111110, sa_flags=SA_RESTART|SA_SIGINFO
SIGINT: [libjvm.so+0x91c450], sa_mask[0]=11111111011111111101111111111110, sa_flags=SA_RESTART|SA_SIGINFO
SIGTERM: [libjvm.so+0x91c450], sa_mask[0]=11111111011111111101111111111110, sa_flags=SA_RESTART|SA_SIGINFO
SIGQUIT: [libjvm.so+0x91c450], sa_mask[0]=11111111011111111101111111111110, sa_flags=SA_RESTART|SA_SIGINFO


---------------  S Y S T E M  ---------------

OS:DISTRIB_ID=Ubuntu
DISTRIB_RELEASE=16.04
DISTRIB_CODENAME=xenial
DISTRIB_DESCRIPTION="Ubuntu Xenial Xerus (development branch)"

uname:Linux 4.4.0-22-generic #39-Ubuntu SMP Thu May 5 16:53:32 UTC 2016 x86_64
libc:glibc 2.23 NPTL 2.23 
rlimit: STACK 8192k, CORE 0k, NPROC 31498, NOFILE 65536, AS infinity
load average:0.57 0.88 0.84

/proc/meminfo:
MemTotal:        8101800 kB
MemFree:           57380 kB
MemAvailable:      95472 kB
Buffers:             948 kB
Cached:           500160 kB
SwapCached:            0 kB
Active:          7345792 kB
Inactive:         451220 kB
Active(anon):    7337860 kB
Inactive(anon):   445148 kB
Active(file):       7932 kB
Inactive(file):     6072 kB
Unevictable:          92 kB
Mlocked:              92 kB
SwapTotal:             0 kB
SwapFree:              0 kB
Dirty:               224 kB
Writeback:             0 kB
AnonPages:       7297368 kB
Mapped:           239436 kB
Shmem:            485656 kB
Slab:             115436 kB
SReclaimable:      59336 kB
SUnreclaim:        56100 kB
KernelStack:       18096 kB
PageTables:        63812 kB
NFS_Unstable:          0 kB
Bounce:                0 kB
WritebackTmp:          0 kB
CommitLimit:     4050900 kB
Committed_AS:   13649760 kB
VmallocTotal:   34359738367 kB
VmallocUsed:           0 kB
VmallocChunk:          0 kB
HardwareCorrupted:     0 kB
AnonHugePages:   4640768 kB
CmaTotal:              0 kB
CmaFree:               0 kB
HugePages_Total:       0
HugePages_Free:        0
HugePages_Rsvd:        0
HugePages_Surp:        0
Hugepagesize:       2048 kB
DirectMap4k:      191232 kB
DirectMap2M:     8124416 kB
DirectMap1G:     1048576 kB


CPU:total 8 (4 cores per cpu, 2 threads per core) family 6 model 60 stepping 3, cmov, cx8, fxsr, mmx, sse, sse2, sse3, ssse3, sse4.1, sse4.2, popcnt, avx, avx2, aes, clmul, erms, lzcnt, ht, tsc, tscinvbit, bmi1, bmi2

/proc/cpuinfo:
processor	: 0
vendor_id	: GenuineIntel
cpu family	: 6
model		: 60
model name	: Intel(R) Core(TM) i7-4700MQ CPU @ 2.40GHz
stepping	: 3
microcode	: 0x16
cpu MHz		: 2973.468
cache size	: 6144 KB
physical id	: 0
siblings	: 8
core id		: 0
cpu cores	: 4
apicid		: 0
initial apicid	: 0
fpu		: yes
fpu_exception	: yes
cpuid level	: 13
wp		: yes
flags		: fpu vme de pse tsc msr pae mce cx8 apic sep mtrr pge mca cmov pat pse36 clflush dts acpi mmx fxsr sse sse2 ss ht tm pbe syscall nx pdpe1gb rdtscp lm constant_tsc arch_perfmon pebs bts rep_good nopl xtopology nonstop_tsc aperfmperf eagerfpu pni pclmulqdq dtes64 monitor ds_cpl vmx est tm2 ssse3 sdbg fma cx16 xtpr pdcm pcid sse4_1 sse4_2 movbe popcnt tsc_deadline_timer aes xsave avx f16c rdrand lahf_lm abm epb tpr_shadow vnmi flexpriority ept vpid fsgsbase tsc_adjust bmi1 avx2 smep bmi2 erms invpcid xsaveopt dtherm ida arat pln pts
bugs		:
bogomips	: 4789.04
clflush size	: 64
cache_alignment	: 64
address sizes	: 39 bits physical, 48 bits virtual
power management:

processor	: 1
vendor_id	: GenuineIntel
cpu family	: 6
model		: 60
model name	: Intel(R) Core(TM) i7-4700MQ CPU @ 2.40GHz
stepping	: 3
microcode	: 0x16
cpu MHz		: 2986.406
cache size	: 6144 KB
physical id	: 0
siblings	: 8
core id		: 0
cpu cores	: 4
apicid		: 1
initial apicid	: 1
fpu		: yes
fpu_exception	: yes
cpuid level	: 13
wp		: yes
flags		: fpu vme de pse tsc msr pae mce cx8 apic sep mtrr pge mca cmov pat pse36 clflush dts acpi mmx fxsr sse sse2 ss ht tm pbe syscall nx pdpe1gb rdtscp lm constant_tsc arch_perfmon pebs bts rep_good nopl xtopology nonstop_tsc aperfmperf eagerfpu pni pclmulqdq dtes64 monitor ds_cpl vmx est tm2 ssse3 sdbg fma cx16 xtpr pdcm pcid sse4_1 sse4_2 movbe popcnt tsc_deadline_timer aes xsave avx f16c rdrand lahf_lm abm epb tpr_shadow vnmi flexpriority ept vpid fsgsbase tsc_adjust bmi1 avx2 smep bmi2 erms invpcid xsaveopt dtherm ida arat pln pts
bugs		:
bogomips	: 4789.04
clflush size	: 64
cache_alignment	: 64
address sizes	: 39 bits physical, 48 bits virtual
power management:

processor	: 2
vendor_id	: GenuineIntel
cpu family	: 6
model		: 60
model name	: Intel(R) Core(TM) i7-4700MQ CPU @ 2.40GHz
stepping	: 3
microcode	: 0x16
cpu MHz		: 2953.593
cache size	: 6144 KB
physical id	: 0
siblings	: 8
core id		: 1
cpu cores	: 4
apicid		: 2
initial apicid	: 2
fpu		: yes
fpu_exception	: yes
cpuid level	: 13
wp		: yes
flags		: fpu vme de pse tsc msr pae mce cx8 apic sep mtrr pge mca cmov pat pse36 clflush dts acpi mmx fxsr sse sse2 ss ht tm pbe syscall nx pdpe1gb rdtscp lm constant_tsc arch_perfmon pebs bts rep_good nopl xtopology nonstop_tsc aperfmperf eagerfpu pni pclmulqdq dtes64 monitor ds_cpl vmx est tm2 ssse3 sdbg fma cx16 xtpr pdcm pcid sse4_1 sse4_2 movbe popcnt tsc_deadline_timer aes xsave avx f16c rdrand lahf_lm abm epb tpr_shadow vnmi flexpriority ept vpid fsgsbase tsc_adjust bmi1 avx2 smep bmi2 erms invpcid xsaveopt dtherm ida arat pln pts
bugs		:
bogomips	: 4789.04
clflush size	: 64
cache_alignment	: 64
address sizes	: 39 bits physical, 48 bits virtual
power management:

processor	: 3
vendor_id	: GenuineIntel
cpu family	: 6
model		: 60
model name	: Intel(R) Core(TM) i7-4700MQ CPU @ 2.40GHz
stepping	: 3
microcode	: 0x16
cpu MHz		: 2993.812
cache size	: 6144 KB
physical id	: 0
siblings	: 8
core id		: 1
cpu cores	: 4
apicid		: 3
initial apicid	: 3
fpu		: yes
fpu_exception	: yes
cpuid level	: 13
wp		: yes
flags		: fpu vme de pse tsc msr pae mce cx8 apic sep mtrr pge mca cmov pat pse36 clflush dts acpi mmx fxsr sse sse2 ss ht tm pbe syscall nx pdpe1gb rdtscp lm constant_tsc arch_perfmon pebs bts rep_good nopl xtopology nonstop_tsc aperfmperf eagerfpu pni pclmulqdq dtes64 monitor ds_cpl vmx est tm2 ssse3 sdbg fma cx16 xtpr pdcm pcid sse4_1 sse4_2 movbe popcnt tsc_deadline_timer aes xsave avx f16c rdrand lahf_lm abm epb tpr_shadow vnmi flexpriority ept vpid fsgsbase tsc_adjust bmi1 avx2 smep bmi2 erms invpcid xsaveopt dtherm ida arat pln pts
bugs		:
bogomips	: 4789.04
clflush size	: 64
cache_alignment	: 64
address sizes	: 39 bits physical, 48 bits virtual
power management:

processor	: 4
vendor_id	: GenuineIntel
cpu family	: 6
model		: 60
model name	: Intel(R) Core(TM) i7-4700MQ CPU @ 2.40GHz
stepping	: 3
microcode	: 0x16
cpu MHz		: 2991.750
cache size	: 6144 KB
physical id	: 0
siblings	: 8
core id		: 2
cpu cores	: 4
apicid		: 4
initial apicid	: 4
fpu		: yes
fpu_exception	: yes
cpuid level	: 13
wp		: yes
flags		: fpu vme de pse tsc msr pae mce cx8 apic sep mtrr pge mca cmov pat pse36 clflush dts acpi mmx fxsr sse sse2 ss ht tm pbe syscall nx pdpe1gb rdtscp lm constant_tsc arch_perfmon pebs bts rep_good nopl xtopology nonstop_tsc aperfmperf eagerfpu pni pclmulqdq dtes64 monitor ds_cpl vmx est tm2 ssse3 sdbg fma cx16 xtpr pdcm pcid sse4_1 sse4_2 movbe popcnt tsc_deadline_timer aes xsave avx f16c rdrand lahf_lm abm epb tpr_shadow vnmi flexpriority ept vpid fsgsbase tsc_adjust bmi1 avx2 smep bmi2 erms invpcid xsaveopt dtherm ida arat pln pts
bugs		:
bogomips	: 4789.04
clflush size	: 64
cache_alignment	: 64
address sizes	: 39 bits physical, 48 bits virtual
power management:

processor	: 5
vendor_id	: GenuineIntel
cpu family	: 6
model		: 60
model name	: Intel(R) Core(TM) i7-4700MQ CPU @ 2.40GHz
stepping	: 3
microcode	: 0x16
cpu MHz		: 2991.750
cache size	: 6144 KB
physical id	: 0
siblings	: 8
core id		: 2
cpu cores	: 4
apicid		: 5
initial apicid	: 5
fpu		: yes
fpu_exception	: yes
cpuid level	: 13
wp		: yes
flags		: fpu vme de pse tsc msr pae mce cx8 apic sep mtrr pge mca cmov pat pse36 clflush dts acpi mmx fxsr sse sse2 ss ht tm pbe syscall nx pdpe1gb rdtscp lm constant_tsc arch_perfmon pebs bts rep_good nopl xtopology nonstop_tsc aperfmperf eagerfpu pni pclmulqdq dtes64 monitor ds_cpl vmx est tm2 ssse3 sdbg fma cx16 xtpr pdcm pcid sse4_1 sse4_2 movbe popcnt tsc_deadline_timer aes xsave avx f16c rdrand lahf_lm abm epb tpr_shadow vnmi flexpriority ept vpid fsgsbase tsc_adjust bmi1 avx2 smep bmi2 erms invpcid xsaveopt dtherm ida arat pln pts
bugs		:
bogomips	: 4789.04
clflush size	: 64
cache_alignment	: 64
address sizes	: 39 bits physical, 48 bits virtual
power management:

processor	: 6
vendor_id	: GenuineIntel
cpu family	: 6
model		: 60
model name	: Intel(R) Core(TM) i7-4700MQ CPU @ 2.40GHz
stepping	: 3
microcode	: 0x16
cpu MHz		: 2968.218
cache size	: 6144 KB
physical id	: 0
siblings	: 8
core id		: 3
cpu cores	: 4
apicid		: 6
initial apicid	: 6
fpu		: yes
fpu_exception	: yes
cpuid level	: 13
wp		: yes
flags		: fpu vme de pse tsc msr pae mce cx8 apic sep mtrr pge mca cmov pat pse36 clflush dts acpi mmx fxsr sse sse2 ss ht tm pbe syscall nx pdpe1gb rdtscp lm constant_tsc arch_perfmon pebs bts rep_good nopl xtopology nonstop_tsc aperfmperf eagerfpu pni pclmulqdq dtes64 monitor ds_cpl vmx est tm2 ssse3 sdbg fma cx16 xtpr pdcm pcid sse4_1 sse4_2 movbe popcnt tsc_deadline_timer aes xsave avx f16c rdrand lahf_lm abm epb tpr_shadow vnmi flexpriority ept vpid fsgsbase tsc_adjust bmi1 avx2 smep bmi2 erms invpcid xsaveopt dtherm ida arat pln pts
bugs		:
bogomips	: 4789.04
clflush size	: 64
cache_alignment	: 64
address sizes	: 39 bits physical, 48 bits virtual
power management:

processor	: 7
vendor_id	: GenuineIntel
cpu family	: 6
model		: 60
model name	: Intel(R) Core(TM) i7-4700MQ CPU @ 2.40GHz
stepping	: 3
microcode	: 0x16
cpu MHz		: 2997.937
cache size	: 6144 KB
physical id	: 0
siblings	: 8
core id		: 3
cpu cores	: 4
apicid		: 7
initial apicid	: 7
fpu		: yes
fpu_exception	: yes
cpuid level	: 13
wp		: yes
flags		: fpu vme de pse tsc msr pae mce cx8 apic sep mtrr pge mca cmov pat pse36 clflush dts acpi mmx fxsr sse sse2 ss ht tm pbe syscall nx pdpe1gb rdtscp lm constant_tsc arch_perfmon pebs bts rep_good nopl xtopology nonstop_tsc aperfmperf eagerfpu pni pclmulqdq dtes64 monitor ds_cpl vmx est tm2 ssse3 sdbg fma cx16 xtpr pdcm pcid sse4_1 sse4_2 movbe popcnt tsc_deadline_timer aes xsave avx f16c rdrand lahf_lm abm epb tpr_shadow vnmi flexpriority ept vpid fsgsbase tsc_adjust bmi1 avx2 smep bmi2 erms invpcid xsaveopt dtherm ida arat pln pts
bugs		:
bogomips	: 4789.04
clflush size	: 64
cache_alignment	: 64
address sizes	: 39 bits physical, 48 bits virtual
power management:



Memory: 4k page, physical 8101800k(57452k free), swap 0k(0k free)

vm_info: Java HotSpot(TM) 64-Bit Server VM (25.91-b14) for linux-amd64 JRE (1.8.0_91-b14), built on Apr  1 2016 00:57:21 by "java_re" with gcc 4.3.0 20080428 (Red Hat 4.3.0-8)

time: Fri Aug 12 16:31:13 2016
elapsed time: 3 seconds (0d 0h 0m 3s)

