#
# There is insufficient memory for the Java Runtime Environment to continue.
# Native memory allocation (mmap) failed to map 174063616 bytes for committing reserved memory.
# Possible reasons:
#   The system is out of physical RAM or swap space
#   In 32 bit mode, the process size limit was hit
# Possible solutions:
#   Reduce memory load on the system
#   Increase physical memory or swap space
#   Check if swap backing store is full
#   Use 64 bit Java on a 64 bit OS
#   Decrease Java heap size (-Xmx/-Xms)
#   Decrease number of Java threads
#   Decrease Java thread stack sizes (-Xss)
#   Set larger code cache with -XX:ReservedCodeCacheSize=
# This output file may be truncated or incomplete.
#
#  Out of Memory Error (os_linux.cpp:2627), pid=12814, tid=140313668302592
#
# JRE version: Java(TM) SE Runtime Environment (8.0_91-b14) (build 1.8.0_91-b14)
# Java VM: Java HotSpot(TM) 64-Bit Server VM (25.91-b14 mixed mode linux-amd64 compressed oops)
# Failed to write core dump. Core dumps have been disabled. To enable core dumping, try "ulimit -c unlimited" before starting Java again
#

---------------  T H R E A D  ---------------

Current thread (0x00007f9d64080000):  VMThread [stack: 0x00007f9d524b3000,0x00007f9d525b4000] [id=12833]

Stack: [0x00007f9d524b3000,0x00007f9d525b4000],  sp=0x00007f9d525b2020,  free space=1020k
Native frames: (J=compiled Java code, j=interpreted, Vv=VM code, C=native code)
V  [libjvm.so+0xabc18a]  VMError::report_and_die()+0x2ba
V  [libjvm.so+0x4fafeb]  report_vm_out_of_memory(char const*, int, unsigned long, VMErrorType, char const*)+0x8b
V  [libjvm.so+0x91cbb3]  os::Linux::commit_memory_impl(char*, unsigned long, bool)+0x103
V  [libjvm.so+0x91d109]  os::pd_commit_memory(char*, unsigned long, unsigned long, bool)+0x29
V  [libjvm.so+0x91740a]  os::commit_memory(char*, unsigned long, unsigned long, bool)+0x2a
V  [libjvm.so+0x98b033]  PSVirtualSpace::expand_by(unsigned long)+0x53
V  [libjvm.so+0x98c438]  PSYoungGen::resize_generation(unsigned long, unsigned long)+0xf8
V  [libjvm.so+0x98b592]  PSYoungGen::resize(unsigned long, unsigned long)+0x22
V  [libjvm.so+0x98886b]  PSScavenge::invoke_no_policy()+0xf3b
V  [libjvm.so+0x988ff1]  PSScavenge::invoke()+0x41
V  [libjvm.so+0x9408b0]  ParallelScavengeHeap::failed_mem_allocate(unsigned long)+0x70
V  [libjvm.so+0xabdba7]  VM_ParallelGCFailedAllocation::doit()+0x97
V  [libjvm.so+0xac55d5]  VM_Operation::evaluate()+0x55
V  [libjvm.so+0xac39aa]  VMThread::evaluate_operation(VM_Operation*)+0xba
V  [libjvm.so+0xac3d2e]  VMThread::loop()+0x1ce
V  [libjvm.so+0xac41a0]  VMThread::run()+0x70
V  [libjvm.so+0x91ef78]  java_start(Thread*)+0x108

VM_Operation (0x00007f9d51456e60): ParallelGCFailedAllocation, mode: safepoint, requested by thread 0x00007f9d64158000


---------------  P R O C E S S  ---------------

Java Threads: ( => current thread )
  0x00007f9d64159800 JavaThread "pool-1-thread-4" [_thread_blocked, id=12866, stack(0x00007f9d51257000,0x00007f9d51358000)]
  0x00007f9d64158000 JavaThread "pool-1-thread-3" [_thread_blocked, id=12865, stack(0x00007f9d51358000,0x00007f9d51459000)]
  0x00007f9d64157000 JavaThread "pool-1-thread-2" [_thread_blocked, id=12863, stack(0x00007f9d51459000,0x00007f9d5155a000)]
  0x00007f9d64154800 JavaThread "pool-2-thread-1" [_thread_blocked, id=12861, stack(0x00007f9d5155a000,0x00007f9d5165b000)]
  0x00007f9d64152800 JavaThread "pool-1-thread-1" [_thread_blocked, id=12860, stack(0x00007f9d5165b000,0x00007f9d5175c000)]
  0x00007f9d640cb800 JavaThread "Service Thread" daemon [_thread_blocked, id=12841, stack(0x00007f9d51873000,0x00007f9d51974000)]
  0x00007f9d640c8800 JavaThread "C1 CompilerThread3" daemon [_thread_blocked, id=12840, stack(0x00007f9d51974000,0x00007f9d51a75000)]
  0x00007f9d640c6800 JavaThread "C2 CompilerThread2" daemon [_thread_in_native, id=12839, stack(0x00007f9d51a75000,0x00007f9d51b76000)]
  0x00007f9d640c5000 JavaThread "C2 CompilerThread1" daemon [_thread_blocked, id=12838, stack(0x00007f9d51b76000,0x00007f9d51c77000)]
  0x00007f9d640c2000 JavaThread "C2 CompilerThread0" daemon [_thread_in_native, id=12837, stack(0x00007f9d51c77000,0x00007f9d51d78000)]
  0x00007f9d640c0800 JavaThread "Signal Dispatcher" daemon [_thread_blocked, id=12836, stack(0x00007f9d51d78000,0x00007f9d51e79000)]
  0x00007f9d6408c000 JavaThread "Finalizer" daemon [_thread_blocked, id=12835, stack(0x00007f9d522b1000,0x00007f9d523b2000)]
  0x00007f9d64087800 JavaThread "Reference Handler" daemon [_thread_blocked, id=12834, stack(0x00007f9d523b2000,0x00007f9d524b3000)]
  0x00007f9d6400a000 JavaThread "main" [_thread_blocked, id=12816, stack(0x00007f9d6dc0b000,0x00007f9d6dd0c000)]

Other Threads:
=>0x00007f9d64080000 VMThread [stack: 0x00007f9d524b3000,0x00007f9d525b4000] [id=12833]
  0x00007f9d640ce800 WatcherThread [stack: 0x00007f9d51772000,0x00007f9d51873000] [id=12842]

VM state:at safepoint (normal execution)

VM Mutex/Monitor currently owned by a thread:  ([mutex/lock_event])
[0x00007f9d64006530] Threads_lock - owner thread: 0x00007f9d64080000
[0x00007f9d64006a30] Heap_lock - owner thread: 0x00007f9d64158000

Heap:
 PSYoungGen      total 132096K, used 5090K [0x00000000eab00000, 0x00000000f3100000, 0x0000000100000000)
  eden space 126976K, 0% used [0x00000000eab00000,0x00000000eab00000,0x00000000f2700000)
  from space 5120K, 99% used [0x00000000f2700000,0x00000000f2bf8850,0x00000000f2c00000)
  to   space 5120K, 0% used [0x00000000f2c00000,0x00000000f2c00000,0x00000000f3100000)
 ParOldGen       total 84992K, used 41161K [0x00000000c0000000, 0x00000000c5300000, 0x00000000eab00000)
  object space 84992K, 48% used [0x00000000c0000000,0x00000000c28325f0,0x00000000c5300000)
 Metaspace       used 6354K, capacity 7192K, committed 7424K, reserved 1056768K
  class space    used 618K, capacity 656K, committed 768K, reserved 1048576K

Card table byte_map: [0x00007f9d6a7c0000,0x00007f9d6a9c1000] byte_map_base: 0x00007f9d6a1c0000

Marking Bits: (ParMarkBitMap*) 0x00007f9d6d0dfd60
 Begin Bits: [0x00007f9d53000000, 0x00007f9d54000000)
 End Bits:   [0x00007f9d54000000, 0x00007f9d55000000)

Polling page: 0x00007f9d6dd2f000

CodeCache: size=245760Kb used=6514Kb max_used=6514Kb free=239245Kb
 bounds [0x00007f9d55000000, 0x00007f9d55670000, 0x00007f9d64000000]
 total_blobs=2109 nmethods=1840 adapters=182
 compilation: enabled

Compilation events (10 events):
Event: 5.095 Thread 0x00007f9d640c8800 2133       2       java.lang.Integer::bitCount (49 bytes)
Event: 5.095 Thread 0x00007f9d640c8800 nmethod 2133 0x00007f9d5565f710 code [0x00007f9d5565f860, 0x00007f9d5565f9d0]
Event: 5.095 Thread 0x00007f9d640c8800 2131       2       java.util.Collections$UnmodifiableList::get (11 bytes)
Event: 5.095 Thread 0x00007f9d640c8800 nmethod 2131 0x00007f9d5565fa50 code [0x00007f9d5565fbc0, 0x00007f9d5565fd48]
Event: 5.095 Thread 0x00007f9d640c8800 2134       2       com.android.dx.ssa.SsaBasicBlock::getLiveOutRegs (26 bytes)
Event: 5.096 Thread 0x00007f9d640c8800 nmethod 2134 0x00007f9d5565fdd0 code [0x00007f9d5565ff40, 0x00007f9d55660248]
Event: 5.103 Thread 0x00007f9d640c8800 2136       2       com.android.dx.ssa.SsaMethod$1::visitMoveInsn (17 bytes)
Event: 5.103 Thread 0x00007f9d640c8800 nmethod 2136 0x00007f9d55660410 code [0x00007f9d55660580, 0x00007f9d55660790]
Event: 5.106 Thread 0x00007f9d640c8800 2137       2       com.android.dx.ssa.back.FirstFitLocalCombiningAllocator$Alignment$2::nextClearBit (26 bytes)
Event: 5.107 Thread 0x00007f9d640c8800 nmethod 2137 0x00007f9d55660950 code [0x00007f9d55660ac0, 0x00007f9d55660cd8]

GC Heap History (9 events):
Event: 1.279 GC heap before
{Heap before GC invocations=1 (full 0):
 PSYoungGen      total 36864K, used 31744K [0x00000000eab00000, 0x00000000ed400000, 0x0000000100000000)
  eden space 31744K, 100% used [0x00000000eab00000,0x00000000eca00000,0x00000000eca00000)
  from space 5120K, 0% used [0x00000000ecf00000,0x00000000ecf00000,0x00000000ed400000)
  to   space 5120K, 0% used [0x00000000eca00000,0x00000000eca00000,0x00000000ecf00000)
 ParOldGen       total 84992K, used 0K [0x00000000c0000000, 0x00000000c5300000, 0x00000000eab00000)
  object space 84992K, 0% used [0x00000000c0000000,0x00000000c0000000,0x00000000c5300000)
 Metaspace       used 5722K, capacity 6704K, committed 6784K, reserved 1056768K
  class space    used 594K, capacity 616K, committed 640K, reserved 1048576K
Event: 1.323 GC heap after
Heap after GC invocations=1 (full 0):
 PSYoungGen      total 36864K, used 5106K [0x00000000eab00000, 0x00000000ef300000, 0x0000000100000000)
  eden space 31744K, 0% used [0x00000000eab00000,0x00000000eab00000,0x00000000eca00000)
  from space 5120K, 99% used [0x00000000eca00000,0x00000000ecefc9b8,0x00000000ecf00000)
  to   space 5120K, 0% used [0x00000000eee00000,0x00000000eee00000,0x00000000ef300000)
 ParOldGen       total 84992K, used 38K [0x00000000c0000000, 0x00000000c5300000, 0x00000000eab00000)
  object space 84992K, 0% used [0x00000000c0000000,0x00000000c0009988,0x00000000c5300000)
 Metaspace       used 5722K, capacity 6704K, committed 6784K, reserved 1056768K
  class space    used 594K, capacity 616K, committed 640K, reserved 1048576K
}
Event: 2.121 GC heap before
{Heap before GC invocations=2 (full 0):
 PSYoungGen      total 36864K, used 36850K [0x00000000eab00000, 0x00000000ef300000, 0x0000000100000000)
  eden space 31744K, 100% used [0x00000000eab00000,0x00000000eca00000,0x00000000eca00000)
  from space 5120K, 99% used [0x00000000eca00000,0x00000000ecefc9b8,0x00000000ecf00000)
  to   space 5120K, 0% used [0x00000000eee00000,0x00000000eee00000,0x00000000ef300000)
 ParOldGen       total 84992K, used 38K [0x00000000c0000000, 0x00000000c5300000, 0x00000000eab00000)
  object space 84992K, 0% used [0x00000000c0000000,0x00000000c0009988,0x00000000c5300000)
 Metaspace       used 5859K, capacity 6832K, committed 7040K, reserved 1056768K
  class space    used 596K, capacity 616K, committed 640K, reserved 1048576K
Event: 2.181 GC heap after
Heap after GC invocations=2 (full 0):
 PSYoungGen      total 68608K, used 5102K [0x00000000eab00000, 0x00000000ef300000, 0x0000000100000000)
  eden space 63488K, 0% used [0x00000000eab00000,0x00000000eab00000,0x00000000ee900000)
  from space 5120K, 99% used [0x00000000eee00000,0x00000000ef2fbb48,0x00000000ef300000)
  to   space 5120K, 0% used [0x00000000ee900000,0x00000000ee900000,0x00000000eee00000)
 ParOldGen       total 84992K, used 3312K [0x00000000c0000000, 0x00000000c5300000, 0x00000000eab00000)
  object space 84992K, 3% used [0x00000000c0000000,0x00000000c033c258,0x00000000c5300000)
 Metaspace       used 5859K, capacity 6832K, committed 7040K, reserved 1056768K
  class space    used 596K, capacity 616K, committed 640K, reserved 1048576K
}
Event: 3.044 GC heap before
{Heap before GC invocations=3 (full 0):
 PSYoungGen      total 68608K, used 68590K [0x00000000eab00000, 0x00000000ef300000, 0x0000000100000000)
  eden space 63488K, 100% used [0x00000000eab00000,0x00000000ee900000,0x00000000ee900000)
  from space 5120K, 99% used [0x00000000eee00000,0x00000000ef2fbb48,0x00000000ef300000)
  to   space 5120K, 0% used [0x00000000ee900000,0x00000000ee900000,0x00000000eee00000)
 ParOldGen       total 84992K, used 3312K [0x00000000c0000000, 0x00000000c5300000, 0x00000000eab00000)
  object space 84992K, 3% used [0x00000000c0000000,0x00000000c033c258,0x00000000c5300000)
 Metaspace       used 5940K, capacity 6896K, committed 7040K, reserved 1056768K
  class space    used 598K, capacity 616K, committed 640K, reserved 1048576K
Event: 3.131 GC heap after
Heap after GC invocations=3 (full 0):
 PSYoungGen      total 68608K, used 5117K [0x00000000eab00000, 0x00000000f3100000, 0x0000000100000000)
  eden space 63488K, 0% used [0x00000000eab00000,0x00000000eab00000,0x00000000ee900000)
  from space 5120K, 99% used [0x00000000ee900000,0x00000000eedff7d8,0x00000000eee00000)
  to   space 5120K, 0% used [0x00000000f2c00000,0x00000000f2c00000,0x00000000f3100000)
 ParOldGen       total 84992K, used 12421K [0x00000000c0000000, 0x00000000c5300000, 0x00000000eab00000)
  object space 84992K, 14% used [0x00000000c0000000,0x00000000c0c21448,0x00000000c5300000)
 Metaspace       used 5940K, capacity 6896K, committed 7040K, reserved 1056768K
  class space    used 598K, capacity 616K, committed 640K, reserved 1048576K
}
Event: 3.736 GC heap before
{Heap before GC invocations=4 (full 0):
 PSYoungGen      total 68608K, used 68605K [0x00000000eab00000, 0x00000000f3100000, 0x0000000100000000)
  eden space 63488K, 100% used [0x00000000eab00000,0x00000000ee900000,0x00000000ee900000)
  from space 5120K, 99% used [0x00000000ee900000,0x00000000eedff7d8,0x00000000eee00000)
  to   space 5120K, 0% used [0x00000000f2c00000,0x00000000f2c00000,0x00000000f3100000)
 ParOldGen       total 84992K, used 12421K [0x00000000c0000000, 0x00000000c5300000, 0x00000000eab00000)
  object space 84992K, 14% used [0x00000000c0000000,0x00000000c0c21448,0x00000000c5300000)
 Metaspace       used 6029K, capacity 6960K, committed 7040K, reserved 1056768K
  class space    used 598K, capacity 616K, committed 640K, reserved 1048576K
Event: 3.839 GC heap after
Heap after GC invocations=4 (full 0):
 PSYoungGen      total 132096K, used 5092K [0x00000000eab00000, 0x00000000f3100000, 0x0000000100000000)
  eden space 126976K, 0% used [0x00000000eab00000,0x00000000eab00000,0x00000000f2700000)
  from space 5120K, 99% used [0x00000000f2c00000,0x00000000f30f9340,0x00000000f3100000)
  to   space 5120K, 0% used [0x00000000f2700000,0x00000000f2700000,0x00000000f2c00000)
 ParOldGen       total 84992K, used 21557K [0x00000000c0000000, 0x00000000c5300000, 0x00000000eab00000)
  object space 84992K, 25% used [0x00000000c0000000,0x00000000c150d768,0x00000000c5300000)
 Metaspace       used 6029K, capacity 6960K, committed 7040K, reserved 1056768K
  class space    used 598K, capacity 616K, committed 640K, reserved 1048576K
}
Event: 5.126 GC heap before
{Heap before GC invocations=5 (full 0):
 PSYoungGen      total 132096K, used 132068K [0x00000000eab00000, 0x00000000f3100000, 0x0000000100000000)
  eden space 126976K, 100% used [0x00000000eab00000,0x00000000f2700000,0x00000000f2700000)
  from space 5120K, 99% used [0x00000000f2c00000,0x00000000f30f9340,0x00000000f3100000)
  to   space 5120K, 0% used [0x00000000f2700000,0x00000000f2700000,0x00000000f2c00000)
 ParOldGen       total 84992K, used 21557K [0x00000000c0000000, 0x00000000c5300000, 0x00000000eab00000)
  object space 84992K, 25% used [0x00000000c0000000,0x00000000c150d768,0x00000000c5300000)
 Metaspace       used 6354K, capacity 7192K, committed 7424K, reserved 1056768K
  class space    used 618K, capacity 656K, committed 768K, reserved 1048576K

Deoptimization events (10 events):
Event: 2.337 Thread 0x00007f9d64159800 Uncommon trap: reason=null_check action=make_not_entrant pc=0x00007f9d552a88fc method=com.android.dx.ssa.SsaRenamer.getLocalForNewReg(I)Lcom/android/dx/rop/code/LocalItem; @ 19
Event: 2.404 Thread 0x00007f9d64158000 Uncommon trap: reason=bimorphic action=maybe_recompile pc=0x00007f9d55226aa0 method=java.util.HashMap.getNode(ILjava/lang/Object;)Ljava/util/HashMap$Node; @ 126
Event: 2.404 Thread 0x00007f9d64158000 Uncommon trap: reason=bimorphic action=maybe_recompile pc=0x00007f9d55226aa0 method=java.util.HashMap.getNode(ILjava/lang/Object;)Ljava/util/HashMap$Node; @ 126
Event: 2.404 Thread 0x00007f9d64158000 Uncommon trap: reason=bimorphic action=maybe_recompile pc=0x00007f9d55226aa0 method=java.util.HashMap.getNode(ILjava/lang/Object;)Ljava/util/HashMap$Node; @ 126
Event: 2.404 Thread 0x00007f9d64158000 Uncommon trap: reason=bimorphic action=maybe_recompile pc=0x00007f9d55226aa0 method=java.util.HashMap.getNode(ILjava/lang/Object;)Ljava/util/HashMap$Node; @ 126
Event: 3.278 Thread 0x00007f9d64159800 Uncommon trap: reason=unstable_if action=reinterpret pc=0x00007f9d553fcfb4 method=com.android.dx.ssa.SsaRenamer$BlockRenamer.visitMoveInsn(Lcom/android/dx/ssa/NormalSsaInsn;)V @ 104
Event: 4.760 Thread 0x00007f9d64159800 Uncommon trap: reason=unstable_if action=reinterpret pc=0x00007f9d5529ea8c method=java.util.HashMap.putVal(ILjava/lang/Object;Ljava/lang/Object;ZZ)Ljava/lang/Object; @ 162
Event: 4.777 Thread 0x00007f9d64159800 Uncommon trap: reason=unstable_if action=reinterpret pc=0x00007f9d555a7448 method=java.util.HashMap.getNode(ILjava/lang/Object;)Ljava/util/HashMap$Node; @ 84
Event: 4.816 Thread 0x00007f9d64159800 Uncommon trap: reason=unstable_if action=reinterpret pc=0x00007f9d554c3294 method=com.android.dx.ssa.SCCP.simulateStmt(Lcom/android/dx/ssa/SsaInsn;)V @ 53
Event: 4.818 Thread 0x00007f9d64159800 Uncommon trap: reason=unstable_if action=reinterpret pc=0x00007f9d5538ae14 method=java.util.HashMap.getNode(ILjava/lang/Object;)Ljava/util/HashMap$Node; @ 84

Internal exceptions (6 events):
Event: 0.151 Thread 0x00007f9d6400a000 Exception <a 'java/lang/NoSuchMethodError': Method sun.misc.Unsafe.defineClass(Ljava/lang/String;[BII)Ljava/lang/Class; name or signature does not match> (0x00000000eab07cc0) thrown at [/HUDSON/workspace/8-2-build-linux-amd64/jdk8u91/6644/hotspot/src/shar
Event: 0.151 Thread 0x00007f9d6400a000 Exception <a 'java/lang/NoSuchMethodError': Method sun.misc.Unsafe.prefetchRead(Ljava/lang/Object;J)V name or signature does not match> (0x00000000eab07fa8) thrown at [/HUDSON/workspace/8-2-build-linux-amd64/jdk8u91/6644/hotspot/src/share/vm/prims/jni.cpp
Event: 2.337 Thread 0x00007f9d64159800 Implicit null exception at 0x00007f9d552a6350 to 0x00007f9d552a88b5
Event: 4.765 Thread 0x00007f9d64159800 Exception <a 'java/lang/ArrayIndexOutOfBoundsException': 18> (0x00000000f0a30e88) thrown at [/HUDSON/workspace/8-2-build-linux-amd64/jdk8u91/6644/hotspot/src/share/vm/interpreter/interpreterRuntime.cpp, line 366]
Event: 4.765 Thread 0x00007f9d64159800 Exception <a 'java/lang/ArrayIndexOutOfBoundsException': 145> (0x00000000f0a32a08) thrown at [/HUDSON/workspace/8-2-build-linux-amd64/jdk8u91/6644/hotspot/src/share/vm/interpreter/interpreterRuntime.cpp, line 366]
Event: 4.766 Thread 0x00007f9d64159800 Exception <a 'java/lang/ArrayIndexOutOfBoundsException': 40> (0x00000000f0a33cf0) thrown at [/HUDSON/workspace/8-2-build-linux-amd64/jdk8u91/6644/hotspot/src/share/vm/interpreter/interpreterRuntime.cpp, line 366]

Events (10 events):
Event: 4.843 Thread 0x00007f9d64157000 DEOPT UNPACKING pc=0x00007f9d55047633 sp=0x00007f9d51557c60 mode 0
Event: 4.889 Thread 0x00007f9d64157000 DEOPT PACKING pc=0x00007f9d5535feeb sp=0x00007f9d51557f40
Event: 4.889 Thread 0x00007f9d64157000 DEOPT UNPACKING pc=0x00007f9d55047633 sp=0x00007f9d51557c80 mode 0
Event: 4.924 Thread 0x00007f9d64157000 DEOPT PACKING pc=0x00007f9d553beb68 sp=0x00007f9d51557ea0
Event: 4.924 Thread 0x00007f9d64157000 DEOPT UNPACKING pc=0x00007f9d55047633 sp=0x00007f9d51557cf0 mode 0
Event: 5.091 Thread 0x00007f9d64152800 DEOPT PACKING pc=0x00007f9d5536c7a8 sp=0x00007f9d51759bd0
Event: 5.091 Thread 0x00007f9d64152800 DEOPT UNPACKING pc=0x00007f9d55047633 sp=0x00007f9d51759928 mode 0
Event: 5.110 Thread 0x00007f9d64158000 DEOPT PACKING pc=0x00007f9d553419a8 sp=0x00007f9d51456ec0
Event: 5.110 Thread 0x00007f9d64158000 DEOPT UNPACKING pc=0x00007f9d55047633 sp=0x00007f9d51456c28 mode 0
Event: 5.110 Executing VM operation: ParallelGCFailedAllocation


Dynamic libraries:
00400000-00401000 r-xp 00000000 08:01 9839507                            /usr/lib/jvm/java-8-oracle/bin/java
00600000-00601000 rw-p 00000000 08:01 9839507                            /usr/lib/jvm/java-8-oracle/bin/java
010d7000-010f8000 rw-p 00000000 00:00 0                                  [heap]
c0000000-c5300000 rw-p 00000000 00:00 0 
c5300000-eab00000 ---p 00000000 00:00 0 
eab00000-f3100000 rw-p 00000000 00:00 0 
fd700000-100000000 ---p 00000000 00:00 0 
100000000-1000c0000 rw-p 00000000 00:00 0 
1000c0000-140000000 ---p 00000000 00:00 0 
7f9ce4000000-7f9ce4021000 rw-p 00000000 00:00 0 
7f9ce4021000-7f9ce8000000 ---p 00000000 00:00 0 
7f9cec000000-7f9cec023000 rw-p 00000000 00:00 0 
7f9cec023000-7f9cf0000000 ---p 00000000 00:00 0 
7f9cf0000000-7f9cf002f000 rw-p 00000000 00:00 0 
7f9cf002f000-7f9cf4000000 ---p 00000000 00:00 0 
7f9cf4000000-7f9cf4039000 rw-p 00000000 00:00 0 
7f9cf4039000-7f9cf8000000 ---p 00000000 00:00 0 
7f9cf8000000-7f9cf8021000 rw-p 00000000 00:00 0 
7f9cf8021000-7f9cfc000000 ---p 00000000 00:00 0 
7f9cfc000000-7f9cfc021000 rw-p 00000000 00:00 0 
7f9cfc021000-7f9d00000000 ---p 00000000 00:00 0 
7f9d00000000-7f9d00021000 rw-p 00000000 00:00 0 
7f9d00021000-7f9d04000000 ---p 00000000 00:00 0 
7f9d04000000-7f9d04c40000 rw-p 00000000 00:00 0 
7f9d04c40000-7f9d08000000 ---p 00000000 00:00 0 
7f9d08000000-7f9d08750000 rw-p 00000000 00:00 0 
7f9d08750000-7f9d0c000000 ---p 00000000 00:00 0 
7f9d0c000000-7f9d0ca2e000 rw-p 00000000 00:00 0 
7f9d0ca2e000-7f9d10000000 ---p 00000000 00:00 0 
7f9d10000000-7f9d1098a000 rw-p 00000000 00:00 0 
7f9d1098a000-7f9d14000000 ---p 00000000 00:00 0 
7f9d14000000-7f9d14021000 rw-p 00000000 00:00 0 
7f9d14021000-7f9d18000000 ---p 00000000 00:00 0 
7f9d18000000-7f9d18021000 rw-p 00000000 00:00 0 
7f9d18021000-7f9d1c000000 ---p 00000000 00:00 0 
7f9d1c000000-7f9d1c295000 rw-p 00000000 00:00 0 
7f9d1c295000-7f9d20000000 ---p 00000000 00:00 0 
7f9d20000000-7f9d20021000 rw-p 00000000 00:00 0 
7f9d20021000-7f9d24000000 ---p 00000000 00:00 0 
7f9d24000000-7f9d24021000 rw-p 00000000 00:00 0 
7f9d24021000-7f9d28000000 ---p 00000000 00:00 0 
7f9d28000000-7f9d28021000 rw-p 00000000 00:00 0 
7f9d28021000-7f9d2c000000 ---p 00000000 00:00 0 
7f9d2c000000-7f9d2c021000 rw-p 00000000 00:00 0 
7f9d2c021000-7f9d30000000 ---p 00000000 00:00 0 
7f9d34000000-7f9d34021000 rw-p 00000000 00:00 0 
7f9d34021000-7f9d38000000 ---p 00000000 00:00 0 
7f9d3c000000-7f9d3c021000 rw-p 00000000 00:00 0 
7f9d3c021000-7f9d40000000 ---p 00000000 00:00 0 
7f9d40000000-7f9d40021000 rw-p 00000000 00:00 0 
7f9d40021000-7f9d44000000 ---p 00000000 00:00 0 
7f9d44000000-7f9d44021000 rw-p 00000000 00:00 0 
7f9d44021000-7f9d48000000 ---p 00000000 00:00 0 
7f9d4c000000-7f9d4c021000 rw-p 00000000 00:00 0 
7f9d4c021000-7f9d50000000 ---p 00000000 00:00 0 
7f9d51257000-7f9d5125a000 ---p 00000000 00:00 0 
7f9d5125a000-7f9d51358000 rw-p 00000000 00:00 0 
7f9d51358000-7f9d5135b000 ---p 00000000 00:00 0 
7f9d5135b000-7f9d51459000 rw-p 00000000 00:00 0 
7f9d51459000-7f9d5145c000 ---p 00000000 00:00 0 
7f9d5145c000-7f9d5155a000 rw-p 00000000 00:00 0 
7f9d5155a000-7f9d5155d000 ---p 00000000 00:00 0 
7f9d5155d000-7f9d5165b000 rw-p 00000000 00:00 0 
7f9d5165b000-7f9d5165e000 ---p 00000000 00:00 0 
7f9d5165e000-7f9d5175c000 rw-p 00000000 00:00 0 
7f9d5175c000-7f9d51772000 r--s 000f1000 08:01 4356236                    /home/oguz/Masaüstü/memo/oguz/FomApplicationAndroid/app/build/intermediates/exploded-aar/com.android.support/support-v4/23.3.0/jars/classes.jar
7f9d51772000-7f9d51773000 ---p 00000000 00:00 0 
7f9d51773000-7f9d51873000 rw-p 00000000 00:00 0 
7f9d51873000-7f9d51876000 ---p 00000000 00:00 0 
7f9d51876000-7f9d51974000 rw-p 00000000 00:00 0 
7f9d51974000-7f9d51977000 ---p 00000000 00:00 0 
7f9d51977000-7f9d51a75000 rw-p 00000000 00:00 0 
7f9d51a75000-7f9d51a78000 ---p 00000000 00:00 0 
7f9d51a78000-7f9d51b76000 rw-p 00000000 00:00 0 
7f9d51b76000-7f9d51b79000 ---p 00000000 00:00 0 
7f9d51b79000-7f9d51c77000 rw-p 00000000 00:00 0 
7f9d51c77000-7f9d51c7a000 ---p 00000000 00:00 0 
7f9d51c7a000-7f9d51d78000 rw-p 00000000 00:00 0 
7f9d51d78000-7f9d51d7b000 ---p 00000000 00:00 0 
7f9d51d7b000-7f9d51e79000 rw-p 00000000 00:00 0 
7f9d51e79000-7f9d522b1000 r--p 00000000 08:01 9700768                    /usr/lib/locale/locale-archive
7f9d522b1000-7f9d522b4000 ---p 00000000 00:00 0 
7f9d522b4000-7f9d523b2000 rw-p 00000000 00:00 0 
7f9d523b2000-7f9d523b5000 ---p 00000000 00:00 0 
7f9d523b5000-7f9d524b3000 rw-p 00000000 00:00 0 
7f9d524b3000-7f9d524b4000 ---p 00000000 00:00 0 
7f9d524b4000-7f9d55000000 rw-p 00000000 00:00 0 
7f9d55000000-7f9d55670000 rwxp 00000000 00:00 0 
7f9d55670000-7f9d64000000 ---p 00000000 00:00 0 
7f9d64000000-7f9d64397000 rw-p 00000000 00:00 0 
7f9d64397000-7f9d68000000 ---p 00000000 00:00 0 
7f9d6800c000-7f9d6801b000 r--s 000df000 08:01 5246091                    /home/oguz/Android/Sdk/build-tools/23.0.3/lib/dx.jar
7f9d6801b000-7f9d69213000 rw-p 00000000 00:00 0 
7f9d69213000-7f9d693ec000 r--s 03d1f000 08:01 9967487                    /usr/lib/jvm/java-8-oracle/jre/lib/rt.jar
7f9d693ec000-7f9d69ae2000 rw-p 00000000 00:00 0 
7f9d69ae2000-7f9d69c62000 ---p 00000000 00:00 0 
7f9d69c62000-7f9d69e62000 rw-p 00000000 00:00 0 
7f9d69e62000-7f9d69e63000 ---p 00000000 00:00 0 
7f9d69e63000-7f9d69f63000 rw-p 00000000 00:00 0 
7f9d69f63000-7f9d69f64000 ---p 00000000 00:00 0 
7f9d69f64000-7f9d6a064000 rw-p 00000000 00:00 0 
7f9d6a064000-7f9d6a065000 ---p 00000000 00:00 0 
7f9d6a065000-7f9d6a165000 rw-p 00000000 00:00 0 
7f9d6a165000-7f9d6a166000 ---p 00000000 00:00 0 
7f9d6a166000-7f9d6a266000 rw-p 00000000 00:00 0 
7f9d6a266000-7f9d6a267000 ---p 00000000 00:00 0 
7f9d6a267000-7f9d6a367000 rw-p 00000000 00:00 0 
7f9d6a367000-7f9d6a368000 ---p 00000000 00:00 0 
7f9d6a368000-7f9d6a468000 rw-p 00000000 00:00 0 
7f9d6a468000-7f9d6a469000 ---p 00000000 00:00 0 
7f9d6a469000-7f9d6a569000 rw-p 00000000 00:00 0 
7f9d6a569000-7f9d6a56a000 ---p 00000000 00:00 0 
7f9d6a56a000-7f9d6a694000 rw-p 00000000 00:00 0 
7f9d6a694000-7f9d6a7c0000 ---p 00000000 00:00 0 
7f9d6a7c0000-7f9d6a7ea000 rw-p 00000000 00:00 0 
7f9d6a7ea000-7f9d6a915000 ---p 00000000 00:00 0 
7f9d6a915000-7f9d6a959000 rw-p 00000000 00:00 0 
7f9d6a959000-7f9d6a9c0000 ---p 00000000 00:00 0 
7f9d6a9c0000-7f9d6a9db000 rw-p 00000000 00:00 0 
7f9d6a9db000-7f9d6ad81000 ---p 00000000 00:00 0 
7f9d6ad81000-7f9d6ad9b000 r-xp 00000000 08:01 10092954                   /usr/lib/jvm/java-8-oracle/jre/lib/amd64/libzip.so
7f9d6ad9b000-7f9d6af9b000 ---p 0001a000 08:01 10092954                   /usr/lib/jvm/java-8-oracle/jre/lib/amd64/libzip.so
7f9d6af9b000-7f9d6af9c000 rw-p 0001a000 08:01 10092954                   /usr/lib/jvm/java-8-oracle/jre/lib/amd64/libzip.so
7f9d6af9c000-7f9d6afa7000 r-xp 00000000 08:01 7603299                    /lib/x86_64-linux-gnu/libnss_files-2.23.so
7f9d6afa7000-7f9d6b1a6000 ---p 0000b000 08:01 7603299                    /lib/x86_64-linux-gnu/libnss_files-2.23.so
7f9d6b1a6000-7f9d6b1a7000 r--p 0000a000 08:01 7603299                    /lib/x86_64-linux-gnu/libnss_files-2.23.so
7f9d6b1a7000-7f9d6b1a8000 rw-p 0000b000 08:01 7603299                    /lib/x86_64-linux-gnu/libnss_files-2.23.so
7f9d6b1a8000-7f9d6b1ae000 rw-p 00000000 00:00 0 
7f9d6b1ae000-7f9d6b1b9000 r-xp 00000000 08:01 7603296                    /lib/x86_64-linux-gnu/libnss_nis-2.23.so
7f9d6b1b9000-7f9d6b3b8000 ---p 0000b000 08:01 7603296                    /lib/x86_64-linux-gnu/libnss_nis-2.23.so
7f9d6b3b8000-7f9d6b3b9000 r--p 0000a000 08:01 7603296                    /lib/x86_64-linux-gnu/libnss_nis-2.23.so
7f9d6b3b9000-7f9d6b3ba000 rw-p 0000b000 08:01 7603296                    /lib/x86_64-linux-gnu/libnss_nis-2.23.so
7f9d6b3ba000-7f9d6b3d0000 r-xp 00000000 08:01 7603294                    /lib/x86_64-linux-gnu/libnsl-2.23.so
7f9d6b3d0000-7f9d6b5d0000 ---p 00016000 08:01 7603294                    /lib/x86_64-linux-gnu/libnsl-2.23.so
7f9d6b5d0000-7f9d6b5d1000 r--p 00016000 08:01 7603294                    /lib/x86_64-linux-gnu/libnsl-2.23.so
7f9d6b5d1000-7f9d6b5d2000 rw-p 00017000 08:01 7603294                    /lib/x86_64-linux-gnu/libnsl-2.23.so
7f9d6b5d2000-7f9d6b5d4000 rw-p 00000000 00:00 0 
7f9d6b5d4000-7f9d6b5dc000 r-xp 00000000 08:01 7603292                    /lib/x86_64-linux-gnu/libnss_compat-2.23.so
7f9d6b5dc000-7f9d6b7db000 ---p 00008000 08:01 7603292                    /lib/x86_64-linux-gnu/libnss_compat-2.23.so
7f9d6b7db000-7f9d6b7dc000 r--p 00007000 08:01 7603292                    /lib/x86_64-linux-gnu/libnss_compat-2.23.so
7f9d6b7dc000-7f9d6b7dd000 rw-p 00008000 08:01 7603292                    /lib/x86_64-linux-gnu/libnss_compat-2.23.so
7f9d6b7dd000-7f9d6b807000 r-xp 00000000 08:01 10092949                   /usr/lib/jvm/java-8-oracle/jre/lib/amd64/libjava.so
7f9d6b807000-7f9d6ba07000 ---p 0002a000 08:01 10092949                   /usr/lib/jvm/java-8-oracle/jre/lib/amd64/libjava.so
7f9d6ba07000-7f9d6ba09000 rw-p 0002a000 08:01 10092949                   /usr/lib/jvm/java-8-oracle/jre/lib/amd64/libjava.so
7f9d6ba09000-7f9d6ba16000 r-xp 00000000 08:01 10092953                   /usr/lib/jvm/java-8-oracle/jre/lib/amd64/libverify.so
7f9d6ba16000-7f9d6bc16000 ---p 0000d000 08:01 10092953                   /usr/lib/jvm/java-8-oracle/jre/lib/amd64/libverify.so
7f9d6bc16000-7f9d6bc18000 rw-p 0000d000 08:01 10092953                   /usr/lib/jvm/java-8-oracle/jre/lib/amd64/libverify.so
7f9d6bc18000-7f9d6bc1f000 r-xp 00000000 08:01 7603308                    /lib/x86_64-linux-gnu/librt-2.23.so
7f9d6bc1f000-7f9d6be1e000 ---p 00007000 08:01 7603308                    /lib/x86_64-linux-gnu/librt-2.23.so
7f9d6be1e000-7f9d6be1f000 r--p 00006000 08:01 7603308                    /lib/x86_64-linux-gnu/librt-2.23.so
7f9d6be1f000-7f9d6be20000 rw-p 00007000 08:01 7603308                    /lib/x86_64-linux-gnu/librt-2.23.so
7f9d6be20000-7f9d6bf28000 r-xp 00000000 08:01 7603305                    /lib/x86_64-linux-gnu/libm-2.23.so
7f9d6bf28000-7f9d6c127000 ---p 00108000 08:01 7603305                    /lib/x86_64-linux-gnu/libm-2.23.so
7f9d6c127000-7f9d6c128000 r--p 00107000 08:01 7603305                    /lib/x86_64-linux-gnu/libm-2.23.so
7f9d6c128000-7f9d6c129000 rw-p 00108000 08:01 7603305                    /lib/x86_64-linux-gnu/libm-2.23.so
7f9d6c129000-7f9d6cde9000 r-xp 00000000 08:01 10092932                   /usr/lib/jvm/java-8-oracle/jre/lib/amd64/server/libjvm.so
7f9d6cde9000-7f9d6cfe9000 ---p 00cc0000 08:01 10092932                   /usr/lib/jvm/java-8-oracle/jre/lib/amd64/server/libjvm.so
7f9d6cfe9000-7f9d6d0c1000 rw-p 00cc0000 08:01 10092932                   /usr/lib/jvm/java-8-oracle/jre/lib/amd64/server/libjvm.so
7f9d6d0c1000-7f9d6d10c000 rw-p 00000000 00:00 0 
7f9d6d10c000-7f9d6d2cc000 r-xp 00000000 08:01 7603313                    /lib/x86_64-linux-gnu/libc-2.23.so
7f9d6d2cc000-7f9d6d4cc000 ---p 001c0000 08:01 7603313                    /lib/x86_64-linux-gnu/libc-2.23.so
7f9d6d4cc000-7f9d6d4d0000 r--p 001c0000 08:01 7603313                    /lib/x86_64-linux-gnu/libc-2.23.so
7f9d6d4d0000-7f9d6d4d2000 rw-p 001c4000 08:01 7603313                    /lib/x86_64-linux-gnu/libc-2.23.so
7f9d6d4d2000-7f9d6d4d6000 rw-p 00000000 00:00 0 
7f9d6d4d6000-7f9d6d4d9000 r-xp 00000000 08:01 7603314                    /lib/x86_64-linux-gnu/libdl-2.23.so
7f9d6d4d9000-7f9d6d6d8000 ---p 00003000 08:01 7603314                    /lib/x86_64-linux-gnu/libdl-2.23.so
7f9d6d6d8000-7f9d6d6d9000 r--p 00002000 08:01 7603314                    /lib/x86_64-linux-gnu/libdl-2.23.so
7f9d6d6d9000-7f9d6d6da000 rw-p 00003000 08:01 7603314                    /lib/x86_64-linux-gnu/libdl-2.23.so
7f9d6d6da000-7f9d6d6ef000 r-xp 00000000 08:01 9840182                    /usr/lib/jvm/java-8-oracle/lib/amd64/jli/libjli.so
7f9d6d6ef000-7f9d6d8ef000 ---p 00015000 08:01 9840182                    /usr/lib/jvm/java-8-oracle/lib/amd64/jli/libjli.so
7f9d6d8ef000-7f9d6d8f0000 rw-p 00015000 08:01 9840182                    /usr/lib/jvm/java-8-oracle/lib/amd64/jli/libjli.so
7f9d6d8f0000-7f9d6d908000 r-xp 00000000 08:01 7603312                    /lib/x86_64-linux-gnu/libpthread-2.23.so
7f9d6d908000-7f9d6db07000 ---p 00018000 08:01 7603312                    /lib/x86_64-linux-gnu/libpthread-2.23.so
7f9d6db07000-7f9d6db08000 r--p 00017000 08:01 7603312                    /lib/x86_64-linux-gnu/libpthread-2.23.so
7f9d6db08000-7f9d6db09000 rw-p 00018000 08:01 7603312                    /lib/x86_64-linux-gnu/libpthread-2.23.so
7f9d6db09000-7f9d6db0d000 rw-p 00000000 00:00 0 
7f9d6db0d000-7f9d6db33000 r-xp 00000000 08:01 7603309                    /lib/x86_64-linux-gnu/ld-2.23.so
7f9d6db39000-7f9d6dc0b000 rw-p 00000000 00:00 0 
7f9d6dc0b000-7f9d6dc0e000 ---p 00000000 00:00 0 
7f9d6dc0e000-7f9d6dd10000 rw-p 00000000 00:00 0 
7f9d6dd12000-7f9d6dd26000 rw-p 00000000 00:00 0 
7f9d6dd26000-7f9d6dd2e000 rw-s 00000000 08:01 133484                     /tmp/hsperfdata_oguz/12814
7f9d6dd2e000-7f9d6dd2f000 rw-p 00000000 00:00 0 
7f9d6dd2f000-7f9d6dd30000 ---p 00000000 00:00 0 
7f9d6dd30000-7f9d6dd32000 rw-p 00000000 00:00 0 
7f9d6dd32000-7f9d6dd33000 r--p 00025000 08:01 7603309                    /lib/x86_64-linux-gnu/ld-2.23.so
7f9d6dd33000-7f9d6dd34000 rw-p 00026000 08:01 7603309                    /lib/x86_64-linux-gnu/ld-2.23.so
7f9d6dd34000-7f9d6dd35000 rw-p 00000000 00:00 0 
7fff124ed000-7fff1250e000 rw-p 00000000 00:00 0                          [stack]
7fff1254c000-7fff1254e000 r--p 00000000 00:00 0                          [vvar]
7fff1254e000-7fff12550000 r-xp 00000000 00:00 0                          [vdso]
ffffffffff600000-ffffffffff601000 r-xp 00000000 00:00 0                  [vsyscall]

VM Arguments:
jvm_args: -Djava.awt.headless=true -Xmx1024M -Dfile.encoding=UTF-8 -Duser.country=TR -Duser.language=tr -Duser.variant 
java_command: com.android.dx.command.Main --dex --num-threads=4 --output /home/oguz/Masaüstü/memo/oguz/FomApplicationAndroid/app/build/intermediates/pre-dexed/debug/com.android.support-support-v4-23.3.0_5ec19ab3f55b9644c8d770858bcb54132389e9ac.jar /home/oguz/Masaüstü/memo/oguz/FomApplicationAndroid/app/build/intermediates/exploded-aar/com.android.support/support-v4/23.3.0/jars/classes.jar
java_class_path (initial): /home/oguz/Android/Sdk/build-tools/23.0.3/lib/dx.jar
Launcher Type: SUN_STANDARD

Environment Variables:
PATH=/usr/local/sbin:/usr/local/bin:/usr/sbin:/usr/bin:/sbin:/bin:/usr/games:/usr/local/games:/snap/bin
LD_LIBRARY_PATH=/home/oguz/Masaüstü/Derleyiciler/android-studio/bin:
SHELL=/bin/bash
DISPLAY=:0

Signal Handlers:
SIGSEGV: [libjvm.so+0xabca10], sa_mask[0]=11111111011111111101111111111110, sa_flags=SA_RESTART|SA_SIGINFO
SIGBUS: [libjvm.so+0xabca10], sa_mask[0]=11111111011111111101111111111110, sa_flags=SA_RESTART|SA_SIGINFO
SIGFPE: [libjvm.so+0x919a20], sa_mask[0]=11111111011111111101111111111110, sa_flags=SA_RESTART|SA_SIGINFO
SIGPIPE: [libjvm.so+0x919a20], sa_mask[0]=11111111011111111101111111111110, sa_flags=SA_RESTART|SA_SIGINFO
SIGXFSZ: [libjvm.so+0x919a20], sa_mask[0]=11111111011111111101111111111110, sa_flags=SA_RESTART|SA_SIGINFO
SIGILL: [libjvm.so+0x919a20], sa_mask[0]=11111111011111111101111111111110, sa_flags=SA_RESTART|SA_SIGINFO
SIGUSR1: SIG_DFL, sa_mask[0]=00000000000000000000000000000000, sa_flags=none
SIGUSR2: [libjvm.so+0x91b050], sa_mask[0]=00100000000000000000000000000000, sa_flags=SA_RESTART|SA_SIGINFO
SIGHUP: [libjvm.so+0x91c450], sa_mask[0]=11111111011111111101111111111110, sa_flags=SA_RESTART|SA_SIGINFO
SIGINT: [libjvm.so+0x91c450], sa_mask[0]=11111111011111111101111111111110, sa_flags=SA_RESTART|SA_SIGINFO
SIGTERM: [libjvm.so+0x91c450], sa_mask[0]=11111111011111111101111111111110, sa_flags=SA_RESTART|SA_SIGINFO
SIGQUIT: [libjvm.so+0x91c450], sa_mask[0]=11111111011111111101111111111110, sa_flags=SA_RESTART|SA_SIGINFO


---------------  S Y S T E M  ---------------

OS:DISTRIB_ID=Ubuntu
DISTRIB_RELEASE=16.04
DISTRIB_CODENAME=xenial
DISTRIB_DESCRIPTION="Ubuntu Xenial Xerus (development branch)"

uname:Linux 4.4.0-22-generic #39-Ubuntu SMP Thu May 5 16:53:32 UTC 2016 x86_64
libc:glibc 2.23 NPTL 2.23 
rlimit: STACK 8192k, CORE 0k, NPROC 31498, NOFILE 65536, AS infinity
load average:7.12 2.62 2.02

/proc/meminfo:
MemTotal:        8101800 kB
MemFree:           59304 kB
MemAvailable:     177500 kB
Buffers:            3548 kB
Cached:           575400 kB
SwapCached:            0 kB
Active:          7304832 kB
Inactive:         483532 kB
Active(anon):    7250740 kB
Inactive(anon):   434764 kB
Active(file):      54092 kB
Inactive(file):    48768 kB
Unevictable:          92 kB
Mlocked:              92 kB
SwapTotal:             0 kB
SwapFree:              0 kB
Dirty:               444 kB
Writeback:             0 kB
AnonPages:       7210716 kB
Mapped:           275964 kB
Shmem:            474648 kB
Slab:             111156 kB
SReclaimable:      57708 kB
SUnreclaim:        53448 kB
KernelStack:       19440 kB
PageTables:        61888 kB
NFS_Unstable:          0 kB
Bounce:                0 kB
WritebackTmp:          0 kB
CommitLimit:     4050900 kB
Committed_AS:   14184412 kB
VmallocTotal:   34359738367 kB
VmallocUsed:           0 kB
VmallocChunk:          0 kB
HardwareCorrupted:     0 kB
AnonHugePages:   2758656 kB
CmaTotal:              0 kB
CmaFree:               0 kB
HugePages_Total:       0
HugePages_Free:        0
HugePages_Rsvd:        0
HugePages_Surp:        0
Hugepagesize:       2048 kB
DirectMap4k:      164608 kB
DirectMap2M:     7102464 kB
DirectMap1G:     2097152 kB


CPU:total 8 (4 cores per cpu, 2 threads per core) family 6 model 60 stepping 3, cmov, cx8, fxsr, mmx, sse, sse2, sse3, ssse3, sse4.1, sse4.2, popcnt, avx, avx2, aes, clmul, erms, lzcnt, ht, tsc, tscinvbit, bmi1, bmi2

/proc/cpuinfo:
processor	: 0
vendor_id	: GenuineIntel
cpu family	: 6
model		: 60
model name	: Intel(R) Core(TM) i7-4700MQ CPU @ 2.40GHz
stepping	: 3
microcode	: 0x16
cpu MHz		: 2688.000
cache size	: 6144 KB
physical id	: 0
siblings	: 8
core id		: 0
cpu cores	: 4
apicid		: 0
initial apicid	: 0
fpu		: yes
fpu_exception	: yes
cpuid level	: 13
wp		: yes
flags		: fpu vme de pse tsc msr pae mce cx8 apic sep mtrr pge mca cmov pat pse36 clflush dts acpi mmx fxsr sse sse2 ss ht tm pbe syscall nx pdpe1gb rdtscp lm constant_tsc arch_perfmon pebs bts rep_good nopl xtopology nonstop_tsc aperfmperf eagerfpu pni pclmulqdq dtes64 monitor ds_cpl vmx est tm2 ssse3 sdbg fma cx16 xtpr pdcm pcid sse4_1 sse4_2 movbe popcnt tsc_deadline_timer aes xsave avx f16c rdrand lahf_lm abm epb tpr_shadow vnmi flexpriority ept vpid fsgsbase tsc_adjust bmi1 avx2 smep bmi2 erms invpcid xsaveopt dtherm ida arat pln pts
bugs		:
bogomips	: 4789.37
clflush size	: 64
cache_alignment	: 64
address sizes	: 39 bits physical, 48 bits virtual
power management:

processor	: 1
vendor_id	: GenuineIntel
cpu family	: 6
model		: 60
model name	: Intel(R) Core(TM) i7-4700MQ CPU @ 2.40GHz
stepping	: 3
microcode	: 0x16
cpu MHz		: 2688.093
cache size	: 6144 KB
physical id	: 0
siblings	: 8
core id		: 0
cpu cores	: 4
apicid		: 1
initial apicid	: 1
fpu		: yes
fpu_exception	: yes
cpuid level	: 13
wp		: yes
flags		: fpu vme de pse tsc msr pae mce cx8 apic sep mtrr pge mca cmov pat pse36 clflush dts acpi mmx fxsr sse sse2 ss ht tm pbe syscall nx pdpe1gb rdtscp lm constant_tsc arch_perfmon pebs bts rep_good nopl xtopology nonstop_tsc aperfmperf eagerfpu pni pclmulqdq dtes64 monitor ds_cpl vmx est tm2 ssse3 sdbg fma cx16 xtpr pdcm pcid sse4_1 sse4_2 movbe popcnt tsc_deadline_timer aes xsave avx f16c rdrand lahf_lm abm epb tpr_shadow vnmi flexpriority ept vpid fsgsbase tsc_adjust bmi1 avx2 smep bmi2 erms invpcid xsaveopt dtherm ida arat pln pts
bugs		:
bogomips	: 4789.37
clflush size	: 64
cache_alignment	: 64
address sizes	: 39 bits physical, 48 bits virtual
power management:

processor	: 2
vendor_id	: GenuineIntel
cpu family	: 6
model		: 60
model name	: Intel(R) Core(TM) i7-4700MQ CPU @ 2.40GHz
stepping	: 3
microcode	: 0x16
cpu MHz		: 2865.375
cache size	: 6144 KB
physical id	: 0
siblings	: 8
core id		: 1
cpu cores	: 4
apicid		: 2
initial apicid	: 2
fpu		: yes
fpu_exception	: yes
cpuid level	: 13
wp		: yes
flags		: fpu vme de pse tsc msr pae mce cx8 apic sep mtrr pge mca cmov pat pse36 clflush dts acpi mmx fxsr sse sse2 ss ht tm pbe syscall nx pdpe1gb rdtscp lm constant_tsc arch_perfmon pebs bts rep_good nopl xtopology nonstop_tsc aperfmperf eagerfpu pni pclmulqdq dtes64 monitor ds_cpl vmx est tm2 ssse3 sdbg fma cx16 xtpr pdcm pcid sse4_1 sse4_2 movbe popcnt tsc_deadline_timer aes xsave avx f16c rdrand lahf_lm abm epb tpr_shadow vnmi flexpriority ept vpid fsgsbase tsc_adjust bmi1 avx2 smep bmi2 erms invpcid xsaveopt dtherm ida arat pln pts
bugs		:
bogomips	: 4789.37
clflush size	: 64
cache_alignment	: 64
address sizes	: 39 bits physical, 48 bits virtual
power management:

processor	: 3
vendor_id	: GenuineIntel
cpu family	: 6
model		: 60
model name	: Intel(R) Core(TM) i7-4700MQ CPU @ 2.40GHz
stepping	: 3
microcode	: 0x16
cpu MHz		: 2688.093
cache size	: 6144 KB
physical id	: 0
siblings	: 8
core id		: 1
cpu cores	: 4
apicid		: 3
initial apicid	: 3
fpu		: yes
fpu_exception	: yes
cpuid level	: 13
wp		: yes
flags		: fpu vme de pse tsc msr pae mce cx8 apic sep mtrr pge mca cmov pat pse36 clflush dts acpi mmx fxsr sse sse2 ss ht tm pbe syscall nx pdpe1gb rdtscp lm constant_tsc arch_perfmon pebs bts rep_good nopl xtopology nonstop_tsc aperfmperf eagerfpu pni pclmulqdq dtes64 monitor ds_cpl vmx est tm2 ssse3 sdbg fma cx16 xtpr pdcm pcid sse4_1 sse4_2 movbe popcnt tsc_deadline_timer aes xsave avx f16c rdrand lahf_lm abm epb tpr_shadow vnmi flexpriority ept vpid fsgsbase tsc_adjust bmi1 avx2 smep bmi2 erms invpcid xsaveopt dtherm ida arat pln pts
bugs		:
bogomips	: 4789.37
clflush size	: 64
cache_alignment	: 64
address sizes	: 39 bits physical, 48 bits virtual
power management:

processor	: 4
vendor_id	: GenuineIntel
cpu family	: 6
model		: 60
model name	: Intel(R) Core(TM) i7-4700MQ CPU @ 2.40GHz
stepping	: 3
microcode	: 0x16
cpu MHz		: 2865.375
cache size	: 6144 KB
physical id	: 0
siblings	: 8
core id		: 2
cpu cores	: 4
apicid		: 4
initial apicid	: 4
fpu		: yes
fpu_exception	: yes
cpuid level	: 13
wp		: yes
flags		: fpu vme de pse tsc msr pae mce cx8 apic sep mtrr pge mca cmov pat pse36 clflush dts acpi mmx fxsr sse sse2 ss ht tm pbe syscall nx pdpe1gb rdtscp lm constant_tsc arch_perfmon pebs bts rep_good nopl xtopology nonstop_tsc aperfmperf eagerfpu pni pclmulqdq dtes64 monitor ds_cpl vmx est tm2 ssse3 sdbg fma cx16 xtpr pdcm pcid sse4_1 sse4_2 movbe popcnt tsc_deadline_timer aes xsave avx f16c rdrand lahf_lm abm epb tpr_shadow vnmi flexpriority ept vpid fsgsbase tsc_adjust bmi1 avx2 smep bmi2 erms invpcid xsaveopt dtherm ida arat pln pts
bugs		:
bogomips	: 4789.37
clflush size	: 64
cache_alignment	: 64
address sizes	: 39 bits physical, 48 bits virtual
power management:

processor	: 5
vendor_id	: GenuineIntel
cpu family	: 6
model		: 60
model name	: Intel(R) Core(TM) i7-4700MQ CPU @ 2.40GHz
stepping	: 3
microcode	: 0x16
cpu MHz		: 2688.000
cache size	: 6144 KB
physical id	: 0
siblings	: 8
core id		: 2
cpu cores	: 4
apicid		: 5
initial apicid	: 5
fpu		: yes
fpu_exception	: yes
cpuid level	: 13
wp		: yes
flags		: fpu vme de pse tsc msr pae mce cx8 apic sep mtrr pge mca cmov pat pse36 clflush dts acpi mmx fxsr sse sse2 ss ht tm pbe syscall nx pdpe1gb rdtscp lm constant_tsc arch_perfmon pebs bts rep_good nopl xtopology nonstop_tsc aperfmperf eagerfpu pni pclmulqdq dtes64 monitor ds_cpl vmx est tm2 ssse3 sdbg fma cx16 xtpr pdcm pcid sse4_1 sse4_2 movbe popcnt tsc_deadline_timer aes xsave avx f16c rdrand lahf_lm abm epb tpr_shadow vnmi flexpriority ept vpid fsgsbase tsc_adjust bmi1 avx2 smep bmi2 erms invpcid xsaveopt dtherm ida arat pln pts
bugs		:
bogomips	: 4789.37
clflush size	: 64
cache_alignment	: 64
address sizes	: 39 bits physical, 48 bits virtual
power management:

processor	: 6
vendor_id	: GenuineIntel
cpu family	: 6
model		: 60
model name	: Intel(R) Core(TM) i7-4700MQ CPU @ 2.40GHz
stepping	: 3
microcode	: 0x16
cpu MHz		: 2865.375
cache size	: 6144 KB
physical id	: 0
siblings	: 8
core id		: 3
cpu cores	: 4
apicid		: 6
initial apicid	: 6
fpu		: yes
fpu_exception	: yes
cpuid level	: 13
wp		: yes
flags		: fpu vme de pse tsc msr pae mce cx8 apic sep mtrr pge mca cmov pat pse36 clflush dts acpi mmx fxsr sse sse2 ss ht tm pbe syscall nx pdpe1gb rdtscp lm constant_tsc arch_perfmon pebs bts rep_good nopl xtopology nonstop_tsc aperfmperf eagerfpu pni pclmulqdq dtes64 monitor ds_cpl vmx est tm2 ssse3 sdbg fma cx16 xtpr pdcm pcid sse4_1 sse4_2 movbe popcnt tsc_deadline_timer aes xsave avx f16c rdrand lahf_lm abm epb tpr_shadow vnmi flexpriority ept vpid fsgsbase tsc_adjust bmi1 avx2 smep bmi2 erms invpcid xsaveopt dtherm ida arat pln pts
bugs		:
bogomips	: 4789.37
clflush size	: 64
cache_alignment	: 64
address sizes	: 39 bits physical, 48 bits virtual
power management:

processor	: 7
vendor_id	: GenuineIntel
cpu family	: 6
model		: 60
model name	: Intel(R) Core(TM) i7-4700MQ CPU @ 2.40GHz
stepping	: 3
microcode	: 0x16
cpu MHz		: 2865.281
cache size	: 6144 KB
physical id	: 0
siblings	: 8
core id		: 3
cpu cores	: 4
apicid		: 7
initial apicid	: 7
fpu		: yes
fpu_exception	: yes
cpuid level	: 13
wp		: yes
flags		: fpu vme de pse tsc msr pae mce cx8 apic sep mtrr pge mca cmov pat pse36 clflush dts acpi mmx fxsr sse sse2 ss ht tm pbe syscall nx pdpe1gb rdtscp lm constant_tsc arch_perfmon pebs bts rep_good nopl xtopology nonstop_tsc aperfmperf eagerfpu pni pclmulqdq dtes64 monitor ds_cpl vmx est tm2 ssse3 sdbg fma cx16 xtpr pdcm pcid sse4_1 sse4_2 movbe popcnt tsc_deadline_timer aes xsave avx f16c rdrand lahf_lm abm epb tpr_shadow vnmi flexpriority ept vpid fsgsbase tsc_adjust bmi1 avx2 smep bmi2 erms invpcid xsaveopt dtherm ida arat pln pts
bugs		:
bogomips	: 4789.37
clflush size	: 64
cache_alignment	: 64
address sizes	: 39 bits physical, 48 bits virtual
power management:



Memory: 4k page, physical 8101800k(59304k free), swap 0k(0k free)

vm_info: Java HotSpot(TM) 64-Bit Server VM (25.91-b14) for linux-amd64 JRE (1.8.0_91-b14), built on Apr  1 2016 00:57:21 by "java_re" with gcc 4.3.0 20080428 (Red Hat 4.3.0-8)

time: Sat Aug 13 15:14:51 2016
elapsed time: 5 seconds (0d 0h 0m 5s)

