#
# There is insufficient memory for the Java Runtime Environment to continue.
# Native memory allocation (mmap) failed to map 170917888 bytes for committing reserved memory.
# Possible reasons:
#   The system is out of physical RAM or swap space
#   In 32 bit mode, the process size limit was hit
# Possible solutions:
#   Reduce memory load on the system
#   Increase physical memory or swap space
#   Check if swap backing store is full
#   Use 64 bit Java on a 64 bit OS
#   Decrease Java heap size (-Xmx/-Xms)
#   Decrease number of Java threads
#   Decrease Java thread stack sizes (-Xss)
#   Set larger code cache with -XX:ReservedCodeCacheSize=
# This output file may be truncated or incomplete.
#
#  Out of Memory Error (os_linux.cpp:2627), pid=21605, tid=140034599327488
#
# JRE version: Java(TM) SE Runtime Environment (8.0_91-b14) (build 1.8.0_91-b14)
# Java VM: Java HotSpot(TM) 64-Bit Server VM (25.91-b14 mixed mode linux-amd64 compressed oops)
# Failed to write core dump. Core dumps have been disabled. To enable core dumping, try "ulimit -c unlimited" before starting Java again
#

---------------  T H R E A D  ---------------

Current thread (0x00007f5c6c080000):  VMThread [stack: 0x00007f5c587c9000,0x00007f5c588ca000] [id=21621]

Stack: [0x00007f5c587c9000,0x00007f5c588ca000],  sp=0x00007f5c588c80a0,  free space=1020k
Native frames: (J=compiled Java code, j=interpreted, Vv=VM code, C=native code)
V  [libjvm.so+0xabc18a]  VMError::report_and_die()+0x2ba
V  [libjvm.so+0x4fafeb]  report_vm_out_of_memory(char const*, int, unsigned long, VMErrorType, char const*)+0x8b
V  [libjvm.so+0x91cbb3]  os::Linux::commit_memory_impl(char*, unsigned long, bool)+0x103
V  [libjvm.so+0x91d109]  os::pd_commit_memory(char*, unsigned long, unsigned long, bool)+0x29
V  [libjvm.so+0x91740a]  os::commit_memory(char*, unsigned long, unsigned long, bool)+0x2a
V  [libjvm.so+0x98b033]  PSVirtualSpace::expand_by(unsigned long)+0x53
V  [libjvm.so+0x98c438]  PSYoungGen::resize_generation(unsigned long, unsigned long)+0xf8
V  [libjvm.so+0x98b592]  PSYoungGen::resize(unsigned long, unsigned long)+0x22
V  [libjvm.so+0x98886b]  PSScavenge::invoke_no_policy()+0xf3b
V  [libjvm.so+0x988ff1]  PSScavenge::invoke()+0x41
V  [libjvm.so+0x9408b0]  ParallelScavengeHeap::failed_mem_allocate(unsigned long)+0x70
V  [libjvm.so+0xabdba7]  VM_ParallelGCFailedAllocation::doit()+0x97
V  [libjvm.so+0xac55d5]  VM_Operation::evaluate()+0x55
V  [libjvm.so+0xac39aa]  VMThread::evaluate_operation(VM_Operation*)+0xba
V  [libjvm.so+0xac3d2e]  VMThread::loop()+0x1ce
V  [libjvm.so+0xac41a0]  VMThread::run()+0x70
V  [libjvm.so+0x91ef78]  java_start(Thread*)+0x108

VM_Operation (0x00007f5c2b9f7a20): ParallelGCFailedAllocation, mode: safepoint, requested by thread 0x00007f5c6c15b800


---------------  P R O C E S S  ---------------

Java Threads: ( => current thread )
  0x00007f5c6c162800 JavaThread "pool-2-thread-4" [_thread_blocked, id=21663, stack(0x00007f5c2b4f5000,0x00007f5c2b5f6000)]
  0x00007f5c6c161000 JavaThread "pool-2-thread-3" [_thread_blocked, id=21662, stack(0x00007f5c2b5f6000,0x00007f5c2b6f7000)]
  0x00007f5c6c160000 JavaThread "pool-2-thread-2" [_thread_blocked, id=21661, stack(0x00007f5c2b6f7000,0x00007f5c2b7f8000)]
  0x00007f5c6c15e000 JavaThread "pool-3-thread-1" [_thread_blocked, id=21660, stack(0x00007f5c2b7f8000,0x00007f5c2b8f9000)]
  0x00007f5c6c15b800 JavaThread "pool-2-thread-1" [_thread_blocked, id=21659, stack(0x00007f5c2b8f9000,0x00007f5c2b9fa000)]
  0x00007f5c6c0ca800 JavaThread "Service Thread" daemon [_thread_blocked, id=21636, stack(0x00007f5c2bafb000,0x00007f5c2bbfc000)]
  0x00007f5c6c0c7800 JavaThread "C1 CompilerThread3" daemon [_thread_blocked, id=21634, stack(0x00007f5c2bbfc000,0x00007f5c2bcfd000)]
  0x00007f5c6c0c5800 JavaThread "C2 CompilerThread2" daemon [_thread_in_native, id=21631, stack(0x00007f5c2bcfd000,0x00007f5c2bdfe000)]
  0x00007f5c6c0c4000 JavaThread "C2 CompilerThread1" daemon [_thread_blocked, id=21630, stack(0x00007f5c2bdfe000,0x00007f5c2beff000)]
  0x00007f5c6c0c1000 JavaThread "C2 CompilerThread0" daemon [_thread_in_native, id=21629, stack(0x00007f5c2beff000,0x00007f5c2c000000)]
  0x00007f5c6c0bf800 JavaThread "Signal Dispatcher" daemon [_thread_blocked, id=21628, stack(0x00007f5c5808e000,0x00007f5c5818f000)]
  0x00007f5c6c08c800 JavaThread "Finalizer" daemon [_thread_blocked, id=21625, stack(0x00007f5c585c7000,0x00007f5c586c8000)]
  0x00007f5c6c087800 JavaThread "Reference Handler" daemon [_thread_blocked, id=21624, stack(0x00007f5c586c8000,0x00007f5c587c9000)]
  0x00007f5c6c00a000 JavaThread "main" [_thread_blocked, id=21606, stack(0x00007f5c73f11000,0x00007f5c74012000)]

Other Threads:
=>0x00007f5c6c080000 VMThread [stack: 0x00007f5c587c9000,0x00007f5c588ca000] [id=21621]
  0x00007f5c6c0cd800 WatcherThread [stack: 0x00007f5c2b9fa000,0x00007f5c2bafb000] [id=21640]

VM state:at safepoint (normal execution)

VM Mutex/Monitor currently owned by a thread:  ([mutex/lock_event])
[0x00007f5c6c006570] Threads_lock - owner thread: 0x00007f5c6c080000
[0x00007f5c6c006a70] Heap_lock - owner thread: 0x00007f5c6c15b800

Heap:
 PSYoungGen      total 132096K, used 5092K [0x00000000eab00000, 0x00000000f3100000, 0x0000000100000000)
  eden space 126976K, 0% used [0x00000000eab00000,0x00000000eab00000,0x00000000f2700000)
  from space 5120K, 99% used [0x00000000f2700000,0x00000000f2bf93f8,0x00000000f2c00000)
  to   space 5120K, 0% used [0x00000000f2c00000,0x00000000f2c00000,0x00000000f3100000)
 ParOldGen       total 84992K, used 41399K [0x00000000c0000000, 0x00000000c5300000, 0x00000000eab00000)
  object space 84992K, 48% used [0x00000000c0000000,0x00000000c286df20,0x00000000c5300000)
 Metaspace       used 6365K, capacity 7192K, committed 7424K, reserved 1056768K
  class space    used 617K, capacity 656K, committed 768K, reserved 1048576K

Card table byte_map: [0x00007f5c70ac6000,0x00007f5c70cc7000] byte_map_base: 0x00007f5c704c6000

Marking Bits: (ParMarkBitMap*) 0x00007f5c733e5d60
 Begin Bits: [0x00007f5c5b000000, 0x00007f5c5c000000)
 End Bits:   [0x00007f5c5c000000, 0x00007f5c5d000000)

Polling page: 0x00007f5c74035000

CodeCache: size=245760Kb used=6936Kb max_used=6936Kb free=238823Kb
 bounds [0x00007f5c5d000000, 0x00007f5c5d6d0000, 0x00007f5c6c000000]
 total_blobs=2120 nmethods=1852 adapters=182
 compilation: enabled

Compilation events (10 events):
Event: 6,887 Thread 0x00007f5c6c0c7800 2058       2       com.android.dx.rop.annotation.Annotations::getAnnotations (11 bytes)
Event: 6,887 Thread 0x00007f5c6c0c7800 nmethod 2058 0x00007f5c5d6c8bd0 code [0x00007f5c5d6c8d40, 0x00007f5c5d6c9048]
Event: 6,900 Thread 0x00007f5c6c0c7800 2059 %     3       com.android.dx.ssa.SsaRenamer::<init> @ 65 (100 bytes)
Event: 6,901 Thread 0x00007f5c6c0c7800 nmethod 2059% 0x00007f5c5d6c9210 code [0x00007f5c5d6c9400, 0x00007f5c5d6c9fa8]
Event: 6,920 Thread 0x00007f5c6c0c7800 2060   !   2       com.android.dx.dex.file.UniformListItem::getAlignment (40 bytes)
Event: 6,921 Thread 0x00007f5c6c0c7800 nmethod 2060 0x00007f5c5d6ca4d0 code [0x00007f5c5d6ca660, 0x00007f5c5d6ca988]
Event: 6,921 Thread 0x00007f5c6c0c7800 2061       2       com.android.dx.cf.iface.StdField::getConstantValue (28 bytes)
Event: 6,921 Thread 0x00007f5c6c0c7800 nmethod 2061 0x00007f5c5d6cab90 code [0x00007f5c5d6cad00, 0x00007f5c5d6caf08]
Event: 6,921 Thread 0x00007f5c6c0c7800 2062       2       com.android.dx.dex.file.ClassDefItem::addStaticField (10 bytes)
Event: 6,921 Thread 0x00007f5c6c0c7800 nmethod 2062 0x00007f5c5d6cb050 code [0x00007f5c5d6cb1c0, 0x00007f5c5d6cb328]

GC Heap History (9 events):
Event: 1,399 GC heap before
{Heap before GC invocations=1 (full 0):
 PSYoungGen      total 36864K, used 31744K [0x00000000eab00000, 0x00000000ed400000, 0x0000000100000000)
  eden space 31744K, 100% used [0x00000000eab00000,0x00000000eca00000,0x00000000eca00000)
  from space 5120K, 0% used [0x00000000ecf00000,0x00000000ecf00000,0x00000000ed400000)
  to   space 5120K, 0% used [0x00000000eca00000,0x00000000eca00000,0x00000000ecf00000)
 ParOldGen       total 84992K, used 0K [0x00000000c0000000, 0x00000000c5300000, 0x00000000eab00000)
  object space 84992K, 0% used [0x00000000c0000000,0x00000000c0000000,0x00000000c5300000)
 Metaspace       used 5808K, capacity 6768K, committed 7040K, reserved 1056768K
  class space    used 596K, capacity 616K, committed 640K, reserved 1048576K
Event: 1,438 GC heap after
Heap after GC invocations=1 (full 0):
 PSYoungGen      total 36864K, used 5108K [0x00000000eab00000, 0x00000000ef300000, 0x0000000100000000)
  eden space 31744K, 0% used [0x00000000eab00000,0x00000000eab00000,0x00000000eca00000)
  from space 5120K, 99% used [0x00000000eca00000,0x00000000ecefd140,0x00000000ecf00000)
  to   space 5120K, 0% used [0x00000000eee00000,0x00000000eee00000,0x00000000ef300000)
 ParOldGen       total 84992K, used 1103K [0x00000000c0000000, 0x00000000c5300000, 0x00000000eab00000)
  object space 84992K, 1% used [0x00000000c0000000,0x00000000c0113fb8,0x00000000c5300000)
 Metaspace       used 5808K, capacity 6768K, committed 7040K, reserved 1056768K
  class space    used 596K, capacity 616K, committed 640K, reserved 1048576K
}
Event: 2,478 GC heap before
{Heap before GC invocations=2 (full 0):
 PSYoungGen      total 36864K, used 36852K [0x00000000eab00000, 0x00000000ef300000, 0x0000000100000000)
  eden space 31744K, 100% used [0x00000000eab00000,0x00000000eca00000,0x00000000eca00000)
  from space 5120K, 99% used [0x00000000eca00000,0x00000000ecefd140,0x00000000ecf00000)
  to   space 5120K, 0% used [0x00000000eee00000,0x00000000eee00000,0x00000000ef300000)
 ParOldGen       total 84992K, used 1103K [0x00000000c0000000, 0x00000000c5300000, 0x00000000eab00000)
  object space 84992K, 1% used [0x00000000c0000000,0x00000000c0113fb8,0x00000000c5300000)
 Metaspace       used 5998K, capacity 6960K, committed 7040K, reserved 1056768K
  class space    used 596K, capacity 616K, committed 640K, reserved 1048576K
Event: 2,518 GC heap after
Heap after GC invocations=2 (full 0):
 PSYoungGen      total 68608K, used 5119K [0x00000000eab00000, 0x00000000ef300000, 0x0000000100000000)
  eden space 63488K, 0% used [0x00000000eab00000,0x00000000eab00000,0x00000000ee900000)
  from space 5120K, 99% used [0x00000000eee00000,0x00000000ef2ffd68,0x00000000ef300000)
  to   space 5120K, 0% used [0x00000000ee900000,0x00000000ee900000,0x00000000eee00000)
 ParOldGen       total 84992K, used 4779K [0x00000000c0000000, 0x00000000c5300000, 0x00000000eab00000)
  object space 84992K, 5% used [0x00000000c0000000,0x00000000c04aaf80,0x00000000c5300000)
 Metaspace       used 5998K, capacity 6960K, committed 7040K, reserved 1056768K
  class space    used 596K, capacity 616K, committed 640K, reserved 1048576K
}
Event: 3,352 GC heap before
{Heap before GC invocations=3 (full 0):
 PSYoungGen      total 68608K, used 68607K [0x00000000eab00000, 0x00000000ef300000, 0x0000000100000000)
  eden space 63488K, 100% used [0x00000000eab00000,0x00000000ee900000,0x00000000ee900000)
  from space 5120K, 99% used [0x00000000eee00000,0x00000000ef2ffd68,0x00000000ef300000)
  to   space 5120K, 0% used [0x00000000ee900000,0x00000000ee900000,0x00000000eee00000)
 ParOldGen       total 84992K, used 4779K [0x00000000c0000000, 0x00000000c5300000, 0x00000000eab00000)
  object space 84992K, 5% used [0x00000000c0000000,0x00000000c04aaf80,0x00000000c5300000)
 Metaspace       used 6065K, capacity 7024K, committed 7296K, reserved 1056768K
  class space    used 597K, capacity 616K, committed 640K, reserved 1048576K
Event: 3,470 GC heap after
Heap after GC invocations=3 (full 0):
 PSYoungGen      total 68608K, used 5107K [0x00000000eab00000, 0x00000000f3100000, 0x0000000100000000)
  eden space 63488K, 0% used [0x00000000eab00000,0x00000000eab00000,0x00000000ee900000)
  from space 5120K, 99% used [0x00000000ee900000,0x00000000eedfcd70,0x00000000eee00000)
  to   space 5120K, 0% used [0x00000000f2c00000,0x00000000f2c00000,0x00000000f3100000)
 ParOldGen       total 84992K, used 14202K [0x00000000c0000000, 0x00000000c5300000, 0x00000000eab00000)
  object space 84992K, 16% used [0x00000000c0000000,0x00000000c0ddebd8,0x00000000c5300000)
 Metaspace       used 6065K, capacity 7024K, committed 7296K, reserved 1056768K
  class space    used 597K, capacity 616K, committed 640K, reserved 1048576K
}
Event: 4,436 GC heap before
{Heap before GC invocations=4 (full 0):
 PSYoungGen      total 68608K, used 68595K [0x00000000eab00000, 0x00000000f3100000, 0x0000000100000000)
  eden space 63488K, 100% used [0x00000000eab00000,0x00000000ee900000,0x00000000ee900000)
  from space 5120K, 99% used [0x00000000ee900000,0x00000000eedfcd70,0x00000000eee00000)
  to   space 5120K, 0% used [0x00000000f2c00000,0x00000000f2c00000,0x00000000f3100000)
 ParOldGen       total 84992K, used 14202K [0x00000000c0000000, 0x00000000c5300000, 0x00000000eab00000)
  object space 84992K, 16% used [0x00000000c0000000,0x00000000c0ddebd8,0x00000000c5300000)
 Metaspace       used 6241K, capacity 7128K, committed 7424K, reserved 1056768K
  class space    used 617K, capacity 656K, committed 768K, reserved 1048576K
Event: 4,558 GC heap after
Heap after GC invocations=4 (full 0):
 PSYoungGen      total 132096K, used 5118K [0x00000000eab00000, 0x00000000f3100000, 0x0000000100000000)
  eden space 126976K, 0% used [0x00000000eab00000,0x00000000eab00000,0x00000000f2700000)
  from space 5120K, 99% used [0x00000000f2c00000,0x00000000f30ff878,0x00000000f3100000)
  to   space 5120K, 0% used [0x00000000f2700000,0x00000000f2700000,0x00000000f2c00000)
 ParOldGen       total 84992K, used 23575K [0x00000000c0000000, 0x00000000c5300000, 0x00000000eab00000)
  object space 84992K, 27% used [0x00000000c0000000,0x00000000c1705dc0,0x00000000c5300000)
 Metaspace       used 6241K, capacity 7128K, committed 7424K, reserved 1056768K
  class space    used 617K, capacity 656K, committed 768K, reserved 1048576K
}
Event: 6,976 GC heap before
{Heap before GC invocations=5 (full 0):
 PSYoungGen      total 132096K, used 132094K [0x00000000eab00000, 0x00000000f3100000, 0x0000000100000000)
  eden space 126976K, 100% used [0x00000000eab00000,0x00000000f2700000,0x00000000f2700000)
  from space 5120K, 99% used [0x00000000f2c00000,0x00000000f30ff878,0x00000000f3100000)
  to   space 5120K, 0% used [0x00000000f2700000,0x00000000f2700000,0x00000000f2c00000)
 ParOldGen       total 84992K, used 23575K [0x00000000c0000000, 0x00000000c5300000, 0x00000000eab00000)
  object space 84992K, 27% used [0x00000000c0000000,0x00000000c1705dc0,0x00000000c5300000)
 Metaspace       used 6365K, capacity 7192K, committed 7424K, reserved 1056768K
  class space    used 617K, capacity 656K, committed 768K, reserved 1048576K

Deoptimization events (10 events):
Event: 4,155 Thread 0x00007f5c6c15b800 Uncommon trap: reason=unstable_if action=reinterpret pc=0x00007f5c5d2aede0 method=java.util.HashMap.putVal(ILjava/lang/Object;Ljava/lang/Object;ZZ)Ljava/lang/Object; @ 162
Event: 4,209 Thread 0x00007f5c6c162800 Uncommon trap: reason=unstable_if action=reinterpret pc=0x00007f5c5d20ab78 method=java.util.HashMap.getNode(ILjava/lang/Object;)Ljava/util/HashMap$Node; @ 84
Event: 4,209 Thread 0x00007f5c6c162800 Uncommon trap: reason=unstable_if action=reinterpret pc=0x00007f5c5d219ab8 method=java.util.HashMap.getNode(ILjava/lang/Object;)Ljava/util/HashMap$Node; @ 84
Event: 4,289 Thread 0x00007f5c6c160000 Uncommon trap: reason=bimorphic action=maybe_recompile pc=0x00007f5c5d32d49c method=java.util.HashMap.putVal(ILjava/lang/Object;Ljava/lang/Object;ZZ)Ljava/lang/Object; @ 203
Event: 4,289 Thread 0x00007f5c6c160000 Uncommon trap: reason=bimorphic action=maybe_recompile pc=0x00007f5c5d32d49c method=java.util.HashMap.putVal(ILjava/lang/Object;Ljava/lang/Object;ZZ)Ljava/lang/Object; @ 203
Event: 4,344 Thread 0x00007f5c6c160000 Uncommon trap: reason=unstable_if action=reinterpret pc=0x00007f5c5d32cfd4 method=java.util.HashMap.putVal(ILjava/lang/Object;Ljava/lang/Object;ZZ)Ljava/lang/Object; @ 162
Event: 4,684 Thread 0x00007f5c6c15b800 Uncommon trap: reason=unstable_if action=reinterpret pc=0x00007f5c5d5f6080 method=com.android.dx.rop.code.LocalVariableExtractor.processBlock(I)V @ 195
Event: 5,060 Thread 0x00007f5c6c160000 Uncommon trap: reason=unstable_if action=reinterpret pc=0x00007f5c5d5d5738 method=com.android.dx.rop.code.RegisterSpec.intersect(Lcom/android/dx/rop/code/RegisterSpec;Z)Lcom/android/dx/rop/code/RegisterSpec; @ 42
Event: 6,446 Thread 0x00007f5c6c162800 Uncommon trap: reason=unstable_if action=reinterpret pc=0x00007f5c5d2b9ec8 method=com.android.dx.dex.code.OutputFinisher.hasLocalInfo(Lcom/android/dx/dex/code/DalvInsn;)Z @ 24
Event: 6,562 Thread 0x00007f5c6c160000 Uncommon trap: reason=unstable_if action=reinterpret pc=0x00007f5c5d5e701c method=com.android.dx.ssa.SCCP.simulateBranch(Lcom/android/dx/ssa/SsaInsn;)V @ 548

Internal exceptions (5 events):
Event: 0,129 Thread 0x00007f5c6c00a000 Exception <a 'java/lang/NoSuchMethodError': Method sun.misc.Unsafe.defineClass(Ljava/lang/String;[BII)Ljava/lang/Class; name or signature does not match> (0x00000000eab07cc0) thrown at [/HUDSON/workspace/8-2-build-linux-amd64/jdk8u91/6644/hotspot/src/shar
Event: 0,129 Thread 0x00007f5c6c00a000 Exception <a 'java/lang/NoSuchMethodError': Method sun.misc.Unsafe.prefetchRead(Ljava/lang/Object;J)V name or signature does not match> (0x00000000eab07fa8) thrown at [/HUDSON/workspace/8-2-build-linux-amd64/jdk8u91/6644/hotspot/src/share/vm/prims/jni.cpp
Event: 4,186 Thread 0x00007f5c6c15b800 Exception <a 'java/lang/ArrayIndexOutOfBoundsException': 18> (0x00000000ed92fb50) thrown at [/HUDSON/workspace/8-2-build-linux-amd64/jdk8u91/6644/hotspot/src/share/vm/interpreter/interpreterRuntime.cpp, line 366]
Event: 4,187 Thread 0x00007f5c6c15b800 Exception <a 'java/lang/ArrayIndexOutOfBoundsException': 145> (0x00000000ed9316d0) thrown at [/HUDSON/workspace/8-2-build-linux-amd64/jdk8u91/6644/hotspot/src/share/vm/interpreter/interpreterRuntime.cpp, line 366]
Event: 4,188 Thread 0x00007f5c6c15b800 Exception <a 'java/lang/ArrayIndexOutOfBoundsException': 40> (0x00000000ed9329b8) thrown at [/HUDSON/workspace/8-2-build-linux-amd64/jdk8u91/6644/hotspot/src/share/vm/interpreter/interpreterRuntime.cpp, line 366]

Events (10 events):
Event: 6,571 Thread 0x00007f5c6c00a000 DEOPT UNPACKING pc=0x00007f5c5d047633 sp=0x00007f5c7400f7e0 mode 0
Event: 6,658 Thread 0x00007f5c6c160000 DEOPT PACKING pc=0x00007f5c5d38d708 sp=0x00007f5c2b7f5e20
Event: 6,658 Thread 0x00007f5c6c160000 DEOPT UNPACKING pc=0x00007f5c5d047633 sp=0x00007f5c2b7f5ba8 mode 0
Event: 6,661 Thread 0x00007f5c6c162800 DEOPT PACKING pc=0x00007f5c5d3976a8 sp=0x00007f5c2b5f3c00
Event: 6,661 Thread 0x00007f5c6c162800 DEOPT UNPACKING pc=0x00007f5c5d047633 sp=0x00007f5c2b5f3968 mode 0
Event: 6,794 Thread 0x00007f5c6c160000 DEOPT PACKING pc=0x00007f5c5d38d708 sp=0x00007f5c2b7f5e20
Event: 6,794 Thread 0x00007f5c6c160000 DEOPT UNPACKING pc=0x00007f5c5d047633 sp=0x00007f5c2b7f5ba8 mode 0
Event: 6,938 Thread 0x00007f5c6c160000 DEOPT PACKING pc=0x00007f5c5d38d708 sp=0x00007f5c2b7f5e20
Event: 6,938 Thread 0x00007f5c6c160000 DEOPT UNPACKING pc=0x00007f5c5d047633 sp=0x00007f5c2b7f5ba8 mode 0
Event: 6,954 Executing VM operation: ParallelGCFailedAllocation


Dynamic libraries:
00400000-00401000 r-xp 00000000 08:01 9839507                            /usr/lib/jvm/java-8-oracle/bin/java
00600000-00601000 rw-p 00000000 08:01 9839507                            /usr/lib/jvm/java-8-oracle/bin/java
0259c000-025bd000 rw-p 00000000 00:00 0                                  [heap]
c0000000-c5300000 rw-p 00000000 00:00 0 
c5300000-eab00000 ---p 00000000 00:00 0 
eab00000-f3100000 rw-p 00000000 00:00 0 
fd400000-100000000 ---p 00000000 00:00 0 
100000000-1000c0000 rw-p 00000000 00:00 0 
1000c0000-140000000 ---p 00000000 00:00 0 
7f5bf4000000-7f5bf4021000 rw-p 00000000 00:00 0 
7f5bf4021000-7f5bf8000000 ---p 00000000 00:00 0 
7f5bfc000000-7f5bfc02e000 rw-p 00000000 00:00 0 
7f5bfc02e000-7f5c00000000 ---p 00000000 00:00 0 
7f5c00000000-7f5c0003a000 rw-p 00000000 00:00 0 
7f5c0003a000-7f5c04000000 ---p 00000000 00:00 0 
7f5c04000000-7f5c04038000 rw-p 00000000 00:00 0 
7f5c04038000-7f5c08000000 ---p 00000000 00:00 0 
7f5c08000000-7f5c08021000 rw-p 00000000 00:00 0 
7f5c08021000-7f5c0c000000 ---p 00000000 00:00 0 
7f5c0c000000-7f5c0c021000 rw-p 00000000 00:00 0 
7f5c0c021000-7f5c10000000 ---p 00000000 00:00 0 
7f5c10000000-7f5c10021000 rw-p 00000000 00:00 0 
7f5c10021000-7f5c14000000 ---p 00000000 00:00 0 
7f5c14000000-7f5c14aa7000 rw-p 00000000 00:00 0 
7f5c14aa7000-7f5c18000000 ---p 00000000 00:00 0 
7f5c18000000-7f5c189df000 rw-p 00000000 00:00 0 
7f5c189df000-7f5c1c000000 ---p 00000000 00:00 0 
7f5c1c000000-7f5c1cd80000 rw-p 00000000 00:00 0 
7f5c1cd80000-7f5c20000000 ---p 00000000 00:00 0 
7f5c20000000-7f5c2099f000 rw-p 00000000 00:00 0 
7f5c2099f000-7f5c24000000 ---p 00000000 00:00 0 
7f5c24000000-7f5c24021000 rw-p 00000000 00:00 0 
7f5c24021000-7f5c28000000 ---p 00000000 00:00 0 
7f5c2b4f5000-7f5c2b4f8000 ---p 00000000 00:00 0 
7f5c2b4f8000-7f5c2b5f6000 rw-p 00000000 00:00 0 
7f5c2b5f6000-7f5c2b5f9000 ---p 00000000 00:00 0 
7f5c2b5f9000-7f5c2b6f7000 rw-p 00000000 00:00 0 
7f5c2b6f7000-7f5c2b6fa000 ---p 00000000 00:00 0 
7f5c2b6fa000-7f5c2b7f8000 rw-p 00000000 00:00 0 
7f5c2b7f8000-7f5c2b7fb000 ---p 00000000 00:00 0 
7f5c2b7fb000-7f5c2b8f9000 rw-p 00000000 00:00 0 
7f5c2b8f9000-7f5c2b8fc000 ---p 00000000 00:00 0 
7f5c2b8fc000-7f5c2b9fa000 rw-p 00000000 00:00 0 
7f5c2b9fa000-7f5c2b9fb000 ---p 00000000 00:00 0 
7f5c2b9fb000-7f5c2bafb000 rw-p 00000000 00:00 0 
7f5c2bafb000-7f5c2bafe000 ---p 00000000 00:00 0 
7f5c2bafe000-7f5c2bbfc000 rw-p 00000000 00:00 0 
7f5c2bbfc000-7f5c2bbff000 ---p 00000000 00:00 0 
7f5c2bbff000-7f5c2bcfd000 rw-p 00000000 00:00 0 
7f5c2bcfd000-7f5c2bd00000 ---p 00000000 00:00 0 
7f5c2bd00000-7f5c2bdfe000 rw-p 00000000 00:00 0 
7f5c2bdfe000-7f5c2be01000 ---p 00000000 00:00 0 
7f5c2be01000-7f5c2beff000 rw-p 00000000 00:00 0 
7f5c2beff000-7f5c2bf02000 ---p 00000000 00:00 0 
7f5c2bf02000-7f5c2c000000 rw-p 00000000 00:00 0 
7f5c2c000000-7f5c2c021000 rw-p 00000000 00:00 0 
7f5c2c021000-7f5c30000000 ---p 00000000 00:00 0 
7f5c30000000-7f5c30021000 rw-p 00000000 00:00 0 
7f5c30021000-7f5c34000000 ---p 00000000 00:00 0 
7f5c34000000-7f5c34021000 rw-p 00000000 00:00 0 
7f5c34021000-7f5c38000000 ---p 00000000 00:00 0 
7f5c38000000-7f5c3829f000 rw-p 00000000 00:00 0 
7f5c3829f000-7f5c3c000000 ---p 00000000 00:00 0 
7f5c3c000000-7f5c3c021000 rw-p 00000000 00:00 0 
7f5c3c021000-7f5c40000000 ---p 00000000 00:00 0 
7f5c40000000-7f5c40021000 rw-p 00000000 00:00 0 
7f5c40021000-7f5c44000000 ---p 00000000 00:00 0 
7f5c44000000-7f5c44021000 rw-p 00000000 00:00 0 
7f5c44021000-7f5c48000000 ---p 00000000 00:00 0 
7f5c48000000-7f5c48021000 rw-p 00000000 00:00 0 
7f5c48021000-7f5c4c000000 ---p 00000000 00:00 0 
7f5c4c000000-7f5c4c021000 rw-p 00000000 00:00 0 
7f5c4c021000-7f5c50000000 ---p 00000000 00:00 0 
7f5c50000000-7f5c50021000 rw-p 00000000 00:00 0 
7f5c50021000-7f5c54000000 ---p 00000000 00:00 0 
7f5c54000000-7f5c54021000 rw-p 00000000 00:00 0 
7f5c54021000-7f5c58000000 ---p 00000000 00:00 0 
7f5c58062000-7f5c5807f000 r--p 00000000 08:01 11012338                   /usr/share/locale-langpack/tr/LC_MESSAGES/libc.mo
7f5c5807f000-7f5c5808e000 r--s 000df000 08:01 5246091                    /home/oguz/Android/Sdk/build-tools/23.0.3/lib/dx.jar
7f5c5808e000-7f5c58091000 ---p 00000000 00:00 0 
7f5c58091000-7f5c5818f000 rw-p 00000000 00:00 0 
7f5c5818f000-7f5c585c7000 r--p 00000000 08:01 9700768                    /usr/lib/locale/locale-archive
7f5c585c7000-7f5c585ca000 ---p 00000000 00:00 0 
7f5c585ca000-7f5c586c8000 rw-p 00000000 00:00 0 
7f5c586c8000-7f5c586cb000 ---p 00000000 00:00 0 
7f5c586cb000-7f5c587c9000 rw-p 00000000 00:00 0 
7f5c587c9000-7f5c587ca000 ---p 00000000 00:00 0 
7f5c587ca000-7f5c5a427000 rw-p 00000000 00:00 0 
7f5c5a427000-7f5c5a600000 r--s 03d1f000 08:01 9967487                    /usr/lib/jvm/java-8-oracle/jre/lib/rt.jar
7f5c5a600000-7f5c5ac80000 rw-p 00000000 00:00 0 
7f5c5ac80000-7f5c5ae00000 ---p 00000000 00:00 0 
7f5c5ae00000-7f5c5d000000 rw-p 00000000 00:00 0 
7f5c5d000000-7f5c5d6d0000 rwxp 00000000 00:00 0 
7f5c5d6d0000-7f5c6c000000 ---p 00000000 00:00 0 
7f5c6c000000-7f5c6c39a000 rw-p 00000000 00:00 0 
7f5c6c39a000-7f5c70000000 ---p 00000000 00:00 0 
7f5c70004000-7f5c7000b000 r--s 00000000 08:01 10092992                   /usr/lib/x86_64-linux-gnu/gconv/gconv-modules.cache
7f5c7000b000-7f5c70168000 rw-p 00000000 00:00 0 
7f5c70168000-7f5c70169000 ---p 00000000 00:00 0 
7f5c70169000-7f5c70269000 rw-p 00000000 00:00 0 
7f5c70269000-7f5c7026a000 ---p 00000000 00:00 0 
7f5c7026a000-7f5c7036a000 rw-p 00000000 00:00 0 
7f5c7036a000-7f5c7036b000 ---p 00000000 00:00 0 
7f5c7036b000-7f5c7046b000 rw-p 00000000 00:00 0 
7f5c7046b000-7f5c7046c000 ---p 00000000 00:00 0 
7f5c7046c000-7f5c7056c000 rw-p 00000000 00:00 0 
7f5c7056c000-7f5c7056d000 ---p 00000000 00:00 0 
7f5c7056d000-7f5c7066d000 rw-p 00000000 00:00 0 
7f5c7066d000-7f5c7066e000 ---p 00000000 00:00 0 
7f5c7066e000-7f5c7076e000 rw-p 00000000 00:00 0 
7f5c7076e000-7f5c7076f000 ---p 00000000 00:00 0 
7f5c7076f000-7f5c7086f000 rw-p 00000000 00:00 0 
7f5c7086f000-7f5c70870000 ---p 00000000 00:00 0 
7f5c70870000-7f5c7099a000 rw-p 00000000 00:00 0 
7f5c7099a000-7f5c70ac6000 ---p 00000000 00:00 0 
7f5c70ac6000-7f5c70af0000 rw-p 00000000 00:00 0 
7f5c70af0000-7f5c70c1b000 ---p 00000000 00:00 0 
7f5c70c1b000-7f5c70c5f000 rw-p 00000000 00:00 0 
7f5c70c5f000-7f5c70cc6000 ---p 00000000 00:00 0 
7f5c70cc6000-7f5c70ce3000 rw-p 00000000 00:00 0 
7f5c70ce3000-7f5c71087000 ---p 00000000 00:00 0 
7f5c71087000-7f5c710a1000 r-xp 00000000 08:01 10092954                   /usr/lib/jvm/java-8-oracle/jre/lib/amd64/libzip.so
7f5c710a1000-7f5c712a1000 ---p 0001a000 08:01 10092954                   /usr/lib/jvm/java-8-oracle/jre/lib/amd64/libzip.so
7f5c712a1000-7f5c712a2000 rw-p 0001a000 08:01 10092954                   /usr/lib/jvm/java-8-oracle/jre/lib/amd64/libzip.so
7f5c712a2000-7f5c712ad000 r-xp 00000000 08:01 7603299                    /lib/x86_64-linux-gnu/libnss_files-2.23.so
7f5c712ad000-7f5c714ac000 ---p 0000b000 08:01 7603299                    /lib/x86_64-linux-gnu/libnss_files-2.23.so
7f5c714ac000-7f5c714ad000 r--p 0000a000 08:01 7603299                    /lib/x86_64-linux-gnu/libnss_files-2.23.so
7f5c714ad000-7f5c714ae000 rw-p 0000b000 08:01 7603299                    /lib/x86_64-linux-gnu/libnss_files-2.23.so
7f5c714ae000-7f5c714b4000 rw-p 00000000 00:00 0 
7f5c714b4000-7f5c714bf000 r-xp 00000000 08:01 7603296                    /lib/x86_64-linux-gnu/libnss_nis-2.23.so
7f5c714bf000-7f5c716be000 ---p 0000b000 08:01 7603296                    /lib/x86_64-linux-gnu/libnss_nis-2.23.so
7f5c716be000-7f5c716bf000 r--p 0000a000 08:01 7603296                    /lib/x86_64-linux-gnu/libnss_nis-2.23.so
7f5c716bf000-7f5c716c0000 rw-p 0000b000 08:01 7603296                    /lib/x86_64-linux-gnu/libnss_nis-2.23.so
7f5c716c0000-7f5c716d6000 r-xp 00000000 08:01 7603294                    /lib/x86_64-linux-gnu/libnsl-2.23.so
7f5c716d6000-7f5c718d6000 ---p 00016000 08:01 7603294                    /lib/x86_64-linux-gnu/libnsl-2.23.so
7f5c718d6000-7f5c718d7000 r--p 00016000 08:01 7603294                    /lib/x86_64-linux-gnu/libnsl-2.23.so
7f5c718d7000-7f5c718d8000 rw-p 00017000 08:01 7603294                    /lib/x86_64-linux-gnu/libnsl-2.23.so
7f5c718d8000-7f5c718da000 rw-p 00000000 00:00 0 
7f5c718da000-7f5c718e2000 r-xp 00000000 08:01 7603292                    /lib/x86_64-linux-gnu/libnss_compat-2.23.so
7f5c718e2000-7f5c71ae1000 ---p 00008000 08:01 7603292                    /lib/x86_64-linux-gnu/libnss_compat-2.23.so
7f5c71ae1000-7f5c71ae2000 r--p 00007000 08:01 7603292                    /lib/x86_64-linux-gnu/libnss_compat-2.23.so
7f5c71ae2000-7f5c71ae3000 rw-p 00008000 08:01 7603292                    /lib/x86_64-linux-gnu/libnss_compat-2.23.so
7f5c71ae3000-7f5c71b0d000 r-xp 00000000 08:01 10092949                   /usr/lib/jvm/java-8-oracle/jre/lib/amd64/libjava.so
7f5c71b0d000-7f5c71d0d000 ---p 0002a000 08:01 10092949                   /usr/lib/jvm/java-8-oracle/jre/lib/amd64/libjava.so
7f5c71d0d000-7f5c71d0f000 rw-p 0002a000 08:01 10092949                   /usr/lib/jvm/java-8-oracle/jre/lib/amd64/libjava.so
7f5c71d0f000-7f5c71d1c000 r-xp 00000000 08:01 10092953                   /usr/lib/jvm/java-8-oracle/jre/lib/amd64/libverify.so
7f5c71d1c000-7f5c71f1c000 ---p 0000d000 08:01 10092953                   /usr/lib/jvm/java-8-oracle/jre/lib/amd64/libverify.so
7f5c71f1c000-7f5c71f1e000 rw-p 0000d000 08:01 10092953                   /usr/lib/jvm/java-8-oracle/jre/lib/amd64/libverify.so
7f5c71f1e000-7f5c71f25000 r-xp 00000000 08:01 7603308                    /lib/x86_64-linux-gnu/librt-2.23.so
7f5c71f25000-7f5c72124000 ---p 00007000 08:01 7603308                    /lib/x86_64-linux-gnu/librt-2.23.so
7f5c72124000-7f5c72125000 r--p 00006000 08:01 7603308                    /lib/x86_64-linux-gnu/librt-2.23.so
7f5c72125000-7f5c72126000 rw-p 00007000 08:01 7603308                    /lib/x86_64-linux-gnu/librt-2.23.so
7f5c72126000-7f5c7222e000 r-xp 00000000 08:01 7603305                    /lib/x86_64-linux-gnu/libm-2.23.so
7f5c7222e000-7f5c7242d000 ---p 00108000 08:01 7603305                    /lib/x86_64-linux-gnu/libm-2.23.so
7f5c7242d000-7f5c7242e000 r--p 00107000 08:01 7603305                    /lib/x86_64-linux-gnu/libm-2.23.so
7f5c7242e000-7f5c7242f000 rw-p 00108000 08:01 7603305                    /lib/x86_64-linux-gnu/libm-2.23.so
7f5c7242f000-7f5c730ef000 r-xp 00000000 08:01 10092932                   /usr/lib/jvm/java-8-oracle/jre/lib/amd64/server/libjvm.so
7f5c730ef000-7f5c732ef000 ---p 00cc0000 08:01 10092932                   /usr/lib/jvm/java-8-oracle/jre/lib/amd64/server/libjvm.so
7f5c732ef000-7f5c733c7000 rw-p 00cc0000 08:01 10092932                   /usr/lib/jvm/java-8-oracle/jre/lib/amd64/server/libjvm.so
7f5c733c7000-7f5c73412000 rw-p 00000000 00:00 0 
7f5c73412000-7f5c735d2000 r-xp 00000000 08:01 7603313                    /lib/x86_64-linux-gnu/libc-2.23.so
7f5c735d2000-7f5c737d2000 ---p 001c0000 08:01 7603313                    /lib/x86_64-linux-gnu/libc-2.23.so
7f5c737d2000-7f5c737d6000 r--p 001c0000 08:01 7603313                    /lib/x86_64-linux-gnu/libc-2.23.so
7f5c737d6000-7f5c737d8000 rw-p 001c4000 08:01 7603313                    /lib/x86_64-linux-gnu/libc-2.23.so
7f5c737d8000-7f5c737dc000 rw-p 00000000 00:00 0 
7f5c737dc000-7f5c737df000 r-xp 00000000 08:01 7603314                    /lib/x86_64-linux-gnu/libdl-2.23.so
7f5c737df000-7f5c739de000 ---p 00003000 08:01 7603314                    /lib/x86_64-linux-gnu/libdl-2.23.so
7f5c739de000-7f5c739df000 r--p 00002000 08:01 7603314                    /lib/x86_64-linux-gnu/libdl-2.23.so
7f5c739df000-7f5c739e0000 rw-p 00003000 08:01 7603314                    /lib/x86_64-linux-gnu/libdl-2.23.so
7f5c739e0000-7f5c739f5000 r-xp 00000000 08:01 9840182                    /usr/lib/jvm/java-8-oracle/lib/amd64/jli/libjli.so
7f5c739f5000-7f5c73bf5000 ---p 00015000 08:01 9840182                    /usr/lib/jvm/java-8-oracle/lib/amd64/jli/libjli.so
7f5c73bf5000-7f5c73bf6000 rw-p 00015000 08:01 9840182                    /usr/lib/jvm/java-8-oracle/lib/amd64/jli/libjli.so
7f5c73bf6000-7f5c73c0e000 r-xp 00000000 08:01 7603312                    /lib/x86_64-linux-gnu/libpthread-2.23.so
7f5c73c0e000-7f5c73e0d000 ---p 00018000 08:01 7603312                    /lib/x86_64-linux-gnu/libpthread-2.23.so
7f5c73e0d000-7f5c73e0e000 r--p 00017000 08:01 7603312                    /lib/x86_64-linux-gnu/libpthread-2.23.so
7f5c73e0e000-7f5c73e0f000 rw-p 00018000 08:01 7603312                    /lib/x86_64-linux-gnu/libpthread-2.23.so
7f5c73e0f000-7f5c73e13000 rw-p 00000000 00:00 0 
7f5c73e13000-7f5c73e39000 r-xp 00000000 08:01 7603309                    /lib/x86_64-linux-gnu/ld-2.23.so
7f5c73e3f000-7f5c73f11000 rw-p 00000000 00:00 0 
7f5c73f11000-7f5c73f14000 ---p 00000000 00:00 0 
7f5c73f14000-7f5c74016000 rw-p 00000000 00:00 0 
7f5c74018000-7f5c7402c000 rw-p 00000000 00:00 0 
7f5c7402c000-7f5c74034000 rw-s 00000000 08:01 132031                     /tmp/hsperfdata_oguz/21605
7f5c74034000-7f5c74035000 rw-p 00000000 00:00 0 
7f5c74035000-7f5c74036000 ---p 00000000 00:00 0 
7f5c74036000-7f5c74038000 rw-p 00000000 00:00 0 
7f5c74038000-7f5c74039000 r--p 00025000 08:01 7603309                    /lib/x86_64-linux-gnu/ld-2.23.so
7f5c74039000-7f5c7403a000 rw-p 00026000 08:01 7603309                    /lib/x86_64-linux-gnu/ld-2.23.so
7f5c7403a000-7f5c7403b000 rw-p 00000000 00:00 0 
7fff1ab36000-7fff1ab57000 rw-p 00000000 00:00 0                          [stack]
7fff1abb6000-7fff1abb8000 r--p 00000000 00:00 0                          [vvar]
7fff1abb8000-7fff1abba000 r-xp 00000000 00:00 0                          [vdso]
ffffffffff600000-ffffffffff601000 r-xp 00000000 00:00 0                  [vsyscall]

VM Arguments:
jvm_args: -Djava.awt.headless=true -Xmx1024M -Dfile.encoding=UTF-8 -Duser.country=TR -Duser.language=tr -Duser.variant 
java_command: com.android.dx.command.Main --dex --force-jumbo --num-threads=4 --multi-dex --output /home/oguz/Masaüstü/FomApplicationAndroid/app/build/intermediates/transforms/dex/debug/folders/1000/10/com.android.support-appcompat-v7-23.3.0_e1df6f83b2e5d080a1446384bf4f3b636b871261 /home/oguz/Masaüstü/FomApplicationAndroid/app/build/intermediates/exploded-aar/com.android.support/appcompat-v7/23.3.0/jars/classes.jar
java_class_path (initial): /home/oguz/Android/Sdk/build-tools/23.0.3/lib/dx.jar
Launcher Type: SUN_STANDARD

Environment Variables:
PATH=/usr/local/sbin:/usr/local/bin:/usr/sbin:/usr/bin:/sbin:/bin:/usr/games:/usr/local/games:/snap/bin
LD_LIBRARY_PATH=/home/oguz/Masaüstü/Derleyiciler/android-studio/bin:
SHELL=/bin/bash
DISPLAY=:0

Signal Handlers:
SIGSEGV: [libjvm.so+0xabca10], sa_mask[0]=11111111011111111101111111111110, sa_flags=SA_RESTART|SA_SIGINFO
SIGBUS: [libjvm.so+0xabca10], sa_mask[0]=11111111011111111101111111111110, sa_flags=SA_RESTART|SA_SIGINFO
SIGFPE: [libjvm.so+0x919a20], sa_mask[0]=11111111011111111101111111111110, sa_flags=SA_RESTART|SA_SIGINFO
SIGPIPE: [libjvm.so+0x919a20], sa_mask[0]=11111111011111111101111111111110, sa_flags=SA_RESTART|SA_SIGINFO
SIGXFSZ: [libjvm.so+0x919a20], sa_mask[0]=11111111011111111101111111111110, sa_flags=SA_RESTART|SA_SIGINFO
SIGILL: [libjvm.so+0x919a20], sa_mask[0]=11111111011111111101111111111110, sa_flags=SA_RESTART|SA_SIGINFO
SIGUSR1: SIG_DFL, sa_mask[0]=00000000000000000000000000000000, sa_flags=none
SIGUSR2: [libjvm.so+0x91b050], sa_mask[0]=00100000000000000000000000000000, sa_flags=SA_RESTART|SA_SIGINFO
SIGHUP: [libjvm.so+0x91c450], sa_mask[0]=11111111011111111101111111111110, sa_flags=SA_RESTART|SA_SIGINFO
SIGINT: [libjvm.so+0x91c450], sa_mask[0]=11111111011111111101111111111110, sa_flags=SA_RESTART|SA_SIGINFO
SIGTERM: [libjvm.so+0x91c450], sa_mask[0]=11111111011111111101111111111110, sa_flags=SA_RESTART|SA_SIGINFO
SIGQUIT: [libjvm.so+0x91c450], sa_mask[0]=11111111011111111101111111111110, sa_flags=SA_RESTART|SA_SIGINFO


---------------  S Y S T E M  ---------------

OS:DISTRIB_ID=Ubuntu
DISTRIB_RELEASE=16.04
DISTRIB_CODENAME=xenial
DISTRIB_DESCRIPTION="Ubuntu Xenial Xerus (development branch)"

uname:Linux 4.4.0-22-generic #39-Ubuntu SMP Thu May 5 16:53:32 UTC 2016 x86_64
libc:glibc 2.23 NPTL 2.23 
rlimit: STACK 8192k, CORE 0k, NPROC 31498, NOFILE 65536, AS infinity
load average:11,04 3,10 1,72

/proc/meminfo:
MemTotal:        8101800 kB
MemFree:           57776 kB
MemAvailable:     109408 kB
Buffers:            1540 kB
Cached:           573532 kB
SwapCached:            0 kB
Active:          7275412 kB
Inactive:         515088 kB
Active(anon):    7255368 kB
Inactive(anon):   496720 kB
Active(file):      20044 kB
Inactive(file):    18368 kB
Unevictable:          88 kB
Mlocked:              88 kB
SwapTotal:             0 kB
SwapFree:              0 kB
Dirty:              1972 kB
Writeback:             0 kB
AnonPages:       7215592 kB
Mapped:           229380 kB
Shmem:            536324 kB
Slab:             111780 kB
SReclaimable:      55592 kB
SUnreclaim:        56188 kB
KernelStack:       19248 kB
PageTables:        62872 kB
NFS_Unstable:          0 kB
Bounce:                0 kB
WritebackTmp:          0 kB
CommitLimit:     4050900 kB
Committed_AS:   13659252 kB
VmallocTotal:   34359738367 kB
VmallocUsed:           0 kB
VmallocChunk:          0 kB
HardwareCorrupted:     0 kB
AnonHugePages:   4050944 kB
CmaTotal:              0 kB
CmaFree:               0 kB
HugePages_Total:       0
HugePages_Free:        0
HugePages_Rsvd:        0
HugePages_Surp:        0
Hugepagesize:       2048 kB
DirectMap4k:      201472 kB
DirectMap2M:     8114176 kB
DirectMap1G:     1048576 kB


CPU:total 8 (4 cores per cpu, 2 threads per core) family 6 model 60 stepping 3, cmov, cx8, fxsr, mmx, sse, sse2, sse3, ssse3, sse4.1, sse4.2, popcnt, avx, avx2, aes, clmul, erms, lzcnt, ht, tsc, tscinvbit, bmi1, bmi2

/proc/cpuinfo:
processor	: 0
vendor_id	: GenuineIntel
cpu family	: 6
model		: 60
model name	: Intel(R) Core(TM) i7-4700MQ CPU @ 2.40GHz
stepping	: 3
microcode	: 0x16
cpu MHz		: 2066.625
cache size	: 6144 KB
physical id	: 0
siblings	: 8
core id		: 0
cpu cores	: 4
apicid		: 0
initial apicid	: 0
fpu		: yes
fpu_exception	: yes
cpuid level	: 13
wp		: yes
flags		: fpu vme de pse tsc msr pae mce cx8 apic sep mtrr pge mca cmov pat pse36 clflush dts acpi mmx fxsr sse sse2 ss ht tm pbe syscall nx pdpe1gb rdtscp lm constant_tsc arch_perfmon pebs bts rep_good nopl xtopology nonstop_tsc aperfmperf eagerfpu pni pclmulqdq dtes64 monitor ds_cpl vmx est tm2 ssse3 sdbg fma cx16 xtpr pdcm pcid sse4_1 sse4_2 movbe popcnt tsc_deadline_timer aes xsave avx f16c rdrand lahf_lm abm epb tpr_shadow vnmi flexpriority ept vpid fsgsbase tsc_adjust bmi1 avx2 smep bmi2 erms invpcid xsaveopt dtherm ida arat pln pts
bugs		:
bogomips	: 4789.36
clflush size	: 64
cache_alignment	: 64
address sizes	: 39 bits physical, 48 bits virtual
power management:

processor	: 1
vendor_id	: GenuineIntel
cpu family	: 6
model		: 60
model name	: Intel(R) Core(TM) i7-4700MQ CPU @ 2.40GHz
stepping	: 3
microcode	: 0x16
cpu MHz		: 2033.156
cache size	: 6144 KB
physical id	: 0
siblings	: 8
core id		: 0
cpu cores	: 4
apicid		: 1
initial apicid	: 1
fpu		: yes
fpu_exception	: yes
cpuid level	: 13
wp		: yes
flags		: fpu vme de pse tsc msr pae mce cx8 apic sep mtrr pge mca cmov pat pse36 clflush dts acpi mmx fxsr sse sse2 ss ht tm pbe syscall nx pdpe1gb rdtscp lm constant_tsc arch_perfmon pebs bts rep_good nopl xtopology nonstop_tsc aperfmperf eagerfpu pni pclmulqdq dtes64 monitor ds_cpl vmx est tm2 ssse3 sdbg fma cx16 xtpr pdcm pcid sse4_1 sse4_2 movbe popcnt tsc_deadline_timer aes xsave avx f16c rdrand lahf_lm abm epb tpr_shadow vnmi flexpriority ept vpid fsgsbase tsc_adjust bmi1 avx2 smep bmi2 erms invpcid xsaveopt dtherm ida arat pln pts
bugs		:
bogomips	: 4789.36
clflush size	: 64
cache_alignment	: 64
address sizes	: 39 bits physical, 48 bits virtual
power management:

processor	: 2
vendor_id	: GenuineIntel
cpu family	: 6
model		: 60
model name	: Intel(R) Core(TM) i7-4700MQ CPU @ 2.40GHz
stepping	: 3
microcode	: 0x16
cpu MHz		: 2099.906
cache size	: 6144 KB
physical id	: 0
siblings	: 8
core id		: 1
cpu cores	: 4
apicid		: 2
initial apicid	: 2
fpu		: yes
fpu_exception	: yes
cpuid level	: 13
wp		: yes
flags		: fpu vme de pse tsc msr pae mce cx8 apic sep mtrr pge mca cmov pat pse36 clflush dts acpi mmx fxsr sse sse2 ss ht tm pbe syscall nx pdpe1gb rdtscp lm constant_tsc arch_perfmon pebs bts rep_good nopl xtopology nonstop_tsc aperfmperf eagerfpu pni pclmulqdq dtes64 monitor ds_cpl vmx est tm2 ssse3 sdbg fma cx16 xtpr pdcm pcid sse4_1 sse4_2 movbe popcnt tsc_deadline_timer aes xsave avx f16c rdrand lahf_lm abm epb tpr_shadow vnmi flexpriority ept vpid fsgsbase tsc_adjust bmi1 avx2 smep bmi2 erms invpcid xsaveopt dtherm ida arat pln pts
bugs		:
bogomips	: 4789.36
clflush size	: 64
cache_alignment	: 64
address sizes	: 39 bits physical, 48 bits virtual
power management:

processor	: 3
vendor_id	: GenuineIntel
cpu family	: 6
model		: 60
model name	: Intel(R) Core(TM) i7-4700MQ CPU @ 2.40GHz
stepping	: 3
microcode	: 0x16
cpu MHz		: 2099.906
cache size	: 6144 KB
physical id	: 0
siblings	: 8
core id		: 1
cpu cores	: 4
apicid		: 3
initial apicid	: 3
fpu		: yes
fpu_exception	: yes
cpuid level	: 13
wp		: yes
flags		: fpu vme de pse tsc msr pae mce cx8 apic sep mtrr pge mca cmov pat pse36 clflush dts acpi mmx fxsr sse sse2 ss ht tm pbe syscall nx pdpe1gb rdtscp lm constant_tsc arch_perfmon pebs bts rep_good nopl xtopology nonstop_tsc aperfmperf eagerfpu pni pclmulqdq dtes64 monitor ds_cpl vmx est tm2 ssse3 sdbg fma cx16 xtpr pdcm pcid sse4_1 sse4_2 movbe popcnt tsc_deadline_timer aes xsave avx f16c rdrand lahf_lm abm epb tpr_shadow vnmi flexpriority ept vpid fsgsbase tsc_adjust bmi1 avx2 smep bmi2 erms invpcid xsaveopt dtherm ida arat pln pts
bugs		:
bogomips	: 4789.36
clflush size	: 64
cache_alignment	: 64
address sizes	: 39 bits physical, 48 bits virtual
power management:

processor	: 4
vendor_id	: GenuineIntel
cpu family	: 6
model		: 60
model name	: Intel(R) Core(TM) i7-4700MQ CPU @ 2.40GHz
stepping	: 3
microcode	: 0x16
cpu MHz		: 2099.906
cache size	: 6144 KB
physical id	: 0
siblings	: 8
core id		: 2
cpu cores	: 4
apicid		: 4
initial apicid	: 4
fpu		: yes
fpu_exception	: yes
cpuid level	: 13
wp		: yes
flags		: fpu vme de pse tsc msr pae mce cx8 apic sep mtrr pge mca cmov pat pse36 clflush dts acpi mmx fxsr sse sse2 ss ht tm pbe syscall nx pdpe1gb rdtscp lm constant_tsc arch_perfmon pebs bts rep_good nopl xtopology nonstop_tsc aperfmperf eagerfpu pni pclmulqdq dtes64 monitor ds_cpl vmx est tm2 ssse3 sdbg fma cx16 xtpr pdcm pcid sse4_1 sse4_2 movbe popcnt tsc_deadline_timer aes xsave avx f16c rdrand lahf_lm abm epb tpr_shadow vnmi flexpriority ept vpid fsgsbase tsc_adjust bmi1 avx2 smep bmi2 erms invpcid xsaveopt dtherm ida arat pln pts
bugs		:
bogomips	: 4789.36
clflush size	: 64
cache_alignment	: 64
address sizes	: 39 bits physical, 48 bits virtual
power management:

processor	: 5
vendor_id	: GenuineIntel
cpu family	: 6
model		: 60
model name	: Intel(R) Core(TM) i7-4700MQ CPU @ 2.40GHz
stepping	: 3
microcode	: 0x16
cpu MHz		: 2066.625
cache size	: 6144 KB
physical id	: 0
siblings	: 8
core id		: 2
cpu cores	: 4
apicid		: 5
initial apicid	: 5
fpu		: yes
fpu_exception	: yes
cpuid level	: 13
wp		: yes
flags		: fpu vme de pse tsc msr pae mce cx8 apic sep mtrr pge mca cmov pat pse36 clflush dts acpi mmx fxsr sse sse2 ss ht tm pbe syscall nx pdpe1gb rdtscp lm constant_tsc arch_perfmon pebs bts rep_good nopl xtopology nonstop_tsc aperfmperf eagerfpu pni pclmulqdq dtes64 monitor ds_cpl vmx est tm2 ssse3 sdbg fma cx16 xtpr pdcm pcid sse4_1 sse4_2 movbe popcnt tsc_deadline_timer aes xsave avx f16c rdrand lahf_lm abm epb tpr_shadow vnmi flexpriority ept vpid fsgsbase tsc_adjust bmi1 avx2 smep bmi2 erms invpcid xsaveopt dtherm ida arat pln pts
bugs		:
bogomips	: 4789.36
clflush size	: 64
cache_alignment	: 64
address sizes	: 39 bits physical, 48 bits virtual
power management:

processor	: 6
vendor_id	: GenuineIntel
cpu family	: 6
model		: 60
model name	: Intel(R) Core(TM) i7-4700MQ CPU @ 2.40GHz
stepping	: 3
microcode	: 0x16
cpu MHz		: 2033.156
cache size	: 6144 KB
physical id	: 0
siblings	: 8
core id		: 3
cpu cores	: 4
apicid		: 6
initial apicid	: 6
fpu		: yes
fpu_exception	: yes
cpuid level	: 13
wp		: yes
flags		: fpu vme de pse tsc msr pae mce cx8 apic sep mtrr pge mca cmov pat pse36 clflush dts acpi mmx fxsr sse sse2 ss ht tm pbe syscall nx pdpe1gb rdtscp lm constant_tsc arch_perfmon pebs bts rep_good nopl xtopology nonstop_tsc aperfmperf eagerfpu pni pclmulqdq dtes64 monitor ds_cpl vmx est tm2 ssse3 sdbg fma cx16 xtpr pdcm pcid sse4_1 sse4_2 movbe popcnt tsc_deadline_timer aes xsave avx f16c rdrand lahf_lm abm epb tpr_shadow vnmi flexpriority ept vpid fsgsbase tsc_adjust bmi1 avx2 smep bmi2 erms invpcid xsaveopt dtherm ida arat pln pts
bugs		:
bogomips	: 4789.36
clflush size	: 64
cache_alignment	: 64
address sizes	: 39 bits physical, 48 bits virtual
power management:

processor	: 7
vendor_id	: GenuineIntel
cpu family	: 6
model		: 60
model name	: Intel(R) Core(TM) i7-4700MQ CPU @ 2.40GHz
stepping	: 3
microcode	: 0x16
cpu MHz		: 2066.625
cache size	: 6144 KB
physical id	: 0
siblings	: 8
core id		: 3
cpu cores	: 4
apicid		: 7
initial apicid	: 7
fpu		: yes
fpu_exception	: yes
cpuid level	: 13
wp		: yes
flags		: fpu vme de pse tsc msr pae mce cx8 apic sep mtrr pge mca cmov pat pse36 clflush dts acpi mmx fxsr sse sse2 ss ht tm pbe syscall nx pdpe1gb rdtscp lm constant_tsc arch_perfmon pebs bts rep_good nopl xtopology nonstop_tsc aperfmperf eagerfpu pni pclmulqdq dtes64 monitor ds_cpl vmx est tm2 ssse3 sdbg fma cx16 xtpr pdcm pcid sse4_1 sse4_2 movbe popcnt tsc_deadline_timer aes xsave avx f16c rdrand lahf_lm abm epb tpr_shadow vnmi flexpriority ept vpid fsgsbase tsc_adjust bmi1 avx2 smep bmi2 erms invpcid xsaveopt dtherm ida arat pln pts
bugs		:
bogomips	: 4789.36
clflush size	: 64
cache_alignment	: 64
address sizes	: 39 bits physical, 48 bits virtual
power management:



Memory: 4k page, physical 8101800k(58004k free), swap 0k(0k free)

vm_info: Java HotSpot(TM) 64-Bit Server VM (25.91-b14) for linux-amd64 JRE (1.8.0_91-b14), built on Apr  1 2016 00:57:21 by "java_re" with gcc 4.3.0 20080428 (Red Hat 4.3.0-8)

time: Thu Aug  4 13:32:47 2016
elapsed time: 7 seconds (0d 0h 0m 7s)

