#
# There is insufficient memory for the Java Runtime Environment to continue.
# Native memory allocation (mmap) failed to map 174063616 bytes for committing reserved memory.
# Possible reasons:
#   The system is out of physical RAM or swap space
#   In 32 bit mode, the process size limit was hit
# Possible solutions:
#   Reduce memory load on the system
#   Increase physical memory or swap space
#   Check if swap backing store is full
#   Use 64 bit Java on a 64 bit OS
#   Decrease Java heap size (-Xmx/-Xms)
#   Decrease number of Java threads
#   Decrease Java thread stack sizes (-Xss)
#   Set larger code cache with -XX:ReservedCodeCacheSize=
# This output file may be truncated or incomplete.
#
#  Out of Memory Error (os_linux.cpp:2627), pid=14715, tid=140130997126912
#
# JRE version: Java(TM) SE Runtime Environment (8.0_91-b14) (build 1.8.0_91-b14)
# Java VM: Java HotSpot(TM) 64-Bit Server VM (25.91-b14 mixed mode linux-amd64 compressed oops)
# Failed to write core dump. Core dumps have been disabled. To enable core dumping, try "ulimit -c unlimited" before starting Java again
#

---------------  T H R E A D  ---------------

Current thread (0x00007f72f8080000):  VMThread [stack: 0x00007f72ca3e4000,0x00007f72ca4e5000] [id=14745]

Stack: [0x00007f72ca3e4000,0x00007f72ca4e5000],  sp=0x00007f72ca4e31a0,  free space=1020k
Native frames: (J=compiled Java code, j=interpreted, Vv=VM code, C=native code)
V  [libjvm.so+0xabc18a]  VMError::report_and_die()+0x2ba
V  [libjvm.so+0x4fafeb]  report_vm_out_of_memory(char const*, int, unsigned long, VMErrorType, char const*)+0x8b
V  [libjvm.so+0x91cbb3]  os::Linux::commit_memory_impl(char*, unsigned long, bool)+0x103
V  [libjvm.so+0x91d109]  os::pd_commit_memory(char*, unsigned long, unsigned long, bool)+0x29
V  [libjvm.so+0x91740a]  os::commit_memory(char*, unsigned long, unsigned long, bool)+0x2a
V  [libjvm.so+0x98b033]  PSVirtualSpace::expand_by(unsigned long)+0x53
V  [libjvm.so+0x98c438]  PSYoungGen::resize_generation(unsigned long, unsigned long)+0xf8
V  [libjvm.so+0x98b592]  PSYoungGen::resize(unsigned long, unsigned long)+0x22
V  [libjvm.so+0x98886b]  PSScavenge::invoke_no_policy()+0xf3b
V  [libjvm.so+0x988ff1]  PSScavenge::invoke()+0x41
V  [libjvm.so+0x9408b0]  ParallelScavengeHeap::failed_mem_allocate(unsigned long)+0x70
V  [libjvm.so+0xabdba7]  VM_ParallelGCFailedAllocation::doit()+0x97
V  [libjvm.so+0xac55d5]  VM_Operation::evaluate()+0x55
V  [libjvm.so+0xac39aa]  VMThread::evaluate_operation(VM_Operation*)+0xba
V  [libjvm.so+0xac3d2e]  VMThread::loop()+0x1ce
V  [libjvm.so+0xac41a0]  VMThread::run()+0x70
V  [libjvm.so+0x91ef78]  java_start(Thread*)+0x108

VM_Operation (0x00007f72c929c960): ParallelGCFailedAllocation, mode: safepoint, requested by thread 0x00007f72f81cc800


---------------  P R O C E S S  ---------------

Java Threads: ( => current thread )
  0x00007f72f81cc800 JavaThread "pool-2-thread-4" [_thread_blocked, id=14827, stack(0x00007f72c919e000,0x00007f72c929f000)]
  0x00007f72f81ca800 JavaThread "pool-2-thread-3" [_thread_blocked, id=14826, stack(0x00007f72c929f000,0x00007f72c93a0000)]
  0x00007f72f81c9800 JavaThread "pool-2-thread-2" [_thread_blocked, id=14825, stack(0x00007f72c93a0000,0x00007f72c94a1000)]
  0x00007f72f81c7800 JavaThread "pool-3-thread-1" [_thread_blocked, id=14823, stack(0x00007f72c94a1000,0x00007f72c95a2000)]
  0x00007f72f81bc000 JavaThread "pool-2-thread-1" [_thread_blocked, id=14816, stack(0x00007f72c95a2000,0x00007f72c96a3000)]
  0x00007f72f80de000 JavaThread "Service Thread" daemon [_thread_blocked, id=14759, stack(0x00007f72c97a4000,0x00007f72c98a5000)]
  0x00007f72f80c8800 JavaThread "C1 CompilerThread3" daemon [_thread_blocked, id=14757, stack(0x00007f72c98a5000,0x00007f72c99a6000)]
  0x00007f72f80c6800 JavaThread "C2 CompilerThread2" daemon [_thread_in_native, id=14756, stack(0x00007f72c99a6000,0x00007f72c9aa7000)]
  0x00007f72f80c5000 JavaThread "C2 CompilerThread1" daemon [_thread_blocked, id=14755, stack(0x00007f72c9aa7000,0x00007f72c9ba8000)]
  0x00007f72f80c2000 JavaThread "C2 CompilerThread0" daemon [_thread_blocked, id=14754, stack(0x00007f72c9ba8000,0x00007f72c9ca9000)]
  0x00007f72f80c0800 JavaThread "Signal Dispatcher" daemon [_thread_blocked, id=14753, stack(0x00007f72c9ca9000,0x00007f72c9daa000)]
  0x00007f72f808c800 JavaThread "Finalizer" daemon [_thread_blocked, id=14747, stack(0x00007f72ca1e2000,0x00007f72ca2e3000)]
  0x00007f72f8087800 JavaThread "Reference Handler" daemon [_thread_blocked, id=14746, stack(0x00007f72ca2e3000,0x00007f72ca3e4000)]
  0x00007f72f800a000 JavaThread "main" [_thread_blocked, id=14720, stack(0x00007f72ff176000,0x00007f72ff277000)]

Other Threads:
=>0x00007f72f8080000 VMThread [stack: 0x00007f72ca3e4000,0x00007f72ca4e5000] [id=14745]
  0x00007f72f80e9000 WatcherThread [stack: 0x00007f72c96a3000,0x00007f72c97a4000] [id=14760]

VM state:at safepoint (normal execution)

VM Mutex/Monitor currently owned by a thread:  ([mutex/lock_event])
[0x00007f72f8006550] Threads_lock - owner thread: 0x00007f72f8080000
[0x00007f72f8006a50] Heap_lock - owner thread: 0x00007f72f81cc800

Heap:
 PSYoungGen      total 132096K, used 5095K [0x00000000eab00000, 0x00000000f3100000, 0x0000000100000000)
  eden space 126976K, 0% used [0x00000000eab00000,0x00000000eab00000,0x00000000f2700000)
  from space 5120K, 99% used [0x00000000f2700000,0x00000000f2bf9cb8,0x00000000f2c00000)
  to   space 5120K, 0% used [0x00000000f2c00000,0x00000000f2c00000,0x00000000f3100000)
 ParOldGen       total 84992K, used 40932K [0x00000000c0000000, 0x00000000c5300000, 0x00000000eab00000)
  object space 84992K, 48% used [0x00000000c0000000,0x00000000c27f90e8,0x00000000c5300000)
 Metaspace       used 6397K, capacity 7192K, committed 7424K, reserved 1056768K
  class space    used 617K, capacity 656K, committed 768K, reserved 1048576K

Card table byte_map: [0x00007f72fc0eb000,0x00007f72fc2ec000] byte_map_base: 0x00007f72fbaeb000

Marking Bits: (ParMarkBitMap*) 0x00007f72fe64ad60
 Begin Bits: [0x00007f72c2000000, 0x00007f72c3000000)
 End Bits:   [0x00007f72c3000000, 0x00007f72c4000000)

Polling page: 0x00007f72ff29a000

CodeCache: size=245760Kb used=6997Kb max_used=6997Kb free=238762Kb
 bounds [0x00007f72e9000000, 0x00007f72e96e0000, 0x00007f72f8000000]
 total_blobs=2188 nmethods=1919 adapters=182
 compilation: enabled

Compilation events (10 events):
Event: 3.249 Thread 0x00007f72f80c8800 nmethod 2081 0x00007f72e96d6950 code [0x00007f72e96d6ba0, 0x00007f72e96d78d8]
Event: 3.249 Thread 0x00007f72f80c8800 2082 %     3       com.android.dx.ssa.SsaRenamer::<init> @ 65 (100 bytes)
Event: 3.250 Thread 0x00007f72f80c8800 nmethod 2082% 0x00007f72e96d8090 code [0x00007f72e96d8280, 0x00007f72e96d8e28]
Event: 3.274 Thread 0x00007f72f80c8800 2083       2       com.android.dx.cf.direct.DirectClassFile::makeTypeList (47 bytes)
Event: 3.274 Thread 0x00007f72f80c8800 nmethod 2083 0x00007f72e96d9350 code [0x00007f72e96d94e0, 0x00007f72e96d9798]
Event: 3.274 Thread 0x00007f72f80c8800 2085       2       com.android.dx.rop.cst.CstLiteral32::getLongBits (6 bytes)
Event: 3.274 Thread 0x00007f72f80c8800 nmethod 2085 0x00007f72e96d98d0 code [0x00007f72e96d9a20, 0x00007f72e96d9b70]
Event: 3.274 Thread 0x00007f72f80c8800 2086       2       java.util.concurrent.locks.LockSupport::unpark (12 bytes)
Event: 3.275 Thread 0x00007f72f80c8800 nmethod 2086 0x00007f72e96d9c10 code [0x00007f72e96d9d80, 0x00007f72e96d9ee8]
Event: 3.280 Thread 0x00007f72f80c8800 2087       2       java.util.concurrent.locks.ReentrantLock$NonfairSync::lock (25 bytes)

GC Heap History (9 events):
Event: 0.625 GC heap before
{Heap before GC invocations=1 (full 0):
 PSYoungGen      total 36864K, used 31744K [0x00000000eab00000, 0x00000000ed400000, 0x0000000100000000)
  eden space 31744K, 100% used [0x00000000eab00000,0x00000000eca00000,0x00000000eca00000)
  from space 5120K, 0% used [0x00000000ecf00000,0x00000000ecf00000,0x00000000ed400000)
  to   space 5120K, 0% used [0x00000000eca00000,0x00000000eca00000,0x00000000ecf00000)
 ParOldGen       total 84992K, used 0K [0x00000000c0000000, 0x00000000c5300000, 0x00000000eab00000)
  object space 84992K, 0% used [0x00000000c0000000,0x00000000c0000000,0x00000000c5300000)
 Metaspace       used 5732K, capacity 6704K, committed 6784K, reserved 1056768K
  class space    used 593K, capacity 616K, committed 640K, reserved 1048576K
Event: 0.633 GC heap after
Heap after GC invocations=1 (full 0):
 PSYoungGen      total 36864K, used 4951K [0x00000000eab00000, 0x00000000ef300000, 0x0000000100000000)
  eden space 31744K, 0% used [0x00000000eab00000,0x00000000eab00000,0x00000000eca00000)
  from space 5120K, 96% used [0x00000000eca00000,0x00000000eced5d48,0x00000000ecf00000)
  to   space 5120K, 0% used [0x00000000eee00000,0x00000000eee00000,0x00000000ef300000)
 ParOldGen       total 84992K, used 8K [0x00000000c0000000, 0x00000000c5300000, 0x00000000eab00000)
  object space 84992K, 0% used [0x00000000c0000000,0x00000000c0002000,0x00000000c5300000)
 Metaspace       used 5732K, capacity 6704K, committed 6784K, reserved 1056768K
  class space    used 593K, capacity 616K, committed 640K, reserved 1048576K
}
Event: 1.223 GC heap before
{Heap before GC invocations=2 (full 0):
 PSYoungGen      total 36864K, used 36695K [0x00000000eab00000, 0x00000000ef300000, 0x0000000100000000)
  eden space 31744K, 100% used [0x00000000eab00000,0x00000000eca00000,0x00000000eca00000)
  from space 5120K, 96% used [0x00000000eca00000,0x00000000eced5d48,0x00000000ecf00000)
  to   space 5120K, 0% used [0x00000000eee00000,0x00000000eee00000,0x00000000ef300000)
 ParOldGen       total 84992K, used 8K [0x00000000c0000000, 0x00000000c5300000, 0x00000000eab00000)
  object space 84992K, 0% used [0x00000000c0000000,0x00000000c0002000,0x00000000c5300000)
 Metaspace       used 5959K, capacity 6896K, committed 7040K, reserved 1056768K
  class space    used 595K, capacity 616K, committed 640K, reserved 1048576K
Event: 1.266 GC heap after
Heap after GC invocations=2 (full 0):
 PSYoungGen      total 68608K, used 5115K [0x00000000eab00000, 0x00000000ef300000, 0x0000000100000000)
  eden space 63488K, 0% used [0x00000000eab00000,0x00000000eab00000,0x00000000ee900000)
  from space 5120K, 99% used [0x00000000eee00000,0x00000000ef2fed18,0x00000000ef300000)
  to   space 5120K, 0% used [0x00000000ee900000,0x00000000ee900000,0x00000000eee00000)
 ParOldGen       total 84992K, used 3131K [0x00000000c0000000, 0x00000000c5300000, 0x00000000eab00000)
  object space 84992K, 3% used [0x00000000c0000000,0x00000000c030ee28,0x00000000c5300000)
 Metaspace       used 5959K, capacity 6896K, committed 7040K, reserved 1056768K
  class space    used 595K, capacity 616K, committed 640K, reserved 1048576K
}
Event: 1.976 GC heap before
{Heap before GC invocations=3 (full 0):
 PSYoungGen      total 68608K, used 68603K [0x00000000eab00000, 0x00000000ef300000, 0x0000000100000000)
  eden space 63488K, 100% used [0x00000000eab00000,0x00000000ee900000,0x00000000ee900000)
  from space 5120K, 99% used [0x00000000eee00000,0x00000000ef2fed18,0x00000000ef300000)
  to   space 5120K, 0% used [0x00000000ee900000,0x00000000ee900000,0x00000000eee00000)
 ParOldGen       total 84992K, used 3131K [0x00000000c0000000, 0x00000000c5300000, 0x00000000eab00000)
  object space 84992K, 3% used [0x00000000c0000000,0x00000000c030ee28,0x00000000c5300000)
 Metaspace       used 6031K, capacity 6960K, committed 7040K, reserved 1056768K
  class space    used 596K, capacity 616K, committed 640K, reserved 1048576K
Event: 2.030 GC heap after
Heap after GC invocations=3 (full 0):
 PSYoungGen      total 68608K, used 5101K [0x00000000eab00000, 0x00000000f3100000, 0x0000000100000000)
  eden space 63488K, 0% used [0x00000000eab00000,0x00000000eab00000,0x00000000ee900000)
  from space 5120K, 99% used [0x00000000ee900000,0x00000000eedfb488,0x00000000eee00000)
  to   space 5120K, 0% used [0x00000000f2c00000,0x00000000f2c00000,0x00000000f3100000)
 ParOldGen       total 84992K, used 12076K [0x00000000c0000000, 0x00000000c5300000, 0x00000000eab00000)
  object space 84992K, 14% used [0x00000000c0000000,0x00000000c0bcb150,0x00000000c5300000)
 Metaspace       used 6031K, capacity 6960K, committed 7040K, reserved 1056768K
  class space    used 596K, capacity 616K, committed 640K, reserved 1048576K
}
Event: 2.319 GC heap before
{Heap before GC invocations=4 (full 0):
 PSYoungGen      total 68608K, used 68589K [0x00000000eab00000, 0x00000000f3100000, 0x0000000100000000)
  eden space 63488K, 100% used [0x00000000eab00000,0x00000000ee900000,0x00000000ee900000)
  from space 5120K, 99% used [0x00000000ee900000,0x00000000eedfb488,0x00000000eee00000)
  to   space 5120K, 0% used [0x00000000f2c00000,0x00000000f2c00000,0x00000000f3100000)
 ParOldGen       total 84992K, used 12076K [0x00000000c0000000, 0x00000000c5300000, 0x00000000eab00000)
  object space 84992K, 14% used [0x00000000c0000000,0x00000000c0bcb150,0x00000000c5300000)
 Metaspace       used 6080K, capacity 7024K, committed 7296K, reserved 1056768K
  class space    used 596K, capacity 616K, committed 640K, reserved 1048576K
Event: 2.376 GC heap after
Heap after GC invocations=4 (full 0):
 PSYoungGen      total 132096K, used 5101K [0x00000000eab00000, 0x00000000f3100000, 0x0000000100000000)
  eden space 126976K, 0% used [0x00000000eab00000,0x00000000eab00000,0x00000000f2700000)
  from space 5120K, 99% used [0x00000000f2c00000,0x00000000f30fb488,0x00000000f3100000)
  to   space 5120K, 0% used [0x00000000f2700000,0x00000000f2700000,0x00000000f2c00000)
 ParOldGen       total 84992K, used 21303K [0x00000000c0000000, 0x00000000c5300000, 0x00000000eab00000)
  object space 84992K, 25% used [0x00000000c0000000,0x00000000c14cdc60,0x00000000c5300000)
 Metaspace       used 6080K, capacity 7024K, committed 7296K, reserved 1056768K
  class space    used 596K, capacity 616K, committed 640K, reserved 1048576K
}
Event: 3.306 GC heap before
{Heap before GC invocations=5 (full 0):
 PSYoungGen      total 132096K, used 132077K [0x00000000eab00000, 0x00000000f3100000, 0x0000000100000000)
  eden space 126976K, 100% used [0x00000000eab00000,0x00000000f2700000,0x00000000f2700000)
  from space 5120K, 99% used [0x00000000f2c00000,0x00000000f30fb488,0x00000000f3100000)
  to   space 5120K, 0% used [0x00000000f2700000,0x00000000f2700000,0x00000000f2c00000)
 ParOldGen       total 84992K, used 21303K [0x00000000c0000000, 0x00000000c5300000, 0x00000000eab00000)
  object space 84992K, 25% used [0x00000000c0000000,0x00000000c14cdc60,0x00000000c5300000)
 Metaspace       used 6397K, capacity 7192K, committed 7424K, reserved 1056768K
  class space    used 617K, capacity 656K, committed 768K, reserved 1048576K

Deoptimization events (10 events):
Event: 2.102 Thread 0x00007f72f81cc800 Uncommon trap: reason=bimorphic action=maybe_recompile pc=0x00007f72e94cfa6c method=com.android.dx.cf.code.BytecodeArray.parseInstruction(ILcom/android/dx/cf/code/BytecodeArray$Visitor;)I @ 1130
Event: 2.106 Thread 0x00007f72f81cc800 Uncommon trap: reason=bimorphic action=maybe_recompile pc=0x00007f72e94cfa6c method=com.android.dx.cf.code.BytecodeArray.parseInstruction(ILcom/android/dx/cf/code/BytecodeArray$Visitor;)I @ 1130
Event: 2.120 Thread 0x00007f72f81bc000 Uncommon trap: reason=bimorphic action=maybe_recompile pc=0x00007f72e94cecec method=com.android.dx.cf.code.BytecodeArray.parseInstruction(ILcom/android/dx/cf/code/BytecodeArray$Visitor;)I @ 1501
Event: 2.121 Thread 0x00007f72f81bc000 Uncommon trap: reason=bimorphic action=maybe_recompile pc=0x00007f72e94cecec method=com.android.dx.cf.code.BytecodeArray.parseInstruction(ILcom/android/dx/cf/code/BytecodeArray$Visitor;)I @ 1501
Event: 2.270 Thread 0x00007f72f81ca800 Uncommon trap: reason=class_check action=maybe_recompile pc=0x00007f72e9369424 method=java.util.HashMap.putVal(ILjava/lang/Object;Ljava/lang/Object;ZZ)Ljava/lang/Object; @ 203
Event: 2.627 Thread 0x00007f72f81c9800 Uncommon trap: reason=unstable_if action=reinterpret pc=0x00007f72e953bd2c method=com.android.dx.rop.code.LocalItem.compareHandlesNulls(Lcom/android/dx/rop/cst/CstString;Lcom/android/dx/rop/cst/CstString;)I @ 14
Event: 3.037 Thread 0x00007f72f81bc000 Uncommon trap: reason=unstable_if action=reinterpret pc=0x00007f72e9298b14 method=java.util.HashMap.putVal(ILjava/lang/Object;Ljava/lang/Object;ZZ)Ljava/lang/Object; @ 162
Event: 3.058 Thread 0x00007f72f81bc000 Uncommon trap: reason=unstable_if action=reinterpret pc=0x00007f72e93d4bf4 method=java.util.HashMap.getNode(ILjava/lang/Object;)Ljava/util/HashMap$Node; @ 84
Event: 3.092 Thread 0x00007f72f81ca800 Uncommon trap: reason=unstable_if action=reinterpret pc=0x00007f72e9692468 method=com.android.dx.rop.code.RegisterSpec.equals(ILcom/android/dx/rop/type/TypeBearer;Lcom/android/dx/rop/code/LocalItem;)Z @ 42
Event: 3.114 Thread 0x00007f72f81ca800 Uncommon trap: reason=unstable_if action=reinterpret pc=0x00007f72e967b458 method=com.android.dx.rop.code.RegisterSpec.equals(ILcom/android/dx/rop/type/TypeBearer;Lcom/android/dx/rop/code/LocalItem;)Z @ 42

Internal exceptions (6 events):
Event: 0.055 Thread 0x00007f72f800a000 Exception <a 'java/lang/NoSuchMethodError': Method sun.misc.Unsafe.defineClass(Ljava/lang/String;[BII)Ljava/lang/Class; name or signature does not match> (0x00000000eab07cc0) thrown at [/HUDSON/workspace/8-2-build-linux-amd64/jdk8u91/6644/hotspot/src/shar
Event: 0.055 Thread 0x00007f72f800a000 Exception <a 'java/lang/NoSuchMethodError': Method sun.misc.Unsafe.prefetchRead(Ljava/lang/Object;J)V name or signature does not match> (0x00000000eab07fa8) thrown at [/HUDSON/workspace/8-2-build-linux-amd64/jdk8u91/6644/hotspot/src/share/vm/prims/jni.cpp
Event: 2.627 Thread 0x00007f72f81c9800 Implicit null exception at 0x00007f72e953a526 to 0x00007f72e953bcfd
Event: 3.039 Thread 0x00007f72f81bc000 Exception <a 'java/lang/ArrayIndexOutOfBoundsException': 18> (0x00000000f0e28250) thrown at [/HUDSON/workspace/8-2-build-linux-amd64/jdk8u91/6644/hotspot/src/share/vm/interpreter/interpreterRuntime.cpp, line 366]
Event: 3.042 Thread 0x00007f72f81bc000 Exception <a 'java/lang/ArrayIndexOutOfBoundsException'> (0x00000000f0e29dd0) thrown at [/HUDSON/workspace/8-2-build-linux-amd64/jdk8u91/6644/hotspot/src/share/vm/runtime/sharedRuntime.cpp, line 605]
Event: 3.043 Thread 0x00007f72f81bc000 Exception <a 'java/lang/ArrayIndexOutOfBoundsException'> (0x00000000f0e2b0b8) thrown at [/HUDSON/workspace/8-2-build-linux-amd64/jdk8u91/6644/hotspot/src/share/vm/runtime/sharedRuntime.cpp, line 605]

Events (10 events):
Event: 3.092 Thread 0x00007f72f81ca800 DEOPT PACKING pc=0x00007f72e9692468 sp=0x00007f72c939dd30
Event: 3.092 Thread 0x00007f72f81ca800 DEOPT UNPACKING pc=0x00007f72e9005229 sp=0x00007f72c939dc58 mode 2
Event: 3.114 Thread 0x00007f72f81ca800 Uncommon trap: trap_request=0xffffff65 fr.pc=0x00007f72e967b458
Event: 3.114 Thread 0x00007f72f81ca800 DEOPT PACKING pc=0x00007f72e967b458 sp=0x00007f72c939dc30
Event: 3.114 Thread 0x00007f72f81ca800 DEOPT UNPACKING pc=0x00007f72e9005229 sp=0x00007f72c939dbd8 mode 2
Event: 3.200 Thread 0x00007f72f81cc800 DEOPT PACKING pc=0x00007f72e93e546c sp=0x00007f72c929cde0
Event: 3.200 Thread 0x00007f72f81cc800 DEOPT UNPACKING pc=0x00007f72e9047633 sp=0x00007f72c929cae0 mode 0
Event: 3.250 Thread 0x00007f72f800a000 DEOPT PACKING pc=0x00007f72e93eeb2a sp=0x00007f72ff274680
Event: 3.250 Thread 0x00007f72f800a000 DEOPT UNPACKING pc=0x00007f72e9047633 sp=0x00007f72ff274418 mode 0
Event: 3.281 Executing VM operation: ParallelGCFailedAllocation


Dynamic libraries:
00400000-00401000 r-xp 00000000 08:01 9839507                            /usr/lib/jvm/java-8-oracle/bin/java
00600000-00601000 rw-p 00000000 08:01 9839507                            /usr/lib/jvm/java-8-oracle/bin/java
00adb000-00afc000 rw-p 00000000 00:00 0                                  [heap]
c0000000-c5300000 rw-p 00000000 00:00 0 
c5300000-eab00000 ---p 00000000 00:00 0 
eab00000-f3100000 rw-p 00000000 00:00 0 
fd700000-100000000 ---p 00000000 00:00 0 
100000000-1000c0000 rw-p 00000000 00:00 0 
1000c0000-140000000 ---p 00000000 00:00 0 
7f7284000000-7f7284021000 rw-p 00000000 00:00 0 
7f7284021000-7f7288000000 ---p 00000000 00:00 0 
7f7288000000-7f7288021000 rw-p 00000000 00:00 0 
7f7288021000-7f728c000000 ---p 00000000 00:00 0 
7f728c000000-7f728c021000 rw-p 00000000 00:00 0 
7f728c021000-7f7290000000 ---p 00000000 00:00 0 
7f7290000000-7f7290027000 rw-p 00000000 00:00 0 
7f7290027000-7f7294000000 ---p 00000000 00:00 0 
7f7294000000-7f7294021000 rw-p 00000000 00:00 0 
7f7294021000-7f7298000000 ---p 00000000 00:00 0 
7f7298000000-7f7298034000 rw-p 00000000 00:00 0 
7f7298034000-7f729c000000 ---p 00000000 00:00 0 
7f729c000000-7f729cb9c000 rw-p 00000000 00:00 0 
7f729cb9c000-7f72a0000000 ---p 00000000 00:00 0 
7f72a0000000-7f72a0021000 rw-p 00000000 00:00 0 
7f72a0021000-7f72a4000000 ---p 00000000 00:00 0 
7f72a4000000-7f72a4d44000 rw-p 00000000 00:00 0 
7f72a4d44000-7f72a8000000 ---p 00000000 00:00 0 
7f72a8000000-7f72a9143000 rw-p 00000000 00:00 0 
7f72a9143000-7f72ac000000 ---p 00000000 00:00 0 
7f72ac000000-7f72ac021000 rw-p 00000000 00:00 0 
7f72ac021000-7f72b0000000 ---p 00000000 00:00 0 
7f72b0000000-7f72b100c000 rw-p 00000000 00:00 0 
7f72b100c000-7f72b4000000 ---p 00000000 00:00 0 
7f72b4000000-7f72b4021000 rw-p 00000000 00:00 0 
7f72b4021000-7f72b8000000 ---p 00000000 00:00 0 
7f72b8000000-7f72b8021000 rw-p 00000000 00:00 0 
7f72b8021000-7f72bc000000 ---p 00000000 00:00 0 
7f72bc000000-7f72bc28d000 rw-p 00000000 00:00 0 
7f72bc28d000-7f72c0000000 ---p 00000000 00:00 0 
7f72c1627000-7f72c1800000 r--s 03d1f000 08:01 9967487                    /usr/lib/jvm/java-8-oracle/jre/lib/rt.jar
7f72c1800000-7f72c1e80000 rw-p 00000000 00:00 0 
7f72c1e80000-7f72c2000000 ---p 00000000 00:00 0 
7f72c2000000-7f72c4000000 rw-p 00000000 00:00 0 
7f72c4000000-7f72c4021000 rw-p 00000000 00:00 0 
7f72c4021000-7f72c8000000 ---p 00000000 00:00 0 
7f72c919e000-7f72c91a1000 ---p 00000000 00:00 0 
7f72c91a1000-7f72c929f000 rw-p 00000000 00:00 0 
7f72c929f000-7f72c92a2000 ---p 00000000 00:00 0 
7f72c92a2000-7f72c93a0000 rw-p 00000000 00:00 0 
7f72c93a0000-7f72c93a3000 ---p 00000000 00:00 0 
7f72c93a3000-7f72c94a1000 rw-p 00000000 00:00 0 
7f72c94a1000-7f72c94a4000 ---p 00000000 00:00 0 
7f72c94a4000-7f72c95a2000 rw-p 00000000 00:00 0 
7f72c95a2000-7f72c95a5000 ---p 00000000 00:00 0 
7f72c95a5000-7f72c96a3000 rw-p 00000000 00:00 0 
7f72c96a3000-7f72c96a4000 ---p 00000000 00:00 0 
7f72c96a4000-7f72c97a4000 rw-p 00000000 00:00 0 
7f72c97a4000-7f72c97a7000 ---p 00000000 00:00 0 
7f72c97a7000-7f72c98a5000 rw-p 00000000 00:00 0 
7f72c98a5000-7f72c98a8000 ---p 00000000 00:00 0 
7f72c98a8000-7f72c99a6000 rw-p 00000000 00:00 0 
7f72c99a6000-7f72c99a9000 ---p 00000000 00:00 0 
7f72c99a9000-7f72c9aa7000 rw-p 00000000 00:00 0 
7f72c9aa7000-7f72c9aaa000 ---p 00000000 00:00 0 
7f72c9aaa000-7f72c9ba8000 rw-p 00000000 00:00 0 
7f72c9ba8000-7f72c9bab000 ---p 00000000 00:00 0 
7f72c9bab000-7f72c9ca9000 rw-p 00000000 00:00 0 
7f72c9ca9000-7f72c9cac000 ---p 00000000 00:00 0 
7f72c9cac000-7f72c9daa000 rw-p 00000000 00:00 0 
7f72c9daa000-7f72ca1e2000 r--p 00000000 08:01 9700768                    /usr/lib/locale/locale-archive
7f72ca1e2000-7f72ca1e5000 ---p 00000000 00:00 0 
7f72ca1e5000-7f72ca2e3000 rw-p 00000000 00:00 0 
7f72ca2e3000-7f72ca2e6000 ---p 00000000 00:00 0 
7f72ca2e6000-7f72ca3e4000 rw-p 00000000 00:00 0 
7f72ca3e4000-7f72ca3e5000 ---p 00000000 00:00 0 
7f72ca3e5000-7f72cc000000 rw-p 00000000 00:00 0 
7f72cc000000-7f72cc021000 rw-p 00000000 00:00 0 
7f72cc021000-7f72d0000000 ---p 00000000 00:00 0 
7f72d0000000-7f72d0021000 rw-p 00000000 00:00 0 
7f72d0021000-7f72d4000000 ---p 00000000 00:00 0 
7f72d4000000-7f72d4021000 rw-p 00000000 00:00 0 
7f72d4021000-7f72d8000000 ---p 00000000 00:00 0 
7f72d8000000-7f72d8021000 rw-p 00000000 00:00 0 
7f72d8021000-7f72dc000000 ---p 00000000 00:00 0 
7f72dc000000-7f72dc021000 rw-p 00000000 00:00 0 
7f72dc021000-7f72e0000000 ---p 00000000 00:00 0 
7f72e0000000-7f72e0021000 rw-p 00000000 00:00 0 
7f72e0021000-7f72e4000000 ---p 00000000 00:00 0 
7f72e4000000-7f72e4021000 rw-p 00000000 00:00 0 
7f72e4021000-7f72e8000000 ---p 00000000 00:00 0 
7f72e8006000-7f72e801c000 r--s 000f1000 08:01 4217023                    /home/oguz/Masaüstü/FomApplicationAndroid/app/build/intermediates/exploded-aar/com.android.support/support-v4/23.3.0/jars/classes.jar
7f72e801c000-7f72e82e2000 rw-p 00000000 00:00 0 
7f72e82e2000-7f72e82e3000 ---p 00000000 00:00 0 
7f72e82e3000-7f72e83e3000 rw-p 00000000 00:00 0 
7f72e83e3000-7f72e83e4000 ---p 00000000 00:00 0 
7f72e83e4000-7f72e84e4000 rw-p 00000000 00:00 0 
7f72e84e4000-7f72e84e5000 ---p 00000000 00:00 0 
7f72e84e5000-7f72e85e5000 rw-p 00000000 00:00 0 
7f72e85e5000-7f72e85e6000 ---p 00000000 00:00 0 
7f72e85e6000-7f72e86e6000 rw-p 00000000 00:00 0 
7f72e86e6000-7f72e86e7000 ---p 00000000 00:00 0 
7f72e86e7000-7f72e87e7000 rw-p 00000000 00:00 0 
7f72e87e7000-7f72e87e8000 ---p 00000000 00:00 0 
7f72e87e8000-7f72e88e8000 rw-p 00000000 00:00 0 
7f72e88e8000-7f72e88e9000 ---p 00000000 00:00 0 
7f72e88e9000-7f72e89e9000 rw-p 00000000 00:00 0 
7f72e89e9000-7f72e89ea000 ---p 00000000 00:00 0 
7f72e89ea000-7f72e8b14000 rw-p 00000000 00:00 0 
7f72e8b14000-7f72e8c40000 ---p 00000000 00:00 0 
7f72e8c40000-7f72e8c5c000 rw-p 00000000 00:00 0 
7f72e8c5c000-7f72e9000000 ---p 00000000 00:00 0 
7f72e9000000-7f72e96e0000 rwxp 00000000 00:00 0 
7f72e96e0000-7f72f8000000 ---p 00000000 00:00 0 
7f72f8000000-7f72f83b3000 rw-p 00000000 00:00 0 
7f72f83b3000-7f72fc000000 ---p 00000000 00:00 0 
7f72fc003000-7f72fc012000 r--s 000df000 08:01 5246091                    /home/oguz/Android/Sdk/build-tools/23.0.3/lib/dx.jar
7f72fc012000-7f72fc115000 rw-p 00000000 00:00 0 
7f72fc115000-7f72fc240000 ---p 00000000 00:00 0 
7f72fc240000-7f72fc284000 rw-p 00000000 00:00 0 
7f72fc284000-7f72fc2eb000 ---p 00000000 00:00 0 
7f72fc2eb000-7f72fc2ec000 rw-p 00000000 00:00 0 
7f72fc2ec000-7f72fc306000 r-xp 00000000 08:01 10092954                   /usr/lib/jvm/java-8-oracle/jre/lib/amd64/libzip.so
7f72fc306000-7f72fc506000 ---p 0001a000 08:01 10092954                   /usr/lib/jvm/java-8-oracle/jre/lib/amd64/libzip.so
7f72fc506000-7f72fc507000 rw-p 0001a000 08:01 10092954                   /usr/lib/jvm/java-8-oracle/jre/lib/amd64/libzip.so
7f72fc507000-7f72fc512000 r-xp 00000000 08:01 7603299                    /lib/x86_64-linux-gnu/libnss_files-2.23.so
7f72fc512000-7f72fc711000 ---p 0000b000 08:01 7603299                    /lib/x86_64-linux-gnu/libnss_files-2.23.so
7f72fc711000-7f72fc712000 r--p 0000a000 08:01 7603299                    /lib/x86_64-linux-gnu/libnss_files-2.23.so
7f72fc712000-7f72fc713000 rw-p 0000b000 08:01 7603299                    /lib/x86_64-linux-gnu/libnss_files-2.23.so
7f72fc713000-7f72fc719000 rw-p 00000000 00:00 0 
7f72fc719000-7f72fc724000 r-xp 00000000 08:01 7603296                    /lib/x86_64-linux-gnu/libnss_nis-2.23.so
7f72fc724000-7f72fc923000 ---p 0000b000 08:01 7603296                    /lib/x86_64-linux-gnu/libnss_nis-2.23.so
7f72fc923000-7f72fc924000 r--p 0000a000 08:01 7603296                    /lib/x86_64-linux-gnu/libnss_nis-2.23.so
7f72fc924000-7f72fc925000 rw-p 0000b000 08:01 7603296                    /lib/x86_64-linux-gnu/libnss_nis-2.23.so
7f72fc925000-7f72fc93b000 r-xp 00000000 08:01 7603294                    /lib/x86_64-linux-gnu/libnsl-2.23.so
7f72fc93b000-7f72fcb3b000 ---p 00016000 08:01 7603294                    /lib/x86_64-linux-gnu/libnsl-2.23.so
7f72fcb3b000-7f72fcb3c000 r--p 00016000 08:01 7603294                    /lib/x86_64-linux-gnu/libnsl-2.23.so
7f72fcb3c000-7f72fcb3d000 rw-p 00017000 08:01 7603294                    /lib/x86_64-linux-gnu/libnsl-2.23.so
7f72fcb3d000-7f72fcb3f000 rw-p 00000000 00:00 0 
7f72fcb3f000-7f72fcb47000 r-xp 00000000 08:01 7603292                    /lib/x86_64-linux-gnu/libnss_compat-2.23.so
7f72fcb47000-7f72fcd46000 ---p 00008000 08:01 7603292                    /lib/x86_64-linux-gnu/libnss_compat-2.23.so
7f72fcd46000-7f72fcd47000 r--p 00007000 08:01 7603292                    /lib/x86_64-linux-gnu/libnss_compat-2.23.so
7f72fcd47000-7f72fcd48000 rw-p 00008000 08:01 7603292                    /lib/x86_64-linux-gnu/libnss_compat-2.23.so
7f72fcd48000-7f72fcd72000 r-xp 00000000 08:01 10092949                   /usr/lib/jvm/java-8-oracle/jre/lib/amd64/libjava.so
7f72fcd72000-7f72fcf72000 ---p 0002a000 08:01 10092949                   /usr/lib/jvm/java-8-oracle/jre/lib/amd64/libjava.so
7f72fcf72000-7f72fcf74000 rw-p 0002a000 08:01 10092949                   /usr/lib/jvm/java-8-oracle/jre/lib/amd64/libjava.so
7f72fcf74000-7f72fcf81000 r-xp 00000000 08:01 10092953                   /usr/lib/jvm/java-8-oracle/jre/lib/amd64/libverify.so
7f72fcf81000-7f72fd181000 ---p 0000d000 08:01 10092953                   /usr/lib/jvm/java-8-oracle/jre/lib/amd64/libverify.so
7f72fd181000-7f72fd183000 rw-p 0000d000 08:01 10092953                   /usr/lib/jvm/java-8-oracle/jre/lib/amd64/libverify.so
7f72fd183000-7f72fd18a000 r-xp 00000000 08:01 7603308                    /lib/x86_64-linux-gnu/librt-2.23.so
7f72fd18a000-7f72fd389000 ---p 00007000 08:01 7603308                    /lib/x86_64-linux-gnu/librt-2.23.so
7f72fd389000-7f72fd38a000 r--p 00006000 08:01 7603308                    /lib/x86_64-linux-gnu/librt-2.23.so
7f72fd38a000-7f72fd38b000 rw-p 00007000 08:01 7603308                    /lib/x86_64-linux-gnu/librt-2.23.so
7f72fd38b000-7f72fd493000 r-xp 00000000 08:01 7603305                    /lib/x86_64-linux-gnu/libm-2.23.so
7f72fd493000-7f72fd692000 ---p 00108000 08:01 7603305                    /lib/x86_64-linux-gnu/libm-2.23.so
7f72fd692000-7f72fd693000 r--p 00107000 08:01 7603305                    /lib/x86_64-linux-gnu/libm-2.23.so
7f72fd693000-7f72fd694000 rw-p 00108000 08:01 7603305                    /lib/x86_64-linux-gnu/libm-2.23.so
7f72fd694000-7f72fe354000 r-xp 00000000 08:01 10092932                   /usr/lib/jvm/java-8-oracle/jre/lib/amd64/server/libjvm.so
7f72fe354000-7f72fe554000 ---p 00cc0000 08:01 10092932                   /usr/lib/jvm/java-8-oracle/jre/lib/amd64/server/libjvm.so
7f72fe554000-7f72fe62c000 rw-p 00cc0000 08:01 10092932                   /usr/lib/jvm/java-8-oracle/jre/lib/amd64/server/libjvm.so
7f72fe62c000-7f72fe677000 rw-p 00000000 00:00 0 
7f72fe677000-7f72fe837000 r-xp 00000000 08:01 7603313                    /lib/x86_64-linux-gnu/libc-2.23.so
7f72fe837000-7f72fea37000 ---p 001c0000 08:01 7603313                    /lib/x86_64-linux-gnu/libc-2.23.so
7f72fea37000-7f72fea3b000 r--p 001c0000 08:01 7603313                    /lib/x86_64-linux-gnu/libc-2.23.so
7f72fea3b000-7f72fea3d000 rw-p 001c4000 08:01 7603313                    /lib/x86_64-linux-gnu/libc-2.23.so
7f72fea3d000-7f72fea41000 rw-p 00000000 00:00 0 
7f72fea41000-7f72fea44000 r-xp 00000000 08:01 7603314                    /lib/x86_64-linux-gnu/libdl-2.23.so
7f72fea44000-7f72fec43000 ---p 00003000 08:01 7603314                    /lib/x86_64-linux-gnu/libdl-2.23.so
7f72fec43000-7f72fec44000 r--p 00002000 08:01 7603314                    /lib/x86_64-linux-gnu/libdl-2.23.so
7f72fec44000-7f72fec45000 rw-p 00003000 08:01 7603314                    /lib/x86_64-linux-gnu/libdl-2.23.so
7f72fec45000-7f72fec5a000 r-xp 00000000 08:01 9840182                    /usr/lib/jvm/java-8-oracle/lib/amd64/jli/libjli.so
7f72fec5a000-7f72fee5a000 ---p 00015000 08:01 9840182                    /usr/lib/jvm/java-8-oracle/lib/amd64/jli/libjli.so
7f72fee5a000-7f72fee5b000 rw-p 00015000 08:01 9840182                    /usr/lib/jvm/java-8-oracle/lib/amd64/jli/libjli.so
7f72fee5b000-7f72fee73000 r-xp 00000000 08:01 7603312                    /lib/x86_64-linux-gnu/libpthread-2.23.so
7f72fee73000-7f72ff072000 ---p 00018000 08:01 7603312                    /lib/x86_64-linux-gnu/libpthread-2.23.so
7f72ff072000-7f72ff073000 r--p 00017000 08:01 7603312                    /lib/x86_64-linux-gnu/libpthread-2.23.so
7f72ff073000-7f72ff074000 rw-p 00018000 08:01 7603312                    /lib/x86_64-linux-gnu/libpthread-2.23.so
7f72ff074000-7f72ff078000 rw-p 00000000 00:00 0 
7f72ff078000-7f72ff09e000 r-xp 00000000 08:01 7603309                    /lib/x86_64-linux-gnu/ld-2.23.so
7f72ff0a4000-7f72ff176000 rw-p 00000000 00:00 0 
7f72ff176000-7f72ff179000 ---p 00000000 00:00 0 
7f72ff179000-7f72ff27b000 rw-p 00000000 00:00 0 
7f72ff27d000-7f72ff291000 rw-p 00000000 00:00 0 
7f72ff291000-7f72ff299000 rw-s 00000000 08:01 132165                     /tmp/hsperfdata_oguz/14715
7f72ff299000-7f72ff29a000 rw-p 00000000 00:00 0 
7f72ff29a000-7f72ff29b000 ---p 00000000 00:00 0 
7f72ff29b000-7f72ff29d000 rw-p 00000000 00:00 0 
7f72ff29d000-7f72ff29e000 r--p 00025000 08:01 7603309                    /lib/x86_64-linux-gnu/ld-2.23.so
7f72ff29e000-7f72ff29f000 rw-p 00026000 08:01 7603309                    /lib/x86_64-linux-gnu/ld-2.23.so
7f72ff29f000-7f72ff2a0000 rw-p 00000000 00:00 0 
7ffda1bd6000-7ffda1bf7000 rw-p 00000000 00:00 0                          [stack]
7ffda1bfa000-7ffda1bfc000 r--p 00000000 00:00 0                          [vvar]
7ffda1bfc000-7ffda1bfe000 r-xp 00000000 00:00 0                          [vdso]
ffffffffff600000-ffffffffff601000 r-xp 00000000 00:00 0                  [vsyscall]

VM Arguments:
jvm_args: -Djava.awt.headless=true -Xmx1024M -Dfile.encoding=UTF-8 -Duser.country=TR -Duser.language=tr -Duser.variant 
java_command: com.android.dx.command.Main --dex --force-jumbo --num-threads=4 --multi-dex --output /home/oguz/Masaüstü/FomApplicationAndroid/app/build/intermediates/transforms/dex/debug/folders/1000/10/com.android.support-support-v4-23.3.0_1d90533453f3a10258630f53969ab030a2b745fd /home/oguz/Masaüstü/FomApplicationAndroid/app/build/intermediates/exploded-aar/com.android.support/support-v4/23.3.0/jars/classes.jar
java_class_path (initial): /home/oguz/Android/Sdk/build-tools/23.0.3/lib/dx.jar
Launcher Type: SUN_STANDARD

Environment Variables:
PATH=/usr/local/sbin:/usr/local/bin:/usr/sbin:/usr/bin:/sbin:/bin:/usr/games:/usr/local/games:/snap/bin
LD_LIBRARY_PATH=/home/oguz/Masaüstü/Derleyiciler/android-studio/bin:
SHELL=/bin/bash
DISPLAY=:0

Signal Handlers:
SIGSEGV: [libjvm.so+0xabca10], sa_mask[0]=11111111011111111101111111111110, sa_flags=SA_RESTART|SA_SIGINFO
SIGBUS: [libjvm.so+0xabca10], sa_mask[0]=11111111011111111101111111111110, sa_flags=SA_RESTART|SA_SIGINFO
SIGFPE: [libjvm.so+0x919a20], sa_mask[0]=11111111011111111101111111111110, sa_flags=SA_RESTART|SA_SIGINFO
SIGPIPE: [libjvm.so+0x919a20], sa_mask[0]=11111111011111111101111111111110, sa_flags=SA_RESTART|SA_SIGINFO
SIGXFSZ: [libjvm.so+0x919a20], sa_mask[0]=11111111011111111101111111111110, sa_flags=SA_RESTART|SA_SIGINFO
SIGILL: [libjvm.so+0x919a20], sa_mask[0]=11111111011111111101111111111110, sa_flags=SA_RESTART|SA_SIGINFO
SIGUSR1: SIG_DFL, sa_mask[0]=00000000000000000000000000000000, sa_flags=none
SIGUSR2: [libjvm.so+0x91b050], sa_mask[0]=00100000000000000000000000000000, sa_flags=SA_RESTART|SA_SIGINFO
SIGHUP: [libjvm.so+0x91c450], sa_mask[0]=11111111011111111101111111111110, sa_flags=SA_RESTART|SA_SIGINFO
SIGINT: [libjvm.so+0x91c450], sa_mask[0]=11111111011111111101111111111110, sa_flags=SA_RESTART|SA_SIGINFO
SIGTERM: [libjvm.so+0x91c450], sa_mask[0]=11111111011111111101111111111110, sa_flags=SA_RESTART|SA_SIGINFO
SIGQUIT: [libjvm.so+0x91c450], sa_mask[0]=11111111011111111101111111111110, sa_flags=SA_RESTART|SA_SIGINFO


---------------  S Y S T E M  ---------------

OS:DISTRIB_ID=Ubuntu
DISTRIB_RELEASE=16.04
DISTRIB_CODENAME=xenial
DISTRIB_DESCRIPTION="Ubuntu Xenial Xerus (development branch)"

uname:Linux 4.4.0-22-generic #39-Ubuntu SMP Thu May 5 16:53:32 UTC 2016 x86_64
libc:glibc 2.23 NPTL 2.23 
rlimit: STACK 8192k, CORE 0k, NPROC 31498, NOFILE 65536, AS infinity
load average:28.33 8.47 3.20

/proc/meminfo:
MemTotal:        8101800 kB
MemFree:           55324 kB
MemAvailable:     156424 kB
Buffers:            3212 kB
Cached:           618188 kB
SwapCached:            0 kB
Active:          7276472 kB
Inactive:         532020 kB
Active(anon):    7227808 kB
Inactive(anon):   490068 kB
Active(file):      48664 kB
Inactive(file):    41952 kB
Unevictable:          92 kB
Mlocked:              92 kB
SwapTotal:             0 kB
SwapFree:              0 kB
Dirty:              2368 kB
Writeback:             0 kB
AnonPages:       7186912 kB
Mapped:           233512 kB
Shmem:            531012 kB
Slab:             110296 kB
SReclaimable:      52856 kB
SUnreclaim:        57440 kB
KernelStack:       19904 kB
PageTables:        62844 kB
NFS_Unstable:          0 kB
Bounce:                0 kB
WritebackTmp:          0 kB
CommitLimit:     4050900 kB
Committed_AS:   14025888 kB
VmallocTotal:   34359738367 kB
VmallocUsed:           0 kB
VmallocChunk:          0 kB
HardwareCorrupted:     0 kB
AnonHugePages:   3692544 kB
CmaTotal:              0 kB
CmaFree:               0 kB
HugePages_Total:       0
HugePages_Free:        0
HugePages_Rsvd:        0
HugePages_Surp:        0
Hugepagesize:       2048 kB
DirectMap4k:      172800 kB
DirectMap2M:     7094272 kB
DirectMap1G:     2097152 kB


CPU:total 8 (4 cores per cpu, 2 threads per core) family 6 model 60 stepping 3, cmov, cx8, fxsr, mmx, sse, sse2, sse3, ssse3, sse4.1, sse4.2, popcnt, avx, avx2, aes, clmul, erms, lzcnt, ht, tsc, tscinvbit, bmi1, bmi2

/proc/cpuinfo:
processor	: 0
vendor_id	: GenuineIntel
cpu family	: 6
model		: 60
model name	: Intel(R) Core(TM) i7-4700MQ CPU @ 2.40GHz
stepping	: 3
microcode	: 0x16
cpu MHz		: 1599.937
cache size	: 6144 KB
physical id	: 0
siblings	: 8
core id		: 0
cpu cores	: 4
apicid		: 0
initial apicid	: 0
fpu		: yes
fpu_exception	: yes
cpuid level	: 13
wp		: yes
flags		: fpu vme de pse tsc msr pae mce cx8 apic sep mtrr pge mca cmov pat pse36 clflush dts acpi mmx fxsr sse sse2 ss ht tm pbe syscall nx pdpe1gb rdtscp lm constant_tsc arch_perfmon pebs bts rep_good nopl xtopology nonstop_tsc aperfmperf eagerfpu pni pclmulqdq dtes64 monitor ds_cpl vmx est tm2 ssse3 sdbg fma cx16 xtpr pdcm pcid sse4_1 sse4_2 movbe popcnt tsc_deadline_timer aes xsave avx f16c rdrand lahf_lm abm epb tpr_shadow vnmi flexpriority ept vpid fsgsbase tsc_adjust bmi1 avx2 smep bmi2 erms invpcid xsaveopt dtherm ida arat pln pts
bugs		:
bogomips	: 4789.15
clflush size	: 64
cache_alignment	: 64
address sizes	: 39 bits physical, 48 bits virtual
power management:

processor	: 1
vendor_id	: GenuineIntel
cpu family	: 6
model		: 60
model name	: Intel(R) Core(TM) i7-4700MQ CPU @ 2.40GHz
stepping	: 3
microcode	: 0x16
cpu MHz		: 1599.937
cache size	: 6144 KB
physical id	: 0
siblings	: 8
core id		: 0
cpu cores	: 4
apicid		: 1
initial apicid	: 1
fpu		: yes
fpu_exception	: yes
cpuid level	: 13
wp		: yes
flags		: fpu vme de pse tsc msr pae mce cx8 apic sep mtrr pge mca cmov pat pse36 clflush dts acpi mmx fxsr sse sse2 ss ht tm pbe syscall nx pdpe1gb rdtscp lm constant_tsc arch_perfmon pebs bts rep_good nopl xtopology nonstop_tsc aperfmperf eagerfpu pni pclmulqdq dtes64 monitor ds_cpl vmx est tm2 ssse3 sdbg fma cx16 xtpr pdcm pcid sse4_1 sse4_2 movbe popcnt tsc_deadline_timer aes xsave avx f16c rdrand lahf_lm abm epb tpr_shadow vnmi flexpriority ept vpid fsgsbase tsc_adjust bmi1 avx2 smep bmi2 erms invpcid xsaveopt dtherm ida arat pln pts
bugs		:
bogomips	: 4789.15
clflush size	: 64
cache_alignment	: 64
address sizes	: 39 bits physical, 48 bits virtual
power management:

processor	: 2
vendor_id	: GenuineIntel
cpu family	: 6
model		: 60
model name	: Intel(R) Core(TM) i7-4700MQ CPU @ 2.40GHz
stepping	: 3
microcode	: 0x16
cpu MHz		: 1599.937
cache size	: 6144 KB
physical id	: 0
siblings	: 8
core id		: 1
cpu cores	: 4
apicid		: 2
initial apicid	: 2
fpu		: yes
fpu_exception	: yes
cpuid level	: 13
wp		: yes
flags		: fpu vme de pse tsc msr pae mce cx8 apic sep mtrr pge mca cmov pat pse36 clflush dts acpi mmx fxsr sse sse2 ss ht tm pbe syscall nx pdpe1gb rdtscp lm constant_tsc arch_perfmon pebs bts rep_good nopl xtopology nonstop_tsc aperfmperf eagerfpu pni pclmulqdq dtes64 monitor ds_cpl vmx est tm2 ssse3 sdbg fma cx16 xtpr pdcm pcid sse4_1 sse4_2 movbe popcnt tsc_deadline_timer aes xsave avx f16c rdrand lahf_lm abm epb tpr_shadow vnmi flexpriority ept vpid fsgsbase tsc_adjust bmi1 avx2 smep bmi2 erms invpcid xsaveopt dtherm ida arat pln pts
bugs		:
bogomips	: 4789.15
clflush size	: 64
cache_alignment	: 64
address sizes	: 39 bits physical, 48 bits virtual
power management:

processor	: 3
vendor_id	: GenuineIntel
cpu family	: 6
model		: 60
model name	: Intel(R) Core(TM) i7-4700MQ CPU @ 2.40GHz
stepping	: 3
microcode	: 0x16
cpu MHz		: 1599.937
cache size	: 6144 KB
physical id	: 0
siblings	: 8
core id		: 1
cpu cores	: 4
apicid		: 3
initial apicid	: 3
fpu		: yes
fpu_exception	: yes
cpuid level	: 13
wp		: yes
flags		: fpu vme de pse tsc msr pae mce cx8 apic sep mtrr pge mca cmov pat pse36 clflush dts acpi mmx fxsr sse sse2 ss ht tm pbe syscall nx pdpe1gb rdtscp lm constant_tsc arch_perfmon pebs bts rep_good nopl xtopology nonstop_tsc aperfmperf eagerfpu pni pclmulqdq dtes64 monitor ds_cpl vmx est tm2 ssse3 sdbg fma cx16 xtpr pdcm pcid sse4_1 sse4_2 movbe popcnt tsc_deadline_timer aes xsave avx f16c rdrand lahf_lm abm epb tpr_shadow vnmi flexpriority ept vpid fsgsbase tsc_adjust bmi1 avx2 smep bmi2 erms invpcid xsaveopt dtherm ida arat pln pts
bugs		:
bogomips	: 4789.15
clflush size	: 64
cache_alignment	: 64
address sizes	: 39 bits physical, 48 bits virtual
power management:

processor	: 4
vendor_id	: GenuineIntel
cpu family	: 6
model		: 60
model name	: Intel(R) Core(TM) i7-4700MQ CPU @ 2.40GHz
stepping	: 3
microcode	: 0x16
cpu MHz		: 1599.937
cache size	: 6144 KB
physical id	: 0
siblings	: 8
core id		: 2
cpu cores	: 4
apicid		: 4
initial apicid	: 4
fpu		: yes
fpu_exception	: yes
cpuid level	: 13
wp		: yes
flags		: fpu vme de pse tsc msr pae mce cx8 apic sep mtrr pge mca cmov pat pse36 clflush dts acpi mmx fxsr sse sse2 ss ht tm pbe syscall nx pdpe1gb rdtscp lm constant_tsc arch_perfmon pebs bts rep_good nopl xtopology nonstop_tsc aperfmperf eagerfpu pni pclmulqdq dtes64 monitor ds_cpl vmx est tm2 ssse3 sdbg fma cx16 xtpr pdcm pcid sse4_1 sse4_2 movbe popcnt tsc_deadline_timer aes xsave avx f16c rdrand lahf_lm abm epb tpr_shadow vnmi flexpriority ept vpid fsgsbase tsc_adjust bmi1 avx2 smep bmi2 erms invpcid xsaveopt dtherm ida arat pln pts
bugs		:
bogomips	: 4789.15
clflush size	: 64
cache_alignment	: 64
address sizes	: 39 bits physical, 48 bits virtual
power management:

processor	: 5
vendor_id	: GenuineIntel
cpu family	: 6
model		: 60
model name	: Intel(R) Core(TM) i7-4700MQ CPU @ 2.40GHz
stepping	: 3
microcode	: 0x16
cpu MHz		: 1599.937
cache size	: 6144 KB
physical id	: 0
siblings	: 8
core id		: 2
cpu cores	: 4
apicid		: 5
initial apicid	: 5
fpu		: yes
fpu_exception	: yes
cpuid level	: 13
wp		: yes
flags		: fpu vme de pse tsc msr pae mce cx8 apic sep mtrr pge mca cmov pat pse36 clflush dts acpi mmx fxsr sse sse2 ss ht tm pbe syscall nx pdpe1gb rdtscp lm constant_tsc arch_perfmon pebs bts rep_good nopl xtopology nonstop_tsc aperfmperf eagerfpu pni pclmulqdq dtes64 monitor ds_cpl vmx est tm2 ssse3 sdbg fma cx16 xtpr pdcm pcid sse4_1 sse4_2 movbe popcnt tsc_deadline_timer aes xsave avx f16c rdrand lahf_lm abm epb tpr_shadow vnmi flexpriority ept vpid fsgsbase tsc_adjust bmi1 avx2 smep bmi2 erms invpcid xsaveopt dtherm ida arat pln pts
bugs		:
bogomips	: 4789.15
clflush size	: 64
cache_alignment	: 64
address sizes	: 39 bits physical, 48 bits virtual
power management:

processor	: 6
vendor_id	: GenuineIntel
cpu family	: 6
model		: 60
model name	: Intel(R) Core(TM) i7-4700MQ CPU @ 2.40GHz
stepping	: 3
microcode	: 0x16
cpu MHz		: 1599.937
cache size	: 6144 KB
physical id	: 0
siblings	: 8
core id		: 3
cpu cores	: 4
apicid		: 6
initial apicid	: 6
fpu		: yes
fpu_exception	: yes
cpuid level	: 13
wp		: yes
flags		: fpu vme de pse tsc msr pae mce cx8 apic sep mtrr pge mca cmov pat pse36 clflush dts acpi mmx fxsr sse sse2 ss ht tm pbe syscall nx pdpe1gb rdtscp lm constant_tsc arch_perfmon pebs bts rep_good nopl xtopology nonstop_tsc aperfmperf eagerfpu pni pclmulqdq dtes64 monitor ds_cpl vmx est tm2 ssse3 sdbg fma cx16 xtpr pdcm pcid sse4_1 sse4_2 movbe popcnt tsc_deadline_timer aes xsave avx f16c rdrand lahf_lm abm epb tpr_shadow vnmi flexpriority ept vpid fsgsbase tsc_adjust bmi1 avx2 smep bmi2 erms invpcid xsaveopt dtherm ida arat pln pts
bugs		:
bogomips	: 4789.15
clflush size	: 64
cache_alignment	: 64
address sizes	: 39 bits physical, 48 bits virtual
power management:

processor	: 7
vendor_id	: GenuineIntel
cpu family	: 6
model		: 60
model name	: Intel(R) Core(TM) i7-4700MQ CPU @ 2.40GHz
stepping	: 3
microcode	: 0x16
cpu MHz		: 1599.937
cache size	: 6144 KB
physical id	: 0
siblings	: 8
core id		: 3
cpu cores	: 4
apicid		: 7
initial apicid	: 7
fpu		: yes
fpu_exception	: yes
cpuid level	: 13
wp		: yes
flags		: fpu vme de pse tsc msr pae mce cx8 apic sep mtrr pge mca cmov pat pse36 clflush dts acpi mmx fxsr sse sse2 ss ht tm pbe syscall nx pdpe1gb rdtscp lm constant_tsc arch_perfmon pebs bts rep_good nopl xtopology nonstop_tsc aperfmperf eagerfpu pni pclmulqdq dtes64 monitor ds_cpl vmx est tm2 ssse3 sdbg fma cx16 xtpr pdcm pcid sse4_1 sse4_2 movbe popcnt tsc_deadline_timer aes xsave avx f16c rdrand lahf_lm abm epb tpr_shadow vnmi flexpriority ept vpid fsgsbase tsc_adjust bmi1 avx2 smep bmi2 erms invpcid xsaveopt dtherm ida arat pln pts
bugs		:
bogomips	: 4789.15
clflush size	: 64
cache_alignment	: 64
address sizes	: 39 bits physical, 48 bits virtual
power management:



Memory: 4k page, physical 8101800k(55292k free), swap 0k(0k free)

vm_info: Java HotSpot(TM) 64-Bit Server VM (25.91-b14) for linux-amd64 JRE (1.8.0_91-b14), built on Apr  1 2016 00:57:21 by "java_re" with gcc 4.3.0 20080428 (Red Hat 4.3.0-8)

time: Mon Aug  8 14:53:53 2016
elapsed time: 3 seconds (0d 0h 0m 3s)

