#
# There is insufficient memory for the Java Runtime Environment to continue.
# Native memory allocation (mmap) failed to map 128974848 bytes for committing reserved memory.
# Possible reasons:
#   The system is out of physical RAM or swap space
#   In 32 bit mode, the process size limit was hit
# Possible solutions:
#   Reduce memory load on the system
#   Increase physical memory or swap space
#   Check if swap backing store is full
#   Use 64 bit Java on a 64 bit OS
#   Decrease Java heap size (-Xmx/-Xms)
#   Decrease number of Java threads
#   Decrease Java thread stack sizes (-Xss)
#   Set larger code cache with -XX:ReservedCodeCacheSize=
# This output file may be truncated or incomplete.
#
#  Out of Memory Error (os_linux.cpp:2627), pid=18406, tid=139751920207616
#
# JRE version: Java(TM) SE Runtime Environment (8.0_91-b14) (build 1.8.0_91-b14)
# Java VM: Java HotSpot(TM) 64-Bit Server VM (25.91-b14 mixed mode linux-amd64 compressed oops)
# Failed to write core dump. Core dumps have been disabled. To enable core dumping, try "ulimit -c unlimited" before starting Java again
#

---------------  T H R E A D  ---------------

Current thread (0x00007f1ab8080000):  VMThread [stack: 0x00007f1a877f8000,0x00007f1a878f9000] [id=18420]

Stack: [0x00007f1a877f8000,0x00007f1a878f9000],  sp=0x00007f1a878f7020,  free space=1020k
Native frames: (J=compiled Java code, j=interpreted, Vv=VM code, C=native code)
V  [libjvm.so+0xabc18a]  VMError::report_and_die()+0x2ba
V  [libjvm.so+0x4fafeb]  report_vm_out_of_memory(char const*, int, unsigned long, VMErrorType, char const*)+0x8b
V  [libjvm.so+0x91cbb3]  os::Linux::commit_memory_impl(char*, unsigned long, bool)+0x103
V  [libjvm.so+0x91d109]  os::pd_commit_memory(char*, unsigned long, unsigned long, bool)+0x29
V  [libjvm.so+0x91740a]  os::commit_memory(char*, unsigned long, unsigned long, bool)+0x2a
V  [libjvm.so+0x98b033]  PSVirtualSpace::expand_by(unsigned long)+0x53
V  [libjvm.so+0x98c438]  PSYoungGen::resize_generation(unsigned long, unsigned long)+0xf8
V  [libjvm.so+0x98b592]  PSYoungGen::resize(unsigned long, unsigned long)+0x22
V  [libjvm.so+0x98886b]  PSScavenge::invoke_no_policy()+0xf3b
V  [libjvm.so+0x988ff1]  PSScavenge::invoke()+0x41
V  [libjvm.so+0x9408b0]  ParallelScavengeHeap::failed_mem_allocate(unsigned long)+0x70
V  [libjvm.so+0xabdba7]  VM_ParallelGCFailedAllocation::doit()+0x97
V  [libjvm.so+0xac55d5]  VM_Operation::evaluate()+0x55
V  [libjvm.so+0xac39aa]  VMThread::evaluate_operation(VM_Operation*)+0xba
V  [libjvm.so+0xac3d2e]  VMThread::loop()+0x1ce
V  [libjvm.so+0xac41a0]  VMThread::run()+0x70
V  [libjvm.so+0x91ef78]  java_start(Thread*)+0x108

VM_Operation (0x00007f1a867b1e30): ParallelGCFailedAllocation, mode: safepoint, requested by thread 0x00007f1ab8133000


---------------  P R O C E S S  ---------------

Java Threads: ( => current thread )
  0x00007f1ab8134800 JavaThread "pool-2-thread-4" [_thread_blocked, id=18437, stack(0x00007f1a865b2000,0x00007f1a866b3000)]
  0x00007f1ab8133000 JavaThread "pool-2-thread-3" [_thread_blocked, id=18436, stack(0x00007f1a866b3000,0x00007f1a867b4000)]
  0x00007f1ab8131000 JavaThread "pool-2-thread-2" [_thread_blocked, id=18435, stack(0x00007f1a867b4000,0x00007f1a868b5000)]
  0x00007f1ab812f800 JavaThread "pool-3-thread-1" [_thread_blocked, id=18433, stack(0x00007f1a868b5000,0x00007f1a869b6000)]
  0x00007f1ab812d800 JavaThread "pool-2-thread-1" [_thread_blocked, id=18432, stack(0x00007f1a869b6000,0x00007f1a86ab7000)]
  0x00007f1ab80cb800 JavaThread "Service Thread" daemon [_thread_blocked, id=18429, stack(0x00007f1a86bb8000,0x00007f1a86cb9000)]
  0x00007f1ab80c8800 JavaThread "C1 CompilerThread3" daemon [_thread_blocked, id=18428, stack(0x00007f1a86cb9000,0x00007f1a86dba000)]
  0x00007f1ab80c6800 JavaThread "C2 CompilerThread2" daemon [_thread_blocked, id=18427, stack(0x00007f1a86dba000,0x00007f1a86ebb000)]
  0x00007f1ab80c5000 JavaThread "C2 CompilerThread1" daemon [_thread_blocked, id=18426, stack(0x00007f1a86ebb000,0x00007f1a86fbc000)]
  0x00007f1ab80c2000 JavaThread "C2 CompilerThread0" daemon [_thread_blocked, id=18425, stack(0x00007f1a86fbc000,0x00007f1a870bd000)]
  0x00007f1ab80c0800 JavaThread "Signal Dispatcher" daemon [_thread_blocked, id=18424, stack(0x00007f1a870bd000,0x00007f1a871be000)]
  0x00007f1ab808c000 JavaThread "Finalizer" daemon [_thread_blocked, id=18422, stack(0x00007f1a875f6000,0x00007f1a876f7000)]
  0x00007f1ab8087800 JavaThread "Reference Handler" daemon [_thread_blocked, id=18421, stack(0x00007f1a876f7000,0x00007f1a877f8000)]
  0x00007f1ab800a000 JavaThread "main" [_thread_blocked, id=18409, stack(0x00007f1abef74000,0x00007f1abf075000)]

Other Threads:
=>0x00007f1ab8080000 VMThread [stack: 0x00007f1a877f8000,0x00007f1a878f9000] [id=18420]
  0x00007f1ab80ce800 WatcherThread [stack: 0x00007f1a86ab7000,0x00007f1a86bb8000] [id=18430]

VM state:at safepoint (normal execution)

VM Mutex/Monitor currently owned by a thread:  ([mutex/lock_event])
[0x00007f1ab80064b0] Threads_lock - owner thread: 0x00007f1ab8080000
[0x00007f1ab80069b0] Heap_lock - owner thread: 0x00007f1ab8133000

Heap:
 PSYoungGen      total 132096K, used 5112K [0x00000000eab00000, 0x00000000f3100000, 0x0000000100000000)
  eden space 126976K, 0% used [0x00000000eab00000,0x00000000eab00000,0x00000000f2700000)
  from space 5120K, 99% used [0x00000000f2700000,0x00000000f2bfe1b8,0x00000000f2c00000)
  to   space 5120K, 0% used [0x00000000f2c00000,0x00000000f2c00000,0x00000000f3100000)
 ParOldGen       total 100352K, used 33732K [0x00000000c0000000, 0x00000000c6200000, 0x00000000eab00000)
  object space 100352K, 33% used [0x00000000c0000000,0x00000000c20f1110,0x00000000c6200000)
 Metaspace       used 5840K, capacity 7024K, committed 7296K, reserved 1056768K
  class space    used 578K, capacity 616K, committed 640K, reserved 1048576K

Card table byte_map: [0x00007f1aa8a3f000,0x00007f1aa8c40000] byte_map_base: 0x00007f1aa843f000

Marking Bits: (ParMarkBitMap*) 0x00007f1abe448d60
 Begin Bits: [0x00007f1aa60e1000, 0x00007f1aa70e1000)
 End Bits:   [0x00007f1aa70e1000, 0x00007f1aa80e1000)

Polling page: 0x00007f1abf098000

CodeCache: size=245760Kb used=7425Kb max_used=7425Kb free=238334Kb
 bounds [0x00007f1aa9000000, 0x00007f1aa9750000, 0x00007f1ab8000000]
 total_blobs=1837 nmethods=1576 adapters=175
 compilation: enabled

Compilation events (10 events):
Event: 10.284 Thread 0x00007f1ab80c8800 nmethod 1828% 0x00007f1aa9744490 code [0x00007f1aa9744720, 0x00007f1aa9745a88]
Event: 10.284 Thread 0x00007f1ab80c8800 1829       1       java.util.concurrent.locks.AbstractQueuedSynchronizer::getState (5 bytes)
Event: 10.284 Thread 0x00007f1ab80c8800 nmethod 1829 0x00007f1aa9730f10 code [0x00007f1aa9731060, 0x00007f1aa9731170]
Event: 10.284 Thread 0x00007f1ab80c8800 1826       1       com.android.dx.cf.attrib.AttLineNumberTable::getLineNumbers (5 bytes)
Event: 10.284 Thread 0x00007f1ab80c8800 nmethod 1826 0x00007f1aa9730c50 code [0x00007f1aa9730da0, 0x00007f1aa9730eb0]
Event: 10.291 Thread 0x00007f1ab80c8800 1830       2       com.android.dx.ssa.back.FirstFitLocalCombiningAllocator::findRopRegForLocal (74 bytes)
Event: 10.295 Thread 0x00007f1ab80c8800 nmethod 1830 0x00007f1aa9730590 code [0x00007f1aa9730720, 0x00007f1aa9730a68]
Event: 11.019 Thread 0x00007f1ab80c8800 1831       3       com.android.dx.ssa.back.LivenessAnalyzer::constructInterferenceGraph (47 bytes)
Event: 11.026 Thread 0x00007f1ab80c8800 nmethod 1831 0x00007f1aa972fdd0 code [0x00007f1aa972ff80, 0x00007f1aa9730398]
Event: 11.026 Thread 0x00007f1ab80c8800 1839       2       com.android.dx.ssa.LiteralOpUpgrader$1::visitNonMoveInsn (203 bytes)

GC Heap History (10 events):
Event: 2.167 GC heap after
Heap after GC invocations=1 (full 0):
 PSYoungGen      total 36864K, used 5100K [0x00000000eab00000, 0x00000000ef300000, 0x0000000100000000)
  eden space 31744K, 0% used [0x00000000eab00000,0x00000000eab00000,0x00000000eca00000)
  from space 5120K, 99% used [0x00000000eca00000,0x00000000ecefb298,0x00000000ecf00000)
  to   space 5120K, 0% used [0x00000000eee00000,0x00000000eee00000,0x00000000ef300000)
 ParOldGen       total 84992K, used 2083K [0x00000000c0000000, 0x00000000c5300000, 0x00000000eab00000)
  object space 84992K, 2% used [0x00000000c0000000,0x00000000c0208f98,0x00000000c5300000)
 Metaspace       used 5592K, capacity 6768K, committed 7040K, reserved 1056768K
  class space    used 576K, capacity 616K, committed 640K, reserved 1048576K
}
Event: 3.827 GC heap before
{Heap before GC invocations=2 (full 0):
 PSYoungGen      total 36864K, used 36844K [0x00000000eab00000, 0x00000000ef300000, 0x0000000100000000)
  eden space 31744K, 100% used [0x00000000eab00000,0x00000000eca00000,0x00000000eca00000)
  from space 5120K, 99% used [0x00000000eca00000,0x00000000ecefb298,0x00000000ecf00000)
  to   space 5120K, 0% used [0x00000000eee00000,0x00000000eee00000,0x00000000ef300000)
 ParOldGen       total 84992K, used 2083K [0x00000000c0000000, 0x00000000c5300000, 0x00000000eab00000)
  object space 84992K, 2% used [0x00000000c0000000,0x00000000c0208f98,0x00000000c5300000)
 Metaspace       used 5675K, capacity 6832K, committed 7040K, reserved 1056768K
  class space    used 576K, capacity 616K, committed 640K, reserved 1048576K
Event: 4.013 GC heap after
Heap after GC invocations=2 (full 0):
 PSYoungGen      total 68608K, used 5098K [0x00000000eab00000, 0x00000000ef300000, 0x0000000100000000)
  eden space 63488K, 0% used [0x00000000eab00000,0x00000000eab00000,0x00000000ee900000)
  from space 5120K, 99% used [0x00000000eee00000,0x00000000ef2faab8,0x00000000ef300000)
  to   space 5120K, 0% used [0x00000000ee900000,0x00000000ee900000,0x00000000eee00000)
 ParOldGen       total 84992K, used 15038K [0x00000000c0000000, 0x00000000c5300000, 0x00000000eab00000)
  object space 84992K, 17% used [0x00000000c0000000,0x00000000c0eaf890,0x00000000c5300000)
 Metaspace       used 5675K, capacity 6832K, committed 7040K, reserved 1056768K
  class space    used 576K, capacity 616K, committed 640K, reserved 1048576K
}
Event: 4.774 GC heap before
{Heap before GC invocations=3 (full 0):
 PSYoungGen      total 68608K, used 68586K [0x00000000eab00000, 0x00000000ef300000, 0x0000000100000000)
  eden space 63488K, 100% used [0x00000000eab00000,0x00000000ee900000,0x00000000ee900000)
  from space 5120K, 99% used [0x00000000eee00000,0x00000000ef2faab8,0x00000000ef300000)
  to   space 5120K, 0% used [0x00000000ee900000,0x00000000ee900000,0x00000000eee00000)
 ParOldGen       total 84992K, used 15038K [0x00000000c0000000, 0x00000000c5300000, 0x00000000eab00000)
  object space 84992K, 17% used [0x00000000c0000000,0x00000000c0eaf890,0x00000000c5300000)
 Metaspace       used 5726K, capacity 6896K, committed 7040K, reserved 1056768K
  class space    used 578K, capacity 616K, committed 640K, reserved 1048576K
Event: 4.893 GC heap after
Heap after GC invocations=3 (full 0):
 PSYoungGen      total 68608K, used 5098K [0x00000000eab00000, 0x00000000f3100000, 0x0000000100000000)
  eden space 63488K, 0% used [0x00000000eab00000,0x00000000eab00000,0x00000000ee900000)
  from space 5120K, 99% used [0x00000000ee900000,0x00000000eedfaab8,0x00000000eee00000)
  to   space 5120K, 0% used [0x00000000f2c00000,0x00000000f2c00000,0x00000000f3100000)
 ParOldGen       total 84992K, used 41130K [0x00000000c0000000, 0x00000000c5300000, 0x00000000eab00000)
  object space 84992K, 48% used [0x00000000c0000000,0x00000000c282ab88,0x00000000c5300000)
 Metaspace       used 5726K, capacity 6896K, committed 7040K, reserved 1056768K
  class space    used 578K, capacity 616K, committed 640K, reserved 1048576K
}
Event: 5.716 GC heap before
{Heap before GC invocations=4 (full 0):
 PSYoungGen      total 68608K, used 68586K [0x00000000eab00000, 0x00000000f3100000, 0x0000000100000000)
  eden space 63488K, 100% used [0x00000000eab00000,0x00000000ee900000,0x00000000ee900000)
  from space 5120K, 99% used [0x00000000ee900000,0x00000000eedfaab8,0x00000000eee00000)
  to   space 5120K, 0% used [0x00000000f2c00000,0x00000000f2c00000,0x00000000f3100000)
 ParOldGen       total 84992K, used 41130K [0x00000000c0000000, 0x00000000c5300000, 0x00000000eab00000)
  object space 84992K, 48% used [0x00000000c0000000,0x00000000c282ab88,0x00000000c5300000)
 Metaspace       used 5763K, capacity 6960K, committed 7040K, reserved 1056768K
  class space    used 578K, capacity 616K, committed 640K, reserved 1048576K
Event: 5.863 GC heap after
Heap after GC invocations=4 (full 0):
 PSYoungGen      total 132096K, used 5108K [0x00000000eab00000, 0x00000000f3100000, 0x0000000100000000)
  eden space 126976K, 0% used [0x00000000eab00000,0x00000000eab00000,0x00000000f2700000)
  from space 5120K, 99% used [0x00000000f2c00000,0x00000000f30fd038,0x00000000f3100000)
  to   space 5120K, 0% used [0x00000000f2700000,0x00000000f2700000,0x00000000f2c00000)
 ParOldGen       total 84992K, used 61876K [0x00000000c0000000, 0x00000000c5300000, 0x00000000eab00000)
  object space 84992K, 72% used [0x00000000c0000000,0x00000000c3c6d050,0x00000000c5300000)
 Metaspace       used 5763K, capacity 6960K, committed 7040K, reserved 1056768K
  class space    used 578K, capacity 616K, committed 640K, reserved 1048576K
}
Event: 5.863 GC heap before
{Heap before GC invocations=5 (full 1):
 PSYoungGen      total 132096K, used 5108K [0x00000000eab00000, 0x00000000f3100000, 0x0000000100000000)
  eden space 126976K, 0% used [0x00000000eab00000,0x00000000eab00000,0x00000000f2700000)
  from space 5120K, 99% used [0x00000000f2c00000,0x00000000f30fd038,0x00000000f3100000)
  to   space 5120K, 0% used [0x00000000f2700000,0x00000000f2700000,0x00000000f2c00000)
 ParOldGen       total 84992K, used 61876K [0x00000000c0000000, 0x00000000c5300000, 0x00000000eab00000)
  object space 84992K, 72% used [0x00000000c0000000,0x00000000c3c6d050,0x00000000c5300000)
 Metaspace       used 5763K, capacity 6960K, committed 7040K, reserved 1056768K
  class space    used 578K, capacity 616K, committed 640K, reserved 1048576K
Event: 6.356 GC heap after
Heap after GC invocations=5 (full 1):
 PSYoungGen      total 132096K, used 0K [0x00000000eab00000, 0x00000000f3100000, 0x0000000100000000)
  eden space 126976K, 0% used [0x00000000eab00000,0x00000000eab00000,0x00000000f2700000)
  from space 5120K, 0% used [0x00000000f2c00000,0x00000000f2c00000,0x00000000f3100000)
  to   space 5120K, 0% used [0x00000000f2700000,0x00000000f2700000,0x00000000f2c00000)
 ParOldGen       total 100352K, used 21912K [0x00000000c0000000, 0x00000000c6200000, 0x00000000eab00000)
  object space 100352K, 21% used [0x00000000c0000000,0x00000000c1566050,0x00000000c6200000)
 Metaspace       used 5763K, capacity 6960K, committed 7040K, reserved 1056768K
  class space    used 578K, capacity 616K, committed 640K, reserved 1048576K
}
Event: 11.032 GC heap before
{Heap before GC invocations=6 (full 1):
 PSYoungGen      total 132096K, used 126976K [0x00000000eab00000, 0x00000000f3100000, 0x0000000100000000)
  eden space 126976K, 100% used [0x00000000eab00000,0x00000000f2700000,0x00000000f2700000)
  from space 5120K, 0% used [0x00000000f2c00000,0x00000000f2c00000,0x00000000f3100000)
  to   space 5120K, 0% used [0x00000000f2700000,0x00000000f2700000,0x00000000f2c00000)
 ParOldGen       total 100352K, used 21912K [0x00000000c0000000, 0x00000000c6200000, 0x00000000eab00000)
  object space 100352K, 21% used [0x00000000c0000000,0x00000000c1566050,0x00000000c6200000)
 Metaspace       used 5840K, capacity 7024K, committed 7296K, reserved 1056768K
  class space    used 578K, capacity 616K, committed 640K, reserved 1048576K

Deoptimization events (10 events):
Event: 2.187 Thread 0x00007f1ab800a000 Uncommon trap: reason=unstable_if action=reinterpret pc=0x00007f1aa91e86d4 method=java.lang.String.<init>([CII)V @ 18
Event: 5.563 Thread 0x00007f1ab812d800 Uncommon trap: reason=unstable_if action=reinterpret pc=0x00007f1aa946d550 method=com.android.dx.cf.code.Ropper.processBlock(Lcom/android/dx/cf/code/ByteBlock;Lcom/android/dx/cf/code/Frame;[I)V @ 940
Event: 6.416 Thread 0x00007f1ab800a000 Uncommon trap: reason=uninitialized action=reinterpret pc=0x00007f1aa93c6284 method=com.android.dx.cf.code.BytecodeArray.parseInstruction(ILcom/android/dx/cf/code/BytecodeArray$Visitor;)I @ 1063
Event: 6.710 Thread 0x00007f1ab800a000 Uncommon trap: reason=unloaded action=reinterpret pc=0x00007f1aa94a54a0 method=com.android.dx.cf.cst.ConstantPoolParser.parse0(ILjava/util/BitSet;)Lcom/android/dx/rop/cst/Constant; @ 176
Event: 10.294 Thread 0x00007f1ab8133000 Uncommon trap: reason=class_check action=maybe_recompile pc=0x00007f1aa9645a94 method=com.android.dx.rop.cst.CstLiteral32.equals(Ljava/lang/Object;)Z @ 20
Event: 11.006 Thread 0x00007f1ab8133000 Uncommon trap: reason=class_check action=maybe_recompile pc=0x00007f1aa9645a94 method=com.android.dx.rop.cst.CstLiteral32.equals(Ljava/lang/Object;)Z @ 20
Event: 11.013 Thread 0x00007f1ab8133000 Uncommon trap: reason=class_check action=maybe_recompile pc=0x00007f1aa9645a94 method=com.android.dx.rop.cst.CstLiteral32.equals(Ljava/lang/Object;)Z @ 20
Event: 11.013 Thread 0x00007f1ab8133000 Uncommon trap: reason=class_check action=maybe_recompile pc=0x00007f1aa9645a94 method=com.android.dx.rop.cst.CstLiteral32.equals(Ljava/lang/Object;)Z @ 20
Event: 11.014 Thread 0x00007f1ab8133000 Uncommon trap: reason=bimorphic action=maybe_recompile pc=0x00007f1aa91fff7c method=java.util.HashMap.getNode(ILjava/lang/Object;)Ljava/util/HashMap$Node; @ 126
Event: 11.020 Thread 0x00007f1ab8133000 Uncommon trap: reason=unstable_if action=reinterpret pc=0x00007f1aa963d6e4 method=com.android.dx.ssa.LiteralOpUpgrader$1.visitNonMoveInsn(Lcom/android/dx/ssa/NormalSsaInsn;)V @ 151

Internal exceptions (2 events):
Event: 0.175 Thread 0x00007f1ab800a000 Exception <a 'java/lang/NoSuchMethodError': Method sun.misc.Unsafe.defineClass(Ljava/lang/String;[BII)Ljava/lang/Class; name or signature does not match> (0x00000000eab07cc0) thrown at [/HUDSON/workspace/8-2-build-linux-amd64/jdk8u91/6644/hotspot/src/shar
Event: 0.175 Thread 0x00007f1ab800a000 Exception <a 'java/lang/NoSuchMethodError': Method sun.misc.Unsafe.prefetchRead(Ljava/lang/Object;J)V name or signature does not match> (0x00000000eab07fa8) thrown at [/HUDSON/workspace/8-2-build-linux-amd64/jdk8u91/6644/hotspot/src/share/vm/prims/jni.cpp

Events (10 events):
Event: 11.014 Thread 0x00007f1ab8134800 DEOPT PACKING pc=0x00007f1aa941ce75 sp=0x00007f1a866b1230
Event: 11.014 Thread 0x00007f1ab8134800 DEOPT UNPACKING pc=0x00007f1aa9047633 sp=0x00007f1a866b0fa8 mode 0
Event: 11.015 Thread 0x00007f1ab8134800 DEOPT PACKING pc=0x00007f1aa9516b7b sp=0x00007f1a866b11e0
Event: 11.015 Thread 0x00007f1ab8134800 DEOPT UNPACKING pc=0x00007f1aa9047633 sp=0x00007f1a866b0f50 mode 0
Event: 11.020 Thread 0x00007f1ab8133000 Uncommon trap: trap_request=0xffffff65 fr.pc=0x00007f1aa963d6e4
Event: 11.020 Thread 0x00007f1ab8133000 DEOPT PACKING pc=0x00007f1aa963d6e4 sp=0x00007f1a867b1e70
Event: 11.020 Thread 0x00007f1ab8133000 DEOPT UNPACKING pc=0x00007f1aa9005229 sp=0x00007f1a867b1e90 mode 2
Event: 11.032 Thread 0x00007f1ab8134800 DEOPT PACKING pc=0x00007f1aa9246d0b sp=0x00007f1a866b11f0
Event: 11.032 Thread 0x00007f1ab8134800 DEOPT UNPACKING pc=0x00007f1aa9047633 sp=0x00007f1a866b0f68 mode 0
Event: 11.032 Executing VM operation: ParallelGCFailedAllocation


Dynamic libraries:
00400000-00401000 r-xp 00000000 08:01 9839507                            /usr/lib/jvm/java-8-oracle/bin/java
00600000-00601000 rw-p 00000000 08:01 9839507                            /usr/lib/jvm/java-8-oracle/bin/java
007ac000-007cd000 rw-p 00000000 00:00 0                                  [heap]
c0000000-c6200000 rw-p 00000000 00:00 0 
c6200000-eab00000 ---p 00000000 00:00 0 
eab00000-f3100000 rw-p 00000000 00:00 0 
fac00000-100000000 ---p 00000000 00:00 0 
100000000-1000a0000 rw-p 00000000 00:00 0 
1000a0000-140000000 ---p 00000000 00:00 0 
7f1a44000000-7f1a44021000 rw-p 00000000 00:00 0 
7f1a44021000-7f1a48000000 ---p 00000000 00:00 0 
7f1a48000000-7f1a48031000 rw-p 00000000 00:00 0 
7f1a48031000-7f1a4c000000 ---p 00000000 00:00 0 
7f1a4c000000-7f1a4c021000 rw-p 00000000 00:00 0 
7f1a4c021000-7f1a50000000 ---p 00000000 00:00 0 
7f1a50000000-7f1a50033000 rw-p 00000000 00:00 0 
7f1a50033000-7f1a54000000 ---p 00000000 00:00 0 
7f1a54000000-7f1a54021000 rw-p 00000000 00:00 0 
7f1a54021000-7f1a58000000 ---p 00000000 00:00 0 
7f1a58000000-7f1a58052000 rw-p 00000000 00:00 0 
7f1a58052000-7f1a5c000000 ---p 00000000 00:00 0 
7f1a5c000000-7f1a5c806000 rw-p 00000000 00:00 0 
7f1a5c806000-7f1a60000000 ---p 00000000 00:00 0 
7f1a60000000-7f1a60021000 rw-p 00000000 00:00 0 
7f1a60021000-7f1a64000000 ---p 00000000 00:00 0 
7f1a64000000-7f1a6559a000 rw-p 00000000 00:00 0 
7f1a6559a000-7f1a68000000 ---p 00000000 00:00 0 
7f1a68000000-7f1a69505000 rw-p 00000000 00:00 0 
7f1a69505000-7f1a6c000000 ---p 00000000 00:00 0 
7f1a6c000000-7f1a6c021000 rw-p 00000000 00:00 0 
7f1a6c021000-7f1a70000000 ---p 00000000 00:00 0 
7f1a70000000-7f1a70ea7000 rw-p 00000000 00:00 0 
7f1a70ea7000-7f1a74000000 ---p 00000000 00:00 0 
7f1a74000000-7f1a74021000 rw-p 00000000 00:00 0 
7f1a74021000-7f1a78000000 ---p 00000000 00:00 0 
7f1a78000000-7f1a78021000 rw-p 00000000 00:00 0 
7f1a78021000-7f1a7c000000 ---p 00000000 00:00 0 
7f1a7c000000-7f1a7c28f000 rw-p 00000000 00:00 0 
7f1a7c28f000-7f1a80000000 ---p 00000000 00:00 0 
7f1a80000000-7f1a80021000 rw-p 00000000 00:00 0 
7f1a80021000-7f1a84000000 ---p 00000000 00:00 0 
7f1a865b2000-7f1a865b5000 ---p 00000000 00:00 0 
7f1a865b5000-7f1a866b3000 rw-p 00000000 00:00 0 
7f1a866b3000-7f1a866b6000 ---p 00000000 00:00 0 
7f1a866b6000-7f1a867b4000 rw-p 00000000 00:00 0 
7f1a867b4000-7f1a867b7000 ---p 00000000 00:00 0 
7f1a867b7000-7f1a868b5000 rw-p 00000000 00:00 0 
7f1a868b5000-7f1a868b8000 ---p 00000000 00:00 0 
7f1a868b8000-7f1a869b6000 rw-p 00000000 00:00 0 
7f1a869b6000-7f1a869b9000 ---p 00000000 00:00 0 
7f1a869b9000-7f1a86ab7000 rw-p 00000000 00:00 0 
7f1a86ab7000-7f1a86ab8000 ---p 00000000 00:00 0 
7f1a86ab8000-7f1a86bb8000 rw-p 00000000 00:00 0 
7f1a86bb8000-7f1a86bbb000 ---p 00000000 00:00 0 
7f1a86bbb000-7f1a86cb9000 rw-p 00000000 00:00 0 
7f1a86cb9000-7f1a86cbc000 ---p 00000000 00:00 0 
7f1a86cbc000-7f1a86dba000 rw-p 00000000 00:00 0 
7f1a86dba000-7f1a86dbd000 ---p 00000000 00:00 0 
7f1a86dbd000-7f1a86ebb000 rw-p 00000000 00:00 0 
7f1a86ebb000-7f1a86ebe000 ---p 00000000 00:00 0 
7f1a86ebe000-7f1a86fbc000 rw-p 00000000 00:00 0 
7f1a86fbc000-7f1a86fbf000 ---p 00000000 00:00 0 
7f1a86fbf000-7f1a870bd000 rw-p 00000000 00:00 0 
7f1a870bd000-7f1a870c0000 ---p 00000000 00:00 0 
7f1a870c0000-7f1a871be000 rw-p 00000000 00:00 0 
7f1a871be000-7f1a875f6000 r--p 00000000 08:01 9700768                    /usr/lib/locale/locale-archive
7f1a875f6000-7f1a875f9000 ---p 00000000 00:00 0 
7f1a875f9000-7f1a876f7000 rw-p 00000000 00:00 0 
7f1a876f7000-7f1a876fa000 ---p 00000000 00:00 0 
7f1a876fa000-7f1a877f8000 rw-p 00000000 00:00 0 
7f1a877f8000-7f1a877f9000 ---p 00000000 00:00 0 
7f1a877f9000-7f1a88000000 rw-p 00000000 00:00 0 
7f1a88000000-7f1a88021000 rw-p 00000000 00:00 0 
7f1a88021000-7f1a8c000000 ---p 00000000 00:00 0 
7f1a8c000000-7f1a8c021000 rw-p 00000000 00:00 0 
7f1a8c021000-7f1a90000000 ---p 00000000 00:00 0 
7f1a90000000-7f1a90021000 rw-p 00000000 00:00 0 
7f1a90021000-7f1a94000000 ---p 00000000 00:00 0 
7f1a94000000-7f1a94021000 rw-p 00000000 00:00 0 
7f1a94021000-7f1a98000000 ---p 00000000 00:00 0 
7f1a98000000-7f1a98021000 rw-p 00000000 00:00 0 
7f1a98021000-7f1a9c000000 ---p 00000000 00:00 0 
7f1a9c000000-7f1a9c021000 rw-p 00000000 00:00 0 
7f1a9c021000-7f1aa0000000 ---p 00000000 00:00 0 
7f1aa0000000-7f1aa0021000 rw-p 00000000 00:00 0 
7f1aa0021000-7f1aa4000000 ---p 00000000 00:00 0 
7f1aa402e000-7f1aa5508000 rw-p 00000000 00:00 0 
7f1aa5508000-7f1aa56e1000 r--s 03d1f000 08:01 9967487                    /usr/lib/jvm/java-8-oracle/jre/lib/rt.jar
7f1aa56e1000-7f1aa5d61000 rw-p 00000000 00:00 0 
7f1aa5d61000-7f1aa5ee1000 ---p 00000000 00:00 0 
7f1aa5ee1000-7f1aa80e1000 rw-p 00000000 00:00 0 
7f1aa80e1000-7f1aa80e2000 ---p 00000000 00:00 0 
7f1aa80e2000-7f1aa81e2000 rw-p 00000000 00:00 0 
7f1aa81e2000-7f1aa81e3000 ---p 00000000 00:00 0 
7f1aa81e3000-7f1aa82e3000 rw-p 00000000 00:00 0 
7f1aa82e3000-7f1aa82e4000 ---p 00000000 00:00 0 
7f1aa82e4000-7f1aa83e4000 rw-p 00000000 00:00 0 
7f1aa83e4000-7f1aa83e5000 ---p 00000000 00:00 0 
7f1aa83e5000-7f1aa84e5000 rw-p 00000000 00:00 0 
7f1aa84e5000-7f1aa84e6000 ---p 00000000 00:00 0 
7f1aa84e6000-7f1aa85e6000 rw-p 00000000 00:00 0 
7f1aa85e6000-7f1aa85e7000 ---p 00000000 00:00 0 
7f1aa85e7000-7f1aa86e7000 rw-p 00000000 00:00 0 
7f1aa86e7000-7f1aa86e8000 ---p 00000000 00:00 0 
7f1aa86e8000-7f1aa87e8000 rw-p 00000000 00:00 0 
7f1aa87e8000-7f1aa87e9000 ---p 00000000 00:00 0 
7f1aa87e9000-7f1aa891a000 rw-p 00000000 00:00 0 
7f1aa891a000-7f1aa8a3f000 ---p 00000000 00:00 0 
7f1aa8a3f000-7f1aa8a70000 rw-p 00000000 00:00 0 
7f1aa8a70000-7f1aa8b94000 ---p 00000000 00:00 0 
7f1aa8b94000-7f1aa8bd8000 rw-p 00000000 00:00 0 
7f1aa8bd8000-7f1aa8c3f000 ---p 00000000 00:00 0 
7f1aa8c3f000-7f1aa8c5e000 rw-p 00000000 00:00 0 
7f1aa8c5e000-7f1aa9000000 ---p 00000000 00:00 0 
7f1aa9000000-7f1aa9750000 rwxp 00000000 00:00 0 
7f1aa9750000-7f1ab8000000 ---p 00000000 00:00 0 
7f1ab8000000-7f1ab839b000 rw-p 00000000 00:00 0 
7f1ab839b000-7f1abc000000 ---p 00000000 00:00 0 
7f1abc002000-7f1abc011000 r--s 000df000 08:01 5246091                    /home/oguz/Android/Sdk/build-tools/23.0.3/lib/dx.jar
7f1abc011000-7f1abc0ea000 rw-p 00000000 00:00 0 
7f1abc0ea000-7f1abc104000 r-xp 00000000 08:01 10092954                   /usr/lib/jvm/java-8-oracle/jre/lib/amd64/libzip.so
7f1abc104000-7f1abc304000 ---p 0001a000 08:01 10092954                   /usr/lib/jvm/java-8-oracle/jre/lib/amd64/libzip.so
7f1abc304000-7f1abc305000 rw-p 0001a000 08:01 10092954                   /usr/lib/jvm/java-8-oracle/jre/lib/amd64/libzip.so
7f1abc305000-7f1abc310000 r-xp 00000000 08:01 7603299                    /lib/x86_64-linux-gnu/libnss_files-2.23.so
7f1abc310000-7f1abc50f000 ---p 0000b000 08:01 7603299                    /lib/x86_64-linux-gnu/libnss_files-2.23.so
7f1abc50f000-7f1abc510000 r--p 0000a000 08:01 7603299                    /lib/x86_64-linux-gnu/libnss_files-2.23.so
7f1abc510000-7f1abc511000 rw-p 0000b000 08:01 7603299                    /lib/x86_64-linux-gnu/libnss_files-2.23.so
7f1abc511000-7f1abc517000 rw-p 00000000 00:00 0 
7f1abc517000-7f1abc522000 r-xp 00000000 08:01 7603296                    /lib/x86_64-linux-gnu/libnss_nis-2.23.so
7f1abc522000-7f1abc721000 ---p 0000b000 08:01 7603296                    /lib/x86_64-linux-gnu/libnss_nis-2.23.so
7f1abc721000-7f1abc722000 r--p 0000a000 08:01 7603296                    /lib/x86_64-linux-gnu/libnss_nis-2.23.so
7f1abc722000-7f1abc723000 rw-p 0000b000 08:01 7603296                    /lib/x86_64-linux-gnu/libnss_nis-2.23.so
7f1abc723000-7f1abc739000 r-xp 00000000 08:01 7603294                    /lib/x86_64-linux-gnu/libnsl-2.23.so
7f1abc739000-7f1abc939000 ---p 00016000 08:01 7603294                    /lib/x86_64-linux-gnu/libnsl-2.23.so
7f1abc939000-7f1abc93a000 r--p 00016000 08:01 7603294                    /lib/x86_64-linux-gnu/libnsl-2.23.so
7f1abc93a000-7f1abc93b000 rw-p 00017000 08:01 7603294                    /lib/x86_64-linux-gnu/libnsl-2.23.so
7f1abc93b000-7f1abc93d000 rw-p 00000000 00:00 0 
7f1abc93d000-7f1abc945000 r-xp 00000000 08:01 7603292                    /lib/x86_64-linux-gnu/libnss_compat-2.23.so
7f1abc945000-7f1abcb44000 ---p 00008000 08:01 7603292                    /lib/x86_64-linux-gnu/libnss_compat-2.23.so
7f1abcb44000-7f1abcb45000 r--p 00007000 08:01 7603292                    /lib/x86_64-linux-gnu/libnss_compat-2.23.so
7f1abcb45000-7f1abcb46000 rw-p 00008000 08:01 7603292                    /lib/x86_64-linux-gnu/libnss_compat-2.23.so
7f1abcb46000-7f1abcb70000 r-xp 00000000 08:01 10092949                   /usr/lib/jvm/java-8-oracle/jre/lib/amd64/libjava.so
7f1abcb70000-7f1abcd70000 ---p 0002a000 08:01 10092949                   /usr/lib/jvm/java-8-oracle/jre/lib/amd64/libjava.so
7f1abcd70000-7f1abcd72000 rw-p 0002a000 08:01 10092949                   /usr/lib/jvm/java-8-oracle/jre/lib/amd64/libjava.so
7f1abcd72000-7f1abcd7f000 r-xp 00000000 08:01 10092953                   /usr/lib/jvm/java-8-oracle/jre/lib/amd64/libverify.so
7f1abcd7f000-7f1abcf7f000 ---p 0000d000 08:01 10092953                   /usr/lib/jvm/java-8-oracle/jre/lib/amd64/libverify.so
7f1abcf7f000-7f1abcf81000 rw-p 0000d000 08:01 10092953                   /usr/lib/jvm/java-8-oracle/jre/lib/amd64/libverify.so
7f1abcf81000-7f1abcf88000 r-xp 00000000 08:01 7603308                    /lib/x86_64-linux-gnu/librt-2.23.so
7f1abcf88000-7f1abd187000 ---p 00007000 08:01 7603308                    /lib/x86_64-linux-gnu/librt-2.23.so
7f1abd187000-7f1abd188000 r--p 00006000 08:01 7603308                    /lib/x86_64-linux-gnu/librt-2.23.so
7f1abd188000-7f1abd189000 rw-p 00007000 08:01 7603308                    /lib/x86_64-linux-gnu/librt-2.23.so
7f1abd189000-7f1abd291000 r-xp 00000000 08:01 7603305                    /lib/x86_64-linux-gnu/libm-2.23.so
7f1abd291000-7f1abd490000 ---p 00108000 08:01 7603305                    /lib/x86_64-linux-gnu/libm-2.23.so
7f1abd490000-7f1abd491000 r--p 00107000 08:01 7603305                    /lib/x86_64-linux-gnu/libm-2.23.so
7f1abd491000-7f1abd492000 rw-p 00108000 08:01 7603305                    /lib/x86_64-linux-gnu/libm-2.23.so
7f1abd492000-7f1abe152000 r-xp 00000000 08:01 10092932                   /usr/lib/jvm/java-8-oracle/jre/lib/amd64/server/libjvm.so
7f1abe152000-7f1abe352000 ---p 00cc0000 08:01 10092932                   /usr/lib/jvm/java-8-oracle/jre/lib/amd64/server/libjvm.so
7f1abe352000-7f1abe42a000 rw-p 00cc0000 08:01 10092932                   /usr/lib/jvm/java-8-oracle/jre/lib/amd64/server/libjvm.so
7f1abe42a000-7f1abe475000 rw-p 00000000 00:00 0 
7f1abe475000-7f1abe635000 r-xp 00000000 08:01 7603313                    /lib/x86_64-linux-gnu/libc-2.23.so
7f1abe635000-7f1abe835000 ---p 001c0000 08:01 7603313                    /lib/x86_64-linux-gnu/libc-2.23.so
7f1abe835000-7f1abe839000 r--p 001c0000 08:01 7603313                    /lib/x86_64-linux-gnu/libc-2.23.so
7f1abe839000-7f1abe83b000 rw-p 001c4000 08:01 7603313                    /lib/x86_64-linux-gnu/libc-2.23.so
7f1abe83b000-7f1abe83f000 rw-p 00000000 00:00 0 
7f1abe83f000-7f1abe842000 r-xp 00000000 08:01 7603314                    /lib/x86_64-linux-gnu/libdl-2.23.so
7f1abe842000-7f1abea41000 ---p 00003000 08:01 7603314                    /lib/x86_64-linux-gnu/libdl-2.23.so
7f1abea41000-7f1abea42000 r--p 00002000 08:01 7603314                    /lib/x86_64-linux-gnu/libdl-2.23.so
7f1abea42000-7f1abea43000 rw-p 00003000 08:01 7603314                    /lib/x86_64-linux-gnu/libdl-2.23.so
7f1abea43000-7f1abea58000 r-xp 00000000 08:01 9840182                    /usr/lib/jvm/java-8-oracle/lib/amd64/jli/libjli.so
7f1abea58000-7f1abec58000 ---p 00015000 08:01 9840182                    /usr/lib/jvm/java-8-oracle/lib/amd64/jli/libjli.so
7f1abec58000-7f1abec59000 rw-p 00015000 08:01 9840182                    /usr/lib/jvm/java-8-oracle/lib/amd64/jli/libjli.so
7f1abec59000-7f1abec71000 r-xp 00000000 08:01 7603312                    /lib/x86_64-linux-gnu/libpthread-2.23.so
7f1abec71000-7f1abee70000 ---p 00018000 08:01 7603312                    /lib/x86_64-linux-gnu/libpthread-2.23.so
7f1abee70000-7f1abee71000 r--p 00017000 08:01 7603312                    /lib/x86_64-linux-gnu/libpthread-2.23.so
7f1abee71000-7f1abee72000 rw-p 00018000 08:01 7603312                    /lib/x86_64-linux-gnu/libpthread-2.23.so
7f1abee72000-7f1abee76000 rw-p 00000000 00:00 0 
7f1abee76000-7f1abee9c000 r-xp 00000000 08:01 7603309                    /lib/x86_64-linux-gnu/ld-2.23.so
7f1abeea2000-7f1abef74000 rw-p 00000000 00:00 0 
7f1abef74000-7f1abef77000 ---p 00000000 00:00 0 
7f1abef77000-7f1abf079000 rw-p 00000000 00:00 0 
7f1abf07b000-7f1abf08f000 rw-p 00000000 00:00 0 
7f1abf08f000-7f1abf097000 rw-s 00000000 08:01 132173                     /tmp/hsperfdata_oguz/18406
7f1abf097000-7f1abf098000 rw-p 00000000 00:00 0 
7f1abf098000-7f1abf099000 ---p 00000000 00:00 0 
7f1abf099000-7f1abf09b000 rw-p 00000000 00:00 0 
7f1abf09b000-7f1abf09c000 r--p 00025000 08:01 7603309                    /lib/x86_64-linux-gnu/ld-2.23.so
7f1abf09c000-7f1abf09d000 rw-p 00026000 08:01 7603309                    /lib/x86_64-linux-gnu/ld-2.23.so
7f1abf09d000-7f1abf09e000 rw-p 00000000 00:00 0 
7fffaa108000-7fffaa129000 rw-p 00000000 00:00 0                          [stack]
7fffaa1c8000-7fffaa1ca000 r--p 00000000 00:00 0                          [vvar]
7fffaa1ca000-7fffaa1cc000 r-xp 00000000 00:00 0                          [vdso]
ffffffffff600000-ffffffffff601000 r-xp 00000000 00:00 0                  [vsyscall]

VM Arguments:
jvm_args: -Djava.awt.headless=true -Xmx1024M -Dfile.encoding=UTF-8 -Duser.country=TR -Duser.language=tr -Duser.variant 
java_command: com.android.dx.command.Main --dex --force-jumbo --num-threads=4 --multi-dex --output /home/oguz/Masaüstü/FomApplicationAndroid/app/build/intermediates/transforms/dex/debug/folders/1000/5/slice_4 /home/oguz/Masaüstü/FomApplicationAndroid/app/build/intermediates/transforms/instantRunSlicer/debug/folders/1/5/slice_4
java_class_path (initial): /home/oguz/Android/Sdk/build-tools/23.0.3/lib/dx.jar
Launcher Type: SUN_STANDARD

Environment Variables:
PATH=/usr/local/sbin:/usr/local/bin:/usr/sbin:/usr/bin:/sbin:/bin:/usr/games:/usr/local/games:/snap/bin
LD_LIBRARY_PATH=/home/oguz/Masaüstü/Derleyiciler/android-studio/bin:
SHELL=/bin/bash
DISPLAY=:0

Signal Handlers:
SIGSEGV: [libjvm.so+0xabca10], sa_mask[0]=11111111011111111101111111111110, sa_flags=SA_RESTART|SA_SIGINFO
SIGBUS: [libjvm.so+0xabca10], sa_mask[0]=11111111011111111101111111111110, sa_flags=SA_RESTART|SA_SIGINFO
SIGFPE: [libjvm.so+0x919a20], sa_mask[0]=11111111011111111101111111111110, sa_flags=SA_RESTART|SA_SIGINFO
SIGPIPE: [libjvm.so+0x919a20], sa_mask[0]=11111111011111111101111111111110, sa_flags=SA_RESTART|SA_SIGINFO
SIGXFSZ: [libjvm.so+0x919a20], sa_mask[0]=11111111011111111101111111111110, sa_flags=SA_RESTART|SA_SIGINFO
SIGILL: [libjvm.so+0x919a20], sa_mask[0]=11111111011111111101111111111110, sa_flags=SA_RESTART|SA_SIGINFO
SIGUSR1: SIG_DFL, sa_mask[0]=00000000000000000000000000000000, sa_flags=none
SIGUSR2: [libjvm.so+0x91b050], sa_mask[0]=00100000000000000000000000000000, sa_flags=SA_RESTART|SA_SIGINFO
SIGHUP: [libjvm.so+0x91c450], sa_mask[0]=11111111011111111101111111111110, sa_flags=SA_RESTART|SA_SIGINFO
SIGINT: [libjvm.so+0x91c450], sa_mask[0]=11111111011111111101111111111110, sa_flags=SA_RESTART|SA_SIGINFO
SIGTERM: [libjvm.so+0x91c450], sa_mask[0]=11111111011111111101111111111110, sa_flags=SA_RESTART|SA_SIGINFO
SIGQUIT: [libjvm.so+0x91c450], sa_mask[0]=11111111011111111101111111111110, sa_flags=SA_RESTART|SA_SIGINFO


---------------  S Y S T E M  ---------------

OS:DISTRIB_ID=Ubuntu
DISTRIB_RELEASE=16.04
DISTRIB_CODENAME=xenial
DISTRIB_DESCRIPTION="Ubuntu Xenial Xerus (development branch)"

uname:Linux 4.4.0-22-generic #39-Ubuntu SMP Thu May 5 16:53:32 UTC 2016 x86_64
libc:glibc 2.23 NPTL 2.23 
rlimit: STACK 8192k, CORE 0k, NPROC 31498, NOFILE 65536, AS infinity
load average:10.40 3.09 2.18

/proc/meminfo:
MemTotal:        8101800 kB
MemFree:           51360 kB
MemAvailable:      91328 kB
Buffers:             624 kB
Cached:           555944 kB
SwapCached:            0 kB
Active:          7311356 kB
Inactive:         500056 kB
Active(anon):    7296064 kB
Inactive(anon):   485880 kB
Active(file):      15292 kB
Inactive(file):    14176 kB
Unevictable:          92 kB
Mlocked:              92 kB
SwapTotal:             0 kB
SwapFree:              0 kB
Dirty:                32 kB
Writeback:             0 kB
AnonPages:       7255772 kB
Mapped:           174328 kB
Shmem:            526040 kB
Slab:             109960 kB
SReclaimable:      52872 kB
SUnreclaim:        57088 kB
KernelStack:       19792 kB
PageTables:        61636 kB
NFS_Unstable:          0 kB
Bounce:                0 kB
WritebackTmp:          0 kB
CommitLimit:     4050900 kB
Committed_AS:   13863804 kB
VmallocTotal:   34359738367 kB
VmallocUsed:           0 kB
VmallocChunk:          0 kB
HardwareCorrupted:     0 kB
AnonHugePages:   3682304 kB
CmaTotal:              0 kB
CmaFree:               0 kB
HugePages_Total:       0
HugePages_Free:        0
HugePages_Rsvd:        0
HugePages_Surp:        0
Hugepagesize:       2048 kB
DirectMap4k:      180992 kB
DirectMap2M:     7086080 kB
DirectMap1G:     2097152 kB


CPU:total 8 (4 cores per cpu, 2 threads per core) family 6 model 60 stepping 3, cmov, cx8, fxsr, mmx, sse, sse2, sse3, ssse3, sse4.1, sse4.2, popcnt, avx, avx2, aes, clmul, erms, lzcnt, ht, tsc, tscinvbit, bmi1, bmi2

/proc/cpuinfo:
processor	: 0
vendor_id	: GenuineIntel
cpu family	: 6
model		: 60
model name	: Intel(R) Core(TM) i7-4700MQ CPU @ 2.40GHz
stepping	: 3
microcode	: 0x16
cpu MHz		: 2699.906
cache size	: 6144 KB
physical id	: 0
siblings	: 8
core id		: 0
cpu cores	: 4
apicid		: 0
initial apicid	: 0
fpu		: yes
fpu_exception	: yes
cpuid level	: 13
wp		: yes
flags		: fpu vme de pse tsc msr pae mce cx8 apic sep mtrr pge mca cmov pat pse36 clflush dts acpi mmx fxsr sse sse2 ss ht tm pbe syscall nx pdpe1gb rdtscp lm constant_tsc arch_perfmon pebs bts rep_good nopl xtopology nonstop_tsc aperfmperf eagerfpu pni pclmulqdq dtes64 monitor ds_cpl vmx est tm2 ssse3 sdbg fma cx16 xtpr pdcm pcid sse4_1 sse4_2 movbe popcnt tsc_deadline_timer aes xsave avx f16c rdrand lahf_lm abm epb tpr_shadow vnmi flexpriority ept vpid fsgsbase tsc_adjust bmi1 avx2 smep bmi2 erms invpcid xsaveopt dtherm ida arat pln pts
bugs		:
bogomips	: 4789.15
clflush size	: 64
cache_alignment	: 64
address sizes	: 39 bits physical, 48 bits virtual
power management:

processor	: 1
vendor_id	: GenuineIntel
cpu family	: 6
model		: 60
model name	: Intel(R) Core(TM) i7-4700MQ CPU @ 2.40GHz
stepping	: 3
microcode	: 0x16
cpu MHz		: 2699.906
cache size	: 6144 KB
physical id	: 0
siblings	: 8
core id		: 0
cpu cores	: 4
apicid		: 1
initial apicid	: 1
fpu		: yes
fpu_exception	: yes
cpuid level	: 13
wp		: yes
flags		: fpu vme de pse tsc msr pae mce cx8 apic sep mtrr pge mca cmov pat pse36 clflush dts acpi mmx fxsr sse sse2 ss ht tm pbe syscall nx pdpe1gb rdtscp lm constant_tsc arch_perfmon pebs bts rep_good nopl xtopology nonstop_tsc aperfmperf eagerfpu pni pclmulqdq dtes64 monitor ds_cpl vmx est tm2 ssse3 sdbg fma cx16 xtpr pdcm pcid sse4_1 sse4_2 movbe popcnt tsc_deadline_timer aes xsave avx f16c rdrand lahf_lm abm epb tpr_shadow vnmi flexpriority ept vpid fsgsbase tsc_adjust bmi1 avx2 smep bmi2 erms invpcid xsaveopt dtherm ida arat pln pts
bugs		:
bogomips	: 4789.15
clflush size	: 64
cache_alignment	: 64
address sizes	: 39 bits physical, 48 bits virtual
power management:

processor	: 2
vendor_id	: GenuineIntel
cpu family	: 6
model		: 60
model name	: Intel(R) Core(TM) i7-4700MQ CPU @ 2.40GHz
stepping	: 3
microcode	: 0x16
cpu MHz		: 2699.906
cache size	: 6144 KB
physical id	: 0
siblings	: 8
core id		: 1
cpu cores	: 4
apicid		: 2
initial apicid	: 2
fpu		: yes
fpu_exception	: yes
cpuid level	: 13
wp		: yes
flags		: fpu vme de pse tsc msr pae mce cx8 apic sep mtrr pge mca cmov pat pse36 clflush dts acpi mmx fxsr sse sse2 ss ht tm pbe syscall nx pdpe1gb rdtscp lm constant_tsc arch_perfmon pebs bts rep_good nopl xtopology nonstop_tsc aperfmperf eagerfpu pni pclmulqdq dtes64 monitor ds_cpl vmx est tm2 ssse3 sdbg fma cx16 xtpr pdcm pcid sse4_1 sse4_2 movbe popcnt tsc_deadline_timer aes xsave avx f16c rdrand lahf_lm abm epb tpr_shadow vnmi flexpriority ept vpid fsgsbase tsc_adjust bmi1 avx2 smep bmi2 erms invpcid xsaveopt dtherm ida arat pln pts
bugs		:
bogomips	: 4789.15
clflush size	: 64
cache_alignment	: 64
address sizes	: 39 bits physical, 48 bits virtual
power management:

processor	: 3
vendor_id	: GenuineIntel
cpu family	: 6
model		: 60
model name	: Intel(R) Core(TM) i7-4700MQ CPU @ 2.40GHz
stepping	: 3
microcode	: 0x16
cpu MHz		: 2700.000
cache size	: 6144 KB
physical id	: 0
siblings	: 8
core id		: 1
cpu cores	: 4
apicid		: 3
initial apicid	: 3
fpu		: yes
fpu_exception	: yes
cpuid level	: 13
wp		: yes
flags		: fpu vme de pse tsc msr pae mce cx8 apic sep mtrr pge mca cmov pat pse36 clflush dts acpi mmx fxsr sse sse2 ss ht tm pbe syscall nx pdpe1gb rdtscp lm constant_tsc arch_perfmon pebs bts rep_good nopl xtopology nonstop_tsc aperfmperf eagerfpu pni pclmulqdq dtes64 monitor ds_cpl vmx est tm2 ssse3 sdbg fma cx16 xtpr pdcm pcid sse4_1 sse4_2 movbe popcnt tsc_deadline_timer aes xsave avx f16c rdrand lahf_lm abm epb tpr_shadow vnmi flexpriority ept vpid fsgsbase tsc_adjust bmi1 avx2 smep bmi2 erms invpcid xsaveopt dtherm ida arat pln pts
bugs		:
bogomips	: 4789.15
clflush size	: 64
cache_alignment	: 64
address sizes	: 39 bits physical, 48 bits virtual
power management:

processor	: 4
vendor_id	: GenuineIntel
cpu family	: 6
model		: 60
model name	: Intel(R) Core(TM) i7-4700MQ CPU @ 2.40GHz
stepping	: 3
microcode	: 0x16
cpu MHz		: 2700.000
cache size	: 6144 KB
physical id	: 0
siblings	: 8
core id		: 2
cpu cores	: 4
apicid		: 4
initial apicid	: 4
fpu		: yes
fpu_exception	: yes
cpuid level	: 13
wp		: yes
flags		: fpu vme de pse tsc msr pae mce cx8 apic sep mtrr pge mca cmov pat pse36 clflush dts acpi mmx fxsr sse sse2 ss ht tm pbe syscall nx pdpe1gb rdtscp lm constant_tsc arch_perfmon pebs bts rep_good nopl xtopology nonstop_tsc aperfmperf eagerfpu pni pclmulqdq dtes64 monitor ds_cpl vmx est tm2 ssse3 sdbg fma cx16 xtpr pdcm pcid sse4_1 sse4_2 movbe popcnt tsc_deadline_timer aes xsave avx f16c rdrand lahf_lm abm epb tpr_shadow vnmi flexpriority ept vpid fsgsbase tsc_adjust bmi1 avx2 smep bmi2 erms invpcid xsaveopt dtherm ida arat pln pts
bugs		:
bogomips	: 4789.15
clflush size	: 64
cache_alignment	: 64
address sizes	: 39 bits physical, 48 bits virtual
power management:

processor	: 5
vendor_id	: GenuineIntel
cpu family	: 6
model		: 60
model name	: Intel(R) Core(TM) i7-4700MQ CPU @ 2.40GHz
stepping	: 3
microcode	: 0x16
cpu MHz		: 2699.906
cache size	: 6144 KB
physical id	: 0
siblings	: 8
core id		: 2
cpu cores	: 4
apicid		: 5
initial apicid	: 5
fpu		: yes
fpu_exception	: yes
cpuid level	: 13
wp		: yes
flags		: fpu vme de pse tsc msr pae mce cx8 apic sep mtrr pge mca cmov pat pse36 clflush dts acpi mmx fxsr sse sse2 ss ht tm pbe syscall nx pdpe1gb rdtscp lm constant_tsc arch_perfmon pebs bts rep_good nopl xtopology nonstop_tsc aperfmperf eagerfpu pni pclmulqdq dtes64 monitor ds_cpl vmx est tm2 ssse3 sdbg fma cx16 xtpr pdcm pcid sse4_1 sse4_2 movbe popcnt tsc_deadline_timer aes xsave avx f16c rdrand lahf_lm abm epb tpr_shadow vnmi flexpriority ept vpid fsgsbase tsc_adjust bmi1 avx2 smep bmi2 erms invpcid xsaveopt dtherm ida arat pln pts
bugs		:
bogomips	: 4789.15
clflush size	: 64
cache_alignment	: 64
address sizes	: 39 bits physical, 48 bits virtual
power management:

processor	: 6
vendor_id	: GenuineIntel
cpu family	: 6
model		: 60
model name	: Intel(R) Core(TM) i7-4700MQ CPU @ 2.40GHz
stepping	: 3
microcode	: 0x16
cpu MHz		: 2700.000
cache size	: 6144 KB
physical id	: 0
siblings	: 8
core id		: 3
cpu cores	: 4
apicid		: 6
initial apicid	: 6
fpu		: yes
fpu_exception	: yes
cpuid level	: 13
wp		: yes
flags		: fpu vme de pse tsc msr pae mce cx8 apic sep mtrr pge mca cmov pat pse36 clflush dts acpi mmx fxsr sse sse2 ss ht tm pbe syscall nx pdpe1gb rdtscp lm constant_tsc arch_perfmon pebs bts rep_good nopl xtopology nonstop_tsc aperfmperf eagerfpu pni pclmulqdq dtes64 monitor ds_cpl vmx est tm2 ssse3 sdbg fma cx16 xtpr pdcm pcid sse4_1 sse4_2 movbe popcnt tsc_deadline_timer aes xsave avx f16c rdrand lahf_lm abm epb tpr_shadow vnmi flexpriority ept vpid fsgsbase tsc_adjust bmi1 avx2 smep bmi2 erms invpcid xsaveopt dtherm ida arat pln pts
bugs		:
bogomips	: 4789.15
clflush size	: 64
cache_alignment	: 64
address sizes	: 39 bits physical, 48 bits virtual
power management:

processor	: 7
vendor_id	: GenuineIntel
cpu family	: 6
model		: 60
model name	: Intel(R) Core(TM) i7-4700MQ CPU @ 2.40GHz
stepping	: 3
microcode	: 0x16
cpu MHz		: 2699.906
cache size	: 6144 KB
physical id	: 0
siblings	: 8
core id		: 3
cpu cores	: 4
apicid		: 7
initial apicid	: 7
fpu		: yes
fpu_exception	: yes
cpuid level	: 13
wp		: yes
flags		: fpu vme de pse tsc msr pae mce cx8 apic sep mtrr pge mca cmov pat pse36 clflush dts acpi mmx fxsr sse sse2 ss ht tm pbe syscall nx pdpe1gb rdtscp lm constant_tsc arch_perfmon pebs bts rep_good nopl xtopology nonstop_tsc aperfmperf eagerfpu pni pclmulqdq dtes64 monitor ds_cpl vmx est tm2 ssse3 sdbg fma cx16 xtpr pdcm pcid sse4_1 sse4_2 movbe popcnt tsc_deadline_timer aes xsave avx f16c rdrand lahf_lm abm epb tpr_shadow vnmi flexpriority ept vpid fsgsbase tsc_adjust bmi1 avx2 smep bmi2 erms invpcid xsaveopt dtherm ida arat pln pts
bugs		:
bogomips	: 4789.15
clflush size	: 64
cache_alignment	: 64
address sizes	: 39 bits physical, 48 bits virtual
power management:



Memory: 4k page, physical 8101800k(54068k free), swap 0k(0k free)

vm_info: Java HotSpot(TM) 64-Bit Server VM (25.91-b14) for linux-amd64 JRE (1.8.0_91-b14), built on Apr  1 2016 00:57:21 by "java_re" with gcc 4.3.0 20080428 (Red Hat 4.3.0-8)

time: Mon Aug  8 15:18:33 2016
elapsed time: 11 seconds (0d 0h 0m 11s)

