#
# There is insufficient memory for the Java Runtime Environment to continue.
# Native memory allocation (mmap) failed to map 174063616 bytes for committing reserved memory.
# Possible reasons:
#   The system is out of physical RAM or swap space
#   In 32 bit mode, the process size limit was hit
# Possible solutions:
#   Reduce memory load on the system
#   Increase physical memory or swap space
#   Check if swap backing store is full
#   Use 64 bit Java on a 64 bit OS
#   Decrease Java heap size (-Xmx/-Xms)
#   Decrease number of Java threads
#   Decrease Java thread stack sizes (-Xss)
#   Set larger code cache with -XX:ReservedCodeCacheSize=
# This output file may be truncated or incomplete.
#
#  Out of Memory Error (os_linux.cpp:2627), pid=17508, tid=140053709821696
#
# JRE version: Java(TM) SE Runtime Environment (8.0_91-b14) (build 1.8.0_91-b14)
# Java VM: Java HotSpot(TM) 64-Bit Server VM (25.91-b14 mixed mode linux-amd64 compressed oops)
# Failed to write core dump. Core dumps have been disabled. To enable core dumping, try "ulimit -c unlimited" before starting Java again
#

---------------  T H R E A D  ---------------

Current thread (0x00007f6100080000):  VMThread [stack: 0x00007f60cb8f9000,0x00007f60cb9fa000] [id=17521]

Stack: [0x00007f60cb8f9000,0x00007f60cb9fa000],  sp=0x00007f60cb9f8120,  free space=1020k
Native frames: (J=compiled Java code, j=interpreted, Vv=VM code, C=native code)
V  [libjvm.so+0xabc18a]  VMError::report_and_die()+0x2ba
V  [libjvm.so+0x4fafeb]  report_vm_out_of_memory(char const*, int, unsigned long, VMErrorType, char const*)+0x8b
V  [libjvm.so+0x91cbb3]  os::Linux::commit_memory_impl(char*, unsigned long, bool)+0x103
V  [libjvm.so+0x91d109]  os::pd_commit_memory(char*, unsigned long, unsigned long, bool)+0x29
V  [libjvm.so+0x91740a]  os::commit_memory(char*, unsigned long, unsigned long, bool)+0x2a
V  [libjvm.so+0x98b033]  PSVirtualSpace::expand_by(unsigned long)+0x53
V  [libjvm.so+0x98c438]  PSYoungGen::resize_generation(unsigned long, unsigned long)+0xf8
V  [libjvm.so+0x98b592]  PSYoungGen::resize(unsigned long, unsigned long)+0x22
V  [libjvm.so+0x98886b]  PSScavenge::invoke_no_policy()+0xf3b
V  [libjvm.so+0x988ff1]  PSScavenge::invoke()+0x41
V  [libjvm.so+0x9408b0]  ParallelScavengeHeap::failed_mem_allocate(unsigned long)+0x70
V  [libjvm.so+0xabdba7]  VM_ParallelGCFailedAllocation::doit()+0x97
V  [libjvm.so+0xac55d5]  VM_Operation::evaluate()+0x55
V  [libjvm.so+0xac39aa]  VMThread::evaluate_operation(VM_Operation*)+0xba
V  [libjvm.so+0xac3d2e]  VMThread::loop()+0x1ce
V  [libjvm.so+0xac41a0]  VMThread::run()+0x70
V  [libjvm.so+0x91ef78]  java_start(Thread*)+0x108

VM_Operation (0x00007f60ca9b3f40): ParallelGCFailedAllocation, mode: safepoint, requested by thread 0x00007f6100171000


---------------  P R O C E S S  ---------------

Java Threads: ( => current thread )
  0x00007f6100173800 JavaThread "pool-2-thread-4" [_thread_blocked, id=17566, stack(0x00007f60ca6b3000,0x00007f60ca7b4000)]
  0x00007f6100172000 JavaThread "pool-2-thread-3" [_thread_blocked, id=17565, stack(0x00007f60ca7b4000,0x00007f60ca8b5000)]
  0x00007f6100171000 JavaThread "pool-2-thread-2" [_thread_blocked, id=17564, stack(0x00007f60ca8b5000,0x00007f60ca9b6000)]
  0x00007f6100165000 JavaThread "pool-3-thread-1" [_thread_blocked, id=17563, stack(0x00007f60ca9b6000,0x00007f60caab7000)]
  0x00007f6100163000 JavaThread "pool-2-thread-1" [_thread_blocked, id=17562, stack(0x00007f60caab7000,0x00007f60cabb8000)]
  0x00007f61000ca800 JavaThread "Service Thread" daemon [_thread_blocked, id=17534, stack(0x00007f60cacb9000,0x00007f60cadba000)]
  0x00007f61000c7800 JavaThread "C1 CompilerThread3" daemon [_thread_blocked, id=17533, stack(0x00007f60cadba000,0x00007f60caebb000)]
  0x00007f61000c5800 JavaThread "C2 CompilerThread2" daemon [_thread_in_native, id=17532, stack(0x00007f60caebb000,0x00007f60cafbc000)]
  0x00007f61000c4000 JavaThread "C2 CompilerThread1" daemon [_thread_blocked, id=17530, stack(0x00007f60cafbc000,0x00007f60cb0bd000)]
  0x00007f61000c1000 JavaThread "C2 CompilerThread0" daemon [_thread_in_native, id=17528, stack(0x00007f60cb0bd000,0x00007f60cb1be000)]
  0x00007f61000bf800 JavaThread "Signal Dispatcher" daemon [_thread_blocked, id=17527, stack(0x00007f60cb1be000,0x00007f60cb2bf000)]
  0x00007f610008c800 JavaThread "Finalizer" daemon [_thread_blocked, id=17523, stack(0x00007f60cb6f7000,0x00007f60cb7f8000)]
  0x00007f6100087800 JavaThread "Reference Handler" daemon [_thread_blocked, id=17522, stack(0x00007f60cb7f8000,0x00007f60cb8f9000)]
  0x00007f610000a000 JavaThread "main" [_thread_blocked, id=17510, stack(0x00007f61070a6000,0x00007f61071a7000)]

Other Threads:
=>0x00007f6100080000 VMThread [stack: 0x00007f60cb8f9000,0x00007f60cb9fa000] [id=17521]
  0x00007f61000cd800 WatcherThread [stack: 0x00007f60cabb8000,0x00007f60cacb9000] [id=17535]

VM state:at safepoint (normal execution)

VM Mutex/Monitor currently owned by a thread:  ([mutex/lock_event])
[0x00007f6100006550] Threads_lock - owner thread: 0x00007f6100080000
[0x00007f6100006a50] Heap_lock - owner thread: 0x00007f6100171000

Heap:
 PSYoungGen      total 132096K, used 5113K [0x00000000eab00000, 0x00000000f3100000, 0x0000000100000000)
  eden space 126976K, 0% used [0x00000000eab00000,0x00000000eab00000,0x00000000f2700000)
  from space 5120K, 99% used [0x00000000f2700000,0x00000000f2bfe740,0x00000000f2c00000)
  to   space 5120K, 0% used [0x00000000f2c00000,0x00000000f2c00000,0x00000000f3100000)
 ParOldGen       total 84992K, used 40753K [0x00000000c0000000, 0x00000000c5300000, 0x00000000eab00000)
  object space 84992K, 47% used [0x00000000c0000000,0x00000000c27cc738,0x00000000c5300000)
 Metaspace       used 6356K, capacity 7192K, committed 7424K, reserved 1056768K
  class space    used 617K, capacity 656K, committed 768K, reserved 1048576K

Card table byte_map: [0x00007f610401b000,0x00007f610421c000] byte_map_base: 0x00007f6103a1b000

Marking Bits: (ParMarkBitMap*) 0x00007f610657ad60
 Begin Bits: [0x00007f60e2000000, 0x00007f60e3000000)
 End Bits:   [0x00007f60e3000000, 0x00007f60e4000000)

Polling page: 0x00007f61071ca000

CodeCache: size=245760Kb used=6568Kb max_used=6568Kb free=239191Kb
 bounds [0x00007f60f1000000, 0x00007f60f1670000, 0x00007f6100000000]
 total_blobs=2102 nmethods=1833 adapters=182
 compilation: enabled

Compilation events (10 events):
Event: 6,779 Thread 0x00007f61000c7800 2076       2       com.android.dx.dex.file.ClassDefItem::addStaticField (10 bytes)
Event: 6,779 Thread 0x00007f61000c7800 nmethod 2076 0x00007f60f166cd50 code [0x00007f60f166cec0, 0x00007f60f166d028]
Event: 6,779 Thread 0x00007f61000c7800 2077       2       com.android.dx.dex.file.EncodedField::hashCode (8 bytes)
Event: 6,782 Thread 0x00007f61000c7800 nmethod 2077 0x00007f60f166d110 code [0x00007f60f166d2a0, 0x00007f60f166d4c8]
Event: 6,792 Thread 0x00007f61000c7800 2079       2       java.util.concurrent.ArrayBlockingQueue::dequeue (75 bytes)
Event: 6,793 Thread 0x00007f61000c7800 nmethod 2079 0x00007f60f166d810 code [0x00007f60f166d9c0, 0x00007f60f166dcf8]
Event: 6,793 Thread 0x00007f61000c7800 2080   !   2       java.util.concurrent.ArrayBlockingQueue::take (46 bytes)
Event: 6,794 Thread 0x00007f61000c7800 nmethod 2080 0x00007f60f166df50 code [0x00007f60f166e120, 0x00007f60f166e538]
Event: 6,794 Thread 0x00007f61000c7800 2081       2       com.android.dx.cf.code.Simulator::requiredArrayTypeFor (61 bytes)
Event: 6,795 Thread 0x00007f61000c7800 nmethod 2081 0x00007f60f166e9d0 code [0x00007f60f166eb80, 0x00007f60f166ee98]

GC Heap History (9 events):
Event: 1,925 GC heap before
{Heap before GC invocations=1 (full 0):
 PSYoungGen      total 36864K, used 31744K [0x00000000eab00000, 0x00000000ed400000, 0x0000000100000000)
  eden space 31744K, 100% used [0x00000000eab00000,0x00000000eca00000,0x00000000eca00000)
  from space 5120K, 0% used [0x00000000ecf00000,0x00000000ecf00000,0x00000000ed400000)
  to   space 5120K, 0% used [0x00000000eca00000,0x00000000eca00000,0x00000000ecf00000)
 ParOldGen       total 84992K, used 0K [0x00000000c0000000, 0x00000000c5300000, 0x00000000eab00000)
  object space 84992K, 0% used [0x00000000c0000000,0x00000000c0000000,0x00000000c5300000)
 Metaspace       used 5719K, capacity 6704K, committed 6784K, reserved 1056768K
  class space    used 593K, capacity 616K, committed 640K, reserved 1048576K
Event: 2,016 GC heap after
Heap after GC invocations=1 (full 0):
 PSYoungGen      total 36864K, used 4999K [0x00000000eab00000, 0x00000000ef300000, 0x0000000100000000)
  eden space 31744K, 0% used [0x00000000eab00000,0x00000000eab00000,0x00000000eca00000)
  from space 5120K, 97% used [0x00000000eca00000,0x00000000ecee1c10,0x00000000ecf00000)
  to   space 5120K, 0% used [0x00000000eee00000,0x00000000eee00000,0x00000000ef300000)
 ParOldGen       total 84992K, used 8K [0x00000000c0000000, 0x00000000c5300000, 0x00000000eab00000)
  object space 84992K, 0% used [0x00000000c0000000,0x00000000c0002000,0x00000000c5300000)
 Metaspace       used 5719K, capacity 6704K, committed 6784K, reserved 1056768K
  class space    used 593K, capacity 616K, committed 640K, reserved 1048576K
}
Event: 2,977 GC heap before
{Heap before GC invocations=2 (full 0):
 PSYoungGen      total 36864K, used 36743K [0x00000000eab00000, 0x00000000ef300000, 0x0000000100000000)
  eden space 31744K, 100% used [0x00000000eab00000,0x00000000eca00000,0x00000000eca00000)
  from space 5120K, 97% used [0x00000000eca00000,0x00000000ecee1c10,0x00000000ecf00000)
  to   space 5120K, 0% used [0x00000000eee00000,0x00000000eee00000,0x00000000ef300000)
 ParOldGen       total 84992K, used 8K [0x00000000c0000000, 0x00000000c5300000, 0x00000000eab00000)
  object space 84992K, 0% used [0x00000000c0000000,0x00000000c0002000,0x00000000c5300000)
 Metaspace       used 5952K, capacity 6896K, committed 7040K, reserved 1056768K
  class space    used 595K, capacity 616K, committed 640K, reserved 1048576K
Event: 3,034 GC heap after
Heap after GC invocations=2 (full 0):
 PSYoungGen      total 68608K, used 5119K [0x00000000eab00000, 0x00000000ef300000, 0x0000000100000000)
  eden space 63488K, 0% used [0x00000000eab00000,0x00000000eab00000,0x00000000ee900000)
  from space 5120K, 99% used [0x00000000eee00000,0x00000000ef2fff80,0x00000000ef300000)
  to   space 5120K, 0% used [0x00000000ee900000,0x00000000ee900000,0x00000000eee00000)
 ParOldGen       total 84992K, used 3111K [0x00000000c0000000, 0x00000000c5300000, 0x00000000eab00000)
  object space 84992K, 3% used [0x00000000c0000000,0x00000000c0309f60,0x00000000c5300000)
 Metaspace       used 5952K, capacity 6896K, committed 7040K, reserved 1056768K
  class space    used 595K, capacity 616K, committed 640K, reserved 1048576K
}
Event: 4,391 GC heap before
{Heap before GC invocations=3 (full 0):
 PSYoungGen      total 68608K, used 68607K [0x00000000eab00000, 0x00000000ef300000, 0x0000000100000000)
  eden space 63488K, 100% used [0x00000000eab00000,0x00000000ee900000,0x00000000ee900000)
  from space 5120K, 99% used [0x00000000eee00000,0x00000000ef2fff80,0x00000000ef300000)
  to   space 5120K, 0% used [0x00000000ee900000,0x00000000ee900000,0x00000000eee00000)
 ParOldGen       total 84992K, used 3111K [0x00000000c0000000, 0x00000000c5300000, 0x00000000eab00000)
  object space 84992K, 3% used [0x00000000c0000000,0x00000000c0309f60,0x00000000c5300000)
 Metaspace       used 6018K, capacity 6960K, committed 7040K, reserved 1056768K
  class space    used 596K, capacity 616K, committed 640K, reserved 1048576K
Event: 4,493 GC heap after
Heap after GC invocations=3 (full 0):
 PSYoungGen      total 68608K, used 5091K [0x00000000eab00000, 0x00000000f3100000, 0x0000000100000000)
  eden space 63488K, 0% used [0x00000000eab00000,0x00000000eab00000,0x00000000ee900000)
  from space 5120K, 99% used [0x00000000ee900000,0x00000000eedf8db0,0x00000000eee00000)
  to   space 5120K, 0% used [0x00000000f2c00000,0x00000000f2c00000,0x00000000f3100000)
 ParOldGen       total 84992K, used 11800K [0x00000000c0000000, 0x00000000c5300000, 0x00000000eab00000)
  object space 84992K, 13% used [0x00000000c0000000,0x00000000c0b86100,0x00000000c5300000)
 Metaspace       used 6018K, capacity 6960K, committed 7040K, reserved 1056768K
  class space    used 596K, capacity 616K, committed 640K, reserved 1048576K
}
Event: 5,338 GC heap before
{Heap before GC invocations=4 (full 0):
 PSYoungGen      total 68608K, used 68579K [0x00000000eab00000, 0x00000000f3100000, 0x0000000100000000)
  eden space 63488K, 100% used [0x00000000eab00000,0x00000000ee900000,0x00000000ee900000)
  from space 5120K, 99% used [0x00000000ee900000,0x00000000eedf8db0,0x00000000eee00000)
  to   space 5120K, 0% used [0x00000000f2c00000,0x00000000f2c00000,0x00000000f3100000)
 ParOldGen       total 84992K, used 11800K [0x00000000c0000000, 0x00000000c5300000, 0x00000000eab00000)
  object space 84992K, 13% used [0x00000000c0000000,0x00000000c0b86100,0x00000000c5300000)
 Metaspace       used 6092K, capacity 7024K, committed 7296K, reserved 1056768K
  class space    used 596K, capacity 616K, committed 640K, reserved 1048576K
Event: 5,461 GC heap after
Heap after GC invocations=4 (full 0):
 PSYoungGen      total 132096K, used 5089K [0x00000000eab00000, 0x00000000f3100000, 0x0000000100000000)
  eden space 126976K, 0% used [0x00000000eab00000,0x00000000eab00000,0x00000000f2700000)
  from space 5120K, 99% used [0x00000000f2c00000,0x00000000f30f86d0,0x00000000f3100000)
  to   space 5120K, 0% used [0x00000000f2700000,0x00000000f2700000,0x00000000f2c00000)
 ParOldGen       total 84992K, used 20883K [0x00000000c0000000, 0x00000000c5300000, 0x00000000eab00000)
  object space 84992K, 24% used [0x00000000c0000000,0x00000000c1464fa8,0x00000000c5300000)
 Metaspace       used 6092K, capacity 7024K, committed 7296K, reserved 1056768K
  class space    used 596K, capacity 616K, committed 640K, reserved 1048576K
}
Event: 6,829 GC heap before
{Heap before GC invocations=5 (full 0):
 PSYoungGen      total 132096K, used 132065K [0x00000000eab00000, 0x00000000f3100000, 0x0000000100000000)
  eden space 126976K, 100% used [0x00000000eab00000,0x00000000f2700000,0x00000000f2700000)
  from space 5120K, 99% used [0x00000000f2c00000,0x00000000f30f86d0,0x00000000f3100000)
  to   space 5120K, 0% used [0x00000000f2700000,0x00000000f2700000,0x00000000f2c00000)
 ParOldGen       total 84992K, used 20883K [0x00000000c0000000, 0x00000000c5300000, 0x00000000eab00000)
  object space 84992K, 24% used [0x00000000c0000000,0x00000000c1464fa8,0x00000000c5300000)
 Metaspace       used 6356K, capacity 7192K, committed 7424K, reserved 1056768K
  class space    used 617K, capacity 656K, committed 768K, reserved 1048576K

Deoptimization events (10 events):
Event: 4,780 Thread 0x00007f6100173800 Uncommon trap: reason=bimorphic action=maybe_recompile pc=0x00007f60f149a648 method=com.android.dx.cf.code.BytecodeArray.parseInstruction(ILcom/android/dx/cf/code/BytecodeArray$Visitor;)I @ 1501
Event: 4,781 Thread 0x00007f6100173800 Uncommon trap: reason=bimorphic action=maybe_recompile pc=0x00007f60f149a648 method=com.android.dx.cf.code.BytecodeArray.parseInstruction(ILcom/android/dx/cf/code/BytecodeArray$Visitor;)I @ 1501
Event: 4,902 Thread 0x00007f6100163000 Uncommon trap: reason=bimorphic action=maybe_recompile pc=0x00007f60f149b320 method=com.android.dx.cf.code.BytecodeArray.parseInstruction(ILcom/android/dx/cf/code/BytecodeArray$Visitor;)I @ 1130
Event: 4,902 Thread 0x00007f6100163000 Uncommon trap: reason=bimorphic action=maybe_recompile pc=0x00007f60f149b320 method=com.android.dx.cf.code.BytecodeArray.parseInstruction(ILcom/android/dx/cf/code/BytecodeArray$Visitor;)I @ 1130
Event: 5,232 Thread 0x00007f6100173800 Uncommon trap: reason=unstable_if action=reinterpret pc=0x00007f60f1434604 method=com.android.dx.ssa.SCCP.simulateStmt(Lcom/android/dx/ssa/SsaInsn;)V @ 53
Event: 5,281 Thread 0x00007f6100173800 Uncommon trap: reason=bimorphic action=maybe_recompile pc=0x00007f60f13b7860 method=java.util.HashMap.getNode(ILjava/lang/Object;)Ljava/util/HashMap$Node; @ 126
Event: 5,281 Thread 0x00007f6100173800 Uncommon trap: reason=class_check action=maybe_recompile pc=0x00007f60f136baa4 method=java.util.HashMap.putVal(ILjava/lang/Object;Ljava/lang/Object;ZZ)Ljava/lang/Object; @ 203
Event: 5,938 Thread 0x00007f6100163000 Uncommon trap: reason=unstable_if action=reinterpret pc=0x00007f60f151947c method=com.android.dx.rop.code.LocalItem.compareHandlesNulls(Lcom/android/dx/rop/cst/CstString;Lcom/android/dx/rop/cst/CstString;)I @ 14
Event: 6,532 Thread 0x00007f6100171000 Uncommon trap: reason=unstable_if action=reinterpret pc=0x00007f60f12484fc method=java.util.HashMap.putVal(ILjava/lang/Object;Ljava/lang/Object;ZZ)Ljava/lang/Object; @ 162
Event: 6,594 Thread 0x00007f6100171000 Uncommon trap: reason=unstable_if action=reinterpret pc=0x00007f60f13b7840 method=java.util.HashMap.getNode(ILjava/lang/Object;)Ljava/util/HashMap$Node; @ 84

Internal exceptions (6 events):
Event: 0,116 Thread 0x00007f610000a000 Exception <a 'java/lang/NoSuchMethodError': Method sun.misc.Unsafe.defineClass(Ljava/lang/String;[BII)Ljava/lang/Class; name or signature does not match> (0x00000000eab07cc0) thrown at [/HUDSON/workspace/8-2-build-linux-amd64/jdk8u91/6644/hotspot/src/shar
Event: 0,116 Thread 0x00007f610000a000 Exception <a 'java/lang/NoSuchMethodError': Method sun.misc.Unsafe.prefetchRead(Ljava/lang/Object;J)V name or signature does not match> (0x00000000eab07fa8) thrown at [/HUDSON/workspace/8-2-build-linux-amd64/jdk8u91/6644/hotspot/src/share/vm/prims/jni.cpp
Event: 5,938 Thread 0x00007f6100163000 Implicit null exception at 0x00007f60f1518070 to 0x00007f60f1519451
Event: 6,566 Thread 0x00007f6100171000 Exception <a 'java/lang/ArrayIndexOutOfBoundsException': 18> (0x00000000f0d08850) thrown at [/HUDSON/workspace/8-2-build-linux-amd64/jdk8u91/6644/hotspot/src/share/vm/interpreter/interpreterRuntime.cpp, line 366]
Event: 6,584 Thread 0x00007f6100171000 Exception <a 'java/lang/ArrayIndexOutOfBoundsException': 145> (0x00000000f124c060) thrown at [/HUDSON/workspace/8-2-build-linux-amd64/jdk8u91/6644/hotspot/src/share/vm/interpreter/interpreterRuntime.cpp, line 366]
Event: 6,589 Thread 0x00007f6100171000 Exception <a 'java/lang/ArrayIndexOutOfBoundsException': 40> (0x00000000f124d348) thrown at [/HUDSON/workspace/8-2-build-linux-amd64/jdk8u91/6644/hotspot/src/share/vm/interpreter/interpreterRuntime.cpp, line 366]

Events (10 events):
Event: 6,661 Thread 0x00007f6100172000 DEOPT UNPACKING pc=0x00007f60f1047633 sp=0x00007f60ca8b2a18 mode 0
Event: 6,677 Thread 0x00007f6100171000 DEOPT PACKING pc=0x00007f60f146f3ea sp=0x00007f60ca9b4090
Event: 6,677 Thread 0x00007f6100171000 DEOPT UNPACKING pc=0x00007f60f1047633 sp=0x00007f60ca9b3de8 mode 0
Event: 6,702 Thread 0x00007f6100171000 DEOPT PACKING pc=0x00007f60f13c602c sp=0x00007f60ca9b4060
Event: 6,702 Thread 0x00007f6100171000 DEOPT UNPACKING pc=0x00007f60f1047633 sp=0x00007f60ca9b3d60 mode 0
Event: 6,742 Thread 0x00007f6100172000 DEOPT PACKING pc=0x00007f60f12a1507 sp=0x00007f60ca8b2c30
Event: 6,743 Thread 0x00007f6100172000 DEOPT UNPACKING pc=0x00007f60f1047633 sp=0x00007f60ca8b2998 mode 0
Event: 6,809 Thread 0x00007f6100171000 DEOPT PACKING pc=0x00007f60f12a1507 sp=0x00007f60ca9b3d40
Event: 6,809 Thread 0x00007f6100171000 DEOPT UNPACKING pc=0x00007f60f1047633 sp=0x00007f60ca9b3aa8 mode 0
Event: 6,819 Executing VM operation: ParallelGCFailedAllocation


Dynamic libraries:
00400000-00401000 r-xp 00000000 08:01 9839507                            /usr/lib/jvm/java-8-oracle/bin/java
00600000-00601000 rw-p 00000000 08:01 9839507                            /usr/lib/jvm/java-8-oracle/bin/java
023a0000-023c1000 rw-p 00000000 00:00 0                                  [heap]
c0000000-c5300000 rw-p 00000000 00:00 0 
c5300000-eab00000 ---p 00000000 00:00 0 
eab00000-f3100000 rw-p 00000000 00:00 0 
fd700000-100000000 ---p 00000000 00:00 0 
100000000-1000c0000 rw-p 00000000 00:00 0 
1000c0000-140000000 ---p 00000000 00:00 0 
7f608c000000-7f608c021000 rw-p 00000000 00:00 0 
7f608c021000-7f6090000000 ---p 00000000 00:00 0 
7f6090000000-7f6090035000 rw-p 00000000 00:00 0 
7f6090035000-7f6094000000 ---p 00000000 00:00 0 
7f6094000000-7f6094021000 rw-p 00000000 00:00 0 
7f6094021000-7f6098000000 ---p 00000000 00:00 0 
7f6098000000-7f609802c000 rw-p 00000000 00:00 0 
7f609802c000-7f609c000000 ---p 00000000 00:00 0 
7f609c000000-7f609c021000 rw-p 00000000 00:00 0 
7f609c021000-7f60a0000000 ---p 00000000 00:00 0 
7f60a0000000-7f60a0032000 rw-p 00000000 00:00 0 
7f60a0032000-7f60a4000000 ---p 00000000 00:00 0 
7f60a4000000-7f60a47fc000 rw-p 00000000 00:00 0 
7f60a47fc000-7f60a8000000 ---p 00000000 00:00 0 
7f60a8000000-7f60a8021000 rw-p 00000000 00:00 0 
7f60a8021000-7f60ac000000 ---p 00000000 00:00 0 
7f60ac000000-7f60acc83000 rw-p 00000000 00:00 0 
7f60acc83000-7f60b0000000 ---p 00000000 00:00 0 
7f60b0000000-7f60b0b2b000 rw-p 00000000 00:00 0 
7f60b0b2b000-7f60b4000000 ---p 00000000 00:00 0 
7f60b4000000-7f60b4021000 rw-p 00000000 00:00 0 
7f60b4021000-7f60b8000000 ---p 00000000 00:00 0 
7f60b8000000-7f60b89bc000 rw-p 00000000 00:00 0 
7f60b89bc000-7f60bc000000 ---p 00000000 00:00 0 
7f60bc000000-7f60bc021000 rw-p 00000000 00:00 0 
7f60bc021000-7f60c0000000 ---p 00000000 00:00 0 
7f60c0000000-7f60c0021000 rw-p 00000000 00:00 0 
7f60c0021000-7f60c4000000 ---p 00000000 00:00 0 
7f60c4000000-7f60c428f000 rw-p 00000000 00:00 0 
7f60c428f000-7f60c8000000 ---p 00000000 00:00 0 
7f60ca6b3000-7f60ca6b6000 ---p 00000000 00:00 0 
7f60ca6b6000-7f60ca7b4000 rw-p 00000000 00:00 0 
7f60ca7b4000-7f60ca7b7000 ---p 00000000 00:00 0 
7f60ca7b7000-7f60ca8b5000 rw-p 00000000 00:00 0 
7f60ca8b5000-7f60ca8b8000 ---p 00000000 00:00 0 
7f60ca8b8000-7f60ca9b6000 rw-p 00000000 00:00 0 
7f60ca9b6000-7f60ca9b9000 ---p 00000000 00:00 0 
7f60ca9b9000-7f60caab7000 rw-p 00000000 00:00 0 
7f60caab7000-7f60caaba000 ---p 00000000 00:00 0 
7f60caaba000-7f60cabb8000 rw-p 00000000 00:00 0 
7f60cabb8000-7f60cabb9000 ---p 00000000 00:00 0 
7f60cabb9000-7f60cacb9000 rw-p 00000000 00:00 0 
7f60cacb9000-7f60cacbc000 ---p 00000000 00:00 0 
7f60cacbc000-7f60cadba000 rw-p 00000000 00:00 0 
7f60cadba000-7f60cadbd000 ---p 00000000 00:00 0 
7f60cadbd000-7f60caebb000 rw-p 00000000 00:00 0 
7f60caebb000-7f60caebe000 ---p 00000000 00:00 0 
7f60caebe000-7f60cafbc000 rw-p 00000000 00:00 0 
7f60cafbc000-7f60cafbf000 ---p 00000000 00:00 0 
7f60cafbf000-7f60cb0bd000 rw-p 00000000 00:00 0 
7f60cb0bd000-7f60cb0c0000 ---p 00000000 00:00 0 
7f60cb0c0000-7f60cb1be000 rw-p 00000000 00:00 0 
7f60cb1be000-7f60cb1c1000 ---p 00000000 00:00 0 
7f60cb1c1000-7f60cb2bf000 rw-p 00000000 00:00 0 
7f60cb2bf000-7f60cb6f7000 r--p 00000000 08:01 9700768                    /usr/lib/locale/locale-archive
7f60cb6f7000-7f60cb6fa000 ---p 00000000 00:00 0 
7f60cb6fa000-7f60cb7f8000 rw-p 00000000 00:00 0 
7f60cb7f8000-7f60cb7fb000 ---p 00000000 00:00 0 
7f60cb7fb000-7f60cb8f9000 rw-p 00000000 00:00 0 
7f60cb8f9000-7f60cb8fa000 ---p 00000000 00:00 0 
7f60cb8fa000-7f60cc000000 rw-p 00000000 00:00 0 
7f60cc000000-7f60cc021000 rw-p 00000000 00:00 0 
7f60cc021000-7f60d0000000 ---p 00000000 00:00 0 
7f60d0000000-7f60d0021000 rw-p 00000000 00:00 0 
7f60d0021000-7f60d4000000 ---p 00000000 00:00 0 
7f60d4000000-7f60d4021000 rw-p 00000000 00:00 0 
7f60d4021000-7f60d8000000 ---p 00000000 00:00 0 
7f60d8000000-7f60d8021000 rw-p 00000000 00:00 0 
7f60d8021000-7f60dc000000 ---p 00000000 00:00 0 
7f60dc000000-7f60dc021000 rw-p 00000000 00:00 0 
7f60dc021000-7f60e0000000 ---p 00000000 00:00 0 
7f60e0019000-7f60e0036000 r--p 00000000 08:01 11012338                   /usr/share/locale-langpack/tr/LC_MESSAGES/libc.mo
7f60e0036000-7f60e004c000 r--s 000f1000 08:01 4217126                    /home/oguz/Masaüstü/FomApplicationAndroid/app/build/intermediates/exploded-aar/com.android.support/support-v4/23.3.0/jars/classes.jar
7f60e004c000-7f60e1627000 rw-p 00000000 00:00 0 
7f60e1627000-7f60e1800000 r--s 03d1f000 08:01 9967487                    /usr/lib/jvm/java-8-oracle/jre/lib/rt.jar
7f60e1800000-7f60e1e80000 rw-p 00000000 00:00 0 
7f60e1e80000-7f60e2000000 ---p 00000000 00:00 0 
7f60e2000000-7f60e4000000 rw-p 00000000 00:00 0 
7f60e4000000-7f60e4021000 rw-p 00000000 00:00 0 
7f60e4021000-7f60e8000000 ---p 00000000 00:00 0 
7f60e8000000-7f60e8021000 rw-p 00000000 00:00 0 
7f60e8021000-7f60ec000000 ---p 00000000 00:00 0 
7f60ec000000-7f60ec021000 rw-p 00000000 00:00 0 
7f60ec021000-7f60f0000000 ---p 00000000 00:00 0 
7f60f0009000-7f60f02e2000 rw-p 00000000 00:00 0 
7f60f02e2000-7f60f02e3000 ---p 00000000 00:00 0 
7f60f02e3000-7f60f03e3000 rw-p 00000000 00:00 0 
7f60f03e3000-7f60f03e4000 ---p 00000000 00:00 0 
7f60f03e4000-7f60f04e4000 rw-p 00000000 00:00 0 
7f60f04e4000-7f60f04e5000 ---p 00000000 00:00 0 
7f60f04e5000-7f60f05e5000 rw-p 00000000 00:00 0 
7f60f05e5000-7f60f05e6000 ---p 00000000 00:00 0 
7f60f05e6000-7f60f06e6000 rw-p 00000000 00:00 0 
7f60f06e6000-7f60f06e7000 ---p 00000000 00:00 0 
7f60f06e7000-7f60f07e7000 rw-p 00000000 00:00 0 
7f60f07e7000-7f60f07e8000 ---p 00000000 00:00 0 
7f60f07e8000-7f60f08e8000 rw-p 00000000 00:00 0 
7f60f08e8000-7f60f08e9000 ---p 00000000 00:00 0 
7f60f08e9000-7f60f09e9000 rw-p 00000000 00:00 0 
7f60f09e9000-7f60f09ea000 ---p 00000000 00:00 0 
7f60f09ea000-7f60f0b14000 rw-p 00000000 00:00 0 
7f60f0b14000-7f60f0c40000 ---p 00000000 00:00 0 
7f60f0c40000-7f60f0c5a000 rw-p 00000000 00:00 0 
7f60f0c5a000-7f60f1000000 ---p 00000000 00:00 0 
7f60f1000000-7f60f1670000 rwxp 00000000 00:00 0 
7f60f1670000-7f6100000000 ---p 00000000 00:00 0 
7f6100000000-7f610039a000 rw-p 00000000 00:00 0 
7f610039a000-7f6104000000 ---p 00000000 00:00 0 
7f6104005000-7f610400c000 r--s 00000000 08:01 10092992                   /usr/lib/x86_64-linux-gnu/gconv/gconv-modules.cache
7f610400c000-7f610401b000 r--s 000df000 08:01 5246091                    /home/oguz/Android/Sdk/build-tools/23.0.3/lib/dx.jar
7f610401b000-7f6104045000 rw-p 00000000 00:00 0 
7f6104045000-7f6104170000 ---p 00000000 00:00 0 
7f6104170000-7f61041b4000 rw-p 00000000 00:00 0 
7f61041b4000-7f610421b000 ---p 00000000 00:00 0 
7f610421b000-7f610421c000 rw-p 00000000 00:00 0 
7f610421c000-7f6104236000 r-xp 00000000 08:01 10092954                   /usr/lib/jvm/java-8-oracle/jre/lib/amd64/libzip.so
7f6104236000-7f6104436000 ---p 0001a000 08:01 10092954                   /usr/lib/jvm/java-8-oracle/jre/lib/amd64/libzip.so
7f6104436000-7f6104437000 rw-p 0001a000 08:01 10092954                   /usr/lib/jvm/java-8-oracle/jre/lib/amd64/libzip.so
7f6104437000-7f6104442000 r-xp 00000000 08:01 7603299                    /lib/x86_64-linux-gnu/libnss_files-2.23.so
7f6104442000-7f6104641000 ---p 0000b000 08:01 7603299                    /lib/x86_64-linux-gnu/libnss_files-2.23.so
7f6104641000-7f6104642000 r--p 0000a000 08:01 7603299                    /lib/x86_64-linux-gnu/libnss_files-2.23.so
7f6104642000-7f6104643000 rw-p 0000b000 08:01 7603299                    /lib/x86_64-linux-gnu/libnss_files-2.23.so
7f6104643000-7f6104649000 rw-p 00000000 00:00 0 
7f6104649000-7f6104654000 r-xp 00000000 08:01 7603296                    /lib/x86_64-linux-gnu/libnss_nis-2.23.so
7f6104654000-7f6104853000 ---p 0000b000 08:01 7603296                    /lib/x86_64-linux-gnu/libnss_nis-2.23.so
7f6104853000-7f6104854000 r--p 0000a000 08:01 7603296                    /lib/x86_64-linux-gnu/libnss_nis-2.23.so
7f6104854000-7f6104855000 rw-p 0000b000 08:01 7603296                    /lib/x86_64-linux-gnu/libnss_nis-2.23.so
7f6104855000-7f610486b000 r-xp 00000000 08:01 7603294                    /lib/x86_64-linux-gnu/libnsl-2.23.so
7f610486b000-7f6104a6b000 ---p 00016000 08:01 7603294                    /lib/x86_64-linux-gnu/libnsl-2.23.so
7f6104a6b000-7f6104a6c000 r--p 00016000 08:01 7603294                    /lib/x86_64-linux-gnu/libnsl-2.23.so
7f6104a6c000-7f6104a6d000 rw-p 00017000 08:01 7603294                    /lib/x86_64-linux-gnu/libnsl-2.23.so
7f6104a6d000-7f6104a6f000 rw-p 00000000 00:00 0 
7f6104a6f000-7f6104a77000 r-xp 00000000 08:01 7603292                    /lib/x86_64-linux-gnu/libnss_compat-2.23.so
7f6104a77000-7f6104c76000 ---p 00008000 08:01 7603292                    /lib/x86_64-linux-gnu/libnss_compat-2.23.so
7f6104c76000-7f6104c77000 r--p 00007000 08:01 7603292                    /lib/x86_64-linux-gnu/libnss_compat-2.23.so
7f6104c77000-7f6104c78000 rw-p 00008000 08:01 7603292                    /lib/x86_64-linux-gnu/libnss_compat-2.23.so
7f6104c78000-7f6104ca2000 r-xp 00000000 08:01 10092949                   /usr/lib/jvm/java-8-oracle/jre/lib/amd64/libjava.so
7f6104ca2000-7f6104ea2000 ---p 0002a000 08:01 10092949                   /usr/lib/jvm/java-8-oracle/jre/lib/amd64/libjava.so
7f6104ea2000-7f6104ea4000 rw-p 0002a000 08:01 10092949                   /usr/lib/jvm/java-8-oracle/jre/lib/amd64/libjava.so
7f6104ea4000-7f6104eb1000 r-xp 00000000 08:01 10092953                   /usr/lib/jvm/java-8-oracle/jre/lib/amd64/libverify.so
7f6104eb1000-7f61050b1000 ---p 0000d000 08:01 10092953                   /usr/lib/jvm/java-8-oracle/jre/lib/amd64/libverify.so
7f61050b1000-7f61050b3000 rw-p 0000d000 08:01 10092953                   /usr/lib/jvm/java-8-oracle/jre/lib/amd64/libverify.so
7f61050b3000-7f61050ba000 r-xp 00000000 08:01 7603308                    /lib/x86_64-linux-gnu/librt-2.23.so
7f61050ba000-7f61052b9000 ---p 00007000 08:01 7603308                    /lib/x86_64-linux-gnu/librt-2.23.so
7f61052b9000-7f61052ba000 r--p 00006000 08:01 7603308                    /lib/x86_64-linux-gnu/librt-2.23.so
7f61052ba000-7f61052bb000 rw-p 00007000 08:01 7603308                    /lib/x86_64-linux-gnu/librt-2.23.so
7f61052bb000-7f61053c3000 r-xp 00000000 08:01 7603305                    /lib/x86_64-linux-gnu/libm-2.23.so
7f61053c3000-7f61055c2000 ---p 00108000 08:01 7603305                    /lib/x86_64-linux-gnu/libm-2.23.so
7f61055c2000-7f61055c3000 r--p 00107000 08:01 7603305                    /lib/x86_64-linux-gnu/libm-2.23.so
7f61055c3000-7f61055c4000 rw-p 00108000 08:01 7603305                    /lib/x86_64-linux-gnu/libm-2.23.so
7f61055c4000-7f6106284000 r-xp 00000000 08:01 10092932                   /usr/lib/jvm/java-8-oracle/jre/lib/amd64/server/libjvm.so
7f6106284000-7f6106484000 ---p 00cc0000 08:01 10092932                   /usr/lib/jvm/java-8-oracle/jre/lib/amd64/server/libjvm.so
7f6106484000-7f610655c000 rw-p 00cc0000 08:01 10092932                   /usr/lib/jvm/java-8-oracle/jre/lib/amd64/server/libjvm.so
7f610655c000-7f61065a7000 rw-p 00000000 00:00 0 
7f61065a7000-7f6106767000 r-xp 00000000 08:01 7603313                    /lib/x86_64-linux-gnu/libc-2.23.so
7f6106767000-7f6106967000 ---p 001c0000 08:01 7603313                    /lib/x86_64-linux-gnu/libc-2.23.so
7f6106967000-7f610696b000 r--p 001c0000 08:01 7603313                    /lib/x86_64-linux-gnu/libc-2.23.so
7f610696b000-7f610696d000 rw-p 001c4000 08:01 7603313                    /lib/x86_64-linux-gnu/libc-2.23.so
7f610696d000-7f6106971000 rw-p 00000000 00:00 0 
7f6106971000-7f6106974000 r-xp 00000000 08:01 7603314                    /lib/x86_64-linux-gnu/libdl-2.23.so
7f6106974000-7f6106b73000 ---p 00003000 08:01 7603314                    /lib/x86_64-linux-gnu/libdl-2.23.so
7f6106b73000-7f6106b74000 r--p 00002000 08:01 7603314                    /lib/x86_64-linux-gnu/libdl-2.23.so
7f6106b74000-7f6106b75000 rw-p 00003000 08:01 7603314                    /lib/x86_64-linux-gnu/libdl-2.23.so
7f6106b75000-7f6106b8a000 r-xp 00000000 08:01 9840182                    /usr/lib/jvm/java-8-oracle/lib/amd64/jli/libjli.so
7f6106b8a000-7f6106d8a000 ---p 00015000 08:01 9840182                    /usr/lib/jvm/java-8-oracle/lib/amd64/jli/libjli.so
7f6106d8a000-7f6106d8b000 rw-p 00015000 08:01 9840182                    /usr/lib/jvm/java-8-oracle/lib/amd64/jli/libjli.so
7f6106d8b000-7f6106da3000 r-xp 00000000 08:01 7603312                    /lib/x86_64-linux-gnu/libpthread-2.23.so
7f6106da3000-7f6106fa2000 ---p 00018000 08:01 7603312                    /lib/x86_64-linux-gnu/libpthread-2.23.so
7f6106fa2000-7f6106fa3000 r--p 00017000 08:01 7603312                    /lib/x86_64-linux-gnu/libpthread-2.23.so
7f6106fa3000-7f6106fa4000 rw-p 00018000 08:01 7603312                    /lib/x86_64-linux-gnu/libpthread-2.23.so
7f6106fa4000-7f6106fa8000 rw-p 00000000 00:00 0 
7f6106fa8000-7f6106fce000 r-xp 00000000 08:01 7603309                    /lib/x86_64-linux-gnu/ld-2.23.so
7f6106fd4000-7f61070a6000 rw-p 00000000 00:00 0 
7f61070a6000-7f61070a9000 ---p 00000000 00:00 0 
7f61070a9000-7f61071ab000 rw-p 00000000 00:00 0 
7f61071ad000-7f61071c1000 rw-p 00000000 00:00 0 
7f61071c1000-7f61071c9000 rw-s 00000000 08:01 132027                     /tmp/hsperfdata_oguz/17508
7f61071c9000-7f61071ca000 rw-p 00000000 00:00 0 
7f61071ca000-7f61071cb000 ---p 00000000 00:00 0 
7f61071cb000-7f61071cd000 rw-p 00000000 00:00 0 
7f61071cd000-7f61071ce000 r--p 00025000 08:01 7603309                    /lib/x86_64-linux-gnu/ld-2.23.so
7f61071ce000-7f61071cf000 rw-p 00026000 08:01 7603309                    /lib/x86_64-linux-gnu/ld-2.23.so
7f61071cf000-7f61071d0000 rw-p 00000000 00:00 0 
7ffc3835f000-7ffc38380000 rw-p 00000000 00:00 0                          [stack]
7ffc38387000-7ffc38389000 r--p 00000000 00:00 0                          [vvar]
7ffc38389000-7ffc3838b000 r-xp 00000000 00:00 0                          [vdso]
ffffffffff600000-ffffffffff601000 r-xp 00000000 00:00 0                  [vsyscall]

VM Arguments:
jvm_args: -Djava.awt.headless=true -Xmx1024M -Dfile.encoding=UTF-8 -Duser.country=TR -Duser.language=tr -Duser.variant 
java_command: com.android.dx.command.Main --dex --force-jumbo --num-threads=4 --multi-dex --output /home/oguz/Masaüstü/FomApplicationAndroid/app/build/intermediates/transforms/dex/debug/folders/1000/10/com.android.support-support-v4-23.3.0_1d90533453f3a10258630f53969ab030a2b745fd /home/oguz/Masaüstü/FomApplicationAndroid/app/build/intermediates/exploded-aar/com.android.support/support-v4/23.3.0/jars/classes.jar
java_class_path (initial): /home/oguz/Android/Sdk/build-tools/23.0.3/lib/dx.jar
Launcher Type: SUN_STANDARD

Environment Variables:
PATH=/usr/local/sbin:/usr/local/bin:/usr/sbin:/usr/bin:/sbin:/bin:/usr/games:/usr/local/games:/snap/bin
LD_LIBRARY_PATH=/home/oguz/Masaüstü/Derleyiciler/android-studio/bin:
SHELL=/bin/bash
DISPLAY=:0

Signal Handlers:
SIGSEGV: [libjvm.so+0xabca10], sa_mask[0]=11111111011111111101111111111110, sa_flags=SA_RESTART|SA_SIGINFO
SIGBUS: [libjvm.so+0xabca10], sa_mask[0]=11111111011111111101111111111110, sa_flags=SA_RESTART|SA_SIGINFO
SIGFPE: [libjvm.so+0x919a20], sa_mask[0]=11111111011111111101111111111110, sa_flags=SA_RESTART|SA_SIGINFO
SIGPIPE: [libjvm.so+0x919a20], sa_mask[0]=11111111011111111101111111111110, sa_flags=SA_RESTART|SA_SIGINFO
SIGXFSZ: [libjvm.so+0x919a20], sa_mask[0]=11111111011111111101111111111110, sa_flags=SA_RESTART|SA_SIGINFO
SIGILL: [libjvm.so+0x919a20], sa_mask[0]=11111111011111111101111111111110, sa_flags=SA_RESTART|SA_SIGINFO
SIGUSR1: SIG_DFL, sa_mask[0]=00000000000000000000000000000000, sa_flags=none
SIGUSR2: [libjvm.so+0x91b050], sa_mask[0]=00100000000000000000000000000000, sa_flags=SA_RESTART|SA_SIGINFO
SIGHUP: [libjvm.so+0x91c450], sa_mask[0]=11111111011111111101111111111110, sa_flags=SA_RESTART|SA_SIGINFO
SIGINT: [libjvm.so+0x91c450], sa_mask[0]=11111111011111111101111111111110, sa_flags=SA_RESTART|SA_SIGINFO
SIGTERM: [libjvm.so+0x91c450], sa_mask[0]=11111111011111111101111111111110, sa_flags=SA_RESTART|SA_SIGINFO
SIGQUIT: [libjvm.so+0x91c450], sa_mask[0]=11111111011111111101111111111110, sa_flags=SA_RESTART|SA_SIGINFO


---------------  S Y S T E M  ---------------

OS:DISTRIB_ID=Ubuntu
DISTRIB_RELEASE=16.04
DISTRIB_CODENAME=xenial
DISTRIB_DESCRIPTION="Ubuntu Xenial Xerus (development branch)"

uname:Linux 4.4.0-22-generic #39-Ubuntu SMP Thu May 5 16:53:32 UTC 2016 x86_64
libc:glibc 2.23 NPTL 2.23 
rlimit: STACK 8192k, CORE 0k, NPROC 31498, NOFILE 65536, AS infinity
load average:8,99 2,34 0,99

/proc/meminfo:
MemTotal:        8101800 kB
MemFree:          134068 kB
MemAvailable:     200860 kB
Buffers:            2236 kB
Cached:           554232 kB
SwapCached:            0 kB
Active:          7233848 kB
Inactive:         485188 kB
Active(anon):    7200644 kB
Inactive(anon):   462852 kB
Active(file):      33204 kB
Inactive(file):    22336 kB
Unevictable:          88 kB
Mlocked:              88 kB
SwapTotal:             0 kB
SwapFree:              0 kB
Dirty:                 0 kB
Writeback:           124 kB
AnonPages:       7163668 kB
Mapped:           183352 kB
Shmem:            499548 kB
Slab:             108772 kB
SReclaimable:      53624 kB
SUnreclaim:        55148 kB
KernelStack:       18896 kB
PageTables:        60012 kB
NFS_Unstable:          0 kB
Bounce:                0 kB
WritebackTmp:          0 kB
CommitLimit:     4050900 kB
Committed_AS:   13060556 kB
VmallocTotal:   34359738367 kB
VmallocUsed:           0 kB
VmallocChunk:          0 kB
HardwareCorrupted:     0 kB
AnonHugePages:   4866048 kB
CmaTotal:              0 kB
CmaFree:               0 kB
HugePages_Total:       0
HugePages_Free:        0
HugePages_Rsvd:        0
HugePages_Surp:        0
Hugepagesize:       2048 kB
DirectMap4k:      197376 kB
DirectMap2M:     8118272 kB
DirectMap1G:     1048576 kB


CPU:total 8 (4 cores per cpu, 2 threads per core) family 6 model 60 stepping 3, cmov, cx8, fxsr, mmx, sse, sse2, sse3, ssse3, sse4.1, sse4.2, popcnt, avx, avx2, aes, clmul, erms, lzcnt, ht, tsc, tscinvbit, bmi1, bmi2

/proc/cpuinfo:
processor	: 0
vendor_id	: GenuineIntel
cpu family	: 6
model		: 60
model name	: Intel(R) Core(TM) i7-4700MQ CPU @ 2.40GHz
stepping	: 3
microcode	: 0x16
cpu MHz		: 2699.906
cache size	: 6144 KB
physical id	: 0
siblings	: 8
core id		: 0
cpu cores	: 4
apicid		: 0
initial apicid	: 0
fpu		: yes
fpu_exception	: yes
cpuid level	: 13
wp		: yes
flags		: fpu vme de pse tsc msr pae mce cx8 apic sep mtrr pge mca cmov pat pse36 clflush dts acpi mmx fxsr sse sse2 ss ht tm pbe syscall nx pdpe1gb rdtscp lm constant_tsc arch_perfmon pebs bts rep_good nopl xtopology nonstop_tsc aperfmperf eagerfpu pni pclmulqdq dtes64 monitor ds_cpl vmx est tm2 ssse3 sdbg fma cx16 xtpr pdcm pcid sse4_1 sse4_2 movbe popcnt tsc_deadline_timer aes xsave avx f16c rdrand lahf_lm abm epb tpr_shadow vnmi flexpriority ept vpid fsgsbase tsc_adjust bmi1 avx2 smep bmi2 erms invpcid xsaveopt dtherm ida arat pln pts
bugs		:
bogomips	: 4789.36
clflush size	: 64
cache_alignment	: 64
address sizes	: 39 bits physical, 48 bits virtual
power management:

processor	: 1
vendor_id	: GenuineIntel
cpu family	: 6
model		: 60
model name	: Intel(R) Core(TM) i7-4700MQ CPU @ 2.40GHz
stepping	: 3
microcode	: 0x16
cpu MHz		: 2699.906
cache size	: 6144 KB
physical id	: 0
siblings	: 8
core id		: 0
cpu cores	: 4
apicid		: 1
initial apicid	: 1
fpu		: yes
fpu_exception	: yes
cpuid level	: 13
wp		: yes
flags		: fpu vme de pse tsc msr pae mce cx8 apic sep mtrr pge mca cmov pat pse36 clflush dts acpi mmx fxsr sse sse2 ss ht tm pbe syscall nx pdpe1gb rdtscp lm constant_tsc arch_perfmon pebs bts rep_good nopl xtopology nonstop_tsc aperfmperf eagerfpu pni pclmulqdq dtes64 monitor ds_cpl vmx est tm2 ssse3 sdbg fma cx16 xtpr pdcm pcid sse4_1 sse4_2 movbe popcnt tsc_deadline_timer aes xsave avx f16c rdrand lahf_lm abm epb tpr_shadow vnmi flexpriority ept vpid fsgsbase tsc_adjust bmi1 avx2 smep bmi2 erms invpcid xsaveopt dtherm ida arat pln pts
bugs		:
bogomips	: 4789.36
clflush size	: 64
cache_alignment	: 64
address sizes	: 39 bits physical, 48 bits virtual
power management:

processor	: 2
vendor_id	: GenuineIntel
cpu family	: 6
model		: 60
model name	: Intel(R) Core(TM) i7-4700MQ CPU @ 2.40GHz
stepping	: 3
microcode	: 0x16
cpu MHz		: 2699.906
cache size	: 6144 KB
physical id	: 0
siblings	: 8
core id		: 1
cpu cores	: 4
apicid		: 2
initial apicid	: 2
fpu		: yes
fpu_exception	: yes
cpuid level	: 13
wp		: yes
flags		: fpu vme de pse tsc msr pae mce cx8 apic sep mtrr pge mca cmov pat pse36 clflush dts acpi mmx fxsr sse sse2 ss ht tm pbe syscall nx pdpe1gb rdtscp lm constant_tsc arch_perfmon pebs bts rep_good nopl xtopology nonstop_tsc aperfmperf eagerfpu pni pclmulqdq dtes64 monitor ds_cpl vmx est tm2 ssse3 sdbg fma cx16 xtpr pdcm pcid sse4_1 sse4_2 movbe popcnt tsc_deadline_timer aes xsave avx f16c rdrand lahf_lm abm epb tpr_shadow vnmi flexpriority ept vpid fsgsbase tsc_adjust bmi1 avx2 smep bmi2 erms invpcid xsaveopt dtherm ida arat pln pts
bugs		:
bogomips	: 4789.36
clflush size	: 64
cache_alignment	: 64
address sizes	: 39 bits physical, 48 bits virtual
power management:

processor	: 3
vendor_id	: GenuineIntel
cpu family	: 6
model		: 60
model name	: Intel(R) Core(TM) i7-4700MQ CPU @ 2.40GHz
stepping	: 3
microcode	: 0x16
cpu MHz		: 2699.906
cache size	: 6144 KB
physical id	: 0
siblings	: 8
core id		: 1
cpu cores	: 4
apicid		: 3
initial apicid	: 3
fpu		: yes
fpu_exception	: yes
cpuid level	: 13
wp		: yes
flags		: fpu vme de pse tsc msr pae mce cx8 apic sep mtrr pge mca cmov pat pse36 clflush dts acpi mmx fxsr sse sse2 ss ht tm pbe syscall nx pdpe1gb rdtscp lm constant_tsc arch_perfmon pebs bts rep_good nopl xtopology nonstop_tsc aperfmperf eagerfpu pni pclmulqdq dtes64 monitor ds_cpl vmx est tm2 ssse3 sdbg fma cx16 xtpr pdcm pcid sse4_1 sse4_2 movbe popcnt tsc_deadline_timer aes xsave avx f16c rdrand lahf_lm abm epb tpr_shadow vnmi flexpriority ept vpid fsgsbase tsc_adjust bmi1 avx2 smep bmi2 erms invpcid xsaveopt dtherm ida arat pln pts
bugs		:
bogomips	: 4789.36
clflush size	: 64
cache_alignment	: 64
address sizes	: 39 bits physical, 48 bits virtual
power management:

processor	: 4
vendor_id	: GenuineIntel
cpu family	: 6
model		: 60
model name	: Intel(R) Core(TM) i7-4700MQ CPU @ 2.40GHz
stepping	: 3
microcode	: 0x16
cpu MHz		: 2699.906
cache size	: 6144 KB
physical id	: 0
siblings	: 8
core id		: 2
cpu cores	: 4
apicid		: 4
initial apicid	: 4
fpu		: yes
fpu_exception	: yes
cpuid level	: 13
wp		: yes
flags		: fpu vme de pse tsc msr pae mce cx8 apic sep mtrr pge mca cmov pat pse36 clflush dts acpi mmx fxsr sse sse2 ss ht tm pbe syscall nx pdpe1gb rdtscp lm constant_tsc arch_perfmon pebs bts rep_good nopl xtopology nonstop_tsc aperfmperf eagerfpu pni pclmulqdq dtes64 monitor ds_cpl vmx est tm2 ssse3 sdbg fma cx16 xtpr pdcm pcid sse4_1 sse4_2 movbe popcnt tsc_deadline_timer aes xsave avx f16c rdrand lahf_lm abm epb tpr_shadow vnmi flexpriority ept vpid fsgsbase tsc_adjust bmi1 avx2 smep bmi2 erms invpcid xsaveopt dtherm ida arat pln pts
bugs		:
bogomips	: 4789.36
clflush size	: 64
cache_alignment	: 64
address sizes	: 39 bits physical, 48 bits virtual
power management:

processor	: 5
vendor_id	: GenuineIntel
cpu family	: 6
model		: 60
model name	: Intel(R) Core(TM) i7-4700MQ CPU @ 2.40GHz
stepping	: 3
microcode	: 0x16
cpu MHz		: 2700.000
cache size	: 6144 KB
physical id	: 0
siblings	: 8
core id		: 2
cpu cores	: 4
apicid		: 5
initial apicid	: 5
fpu		: yes
fpu_exception	: yes
cpuid level	: 13
wp		: yes
flags		: fpu vme de pse tsc msr pae mce cx8 apic sep mtrr pge mca cmov pat pse36 clflush dts acpi mmx fxsr sse sse2 ss ht tm pbe syscall nx pdpe1gb rdtscp lm constant_tsc arch_perfmon pebs bts rep_good nopl xtopology nonstop_tsc aperfmperf eagerfpu pni pclmulqdq dtes64 monitor ds_cpl vmx est tm2 ssse3 sdbg fma cx16 xtpr pdcm pcid sse4_1 sse4_2 movbe popcnt tsc_deadline_timer aes xsave avx f16c rdrand lahf_lm abm epb tpr_shadow vnmi flexpriority ept vpid fsgsbase tsc_adjust bmi1 avx2 smep bmi2 erms invpcid xsaveopt dtherm ida arat pln pts
bugs		:
bogomips	: 4789.36
clflush size	: 64
cache_alignment	: 64
address sizes	: 39 bits physical, 48 bits virtual
power management:

processor	: 6
vendor_id	: GenuineIntel
cpu family	: 6
model		: 60
model name	: Intel(R) Core(TM) i7-4700MQ CPU @ 2.40GHz
stepping	: 3
microcode	: 0x16
cpu MHz		: 2700.000
cache size	: 6144 KB
physical id	: 0
siblings	: 8
core id		: 3
cpu cores	: 4
apicid		: 6
initial apicid	: 6
fpu		: yes
fpu_exception	: yes
cpuid level	: 13
wp		: yes
flags		: fpu vme de pse tsc msr pae mce cx8 apic sep mtrr pge mca cmov pat pse36 clflush dts acpi mmx fxsr sse sse2 ss ht tm pbe syscall nx pdpe1gb rdtscp lm constant_tsc arch_perfmon pebs bts rep_good nopl xtopology nonstop_tsc aperfmperf eagerfpu pni pclmulqdq dtes64 monitor ds_cpl vmx est tm2 ssse3 sdbg fma cx16 xtpr pdcm pcid sse4_1 sse4_2 movbe popcnt tsc_deadline_timer aes xsave avx f16c rdrand lahf_lm abm epb tpr_shadow vnmi flexpriority ept vpid fsgsbase tsc_adjust bmi1 avx2 smep bmi2 erms invpcid xsaveopt dtherm ida arat pln pts
bugs		:
bogomips	: 4789.36
clflush size	: 64
cache_alignment	: 64
address sizes	: 39 bits physical, 48 bits virtual
power management:

processor	: 7
vendor_id	: GenuineIntel
cpu family	: 6
model		: 60
model name	: Intel(R) Core(TM) i7-4700MQ CPU @ 2.40GHz
stepping	: 3
microcode	: 0x16
cpu MHz		: 2700.000
cache size	: 6144 KB
physical id	: 0
siblings	: 8
core id		: 3
cpu cores	: 4
apicid		: 7
initial apicid	: 7
fpu		: yes
fpu_exception	: yes
cpuid level	: 13
wp		: yes
flags		: fpu vme de pse tsc msr pae mce cx8 apic sep mtrr pge mca cmov pat pse36 clflush dts acpi mmx fxsr sse sse2 ss ht tm pbe syscall nx pdpe1gb rdtscp lm constant_tsc arch_perfmon pebs bts rep_good nopl xtopology nonstop_tsc aperfmperf eagerfpu pni pclmulqdq dtes64 monitor ds_cpl vmx est tm2 ssse3 sdbg fma cx16 xtpr pdcm pcid sse4_1 sse4_2 movbe popcnt tsc_deadline_timer aes xsave avx f16c rdrand lahf_lm abm epb tpr_shadow vnmi flexpriority ept vpid fsgsbase tsc_adjust bmi1 avx2 smep bmi2 erms invpcid xsaveopt dtherm ida arat pln pts
bugs		:
bogomips	: 4789.36
clflush size	: 64
cache_alignment	: 64
address sizes	: 39 bits physical, 48 bits virtual
power management:



Memory: 4k page, physical 8101800k(134296k free), swap 0k(0k free)

vm_info: Java HotSpot(TM) 64-Bit Server VM (25.91-b14) for linux-amd64 JRE (1.8.0_91-b14), built on Apr  1 2016 00:57:21 by "java_re" with gcc 4.3.0 20080428 (Red Hat 4.3.0-8)

time: Thu Aug  4 13:08:01 2016
elapsed time: 7 seconds (0d 0h 0m 7s)

