#
# There is insufficient memory for the Java Runtime Environment to continue.
# Native memory allocation (mmap) failed to map 175112192 bytes for committing reserved memory.
# Possible reasons:
#   The system is out of physical RAM or swap space
#   In 32 bit mode, the process size limit was hit
# Possible solutions:
#   Reduce memory load on the system
#   Increase physical memory or swap space
#   Check if swap backing store is full
#   Use 64 bit Java on a 64 bit OS
#   Decrease Java heap size (-Xmx/-Xms)
#   Decrease number of Java threads
#   Decrease Java thread stack sizes (-Xss)
#   Set larger code cache with -XX:ReservedCodeCacheSize=
# This output file may be truncated or incomplete.
#
#  Out of Memory Error (os_linux.cpp:2627), pid=12670, tid=140566082705152
#
# JRE version: Java(TM) SE Runtime Environment (8.0_91-b14) (build 1.8.0_91-b14)
# Java VM: Java HotSpot(TM) 64-Bit Server VM (25.91-b14 mixed mode linux-amd64 compressed oops)
# Failed to write core dump. Core dumps have been disabled. To enable core dumping, try "ulimit -c unlimited" before starting Java again
#

---------------  T H R E A D  ---------------

Current thread (0x00007fd84c080000):  VMThread [stack: 0x00007fd8175d5000,0x00007fd8176d6000] [id=12686]

Stack: [0x00007fd8175d5000,0x00007fd8176d6000],  sp=0x00007fd8176d4020,  free space=1020k
Native frames: (J=compiled Java code, j=interpreted, Vv=VM code, C=native code)
V  [libjvm.so+0xabc18a]  VMError::report_and_die()+0x2ba
V  [libjvm.so+0x4fafeb]  report_vm_out_of_memory(char const*, int, unsigned long, VMErrorType, char const*)+0x8b
V  [libjvm.so+0x91cbb3]  os::Linux::commit_memory_impl(char*, unsigned long, bool)+0x103
V  [libjvm.so+0x91d109]  os::pd_commit_memory(char*, unsigned long, unsigned long, bool)+0x29
V  [libjvm.so+0x91740a]  os::commit_memory(char*, unsigned long, unsigned long, bool)+0x2a
V  [libjvm.so+0x98b033]  PSVirtualSpace::expand_by(unsigned long)+0x53
V  [libjvm.so+0x98c438]  PSYoungGen::resize_generation(unsigned long, unsigned long)+0xf8
V  [libjvm.so+0x98b592]  PSYoungGen::resize(unsigned long, unsigned long)+0x22
V  [libjvm.so+0x98886b]  PSScavenge::invoke_no_policy()+0xf3b
V  [libjvm.so+0x988ff1]  PSScavenge::invoke()+0x41
V  [libjvm.so+0x9408b0]  ParallelScavengeHeap::failed_mem_allocate(unsigned long)+0x70
V  [libjvm.so+0xabdba7]  VM_ParallelGCFailedAllocation::doit()+0x97
V  [libjvm.so+0xac55d5]  VM_Operation::evaluate()+0x55
V  [libjvm.so+0xac39aa]  VMThread::evaluate_operation(VM_Operation*)+0xba
V  [libjvm.so+0xac3d2e]  VMThread::loop()+0x1ce
V  [libjvm.so+0xac41a0]  VMThread::run()+0x70
V  [libjvm.so+0x91ef78]  java_start(Thread*)+0x108

VM_Operation (0x00007fd816578ea0): ParallelGCFailedAllocation, mode: safepoint, requested by thread 0x00007fd84c148000


---------------  P R O C E S S  ---------------

Java Threads: ( => current thread )
  0x00007fd84c149800 JavaThread "pool-2-thread-4" [_thread_blocked, id=12719, stack(0x00007fd816379000,0x00007fd81647a000)]
  0x00007fd84c148000 JavaThread "pool-2-thread-3" [_thread_blocked, id=12718, stack(0x00007fd81647a000,0x00007fd81657b000)]
  0x00007fd84c147000 JavaThread "pool-2-thread-2" [_thread_blocked, id=12714, stack(0x00007fd81657b000,0x00007fd81667c000)]
  0x00007fd84c145000 JavaThread "pool-3-thread-1" [_thread_blocked, id=12713, stack(0x00007fd81667c000,0x00007fd81677d000)]
  0x00007fd84c143000 JavaThread "pool-2-thread-1" [_thread_blocked, id=12712, stack(0x00007fd81677d000,0x00007fd81687e000)]
  0x00007fd84c0cb800 JavaThread "Service Thread" daemon [_thread_blocked, id=12696, stack(0x00007fd816995000,0x00007fd816a96000)]
  0x00007fd84c0c8800 JavaThread "C1 CompilerThread3" daemon [_thread_blocked, id=12695, stack(0x00007fd816a96000,0x00007fd816b97000)]
  0x00007fd84c0c6800 JavaThread "C2 CompilerThread2" daemon [_thread_blocked, id=12694, stack(0x00007fd816b97000,0x00007fd816c98000)]
  0x00007fd84c0c5000 JavaThread "C2 CompilerThread1" daemon [_thread_blocked, id=12693, stack(0x00007fd816c98000,0x00007fd816d99000)]
  0x00007fd84c0c2000 JavaThread "C2 CompilerThread0" daemon [_thread_in_native, id=12692, stack(0x00007fd816d99000,0x00007fd816e9a000)]
  0x00007fd84c0c0800 JavaThread "Signal Dispatcher" daemon [_thread_blocked, id=12691, stack(0x00007fd816e9a000,0x00007fd816f9b000)]
  0x00007fd84c08c800 JavaThread "Finalizer" daemon [_thread_blocked, id=12690, stack(0x00007fd8173d3000,0x00007fd8174d4000)]
  0x00007fd84c087800 JavaThread "Reference Handler" daemon [_thread_blocked, id=12688, stack(0x00007fd8174d4000,0x00007fd8175d5000)]
  0x00007fd84c00a000 JavaThread "main" [_thread_blocked, id=12672, stack(0x00007fd852d2d000,0x00007fd852e2e000)]

Other Threads:
=>0x00007fd84c080000 VMThread [stack: 0x00007fd8175d5000,0x00007fd8176d6000] [id=12686]
  0x00007fd84c0ce800 WatcherThread [stack: 0x00007fd816894000,0x00007fd816995000] [id=12697]

VM state:at safepoint (normal execution)

VM Mutex/Monitor currently owned by a thread:  ([mutex/lock_event])
[0x00007fd84c006570] Threads_lock - owner thread: 0x00007fd84c080000
[0x00007fd84c006a70] Heap_lock - owner thread: 0x00007fd84c148000

Heap:
 PSYoungGen      total 132096K, used 5109K [0x00000000eab00000, 0x00000000f3100000, 0x0000000100000000)
  eden space 126976K, 0% used [0x00000000eab00000,0x00000000eab00000,0x00000000f2700000)
  from space 5120K, 99% used [0x00000000f2700000,0x00000000f2bfd6b8,0x00000000f2c00000)
  to   space 5120K, 0% used [0x00000000f2c00000,0x00000000f2c00000,0x00000000f3100000)
 ParOldGen       total 84992K, used 42872K [0x00000000c0000000, 0x00000000c5300000, 0x00000000eab00000)
  object space 84992K, 50% used [0x00000000c0000000,0x00000000c29de228,0x00000000c5300000)
 Metaspace       used 6350K, capacity 7192K, committed 7424K, reserved 1056768K
  class space    used 617K, capacity 656K, committed 768K, reserved 1048576K

Card table byte_map: [0x00007fd83c824000,0x00007fd83ca25000] byte_map_base: 0x00007fd83c224000

Marking Bits: (ParMarkBitMap*) 0x00007fd852202d60
 Begin Bits: [0x00007fd839ec6000, 0x00007fd83aec6000)
 End Bits:   [0x00007fd83aec6000, 0x00007fd83bec6000)

Polling page: 0x00007fd852e52000

CodeCache: size=245760Kb used=6729Kb max_used=6729Kb free=239030Kb
 bounds [0x00007fd83cde5000, 0x00007fd83d485000, 0x00007fd84bde5000]
 total_blobs=2109 nmethods=1840 adapters=182
 compilation: enabled

Compilation events (10 events):
Event: 6.720 Thread 0x00007fd84c0c8800 2087       2       com.android.dx.rop.cst.CstNat::equals (48 bytes)
Event: 6.734 Thread 0x00007fd84c0c8800 nmethod 2087 0x00007fd83d478b10 code [0x00007fd83d478ca0, 0x00007fd83d478fd8]
Event: 6.735 Thread 0x00007fd84c0c8800 2088       2       java.util.Arrays::copyOf (19 bytes)
Event: 6.735 Thread 0x00007fd84c0c8800 nmethod 2088 0x00007fd83d479210 code [0x00007fd83d479380, 0x00007fd83d4795e8]
Event: 6.737 Thread 0x00007fd84c0c8800 2089       2       java.lang.Integer::bitCount (49 bytes)
Event: 6.737 Thread 0x00007fd84c0c8800 nmethod 2089 0x00007fd83d4796d0 code [0x00007fd83d479820, 0x00007fd83d479990]
Event: 6.737 Thread 0x00007fd84c0c8800 2090       2       com.android.dx.ssa.SsaBasicBlock::getLiveOutRegs (26 bytes)
Event: 6.737 Thread 0x00007fd84c0c8800 nmethod 2090 0x00007fd83d479a10 code [0x00007fd83d479b80, 0x00007fd83d479e88]
Event: 6.737 Thread 0x00007fd84c0c8800 2091 %     3       com.android.dx.ssa.back.FirstFitLocalCombiningAllocator::tryMapRegs @ 9 (110 bytes)
Event: 6.738 Thread 0x00007fd84c0c8800 nmethod 2091% 0x00007fd83d47a050 code [0x00007fd83d47a2a0, 0x00007fd83d47b128]

GC Heap History (9 events):
Event: 1.958 GC heap before
{Heap before GC invocations=1 (full 0):
 PSYoungGen      total 36864K, used 31744K [0x00000000eab00000, 0x00000000ed400000, 0x0000000100000000)
  eden space 31744K, 100% used [0x00000000eab00000,0x00000000eca00000,0x00000000eca00000)
  from space 5120K, 0% used [0x00000000ecf00000,0x00000000ecf00000,0x00000000ed400000)
  to   space 5120K, 0% used [0x00000000eca00000,0x00000000eca00000,0x00000000ecf00000)
 ParOldGen       total 84992K, used 0K [0x00000000c0000000, 0x00000000c5300000, 0x00000000eab00000)
  object space 84992K, 0% used [0x00000000c0000000,0x00000000c0000000,0x00000000c5300000)
 Metaspace       used 5710K, capacity 6704K, committed 6784K, reserved 1056768K
  class space    used 593K, capacity 616K, committed 640K, reserved 1048576K
Event: 2.038 GC heap after
Heap after GC invocations=1 (full 0):
 PSYoungGen      total 36864K, used 5049K [0x00000000eab00000, 0x00000000ef300000, 0x0000000100000000)
  eden space 31744K, 0% used [0x00000000eab00000,0x00000000eab00000,0x00000000eca00000)
  from space 5120K, 98% used [0x00000000eca00000,0x00000000eceee408,0x00000000ecf00000)
  to   space 5120K, 0% used [0x00000000eee00000,0x00000000eee00000,0x00000000ef300000)
 ParOldGen       total 84992K, used 8K [0x00000000c0000000, 0x00000000c5300000, 0x00000000eab00000)
  object space 84992K, 0% used [0x00000000c0000000,0x00000000c0002000,0x00000000c5300000)
 Metaspace       used 5710K, capacity 6704K, committed 6784K, reserved 1056768K
  class space    used 593K, capacity 616K, committed 640K, reserved 1048576K
}
Event: 3.180 GC heap before
{Heap before GC invocations=2 (full 0):
 PSYoungGen      total 36864K, used 36793K [0x00000000eab00000, 0x00000000ef300000, 0x0000000100000000)
  eden space 31744K, 100% used [0x00000000eab00000,0x00000000eca00000,0x00000000eca00000)
  from space 5120K, 98% used [0x00000000eca00000,0x00000000eceee408,0x00000000ecf00000)
  to   space 5120K, 0% used [0x00000000eee00000,0x00000000eee00000,0x00000000ef300000)
 ParOldGen       total 84992K, used 8K [0x00000000c0000000, 0x00000000c5300000, 0x00000000eab00000)
  object space 84992K, 0% used [0x00000000c0000000,0x00000000c0002000,0x00000000c5300000)
 Metaspace       used 5938K, capacity 6896K, committed 7040K, reserved 1056768K
  class space    used 595K, capacity 616K, committed 640K, reserved 1048576K
Event: 3.277 GC heap after
Heap after GC invocations=2 (full 0):
 PSYoungGen      total 68608K, used 5099K [0x00000000eab00000, 0x00000000ef300000, 0x0000000100000000)
  eden space 63488K, 0% used [0x00000000eab00000,0x00000000eab00000,0x00000000ee900000)
  from space 5120K, 99% used [0x00000000eee00000,0x00000000ef2fad28,0x00000000ef300000)
  to   space 5120K, 0% used [0x00000000ee900000,0x00000000ee900000,0x00000000eee00000)
 ParOldGen       total 84992K, used 3252K [0x00000000c0000000, 0x00000000c5300000, 0x00000000eab00000)
  object space 84992K, 3% used [0x00000000c0000000,0x00000000c032d3f8,0x00000000c5300000)
 Metaspace       used 5938K, capacity 6896K, committed 7040K, reserved 1056768K
  class space    used 595K, capacity 616K, committed 640K, reserved 1048576K
}
Event: 4.620 GC heap before
{Heap before GC invocations=3 (full 0):
 PSYoungGen      total 68608K, used 68587K [0x00000000eab00000, 0x00000000ef300000, 0x0000000100000000)
  eden space 63488K, 100% used [0x00000000eab00000,0x00000000ee900000,0x00000000ee900000)
  from space 5120K, 99% used [0x00000000eee00000,0x00000000ef2fad28,0x00000000ef300000)
  to   space 5120K, 0% used [0x00000000ee900000,0x00000000ee900000,0x00000000eee00000)
 ParOldGen       total 84992K, used 3252K [0x00000000c0000000, 0x00000000c5300000, 0x00000000eab00000)
  object space 84992K, 3% used [0x00000000c0000000,0x00000000c032d3f8,0x00000000c5300000)
 Metaspace       used 5998K, capacity 6960K, committed 7040K, reserved 1056768K
  class space    used 597K, capacity 616K, committed 640K, reserved 1048576K
Event: 4.846 GC heap after
Heap after GC invocations=3 (full 0):
 PSYoungGen      total 68608K, used 5089K [0x00000000eab00000, 0x00000000f3100000, 0x0000000100000000)
  eden space 63488K, 0% used [0x00000000eab00000,0x00000000eab00000,0x00000000ee900000)
  from space 5120K, 99% used [0x00000000ee900000,0x00000000eedf86f8,0x00000000eee00000)
  to   space 5120K, 0% used [0x00000000f2c00000,0x00000000f2c00000,0x00000000f3100000)
 ParOldGen       total 84992K, used 13515K [0x00000000c0000000, 0x00000000c5300000, 0x00000000eab00000)
  object space 84992K, 15% used [0x00000000c0000000,0x00000000c0d32e60,0x00000000c5300000)
 Metaspace       used 5998K, capacity 6960K, committed 7040K, reserved 1056768K
  class space    used 597K, capacity 616K, committed 640K, reserved 1048576K
}
Event: 5.461 GC heap before
{Heap before GC invocations=4 (full 0):
 PSYoungGen      total 68608K, used 68577K [0x00000000eab00000, 0x00000000f3100000, 0x0000000100000000)
  eden space 63488K, 100% used [0x00000000eab00000,0x00000000ee900000,0x00000000ee900000)
  from space 5120K, 99% used [0x00000000ee900000,0x00000000eedf86f8,0x00000000eee00000)
  to   space 5120K, 0% used [0x00000000f2c00000,0x00000000f2c00000,0x00000000f3100000)
 ParOldGen       total 84992K, used 13515K [0x00000000c0000000, 0x00000000c5300000, 0x00000000eab00000)
  object space 84992K, 15% used [0x00000000c0000000,0x00000000c0d32e60,0x00000000c5300000)
 Metaspace       used 6029K, capacity 6960K, committed 7040K, reserved 1056768K
  class space    used 597K, capacity 616K, committed 640K, reserved 1048576K
Event: 5.589 GC heap after
Heap after GC invocations=4 (full 0):
 PSYoungGen      total 132096K, used 5101K [0x00000000eab00000, 0x00000000f3100000, 0x0000000100000000)
  eden space 126976K, 0% used [0x00000000eab00000,0x00000000eab00000,0x00000000f2700000)
  from space 5120K, 99% used [0x00000000f2c00000,0x00000000f30fb488,0x00000000f3100000)
  to   space 5120K, 0% used [0x00000000f2700000,0x00000000f2700000,0x00000000f2c00000)
 ParOldGen       total 84992K, used 23258K [0x00000000c0000000, 0x00000000c5300000, 0x00000000eab00000)
  object space 84992K, 27% used [0x00000000c0000000,0x00000000c16b6ae0,0x00000000c5300000)
 Metaspace       used 6029K, capacity 6960K, committed 7040K, reserved 1056768K
  class space    used 597K, capacity 616K, committed 640K, reserved 1048576K
}
Event: 6.788 GC heap before
{Heap before GC invocations=5 (full 0):
 PSYoungGen      total 132096K, used 132077K [0x00000000eab00000, 0x00000000f3100000, 0x0000000100000000)
  eden space 126976K, 100% used [0x00000000eab00000,0x00000000f2700000,0x00000000f2700000)
  from space 5120K, 99% used [0x00000000f2c00000,0x00000000f30fb488,0x00000000f3100000)
  to   space 5120K, 0% used [0x00000000f2700000,0x00000000f2700000,0x00000000f2c00000)
 ParOldGen       total 84992K, used 23258K [0x00000000c0000000, 0x00000000c5300000, 0x00000000eab00000)
  object space 84992K, 27% used [0x00000000c0000000,0x00000000c16b6ae0,0x00000000c5300000)
 Metaspace       used 6350K, capacity 7192K, committed 7424K, reserved 1056768K
  class space    used 617K, capacity 656K, committed 768K, reserved 1048576K

Deoptimization events (10 events):
Event: 4.989 Thread 0x00007fd84c149800 Uncommon trap: reason=bimorphic action=maybe_recompile pc=0x00007fd83d25c434 method=com.android.dx.cf.code.BytecodeArray.parseInstruction(ILcom/android/dx/cf/code/BytecodeArray$Visitor;)I @ 1130
Event: 5.105 Thread 0x00007fd84c143000 Uncommon trap: reason=bimorphic action=maybe_recompile pc=0x00007fd83d25b6a0 method=com.android.dx.cf.code.BytecodeArray.parseInstruction(ILcom/android/dx/cf/code/BytecodeArray$Visitor;)I @ 1501
Event: 5.131 Thread 0x00007fd84c143000 Uncommon trap: reason=bimorphic action=maybe_recompile pc=0x00007fd83d25b6a0 method=com.android.dx.cf.code.BytecodeArray.parseInstruction(ILcom/android/dx/cf/code/BytecodeArray$Visitor;)I @ 1501
Event: 5.414 Thread 0x00007fd84c149800 Uncommon trap: reason=unstable_if action=reinterpret pc=0x00007fd83d238998 method=com.android.dx.ssa.SCCP.simulateStmt(Lcom/android/dx/ssa/SsaInsn;)V @ 53
Event: 5.454 Thread 0x00007fd84c149800 Uncommon trap: reason=class_check action=maybe_recompile pc=0x00007fd83d114324 method=java.util.HashMap.putVal(ILjava/lang/Object;Ljava/lang/Object;ZZ)Ljava/lang/Object; @ 203
Event: 6.066 Thread 0x00007fd84c148000 Uncommon trap: reason=unstable_if action=reinterpret pc=0x00007fd83d40cfa4 method=com.android.dx.rop.code.RegisterSpec.equals(ILcom/android/dx/rop/type/TypeBearer;Lcom/android/dx/rop/code/LocalItem;)Z @ 42
Event: 6.438 Thread 0x00007fd84c149800 Uncommon trap: reason=unstable_if action=reinterpret pc=0x00007fd83d038074 method=java.util.HashMap.putVal(ILjava/lang/Object;Ljava/lang/Object;ZZ)Ljava/lang/Object; @ 162
Event: 6.494 Thread 0x00007fd84c149800 Uncommon trap: reason=unstable_if action=reinterpret pc=0x00007fd83d157834 method=java.util.HashMap.getNode(ILjava/lang/Object;)Ljava/util/HashMap$Node; @ 84
Event: 6.673 Thread 0x00007fd84c148000 Uncommon trap: reason=unstable_if action=reinterpret pc=0x00007fd83d2c7000 method=com.android.dx.ssa.MoveParamCombiner$1.visitNonMoveInsn(Lcom/android/dx/ssa/NormalSsaInsn;)V @ 27
Event: 6.735 Thread 0x00007fd84c143000 Uncommon trap: reason=bimorphic action=maybe_recompile pc=0x00007fd83d314608 method=com.android.dx.ssa.LiteralOpUpgrader.tryReplacingWithConstant(Lcom/android/dx/ssa/NormalSsaInsn;)Z @ 62

Internal exceptions (5 events):
Event: 0.130 Thread 0x00007fd84c00a000 Exception <a 'java/lang/NoSuchMethodError': Method sun.misc.Unsafe.defineClass(Ljava/lang/String;[BII)Ljava/lang/Class; name or signature does not match> (0x00000000eab07cc0) thrown at [/HUDSON/workspace/8-2-build-linux-amd64/jdk8u91/6644/hotspot/src/shar
Event: 0.130 Thread 0x00007fd84c00a000 Exception <a 'java/lang/NoSuchMethodError': Method sun.misc.Unsafe.prefetchRead(Ljava/lang/Object;J)V name or signature does not match> (0x00000000eab07fa8) thrown at [/HUDSON/workspace/8-2-build-linux-amd64/jdk8u91/6644/hotspot/src/share/vm/prims/jni.cpp
Event: 6.456 Thread 0x00007fd84c149800 Exception <a 'java/lang/ArrayIndexOutOfBoundsException': 18> (0x00000000f0bebc80) thrown at [/HUDSON/workspace/8-2-build-linux-amd64/jdk8u91/6644/hotspot/src/share/vm/interpreter/interpreterRuntime.cpp, line 366]
Event: 6.456 Thread 0x00007fd84c149800 Exception <a 'java/lang/ArrayIndexOutOfBoundsException': 145> (0x00000000f0bed800) thrown at [/HUDSON/workspace/8-2-build-linux-amd64/jdk8u91/6644/hotspot/src/share/vm/interpreter/interpreterRuntime.cpp, line 366]
Event: 6.458 Thread 0x00007fd84c149800 Exception <a 'java/lang/ArrayIndexOutOfBoundsException'> (0x00000000f0beeae8) thrown at [/HUDSON/workspace/8-2-build-linux-amd64/jdk8u91/6644/hotspot/src/share/vm/runtime/sharedRuntime.cpp, line 605]

Events (10 events):
Event: 6.569 Thread 0x00007fd84c149800 DEOPT UNPACKING pc=0x00007fd83ce2c633 sp=0x00007fd816477d50 mode 0
Event: 6.673 Thread 0x00007fd84c148000 Uncommon trap: trap_request=0xffffff65 fr.pc=0x00007fd83d2c7000
Event: 6.673 Thread 0x00007fd84c148000 DEOPT PACKING pc=0x00007fd83d2c7000 sp=0x00007fd816578de0
Event: 6.673 Thread 0x00007fd84c148000 DEOPT UNPACKING pc=0x00007fd83cdea229 sp=0x00007fd816578d58 mode 2
Event: 6.716 Thread 0x00007fd84c148000 DEOPT PACKING pc=0x00007fd83d1a6dac sp=0x00007fd816579030
Event: 6.716 Thread 0x00007fd84c148000 DEOPT UNPACKING pc=0x00007fd83ce2c633 sp=0x00007fd816578d30 mode 0
Event: 6.735 Thread 0x00007fd84c143000 Uncommon trap: trap_request=0xffffffc6 fr.pc=0x00007fd83d314608
Event: 6.735 Thread 0x00007fd84c143000 DEOPT PACKING pc=0x00007fd83d314608 sp=0x00007fd81687bc50
Event: 6.735 Thread 0x00007fd84c143000 DEOPT UNPACKING pc=0x00007fd83cdea229 sp=0x00007fd81687bc30 mode 2
Event: 6.756 Executing VM operation: ParallelGCFailedAllocation


Dynamic libraries:
00400000-00401000 r-xp 00000000 08:01 9839507                            /usr/lib/jvm/java-8-oracle/bin/java
00600000-00601000 rw-p 00000000 08:01 9839507                            /usr/lib/jvm/java-8-oracle/bin/java
00d30000-00d51000 rw-p 00000000 00:00 0                                  [heap]
c0000000-c5300000 rw-p 00000000 00:00 0 
c5300000-eab00000 ---p 00000000 00:00 0 
eab00000-f3100000 rw-p 00000000 00:00 0 
fd800000-100000000 ---p 00000000 00:00 0 
100000000-1000c0000 rw-p 00000000 00:00 0 
1000c0000-140000000 ---p 00000000 00:00 0 
7fd7d8000000-7fd7d802d000 rw-p 00000000 00:00 0 
7fd7d802d000-7fd7dc000000 ---p 00000000 00:00 0 
7fd7dc000000-7fd7dc021000 rw-p 00000000 00:00 0 
7fd7dc021000-7fd7e0000000 ---p 00000000 00:00 0 
7fd7e0000000-7fd7e0022000 rw-p 00000000 00:00 0 
7fd7e0022000-7fd7e4000000 ---p 00000000 00:00 0 
7fd7e4000000-7fd7e4021000 rw-p 00000000 00:00 0 
7fd7e4021000-7fd7e8000000 ---p 00000000 00:00 0 
7fd7e8000000-7fd7e8021000 rw-p 00000000 00:00 0 
7fd7e8021000-7fd7ec000000 ---p 00000000 00:00 0 
7fd7ec000000-7fd7ec021000 rw-p 00000000 00:00 0 
7fd7ec021000-7fd7f0000000 ---p 00000000 00:00 0 
7fd7f0000000-7fd7f0f77000 rw-p 00000000 00:00 0 
7fd7f0f77000-7fd7f4000000 ---p 00000000 00:00 0 
7fd7f4000000-7fd7f4021000 rw-p 00000000 00:00 0 
7fd7f4021000-7fd7f8000000 ---p 00000000 00:00 0 
7fd7f8000000-7fd7f9004000 rw-p 00000000 00:00 0 
7fd7f9004000-7fd7fc000000 ---p 00000000 00:00 0 
7fd7fc000000-7fd7fcbe3000 rw-p 00000000 00:00 0 
7fd7fcbe3000-7fd800000000 ---p 00000000 00:00 0 
7fd800000000-7fd800021000 rw-p 00000000 00:00 0 
7fd800021000-7fd804000000 ---p 00000000 00:00 0 
7fd804000000-7fd80501c000 rw-p 00000000 00:00 0 
7fd80501c000-7fd808000000 ---p 00000000 00:00 0 
7fd808000000-7fd808021000 rw-p 00000000 00:00 0 
7fd808021000-7fd80c000000 ---p 00000000 00:00 0 
7fd80c000000-7fd80c021000 rw-p 00000000 00:00 0 
7fd80c021000-7fd810000000 ---p 00000000 00:00 0 
7fd810000000-7fd81028d000 rw-p 00000000 00:00 0 
7fd81028d000-7fd814000000 ---p 00000000 00:00 0 
7fd816379000-7fd81637c000 ---p 00000000 00:00 0 
7fd81637c000-7fd81647a000 rw-p 00000000 00:00 0 
7fd81647a000-7fd81647d000 ---p 00000000 00:00 0 
7fd81647d000-7fd81657b000 rw-p 00000000 00:00 0 
7fd81657b000-7fd81657e000 ---p 00000000 00:00 0 
7fd81657e000-7fd81667c000 rw-p 00000000 00:00 0 
7fd81667c000-7fd81667f000 ---p 00000000 00:00 0 
7fd81667f000-7fd81677d000 rw-p 00000000 00:00 0 
7fd81677d000-7fd816780000 ---p 00000000 00:00 0 
7fd816780000-7fd81687e000 rw-p 00000000 00:00 0 
7fd81687e000-7fd816894000 r--s 000f1000 08:01 4989422                    /home/oguz/Masaüstü/asd/FomApplicationAndroid/app/build/intermediates/exploded-aar/com.android.support/support-v4/23.3.0/jars/classes.jar
7fd816894000-7fd816895000 ---p 00000000 00:00 0 
7fd816895000-7fd816995000 rw-p 00000000 00:00 0 
7fd816995000-7fd816998000 ---p 00000000 00:00 0 
7fd816998000-7fd816a96000 rw-p 00000000 00:00 0 
7fd816a96000-7fd816a99000 ---p 00000000 00:00 0 
7fd816a99000-7fd816b97000 rw-p 00000000 00:00 0 
7fd816b97000-7fd816b9a000 ---p 00000000 00:00 0 
7fd816b9a000-7fd816c98000 rw-p 00000000 00:00 0 
7fd816c98000-7fd816c9b000 ---p 00000000 00:00 0 
7fd816c9b000-7fd816d99000 rw-p 00000000 00:00 0 
7fd816d99000-7fd816d9c000 ---p 00000000 00:00 0 
7fd816d9c000-7fd816e9a000 rw-p 00000000 00:00 0 
7fd816e9a000-7fd816e9d000 ---p 00000000 00:00 0 
7fd816e9d000-7fd816f9b000 rw-p 00000000 00:00 0 
7fd816f9b000-7fd8173d3000 r--p 00000000 08:01 9700768                    /usr/lib/locale/locale-archive
7fd8173d3000-7fd8173d6000 ---p 00000000 00:00 0 
7fd8173d6000-7fd8174d4000 rw-p 00000000 00:00 0 
7fd8174d4000-7fd8174d7000 ---p 00000000 00:00 0 
7fd8174d7000-7fd8175d5000 rw-p 00000000 00:00 0 
7fd8175d5000-7fd8175d6000 ---p 00000000 00:00 0 
7fd8175d6000-7fd818000000 rw-p 00000000 00:00 0 
7fd818000000-7fd818021000 rw-p 00000000 00:00 0 
7fd818021000-7fd81c000000 ---p 00000000 00:00 0 
7fd81c000000-7fd81c021000 rw-p 00000000 00:00 0 
7fd81c021000-7fd820000000 ---p 00000000 00:00 0 
7fd820000000-7fd820021000 rw-p 00000000 00:00 0 
7fd820021000-7fd824000000 ---p 00000000 00:00 0 
7fd824000000-7fd824021000 rw-p 00000000 00:00 0 
7fd824021000-7fd828000000 ---p 00000000 00:00 0 
7fd828000000-7fd828021000 rw-p 00000000 00:00 0 
7fd828021000-7fd82c000000 ---p 00000000 00:00 0 
7fd82c000000-7fd82c021000 rw-p 00000000 00:00 0 
7fd82c021000-7fd830000000 ---p 00000000 00:00 0 
7fd830000000-7fd830021000 rw-p 00000000 00:00 0 
7fd830021000-7fd834000000 ---p 00000000 00:00 0 
7fd834000000-7fd834021000 rw-p 00000000 00:00 0 
7fd834021000-7fd838000000 ---p 00000000 00:00 0 
7fd838006000-7fd838015000 r--s 000df000 08:01 5246091                    /home/oguz/Android/Sdk/build-tools/23.0.3/lib/dx.jar
7fd838015000-7fd8392ed000 rw-p 00000000 00:00 0 
7fd8392ed000-7fd8394c6000 r--s 03d1f000 08:01 9967487                    /usr/lib/jvm/java-8-oracle/jre/lib/rt.jar
7fd8394c6000-7fd839b46000 rw-p 00000000 00:00 0 
7fd839b46000-7fd839cc6000 ---p 00000000 00:00 0 
7fd839cc6000-7fd83bec6000 rw-p 00000000 00:00 0 
7fd83bec6000-7fd83bec7000 ---p 00000000 00:00 0 
7fd83bec7000-7fd83bfc7000 rw-p 00000000 00:00 0 
7fd83bfc7000-7fd83bfc8000 ---p 00000000 00:00 0 
7fd83bfc8000-7fd83c0c8000 rw-p 00000000 00:00 0 
7fd83c0c8000-7fd83c0c9000 ---p 00000000 00:00 0 
7fd83c0c9000-7fd83c1c9000 rw-p 00000000 00:00 0 
7fd83c1c9000-7fd83c1ca000 ---p 00000000 00:00 0 
7fd83c1ca000-7fd83c2ca000 rw-p 00000000 00:00 0 
7fd83c2ca000-7fd83c2cb000 ---p 00000000 00:00 0 
7fd83c2cb000-7fd83c3cb000 rw-p 00000000 00:00 0 
7fd83c3cb000-7fd83c3cc000 ---p 00000000 00:00 0 
7fd83c3cc000-7fd83c4cc000 rw-p 00000000 00:00 0 
7fd83c4cc000-7fd83c4cd000 ---p 00000000 00:00 0 
7fd83c4cd000-7fd83c5cd000 rw-p 00000000 00:00 0 
7fd83c5cd000-7fd83c5ce000 ---p 00000000 00:00 0 
7fd83c5ce000-7fd83c6f8000 rw-p 00000000 00:00 0 
7fd83c6f8000-7fd83c824000 ---p 00000000 00:00 0 
7fd83c824000-7fd83c84e000 rw-p 00000000 00:00 0 
7fd83c84e000-7fd83c979000 ---p 00000000 00:00 0 
7fd83c979000-7fd83c9bd000 rw-p 00000000 00:00 0 
7fd83c9bd000-7fd83ca24000 ---p 00000000 00:00 0 
7fd83ca24000-7fd83ca40000 rw-p 00000000 00:00 0 
7fd83ca40000-7fd83cde5000 ---p 00000000 00:00 0 
7fd83cde5000-7fd83d485000 rwxp 00000000 00:00 0 
7fd83d485000-7fd84bde5000 ---p 00000000 00:00 0 
7fd84bde5000-7fd84bdff000 r-xp 00000000 08:01 10092954                   /usr/lib/jvm/java-8-oracle/jre/lib/amd64/libzip.so
7fd84bdff000-7fd84bfff000 ---p 0001a000 08:01 10092954                   /usr/lib/jvm/java-8-oracle/jre/lib/amd64/libzip.so
7fd84bfff000-7fd84c000000 rw-p 0001a000 08:01 10092954                   /usr/lib/jvm/java-8-oracle/jre/lib/amd64/libzip.so
7fd84c000000-7fd84c39b000 rw-p 00000000 00:00 0 
7fd84c39b000-7fd850000000 ---p 00000000 00:00 0 
7fd850007000-7fd8500bf000 rw-p 00000000 00:00 0 
7fd8500bf000-7fd8500ca000 r-xp 00000000 08:01 7603299                    /lib/x86_64-linux-gnu/libnss_files-2.23.so
7fd8500ca000-7fd8502c9000 ---p 0000b000 08:01 7603299                    /lib/x86_64-linux-gnu/libnss_files-2.23.so
7fd8502c9000-7fd8502ca000 r--p 0000a000 08:01 7603299                    /lib/x86_64-linux-gnu/libnss_files-2.23.so
7fd8502ca000-7fd8502cb000 rw-p 0000b000 08:01 7603299                    /lib/x86_64-linux-gnu/libnss_files-2.23.so
7fd8502cb000-7fd8502d1000 rw-p 00000000 00:00 0 
7fd8502d1000-7fd8502dc000 r-xp 00000000 08:01 7603296                    /lib/x86_64-linux-gnu/libnss_nis-2.23.so
7fd8502dc000-7fd8504db000 ---p 0000b000 08:01 7603296                    /lib/x86_64-linux-gnu/libnss_nis-2.23.so
7fd8504db000-7fd8504dc000 r--p 0000a000 08:01 7603296                    /lib/x86_64-linux-gnu/libnss_nis-2.23.so
7fd8504dc000-7fd8504dd000 rw-p 0000b000 08:01 7603296                    /lib/x86_64-linux-gnu/libnss_nis-2.23.so
7fd8504dd000-7fd8504f3000 r-xp 00000000 08:01 7603294                    /lib/x86_64-linux-gnu/libnsl-2.23.so
7fd8504f3000-7fd8506f3000 ---p 00016000 08:01 7603294                    /lib/x86_64-linux-gnu/libnsl-2.23.so
7fd8506f3000-7fd8506f4000 r--p 00016000 08:01 7603294                    /lib/x86_64-linux-gnu/libnsl-2.23.so
7fd8506f4000-7fd8506f5000 rw-p 00017000 08:01 7603294                    /lib/x86_64-linux-gnu/libnsl-2.23.so
7fd8506f5000-7fd8506f7000 rw-p 00000000 00:00 0 
7fd8506f7000-7fd8506ff000 r-xp 00000000 08:01 7603292                    /lib/x86_64-linux-gnu/libnss_compat-2.23.so
7fd8506ff000-7fd8508fe000 ---p 00008000 08:01 7603292                    /lib/x86_64-linux-gnu/libnss_compat-2.23.so
7fd8508fe000-7fd8508ff000 r--p 00007000 08:01 7603292                    /lib/x86_64-linux-gnu/libnss_compat-2.23.so
7fd8508ff000-7fd850900000 rw-p 00008000 08:01 7603292                    /lib/x86_64-linux-gnu/libnss_compat-2.23.so
7fd850900000-7fd85092a000 r-xp 00000000 08:01 10092949                   /usr/lib/jvm/java-8-oracle/jre/lib/amd64/libjava.so
7fd85092a000-7fd850b2a000 ---p 0002a000 08:01 10092949                   /usr/lib/jvm/java-8-oracle/jre/lib/amd64/libjava.so
7fd850b2a000-7fd850b2c000 rw-p 0002a000 08:01 10092949                   /usr/lib/jvm/java-8-oracle/jre/lib/amd64/libjava.so
7fd850b2c000-7fd850b39000 r-xp 00000000 08:01 10092953                   /usr/lib/jvm/java-8-oracle/jre/lib/amd64/libverify.so
7fd850b39000-7fd850d39000 ---p 0000d000 08:01 10092953                   /usr/lib/jvm/java-8-oracle/jre/lib/amd64/libverify.so
7fd850d39000-7fd850d3b000 rw-p 0000d000 08:01 10092953                   /usr/lib/jvm/java-8-oracle/jre/lib/amd64/libverify.so
7fd850d3b000-7fd850d42000 r-xp 00000000 08:01 7603308                    /lib/x86_64-linux-gnu/librt-2.23.so
7fd850d42000-7fd850f41000 ---p 00007000 08:01 7603308                    /lib/x86_64-linux-gnu/librt-2.23.so
7fd850f41000-7fd850f42000 r--p 00006000 08:01 7603308                    /lib/x86_64-linux-gnu/librt-2.23.so
7fd850f42000-7fd850f43000 rw-p 00007000 08:01 7603308                    /lib/x86_64-linux-gnu/librt-2.23.so
7fd850f43000-7fd85104b000 r-xp 00000000 08:01 7603305                    /lib/x86_64-linux-gnu/libm-2.23.so
7fd85104b000-7fd85124a000 ---p 00108000 08:01 7603305                    /lib/x86_64-linux-gnu/libm-2.23.so
7fd85124a000-7fd85124b000 r--p 00107000 08:01 7603305                    /lib/x86_64-linux-gnu/libm-2.23.so
7fd85124b000-7fd85124c000 rw-p 00108000 08:01 7603305                    /lib/x86_64-linux-gnu/libm-2.23.so
7fd85124c000-7fd851f0c000 r-xp 00000000 08:01 10092932                   /usr/lib/jvm/java-8-oracle/jre/lib/amd64/server/libjvm.so
7fd851f0c000-7fd85210c000 ---p 00cc0000 08:01 10092932                   /usr/lib/jvm/java-8-oracle/jre/lib/amd64/server/libjvm.so
7fd85210c000-7fd8521e4000 rw-p 00cc0000 08:01 10092932                   /usr/lib/jvm/java-8-oracle/jre/lib/amd64/server/libjvm.so
7fd8521e4000-7fd85222f000 rw-p 00000000 00:00 0 
7fd85222f000-7fd8523ef000 r-xp 00000000 08:01 7603313                    /lib/x86_64-linux-gnu/libc-2.23.so
7fd8523ef000-7fd8525ef000 ---p 001c0000 08:01 7603313                    /lib/x86_64-linux-gnu/libc-2.23.so
7fd8525ef000-7fd8525f3000 r--p 001c0000 08:01 7603313                    /lib/x86_64-linux-gnu/libc-2.23.so
7fd8525f3000-7fd8525f5000 rw-p 001c4000 08:01 7603313                    /lib/x86_64-linux-gnu/libc-2.23.so
7fd8525f5000-7fd8525f9000 rw-p 00000000 00:00 0 
7fd8525f9000-7fd8525fc000 r-xp 00000000 08:01 7603314                    /lib/x86_64-linux-gnu/libdl-2.23.so
7fd8525fc000-7fd8527fb000 ---p 00003000 08:01 7603314                    /lib/x86_64-linux-gnu/libdl-2.23.so
7fd8527fb000-7fd8527fc000 r--p 00002000 08:01 7603314                    /lib/x86_64-linux-gnu/libdl-2.23.so
7fd8527fc000-7fd8527fd000 rw-p 00003000 08:01 7603314                    /lib/x86_64-linux-gnu/libdl-2.23.so
7fd8527fd000-7fd852812000 r-xp 00000000 08:01 9840182                    /usr/lib/jvm/java-8-oracle/lib/amd64/jli/libjli.so
7fd852812000-7fd852a12000 ---p 00015000 08:01 9840182                    /usr/lib/jvm/java-8-oracle/lib/amd64/jli/libjli.so
7fd852a12000-7fd852a13000 rw-p 00015000 08:01 9840182                    /usr/lib/jvm/java-8-oracle/lib/amd64/jli/libjli.so
7fd852a13000-7fd852a2b000 r-xp 00000000 08:01 7603312                    /lib/x86_64-linux-gnu/libpthread-2.23.so
7fd852a2b000-7fd852c2a000 ---p 00018000 08:01 7603312                    /lib/x86_64-linux-gnu/libpthread-2.23.so
7fd852c2a000-7fd852c2b000 r--p 00017000 08:01 7603312                    /lib/x86_64-linux-gnu/libpthread-2.23.so
7fd852c2b000-7fd852c2c000 rw-p 00018000 08:01 7603312                    /lib/x86_64-linux-gnu/libpthread-2.23.so
7fd852c2c000-7fd852c30000 rw-p 00000000 00:00 0 
7fd852c30000-7fd852c56000 r-xp 00000000 08:01 7603309                    /lib/x86_64-linux-gnu/ld-2.23.so
7fd852c5b000-7fd852d2d000 rw-p 00000000 00:00 0 
7fd852d2d000-7fd852d30000 ---p 00000000 00:00 0 
7fd852d30000-7fd852e32000 rw-p 00000000 00:00 0 
7fd852e35000-7fd852e49000 rw-p 00000000 00:00 0 
7fd852e49000-7fd852e51000 rw-s 00000000 08:01 161167                     /tmp/hsperfdata_oguz/12670
7fd852e51000-7fd852e52000 rw-p 00000000 00:00 0 
7fd852e52000-7fd852e53000 ---p 00000000 00:00 0 
7fd852e53000-7fd852e55000 rw-p 00000000 00:00 0 
7fd852e55000-7fd852e56000 r--p 00025000 08:01 7603309                    /lib/x86_64-linux-gnu/ld-2.23.so
7fd852e56000-7fd852e57000 rw-p 00026000 08:01 7603309                    /lib/x86_64-linux-gnu/ld-2.23.so
7fd852e57000-7fd852e58000 rw-p 00000000 00:00 0 
7ffe16b4d000-7ffe16b6e000 rw-p 00000000 00:00 0                          [stack]
7ffe16bc9000-7ffe16bcb000 r--p 00000000 00:00 0                          [vvar]
7ffe16bcb000-7ffe16bcd000 r-xp 00000000 00:00 0                          [vdso]
ffffffffff600000-ffffffffff601000 r-xp 00000000 00:00 0                  [vsyscall]

VM Arguments:
jvm_args: -Djava.awt.headless=true -Xmx1024M -Dfile.encoding=UTF-8 -Duser.country=TR -Duser.language=tr -Duser.variant 
java_command: com.android.dx.command.Main --dex --force-jumbo --num-threads=4 --multi-dex --output /home/oguz/Masaüstü/asd/FomApplicationAndroid/app/build/intermediates/transforms/dex/debug/folders/1000/10/com.android.support-support-v4-23.3.0_bcd67c6e00c1b9bcce82fb0f21e4093a3e5d79de /home/oguz/Masaüstü/asd/FomApplicationAndroid/app/build/intermediates/exploded-aar/com.android.support/support-v4/23.3.0/jars/classes.jar
java_class_path (initial): /home/oguz/Android/Sdk/build-tools/23.0.3/lib/dx.jar
Launcher Type: SUN_STANDARD

Environment Variables:
PATH=/usr/local/sbin:/usr/local/bin:/usr/sbin:/usr/bin:/sbin:/bin:/usr/games:/usr/local/games:/snap/bin
LD_LIBRARY_PATH=/home/oguz/Masaüstü/Derleyiciler/android-studio/bin:
SHELL=/bin/bash
DISPLAY=:0

Signal Handlers:
SIGSEGV: [libjvm.so+0xabca10], sa_mask[0]=11111111011111111101111111111110, sa_flags=SA_RESTART|SA_SIGINFO
SIGBUS: [libjvm.so+0xabca10], sa_mask[0]=11111111011111111101111111111110, sa_flags=SA_RESTART|SA_SIGINFO
SIGFPE: [libjvm.so+0x919a20], sa_mask[0]=11111111011111111101111111111110, sa_flags=SA_RESTART|SA_SIGINFO
SIGPIPE: [libjvm.so+0x919a20], sa_mask[0]=11111111011111111101111111111110, sa_flags=SA_RESTART|SA_SIGINFO
SIGXFSZ: [libjvm.so+0x919a20], sa_mask[0]=11111111011111111101111111111110, sa_flags=SA_RESTART|SA_SIGINFO
SIGILL: [libjvm.so+0x919a20], sa_mask[0]=11111111011111111101111111111110, sa_flags=SA_RESTART|SA_SIGINFO
SIGUSR1: SIG_DFL, sa_mask[0]=00000000000000000000000000000000, sa_flags=none
SIGUSR2: [libjvm.so+0x91b050], sa_mask[0]=00100000000000000000000000000000, sa_flags=SA_RESTART|SA_SIGINFO
SIGHUP: [libjvm.so+0x91c450], sa_mask[0]=11111111011111111101111111111110, sa_flags=SA_RESTART|SA_SIGINFO
SIGINT: [libjvm.so+0x91c450], sa_mask[0]=11111111011111111101111111111110, sa_flags=SA_RESTART|SA_SIGINFO
SIGTERM: [libjvm.so+0x91c450], sa_mask[0]=11111111011111111101111111111110, sa_flags=SA_RESTART|SA_SIGINFO
SIGQUIT: [libjvm.so+0x91c450], sa_mask[0]=11111111011111111101111111111110, sa_flags=SA_RESTART|SA_SIGINFO


---------------  S Y S T E M  ---------------

OS:DISTRIB_ID=Ubuntu
DISTRIB_RELEASE=16.04
DISTRIB_CODENAME=xenial
DISTRIB_DESCRIPTION="Ubuntu Xenial Xerus (development branch)"

uname:Linux 4.4.0-22-generic #39-Ubuntu SMP Thu May 5 16:53:32 UTC 2016 x86_64
libc:glibc 2.23 NPTL 2.23 
rlimit: STACK 8192k, CORE 0k, NPROC 31498, NOFILE 65536, AS infinity
load average:13.47 5.06 2.12

/proc/meminfo:
MemTotal:        8101800 kB
MemFree:           51252 kB
MemAvailable:      87464 kB
Buffers:            2136 kB
Cached:           679560 kB
SwapCached:            0 kB
Active:          7198372 kB
Inactive:         620956 kB
Active(anon):    7184432 kB
Inactive(anon):   611252 kB
Active(file):      13940 kB
Inactive(file):     9704 kB
Unevictable:          76 kB
Mlocked:              76 kB
SwapTotal:             0 kB
SwapFree:              0 kB
Dirty:              3304 kB
Writeback:             0 kB
AnonPages:       7138748 kB
Mapped:           334000 kB
Shmem:            657180 kB
Slab:             106152 kB
SReclaimable:      52636 kB
SUnreclaim:        53516 kB
KernelStack:       19120 kB
PageTables:        59940 kB
NFS_Unstable:          0 kB
Bounce:                0 kB
WritebackTmp:          0 kB
CommitLimit:     4050900 kB
Committed_AS:   13865080 kB
VmallocTotal:   34359738367 kB
VmallocUsed:           0 kB
VmallocChunk:          0 kB
HardwareCorrupted:     0 kB
AnonHugePages:   3590144 kB
CmaTotal:              0 kB
CmaFree:               0 kB
HugePages_Total:       0
HugePages_Free:        0
HugePages_Rsvd:        0
HugePages_Surp:        0
Hugepagesize:       2048 kB
DirectMap4k:      168704 kB
DirectMap2M:     8146944 kB
DirectMap1G:     1048576 kB


CPU:total 8 (4 cores per cpu, 2 threads per core) family 6 model 60 stepping 3, cmov, cx8, fxsr, mmx, sse, sse2, sse3, ssse3, sse4.1, sse4.2, popcnt, avx, avx2, aes, clmul, erms, lzcnt, ht, tsc, tscinvbit, bmi1, bmi2

/proc/cpuinfo:
processor	: 0
vendor_id	: GenuineIntel
cpu family	: 6
model		: 60
model name	: Intel(R) Core(TM) i7-4700MQ CPU @ 2.40GHz
stepping	: 3
microcode	: 0x16
cpu MHz		: 2700.000
cache size	: 6144 KB
physical id	: 0
siblings	: 8
core id		: 0
cpu cores	: 4
apicid		: 0
initial apicid	: 0
fpu		: yes
fpu_exception	: yes
cpuid level	: 13
wp		: yes
flags		: fpu vme de pse tsc msr pae mce cx8 apic sep mtrr pge mca cmov pat pse36 clflush dts acpi mmx fxsr sse sse2 ss ht tm pbe syscall nx pdpe1gb rdtscp lm constant_tsc arch_perfmon pebs bts rep_good nopl xtopology nonstop_tsc aperfmperf eagerfpu pni pclmulqdq dtes64 monitor ds_cpl vmx est tm2 ssse3 sdbg fma cx16 xtpr pdcm pcid sse4_1 sse4_2 movbe popcnt tsc_deadline_timer aes xsave avx f16c rdrand lahf_lm abm epb tpr_shadow vnmi flexpriority ept vpid fsgsbase tsc_adjust bmi1 avx2 smep bmi2 erms invpcid xsaveopt dtherm ida arat pln pts
bugs		:
bogomips	: 4789.09
clflush size	: 64
cache_alignment	: 64
address sizes	: 39 bits physical, 48 bits virtual
power management:

processor	: 1
vendor_id	: GenuineIntel
cpu family	: 6
model		: 60
model name	: Intel(R) Core(TM) i7-4700MQ CPU @ 2.40GHz
stepping	: 3
microcode	: 0x16
cpu MHz		: 2700.000
cache size	: 6144 KB
physical id	: 0
siblings	: 8
core id		: 0
cpu cores	: 4
apicid		: 1
initial apicid	: 1
fpu		: yes
fpu_exception	: yes
cpuid level	: 13
wp		: yes
flags		: fpu vme de pse tsc msr pae mce cx8 apic sep mtrr pge mca cmov pat pse36 clflush dts acpi mmx fxsr sse sse2 ss ht tm pbe syscall nx pdpe1gb rdtscp lm constant_tsc arch_perfmon pebs bts rep_good nopl xtopology nonstop_tsc aperfmperf eagerfpu pni pclmulqdq dtes64 monitor ds_cpl vmx est tm2 ssse3 sdbg fma cx16 xtpr pdcm pcid sse4_1 sse4_2 movbe popcnt tsc_deadline_timer aes xsave avx f16c rdrand lahf_lm abm epb tpr_shadow vnmi flexpriority ept vpid fsgsbase tsc_adjust bmi1 avx2 smep bmi2 erms invpcid xsaveopt dtherm ida arat pln pts
bugs		:
bogomips	: 4789.09
clflush size	: 64
cache_alignment	: 64
address sizes	: 39 bits physical, 48 bits virtual
power management:

processor	: 2
vendor_id	: GenuineIntel
cpu family	: 6
model		: 60
model name	: Intel(R) Core(TM) i7-4700MQ CPU @ 2.40GHz
stepping	: 3
microcode	: 0x16
cpu MHz		: 2699.906
cache size	: 6144 KB
physical id	: 0
siblings	: 8
core id		: 1
cpu cores	: 4
apicid		: 2
initial apicid	: 2
fpu		: yes
fpu_exception	: yes
cpuid level	: 13
wp		: yes
flags		: fpu vme de pse tsc msr pae mce cx8 apic sep mtrr pge mca cmov pat pse36 clflush dts acpi mmx fxsr sse sse2 ss ht tm pbe syscall nx pdpe1gb rdtscp lm constant_tsc arch_perfmon pebs bts rep_good nopl xtopology nonstop_tsc aperfmperf eagerfpu pni pclmulqdq dtes64 monitor ds_cpl vmx est tm2 ssse3 sdbg fma cx16 xtpr pdcm pcid sse4_1 sse4_2 movbe popcnt tsc_deadline_timer aes xsave avx f16c rdrand lahf_lm abm epb tpr_shadow vnmi flexpriority ept vpid fsgsbase tsc_adjust bmi1 avx2 smep bmi2 erms invpcid xsaveopt dtherm ida arat pln pts
bugs		:
bogomips	: 4789.09
clflush size	: 64
cache_alignment	: 64
address sizes	: 39 bits physical, 48 bits virtual
power management:

processor	: 3
vendor_id	: GenuineIntel
cpu family	: 6
model		: 60
model name	: Intel(R) Core(TM) i7-4700MQ CPU @ 2.40GHz
stepping	: 3
microcode	: 0x16
cpu MHz		: 2700.000
cache size	: 6144 KB
physical id	: 0
siblings	: 8
core id		: 1
cpu cores	: 4
apicid		: 3
initial apicid	: 3
fpu		: yes
fpu_exception	: yes
cpuid level	: 13
wp		: yes
flags		: fpu vme de pse tsc msr pae mce cx8 apic sep mtrr pge mca cmov pat pse36 clflush dts acpi mmx fxsr sse sse2 ss ht tm pbe syscall nx pdpe1gb rdtscp lm constant_tsc arch_perfmon pebs bts rep_good nopl xtopology nonstop_tsc aperfmperf eagerfpu pni pclmulqdq dtes64 monitor ds_cpl vmx est tm2 ssse3 sdbg fma cx16 xtpr pdcm pcid sse4_1 sse4_2 movbe popcnt tsc_deadline_timer aes xsave avx f16c rdrand lahf_lm abm epb tpr_shadow vnmi flexpriority ept vpid fsgsbase tsc_adjust bmi1 avx2 smep bmi2 erms invpcid xsaveopt dtherm ida arat pln pts
bugs		:
bogomips	: 4789.09
clflush size	: 64
cache_alignment	: 64
address sizes	: 39 bits physical, 48 bits virtual
power management:

processor	: 4
vendor_id	: GenuineIntel
cpu family	: 6
model		: 60
model name	: Intel(R) Core(TM) i7-4700MQ CPU @ 2.40GHz
stepping	: 3
microcode	: 0x16
cpu MHz		: 2699.906
cache size	: 6144 KB
physical id	: 0
siblings	: 8
core id		: 2
cpu cores	: 4
apicid		: 4
initial apicid	: 4
fpu		: yes
fpu_exception	: yes
cpuid level	: 13
wp		: yes
flags		: fpu vme de pse tsc msr pae mce cx8 apic sep mtrr pge mca cmov pat pse36 clflush dts acpi mmx fxsr sse sse2 ss ht tm pbe syscall nx pdpe1gb rdtscp lm constant_tsc arch_perfmon pebs bts rep_good nopl xtopology nonstop_tsc aperfmperf eagerfpu pni pclmulqdq dtes64 monitor ds_cpl vmx est tm2 ssse3 sdbg fma cx16 xtpr pdcm pcid sse4_1 sse4_2 movbe popcnt tsc_deadline_timer aes xsave avx f16c rdrand lahf_lm abm epb tpr_shadow vnmi flexpriority ept vpid fsgsbase tsc_adjust bmi1 avx2 smep bmi2 erms invpcid xsaveopt dtherm ida arat pln pts
bugs		:
bogomips	: 4789.09
clflush size	: 64
cache_alignment	: 64
address sizes	: 39 bits physical, 48 bits virtual
power management:

processor	: 5
vendor_id	: GenuineIntel
cpu family	: 6
model		: 60
model name	: Intel(R) Core(TM) i7-4700MQ CPU @ 2.40GHz
stepping	: 3
microcode	: 0x16
cpu MHz		: 2700.000
cache size	: 6144 KB
physical id	: 0
siblings	: 8
core id		: 2
cpu cores	: 4
apicid		: 5
initial apicid	: 5
fpu		: yes
fpu_exception	: yes
cpuid level	: 13
wp		: yes
flags		: fpu vme de pse tsc msr pae mce cx8 apic sep mtrr pge mca cmov pat pse36 clflush dts acpi mmx fxsr sse sse2 ss ht tm pbe syscall nx pdpe1gb rdtscp lm constant_tsc arch_perfmon pebs bts rep_good nopl xtopology nonstop_tsc aperfmperf eagerfpu pni pclmulqdq dtes64 monitor ds_cpl vmx est tm2 ssse3 sdbg fma cx16 xtpr pdcm pcid sse4_1 sse4_2 movbe popcnt tsc_deadline_timer aes xsave avx f16c rdrand lahf_lm abm epb tpr_shadow vnmi flexpriority ept vpid fsgsbase tsc_adjust bmi1 avx2 smep bmi2 erms invpcid xsaveopt dtherm ida arat pln pts
bugs		:
bogomips	: 4789.09
clflush size	: 64
cache_alignment	: 64
address sizes	: 39 bits physical, 48 bits virtual
power management:

processor	: 6
vendor_id	: GenuineIntel
cpu family	: 6
model		: 60
model name	: Intel(R) Core(TM) i7-4700MQ CPU @ 2.40GHz
stepping	: 3
microcode	: 0x16
cpu MHz		: 2700.000
cache size	: 6144 KB
physical id	: 0
siblings	: 8
core id		: 3
cpu cores	: 4
apicid		: 6
initial apicid	: 6
fpu		: yes
fpu_exception	: yes
cpuid level	: 13
wp		: yes
flags		: fpu vme de pse tsc msr pae mce cx8 apic sep mtrr pge mca cmov pat pse36 clflush dts acpi mmx fxsr sse sse2 ss ht tm pbe syscall nx pdpe1gb rdtscp lm constant_tsc arch_perfmon pebs bts rep_good nopl xtopology nonstop_tsc aperfmperf eagerfpu pni pclmulqdq dtes64 monitor ds_cpl vmx est tm2 ssse3 sdbg fma cx16 xtpr pdcm pcid sse4_1 sse4_2 movbe popcnt tsc_deadline_timer aes xsave avx f16c rdrand lahf_lm abm epb tpr_shadow vnmi flexpriority ept vpid fsgsbase tsc_adjust bmi1 avx2 smep bmi2 erms invpcid xsaveopt dtherm ida arat pln pts
bugs		:
bogomips	: 4789.09
clflush size	: 64
cache_alignment	: 64
address sizes	: 39 bits physical, 48 bits virtual
power management:

processor	: 7
vendor_id	: GenuineIntel
cpu family	: 6
model		: 60
model name	: Intel(R) Core(TM) i7-4700MQ CPU @ 2.40GHz
stepping	: 3
microcode	: 0x16
cpu MHz		: 2699.906
cache size	: 6144 KB
physical id	: 0
siblings	: 8
core id		: 3
cpu cores	: 4
apicid		: 7
initial apicid	: 7
fpu		: yes
fpu_exception	: yes
cpuid level	: 13
wp		: yes
flags		: fpu vme de pse tsc msr pae mce cx8 apic sep mtrr pge mca cmov pat pse36 clflush dts acpi mmx fxsr sse sse2 ss ht tm pbe syscall nx pdpe1gb rdtscp lm constant_tsc arch_perfmon pebs bts rep_good nopl xtopology nonstop_tsc aperfmperf eagerfpu pni pclmulqdq dtes64 monitor ds_cpl vmx est tm2 ssse3 sdbg fma cx16 xtpr pdcm pcid sse4_1 sse4_2 movbe popcnt tsc_deadline_timer aes xsave avx f16c rdrand lahf_lm abm epb tpr_shadow vnmi flexpriority ept vpid fsgsbase tsc_adjust bmi1 avx2 smep bmi2 erms invpcid xsaveopt dtherm ida arat pln pts
bugs		:
bogomips	: 4789.09
clflush size	: 64
cache_alignment	: 64
address sizes	: 39 bits physical, 48 bits virtual
power management:



Memory: 4k page, physical 8101800k(51708k free), swap 0k(0k free)

vm_info: Java HotSpot(TM) 64-Bit Server VM (25.91-b14) for linux-amd64 JRE (1.8.0_91-b14), built on Apr  1 2016 00:57:21 by "java_re" with gcc 4.3.0 20080428 (Red Hat 4.3.0-8)

time: Thu Aug 25 12:07:01 2016
elapsed time: 6 seconds (0d 0h 0m 6s)

