#
# There is insufficient memory for the Java Runtime Environment to continue.
# Native memory allocation (mmap) failed to map 174063616 bytes for committing reserved memory.
# Possible reasons:
#   The system is out of physical RAM or swap space
#   In 32 bit mode, the process size limit was hit
# Possible solutions:
#   Reduce memory load on the system
#   Increase physical memory or swap space
#   Check if swap backing store is full
#   Use 64 bit Java on a 64 bit OS
#   Decrease Java heap size (-Xmx/-Xms)
#   Decrease number of Java threads
#   Decrease Java thread stack sizes (-Xss)
#   Set larger code cache with -XX:ReservedCodeCacheSize=
# This output file may be truncated or incomplete.
#
#  Out of Memory Error (os_linux.cpp:2627), pid=17685, tid=139792403429120
#
# JRE version: Java(TM) SE Runtime Environment (8.0_91-b14) (build 1.8.0_91-b14)
# Java VM: Java HotSpot(TM) 64-Bit Server VM (25.91-b14 mixed mode linux-amd64 compressed oops)
# Failed to write core dump. Core dumps have been disabled. To enable core dumping, try "ulimit -c unlimited" before starting Java again
#

---------------  T H R E A D  ---------------

Current thread (0x00007f2414080000):  VMThread [stack: 0x00007f23f47c7000,0x00007f23f48c8000] [id=17698]

Stack: [0x00007f23f47c7000,0x00007f23f48c8000],  sp=0x00007f23f48c60a0,  free space=1020k
Native frames: (J=compiled Java code, j=interpreted, Vv=VM code, C=native code)
V  [libjvm.so+0xabc18a]  VMError::report_and_die()+0x2ba
V  [libjvm.so+0x4fafeb]  report_vm_out_of_memory(char const*, int, unsigned long, VMErrorType, char const*)+0x8b
V  [libjvm.so+0x91cbb3]  os::Linux::commit_memory_impl(char*, unsigned long, bool)+0x103
V  [libjvm.so+0x91d109]  os::pd_commit_memory(char*, unsigned long, unsigned long, bool)+0x29
V  [libjvm.so+0x91740a]  os::commit_memory(char*, unsigned long, unsigned long, bool)+0x2a
V  [libjvm.so+0x98b033]  PSVirtualSpace::expand_by(unsigned long)+0x53
V  [libjvm.so+0x98c438]  PSYoungGen::resize_generation(unsigned long, unsigned long)+0xf8
V  [libjvm.so+0x98b592]  PSYoungGen::resize(unsigned long, unsigned long)+0x22
V  [libjvm.so+0x98886b]  PSScavenge::invoke_no_policy()+0xf3b
V  [libjvm.so+0x988ff1]  PSScavenge::invoke()+0x41
V  [libjvm.so+0x9408b0]  ParallelScavengeHeap::failed_mem_allocate(unsigned long)+0x70
V  [libjvm.so+0xabdba7]  VM_ParallelGCFailedAllocation::doit()+0x97
V  [libjvm.so+0xac55d5]  VM_Operation::evaluate()+0x55
V  [libjvm.so+0xac39aa]  VMThread::evaluate_operation(VM_Operation*)+0xba
V  [libjvm.so+0xac3d2e]  VMThread::loop()+0x1ce
V  [libjvm.so+0xac41a0]  VMThread::run()+0x70
V  [libjvm.so+0x91ef78]  java_start(Thread*)+0x108

VM_Operation (0x00007f23ef9f7a10): ParallelGCFailedAllocation, mode: safepoint, requested by thread 0x00007f241415b000


---------------  P R O C E S S  ---------------

Java Threads: ( => current thread )
  0x00007f241416b800 JavaThread "pool-2-thread-4" [_thread_blocked, id=17737, stack(0x00007f23ef4f5000,0x00007f23ef5f6000)]
  0x00007f2414169800 JavaThread "pool-2-thread-3" [_thread_blocked, id=17735, stack(0x00007f23ef5f6000,0x00007f23ef6f7000)]
  0x00007f2414169000 JavaThread "pool-2-thread-2" [_thread_blocked, id=17733, stack(0x00007f23ef6f7000,0x00007f23ef7f8000)]
  0x00007f241415d000 JavaThread "pool-3-thread-1" [_thread_blocked, id=17729, stack(0x00007f23ef7f8000,0x00007f23ef8f9000)]
  0x00007f241415b000 JavaThread "pool-2-thread-1" [_thread_blocked, id=17728, stack(0x00007f23ef8f9000,0x00007f23ef9fa000)]
  0x00007f24140ca800 JavaThread "Service Thread" daemon [_thread_blocked, id=17708, stack(0x00007f23efafb000,0x00007f23efbfc000)]
  0x00007f24140c8000 JavaThread "C1 CompilerThread3" daemon [_thread_blocked, id=17706, stack(0x00007f23efbfc000,0x00007f23efcfd000)]
  0x00007f24140c5800 JavaThread "C2 CompilerThread2" daemon [_thread_blocked, id=17705, stack(0x00007f23efcfd000,0x00007f23efdfe000)]
  0x00007f24140c4000 JavaThread "C2 CompilerThread1" daemon [_thread_blocked, id=17703, stack(0x00007f23efdfe000,0x00007f23efeff000)]
  0x00007f24140c1000 JavaThread "C2 CompilerThread0" daemon [_thread_blocked, id=17702, stack(0x00007f23efeff000,0x00007f23f0000000)]
  0x00007f24140bf800 JavaThread "Signal Dispatcher" daemon [_thread_blocked, id=17701, stack(0x00007f23f408c000,0x00007f23f418d000)]
  0x00007f241408c800 JavaThread "Finalizer" daemon [_thread_blocked, id=17700, stack(0x00007f23f45c5000,0x00007f23f46c6000)]
  0x00007f2414087800 JavaThread "Reference Handler" daemon [_thread_blocked, id=17699, stack(0x00007f23f46c6000,0x00007f23f47c7000)]
  0x00007f241400a000 JavaThread "main" [_thread_blocked, id=17687, stack(0x00007f241bf0b000,0x00007f241c00c000)]

Other Threads:
=>0x00007f2414080000 VMThread [stack: 0x00007f23f47c7000,0x00007f23f48c8000] [id=17698]
  0x00007f24140ce000 WatcherThread [stack: 0x00007f23ef9fa000,0x00007f23efafb000] [id=17709]

VM state:at safepoint (normal execution)

VM Mutex/Monitor currently owned by a thread:  ([mutex/lock_event])
[0x00007f2414006570] Threads_lock - owner thread: 0x00007f2414080000
[0x00007f2414006a70] Heap_lock - owner thread: 0x00007f241415b000

Heap:
 PSYoungGen      total 132096K, used 5105K [0x00000000eab00000, 0x00000000f3100000, 0x0000000100000000)
  eden space 126976K, 0% used [0x00000000eab00000,0x00000000eab00000,0x00000000f2700000)
  from space 5120K, 99% used [0x00000000f2700000,0x00000000f2bfc480,0x00000000f2c00000)
  to   space 5120K, 0% used [0x00000000f2c00000,0x00000000f2c00000,0x00000000f3100000)
 ParOldGen       total 84992K, used 41678K [0x00000000c0000000, 0x00000000c5300000, 0x00000000eab00000)
  object space 84992K, 49% used [0x00000000c0000000,0x00000000c28b3820,0x00000000c5300000)
 Metaspace       used 6370K, capacity 7192K, committed 7424K, reserved 1056768K
  class space    used 617K, capacity 656K, committed 768K, reserved 1048576K

Card table byte_map: [0x00007f2418ac0000,0x00007f2418cc1000] byte_map_base: 0x00007f24184c0000

Marking Bits: (ParMarkBitMap*) 0x00007f241b3dfd60
 Begin Bits: [0x00007f23f6000000, 0x00007f23f7000000)
 End Bits:   [0x00007f23f7000000, 0x00007f23f8000000)

Polling page: 0x00007f241c02f000

CodeCache: size=245760Kb used=6541Kb max_used=6541Kb free=239218Kb
 bounds [0x00007f2405000000, 0x00007f2405670000, 0x00007f2414000000]
 total_blobs=2124 nmethods=1855 adapters=182
 compilation: enabled

Compilation events (10 events):
Event: 5,769 Thread 0x00007f24140c8000 2175       2       java.util.Date::<init> (113 bytes)
Event: 5,770 Thread 0x00007f24140c8000 nmethod 2175 0x00007f2405665c90 code [0x00007f2405665e60, 0x00007f24056665e8]
Event: 5,770 Thread 0x00007f24140c8000 2176       2       sun.util.calendar.Gregorian::newCalendarDate (6 bytes)
Event: 5,770 Thread 0x00007f24140c8000 nmethod 2176 0x00007f2405666b90 code [0x00007f2405666d00, 0x00007f2405666ee8]
Event: 5,770 Thread 0x00007f24140c8000 2177       2       sun.util.calendar.Gregorian::newCalendarDate (9 bytes)
Event: 5,770 Thread 0x00007f24140c8000 nmethod 2177 0x00007f2405666fd0 code [0x00007f2405667140, 0x00007f2405667328]
Event: 5,770 Thread 0x00007f24140c8000 2178       2       sun.util.calendar.Gregorian$Date::<init> (6 bytes)
Event: 5,771 Thread 0x00007f24140c8000 nmethod 2178 0x00007f2405667410 code [0x00007f2405667560, 0x00007f24056676f0]
Event: 5,771 Thread 0x00007f24140c8000 2179       2       sun.util.calendar.BaseCalendar$Date::<init> (32 bytes)
Event: 5,771 Thread 0x00007f24140c8000 nmethod 2179 0x00007f2405667790 code [0x00007f24056678e0, 0x00007f2405667a70]

GC Heap History (9 events):
Event: 1,815 GC heap before
{Heap before GC invocations=1 (full 0):
 PSYoungGen      total 36864K, used 31744K [0x00000000eab00000, 0x00000000ed400000, 0x0000000100000000)
  eden space 31744K, 100% used [0x00000000eab00000,0x00000000eca00000,0x00000000eca00000)
  from space 5120K, 0% used [0x00000000ecf00000,0x00000000ecf00000,0x00000000ed400000)
  to   space 5120K, 0% used [0x00000000eca00000,0x00000000eca00000,0x00000000ecf00000)
 ParOldGen       total 84992K, used 0K [0x00000000c0000000, 0x00000000c5300000, 0x00000000eab00000)
  object space 84992K, 0% used [0x00000000c0000000,0x00000000c0000000,0x00000000c5300000)
 Metaspace       used 5726K, capacity 6704K, committed 6784K, reserved 1056768K
  class space    used 593K, capacity 616K, committed 640K, reserved 1048576K
Event: 1,857 GC heap after
Heap after GC invocations=1 (full 0):
 PSYoungGen      total 36864K, used 5093K [0x00000000eab00000, 0x00000000ef300000, 0x0000000100000000)
  eden space 31744K, 0% used [0x00000000eab00000,0x00000000eab00000,0x00000000eca00000)
  from space 5120K, 99% used [0x00000000eca00000,0x00000000ecef9638,0x00000000ecf00000)
  to   space 5120K, 0% used [0x00000000eee00000,0x00000000eee00000,0x00000000ef300000)
 ParOldGen       total 84992K, used 28K [0x00000000c0000000, 0x00000000c5300000, 0x00000000eab00000)
  object space 84992K, 0% used [0x00000000c0000000,0x00000000c0007228,0x00000000c5300000)
 Metaspace       used 5726K, capacity 6704K, committed 6784K, reserved 1056768K
  class space    used 593K, capacity 616K, committed 640K, reserved 1048576K
}
Event: 3,101 GC heap before
{Heap before GC invocations=2 (full 0):
 PSYoungGen      total 36864K, used 36837K [0x00000000eab00000, 0x00000000ef300000, 0x0000000100000000)
  eden space 31744K, 100% used [0x00000000eab00000,0x00000000eca00000,0x00000000eca00000)
  from space 5120K, 99% used [0x00000000eca00000,0x00000000ecef9638,0x00000000ecf00000)
  to   space 5120K, 0% used [0x00000000eee00000,0x00000000eee00000,0x00000000ef300000)
 ParOldGen       total 84992K, used 28K [0x00000000c0000000, 0x00000000c5300000, 0x00000000eab00000)
  object space 84992K, 0% used [0x00000000c0000000,0x00000000c0007228,0x00000000c5300000)
 Metaspace       used 5944K, capacity 6896K, committed 7040K, reserved 1056768K
  class space    used 595K, capacity 616K, committed 640K, reserved 1048576K
Event: 3,161 GC heap after
Heap after GC invocations=2 (full 0):
 PSYoungGen      total 68608K, used 5117K [0x00000000eab00000, 0x00000000ef300000, 0x0000000100000000)
  eden space 63488K, 0% used [0x00000000eab00000,0x00000000eab00000,0x00000000ee900000)
  from space 5120K, 99% used [0x00000000eee00000,0x00000000ef2ff438,0x00000000ef300000)
  to   space 5120K, 0% used [0x00000000ee900000,0x00000000ee900000,0x00000000eee00000)
 ParOldGen       total 84992K, used 3470K [0x00000000c0000000, 0x00000000c5300000, 0x00000000eab00000)
  object space 84992K, 4% used [0x00000000c0000000,0x00000000c0363ae0,0x00000000c5300000)
 Metaspace       used 5944K, capacity 6896K, committed 7040K, reserved 1056768K
  class space    used 595K, capacity 616K, committed 640K, reserved 1048576K
}
Event: 3,872 GC heap before
{Heap before GC invocations=3 (full 0):
 PSYoungGen      total 68608K, used 68605K [0x00000000eab00000, 0x00000000ef300000, 0x0000000100000000)
  eden space 63488K, 100% used [0x00000000eab00000,0x00000000ee900000,0x00000000ee900000)
  from space 5120K, 99% used [0x00000000eee00000,0x00000000ef2ff438,0x00000000ef300000)
  to   space 5120K, 0% used [0x00000000ee900000,0x00000000ee900000,0x00000000eee00000)
 ParOldGen       total 84992K, used 3470K [0x00000000c0000000, 0x00000000c5300000, 0x00000000eab00000)
  object space 84992K, 4% used [0x00000000c0000000,0x00000000c0363ae0,0x00000000c5300000)
 Metaspace       used 6009K, capacity 6960K, committed 7040K, reserved 1056768K
  class space    used 597K, capacity 616K, committed 640K, reserved 1048576K
Event: 3,968 GC heap after
Heap after GC invocations=3 (full 0):
 PSYoungGen      total 68608K, used 5118K [0x00000000eab00000, 0x00000000f3100000, 0x0000000100000000)
  eden space 63488K, 0% used [0x00000000eab00000,0x00000000eab00000,0x00000000ee900000)
  from space 5120K, 99% used [0x00000000ee900000,0x00000000eedff8b0,0x00000000eee00000)
  to   space 5120K, 0% used [0x00000000f2c00000,0x00000000f2c00000,0x00000000f3100000)
 ParOldGen       total 84992K, used 12504K [0x00000000c0000000, 0x00000000c5300000, 0x00000000eab00000)
  object space 84992K, 14% used [0x00000000c0000000,0x00000000c0c36350,0x00000000c5300000)
 Metaspace       used 6009K, capacity 6960K, committed 7040K, reserved 1056768K
  class space    used 597K, capacity 616K, committed 640K, reserved 1048576K
}
Event: 4,649 GC heap before
{Heap before GC invocations=4 (full 0):
 PSYoungGen      total 68608K, used 68606K [0x00000000eab00000, 0x00000000f3100000, 0x0000000100000000)
  eden space 63488K, 100% used [0x00000000eab00000,0x00000000ee900000,0x00000000ee900000)
  from space 5120K, 99% used [0x00000000ee900000,0x00000000eedff8b0,0x00000000eee00000)
  to   space 5120K, 0% used [0x00000000f2c00000,0x00000000f2c00000,0x00000000f3100000)
 ParOldGen       total 84992K, used 12504K [0x00000000c0000000, 0x00000000c5300000, 0x00000000eab00000)
  object space 84992K, 14% used [0x00000000c0000000,0x00000000c0c36350,0x00000000c5300000)
 Metaspace       used 6071K, capacity 7024K, committed 7296K, reserved 1056768K
  class space    used 597K, capacity 616K, committed 640K, reserved 1048576K
Event: 4,727 GC heap after
Heap after GC invocations=4 (full 0):
 PSYoungGen      total 132096K, used 5103K [0x00000000eab00000, 0x00000000f3100000, 0x0000000100000000)
  eden space 126976K, 0% used [0x00000000eab00000,0x00000000eab00000,0x00000000f2700000)
  from space 5120K, 99% used [0x00000000f2c00000,0x00000000f30fbc28,0x00000000f3100000)
  to   space 5120K, 0% used [0x00000000f2700000,0x00000000f2700000,0x00000000f2c00000)
 ParOldGen       total 84992K, used 21989K [0x00000000c0000000, 0x00000000c5300000, 0x00000000eab00000)
  object space 84992K, 25% used [0x00000000c0000000,0x00000000c1579548,0x00000000c5300000)
 Metaspace       used 6071K, capacity 7024K, committed 7296K, reserved 1056768K
  class space    used 597K, capacity 616K, committed 640K, reserved 1048576K
}
Event: 5,785 GC heap before
{Heap before GC invocations=5 (full 0):
 PSYoungGen      total 132096K, used 132079K [0x00000000eab00000, 0x00000000f3100000, 0x0000000100000000)
  eden space 126976K, 100% used [0x00000000eab00000,0x00000000f2700000,0x00000000f2700000)
  from space 5120K, 99% used [0x00000000f2c00000,0x00000000f30fbc28,0x00000000f3100000)
  to   space 5120K, 0% used [0x00000000f2700000,0x00000000f2700000,0x00000000f2c00000)
 ParOldGen       total 84992K, used 21989K [0x00000000c0000000, 0x00000000c5300000, 0x00000000eab00000)
  object space 84992K, 25% used [0x00000000c0000000,0x00000000c1579548,0x00000000c5300000)
 Metaspace       used 6370K, capacity 7192K, committed 7424K, reserved 1056768K
  class space    used 617K, capacity 656K, committed 768K, reserved 1048576K

Deoptimization events (10 events):
Event: 3,362 Thread 0x00007f241415b000 Uncommon trap: reason=unstable_if action=reinterpret pc=0x00007f240528b6d0 method=com.android.dx.rop.code.RegisterSpecSet.put(Lcom/android/dx/rop/code/RegisterSpec;)V @ 77
Event: 3,362 Thread 0x00007f241415b000 Uncommon trap: reason=unstable_if action=reinterpret pc=0x00007f240528f684 method=com.android.dx.rop.code.RegisterSpecSet.put(Lcom/android/dx/rop/code/RegisterSpec;)V @ 77
Event: 3,974 Thread 0x00007f241416b800 Uncommon trap: reason=unstable_if action=reinterpret pc=0x00007f24052f5504 method=com.android.dx.util.IntList.binarysearch(I)I @ 105
Event: 4,470 Thread 0x00007f241416b800 Uncommon trap: reason=unstable_if action=reinterpret pc=0x00007f240545e490 method=com.android.dx.ssa.SCCP.simulateStmt(Lcom/android/dx/ssa/SsaInsn;)V @ 53
Event: 4,490 Thread 0x00007f241416b800 Uncommon trap: reason=class_check action=maybe_recompile pc=0x00007f2405298228 method=java.util.HashMap.putVal(ILjava/lang/Object;Ljava/lang/Object;ZZ)Ljava/lang/Object; @ 203
Event: 5,464 Thread 0x00007f2414169000 Uncommon trap: reason=bimorphic action=maybe_recompile pc=0x00007f24054eb7b8 method=com.android.dx.cf.code.BytecodeArray.parseInstruction(ILcom/android/dx/cf/code/BytecodeArray$Visitor;)I @ 1161
Event: 5,464 Thread 0x00007f2414169000 Uncommon trap: reason=bimorphic action=maybe_recompile pc=0x00007f24054eb7b8 method=com.android.dx.cf.code.BytecodeArray.parseInstruction(ILcom/android/dx/cf/code/BytecodeArray$Visitor;)I @ 1161
Event: 5,486 Thread 0x00007f2414169000 Uncommon trap: reason=bimorphic action=maybe_recompile pc=0x00007f24054ea9f4 method=com.android.dx.cf.code.BytecodeArray.parseInstruction(ILcom/android/dx/cf/code/BytecodeArray$Visitor;)I @ 1501
Event: 5,486 Thread 0x00007f2414169000 Uncommon trap: reason=bimorphic action=maybe_recompile pc=0x00007f24054ea9f4 method=com.android.dx.cf.code.BytecodeArray.parseInstruction(ILcom/android/dx/cf/code/BytecodeArray$Visitor;)I @ 1501
Event: 5,702 Thread 0x00007f241415b000 Uncommon trap: reason=unstable_if action=reinterpret pc=0x00007f2405247ef4 method=java.util.HashMap.putVal(ILjava/lang/Object;Ljava/lang/Object;ZZ)Ljava/lang/Object; @ 162

Internal exceptions (5 events):
Event: 0,086 Thread 0x00007f241400a000 Exception <a 'java/lang/NoSuchMethodError': Method sun.misc.Unsafe.defineClass(Ljava/lang/String;[BII)Ljava/lang/Class; name or signature does not match> (0x00000000eab07cc0) thrown at [/HUDSON/workspace/8-2-build-linux-amd64/jdk8u91/6644/hotspot/src/shar
Event: 0,086 Thread 0x00007f241400a000 Exception <a 'java/lang/NoSuchMethodError': Method sun.misc.Unsafe.prefetchRead(Ljava/lang/Object;J)V name or signature does not match> (0x00000000eab07fa8) thrown at [/HUDSON/workspace/8-2-build-linux-amd64/jdk8u91/6644/hotspot/src/share/vm/prims/jni.cpp
Event: 5,706 Thread 0x00007f241415b000 Exception <a 'java/lang/ArrayIndexOutOfBoundsException': 18> (0x00000000f1ba7cb0) thrown at [/HUDSON/workspace/8-2-build-linux-amd64/jdk8u91/6644/hotspot/src/share/vm/interpreter/interpreterRuntime.cpp, line 366]
Event: 5,707 Thread 0x00007f241415b000 Exception <a 'java/lang/ArrayIndexOutOfBoundsException': 145> (0x00000000f1ba9830) thrown at [/HUDSON/workspace/8-2-build-linux-amd64/jdk8u91/6644/hotspot/src/share/vm/interpreter/interpreterRuntime.cpp, line 366]
Event: 5,708 Thread 0x00007f241415b000 Exception <a 'java/lang/ArrayIndexOutOfBoundsException'> (0x00000000f1baab18) thrown at [/HUDSON/workspace/8-2-build-linux-amd64/jdk8u91/6644/hotspot/src/share/vm/runtime/sharedRuntime.cpp, line 605]

Events (10 events):
Event: 5,708 loading class java/lang/reflect/ParameterizedType
Event: 5,708 loading class java/lang/reflect/ParameterizedType done
Event: 5,708 loading class sun/reflect/generics/reflectiveObjects/ParameterizedTypeImpl done
Event: 5,708 loading class java/lang/reflect/TypeVariable
Event: 5,708 loading class java/lang/reflect/TypeVariable done
Event: 5,708 loading class sun/reflect/generics/reflectiveObjects/TypeVariableImpl
Event: 5,708 loading class sun/reflect/generics/reflectiveObjects/LazyReflectiveObjectGenerator
Event: 5,708 loading class sun/reflect/generics/reflectiveObjects/LazyReflectiveObjectGenerator done
Event: 5,708 loading class sun/reflect/generics/reflectiveObjects/TypeVariableImpl done
Event: 5,785 Executing VM operation: ParallelGCFailedAllocation


Dynamic libraries:
00400000-00401000 r-xp 00000000 08:01 9839507                            /usr/lib/jvm/java-8-oracle/bin/java
00600000-00601000 rw-p 00000000 08:01 9839507                            /usr/lib/jvm/java-8-oracle/bin/java
014b8000-014d9000 rw-p 00000000 00:00 0                                  [heap]
c0000000-c5300000 rw-p 00000000 00:00 0 
c5300000-eab00000 ---p 00000000 00:00 0 
eab00000-f3100000 rw-p 00000000 00:00 0 
fd700000-100000000 ---p 00000000 00:00 0 
100000000-1000c0000 rw-p 00000000 00:00 0 
1000c0000-140000000 ---p 00000000 00:00 0 
7f2398000000-7f2398047000 rw-p 00000000 00:00 0 
7f2398047000-7f239c000000 ---p 00000000 00:00 0 
7f23a0000000-7f23a0025000 rw-p 00000000 00:00 0 
7f23a0025000-7f23a4000000 ---p 00000000 00:00 0 
7f23a4000000-7f23a4021000 rw-p 00000000 00:00 0 
7f23a4021000-7f23a8000000 ---p 00000000 00:00 0 
7f23a8000000-7f23a8025000 rw-p 00000000 00:00 0 
7f23a8025000-7f23ac000000 ---p 00000000 00:00 0 
7f23ac000000-7f23ac021000 rw-p 00000000 00:00 0 
7f23ac021000-7f23b0000000 ---p 00000000 00:00 0 
7f23b0000000-7f23b0021000 rw-p 00000000 00:00 0 
7f23b0021000-7f23b4000000 ---p 00000000 00:00 0 
7f23b4000000-7f23b4021000 rw-p 00000000 00:00 0 
7f23b4021000-7f23b8000000 ---p 00000000 00:00 0 
7f23b8000000-7f23b8cef000 rw-p 00000000 00:00 0 
7f23b8cef000-7f23bc000000 ---p 00000000 00:00 0 
7f23bc000000-7f23bcc40000 rw-p 00000000 00:00 0 
7f23bcc40000-7f23c0000000 ---p 00000000 00:00 0 
7f23c0000000-7f23c0d6b000 rw-p 00000000 00:00 0 
7f23c0d6b000-7f23c4000000 ---p 00000000 00:00 0 
7f23c4000000-7f23c5125000 rw-p 00000000 00:00 0 
7f23c5125000-7f23c8000000 ---p 00000000 00:00 0 
7f23c8000000-7f23c8021000 rw-p 00000000 00:00 0 
7f23c8021000-7f23cc000000 ---p 00000000 00:00 0 
7f23cc000000-7f23cc021000 rw-p 00000000 00:00 0 
7f23cc021000-7f23d0000000 ---p 00000000 00:00 0 
7f23d0000000-7f23d028f000 rw-p 00000000 00:00 0 
7f23d028f000-7f23d4000000 ---p 00000000 00:00 0 
7f23d4000000-7f23d4021000 rw-p 00000000 00:00 0 
7f23d4021000-7f23d8000000 ---p 00000000 00:00 0 
7f23d8000000-7f23d8021000 rw-p 00000000 00:00 0 
7f23d8021000-7f23dc000000 ---p 00000000 00:00 0 
7f23dc000000-7f23dc021000 rw-p 00000000 00:00 0 
7f23dc021000-7f23e0000000 ---p 00000000 00:00 0 
7f23e0000000-7f23e0021000 rw-p 00000000 00:00 0 
7f23e0021000-7f23e4000000 ---p 00000000 00:00 0 
7f23e8000000-7f23e8021000 rw-p 00000000 00:00 0 
7f23e8021000-7f23ec000000 ---p 00000000 00:00 0 
7f23ef4f5000-7f23ef4f8000 ---p 00000000 00:00 0 
7f23ef4f8000-7f23ef5f6000 rw-p 00000000 00:00 0 
7f23ef5f6000-7f23ef5f9000 ---p 00000000 00:00 0 
7f23ef5f9000-7f23ef6f7000 rw-p 00000000 00:00 0 
7f23ef6f7000-7f23ef6fa000 ---p 00000000 00:00 0 
7f23ef6fa000-7f23ef7f8000 rw-p 00000000 00:00 0 
7f23ef7f8000-7f23ef7fb000 ---p 00000000 00:00 0 
7f23ef7fb000-7f23ef8f9000 rw-p 00000000 00:00 0 
7f23ef8f9000-7f23ef8fc000 ---p 00000000 00:00 0 
7f23ef8fc000-7f23ef9fa000 rw-p 00000000 00:00 0 
7f23ef9fa000-7f23ef9fb000 ---p 00000000 00:00 0 
7f23ef9fb000-7f23efafb000 rw-p 00000000 00:00 0 
7f23efafb000-7f23efafe000 ---p 00000000 00:00 0 
7f23efafe000-7f23efbfc000 rw-p 00000000 00:00 0 
7f23efbfc000-7f23efbff000 ---p 00000000 00:00 0 
7f23efbff000-7f23efcfd000 rw-p 00000000 00:00 0 
7f23efcfd000-7f23efd00000 ---p 00000000 00:00 0 
7f23efd00000-7f23efdfe000 rw-p 00000000 00:00 0 
7f23efdfe000-7f23efe01000 ---p 00000000 00:00 0 
7f23efe01000-7f23efeff000 rw-p 00000000 00:00 0 
7f23efeff000-7f23eff02000 ---p 00000000 00:00 0 
7f23eff02000-7f23f0000000 rw-p 00000000 00:00 0 
7f23f0000000-7f23f0021000 rw-p 00000000 00:00 0 
7f23f0021000-7f23f4000000 ---p 00000000 00:00 0 
7f23f4044000-7f23f404b000 r--s 00000000 08:01 10092992                   /usr/lib/x86_64-linux-gnu/gconv/gconv-modules.cache
7f23f404b000-7f23f4068000 r--p 00000000 08:01 11012338                   /usr/share/locale-langpack/tr/LC_MESSAGES/libc.mo
7f23f4068000-7f23f407d000 r--s 000e5000 08:01 5511654                    /home/oguz/AndroidStudioProjects/FomApplication/app/build/intermediates/exploded-aar/com.android.support/support-v4/23.1.1/jars/classes.jar
7f23f407d000-7f23f408c000 r--s 000df000 08:01 5246091                    /home/oguz/Android/Sdk/build-tools/23.0.3/lib/dx.jar
7f23f408c000-7f23f408f000 ---p 00000000 00:00 0 
7f23f408f000-7f23f418d000 rw-p 00000000 00:00 0 
7f23f418d000-7f23f45c5000 r--p 00000000 08:01 9700768                    /usr/lib/locale/locale-archive
7f23f45c5000-7f23f45c8000 ---p 00000000 00:00 0 
7f23f45c8000-7f23f46c6000 rw-p 00000000 00:00 0 
7f23f46c6000-7f23f46c9000 ---p 00000000 00:00 0 
7f23f46c9000-7f23f47c7000 rw-p 00000000 00:00 0 
7f23f47c7000-7f23f47c8000 ---p 00000000 00:00 0 
7f23f47c8000-7f23f8000000 rw-p 00000000 00:00 0 
7f23f8000000-7f23f8021000 rw-p 00000000 00:00 0 
7f23f8021000-7f23fc000000 ---p 00000000 00:00 0 
7f23fc000000-7f23fc021000 rw-p 00000000 00:00 0 
7f23fc021000-7f2400000000 ---p 00000000 00:00 0 
7f2400000000-7f2400021000 rw-p 00000000 00:00 0 
7f2400021000-7f2404000000 ---p 00000000 00:00 0 
7f2404002000-7f2404427000 rw-p 00000000 00:00 0 
7f2404427000-7f2404600000 r--s 03d1f000 08:01 9967487                    /usr/lib/jvm/java-8-oracle/jre/lib/rt.jar
7f2404600000-7f2404c80000 rw-p 00000000 00:00 0 
7f2404c80000-7f2404e00000 ---p 00000000 00:00 0 
7f2404e00000-7f2405000000 rw-p 00000000 00:00 0 
7f2405000000-7f2405670000 rwxp 00000000 00:00 0 
7f2405670000-7f2414000000 ---p 00000000 00:00 0 
7f2414000000-7f241439a000 rw-p 00000000 00:00 0 
7f241439a000-7f2418000000 ---p 00000000 00:00 0 
7f2418005000-7f2418162000 rw-p 00000000 00:00 0 
7f2418162000-7f2418163000 ---p 00000000 00:00 0 
7f2418163000-7f2418263000 rw-p 00000000 00:00 0 
7f2418263000-7f2418264000 ---p 00000000 00:00 0 
7f2418264000-7f2418364000 rw-p 00000000 00:00 0 
7f2418364000-7f2418365000 ---p 00000000 00:00 0 
7f2418365000-7f2418465000 rw-p 00000000 00:00 0 
7f2418465000-7f2418466000 ---p 00000000 00:00 0 
7f2418466000-7f2418566000 rw-p 00000000 00:00 0 
7f2418566000-7f2418567000 ---p 00000000 00:00 0 
7f2418567000-7f2418667000 rw-p 00000000 00:00 0 
7f2418667000-7f2418668000 ---p 00000000 00:00 0 
7f2418668000-7f2418768000 rw-p 00000000 00:00 0 
7f2418768000-7f2418769000 ---p 00000000 00:00 0 
7f2418769000-7f2418869000 rw-p 00000000 00:00 0 
7f2418869000-7f241886a000 ---p 00000000 00:00 0 
7f241886a000-7f2418994000 rw-p 00000000 00:00 0 
7f2418994000-7f2418ac0000 ---p 00000000 00:00 0 
7f2418ac0000-7f2418aea000 rw-p 00000000 00:00 0 
7f2418aea000-7f2418c15000 ---p 00000000 00:00 0 
7f2418c15000-7f2418c59000 rw-p 00000000 00:00 0 
7f2418c59000-7f2418cc0000 ---p 00000000 00:00 0 
7f2418cc0000-7f2418cdb000 rw-p 00000000 00:00 0 
7f2418cdb000-7f2419081000 ---p 00000000 00:00 0 
7f2419081000-7f241909b000 r-xp 00000000 08:01 10092954                   /usr/lib/jvm/java-8-oracle/jre/lib/amd64/libzip.so
7f241909b000-7f241929b000 ---p 0001a000 08:01 10092954                   /usr/lib/jvm/java-8-oracle/jre/lib/amd64/libzip.so
7f241929b000-7f241929c000 rw-p 0001a000 08:01 10092954                   /usr/lib/jvm/java-8-oracle/jre/lib/amd64/libzip.so
7f241929c000-7f24192a7000 r-xp 00000000 08:01 7603299                    /lib/x86_64-linux-gnu/libnss_files-2.23.so
7f24192a7000-7f24194a6000 ---p 0000b000 08:01 7603299                    /lib/x86_64-linux-gnu/libnss_files-2.23.so
7f24194a6000-7f24194a7000 r--p 0000a000 08:01 7603299                    /lib/x86_64-linux-gnu/libnss_files-2.23.so
7f24194a7000-7f24194a8000 rw-p 0000b000 08:01 7603299                    /lib/x86_64-linux-gnu/libnss_files-2.23.so
7f24194a8000-7f24194ae000 rw-p 00000000 00:00 0 
7f24194ae000-7f24194b9000 r-xp 00000000 08:01 7603296                    /lib/x86_64-linux-gnu/libnss_nis-2.23.so
7f24194b9000-7f24196b8000 ---p 0000b000 08:01 7603296                    /lib/x86_64-linux-gnu/libnss_nis-2.23.so
7f24196b8000-7f24196b9000 r--p 0000a000 08:01 7603296                    /lib/x86_64-linux-gnu/libnss_nis-2.23.so
7f24196b9000-7f24196ba000 rw-p 0000b000 08:01 7603296                    /lib/x86_64-linux-gnu/libnss_nis-2.23.so
7f24196ba000-7f24196d0000 r-xp 00000000 08:01 7603294                    /lib/x86_64-linux-gnu/libnsl-2.23.so
7f24196d0000-7f24198d0000 ---p 00016000 08:01 7603294                    /lib/x86_64-linux-gnu/libnsl-2.23.so
7f24198d0000-7f24198d1000 r--p 00016000 08:01 7603294                    /lib/x86_64-linux-gnu/libnsl-2.23.so
7f24198d1000-7f24198d2000 rw-p 00017000 08:01 7603294                    /lib/x86_64-linux-gnu/libnsl-2.23.so
7f24198d2000-7f24198d4000 rw-p 00000000 00:00 0 
7f24198d4000-7f24198dc000 r-xp 00000000 08:01 7603292                    /lib/x86_64-linux-gnu/libnss_compat-2.23.so
7f24198dc000-7f2419adb000 ---p 00008000 08:01 7603292                    /lib/x86_64-linux-gnu/libnss_compat-2.23.so
7f2419adb000-7f2419adc000 r--p 00007000 08:01 7603292                    /lib/x86_64-linux-gnu/libnss_compat-2.23.so
7f2419adc000-7f2419add000 rw-p 00008000 08:01 7603292                    /lib/x86_64-linux-gnu/libnss_compat-2.23.so
7f2419add000-7f2419b07000 r-xp 00000000 08:01 10092949                   /usr/lib/jvm/java-8-oracle/jre/lib/amd64/libjava.so
7f2419b07000-7f2419d07000 ---p 0002a000 08:01 10092949                   /usr/lib/jvm/java-8-oracle/jre/lib/amd64/libjava.so
7f2419d07000-7f2419d09000 rw-p 0002a000 08:01 10092949                   /usr/lib/jvm/java-8-oracle/jre/lib/amd64/libjava.so
7f2419d09000-7f2419d16000 r-xp 00000000 08:01 10092953                   /usr/lib/jvm/java-8-oracle/jre/lib/amd64/libverify.so
7f2419d16000-7f2419f16000 ---p 0000d000 08:01 10092953                   /usr/lib/jvm/java-8-oracle/jre/lib/amd64/libverify.so
7f2419f16000-7f2419f18000 rw-p 0000d000 08:01 10092953                   /usr/lib/jvm/java-8-oracle/jre/lib/amd64/libverify.so
7f2419f18000-7f2419f1f000 r-xp 00000000 08:01 7603308                    /lib/x86_64-linux-gnu/librt-2.23.so
7f2419f1f000-7f241a11e000 ---p 00007000 08:01 7603308                    /lib/x86_64-linux-gnu/librt-2.23.so
7f241a11e000-7f241a11f000 r--p 00006000 08:01 7603308                    /lib/x86_64-linux-gnu/librt-2.23.so
7f241a11f000-7f241a120000 rw-p 00007000 08:01 7603308                    /lib/x86_64-linux-gnu/librt-2.23.so
7f241a120000-7f241a228000 r-xp 00000000 08:01 7603305                    /lib/x86_64-linux-gnu/libm-2.23.so
7f241a228000-7f241a427000 ---p 00108000 08:01 7603305                    /lib/x86_64-linux-gnu/libm-2.23.so
7f241a427000-7f241a428000 r--p 00107000 08:01 7603305                    /lib/x86_64-linux-gnu/libm-2.23.so
7f241a428000-7f241a429000 rw-p 00108000 08:01 7603305                    /lib/x86_64-linux-gnu/libm-2.23.so
7f241a429000-7f241b0e9000 r-xp 00000000 08:01 10092932                   /usr/lib/jvm/java-8-oracle/jre/lib/amd64/server/libjvm.so
7f241b0e9000-7f241b2e9000 ---p 00cc0000 08:01 10092932                   /usr/lib/jvm/java-8-oracle/jre/lib/amd64/server/libjvm.so
7f241b2e9000-7f241b3c1000 rw-p 00cc0000 08:01 10092932                   /usr/lib/jvm/java-8-oracle/jre/lib/amd64/server/libjvm.so
7f241b3c1000-7f241b40c000 rw-p 00000000 00:00 0 
7f241b40c000-7f241b5cc000 r-xp 00000000 08:01 7603313                    /lib/x86_64-linux-gnu/libc-2.23.so
7f241b5cc000-7f241b7cc000 ---p 001c0000 08:01 7603313                    /lib/x86_64-linux-gnu/libc-2.23.so
7f241b7cc000-7f241b7d0000 r--p 001c0000 08:01 7603313                    /lib/x86_64-linux-gnu/libc-2.23.so
7f241b7d0000-7f241b7d2000 rw-p 001c4000 08:01 7603313                    /lib/x86_64-linux-gnu/libc-2.23.so
7f241b7d2000-7f241b7d6000 rw-p 00000000 00:00 0 
7f241b7d6000-7f241b7d9000 r-xp 00000000 08:01 7603314                    /lib/x86_64-linux-gnu/libdl-2.23.so
7f241b7d9000-7f241b9d8000 ---p 00003000 08:01 7603314                    /lib/x86_64-linux-gnu/libdl-2.23.so
7f241b9d8000-7f241b9d9000 r--p 00002000 08:01 7603314                    /lib/x86_64-linux-gnu/libdl-2.23.so
7f241b9d9000-7f241b9da000 rw-p 00003000 08:01 7603314                    /lib/x86_64-linux-gnu/libdl-2.23.so
7f241b9da000-7f241b9ef000 r-xp 00000000 08:01 9840182                    /usr/lib/jvm/java-8-oracle/lib/amd64/jli/libjli.so
7f241b9ef000-7f241bbef000 ---p 00015000 08:01 9840182                    /usr/lib/jvm/java-8-oracle/lib/amd64/jli/libjli.so
7f241bbef000-7f241bbf0000 rw-p 00015000 08:01 9840182                    /usr/lib/jvm/java-8-oracle/lib/amd64/jli/libjli.so
7f241bbf0000-7f241bc08000 r-xp 00000000 08:01 7603312                    /lib/x86_64-linux-gnu/libpthread-2.23.so
7f241bc08000-7f241be07000 ---p 00018000 08:01 7603312                    /lib/x86_64-linux-gnu/libpthread-2.23.so
7f241be07000-7f241be08000 r--p 00017000 08:01 7603312                    /lib/x86_64-linux-gnu/libpthread-2.23.so
7f241be08000-7f241be09000 rw-p 00018000 08:01 7603312                    /lib/x86_64-linux-gnu/libpthread-2.23.so
7f241be09000-7f241be0d000 rw-p 00000000 00:00 0 
7f241be0d000-7f241be33000 r-xp 00000000 08:01 7603309                    /lib/x86_64-linux-gnu/ld-2.23.so
7f241be39000-7f241bf0b000 rw-p 00000000 00:00 0 
7f241bf0b000-7f241bf0e000 ---p 00000000 00:00 0 
7f241bf0e000-7f241c010000 rw-p 00000000 00:00 0 
7f241c012000-7f241c026000 rw-p 00000000 00:00 0 
7f241c026000-7f241c02e000 rw-s 00000000 08:01 161075                     /tmp/hsperfdata_oguz/17685
7f241c02e000-7f241c02f000 rw-p 00000000 00:00 0 
7f241c02f000-7f241c030000 ---p 00000000 00:00 0 
7f241c030000-7f241c032000 rw-p 00000000 00:00 0 
7f241c032000-7f241c033000 r--p 00025000 08:01 7603309                    /lib/x86_64-linux-gnu/ld-2.23.so
7f241c033000-7f241c034000 rw-p 00026000 08:01 7603309                    /lib/x86_64-linux-gnu/ld-2.23.so
7f241c034000-7f241c035000 rw-p 00000000 00:00 0 
7ffd43c87000-7ffd43ca8000 rw-p 00000000 00:00 0                          [stack]
7ffd43cc3000-7ffd43cc5000 r--p 00000000 00:00 0                          [vvar]
7ffd43cc5000-7ffd43cc7000 r-xp 00000000 00:00 0                          [vdso]
ffffffffff600000-ffffffffff601000 r-xp 00000000 00:00 0                  [vsyscall]

VM Arguments:
jvm_args: -Djava.awt.headless=true -Xmx1024M -Dfile.encoding=UTF-8 -Duser.country=TR -Duser.language=tr -Duser.variant 
java_command: com.android.dx.command.Main --dex --force-jumbo --num-threads=4 --multi-dex --output /home/oguz/AndroidStudioProjects/FomApplication/app/build/intermediates/transforms/dex/debug/folders/1000/10/com.android.support-support-v4-23.1.1_62ec5c31f2c138a943bbffaf8c56c3379d32078a /home/oguz/AndroidStudioProjects/FomApplication/app/build/intermediates/exploded-aar/com.android.support/support-v4/23.1.1/jars/classes.jar
java_class_path (initial): /home/oguz/Android/Sdk/build-tools/23.0.3/lib/dx.jar
Launcher Type: SUN_STANDARD

Environment Variables:
PATH=/usr/local/sbin:/usr/local/bin:/usr/sbin:/usr/bin:/sbin:/bin:/usr/games:/usr/local/games:/snap/bin
LD_LIBRARY_PATH=/home/oguz/Masaüstü/Derleyiciler/android-studio/bin:
SHELL=/bin/bash
DISPLAY=:0

Signal Handlers:
SIGSEGV: [libjvm.so+0xabca10], sa_mask[0]=11111111011111111101111111111110, sa_flags=SA_RESTART|SA_SIGINFO
SIGBUS: [libjvm.so+0xabca10], sa_mask[0]=11111111011111111101111111111110, sa_flags=SA_RESTART|SA_SIGINFO
SIGFPE: [libjvm.so+0x919a20], sa_mask[0]=11111111011111111101111111111110, sa_flags=SA_RESTART|SA_SIGINFO
SIGPIPE: [libjvm.so+0x919a20], sa_mask[0]=11111111011111111101111111111110, sa_flags=SA_RESTART|SA_SIGINFO
SIGXFSZ: [libjvm.so+0x919a20], sa_mask[0]=11111111011111111101111111111110, sa_flags=SA_RESTART|SA_SIGINFO
SIGILL: [libjvm.so+0x919a20], sa_mask[0]=11111111011111111101111111111110, sa_flags=SA_RESTART|SA_SIGINFO
SIGUSR1: SIG_DFL, sa_mask[0]=00000000000000000000000000000000, sa_flags=none
SIGUSR2: [libjvm.so+0x91b050], sa_mask[0]=00100000000000000000000000000000, sa_flags=SA_RESTART|SA_SIGINFO
SIGHUP: [libjvm.so+0x91c450], sa_mask[0]=11111111011111111101111111111110, sa_flags=SA_RESTART|SA_SIGINFO
SIGINT: [libjvm.so+0x91c450], sa_mask[0]=11111111011111111101111111111110, sa_flags=SA_RESTART|SA_SIGINFO
SIGTERM: [libjvm.so+0x91c450], sa_mask[0]=11111111011111111101111111111110, sa_flags=SA_RESTART|SA_SIGINFO
SIGQUIT: [libjvm.so+0x91c450], sa_mask[0]=11111111011111111101111111111110, sa_flags=SA_RESTART|SA_SIGINFO


---------------  S Y S T E M  ---------------

OS:DISTRIB_ID=Ubuntu
DISTRIB_RELEASE=16.04
DISTRIB_CODENAME=xenial
DISTRIB_DESCRIPTION="Ubuntu Xenial Xerus (development branch)"

uname:Linux 4.4.0-22-generic #39-Ubuntu SMP Thu May 5 16:53:32 UTC 2016 x86_64
libc:glibc 2.23 NPTL 2.23 
rlimit: STACK 8192k, CORE 0k, NPROC 31498, NOFILE 65536, AS infinity
load average:12,92 5,65 2,69

/proc/meminfo:
MemTotal:        8101800 kB
MemFree:           54692 kB
MemAvailable:     165184 kB
Buffers:           13624 kB
Cached:           475016 kB
SwapCached:            0 kB
Active:          7418232 kB
Inactive:         405012 kB
Active(anon):    7362936 kB
Inactive(anon):   359196 kB
Active(file):      55296 kB
Inactive(file):    45816 kB
Unevictable:          88 kB
Mlocked:              88 kB
SwapTotal:             0 kB
SwapFree:              0 kB
Dirty:              7076 kB
Writeback:             0 kB
AnonPages:       7333768 kB
Mapped:           158244 kB
Shmem:            387984 kB
Slab:             103644 kB
SReclaimable:      51752 kB
SUnreclaim:        51892 kB
KernelStack:       17840 kB
PageTables:        57104 kB
NFS_Unstable:          0 kB
Bounce:                0 kB
WritebackTmp:          0 kB
CommitLimit:     4050900 kB
Committed_AS:   12916776 kB
VmallocTotal:   34359738367 kB
VmallocUsed:           0 kB
VmallocChunk:          0 kB
HardwareCorrupted:     0 kB
AnonHugePages:   5287936 kB
CmaTotal:              0 kB
CmaFree:               0 kB
HugePages_Total:       0
HugePages_Free:        0
HugePages_Rsvd:        0
HugePages_Surp:        0
Hugepagesize:       2048 kB
DirectMap4k:      156416 kB
DirectMap2M:     7110656 kB
DirectMap1G:     2097152 kB


CPU:total 8 (4 cores per cpu, 2 threads per core) family 6 model 60 stepping 3, cmov, cx8, fxsr, mmx, sse, sse2, sse3, ssse3, sse4.1, sse4.2, popcnt, avx, avx2, aes, clmul, erms, lzcnt, ht, tsc, tscinvbit, bmi1, bmi2

/proc/cpuinfo:
processor	: 0
vendor_id	: GenuineIntel
cpu family	: 6
model		: 60
model name	: Intel(R) Core(TM) i7-4700MQ CPU @ 2.40GHz
stepping	: 3
microcode	: 0x16
cpu MHz		: 2691.750
cache size	: 6144 KB
physical id	: 0
siblings	: 8
core id		: 0
cpu cores	: 4
apicid		: 0
initial apicid	: 0
fpu		: yes
fpu_exception	: yes
cpuid level	: 13
wp		: yes
flags		: fpu vme de pse tsc msr pae mce cx8 apic sep mtrr pge mca cmov pat pse36 clflush dts acpi mmx fxsr sse sse2 ss ht tm pbe syscall nx pdpe1gb rdtscp lm constant_tsc arch_perfmon pebs bts rep_good nopl xtopology nonstop_tsc aperfmperf eagerfpu pni pclmulqdq dtes64 monitor ds_cpl vmx est tm2 ssse3 sdbg fma cx16 xtpr pdcm pcid sse4_1 sse4_2 movbe popcnt tsc_deadline_timer aes xsave avx f16c rdrand lahf_lm abm epb tpr_shadow vnmi flexpriority ept vpid fsgsbase tsc_adjust bmi1 avx2 smep bmi2 erms invpcid xsaveopt dtherm ida arat pln pts
bugs		:
bogomips	: 4789.08
clflush size	: 64
cache_alignment	: 64
address sizes	: 39 bits physical, 48 bits virtual
power management:

processor	: 1
vendor_id	: GenuineIntel
cpu family	: 6
model		: 60
model name	: Intel(R) Core(TM) i7-4700MQ CPU @ 2.40GHz
stepping	: 3
microcode	: 0x16
cpu MHz		: 2691.750
cache size	: 6144 KB
physical id	: 0
siblings	: 8
core id		: 0
cpu cores	: 4
apicid		: 1
initial apicid	: 1
fpu		: yes
fpu_exception	: yes
cpuid level	: 13
wp		: yes
flags		: fpu vme de pse tsc msr pae mce cx8 apic sep mtrr pge mca cmov pat pse36 clflush dts acpi mmx fxsr sse sse2 ss ht tm pbe syscall nx pdpe1gb rdtscp lm constant_tsc arch_perfmon pebs bts rep_good nopl xtopology nonstop_tsc aperfmperf eagerfpu pni pclmulqdq dtes64 monitor ds_cpl vmx est tm2 ssse3 sdbg fma cx16 xtpr pdcm pcid sse4_1 sse4_2 movbe popcnt tsc_deadline_timer aes xsave avx f16c rdrand lahf_lm abm epb tpr_shadow vnmi flexpriority ept vpid fsgsbase tsc_adjust bmi1 avx2 smep bmi2 erms invpcid xsaveopt dtherm ida arat pln pts
bugs		:
bogomips	: 4789.08
clflush size	: 64
cache_alignment	: 64
address sizes	: 39 bits physical, 48 bits virtual
power management:

processor	: 2
vendor_id	: GenuineIntel
cpu family	: 6
model		: 60
model name	: Intel(R) Core(TM) i7-4700MQ CPU @ 2.40GHz
stepping	: 3
microcode	: 0x16
cpu MHz		: 2691.750
cache size	: 6144 KB
physical id	: 0
siblings	: 8
core id		: 1
cpu cores	: 4
apicid		: 2
initial apicid	: 2
fpu		: yes
fpu_exception	: yes
cpuid level	: 13
wp		: yes
flags		: fpu vme de pse tsc msr pae mce cx8 apic sep mtrr pge mca cmov pat pse36 clflush dts acpi mmx fxsr sse sse2 ss ht tm pbe syscall nx pdpe1gb rdtscp lm constant_tsc arch_perfmon pebs bts rep_good nopl xtopology nonstop_tsc aperfmperf eagerfpu pni pclmulqdq dtes64 monitor ds_cpl vmx est tm2 ssse3 sdbg fma cx16 xtpr pdcm pcid sse4_1 sse4_2 movbe popcnt tsc_deadline_timer aes xsave avx f16c rdrand lahf_lm abm epb tpr_shadow vnmi flexpriority ept vpid fsgsbase tsc_adjust bmi1 avx2 smep bmi2 erms invpcid xsaveopt dtherm ida arat pln pts
bugs		:
bogomips	: 4789.08
clflush size	: 64
cache_alignment	: 64
address sizes	: 39 bits physical, 48 bits virtual
power management:

processor	: 3
vendor_id	: GenuineIntel
cpu family	: 6
model		: 60
model name	: Intel(R) Core(TM) i7-4700MQ CPU @ 2.40GHz
stepping	: 3
microcode	: 0x16
cpu MHz		: 2691.750
cache size	: 6144 KB
physical id	: 0
siblings	: 8
core id		: 1
cpu cores	: 4
apicid		: 3
initial apicid	: 3
fpu		: yes
fpu_exception	: yes
cpuid level	: 13
wp		: yes
flags		: fpu vme de pse tsc msr pae mce cx8 apic sep mtrr pge mca cmov pat pse36 clflush dts acpi mmx fxsr sse sse2 ss ht tm pbe syscall nx pdpe1gb rdtscp lm constant_tsc arch_perfmon pebs bts rep_good nopl xtopology nonstop_tsc aperfmperf eagerfpu pni pclmulqdq dtes64 monitor ds_cpl vmx est tm2 ssse3 sdbg fma cx16 xtpr pdcm pcid sse4_1 sse4_2 movbe popcnt tsc_deadline_timer aes xsave avx f16c rdrand lahf_lm abm epb tpr_shadow vnmi flexpriority ept vpid fsgsbase tsc_adjust bmi1 avx2 smep bmi2 erms invpcid xsaveopt dtherm ida arat pln pts
bugs		:
bogomips	: 4789.08
clflush size	: 64
cache_alignment	: 64
address sizes	: 39 bits physical, 48 bits virtual
power management:

processor	: 4
vendor_id	: GenuineIntel
cpu family	: 6
model		: 60
model name	: Intel(R) Core(TM) i7-4700MQ CPU @ 2.40GHz
stepping	: 3
microcode	: 0x16
cpu MHz		: 2691.750
cache size	: 6144 KB
physical id	: 0
siblings	: 8
core id		: 2
cpu cores	: 4
apicid		: 4
initial apicid	: 4
fpu		: yes
fpu_exception	: yes
cpuid level	: 13
wp		: yes
flags		: fpu vme de pse tsc msr pae mce cx8 apic sep mtrr pge mca cmov pat pse36 clflush dts acpi mmx fxsr sse sse2 ss ht tm pbe syscall nx pdpe1gb rdtscp lm constant_tsc arch_perfmon pebs bts rep_good nopl xtopology nonstop_tsc aperfmperf eagerfpu pni pclmulqdq dtes64 monitor ds_cpl vmx est tm2 ssse3 sdbg fma cx16 xtpr pdcm pcid sse4_1 sse4_2 movbe popcnt tsc_deadline_timer aes xsave avx f16c rdrand lahf_lm abm epb tpr_shadow vnmi flexpriority ept vpid fsgsbase tsc_adjust bmi1 avx2 smep bmi2 erms invpcid xsaveopt dtherm ida arat pln pts
bugs		:
bogomips	: 4789.08
clflush size	: 64
cache_alignment	: 64
address sizes	: 39 bits physical, 48 bits virtual
power management:

processor	: 5
vendor_id	: GenuineIntel
cpu family	: 6
model		: 60
model name	: Intel(R) Core(TM) i7-4700MQ CPU @ 2.40GHz
stepping	: 3
microcode	: 0x16
cpu MHz		: 2691.750
cache size	: 6144 KB
physical id	: 0
siblings	: 8
core id		: 2
cpu cores	: 4
apicid		: 5
initial apicid	: 5
fpu		: yes
fpu_exception	: yes
cpuid level	: 13
wp		: yes
flags		: fpu vme de pse tsc msr pae mce cx8 apic sep mtrr pge mca cmov pat pse36 clflush dts acpi mmx fxsr sse sse2 ss ht tm pbe syscall nx pdpe1gb rdtscp lm constant_tsc arch_perfmon pebs bts rep_good nopl xtopology nonstop_tsc aperfmperf eagerfpu pni pclmulqdq dtes64 monitor ds_cpl vmx est tm2 ssse3 sdbg fma cx16 xtpr pdcm pcid sse4_1 sse4_2 movbe popcnt tsc_deadline_timer aes xsave avx f16c rdrand lahf_lm abm epb tpr_shadow vnmi flexpriority ept vpid fsgsbase tsc_adjust bmi1 avx2 smep bmi2 erms invpcid xsaveopt dtherm ida arat pln pts
bugs		:
bogomips	: 4789.08
clflush size	: 64
cache_alignment	: 64
address sizes	: 39 bits physical, 48 bits virtual
power management:

processor	: 6
vendor_id	: GenuineIntel
cpu family	: 6
model		: 60
model name	: Intel(R) Core(TM) i7-4700MQ CPU @ 2.40GHz
stepping	: 3
microcode	: 0x16
cpu MHz		: 2691.750
cache size	: 6144 KB
physical id	: 0
siblings	: 8
core id		: 3
cpu cores	: 4
apicid		: 6
initial apicid	: 6
fpu		: yes
fpu_exception	: yes
cpuid level	: 13
wp		: yes
flags		: fpu vme de pse tsc msr pae mce cx8 apic sep mtrr pge mca cmov pat pse36 clflush dts acpi mmx fxsr sse sse2 ss ht tm pbe syscall nx pdpe1gb rdtscp lm constant_tsc arch_perfmon pebs bts rep_good nopl xtopology nonstop_tsc aperfmperf eagerfpu pni pclmulqdq dtes64 monitor ds_cpl vmx est tm2 ssse3 sdbg fma cx16 xtpr pdcm pcid sse4_1 sse4_2 movbe popcnt tsc_deadline_timer aes xsave avx f16c rdrand lahf_lm abm epb tpr_shadow vnmi flexpriority ept vpid fsgsbase tsc_adjust bmi1 avx2 smep bmi2 erms invpcid xsaveopt dtherm ida arat pln pts
bugs		:
bogomips	: 4789.08
clflush size	: 64
cache_alignment	: 64
address sizes	: 39 bits physical, 48 bits virtual
power management:

processor	: 7
vendor_id	: GenuineIntel
cpu family	: 6
model		: 60
model name	: Intel(R) Core(TM) i7-4700MQ CPU @ 2.40GHz
stepping	: 3
microcode	: 0x16
cpu MHz		: 2691.750
cache size	: 6144 KB
physical id	: 0
siblings	: 8
core id		: 3
cpu cores	: 4
apicid		: 7
initial apicid	: 7
fpu		: yes
fpu_exception	: yes
cpuid level	: 13
wp		: yes
flags		: fpu vme de pse tsc msr pae mce cx8 apic sep mtrr pge mca cmov pat pse36 clflush dts acpi mmx fxsr sse sse2 ss ht tm pbe syscall nx pdpe1gb rdtscp lm constant_tsc arch_perfmon pebs bts rep_good nopl xtopology nonstop_tsc aperfmperf eagerfpu pni pclmulqdq dtes64 monitor ds_cpl vmx est tm2 ssse3 sdbg fma cx16 xtpr pdcm pcid sse4_1 sse4_2 movbe popcnt tsc_deadline_timer aes xsave avx f16c rdrand lahf_lm abm epb tpr_shadow vnmi flexpriority ept vpid fsgsbase tsc_adjust bmi1 avx2 smep bmi2 erms invpcid xsaveopt dtherm ida arat pln pts
bugs		:
bogomips	: 4789.08
clflush size	: 64
cache_alignment	: 64
address sizes	: 39 bits physical, 48 bits virtual
power management:



Memory: 4k page, physical 8101800k(54692k free), swap 0k(0k free)

vm_info: Java HotSpot(TM) 64-Bit Server VM (25.91-b14) for linux-amd64 JRE (1.8.0_91-b14), built on Apr  1 2016 00:57:21 by "java_re" with gcc 4.3.0 20080428 (Red Hat 4.3.0-8)

time: Tue Jul 19 12:04:29 2016
elapsed time: 5 seconds (0d 0h 0m 5s)

