#
# There is insufficient memory for the Java Runtime Environment to continue.
# Native memory allocation (mmap) failed to map 173015040 bytes for committing reserved memory.
# Possible reasons:
#   The system is out of physical RAM or swap space
#   In 32 bit mode, the process size limit was hit
# Possible solutions:
#   Reduce memory load on the system
#   Increase physical memory or swap space
#   Check if swap backing store is full
#   Use 64 bit Java on a 64 bit OS
#   Decrease Java heap size (-Xmx/-Xms)
#   Decrease number of Java threads
#   Decrease Java thread stack sizes (-Xss)
#   Set larger code cache with -XX:ReservedCodeCacheSize=
# This output file may be truncated or incomplete.
#
#  Out of Memory Error (os_linux.cpp:2627), pid=15061, tid=139947083994880
#
# JRE version: Java(TM) SE Runtime Environment (8.0_91-b14) (build 1.8.0_91-b14)
# Java VM: Java HotSpot(TM) 64-Bit Server VM (25.91-b14 mixed mode linux-amd64 compressed oops)
# Failed to write core dump. Core dumps have been disabled. To enable core dumping, try "ulimit -c unlimited" before starting Java again
#

---------------  T H R E A D  ---------------

Current thread (0x00007f482c080000):  VMThread [stack: 0x00007f47f82a9000,0x00007f47f83aa000] [id=15110]

Stack: [0x00007f47f82a9000,0x00007f47f83aa000],  sp=0x00007f47f83a80a0,  free space=1020k
Native frames: (J=compiled Java code, j=interpreted, Vv=VM code, C=native code)
V  [libjvm.so+0xabc18a]  VMError::report_and_die()+0x2ba
V  [libjvm.so+0x4fafeb]  report_vm_out_of_memory(char const*, int, unsigned long, VMErrorType, char const*)+0x8b
V  [libjvm.so+0x91cbb3]  os::Linux::commit_memory_impl(char*, unsigned long, bool)+0x103
V  [libjvm.so+0x91d109]  os::pd_commit_memory(char*, unsigned long, unsigned long, bool)+0x29
V  [libjvm.so+0x91740a]  os::commit_memory(char*, unsigned long, unsigned long, bool)+0x2a
V  [libjvm.so+0x98b033]  PSVirtualSpace::expand_by(unsigned long)+0x53
V  [libjvm.so+0x98c438]  PSYoungGen::resize_generation(unsigned long, unsigned long)+0xf8
V  [libjvm.so+0x98b592]  PSYoungGen::resize(unsigned long, unsigned long)+0x22
V  [libjvm.so+0x98886b]  PSScavenge::invoke_no_policy()+0xf3b
V  [libjvm.so+0x988ff1]  PSScavenge::invoke()+0x41
V  [libjvm.so+0x9408b0]  ParallelScavengeHeap::failed_mem_allocate(unsigned long)+0x70
V  [libjvm.so+0xabdba7]  VM_ParallelGCFailedAllocation::doit()+0x97
V  [libjvm.so+0xac55d5]  VM_Operation::evaluate()+0x55
V  [libjvm.so+0xac39aa]  VMThread::evaluate_operation(VM_Operation*)+0xba
V  [libjvm.so+0xac3d2e]  VMThread::loop()+0x1ce
V  [libjvm.so+0xac41a0]  VMThread::run()+0x70
V  [libjvm.so+0x91ef78]  java_start(Thread*)+0x108

VM_Operation (0x00007f47eb1bbd50): ParallelGCFailedAllocation, mode: safepoint, requested by thread 0x00007f482c1e2800


---------------  P R O C E S S  ---------------

Java Threads: ( => current thread )
  0x00007f482c1e3800 JavaThread "pool-2-thread-4" [_thread_blocked, id=15164, stack(0x00007f47eafbc000,0x00007f47eb0bd000)]
  0x00007f482c1e2800 JavaThread "pool-2-thread-3" [_thread_blocked, id=15163, stack(0x00007f47eb0bd000,0x00007f47eb1be000)]
  0x00007f482c1e1000 JavaThread "pool-2-thread-2" [_thread_blocked, id=15162, stack(0x00007f47eb1be000,0x00007f47eb2bf000)]
  0x00007f482c1d3000 JavaThread "pool-3-thread-1" [_thread_blocked, id=15161, stack(0x00007f47eb2bf000,0x00007f47eb3c0000)]
  0x00007f482c152000 JavaThread "pool-2-thread-1" [_thread_blocked, id=15160, stack(0x00007f47eb3c0000,0x00007f47eb4c1000)]
  0x00007f482c0d4000 JavaThread "Service Thread" daemon [_thread_blocked, id=15143, stack(0x00007f47eb5c2000,0x00007f47eb6c3000)]
  0x00007f482c0c9000 JavaThread "C1 CompilerThread3" daemon [_thread_blocked, id=15135, stack(0x00007f47eb6c3000,0x00007f47eb7c4000)]
  0x00007f482c0c6800 JavaThread "C2 CompilerThread2" daemon [_thread_blocked, id=15134, stack(0x00007f47eb7c4000,0x00007f47eb8c5000)]
  0x00007f482c0c5000 JavaThread "C2 CompilerThread1" daemon [_thread_blocked, id=15131, stack(0x00007f47eb8c5000,0x00007f47eb9c6000)]
  0x00007f482c0c2000 JavaThread "C2 CompilerThread0" daemon [_thread_blocked, id=15128, stack(0x00007f47eb9c6000,0x00007f47ebac7000)]
  0x00007f482c0c0800 JavaThread "Signal Dispatcher" daemon [_thread_blocked, id=15125, stack(0x00007f47ebac7000,0x00007f47ebbc8000)]
  0x00007f482c08c800 JavaThread "Finalizer" daemon [_thread_blocked, id=15119, stack(0x00007f47f80a7000,0x00007f47f81a8000)]
  0x00007f482c087800 JavaThread "Reference Handler" daemon [_thread_blocked, id=15112, stack(0x00007f47f81a8000,0x00007f47f82a9000)]
  0x00007f482c00a000 JavaThread "main" [_thread_blocked, id=15074, stack(0x00007f4833a02000,0x00007f4833b03000)]

Other Threads:
=>0x00007f482c080000 VMThread [stack: 0x00007f47f82a9000,0x00007f47f83aa000] [id=15110]
  0x00007f482c0d7000 WatcherThread [stack: 0x00007f47eb4c1000,0x00007f47eb5c2000] [id=15144]

VM state:at safepoint (normal execution)

VM Mutex/Monitor currently owned by a thread:  ([mutex/lock_event])
[0x00007f482c006570] Threads_lock - owner thread: 0x00007f482c080000
[0x00007f482c006a70] Heap_lock - owner thread: 0x00007f482c1e2800

Heap:
 PSYoungGen      total 132096K, used 5110K [0x00000000eab00000, 0x00000000f3100000, 0x0000000100000000)
  eden space 126976K, 0% used [0x00000000eab00000,0x00000000eab00000,0x00000000f2700000)
  from space 5120K, 99% used [0x00000000f2700000,0x00000000f2bfd990,0x00000000f2c00000)
  to   space 5120K, 0% used [0x00000000f2c00000,0x00000000f2c00000,0x00000000f3100000)
 ParOldGen       total 84992K, used 44036K [0x00000000c0000000, 0x00000000c5300000, 0x00000000eab00000)
  object space 84992K, 51% used [0x00000000c0000000,0x00000000c2b013a8,0x00000000c5300000)
 Metaspace       used 6230K, capacity 7088K, committed 7296K, reserved 1056768K
  class space    used 591K, capacity 616K, committed 640K, reserved 1048576K

Card table byte_map: [0x00007f48305b7000,0x00007f48307b8000] byte_map_base: 0x00007f482ffb7000

Marking Bits: (ParMarkBitMap*) 0x00007f4832ed6d60
 Begin Bits: [0x00007f47fa000000, 0x00007f47fb000000)
 End Bits:   [0x00007f47fb000000, 0x00007f47fc000000)

Polling page: 0x00007f4833b26000

CodeCache: size=245760Kb used=6198Kb max_used=6198Kb free=239561Kb
 bounds [0x00007f481d000000, 0x00007f481d620000, 0x00007f482c000000]
 total_blobs=2047 nmethods=1780 adapters=181
 compilation: enabled

Compilation events (10 events):
Event: 3.038 Thread 0x00007f482c0c9000 1929       2       com.android.dx.dex.file.ClassDataItem::addStaticField (51 bytes)
Event: 3.039 Thread 0x00007f482c0c9000 nmethod 1929 0x00007f481d610790 code [0x00007f481d610980, 0x00007f481d610f28]
Event: 3.039 Thread 0x00007f482c0c9000 1930       2       com.android.dx.dex.file.EncodedField::hashCode (8 bytes)
Event: 3.039 Thread 0x00007f482c0c9000 nmethod 1930 0x00007f481d611850 code [0x00007f481d6119e0, 0x00007f481d611c08]
Event: 3.039 Thread 0x00007f482c0c9000 1931       2       com.android.dx.rop.cst.CstMemberRef::hashCode (19 bytes)
Event: 3.040 Thread 0x00007f482c0c9000 nmethod 1931 0x00007f481d611f50 code [0x00007f481d6120e0, 0x00007f481d612308]
Event: 3.040 Thread 0x00007f482c0c9000 1932       2       com.android.dx.rop.cst.CstNat::hashCode (19 bytes)
Event: 3.040 Thread 0x00007f482c0c9000 nmethod 1932 0x00007f481d6125d0 code [0x00007f481d612740, 0x00007f481d612918]
Event: 3.040 Thread 0x00007f482c0c9000 1937       2       com.android.dx.cf.iface.StdField::getConstantValue (28 bytes)
Event: 3.040 Thread 0x00007f482c0c9000 nmethod 1937 0x00007f481d612a90 code [0x00007f481d612c00, 0x00007f481d612e08]

GC Heap History (9 events):
Event: 0.911 GC heap before
{Heap before GC invocations=1 (full 0):
 PSYoungGen      total 36864K, used 31744K [0x00000000eab00000, 0x00000000ed400000, 0x0000000100000000)
  eden space 31744K, 100% used [0x00000000eab00000,0x00000000eca00000,0x00000000eca00000)
  from space 5120K, 0% used [0x00000000ecf00000,0x00000000ecf00000,0x00000000ed400000)
  to   space 5120K, 0% used [0x00000000eca00000,0x00000000eca00000,0x00000000ecf00000)
 ParOldGen       total 84992K, used 0K [0x00000000c0000000, 0x00000000c5300000, 0x00000000eab00000)
  object space 84992K, 0% used [0x00000000c0000000,0x00000000c0000000,0x00000000c5300000)
 Metaspace       used 5805K, capacity 6768K, committed 7040K, reserved 1056768K
  class space    used 590K, capacity 616K, committed 640K, reserved 1048576K
Event: 0.970 GC heap after
Heap after GC invocations=1 (full 0):
 PSYoungGen      total 36864K, used 5099K [0x00000000eab00000, 0x00000000ef300000, 0x0000000100000000)
  eden space 31744K, 0% used [0x00000000eab00000,0x00000000eab00000,0x00000000eca00000)
  from space 5120K, 99% used [0x00000000eca00000,0x00000000ecefae00,0x00000000ecf00000)
  to   space 5120K, 0% used [0x00000000eee00000,0x00000000eee00000,0x00000000ef300000)
 ParOldGen       total 84992K, used 1148K [0x00000000c0000000, 0x00000000c5300000, 0x00000000eab00000)
  object space 84992K, 1% used [0x00000000c0000000,0x00000000c011f0d0,0x00000000c5300000)
 Metaspace       used 5805K, capacity 6768K, committed 7040K, reserved 1056768K
  class space    used 590K, capacity 616K, committed 640K, reserved 1048576K
}
Event: 1.252 GC heap before
{Heap before GC invocations=2 (full 0):
 PSYoungGen      total 36864K, used 36843K [0x00000000eab00000, 0x00000000ef300000, 0x0000000100000000)
  eden space 31744K, 100% used [0x00000000eab00000,0x00000000eca00000,0x00000000eca00000)
  from space 5120K, 99% used [0x00000000eca00000,0x00000000ecefae00,0x00000000ecf00000)
  to   space 5120K, 0% used [0x00000000eee00000,0x00000000eee00000,0x00000000ef300000)
 ParOldGen       total 84992K, used 1148K [0x00000000c0000000, 0x00000000c5300000, 0x00000000eab00000)
  object space 84992K, 1% used [0x00000000c0000000,0x00000000c011f0d0,0x00000000c5300000)
 Metaspace       used 5997K, capacity 6960K, committed 7040K, reserved 1056768K
  class space    used 591K, capacity 616K, committed 640K, reserved 1048576K
Event: 1.294 GC heap after
Heap after GC invocations=2 (full 0):
 PSYoungGen      total 68608K, used 5105K [0x00000000eab00000, 0x00000000ef300000, 0x0000000100000000)
  eden space 63488K, 0% used [0x00000000eab00000,0x00000000eab00000,0x00000000ee900000)
  from space 5120K, 99% used [0x00000000eee00000,0x00000000ef2fc500,0x00000000ef300000)
  to   space 5120K, 0% used [0x00000000ee900000,0x00000000ee900000,0x00000000eee00000)
 ParOldGen       total 84992K, used 5795K [0x00000000c0000000, 0x00000000c5300000, 0x00000000eab00000)
  object space 84992K, 6% used [0x00000000c0000000,0x00000000c05a8f78,0x00000000c5300000)
 Metaspace       used 5997K, capacity 6960K, committed 7040K, reserved 1056768K
  class space    used 591K, capacity 616K, committed 640K, reserved 1048576K
}
Event: 1.824 GC heap before
{Heap before GC invocations=3 (full 0):
 PSYoungGen      total 68608K, used 68593K [0x00000000eab00000, 0x00000000ef300000, 0x0000000100000000)
  eden space 63488K, 100% used [0x00000000eab00000,0x00000000ee900000,0x00000000ee900000)
  from space 5120K, 99% used [0x00000000eee00000,0x00000000ef2fc500,0x00000000ef300000)
  to   space 5120K, 0% used [0x00000000ee900000,0x00000000ee900000,0x00000000eee00000)
 ParOldGen       total 84992K, used 5795K [0x00000000c0000000, 0x00000000c5300000, 0x00000000eab00000)
  object space 84992K, 6% used [0x00000000c0000000,0x00000000c05a8f78,0x00000000c5300000)
 Metaspace       used 6045K, capacity 6960K, committed 7040K, reserved 1056768K
  class space    used 591K, capacity 616K, committed 640K, reserved 1048576K
Event: 1.923 GC heap after
Heap after GC invocations=3 (full 0):
 PSYoungGen      total 68608K, used 5095K [0x00000000eab00000, 0x00000000f3100000, 0x0000000100000000)
  eden space 63488K, 0% used [0x00000000eab00000,0x00000000eab00000,0x00000000ee900000)
  from space 5120K, 99% used [0x00000000ee900000,0x00000000eedf9c30,0x00000000eee00000)
  to   space 5120K, 0% used [0x00000000f2c00000,0x00000000f2c00000,0x00000000f3100000)
 ParOldGen       total 84992K, used 14819K [0x00000000c0000000, 0x00000000c5300000, 0x00000000eab00000)
  object space 84992K, 17% used [0x00000000c0000000,0x00000000c0e78c10,0x00000000c5300000)
 Metaspace       used 6045K, capacity 6960K, committed 7040K, reserved 1056768K
  class space    used 591K, capacity 616K, committed 640K, reserved 1048576K
}
Event: 2.284 GC heap before
{Heap before GC invocations=4 (full 0):
 PSYoungGen      total 68608K, used 68583K [0x00000000eab00000, 0x00000000f3100000, 0x0000000100000000)
  eden space 63488K, 100% used [0x00000000eab00000,0x00000000ee900000,0x00000000ee900000)
  from space 5120K, 99% used [0x00000000ee900000,0x00000000eedf9c30,0x00000000eee00000)
  to   space 5120K, 0% used [0x00000000f2c00000,0x00000000f2c00000,0x00000000f3100000)
 ParOldGen       total 84992K, used 14819K [0x00000000c0000000, 0x00000000c5300000, 0x00000000eab00000)
  object space 84992K, 17% used [0x00000000c0000000,0x00000000c0e78c10,0x00000000c5300000)
 Metaspace       used 6103K, capacity 7024K, committed 7296K, reserved 1056768K
  class space    used 591K, capacity 616K, committed 640K, reserved 1048576K
Event: 2.340 GC heap after
Heap after GC invocations=4 (full 0):
 PSYoungGen      total 132096K, used 5112K [0x00000000eab00000, 0x00000000f3100000, 0x0000000100000000)
  eden space 126976K, 0% used [0x00000000eab00000,0x00000000eab00000,0x00000000f2700000)
  from space 5120K, 99% used [0x00000000f2c00000,0x00000000f30fe078,0x00000000f3100000)
  to   space 5120K, 0% used [0x00000000f2700000,0x00000000f2700000,0x00000000f2c00000)
 ParOldGen       total 84992K, used 24260K [0x00000000c0000000, 0x00000000c5300000, 0x00000000eab00000)
  object space 84992K, 28% used [0x00000000c0000000,0x00000000c17b1380,0x00000000c5300000)
 Metaspace       used 6103K, capacity 7024K, committed 7296K, reserved 1056768K
  class space    used 591K, capacity 616K, committed 640K, reserved 1048576K
}
Event: 3.052 GC heap before
{Heap before GC invocations=5 (full 0):
 PSYoungGen      total 132096K, used 132088K [0x00000000eab00000, 0x00000000f3100000, 0x0000000100000000)
  eden space 126976K, 100% used [0x00000000eab00000,0x00000000f2700000,0x00000000f2700000)
  from space 5120K, 99% used [0x00000000f2c00000,0x00000000f30fe078,0x00000000f3100000)
  to   space 5120K, 0% used [0x00000000f2700000,0x00000000f2700000,0x00000000f2c00000)
 ParOldGen       total 84992K, used 24260K [0x00000000c0000000, 0x00000000c5300000, 0x00000000eab00000)
  object space 84992K, 28% used [0x00000000c0000000,0x00000000c17b1380,0x00000000c5300000)
 Metaspace       used 6230K, capacity 7088K, committed 7296K, reserved 1056768K
  class space    used 591K, capacity 616K, committed 640K, reserved 1048576K

Deoptimization events (10 events):
Event: 1.379 Thread 0x00007f482c1e3800 Uncommon trap: reason=null_check action=make_not_entrant pc=0x00007f481d257628 method=com.android.dx.rop.type.Type.equals(Ljava/lang/Object;)Z @ 8
Event: 1.673 Thread 0x00007f482c1e2800 Uncommon trap: reason=unstable_if action=reinterpret pc=0x00007f481d22b1dc method=com.android.dx.rop.cst.Constant.compareTo(Lcom/android/dx/rop/cst/Constant;)I @ 12
Event: 1.765 Thread 0x00007f482c00a000 Uncommon trap: reason=unstable_if action=reinterpret pc=0x00007f481d2d8604 method=com.android.dx.util.IntList.binarysearch(I)I @ 105
Event: 2.430 Thread 0x00007f482c152000 Uncommon trap: reason=bimorphic action=maybe_recompile pc=0x00007f481d256ba4 method=java.util.HashMap.getNode(ILjava/lang/Object;)Ljava/util/HashMap$Node; @ 126
Event: 2.430 Thread 0x00007f482c152000 Uncommon trap: reason=bimorphic action=maybe_recompile pc=0x00007f481d256ba4 method=java.util.HashMap.getNode(ILjava/lang/Object;)Ljava/util/HashMap$Node; @ 126
Event: 2.431 Thread 0x00007f482c152000 Uncommon trap: reason=bimorphic action=maybe_recompile pc=0x00007f481d216ba0 method=java.util.HashMap.getNode(ILjava/lang/Object;)Ljava/util/HashMap$Node; @ 126
Event: 2.431 Thread 0x00007f482c152000 Uncommon trap: reason=bimorphic action=maybe_recompile pc=0x00007f481d216ba0 method=java.util.HashMap.getNode(ILjava/lang/Object;)Ljava/util/HashMap$Node; @ 126
Event: 2.431 Thread 0x00007f482c152000 Uncommon trap: reason=bimorphic action=maybe_recompile pc=0x00007f481d256ba4 method=java.util.HashMap.getNode(ILjava/lang/Object;)Ljava/util/HashMap$Node; @ 126
Event: 2.441 Thread 0x00007f482c152000 Uncommon trap: reason=unstable_if action=reinterpret pc=0x00007f481d4d9b30 method=com.android.dx.cf.code.BytecodeArray.parseInstruction(ILcom/android/dx/cf/code/BytecodeArray$Visitor;)I @ 1198
Event: 2.654 Thread 0x00007f482c1e3800 Uncommon trap: reason=unstable_if action=reinterpret pc=0x00007f481d501fbc method=com.android.dx.ssa.LiteralOpUpgrader$1.visitNonMoveInsn(Lcom/android/dx/ssa/NormalSsaInsn;)V @ 176

Internal exceptions (3 events):
Event: 0.193 Thread 0x00007f482c00a000 Exception <a 'java/lang/NoSuchMethodError': Method sun.misc.Unsafe.defineClass(Ljava/lang/String;[BII)Ljava/lang/Class; name or signature does not match> (0x00000000eab07cc0) thrown at [/HUDSON/workspace/8-2-build-linux-amd64/jdk8u91/6644/hotspot/src/shar
Event: 0.193 Thread 0x00007f482c00a000 Exception <a 'java/lang/NoSuchMethodError': Method sun.misc.Unsafe.prefetchRead(Ljava/lang/Object;J)V name or signature does not match> (0x00000000eab07fa8) thrown at [/HUDSON/workspace/8-2-build-linux-amd64/jdk8u91/6644/hotspot/src/share/vm/prims/jni.cpp
Event: 1.379 Thread 0x00007f482c1e3800 Implicit null exception at 0x00007f481d257522 to 0x00007f481d25761b

Events (10 events):
Event: 2.900 Thread 0x00007f482c152000 DEOPT UNPACKING pc=0x00007f481d047633 sp=0x00007f47eb4be9e0 mode 0
Event: 2.921 Thread 0x00007f482c1e1000 DEOPT PACKING pc=0x00007f481d2a278d sp=0x00007f47eb2bcf00
Event: 2.921 Thread 0x00007f482c1e1000 DEOPT UNPACKING pc=0x00007f481d047633 sp=0x00007f47eb2bcc90 mode 0
Event: 2.964 Thread 0x00007f482c1e3800 DEOPT PACKING pc=0x00007f481d437628 sp=0x00007f47eb0bac10
Event: 2.964 Thread 0x00007f482c1e3800 DEOPT UNPACKING pc=0x00007f481d047633 sp=0x00007f47eb0ba940 mode 0
Event: 2.990 Thread 0x00007f482c1e2800 DEOPT PACKING pc=0x00007f481d2a278d sp=0x00007f47eb1bbf80
Event: 2.990 Thread 0x00007f482c1e2800 DEOPT UNPACKING pc=0x00007f481d047633 sp=0x00007f47eb1bbd10 mode 0
Event: 3.005 Thread 0x00007f482c1e3800 DEOPT PACKING pc=0x00007f481d3be16c sp=0x00007f47eb0baf50
Event: 3.005 Thread 0x00007f482c1e3800 DEOPT UNPACKING pc=0x00007f481d047633 sp=0x00007f47eb0bac50 mode 0
Event: 3.042 Executing VM operation: ParallelGCFailedAllocation


Dynamic libraries:
00400000-00401000 r-xp 00000000 08:01 9839507                            /usr/lib/jvm/java-8-oracle/bin/java
00600000-00601000 rw-p 00000000 08:01 9839507                            /usr/lib/jvm/java-8-oracle/bin/java
00ac0000-00ae1000 rw-p 00000000 00:00 0                                  [heap]
c0000000-c5300000 rw-p 00000000 00:00 0 
c5300000-eab00000 ---p 00000000 00:00 0 
eab00000-f3100000 rw-p 00000000 00:00 0 
fd600000-100000000 ---p 00000000 00:00 0 
100000000-1000a0000 rw-p 00000000 00:00 0 
1000a0000-140000000 ---p 00000000 00:00 0 
7f47b4000000-7f47b4021000 rw-p 00000000 00:00 0 
7f47b4021000-7f47b8000000 ---p 00000000 00:00 0 
7f47bc000000-7f47bc021000 rw-p 00000000 00:00 0 
7f47bc021000-7f47c0000000 ---p 00000000 00:00 0 
7f47c0000000-7f47c0021000 rw-p 00000000 00:00 0 
7f47c0021000-7f47c4000000 ---p 00000000 00:00 0 
7f47c4000000-7f47c4067000 rw-p 00000000 00:00 0 
7f47c4067000-7f47c8000000 ---p 00000000 00:00 0 
7f47c8000000-7f47c8021000 rw-p 00000000 00:00 0 
7f47c8021000-7f47cc000000 ---p 00000000 00:00 0 
7f47cc000000-7f47cc021000 rw-p 00000000 00:00 0 
7f47cc021000-7f47d0000000 ---p 00000000 00:00 0 
7f47d0000000-7f47d0021000 rw-p 00000000 00:00 0 
7f47d0021000-7f47d4000000 ---p 00000000 00:00 0 
7f47d4000000-7f47d4a8b000 rw-p 00000000 00:00 0 
7f47d4a8b000-7f47d8000000 ---p 00000000 00:00 0 
7f47d8000000-7f47d8921000 rw-p 00000000 00:00 0 
7f47d8921000-7f47dc000000 ---p 00000000 00:00 0 
7f47dc000000-7f47dc850000 rw-p 00000000 00:00 0 
7f47dc850000-7f47e0000000 ---p 00000000 00:00 0 
7f47e0000000-7f47e0763000 rw-p 00000000 00:00 0 
7f47e0763000-7f47e4000000 ---p 00000000 00:00 0 
7f47e4000000-7f47e4021000 rw-p 00000000 00:00 0 
7f47e4021000-7f47e8000000 ---p 00000000 00:00 0 
7f47eafbc000-7f47eafbf000 ---p 00000000 00:00 0 
7f47eafbf000-7f47eb0bd000 rw-p 00000000 00:00 0 
7f47eb0bd000-7f47eb0c0000 ---p 00000000 00:00 0 
7f47eb0c0000-7f47eb1be000 rw-p 00000000 00:00 0 
7f47eb1be000-7f47eb1c1000 ---p 00000000 00:00 0 
7f47eb1c1000-7f47eb2bf000 rw-p 00000000 00:00 0 
7f47eb2bf000-7f47eb2c2000 ---p 00000000 00:00 0 
7f47eb2c2000-7f47eb3c0000 rw-p 00000000 00:00 0 
7f47eb3c0000-7f47eb3c3000 ---p 00000000 00:00 0 
7f47eb3c3000-7f47eb4c1000 rw-p 00000000 00:00 0 
7f47eb4c1000-7f47eb4c2000 ---p 00000000 00:00 0 
7f47eb4c2000-7f47eb5c2000 rw-p 00000000 00:00 0 
7f47eb5c2000-7f47eb5c5000 ---p 00000000 00:00 0 
7f47eb5c5000-7f47eb6c3000 rw-p 00000000 00:00 0 
7f47eb6c3000-7f47eb6c6000 ---p 00000000 00:00 0 
7f47eb6c6000-7f47eb7c4000 rw-p 00000000 00:00 0 
7f47eb7c4000-7f47eb7c7000 ---p 00000000 00:00 0 
7f47eb7c7000-7f47eb8c5000 rw-p 00000000 00:00 0 
7f47eb8c5000-7f47eb8c8000 ---p 00000000 00:00 0 
7f47eb8c8000-7f47eb9c6000 rw-p 00000000 00:00 0 
7f47eb9c6000-7f47eb9c9000 ---p 00000000 00:00 0 
7f47eb9c9000-7f47ebac7000 rw-p 00000000 00:00 0 
7f47ebac7000-7f47ebaca000 ---p 00000000 00:00 0 
7f47ebaca000-7f47ebbc8000 rw-p 00000000 00:00 0 
7f47ebbc8000-7f47ec000000 r--p 00000000 08:01 9700768                    /usr/lib/locale/locale-archive
7f47ec000000-7f47ec021000 rw-p 00000000 00:00 0 
7f47ec021000-7f47f0000000 ---p 00000000 00:00 0 
7f47f0000000-7f47f0021000 rw-p 00000000 00:00 0 
7f47f0021000-7f47f4000000 ---p 00000000 00:00 0 
7f47f4000000-7f47f4295000 rw-p 00000000 00:00 0 
7f47f4295000-7f47f8000000 ---p 00000000 00:00 0 
7f47f8096000-7f47f80a7000 r--s 000cf000 08:01 159889                     /home/oguz/.gradle/caches/modules-2/files-2.1/com.fasterxml.jackson.core/jackson-databind/2.3.2/c75edc740a6d8cb1cef6fa82fa594e0bce561916/jackson-databind-2.3.2.jar
7f47f80a7000-7f47f80aa000 ---p 00000000 00:00 0 
7f47f80aa000-7f47f81a8000 rw-p 00000000 00:00 0 
7f47f81a8000-7f47f81ab000 ---p 00000000 00:00 0 
7f47f81ab000-7f47f82a9000 rw-p 00000000 00:00 0 
7f47f82a9000-7f47f82aa000 ---p 00000000 00:00 0 
7f47f82aa000-7f47f9e27000 rw-p 00000000 00:00 0 
7f47f9e27000-7f47fa000000 r--s 03d1f000 08:01 9967487                    /usr/lib/jvm/java-8-oracle/jre/lib/rt.jar
7f47fa000000-7f47fc000000 rw-p 00000000 00:00 0 
7f47fc000000-7f47fc021000 rw-p 00000000 00:00 0 
7f47fc021000-7f4800000000 ---p 00000000 00:00 0 
7f4800000000-7f4800021000 rw-p 00000000 00:00 0 
7f4800021000-7f4804000000 ---p 00000000 00:00 0 
7f4804000000-7f4804021000 rw-p 00000000 00:00 0 
7f4804021000-7f4808000000 ---p 00000000 00:00 0 
7f4808000000-7f4808021000 rw-p 00000000 00:00 0 
7f4808021000-7f480c000000 ---p 00000000 00:00 0 
7f480c000000-7f480c021000 rw-p 00000000 00:00 0 
7f480c021000-7f4810000000 ---p 00000000 00:00 0 
7f4810000000-7f4810021000 rw-p 00000000 00:00 0 
7f4810021000-7f4814000000 ---p 00000000 00:00 0 
7f4814000000-7f4814021000 rw-p 00000000 00:00 0 
7f4814021000-7f4818000000 ---p 00000000 00:00 0 
7f4818000000-7f4818021000 rw-p 00000000 00:00 0 
7f4818021000-7f481c000000 ---p 00000000 00:00 0 
7f481c001000-7f481c87c000 rw-p 00000000 00:00 0 
7f481c87c000-7f481c9fc000 ---p 00000000 00:00 0 
7f481c9fc000-7f481cbfc000 rw-p 00000000 00:00 0 
7f481cbfc000-7f481cbfd000 ---p 00000000 00:00 0 
7f481cbfd000-7f481ccfd000 rw-p 00000000 00:00 0 
7f481ccfd000-7f481ccfe000 ---p 00000000 00:00 0 
7f481ccfe000-7f481cdfe000 rw-p 00000000 00:00 0 
7f481cdfe000-7f481cdff000 ---p 00000000 00:00 0 
7f481cdff000-7f481ceff000 rw-p 00000000 00:00 0 
7f481ceff000-7f481cf00000 ---p 00000000 00:00 0 
7f481cf00000-7f481d000000 rw-p 00000000 00:00 0 
7f481d000000-7f481d620000 rwxp 00000000 00:00 0 
7f481d620000-7f482c000000 ---p 00000000 00:00 0 
7f482c000000-7f482c3b3000 rw-p 00000000 00:00 0 
7f482c3b3000-7f4830000000 ---p 00000000 00:00 0 
7f483000c000-7f483001b000 r--s 000df000 08:01 5246091                    /home/oguz/Android/Sdk/build-tools/23.0.3/lib/dx.jar
7f483001b000-7f483005d000 rw-p 00000000 00:00 0 
7f483005d000-7f483005e000 ---p 00000000 00:00 0 
7f483005e000-7f483015e000 rw-p 00000000 00:00 0 
7f483015e000-7f483015f000 ---p 00000000 00:00 0 
7f483015f000-7f483025f000 rw-p 00000000 00:00 0 
7f483025f000-7f4830260000 ---p 00000000 00:00 0 
7f4830260000-7f4830360000 rw-p 00000000 00:00 0 
7f4830360000-7f4830361000 ---p 00000000 00:00 0 
7f4830361000-7f483048b000 rw-p 00000000 00:00 0 
7f483048b000-7f48305b7000 ---p 00000000 00:00 0 
7f48305b7000-7f48305e1000 rw-p 00000000 00:00 0 
7f48305e1000-7f483070c000 ---p 00000000 00:00 0 
7f483070c000-7f4830750000 rw-p 00000000 00:00 0 
7f4830750000-7f48307b7000 ---p 00000000 00:00 0 
7f48307b7000-7f48307d1000 rw-p 00000000 00:00 0 
7f48307d1000-7f4830b78000 ---p 00000000 00:00 0 
7f4830b78000-7f4830b92000 r-xp 00000000 08:01 10092954                   /usr/lib/jvm/java-8-oracle/jre/lib/amd64/libzip.so
7f4830b92000-7f4830d92000 ---p 0001a000 08:01 10092954                   /usr/lib/jvm/java-8-oracle/jre/lib/amd64/libzip.so
7f4830d92000-7f4830d93000 rw-p 0001a000 08:01 10092954                   /usr/lib/jvm/java-8-oracle/jre/lib/amd64/libzip.so
7f4830d93000-7f4830d9e000 r-xp 00000000 08:01 7603299                    /lib/x86_64-linux-gnu/libnss_files-2.23.so
7f4830d9e000-7f4830f9d000 ---p 0000b000 08:01 7603299                    /lib/x86_64-linux-gnu/libnss_files-2.23.so
7f4830f9d000-7f4830f9e000 r--p 0000a000 08:01 7603299                    /lib/x86_64-linux-gnu/libnss_files-2.23.so
7f4830f9e000-7f4830f9f000 rw-p 0000b000 08:01 7603299                    /lib/x86_64-linux-gnu/libnss_files-2.23.so
7f4830f9f000-7f4830fa5000 rw-p 00000000 00:00 0 
7f4830fa5000-7f4830fb0000 r-xp 00000000 08:01 7603296                    /lib/x86_64-linux-gnu/libnss_nis-2.23.so
7f4830fb0000-7f48311af000 ---p 0000b000 08:01 7603296                    /lib/x86_64-linux-gnu/libnss_nis-2.23.so
7f48311af000-7f48311b0000 r--p 0000a000 08:01 7603296                    /lib/x86_64-linux-gnu/libnss_nis-2.23.so
7f48311b0000-7f48311b1000 rw-p 0000b000 08:01 7603296                    /lib/x86_64-linux-gnu/libnss_nis-2.23.so
7f48311b1000-7f48311c7000 r-xp 00000000 08:01 7603294                    /lib/x86_64-linux-gnu/libnsl-2.23.so
7f48311c7000-7f48313c7000 ---p 00016000 08:01 7603294                    /lib/x86_64-linux-gnu/libnsl-2.23.so
7f48313c7000-7f48313c8000 r--p 00016000 08:01 7603294                    /lib/x86_64-linux-gnu/libnsl-2.23.so
7f48313c8000-7f48313c9000 rw-p 00017000 08:01 7603294                    /lib/x86_64-linux-gnu/libnsl-2.23.so
7f48313c9000-7f48313cb000 rw-p 00000000 00:00 0 
7f48313cb000-7f48313d3000 r-xp 00000000 08:01 7603292                    /lib/x86_64-linux-gnu/libnss_compat-2.23.so
7f48313d3000-7f48315d2000 ---p 00008000 08:01 7603292                    /lib/x86_64-linux-gnu/libnss_compat-2.23.so
7f48315d2000-7f48315d3000 r--p 00007000 08:01 7603292                    /lib/x86_64-linux-gnu/libnss_compat-2.23.so
7f48315d3000-7f48315d4000 rw-p 00008000 08:01 7603292                    /lib/x86_64-linux-gnu/libnss_compat-2.23.so
7f48315d4000-7f48315fe000 r-xp 00000000 08:01 10092949                   /usr/lib/jvm/java-8-oracle/jre/lib/amd64/libjava.so
7f48315fe000-7f48317fe000 ---p 0002a000 08:01 10092949                   /usr/lib/jvm/java-8-oracle/jre/lib/amd64/libjava.so
7f48317fe000-7f4831800000 rw-p 0002a000 08:01 10092949                   /usr/lib/jvm/java-8-oracle/jre/lib/amd64/libjava.so
7f4831800000-7f483180d000 r-xp 00000000 08:01 10092953                   /usr/lib/jvm/java-8-oracle/jre/lib/amd64/libverify.so
7f483180d000-7f4831a0d000 ---p 0000d000 08:01 10092953                   /usr/lib/jvm/java-8-oracle/jre/lib/amd64/libverify.so
7f4831a0d000-7f4831a0f000 rw-p 0000d000 08:01 10092953                   /usr/lib/jvm/java-8-oracle/jre/lib/amd64/libverify.so
7f4831a0f000-7f4831a16000 r-xp 00000000 08:01 7603308                    /lib/x86_64-linux-gnu/librt-2.23.so
7f4831a16000-7f4831c15000 ---p 00007000 08:01 7603308                    /lib/x86_64-linux-gnu/librt-2.23.so
7f4831c15000-7f4831c16000 r--p 00006000 08:01 7603308                    /lib/x86_64-linux-gnu/librt-2.23.so
7f4831c16000-7f4831c17000 rw-p 00007000 08:01 7603308                    /lib/x86_64-linux-gnu/librt-2.23.so
7f4831c17000-7f4831d1f000 r-xp 00000000 08:01 7603305                    /lib/x86_64-linux-gnu/libm-2.23.so
7f4831d1f000-7f4831f1e000 ---p 00108000 08:01 7603305                    /lib/x86_64-linux-gnu/libm-2.23.so
7f4831f1e000-7f4831f1f000 r--p 00107000 08:01 7603305                    /lib/x86_64-linux-gnu/libm-2.23.so
7f4831f1f000-7f4831f20000 rw-p 00108000 08:01 7603305                    /lib/x86_64-linux-gnu/libm-2.23.so
7f4831f20000-7f4832be0000 r-xp 00000000 08:01 10092932                   /usr/lib/jvm/java-8-oracle/jre/lib/amd64/server/libjvm.so
7f4832be0000-7f4832de0000 ---p 00cc0000 08:01 10092932                   /usr/lib/jvm/java-8-oracle/jre/lib/amd64/server/libjvm.so
7f4832de0000-7f4832eb8000 rw-p 00cc0000 08:01 10092932                   /usr/lib/jvm/java-8-oracle/jre/lib/amd64/server/libjvm.so
7f4832eb8000-7f4832f03000 rw-p 00000000 00:00 0 
7f4832f03000-7f48330c3000 r-xp 00000000 08:01 7603313                    /lib/x86_64-linux-gnu/libc-2.23.so
7f48330c3000-7f48332c3000 ---p 001c0000 08:01 7603313                    /lib/x86_64-linux-gnu/libc-2.23.so
7f48332c3000-7f48332c7000 r--p 001c0000 08:01 7603313                    /lib/x86_64-linux-gnu/libc-2.23.so
7f48332c7000-7f48332c9000 rw-p 001c4000 08:01 7603313                    /lib/x86_64-linux-gnu/libc-2.23.so
7f48332c9000-7f48332cd000 rw-p 00000000 00:00 0 
7f48332cd000-7f48332d0000 r-xp 00000000 08:01 7603314                    /lib/x86_64-linux-gnu/libdl-2.23.so
7f48332d0000-7f48334cf000 ---p 00003000 08:01 7603314                    /lib/x86_64-linux-gnu/libdl-2.23.so
7f48334cf000-7f48334d0000 r--p 00002000 08:01 7603314                    /lib/x86_64-linux-gnu/libdl-2.23.so
7f48334d0000-7f48334d1000 rw-p 00003000 08:01 7603314                    /lib/x86_64-linux-gnu/libdl-2.23.so
7f48334d1000-7f48334e6000 r-xp 00000000 08:01 9840182                    /usr/lib/jvm/java-8-oracle/lib/amd64/jli/libjli.so
7f48334e6000-7f48336e6000 ---p 00015000 08:01 9840182                    /usr/lib/jvm/java-8-oracle/lib/amd64/jli/libjli.so
7f48336e6000-7f48336e7000 rw-p 00015000 08:01 9840182                    /usr/lib/jvm/java-8-oracle/lib/amd64/jli/libjli.so
7f48336e7000-7f48336ff000 r-xp 00000000 08:01 7603312                    /lib/x86_64-linux-gnu/libpthread-2.23.so
7f48336ff000-7f48338fe000 ---p 00018000 08:01 7603312                    /lib/x86_64-linux-gnu/libpthread-2.23.so
7f48338fe000-7f48338ff000 r--p 00017000 08:01 7603312                    /lib/x86_64-linux-gnu/libpthread-2.23.so
7f48338ff000-7f4833900000 rw-p 00018000 08:01 7603312                    /lib/x86_64-linux-gnu/libpthread-2.23.so
7f4833900000-7f4833904000 rw-p 00000000 00:00 0 
7f4833904000-7f483392a000 r-xp 00000000 08:01 7603309                    /lib/x86_64-linux-gnu/ld-2.23.so
7f4833930000-7f4833a02000 rw-p 00000000 00:00 0 
7f4833a02000-7f4833a05000 ---p 00000000 00:00 0 
7f4833a05000-7f4833b07000 rw-p 00000000 00:00 0 
7f4833b09000-7f4833b1d000 rw-p 00000000 00:00 0 
7f4833b1d000-7f4833b25000 rw-s 00000000 08:01 161156                     /tmp/hsperfdata_oguz/15061
7f4833b25000-7f4833b26000 rw-p 00000000 00:00 0 
7f4833b26000-7f4833b27000 ---p 00000000 00:00 0 
7f4833b27000-7f4833b29000 rw-p 00000000 00:00 0 
7f4833b29000-7f4833b2a000 r--p 00025000 08:01 7603309                    /lib/x86_64-linux-gnu/ld-2.23.so
7f4833b2a000-7f4833b2b000 rw-p 00026000 08:01 7603309                    /lib/x86_64-linux-gnu/ld-2.23.so
7f4833b2b000-7f4833b2c000 rw-p 00000000 00:00 0 
7ffffd958000-7ffffd979000 rw-p 00000000 00:00 0                          [stack]
7ffffd9d8000-7ffffd9da000 r--p 00000000 00:00 0                          [vvar]
7ffffd9da000-7ffffd9dc000 r-xp 00000000 00:00 0                          [vdso]
ffffffffff600000-ffffffffff601000 r-xp 00000000 00:00 0                  [vsyscall]

VM Arguments:
jvm_args: -Djava.awt.headless=true -Xmx1024M -Dfile.encoding=UTF-8 -Duser.country=TR -Duser.language=tr -Duser.variant 
java_command: com.android.dx.command.Main --dex --force-jumbo --num-threads=4 --multi-dex --output /home/oguz/Masa端st端/asd/FomApplicationAndroid/app/build/intermediates/transforms/dex/debug/folders/1000/10/jackson-databind-2.3.2_51c4623ebbbe6b6f2e96a48accc07b8b3796ca57 /home/oguz/.gradle/caches/modules-2/files-2.1/com.fasterxml.jackson.core/jackson-databind/2.3.2/c75edc740a6d8cb1cef6fa82fa594e0bce561916/jackson-databind-2.3.2.jar
java_class_path (initial): /home/oguz/Android/Sdk/build-tools/23.0.3/lib/dx.jar
Launcher Type: SUN_STANDARD

Environment Variables:
PATH=/usr/local/sbin:/usr/local/bin:/usr/sbin:/usr/bin:/sbin:/bin:/usr/games:/usr/local/games:/snap/bin
LD_LIBRARY_PATH=/home/oguz/Masa端st端/Derleyiciler/android-studio/bin:
SHELL=/bin/bash
DISPLAY=:0

Signal Handlers:
SIGSEGV: [libjvm.so+0xabca10], sa_mask[0]=11111111011111111101111111111110, sa_flags=SA_RESTART|SA_SIGINFO
SIGBUS: [libjvm.so+0xabca10], sa_mask[0]=11111111011111111101111111111110, sa_flags=SA_RESTART|SA_SIGINFO
SIGFPE: [libjvm.so+0x919a20], sa_mask[0]=11111111011111111101111111111110, sa_flags=SA_RESTART|SA_SIGINFO
SIGPIPE: [libjvm.so+0x919a20], sa_mask[0]=11111111011111111101111111111110, sa_flags=SA_RESTART|SA_SIGINFO
SIGXFSZ: [libjvm.so+0x919a20], sa_mask[0]=11111111011111111101111111111110, sa_flags=SA_RESTART|SA_SIGINFO
SIGILL: [libjvm.so+0x919a20], sa_mask[0]=11111111011111111101111111111110, sa_flags=SA_RESTART|SA_SIGINFO
SIGUSR1: SIG_DFL, sa_mask[0]=00000000000000000000000000000000, sa_flags=none
SIGUSR2: [libjvm.so+0x91b050], sa_mask[0]=00100000000000000000000000000000, sa_flags=SA_RESTART|SA_SIGINFO
SIGHUP: [libjvm.so+0x91c450], sa_mask[0]=11111111011111111101111111111110, sa_flags=SA_RESTART|SA_SIGINFO
SIGINT: [libjvm.so+0x91c450], sa_mask[0]=11111111011111111101111111111110, sa_flags=SA_RESTART|SA_SIGINFO
SIGTERM: [libjvm.so+0x91c450], sa_mask[0]=11111111011111111101111111111110, sa_flags=SA_RESTART|SA_SIGINFO
SIGQUIT: [libjvm.so+0x91c450], sa_mask[0]=11111111011111111101111111111110, sa_flags=SA_RESTART|SA_SIGINFO


---------------  S Y S T E M  ---------------

OS:DISTRIB_ID=Ubuntu
DISTRIB_RELEASE=16.04
DISTRIB_CODENAME=xenial
DISTRIB_DESCRIPTION="Ubuntu Xenial Xerus (development branch)"

uname:Linux 4.4.0-22-generic #39-Ubuntu SMP Thu May 5 16:53:32 UTC 2016 x86_64
libc:glibc 2.23 NPTL 2.23 
rlimit: STACK 8192k, CORE 0k, NPROC 31498, NOFILE 65536, AS infinity
load average:3.10 1.16 1.11

/proc/meminfo:
MemTotal:        8101800 kB
MemFree:          165816 kB
MemAvailable:     217696 kB
Buffers:             916 kB
Cached:           530268 kB
SwapCached:            0 kB
Active:          7203044 kB
Inactive:         496224 kB
Active(anon):    7199360 kB
Inactive(anon):   453864 kB
Active(file):       3684 kB
Inactive(file):    42360 kB
Unevictable:          92 kB
Mlocked:              92 kB
SwapTotal:             0 kB
SwapFree:              0 kB
Dirty:               228 kB
Writeback:             0 kB
AnonPages:       7176336 kB
Mapped:           210784 kB
Shmem:            483612 kB
Slab:             101372 kB
SReclaimable:      48208 kB
SUnreclaim:        53164 kB
KernelStack:       19168 kB
PageTables:        60340 kB
NFS_Unstable:          0 kB
Bounce:                0 kB
WritebackTmp:          0 kB
CommitLimit:     4050900 kB
Committed_AS:   13208788 kB
VmallocTotal:   34359738367 kB
VmallocUsed:           0 kB
VmallocChunk:          0 kB
HardwareCorrupted:     0 kB
AnonHugePages:   4702208 kB
CmaTotal:              0 kB
CmaFree:               0 kB
HugePages_Total:       0
HugePages_Free:        0
HugePages_Rsvd:        0
HugePages_Surp:        0
Hugepagesize:       2048 kB
DirectMap4k:      164608 kB
DirectMap2M:     8151040 kB
DirectMap1G:     1048576 kB


CPU:total 8 (4 cores per cpu, 2 threads per core) family 6 model 60 stepping 3, cmov, cx8, fxsr, mmx, sse, sse2, sse3, ssse3, sse4.1, sse4.2, popcnt, avx, avx2, aes, clmul, erms, lzcnt, ht, tsc, tscinvbit, bmi1, bmi2

/proc/cpuinfo:
processor	: 0
vendor_id	: GenuineIntel
cpu family	: 6
model		: 60
model name	: Intel(R) Core(TM) i7-4700MQ CPU @ 2.40GHz
stepping	: 3
microcode	: 0x16
cpu MHz		: 3199.968
cache size	: 6144 KB
physical id	: 0
siblings	: 8
core id		: 0
cpu cores	: 4
apicid		: 0
initial apicid	: 0
fpu		: yes
fpu_exception	: yes
cpuid level	: 13
wp		: yes
flags		: fpu vme de pse tsc msr pae mce cx8 apic sep mtrr pge mca cmov pat pse36 clflush dts acpi mmx fxsr sse sse2 ss ht tm pbe syscall nx pdpe1gb rdtscp lm constant_tsc arch_perfmon pebs bts rep_good nopl xtopology nonstop_tsc aperfmperf eagerfpu pni pclmulqdq dtes64 monitor ds_cpl vmx est tm2 ssse3 sdbg fma cx16 xtpr pdcm pcid sse4_1 sse4_2 movbe popcnt tsc_deadline_timer aes xsave avx f16c rdrand lahf_lm abm epb tpr_shadow vnmi flexpriority ept vpid fsgsbase tsc_adjust bmi1 avx2 smep bmi2 erms invpcid xsaveopt dtherm ida arat pln pts
bugs		:
bogomips	: 4789.30
clflush size	: 64
cache_alignment	: 64
address sizes	: 39 bits physical, 48 bits virtual
power management:

processor	: 1
vendor_id	: GenuineIntel
cpu family	: 6
model		: 60
model name	: Intel(R) Core(TM) i7-4700MQ CPU @ 2.40GHz
stepping	: 3
microcode	: 0x16
cpu MHz		: 3199.968
cache size	: 6144 KB
physical id	: 0
siblings	: 8
core id		: 0
cpu cores	: 4
apicid		: 1
initial apicid	: 1
fpu		: yes
fpu_exception	: yes
cpuid level	: 13
wp		: yes
flags		: fpu vme de pse tsc msr pae mce cx8 apic sep mtrr pge mca cmov pat pse36 clflush dts acpi mmx fxsr sse sse2 ss ht tm pbe syscall nx pdpe1gb rdtscp lm constant_tsc arch_perfmon pebs bts rep_good nopl xtopology nonstop_tsc aperfmperf eagerfpu pni pclmulqdq dtes64 monitor ds_cpl vmx est tm2 ssse3 sdbg fma cx16 xtpr pdcm pcid sse4_1 sse4_2 movbe popcnt tsc_deadline_timer aes xsave avx f16c rdrand lahf_lm abm epb tpr_shadow vnmi flexpriority ept vpid fsgsbase tsc_adjust bmi1 avx2 smep bmi2 erms invpcid xsaveopt dtherm ida arat pln pts
bugs		:
bogomips	: 4789.30
clflush size	: 64
cache_alignment	: 64
address sizes	: 39 bits physical, 48 bits virtual
power management:

processor	: 2
vendor_id	: GenuineIntel
cpu family	: 6
model		: 60
model name	: Intel(R) Core(TM) i7-4700MQ CPU @ 2.40GHz
stepping	: 3
microcode	: 0x16
cpu MHz		: 3199.968
cache size	: 6144 KB
physical id	: 0
siblings	: 8
core id		: 1
cpu cores	: 4
apicid		: 2
initial apicid	: 2
fpu		: yes
fpu_exception	: yes
cpuid level	: 13
wp		: yes
flags		: fpu vme de pse tsc msr pae mce cx8 apic sep mtrr pge mca cmov pat pse36 clflush dts acpi mmx fxsr sse sse2 ss ht tm pbe syscall nx pdpe1gb rdtscp lm constant_tsc arch_perfmon pebs bts rep_good nopl xtopology nonstop_tsc aperfmperf eagerfpu pni pclmulqdq dtes64 monitor ds_cpl vmx est tm2 ssse3 sdbg fma cx16 xtpr pdcm pcid sse4_1 sse4_2 movbe popcnt tsc_deadline_timer aes xsave avx f16c rdrand lahf_lm abm epb tpr_shadow vnmi flexpriority ept vpid fsgsbase tsc_adjust bmi1 avx2 smep bmi2 erms invpcid xsaveopt dtherm ida arat pln pts
bugs		:
bogomips	: 4789.30
clflush size	: 64
cache_alignment	: 64
address sizes	: 39 bits physical, 48 bits virtual
power management:

processor	: 3
vendor_id	: GenuineIntel
cpu family	: 6
model		: 60
model name	: Intel(R) Core(TM) i7-4700MQ CPU @ 2.40GHz
stepping	: 3
microcode	: 0x16
cpu MHz		: 3199.968
cache size	: 6144 KB
physical id	: 0
siblings	: 8
core id		: 1
cpu cores	: 4
apicid		: 3
initial apicid	: 3
fpu		: yes
fpu_exception	: yes
cpuid level	: 13
wp		: yes
flags		: fpu vme de pse tsc msr pae mce cx8 apic sep mtrr pge mca cmov pat pse36 clflush dts acpi mmx fxsr sse sse2 ss ht tm pbe syscall nx pdpe1gb rdtscp lm constant_tsc arch_perfmon pebs bts rep_good nopl xtopology nonstop_tsc aperfmperf eagerfpu pni pclmulqdq dtes64 monitor ds_cpl vmx est tm2 ssse3 sdbg fma cx16 xtpr pdcm pcid sse4_1 sse4_2 movbe popcnt tsc_deadline_timer aes xsave avx f16c rdrand lahf_lm abm epb tpr_shadow vnmi flexpriority ept vpid fsgsbase tsc_adjust bmi1 avx2 smep bmi2 erms invpcid xsaveopt dtherm ida arat pln pts
bugs		:
bogomips	: 4789.30
clflush size	: 64
cache_alignment	: 64
address sizes	: 39 bits physical, 48 bits virtual
power management:

processor	: 4
vendor_id	: GenuineIntel
cpu family	: 6
model		: 60
model name	: Intel(R) Core(TM) i7-4700MQ CPU @ 2.40GHz
stepping	: 3
microcode	: 0x16
cpu MHz		: 3199.968
cache size	: 6144 KB
physical id	: 0
siblings	: 8
core id		: 2
cpu cores	: 4
apicid		: 4
initial apicid	: 4
fpu		: yes
fpu_exception	: yes
cpuid level	: 13
wp		: yes
flags		: fpu vme de pse tsc msr pae mce cx8 apic sep mtrr pge mca cmov pat pse36 clflush dts acpi mmx fxsr sse sse2 ss ht tm pbe syscall nx pdpe1gb rdtscp lm constant_tsc arch_perfmon pebs bts rep_good nopl xtopology nonstop_tsc aperfmperf eagerfpu pni pclmulqdq dtes64 monitor ds_cpl vmx est tm2 ssse3 sdbg fma cx16 xtpr pdcm pcid sse4_1 sse4_2 movbe popcnt tsc_deadline_timer aes xsave avx f16c rdrand lahf_lm abm epb tpr_shadow vnmi flexpriority ept vpid fsgsbase tsc_adjust bmi1 avx2 smep bmi2 erms invpcid xsaveopt dtherm ida arat pln pts
bugs		:
bogomips	: 4789.30
clflush size	: 64
cache_alignment	: 64
address sizes	: 39 bits physical, 48 bits virtual
power management:

processor	: 5
vendor_id	: GenuineIntel
cpu family	: 6
model		: 60
model name	: Intel(R) Core(TM) i7-4700MQ CPU @ 2.40GHz
stepping	: 3
microcode	: 0x16
cpu MHz		: 3199.968
cache size	: 6144 KB
physical id	: 0
siblings	: 8
core id		: 2
cpu cores	: 4
apicid		: 5
initial apicid	: 5
fpu		: yes
fpu_exception	: yes
cpuid level	: 13
wp		: yes
flags		: fpu vme de pse tsc msr pae mce cx8 apic sep mtrr pge mca cmov pat pse36 clflush dts acpi mmx fxsr sse sse2 ss ht tm pbe syscall nx pdpe1gb rdtscp lm constant_tsc arch_perfmon pebs bts rep_good nopl xtopology nonstop_tsc aperfmperf eagerfpu pni pclmulqdq dtes64 monitor ds_cpl vmx est tm2 ssse3 sdbg fma cx16 xtpr pdcm pcid sse4_1 sse4_2 movbe popcnt tsc_deadline_timer aes xsave avx f16c rdrand lahf_lm abm epb tpr_shadow vnmi flexpriority ept vpid fsgsbase tsc_adjust bmi1 avx2 smep bmi2 erms invpcid xsaveopt dtherm ida arat pln pts
bugs		:
bogomips	: 4789.30
clflush size	: 64
cache_alignment	: 64
address sizes	: 39 bits physical, 48 bits virtual
power management:

processor	: 6
vendor_id	: GenuineIntel
cpu family	: 6
model		: 60
model name	: Intel(R) Core(TM) i7-4700MQ CPU @ 2.40GHz
stepping	: 3
microcode	: 0x16
cpu MHz		: 3199.968
cache size	: 6144 KB
physical id	: 0
siblings	: 8
core id		: 3
cpu cores	: 4
apicid		: 6
initial apicid	: 6
fpu		: yes
fpu_exception	: yes
cpuid level	: 13
wp		: yes
flags		: fpu vme de pse tsc msr pae mce cx8 apic sep mtrr pge mca cmov pat pse36 clflush dts acpi mmx fxsr sse sse2 ss ht tm pbe syscall nx pdpe1gb rdtscp lm constant_tsc arch_perfmon pebs bts rep_good nopl xtopology nonstop_tsc aperfmperf eagerfpu pni pclmulqdq dtes64 monitor ds_cpl vmx est tm2 ssse3 sdbg fma cx16 xtpr pdcm pcid sse4_1 sse4_2 movbe popcnt tsc_deadline_timer aes xsave avx f16c rdrand lahf_lm abm epb tpr_shadow vnmi flexpriority ept vpid fsgsbase tsc_adjust bmi1 avx2 smep bmi2 erms invpcid xsaveopt dtherm ida arat pln pts
bugs		:
bogomips	: 4789.30
clflush size	: 64
cache_alignment	: 64
address sizes	: 39 bits physical, 48 bits virtual
power management:

processor	: 7
vendor_id	: GenuineIntel
cpu family	: 6
model		: 60
model name	: Intel(R) Core(TM) i7-4700MQ CPU @ 2.40GHz
stepping	: 3
microcode	: 0x16
cpu MHz		: 3199.968
cache size	: 6144 KB
physical id	: 0
siblings	: 8
core id		: 3
cpu cores	: 4
apicid		: 7
initial apicid	: 7
fpu		: yes
fpu_exception	: yes
cpuid level	: 13
wp		: yes
flags		: fpu vme de pse tsc msr pae mce cx8 apic sep mtrr pge mca cmov pat pse36 clflush dts acpi mmx fxsr sse sse2 ss ht tm pbe syscall nx pdpe1gb rdtscp lm constant_tsc arch_perfmon pebs bts rep_good nopl xtopology nonstop_tsc aperfmperf eagerfpu pni pclmulqdq dtes64 monitor ds_cpl vmx est tm2 ssse3 sdbg fma cx16 xtpr pdcm pcid sse4_1 sse4_2 movbe popcnt tsc_deadline_timer aes xsave avx f16c rdrand lahf_lm abm epb tpr_shadow vnmi flexpriority ept vpid fsgsbase tsc_adjust bmi1 avx2 smep bmi2 erms invpcid xsaveopt dtherm ida arat pln pts
bugs		:
bogomips	: 4789.30
clflush size	: 64
cache_alignment	: 64
address sizes	: 39 bits physical, 48 bits virtual
power management:



Memory: 4k page, physical 8101800k(165320k free), swap 0k(0k free)

vm_info: Java HotSpot(TM) 64-Bit Server VM (25.91-b14) for linux-amd64 JRE (1.8.0_91-b14), built on Apr  1 2016 00:57:21 by "java_re" with gcc 4.3.0 20080428 (Red Hat 4.3.0-8)

time: Mon Aug 22 11:47:27 2016
elapsed time: 3 seconds (0d 0h 0m 3s)

