#
# There is insufficient memory for the Java Runtime Environment to continue.
# Native memory allocation (mmap) failed to map 174063616 bytes for committing reserved memory.
# Possible reasons:
#   The system is out of physical RAM or swap space
#   In 32 bit mode, the process size limit was hit
# Possible solutions:
#   Reduce memory load on the system
#   Increase physical memory or swap space
#   Check if swap backing store is full
#   Use 64 bit Java on a 64 bit OS
#   Decrease Java heap size (-Xmx/-Xms)
#   Decrease number of Java threads
#   Decrease Java thread stack sizes (-Xss)
#   Set larger code cache with -XX:ReservedCodeCacheSize=
# This output file may be truncated or incomplete.
#
#  Out of Memory Error (os_linux.cpp:2627), pid=14564, tid=140444468135680
#
# JRE version: Java(TM) SE Runtime Environment (8.0_91-b14) (build 1.8.0_91-b14)
# Java VM: Java HotSpot(TM) 64-Bit Server VM (25.91-b14 mixed mode linux-amd64 compressed oops)
# Failed to write core dump. Core dumps have been disabled. To enable core dumping, try "ulimit -c unlimited" before starting Java again
#

---------------  T H R E A D  ---------------

Current thread (0x00007fbbe0080000):  VMThread [stack: 0x00007fbbc6924000,0x00007fbbc6a25000] [id=14578]

Stack: [0x00007fbbc6924000,0x00007fbbc6a25000],  sp=0x00007fbbc6a23120,  free space=1020k
Native frames: (J=compiled Java code, j=interpreted, Vv=VM code, C=native code)
V  [libjvm.so+0xabc18a]  VMError::report_and_die()+0x2ba
V  [libjvm.so+0x4fafeb]  report_vm_out_of_memory(char const*, int, unsigned long, VMErrorType, char const*)+0x8b
V  [libjvm.so+0x91cbb3]  os::Linux::commit_memory_impl(char*, unsigned long, bool)+0x103
V  [libjvm.so+0x91d109]  os::pd_commit_memory(char*, unsigned long, unsigned long, bool)+0x29
V  [libjvm.so+0x91740a]  os::commit_memory(char*, unsigned long, unsigned long, bool)+0x2a
V  [libjvm.so+0x98b033]  PSVirtualSpace::expand_by(unsigned long)+0x53
V  [libjvm.so+0x98c438]  PSYoungGen::resize_generation(unsigned long, unsigned long)+0xf8
V  [libjvm.so+0x98b592]  PSYoungGen::resize(unsigned long, unsigned long)+0x22
V  [libjvm.so+0x98886b]  PSScavenge::invoke_no_policy()+0xf3b
V  [libjvm.so+0x988ff1]  PSScavenge::invoke()+0x41
V  [libjvm.so+0x9408b0]  ParallelScavengeHeap::failed_mem_allocate(unsigned long)+0x70
V  [libjvm.so+0xabdba7]  VM_ParallelGCFailedAllocation::doit()+0x97
V  [libjvm.so+0xac55d5]  VM_Operation::evaluate()+0x55
V  [libjvm.so+0xac39aa]  VMThread::evaluate_operation(VM_Operation*)+0xba
V  [libjvm.so+0xac3d2e]  VMThread::loop()+0x1ce
V  [libjvm.so+0xac41a0]  VMThread::run()+0x70
V  [libjvm.so+0x91ef78]  java_start(Thread*)+0x108

VM_Operation (0x00007fbbc58ccc90): ParallelGCFailedAllocation, mode: safepoint, requested by thread 0x00007fbbe014f000


---------------  P R O C E S S  ---------------

Java Threads: ( => current thread )
  0x00007fbbe0150800 JavaThread "pool-2-thread-4" [_thread_blocked, id=14641, stack(0x00007fbbc56cd000,0x00007fbbc57ce000)]
  0x00007fbbe014f000 JavaThread "pool-2-thread-3" [_thread_blocked, id=14640, stack(0x00007fbbc57ce000,0x00007fbbc58cf000)]
  0x00007fbbe014d800 JavaThread "pool-2-thread-2" [_thread_blocked, id=14639, stack(0x00007fbbc58cf000,0x00007fbbc59d0000)]
  0x00007fbbe0149000 JavaThread "pool-3-thread-1" [_thread_blocked, id=14629, stack(0x00007fbbc59d0000,0x00007fbbc5ad1000)]
  0x00007fbbe0148000 JavaThread "pool-2-thread-1" [_thread_blocked, id=14628, stack(0x00007fbbc5ad1000,0x00007fbbc5bd2000)]
  0x00007fbbe00ca800 JavaThread "Service Thread" daemon [_thread_blocked, id=14600, stack(0x00007fbbc5ce4000,0x00007fbbc5de5000)]
  0x00007fbbe00c7800 JavaThread "C1 CompilerThread3" daemon [_thread_blocked, id=14599, stack(0x00007fbbc5de5000,0x00007fbbc5ee6000)]
  0x00007fbbe00c5800 JavaThread "C2 CompilerThread2" daemon [_thread_blocked, id=14598, stack(0x00007fbbc5ee6000,0x00007fbbc5fe7000)]
  0x00007fbbe00c4000 JavaThread "C2 CompilerThread1" daemon [_thread_blocked, id=14596, stack(0x00007fbbc5fe7000,0x00007fbbc60e8000)]
  0x00007fbbe00c1000 JavaThread "C2 CompilerThread0" daemon [_thread_blocked, id=14595, stack(0x00007fbbc60e8000,0x00007fbbc61e9000)]
  0x00007fbbe00bf800 JavaThread "Signal Dispatcher" daemon [_thread_blocked, id=14594, stack(0x00007fbbc61e9000,0x00007fbbc62ea000)]
  0x00007fbbe008c800 JavaThread "Finalizer" daemon [_thread_blocked, id=14581, stack(0x00007fbbc6722000,0x00007fbbc6823000)]
  0x00007fbbe0087800 JavaThread "Reference Handler" daemon [_thread_blocked, id=14580, stack(0x00007fbbc6823000,0x00007fbbc6924000)]
  0x00007fbbe000a000 JavaThread "main" [_thread_blocked, id=14566, stack(0x00007fbbe6084000,0x00007fbbe6185000)]

Other Threads:
=>0x00007fbbe0080000 VMThread [stack: 0x00007fbbc6924000,0x00007fbbc6a25000] [id=14578]
  0x00007fbbe00cd800 WatcherThread [stack: 0x00007fbbc5be3000,0x00007fbbc5ce4000] [id=14601]

VM state:at safepoint (normal execution)

VM Mutex/Monitor currently owned by a thread:  ([mutex/lock_event])
[0x00007fbbe0006570] Threads_lock - owner thread: 0x00007fbbe0080000
[0x00007fbbe0006a70] Heap_lock - owner thread: 0x00007fbbe014f000

Heap:
 PSYoungGen      total 132096K, used 5109K [0x00000000eab00000, 0x00000000f3100000, 0x0000000100000000)
  eden space 126976K, 0% used [0x00000000eab00000,0x00000000eab00000,0x00000000f2700000)
  from space 5120K, 99% used [0x00000000f2700000,0x00000000f2bfd460,0x00000000f2c00000)
  to   space 5120K, 0% used [0x00000000f2c00000,0x00000000f2c00000,0x00000000f3100000)
 ParOldGen       total 84992K, used 44746K [0x00000000c0000000, 0x00000000c5300000, 0x00000000eab00000)
  object space 84992K, 52% used [0x00000000c0000000,0x00000000c2bb2958,0x00000000c5300000)
 Metaspace       used 6231K, capacity 7088K, committed 7296K, reserved 1056768K
  class space    used 591K, capacity 616K, committed 640K, reserved 1048576K

Card table byte_map: [0x00007fbbcfba8000,0x00007fbbcfda9000] byte_map_base: 0x00007fbbcf5a8000

Marking Bits: (ParMarkBitMap*) 0x00007fbbe5558d60
 Begin Bits: [0x00007fbbcd24a000, 0x00007fbbce24a000)
 End Bits:   [0x00007fbbce24a000, 0x00007fbbcf24a000)

Polling page: 0x00007fbbe61a8000

CodeCache: size=245760Kb used=6719Kb max_used=6728Kb free=239040Kb
 bounds [0x00007fbbd0169000, 0x00007fbbd0809000, 0x00007fbbdf169000]
 total_blobs=2159 nmethods=1891 adapters=181
 compilation: enabled

Compilation events (10 events):
Event: 4,216 Thread 0x00007fbbe00c5800 nmethod 1696 0x00007fbbd07fe9d0 code [0x00007fbbd07fec60, 0x00007fbbd0800388]
Event: 4,216 Thread 0x00007fbbe00c5800 1730       4       com.android.dx.cf.code.ValueAwareMachine::run (1142 bytes)
Event: 4,230 Thread 0x00007fbbe00c7800 2003       2       java.util.concurrent.locks.ReentrantLock$NonfairSync::tryAcquire (6 bytes)
Event: 4,231 Thread 0x00007fbbe00c7800 nmethod 2003 0x00007fbbd07e6750 code [0x00007fbbd07e68c0, 0x00007fbbd07e6a28]
Event: 4,231 Thread 0x00007fbbe00c7800 2004       2       java.util.concurrent.locks.ReentrantLock$Sync::nonfairTryAcquire (67 bytes)
Event: 4,231 Thread 0x00007fbbe00c7800 nmethod 2004 0x00007fbbd07e6250 code [0x00007fbbd07e63c0, 0x00007fbbd07e6648]
Event: 4,260 Thread 0x00007fbbe00c7800 2005       2       com.android.dx.ssa.NormalSsaInsn::changeOneSource (120 bytes)
Event: 4,261 Thread 0x00007fbbe00c7800 nmethod 2005 0x00007fbbd07fd5d0 code [0x00007fbbd07fd7e0, 0x00007fbbd07fdf38]
Event: 4,276 Thread 0x00007fbbe00c7800 2008       2       com.android.dx.ssa.SsaMethod::makeNewSsaReg (26 bytes)
Event: 4,276 Thread 0x00007fbbe00c7800 nmethod 2008 0x00007fbbd07e5ed0 code [0x00007fbbd07e6020, 0x00007fbbd07e61b0]

GC Heap History (9 events):
Event: 1,157 GC heap before
{Heap before GC invocations=1 (full 0):
 PSYoungGen      total 36864K, used 31744K [0x00000000eab00000, 0x00000000ed400000, 0x0000000100000000)
  eden space 31744K, 100% used [0x00000000eab00000,0x00000000eca00000,0x00000000eca00000)
  from space 5120K, 0% used [0x00000000ecf00000,0x00000000ecf00000,0x00000000ed400000)
  to   space 5120K, 0% used [0x00000000eca00000,0x00000000eca00000,0x00000000ecf00000)
 ParOldGen       total 84992K, used 0K [0x00000000c0000000, 0x00000000c5300000, 0x00000000eab00000)
  object space 84992K, 0% used [0x00000000c0000000,0x00000000c0000000,0x00000000c5300000)
 Metaspace       used 5787K, capacity 6768K, committed 7040K, reserved 1056768K
  class space    used 590K, capacity 616K, committed 640K, reserved 1048576K
Event: 1,198 GC heap after
Heap after GC invocations=1 (full 0):
 PSYoungGen      total 36864K, used 5111K [0x00000000eab00000, 0x00000000ef300000, 0x0000000100000000)
  eden space 31744K, 0% used [0x00000000eab00000,0x00000000eab00000,0x00000000eca00000)
  from space 5120K, 99% used [0x00000000eca00000,0x00000000ecefde98,0x00000000ecf00000)
  to   space 5120K, 0% used [0x00000000eee00000,0x00000000eee00000,0x00000000ef300000)
 ParOldGen       total 84992K, used 1145K [0x00000000c0000000, 0x00000000c5300000, 0x00000000eab00000)
  object space 84992K, 1% used [0x00000000c0000000,0x00000000c011e738,0x00000000c5300000)
 Metaspace       used 5787K, capacity 6768K, committed 7040K, reserved 1056768K
  class space    used 590K, capacity 616K, committed 640K, reserved 1048576K
}
Event: 1,685 GC heap before
{Heap before GC invocations=2 (full 0):
 PSYoungGen      total 36864K, used 36855K [0x00000000eab00000, 0x00000000ef300000, 0x0000000100000000)
  eden space 31744K, 100% used [0x00000000eab00000,0x00000000eca00000,0x00000000eca00000)
  from space 5120K, 99% used [0x00000000eca00000,0x00000000ecefde98,0x00000000ecf00000)
  to   space 5120K, 0% used [0x00000000eee00000,0x00000000eee00000,0x00000000ef300000)
 ParOldGen       total 84992K, used 1145K [0x00000000c0000000, 0x00000000c5300000, 0x00000000eab00000)
  object space 84992K, 1% used [0x00000000c0000000,0x00000000c011e738,0x00000000c5300000)
 Metaspace       used 5993K, capacity 6960K, committed 7040K, reserved 1056768K
  class space    used 591K, capacity 616K, committed 640K, reserved 1048576K
Event: 1,718 GC heap after
Heap after GC invocations=2 (full 0):
 PSYoungGen      total 68608K, used 5088K [0x00000000eab00000, 0x00000000ef300000, 0x0000000100000000)
  eden space 63488K, 0% used [0x00000000eab00000,0x00000000eab00000,0x00000000ee900000)
  from space 5120K, 99% used [0x00000000eee00000,0x00000000ef2f8100,0x00000000ef300000)
  to   space 5120K, 0% used [0x00000000ee900000,0x00000000ee900000,0x00000000eee00000)
 ParOldGen       total 84992K, used 5880K [0x00000000c0000000, 0x00000000c5300000, 0x00000000eab00000)
  object space 84992K, 6% used [0x00000000c0000000,0x00000000c05be030,0x00000000c5300000)
 Metaspace       used 5993K, capacity 6960K, committed 7040K, reserved 1056768K
  class space    used 591K, capacity 616K, committed 640K, reserved 1048576K
}
Event: 2,561 GC heap before
{Heap before GC invocations=3 (full 0):
 PSYoungGen      total 68608K, used 68576K [0x00000000eab00000, 0x00000000ef300000, 0x0000000100000000)
  eden space 63488K, 100% used [0x00000000eab00000,0x00000000ee900000,0x00000000ee900000)
  from space 5120K, 99% used [0x00000000eee00000,0x00000000ef2f8100,0x00000000ef300000)
  to   space 5120K, 0% used [0x00000000ee900000,0x00000000ee900000,0x00000000eee00000)
 ParOldGen       total 84992K, used 5880K [0x00000000c0000000, 0x00000000c5300000, 0x00000000eab00000)
  object space 84992K, 6% used [0x00000000c0000000,0x00000000c05be030,0x00000000c5300000)
 Metaspace       used 6080K, capacity 7024K, committed 7296K, reserved 1056768K
  class space    used 591K, capacity 616K, committed 640K, reserved 1048576K
Event: 2,676 GC heap after
Heap after GC invocations=3 (full 0):
 PSYoungGen      total 68608K, used 5117K [0x00000000eab00000, 0x00000000f3100000, 0x0000000100000000)
  eden space 63488K, 0% used [0x00000000eab00000,0x00000000eab00000,0x00000000ee900000)
  from space 5120K, 99% used [0x00000000ee900000,0x00000000eedff6c8,0x00000000eee00000)
  to   space 5120K, 0% used [0x00000000f2c00000,0x00000000f2c00000,0x00000000f3100000)
 ParOldGen       total 84992K, used 15053K [0x00000000c0000000, 0x00000000c5300000, 0x00000000eab00000)
  object space 84992K, 17% used [0x00000000c0000000,0x00000000c0eb3688,0x00000000c5300000)
 Metaspace       used 6080K, capacity 7024K, committed 7296K, reserved 1056768K
  class space    used 591K, capacity 616K, committed 640K, reserved 1048576K
}
Event: 3,061 GC heap before
{Heap before GC invocations=4 (full 0):
 PSYoungGen      total 68608K, used 68605K [0x00000000eab00000, 0x00000000f3100000, 0x0000000100000000)
  eden space 63488K, 100% used [0x00000000eab00000,0x00000000ee900000,0x00000000ee900000)
  from space 5120K, 99% used [0x00000000ee900000,0x00000000eedff6c8,0x00000000eee00000)
  to   space 5120K, 0% used [0x00000000f2c00000,0x00000000f2c00000,0x00000000f3100000)
 ParOldGen       total 84992K, used 15053K [0x00000000c0000000, 0x00000000c5300000, 0x00000000eab00000)
  object space 84992K, 17% used [0x00000000c0000000,0x00000000c0eb3688,0x00000000c5300000)
 Metaspace       used 6095K, capacity 7024K, committed 7296K, reserved 1056768K
  class space    used 591K, capacity 616K, committed 640K, reserved 1048576K
Event: 3,203 GC heap after
Heap after GC invocations=4 (full 0):
 PSYoungGen      total 132096K, used 5091K [0x00000000eab00000, 0x00000000f3100000, 0x0000000100000000)
  eden space 126976K, 0% used [0x00000000eab00000,0x00000000eab00000,0x00000000f2700000)
  from space 5120K, 99% used [0x00000000f2c00000,0x00000000f30f8cc0,0x00000000f3100000)
  to   space 5120K, 0% used [0x00000000f2700000,0x00000000f2700000,0x00000000f2c00000)
 ParOldGen       total 84992K, used 24588K [0x00000000c0000000, 0x00000000c5300000, 0x00000000eab00000)
  object space 84992K, 28% used [0x00000000c0000000,0x00000000c1803080,0x00000000c5300000)
 Metaspace       used 6095K, capacity 7024K, committed 7296K, reserved 1056768K
  class space    used 591K, capacity 616K, committed 640K, reserved 1048576K
}
Event: 4,296 GC heap before
{Heap before GC invocations=5 (full 0):
 PSYoungGen      total 132096K, used 132067K [0x00000000eab00000, 0x00000000f3100000, 0x0000000100000000)
  eden space 126976K, 100% used [0x00000000eab00000,0x00000000f2700000,0x00000000f2700000)
  from space 5120K, 99% used [0x00000000f2c00000,0x00000000f30f8cc0,0x00000000f3100000)
  to   space 5120K, 0% used [0x00000000f2700000,0x00000000f2700000,0x00000000f2c00000)
 ParOldGen       total 84992K, used 24588K [0x00000000c0000000, 0x00000000c5300000, 0x00000000eab00000)
  object space 84992K, 28% used [0x00000000c0000000,0x00000000c1803080,0x00000000c5300000)
 Metaspace       used 6231K, capacity 7088K, committed 7296K, reserved 1056768K
  class space    used 591K, capacity 616K, committed 640K, reserved 1048576K

Deoptimization events (10 events):
Event: 3,385 Thread 0x00007fbbe0148000 Uncommon trap: reason=class_check action=maybe_recompile pc=0x00007fbbd06cb414 method=java.util.HashMap.putVal(ILjava/lang/Object;Ljava/lang/Object;ZZ)Ljava/lang/Object; @ 203
Event: 3,385 Thread 0x00007fbbe0148000 Uncommon trap: reason=bimorphic action=maybe_recompile pc=0x00007fbbd03a7de8 method=java.util.HashMap.getNode(ILjava/lang/Object;)Ljava/util/HashMap$Node; @ 126
Event: 3,385 Thread 0x00007fbbe0148000 Uncommon trap: reason=class_check action=maybe_recompile pc=0x00007fbbd06cb414 method=java.util.HashMap.putVal(ILjava/lang/Object;Ljava/lang/Object;ZZ)Ljava/lang/Object; @ 203
Event: 3,385 Thread 0x00007fbbe0148000 Uncommon trap: reason=bimorphic action=maybe_recompile pc=0x00007fbbd036c770 method=java.util.HashMap.getNode(ILjava/lang/Object;)Ljava/util/HashMap$Node; @ 126
Event: 3,385 Thread 0x00007fbbe0148000 Uncommon trap: reason=bimorphic action=maybe_recompile pc=0x00007fbbd036c770 method=java.util.HashMap.getNode(ILjava/lang/Object;)Ljava/util/HashMap$Node; @ 126
Event: 3,385 Thread 0x00007fbbe0148000 Uncommon trap: reason=bimorphic action=maybe_recompile pc=0x00007fbbd03a7de8 method=java.util.HashMap.getNode(ILjava/lang/Object;)Ljava/util/HashMap$Node; @ 126
Event: 3,442 Thread 0x00007fbbe014f000 Uncommon trap: reason=class_check action=maybe_recompile pc=0x00007fbbd06cb414 method=java.util.HashMap.putVal(ILjava/lang/Object;Ljava/lang/Object;ZZ)Ljava/lang/Object; @ 203
Event: 3,526 Thread 0x00007fbbe014d800 Uncommon trap: reason=class_check action=maybe_recompile pc=0x00007fbbd06cb414 method=java.util.HashMap.putVal(ILjava/lang/Object;Ljava/lang/Object;ZZ)Ljava/lang/Object; @ 203
Event: 3,712 Thread 0x00007fbbe0148000 Uncommon trap: reason=class_check action=maybe_recompile pc=0x00007fbbd07582e8 method=com.android.dx.ssa.SCCP.simulatePhi(Lcom/android/dx/ssa/PhiInsn;)V @ 124
Event: 3,760 Thread 0x00007fbbe0148000 Uncommon trap: reason=class_check action=maybe_recompile pc=0x00007fbbd07582e8 method=com.android.dx.ssa.SCCP.simulatePhi(Lcom/android/dx/ssa/PhiInsn;)V @ 124

Internal exceptions (3 events):
Event: 0,034 Thread 0x00007fbbe000a000 Exception <a 'java/lang/NoSuchMethodError': Method sun.misc.Unsafe.defineClass(Ljava/lang/String;[BII)Ljava/lang/Class; name or signature does not match> (0x00000000eab07cc0) thrown at [/HUDSON/workspace/8-2-build-linux-amd64/jdk8u91/6644/hotspot/src/shar
Event: 0,034 Thread 0x00007fbbe000a000 Exception <a 'java/lang/NoSuchMethodError': Method sun.misc.Unsafe.prefetchRead(Ljava/lang/Object;J)V name or signature does not match> (0x00000000eab07fa8) thrown at [/HUDSON/workspace/8-2-build-linux-amd64/jdk8u91/6644/hotspot/src/share/vm/prims/jni.cpp
Event: 1,788 Thread 0x00007fbbe014d800 Implicit null exception at 0x00007fbbd0450022 to 0x00007fbbd045011b

Events (10 events):
Event: 3,886 Thread 0x00007fbbe000a000 DEOPT UNPACKING pc=0x00007fbbd01b0633 sp=0x00007fbbe6182388 mode 0
Event: 3,963 Thread 0x00007fbbe000a000 DEOPT PACKING pc=0x00007fbbd04fa248 sp=0x00007fbbe6182600
Event: 3,963 Thread 0x00007fbbe000a000 DEOPT UNPACKING pc=0x00007fbbd01b0633 sp=0x00007fbbe6182388 mode 0
Event: 4,102 Executing VM operation: EnableBiasedLocking
Event: 4,104 Executing VM operation: EnableBiasedLocking done
Event: 4,117 Thread 0x00007fbbe0148000 DEOPT PACKING pc=0x00007fbbd04fa248 sp=0x00007fbbc5bcfb90
Event: 4,117 Thread 0x00007fbbe0148000 DEOPT UNPACKING pc=0x00007fbbd01b0633 sp=0x00007fbbc5bcf918 mode 0
Event: 4,130 Thread 0x00007fbbe0148000 DEOPT PACKING pc=0x00007fbbd0523443 sp=0x00007fbbc5bcfcc0
Event: 4,130 Thread 0x00007fbbe0148000 DEOPT UNPACKING pc=0x00007fbbd01b0633 sp=0x00007fbbc5bcfa60 mode 0
Event: 4,276 Executing VM operation: ParallelGCFailedAllocation


Dynamic libraries:
00400000-00401000 r-xp 00000000 08:01 9839507                            /usr/lib/jvm/java-8-oracle/bin/java
00600000-00601000 rw-p 00000000 08:01 9839507                            /usr/lib/jvm/java-8-oracle/bin/java
01545000-01566000 rw-p 00000000 00:00 0                                  [heap]
c0000000-c5300000 rw-p 00000000 00:00 0 
c5300000-eab00000 ---p 00000000 00:00 0 
eab00000-f3100000 rw-p 00000000 00:00 0 
fd700000-100000000 ---p 00000000 00:00 0 
100000000-1000a0000 rw-p 00000000 00:00 0 
1000a0000-140000000 ---p 00000000 00:00 0 
7fbb60000000-7fbb60024000 rw-p 00000000 00:00 0 
7fbb60024000-7fbb64000000 ---p 00000000 00:00 0 
7fbb64000000-7fbb64021000 rw-p 00000000 00:00 0 
7fbb64021000-7fbb68000000 ---p 00000000 00:00 0 
7fbb68000000-7fbb68021000 rw-p 00000000 00:00 0 
7fbb68021000-7fbb6c000000 ---p 00000000 00:00 0 
7fbb6c000000-7fbb6c023000 rw-p 00000000 00:00 0 
7fbb6c023000-7fbb70000000 ---p 00000000 00:00 0 
7fbb70000000-7fbb70021000 rw-p 00000000 00:00 0 
7fbb70021000-7fbb74000000 ---p 00000000 00:00 0 
7fbb74000000-7fbb7403e000 rw-p 00000000 00:00 0 
7fbb7403e000-7fbb78000000 ---p 00000000 00:00 0 
7fbb78000000-7fbb787b9000 rw-p 00000000 00:00 0 
7fbb787b9000-7fbb7c000000 ---p 00000000 00:00 0 
7fbb7c000000-7fbb7c021000 rw-p 00000000 00:00 0 
7fbb7c021000-7fbb80000000 ---p 00000000 00:00 0 
7fbb80000000-7fbb809e8000 rw-p 00000000 00:00 0 
7fbb809e8000-7fbb84000000 ---p 00000000 00:00 0 
7fbb84000000-7fbb8471f000 rw-p 00000000 00:00 0 
7fbb8471f000-7fbb88000000 ---p 00000000 00:00 0 
7fbb88000000-7fbb88021000 rw-p 00000000 00:00 0 
7fbb88021000-7fbb8c000000 ---p 00000000 00:00 0 
7fbb8c000000-7fbb8c742000 rw-p 00000000 00:00 0 
7fbb8c742000-7fbb90000000 ---p 00000000 00:00 0 
7fbb90000000-7fbb90021000 rw-p 00000000 00:00 0 
7fbb90021000-7fbb94000000 ---p 00000000 00:00 0 
7fbb94000000-7fbb94021000 rw-p 00000000 00:00 0 
7fbb94021000-7fbb98000000 ---p 00000000 00:00 0 
7fbb98000000-7fbb98021000 rw-p 00000000 00:00 0 
7fbb98021000-7fbb9c000000 ---p 00000000 00:00 0 
7fbb9c000000-7fbb9c28f000 rw-p 00000000 00:00 0 
7fbb9c28f000-7fbba0000000 ---p 00000000 00:00 0 
7fbba0000000-7fbba0021000 rw-p 00000000 00:00 0 
7fbba0021000-7fbba4000000 ---p 00000000 00:00 0 
7fbba4000000-7fbba4021000 rw-p 00000000 00:00 0 
7fbba4021000-7fbba8000000 ---p 00000000 00:00 0 
7fbba8000000-7fbba8021000 rw-p 00000000 00:00 0 
7fbba8021000-7fbbac000000 ---p 00000000 00:00 0 
7fbbb0000000-7fbbb0021000 rw-p 00000000 00:00 0 
7fbbb0021000-7fbbb4000000 ---p 00000000 00:00 0 
7fbbb8000000-7fbbb8021000 rw-p 00000000 00:00 0 
7fbbb8021000-7fbbbc000000 ---p 00000000 00:00 0 
7fbbc0000000-7fbbc0021000 rw-p 00000000 00:00 0 
7fbbc0021000-7fbbc4000000 ---p 00000000 00:00 0 
7fbbc56b0000-7fbbc56cd000 r--p 00000000 08:01 11012338                   /usr/share/locale-langpack/tr/LC_MESSAGES/libc.mo
7fbbc56cd000-7fbbc56d0000 ---p 00000000 00:00 0 
7fbbc56d0000-7fbbc57ce000 rw-p 00000000 00:00 0 
7fbbc57ce000-7fbbc57d1000 ---p 00000000 00:00 0 
7fbbc57d1000-7fbbc58cf000 rw-p 00000000 00:00 0 
7fbbc58cf000-7fbbc58d2000 ---p 00000000 00:00 0 
7fbbc58d2000-7fbbc59d0000 rw-p 00000000 00:00 0 
7fbbc59d0000-7fbbc59d3000 ---p 00000000 00:00 0 
7fbbc59d3000-7fbbc5ad1000 rw-p 00000000 00:00 0 
7fbbc5ad1000-7fbbc5ad4000 ---p 00000000 00:00 0 
7fbbc5ad4000-7fbbc5bd2000 rw-p 00000000 00:00 0 
7fbbc5bd2000-7fbbc5be3000 r--s 000cf000 08:01 159889                     /home/oguz/.gradle/caches/modules-2/files-2.1/com.fasterxml.jackson.core/jackson-databind/2.3.2/c75edc740a6d8cb1cef6fa82fa594e0bce561916/jackson-databind-2.3.2.jar
7fbbc5be3000-7fbbc5be4000 ---p 00000000 00:00 0 
7fbbc5be4000-7fbbc5ce4000 rw-p 00000000 00:00 0 
7fbbc5ce4000-7fbbc5ce7000 ---p 00000000 00:00 0 
7fbbc5ce7000-7fbbc5de5000 rw-p 00000000 00:00 0 
7fbbc5de5000-7fbbc5de8000 ---p 00000000 00:00 0 
7fbbc5de8000-7fbbc5ee6000 rw-p 00000000 00:00 0 
7fbbc5ee6000-7fbbc5ee9000 ---p 00000000 00:00 0 
7fbbc5ee9000-7fbbc5fe7000 rw-p 00000000 00:00 0 
7fbbc5fe7000-7fbbc5fea000 ---p 00000000 00:00 0 
7fbbc5fea000-7fbbc60e8000 rw-p 00000000 00:00 0 
7fbbc60e8000-7fbbc60eb000 ---p 00000000 00:00 0 
7fbbc60eb000-7fbbc61e9000 rw-p 00000000 00:00 0 
7fbbc61e9000-7fbbc61ec000 ---p 00000000 00:00 0 
7fbbc61ec000-7fbbc62ea000 rw-p 00000000 00:00 0 
7fbbc62ea000-7fbbc6722000 r--p 00000000 08:01 9700768                    /usr/lib/locale/locale-archive
7fbbc6722000-7fbbc6725000 ---p 00000000 00:00 0 
7fbbc6725000-7fbbc6823000 rw-p 00000000 00:00 0 
7fbbc6823000-7fbbc6826000 ---p 00000000 00:00 0 
7fbbc6826000-7fbbc6924000 rw-p 00000000 00:00 0 
7fbbc6924000-7fbbc6925000 ---p 00000000 00:00 0 
7fbbc6925000-7fbbc8000000 rw-p 00000000 00:00 0 
7fbbc8000000-7fbbc8021000 rw-p 00000000 00:00 0 
7fbbc8021000-7fbbcc000000 ---p 00000000 00:00 0 
7fbbcc008000-7fbbcc671000 rw-p 00000000 00:00 0 
7fbbcc671000-7fbbcc84a000 r--s 03d1f000 08:01 9967487                    /usr/lib/jvm/java-8-oracle/jre/lib/rt.jar
7fbbcc84a000-7fbbcceca000 rw-p 00000000 00:00 0 
7fbbcceca000-7fbbcd04a000 ---p 00000000 00:00 0 
7fbbcd04a000-7fbbcf24a000 rw-p 00000000 00:00 0 
7fbbcf24a000-7fbbcf24b000 ---p 00000000 00:00 0 
7fbbcf24b000-7fbbcf34b000 rw-p 00000000 00:00 0 
7fbbcf34b000-7fbbcf34c000 ---p 00000000 00:00 0 
7fbbcf34c000-7fbbcf44c000 rw-p 00000000 00:00 0 
7fbbcf44c000-7fbbcf44d000 ---p 00000000 00:00 0 
7fbbcf44d000-7fbbcf54d000 rw-p 00000000 00:00 0 
7fbbcf54d000-7fbbcf54e000 ---p 00000000 00:00 0 
7fbbcf54e000-7fbbcf64e000 rw-p 00000000 00:00 0 
7fbbcf64e000-7fbbcf64f000 ---p 00000000 00:00 0 
7fbbcf64f000-7fbbcf74f000 rw-p 00000000 00:00 0 
7fbbcf74f000-7fbbcf750000 ---p 00000000 00:00 0 
7fbbcf750000-7fbbcf850000 rw-p 00000000 00:00 0 
7fbbcf850000-7fbbcf851000 ---p 00000000 00:00 0 
7fbbcf851000-7fbbcf951000 rw-p 00000000 00:00 0 
7fbbcf951000-7fbbcf952000 ---p 00000000 00:00 0 
7fbbcf952000-7fbbcfa7c000 rw-p 00000000 00:00 0 
7fbbcfa7c000-7fbbcfba8000 ---p 00000000 00:00 0 
7fbbcfba8000-7fbbcfbd2000 rw-p 00000000 00:00 0 
7fbbcfbd2000-7fbbcfcfd000 ---p 00000000 00:00 0 
7fbbcfcfd000-7fbbcfd41000 rw-p 00000000 00:00 0 
7fbbcfd41000-7fbbcfda8000 ---p 00000000 00:00 0 
7fbbcfda8000-7fbbcfdc4000 rw-p 00000000 00:00 0 
7fbbcfdc4000-7fbbd0169000 ---p 00000000 00:00 0 
7fbbd0169000-7fbbd0809000 rwxp 00000000 00:00 0 
7fbbd0809000-7fbbdf169000 ---p 00000000 00:00 0 
7fbbdf169000-7fbbdf183000 r-xp 00000000 08:01 10092954                   /usr/lib/jvm/java-8-oracle/jre/lib/amd64/libzip.so
7fbbdf183000-7fbbdf383000 ---p 0001a000 08:01 10092954                   /usr/lib/jvm/java-8-oracle/jre/lib/amd64/libzip.so
7fbbdf383000-7fbbdf384000 rw-p 0001a000 08:01 10092954                   /usr/lib/jvm/java-8-oracle/jre/lib/amd64/libzip.so
7fbbdf384000-7fbbdf38f000 r-xp 00000000 08:01 7603299                    /lib/x86_64-linux-gnu/libnss_files-2.23.so
7fbbdf38f000-7fbbdf58e000 ---p 0000b000 08:01 7603299                    /lib/x86_64-linux-gnu/libnss_files-2.23.so
7fbbdf58e000-7fbbdf58f000 r--p 0000a000 08:01 7603299                    /lib/x86_64-linux-gnu/libnss_files-2.23.so
7fbbdf58f000-7fbbdf590000 rw-p 0000b000 08:01 7603299                    /lib/x86_64-linux-gnu/libnss_files-2.23.so
7fbbdf590000-7fbbdf596000 rw-p 00000000 00:00 0 
7fbbdf596000-7fbbdf5a1000 r-xp 00000000 08:01 7603296                    /lib/x86_64-linux-gnu/libnss_nis-2.23.so
7fbbdf5a1000-7fbbdf7a0000 ---p 0000b000 08:01 7603296                    /lib/x86_64-linux-gnu/libnss_nis-2.23.so
7fbbdf7a0000-7fbbdf7a1000 r--p 0000a000 08:01 7603296                    /lib/x86_64-linux-gnu/libnss_nis-2.23.so
7fbbdf7a1000-7fbbdf7a2000 rw-p 0000b000 08:01 7603296                    /lib/x86_64-linux-gnu/libnss_nis-2.23.so
7fbbdf7a2000-7fbbdf7b8000 r-xp 00000000 08:01 7603294                    /lib/x86_64-linux-gnu/libnsl-2.23.so
7fbbdf7b8000-7fbbdf9b8000 ---p 00016000 08:01 7603294                    /lib/x86_64-linux-gnu/libnsl-2.23.so
7fbbdf9b8000-7fbbdf9b9000 r--p 00016000 08:01 7603294                    /lib/x86_64-linux-gnu/libnsl-2.23.so
7fbbdf9b9000-7fbbdf9ba000 rw-p 00017000 08:01 7603294                    /lib/x86_64-linux-gnu/libnsl-2.23.so
7fbbdf9ba000-7fbbdf9bc000 rw-p 00000000 00:00 0 
7fbbdf9bc000-7fbbdf9c4000 r-xp 00000000 08:01 7603292                    /lib/x86_64-linux-gnu/libnss_compat-2.23.so
7fbbdf9c4000-7fbbdfbc3000 ---p 00008000 08:01 7603292                    /lib/x86_64-linux-gnu/libnss_compat-2.23.so
7fbbdfbc3000-7fbbdfbc4000 r--p 00007000 08:01 7603292                    /lib/x86_64-linux-gnu/libnss_compat-2.23.so
7fbbdfbc4000-7fbbdfbc5000 rw-p 00008000 08:01 7603292                    /lib/x86_64-linux-gnu/libnss_compat-2.23.so
7fbbdfbc5000-7fbbdfbef000 r-xp 00000000 08:01 10092949                   /usr/lib/jvm/java-8-oracle/jre/lib/amd64/libjava.so
7fbbdfbef000-7fbbdfdef000 ---p 0002a000 08:01 10092949                   /usr/lib/jvm/java-8-oracle/jre/lib/amd64/libjava.so
7fbbdfdef000-7fbbdfdf1000 rw-p 0002a000 08:01 10092949                   /usr/lib/jvm/java-8-oracle/jre/lib/amd64/libjava.so
7fbbdfdf1000-7fbbdfdfe000 r-xp 00000000 08:01 10092953                   /usr/lib/jvm/java-8-oracle/jre/lib/amd64/libverify.so
7fbbdfdfe000-7fbbdfffe000 ---p 0000d000 08:01 10092953                   /usr/lib/jvm/java-8-oracle/jre/lib/amd64/libverify.so
7fbbdfffe000-7fbbe0000000 rw-p 0000d000 08:01 10092953                   /usr/lib/jvm/java-8-oracle/jre/lib/amd64/libverify.so
7fbbe0000000-7fbbe039a000 rw-p 00000000 00:00 0 
7fbbe039a000-7fbbe4000000 ---p 00000000 00:00 0 
7fbbe4005000-7fbbe400c000 r--s 00000000 08:01 10092992                   /usr/lib/x86_64-linux-gnu/gconv/gconv-modules.cache
7fbbe400c000-7fbbe401b000 r--s 000df000 08:01 5246091                    /home/oguz/Android/Sdk/build-tools/23.0.3/lib/dx.jar
7fbbe401b000-7fbbe4091000 rw-p 00000000 00:00 0 
7fbbe4091000-7fbbe4098000 r-xp 00000000 08:01 7603308                    /lib/x86_64-linux-gnu/librt-2.23.so
7fbbe4098000-7fbbe4297000 ---p 00007000 08:01 7603308                    /lib/x86_64-linux-gnu/librt-2.23.so
7fbbe4297000-7fbbe4298000 r--p 00006000 08:01 7603308                    /lib/x86_64-linux-gnu/librt-2.23.so
7fbbe4298000-7fbbe4299000 rw-p 00007000 08:01 7603308                    /lib/x86_64-linux-gnu/librt-2.23.so
7fbbe4299000-7fbbe43a1000 r-xp 00000000 08:01 7603305                    /lib/x86_64-linux-gnu/libm-2.23.so
7fbbe43a1000-7fbbe45a0000 ---p 00108000 08:01 7603305                    /lib/x86_64-linux-gnu/libm-2.23.so
7fbbe45a0000-7fbbe45a1000 r--p 00107000 08:01 7603305                    /lib/x86_64-linux-gnu/libm-2.23.so
7fbbe45a1000-7fbbe45a2000 rw-p 00108000 08:01 7603305                    /lib/x86_64-linux-gnu/libm-2.23.so
7fbbe45a2000-7fbbe5262000 r-xp 00000000 08:01 10092932                   /usr/lib/jvm/java-8-oracle/jre/lib/amd64/server/libjvm.so
7fbbe5262000-7fbbe5462000 ---p 00cc0000 08:01 10092932                   /usr/lib/jvm/java-8-oracle/jre/lib/amd64/server/libjvm.so
7fbbe5462000-7fbbe553a000 rw-p 00cc0000 08:01 10092932                   /usr/lib/jvm/java-8-oracle/jre/lib/amd64/server/libjvm.so
7fbbe553a000-7fbbe5585000 rw-p 00000000 00:00 0 
7fbbe5585000-7fbbe5745000 r-xp 00000000 08:01 7603313                    /lib/x86_64-linux-gnu/libc-2.23.so
7fbbe5745000-7fbbe5945000 ---p 001c0000 08:01 7603313                    /lib/x86_64-linux-gnu/libc-2.23.so
7fbbe5945000-7fbbe5949000 r--p 001c0000 08:01 7603313                    /lib/x86_64-linux-gnu/libc-2.23.so
7fbbe5949000-7fbbe594b000 rw-p 001c4000 08:01 7603313                    /lib/x86_64-linux-gnu/libc-2.23.so
7fbbe594b000-7fbbe594f000 rw-p 00000000 00:00 0 
7fbbe594f000-7fbbe5952000 r-xp 00000000 08:01 7603314                    /lib/x86_64-linux-gnu/libdl-2.23.so
7fbbe5952000-7fbbe5b51000 ---p 00003000 08:01 7603314                    /lib/x86_64-linux-gnu/libdl-2.23.so
7fbbe5b51000-7fbbe5b52000 r--p 00002000 08:01 7603314                    /lib/x86_64-linux-gnu/libdl-2.23.so
7fbbe5b52000-7fbbe5b53000 rw-p 00003000 08:01 7603314                    /lib/x86_64-linux-gnu/libdl-2.23.so
7fbbe5b53000-7fbbe5b68000 r-xp 00000000 08:01 9840182                    /usr/lib/jvm/java-8-oracle/lib/amd64/jli/libjli.so
7fbbe5b68000-7fbbe5d68000 ---p 00015000 08:01 9840182                    /usr/lib/jvm/java-8-oracle/lib/amd64/jli/libjli.so
7fbbe5d68000-7fbbe5d69000 rw-p 00015000 08:01 9840182                    /usr/lib/jvm/java-8-oracle/lib/amd64/jli/libjli.so
7fbbe5d69000-7fbbe5d81000 r-xp 00000000 08:01 7603312                    /lib/x86_64-linux-gnu/libpthread-2.23.so
7fbbe5d81000-7fbbe5f80000 ---p 00018000 08:01 7603312                    /lib/x86_64-linux-gnu/libpthread-2.23.so
7fbbe5f80000-7fbbe5f81000 r--p 00017000 08:01 7603312                    /lib/x86_64-linux-gnu/libpthread-2.23.so
7fbbe5f81000-7fbbe5f82000 rw-p 00018000 08:01 7603312                    /lib/x86_64-linux-gnu/libpthread-2.23.so
7fbbe5f82000-7fbbe5f86000 rw-p 00000000 00:00 0 
7fbbe5f86000-7fbbe5fac000 r-xp 00000000 08:01 7603309                    /lib/x86_64-linux-gnu/ld-2.23.so
7fbbe5fb2000-7fbbe6084000 rw-p 00000000 00:00 0 
7fbbe6084000-7fbbe6087000 ---p 00000000 00:00 0 
7fbbe6087000-7fbbe6189000 rw-p 00000000 00:00 0 
7fbbe618b000-7fbbe619f000 rw-p 00000000 00:00 0 
7fbbe619f000-7fbbe61a7000 rw-s 00000000 08:01 161073                     /tmp/hsperfdata_oguz/14564
7fbbe61a7000-7fbbe61a8000 rw-p 00000000 00:00 0 
7fbbe61a8000-7fbbe61a9000 ---p 00000000 00:00 0 
7fbbe61a9000-7fbbe61ab000 rw-p 00000000 00:00 0 
7fbbe61ab000-7fbbe61ac000 r--p 00025000 08:01 7603309                    /lib/x86_64-linux-gnu/ld-2.23.so
7fbbe61ac000-7fbbe61ad000 rw-p 00026000 08:01 7603309                    /lib/x86_64-linux-gnu/ld-2.23.so
7fbbe61ad000-7fbbe61ae000 rw-p 00000000 00:00 0 
7fff77046000-7fff77067000 rw-p 00000000 00:00 0                          [stack]
7fff7718a000-7fff7718c000 r--p 00000000 00:00 0                          [vvar]
7fff7718c000-7fff7718e000 r-xp 00000000 00:00 0                          [vdso]
ffffffffff600000-ffffffffff601000 r-xp 00000000 00:00 0                  [vsyscall]

VM Arguments:
jvm_args: -Djava.awt.headless=true -Xmx1024M -Dfile.encoding=UTF-8 -Duser.country=TR -Duser.language=tr -Duser.variant 
java_command: com.android.dx.command.Main --dex --force-jumbo --num-threads=4 --multi-dex --output /home/oguz/AndroidStudioProjects/FomApplication/app/build/intermediates/transforms/dex/debug/folders/1000/10/jackson-databind-2.3.2_51c4623ebbbe6b6f2e96a48accc07b8b3796ca57 /home/oguz/.gradle/caches/modules-2/files-2.1/com.fasterxml.jackson.core/jackson-databind/2.3.2/c75edc740a6d8cb1cef6fa82fa594e0bce561916/jackson-databind-2.3.2.jar
java_class_path (initial): /home/oguz/Android/Sdk/build-tools/23.0.3/lib/dx.jar
Launcher Type: SUN_STANDARD

Environment Variables:
PATH=/usr/local/sbin:/usr/local/bin:/usr/sbin:/usr/bin:/sbin:/bin:/usr/games:/usr/local/games:/snap/bin
LD_LIBRARY_PATH=/home/oguz/Masaüstü/Derleyiciler/android-studio/bin:
SHELL=/bin/bash
DISPLAY=:0

Signal Handlers:
SIGSEGV: [libjvm.so+0xabca10], sa_mask[0]=11111111011111111101111111111110, sa_flags=SA_RESTART|SA_SIGINFO
SIGBUS: [libjvm.so+0xabca10], sa_mask[0]=11111111011111111101111111111110, sa_flags=SA_RESTART|SA_SIGINFO
SIGFPE: [libjvm.so+0x919a20], sa_mask[0]=11111111011111111101111111111110, sa_flags=SA_RESTART|SA_SIGINFO
SIGPIPE: [libjvm.so+0x919a20], sa_mask[0]=11111111011111111101111111111110, sa_flags=SA_RESTART|SA_SIGINFO
SIGXFSZ: [libjvm.so+0x919a20], sa_mask[0]=11111111011111111101111111111110, sa_flags=SA_RESTART|SA_SIGINFO
SIGILL: [libjvm.so+0x919a20], sa_mask[0]=11111111011111111101111111111110, sa_flags=SA_RESTART|SA_SIGINFO
SIGUSR1: SIG_DFL, sa_mask[0]=00000000000000000000000000000000, sa_flags=none
SIGUSR2: [libjvm.so+0x91b050], sa_mask[0]=00100000000000000000000000000000, sa_flags=SA_RESTART|SA_SIGINFO
SIGHUP: [libjvm.so+0x91c450], sa_mask[0]=11111111011111111101111111111110, sa_flags=SA_RESTART|SA_SIGINFO
SIGINT: [libjvm.so+0x91c450], sa_mask[0]=11111111011111111101111111111110, sa_flags=SA_RESTART|SA_SIGINFO
SIGTERM: [libjvm.so+0x91c450], sa_mask[0]=11111111011111111101111111111110, sa_flags=SA_RESTART|SA_SIGINFO
SIGQUIT: [libjvm.so+0x91c450], sa_mask[0]=11111111011111111101111111111110, sa_flags=SA_RESTART|SA_SIGINFO


---------------  S Y S T E M  ---------------

OS:DISTRIB_ID=Ubuntu
DISTRIB_RELEASE=16.04
DISTRIB_CODENAME=xenial
DISTRIB_DESCRIPTION="Ubuntu Xenial Xerus (development branch)"

uname:Linux 4.4.0-22-generic #39-Ubuntu SMP Thu May 5 16:53:32 UTC 2016 x86_64
libc:glibc 2.23 NPTL 2.23 
rlimit: STACK 8192k, CORE 0k, NPROC 31498, NOFILE 65536, AS infinity
load average:2,35 1,36 1,04

/proc/meminfo:
MemTotal:        8101800 kB
MemFree:           61992 kB
MemAvailable:     150912 kB
Buffers:            5348 kB
Cached:           459852 kB
SwapCached:            0 kB
Active:          7420472 kB
Inactive:         394200 kB
Active(anon):    7377160 kB
Inactive(anon):   359244 kB
Active(file):      43312 kB
Inactive(file):    34956 kB
Unevictable:          88 kB
Mlocked:              88 kB
SwapTotal:             0 kB
SwapFree:              0 kB
Dirty:               624 kB
Writeback:             0 kB
AnonPages:       7349420 kB
Mapped:           158280 kB
Shmem:            387216 kB
Slab:             105632 kB
SReclaimable:      53024 kB
SUnreclaim:        52608 kB
KernelStack:       18320 kB
PageTables:        57516 kB
NFS_Unstable:          0 kB
Bounce:                0 kB
WritebackTmp:          0 kB
CommitLimit:     4050900 kB
Committed_AS:   12995860 kB
VmallocTotal:   34359738367 kB
VmallocUsed:           0 kB
VmallocChunk:          0 kB
HardwareCorrupted:     0 kB
AnonHugePages:   4982784 kB
CmaTotal:              0 kB
CmaFree:               0 kB
HugePages_Total:       0
HugePages_Free:        0
HugePages_Rsvd:        0
HugePages_Surp:        0
Hugepagesize:       2048 kB
DirectMap4k:      156416 kB
DirectMap2M:     7110656 kB
DirectMap1G:     2097152 kB


CPU:total 8 (4 cores per cpu, 2 threads per core) family 6 model 60 stepping 3, cmov, cx8, fxsr, mmx, sse, sse2, sse3, ssse3, sse4.1, sse4.2, popcnt, avx, avx2, aes, clmul, erms, lzcnt, ht, tsc, tscinvbit, bmi1, bmi2

/proc/cpuinfo:
processor	: 0
vendor_id	: GenuineIntel
cpu family	: 6
model		: 60
model name	: Intel(R) Core(TM) i7-4700MQ CPU @ 2.40GHz
stepping	: 3
microcode	: 0x16
cpu MHz		: 1599.937
cache size	: 6144 KB
physical id	: 0
siblings	: 8
core id		: 0
cpu cores	: 4
apicid		: 0
initial apicid	: 0
fpu		: yes
fpu_exception	: yes
cpuid level	: 13
wp		: yes
flags		: fpu vme de pse tsc msr pae mce cx8 apic sep mtrr pge mca cmov pat pse36 clflush dts acpi mmx fxsr sse sse2 ss ht tm pbe syscall nx pdpe1gb rdtscp lm constant_tsc arch_perfmon pebs bts rep_good nopl xtopology nonstop_tsc aperfmperf eagerfpu pni pclmulqdq dtes64 monitor ds_cpl vmx est tm2 ssse3 sdbg fma cx16 xtpr pdcm pcid sse4_1 sse4_2 movbe popcnt tsc_deadline_timer aes xsave avx f16c rdrand lahf_lm abm epb tpr_shadow vnmi flexpriority ept vpid fsgsbase tsc_adjust bmi1 avx2 smep bmi2 erms invpcid xsaveopt dtherm ida arat pln pts
bugs		:
bogomips	: 4789.08
clflush size	: 64
cache_alignment	: 64
address sizes	: 39 bits physical, 48 bits virtual
power management:

processor	: 1
vendor_id	: GenuineIntel
cpu family	: 6
model		: 60
model name	: Intel(R) Core(TM) i7-4700MQ CPU @ 2.40GHz
stepping	: 3
microcode	: 0x16
cpu MHz		: 1599.937
cache size	: 6144 KB
physical id	: 0
siblings	: 8
core id		: 0
cpu cores	: 4
apicid		: 1
initial apicid	: 1
fpu		: yes
fpu_exception	: yes
cpuid level	: 13
wp		: yes
flags		: fpu vme de pse tsc msr pae mce cx8 apic sep mtrr pge mca cmov pat pse36 clflush dts acpi mmx fxsr sse sse2 ss ht tm pbe syscall nx pdpe1gb rdtscp lm constant_tsc arch_perfmon pebs bts rep_good nopl xtopology nonstop_tsc aperfmperf eagerfpu pni pclmulqdq dtes64 monitor ds_cpl vmx est tm2 ssse3 sdbg fma cx16 xtpr pdcm pcid sse4_1 sse4_2 movbe popcnt tsc_deadline_timer aes xsave avx f16c rdrand lahf_lm abm epb tpr_shadow vnmi flexpriority ept vpid fsgsbase tsc_adjust bmi1 avx2 smep bmi2 erms invpcid xsaveopt dtherm ida arat pln pts
bugs		:
bogomips	: 4789.08
clflush size	: 64
cache_alignment	: 64
address sizes	: 39 bits physical, 48 bits virtual
power management:

processor	: 2
vendor_id	: GenuineIntel
cpu family	: 6
model		: 60
model name	: Intel(R) Core(TM) i7-4700MQ CPU @ 2.40GHz
stepping	: 3
microcode	: 0x16
cpu MHz		: 1599.937
cache size	: 6144 KB
physical id	: 0
siblings	: 8
core id		: 1
cpu cores	: 4
apicid		: 2
initial apicid	: 2
fpu		: yes
fpu_exception	: yes
cpuid level	: 13
wp		: yes
flags		: fpu vme de pse tsc msr pae mce cx8 apic sep mtrr pge mca cmov pat pse36 clflush dts acpi mmx fxsr sse sse2 ss ht tm pbe syscall nx pdpe1gb rdtscp lm constant_tsc arch_perfmon pebs bts rep_good nopl xtopology nonstop_tsc aperfmperf eagerfpu pni pclmulqdq dtes64 monitor ds_cpl vmx est tm2 ssse3 sdbg fma cx16 xtpr pdcm pcid sse4_1 sse4_2 movbe popcnt tsc_deadline_timer aes xsave avx f16c rdrand lahf_lm abm epb tpr_shadow vnmi flexpriority ept vpid fsgsbase tsc_adjust bmi1 avx2 smep bmi2 erms invpcid xsaveopt dtherm ida arat pln pts
bugs		:
bogomips	: 4789.08
clflush size	: 64
cache_alignment	: 64
address sizes	: 39 bits physical, 48 bits virtual
power management:

processor	: 3
vendor_id	: GenuineIntel
cpu family	: 6
model		: 60
model name	: Intel(R) Core(TM) i7-4700MQ CPU @ 2.40GHz
stepping	: 3
microcode	: 0x16
cpu MHz		: 1599.937
cache size	: 6144 KB
physical id	: 0
siblings	: 8
core id		: 1
cpu cores	: 4
apicid		: 3
initial apicid	: 3
fpu		: yes
fpu_exception	: yes
cpuid level	: 13
wp		: yes
flags		: fpu vme de pse tsc msr pae mce cx8 apic sep mtrr pge mca cmov pat pse36 clflush dts acpi mmx fxsr sse sse2 ss ht tm pbe syscall nx pdpe1gb rdtscp lm constant_tsc arch_perfmon pebs bts rep_good nopl xtopology nonstop_tsc aperfmperf eagerfpu pni pclmulqdq dtes64 monitor ds_cpl vmx est tm2 ssse3 sdbg fma cx16 xtpr pdcm pcid sse4_1 sse4_2 movbe popcnt tsc_deadline_timer aes xsave avx f16c rdrand lahf_lm abm epb tpr_shadow vnmi flexpriority ept vpid fsgsbase tsc_adjust bmi1 avx2 smep bmi2 erms invpcid xsaveopt dtherm ida arat pln pts
bugs		:
bogomips	: 4789.08
clflush size	: 64
cache_alignment	: 64
address sizes	: 39 bits physical, 48 bits virtual
power management:

processor	: 4
vendor_id	: GenuineIntel
cpu family	: 6
model		: 60
model name	: Intel(R) Core(TM) i7-4700MQ CPU @ 2.40GHz
stepping	: 3
microcode	: 0x16
cpu MHz		: 1599.937
cache size	: 6144 KB
physical id	: 0
siblings	: 8
core id		: 2
cpu cores	: 4
apicid		: 4
initial apicid	: 4
fpu		: yes
fpu_exception	: yes
cpuid level	: 13
wp		: yes
flags		: fpu vme de pse tsc msr pae mce cx8 apic sep mtrr pge mca cmov pat pse36 clflush dts acpi mmx fxsr sse sse2 ss ht tm pbe syscall nx pdpe1gb rdtscp lm constant_tsc arch_perfmon pebs bts rep_good nopl xtopology nonstop_tsc aperfmperf eagerfpu pni pclmulqdq dtes64 monitor ds_cpl vmx est tm2 ssse3 sdbg fma cx16 xtpr pdcm pcid sse4_1 sse4_2 movbe popcnt tsc_deadline_timer aes xsave avx f16c rdrand lahf_lm abm epb tpr_shadow vnmi flexpriority ept vpid fsgsbase tsc_adjust bmi1 avx2 smep bmi2 erms invpcid xsaveopt dtherm ida arat pln pts
bugs		:
bogomips	: 4789.08
clflush size	: 64
cache_alignment	: 64
address sizes	: 39 bits physical, 48 bits virtual
power management:

processor	: 5
vendor_id	: GenuineIntel
cpu family	: 6
model		: 60
model name	: Intel(R) Core(TM) i7-4700MQ CPU @ 2.40GHz
stepping	: 3
microcode	: 0x16
cpu MHz		: 1599.937
cache size	: 6144 KB
physical id	: 0
siblings	: 8
core id		: 2
cpu cores	: 4
apicid		: 5
initial apicid	: 5
fpu		: yes
fpu_exception	: yes
cpuid level	: 13
wp		: yes
flags		: fpu vme de pse tsc msr pae mce cx8 apic sep mtrr pge mca cmov pat pse36 clflush dts acpi mmx fxsr sse sse2 ss ht tm pbe syscall nx pdpe1gb rdtscp lm constant_tsc arch_perfmon pebs bts rep_good nopl xtopology nonstop_tsc aperfmperf eagerfpu pni pclmulqdq dtes64 monitor ds_cpl vmx est tm2 ssse3 sdbg fma cx16 xtpr pdcm pcid sse4_1 sse4_2 movbe popcnt tsc_deadline_timer aes xsave avx f16c rdrand lahf_lm abm epb tpr_shadow vnmi flexpriority ept vpid fsgsbase tsc_adjust bmi1 avx2 smep bmi2 erms invpcid xsaveopt dtherm ida arat pln pts
bugs		:
bogomips	: 4789.08
clflush size	: 64
cache_alignment	: 64
address sizes	: 39 bits physical, 48 bits virtual
power management:

processor	: 6
vendor_id	: GenuineIntel
cpu family	: 6
model		: 60
model name	: Intel(R) Core(TM) i7-4700MQ CPU @ 2.40GHz
stepping	: 3
microcode	: 0x16
cpu MHz		: 1599.937
cache size	: 6144 KB
physical id	: 0
siblings	: 8
core id		: 3
cpu cores	: 4
apicid		: 6
initial apicid	: 6
fpu		: yes
fpu_exception	: yes
cpuid level	: 13
wp		: yes
flags		: fpu vme de pse tsc msr pae mce cx8 apic sep mtrr pge mca cmov pat pse36 clflush dts acpi mmx fxsr sse sse2 ss ht tm pbe syscall nx pdpe1gb rdtscp lm constant_tsc arch_perfmon pebs bts rep_good nopl xtopology nonstop_tsc aperfmperf eagerfpu pni pclmulqdq dtes64 monitor ds_cpl vmx est tm2 ssse3 sdbg fma cx16 xtpr pdcm pcid sse4_1 sse4_2 movbe popcnt tsc_deadline_timer aes xsave avx f16c rdrand lahf_lm abm epb tpr_shadow vnmi flexpriority ept vpid fsgsbase tsc_adjust bmi1 avx2 smep bmi2 erms invpcid xsaveopt dtherm ida arat pln pts
bugs		:
bogomips	: 4789.08
clflush size	: 64
cache_alignment	: 64
address sizes	: 39 bits physical, 48 bits virtual
power management:

processor	: 7
vendor_id	: GenuineIntel
cpu family	: 6
model		: 60
model name	: Intel(R) Core(TM) i7-4700MQ CPU @ 2.40GHz
stepping	: 3
microcode	: 0x16
cpu MHz		: 1599.937
cache size	: 6144 KB
physical id	: 0
siblings	: 8
core id		: 3
cpu cores	: 4
apicid		: 7
initial apicid	: 7
fpu		: yes
fpu_exception	: yes
cpuid level	: 13
wp		: yes
flags		: fpu vme de pse tsc msr pae mce cx8 apic sep mtrr pge mca cmov pat pse36 clflush dts acpi mmx fxsr sse sse2 ss ht tm pbe syscall nx pdpe1gb rdtscp lm constant_tsc arch_perfmon pebs bts rep_good nopl xtopology nonstop_tsc aperfmperf eagerfpu pni pclmulqdq dtes64 monitor ds_cpl vmx est tm2 ssse3 sdbg fma cx16 xtpr pdcm pcid sse4_1 sse4_2 movbe popcnt tsc_deadline_timer aes xsave avx f16c rdrand lahf_lm abm epb tpr_shadow vnmi flexpriority ept vpid fsgsbase tsc_adjust bmi1 avx2 smep bmi2 erms invpcid xsaveopt dtherm ida arat pln pts
bugs		:
bogomips	: 4789.08
clflush size	: 64
cache_alignment	: 64
address sizes	: 39 bits physical, 48 bits virtual
power management:



Memory: 4k page, physical 8101800k(61992k free), swap 0k(0k free)

vm_info: Java HotSpot(TM) 64-Bit Server VM (25.91-b14) for linux-amd64 JRE (1.8.0_91-b14), built on Apr  1 2016 00:57:21 by "java_re" with gcc 4.3.0 20080428 (Red Hat 4.3.0-8)

time: Tue Jul 19 12:02:02 2016
elapsed time: 4 seconds (0d 0h 0m 4s)

