#
# There is insufficient memory for the Java Runtime Environment to continue.
# Native memory allocation (mmap) failed to map 176160768 bytes for committing reserved memory.
# Possible reasons:
#   The system is out of physical RAM or swap space
#   In 32 bit mode, the process size limit was hit
# Possible solutions:
#   Reduce memory load on the system
#   Increase physical memory or swap space
#   Check if swap backing store is full
#   Use 64 bit Java on a 64 bit OS
#   Decrease Java heap size (-Xmx/-Xms)
#   Decrease number of Java threads
#   Decrease Java thread stack sizes (-Xss)
#   Set larger code cache with -XX:ReservedCodeCacheSize=
# This output file may be truncated or incomplete.
#
#  Out of Memory Error (os_linux.cpp:2627), pid=18015, tid=140703674935040
#
# JRE version: Java(TM) SE Runtime Environment (8.0_91-b14) (build 1.8.0_91-b14)
# Java VM: Java HotSpot(TM) 64-Bit Server VM (25.91-b14 mixed mode linux-amd64 compressed oops)
# Failed to write core dump. Core dumps have been disabled. To enable core dumping, try "ulimit -c unlimited" before starting Java again
#

---------------  T H R E A D  ---------------

Current thread (0x00007ff840080000):  VMThread [stack: 0x00007ff820802000,0x00007ff820903000] [id=18028]

Stack: [0x00007ff820802000,0x00007ff820903000],  sp=0x00007ff820900fa0,  free space=1019k
Native frames: (J=compiled Java code, j=interpreted, Vv=VM code, C=native code)
V  [libjvm.so+0xabc18a]  VMError::report_and_die()+0x2ba
V  [libjvm.so+0x4fafeb]  report_vm_out_of_memory(char const*, int, unsigned long, VMErrorType, char const*)+0x8b
V  [libjvm.so+0x91cbb3]  os::Linux::commit_memory_impl(char*, unsigned long, bool)+0x103
V  [libjvm.so+0x91d109]  os::pd_commit_memory(char*, unsigned long, unsigned long, bool)+0x29
V  [libjvm.so+0x91740a]  os::commit_memory(char*, unsigned long, unsigned long, bool)+0x2a
V  [libjvm.so+0x98b033]  PSVirtualSpace::expand_by(unsigned long)+0x53
V  [libjvm.so+0x98c438]  PSYoungGen::resize_generation(unsigned long, unsigned long)+0xf8
V  [libjvm.so+0x98b592]  PSYoungGen::resize(unsigned long, unsigned long)+0x22
V  [libjvm.so+0x98886b]  PSScavenge::invoke_no_policy()+0xf3b
V  [libjvm.so+0x988ff1]  PSScavenge::invoke()+0x41
V  [libjvm.so+0x9408b0]  ParallelScavengeHeap::failed_mem_allocate(unsigned long)+0x70
V  [libjvm.so+0xabdba7]  VM_ParallelGCFailedAllocation::doit()+0x97
V  [libjvm.so+0xac55d5]  VM_Operation::evaluate()+0x55
V  [libjvm.so+0xac39aa]  VMThread::evaluate_operation(VM_Operation*)+0xba
V  [libjvm.so+0xac3d2e]  VMThread::loop()+0x1ce
V  [libjvm.so+0xac41a0]  VMThread::run()+0x70
V  [libjvm.so+0x91ef78]  java_start(Thread*)+0x108

VM_Operation (0x00007ff8036f48f0): ParallelGCFailedAllocation, mode: safepoint, requested by thread 0x00007ff840147800


---------------  P R O C E S S  ---------------

Java Threads: ( => current thread )
  0x00007ff840149000 JavaThread "pool-2-thread-4" [_thread_blocked, id=18044, stack(0x00007ff8034f5000,0x00007ff8035f6000)]
  0x00007ff840147800 JavaThread "pool-2-thread-3" [_thread_blocked, id=18043, stack(0x00007ff8035f6000,0x00007ff8036f7000)]
  0x00007ff840145800 JavaThread "pool-2-thread-2" [_thread_blocked, id=18042, stack(0x00007ff8036f7000,0x00007ff8037f8000)]
  0x00007ff840144800 JavaThread "pool-3-thread-1" [_thread_blocked, id=18041, stack(0x00007ff8037f8000,0x00007ff8038f9000)]
  0x00007ff840142800 JavaThread "pool-2-thread-1" [_thread_blocked, id=18040, stack(0x00007ff8038f9000,0x00007ff8039fa000)]
  0x00007ff8400ca800 JavaThread "Service Thread" daemon [_thread_blocked, id=18036, stack(0x00007ff803afb000,0x00007ff803bfc000)]
  0x00007ff8400c7800 JavaThread "C1 CompilerThread3" daemon [_thread_blocked, id=18035, stack(0x00007ff803bfc000,0x00007ff803cfd000)]
  0x00007ff8400c5800 JavaThread "C2 CompilerThread2" daemon [_thread_blocked, id=18034, stack(0x00007ff803cfd000,0x00007ff803dfe000)]
  0x00007ff8400c4000 JavaThread "C2 CompilerThread1" daemon [_thread_in_native, id=18033, stack(0x00007ff803dfe000,0x00007ff803eff000)]
  0x00007ff8400c1000 JavaThread "C2 CompilerThread0" daemon [_thread_in_native, id=18032, stack(0x00007ff803eff000,0x00007ff804000000)]
  0x00007ff8400bf800 JavaThread "Signal Dispatcher" daemon [_thread_blocked, id=18031, stack(0x00007ff8200c7000,0x00007ff8201c8000)]
  0x00007ff84008c800 JavaThread "Finalizer" daemon [_thread_blocked, id=18030, stack(0x00007ff820600000,0x00007ff820701000)]
  0x00007ff840087800 JavaThread "Reference Handler" daemon [_thread_blocked, id=18029, stack(0x00007ff820701000,0x00007ff820802000)]
  0x00007ff84000a000 JavaThread "main" [_thread_blocked, id=18019, stack(0x00007ff847f44000,0x00007ff848045000)]

Other Threads:
=>0x00007ff840080000 VMThread [stack: 0x00007ff820802000,0x00007ff820903000] [id=18028]
  0x00007ff8400cd800 WatcherThread [stack: 0x00007ff8039fa000,0x00007ff803afb000] [id=18037]

VM state:at safepoint (normal execution)

VM Mutex/Monitor currently owned by a thread:  ([mutex/lock_event])
[0x00007ff840006570] Threads_lock - owner thread: 0x00007ff840080000
[0x00007ff840006a70] Heap_lock - owner thread: 0x00007ff840147800

Heap:
 PSYoungGen      total 132096K, used 5099K [0x00000000eab00000, 0x00000000f3100000, 0x0000000100000000)
  eden space 126976K, 0% used [0x00000000eab00000,0x00000000eab00000,0x00000000f2700000)
  from space 5120K, 99% used [0x00000000f2700000,0x00000000f2bfadb0,0x00000000f2c00000)
  to   space 5120K, 0% used [0x00000000f2c00000,0x00000000f2c00000,0x00000000f3100000)
 ParOldGen       total 84992K, used 43568K [0x00000000c0000000, 0x00000000c5300000, 0x00000000eab00000)
  object space 84992K, 51% used [0x00000000c0000000,0x00000000c2a8c0d0,0x00000000c5300000)
 Metaspace       used 6297K, capacity 7128K, committed 7424K, reserved 1056768K
  class space    used 614K, capacity 656K, committed 768K, reserved 1048576K

Card table byte_map: [0x00007ff844af9000,0x00007ff844cfa000] byte_map_base: 0x00007ff8444f9000

Marking Bits: (ParMarkBitMap*) 0x00007ff847418d60
 Begin Bits: [0x00007ff822000000, 0x00007ff823000000)
 End Bits:   [0x00007ff823000000, 0x00007ff824000000)

Polling page: 0x00007ff848068000

CodeCache: size=245760Kb used=6868Kb max_used=6868Kb free=238892Kb
 bounds [0x00007ff831000000, 0x00007ff8316c0000, 0x00007ff840000000]
 total_blobs=2083 nmethods=1814 adapters=182
 compilation: enabled

Compilation events (10 events):
Event: 6,927 Thread 0x00007ff8400c7800 2100       2       com.android.dx.cf.code.LocalVariableList::set (21 bytes)
Event: 6,927 Thread 0x00007ff8400c7800 nmethod 2100 0x00007ff8316b8490 code [0x00007ff8316b8660, 0x00007ff8316b8b58]
Event: 6,927 Thread 0x00007ff8400c7800 2111       2       com.android.dx.ssa.SsaMethod$1::visitMoveInsn (17 bytes)
Event: 6,927 Thread 0x00007ff8400c7800 nmethod 2111 0x00007ff8316b9050 code [0x00007ff8316b91c0, 0x00007ff8316b93d0]
Event: 6,927 Thread 0x00007ff8400c7800 2115       2       com.android.dx.ssa.SsaBasicBlock::getLiveOutRegs (26 bytes)
Event: 6,928 Thread 0x00007ff8400c7800 nmethod 2115 0x00007ff8316b9590 code [0x00007ff8316b9700, 0x00007ff8316b9a08]
Event: 6,928 Thread 0x00007ff8400c7800 2083       2       com.android.dx.cf.code.Simulator::requiredArrayTypeFor (61 bytes)
Event: 6,928 Thread 0x00007ff8400c7800 nmethod 2083 0x00007ff8316b9bd0 code [0x00007ff8316b9d80, 0x00007ff8316ba098]
Event: 6,928 Thread 0x00007ff8400c7800 2095       2       java.util.concurrent.locks.AbstractQueuedSynchronizer::hasQueuedPredecessors (40 bytes)
Event: 6,928 Thread 0x00007ff8400c7800 nmethod 2095 0x00007ff8316ba350 code [0x00007ff8316ba4c0, 0x00007ff8316ba670]

GC Heap History (9 events):
Event: 2,984 GC heap before
{Heap before GC invocations=1 (full 0):
 PSYoungGen      total 36864K, used 31744K [0x00000000eab00000, 0x00000000ed400000, 0x0000000100000000)
  eden space 31744K, 100% used [0x00000000eab00000,0x00000000eca00000,0x00000000eca00000)
  from space 5120K, 0% used [0x00000000ecf00000,0x00000000ecf00000,0x00000000ed400000)
  to   space 5120K, 0% used [0x00000000eca00000,0x00000000eca00000,0x00000000ecf00000)
 ParOldGen       total 84992K, used 0K [0x00000000c0000000, 0x00000000c5300000, 0x00000000eab00000)
  object space 84992K, 0% used [0x00000000c0000000,0x00000000c0000000,0x00000000c5300000)
 Metaspace       used 5698K, capacity 6704K, committed 6784K, reserved 1056768K
  class space    used 584K, capacity 616K, committed 640K, reserved 1048576K
Event: 3,046 GC heap after
Heap after GC invocations=1 (full 0):
 PSYoungGen      total 36864K, used 5118K [0x00000000eab00000, 0x00000000ef300000, 0x0000000100000000)
  eden space 31744K, 0% used [0x00000000eab00000,0x00000000eab00000,0x00000000eca00000)
  from space 5120K, 99% used [0x00000000eca00000,0x00000000eceffa98,0x00000000ecf00000)
  to   space 5120K, 0% used [0x00000000eee00000,0x00000000eee00000,0x00000000ef300000)
 ParOldGen       total 84992K, used 476K [0x00000000c0000000, 0x00000000c5300000, 0x00000000eab00000)
  object space 84992K, 0% used [0x00000000c0000000,0x00000000c0077010,0x00000000c5300000)
 Metaspace       used 5698K, capacity 6704K, committed 6784K, reserved 1056768K
  class space    used 584K, capacity 616K, committed 640K, reserved 1048576K
}
Event: 4,076 GC heap before
{Heap before GC invocations=2 (full 0):
 PSYoungGen      total 36864K, used 36862K [0x00000000eab00000, 0x00000000ef300000, 0x0000000100000000)
  eden space 31744K, 100% used [0x00000000eab00000,0x00000000eca00000,0x00000000eca00000)
  from space 5120K, 99% used [0x00000000eca00000,0x00000000eceffa98,0x00000000ecf00000)
  to   space 5120K, 0% used [0x00000000eee00000,0x00000000eee00000,0x00000000ef300000)
 ParOldGen       total 84992K, used 476K [0x00000000c0000000, 0x00000000c5300000, 0x00000000eab00000)
  object space 84992K, 0% used [0x00000000c0000000,0x00000000c0077010,0x00000000c5300000)
 Metaspace       used 5867K, capacity 6832K, committed 7040K, reserved 1056768K
  class space    used 591K, capacity 616K, committed 640K, reserved 1048576K
Event: 4,192 GC heap after
Heap after GC invocations=2 (full 0):
 PSYoungGen      total 68608K, used 5094K [0x00000000eab00000, 0x00000000ef300000, 0x0000000100000000)
  eden space 63488K, 0% used [0x00000000eab00000,0x00000000eab00000,0x00000000ee900000)
  from space 5120K, 99% used [0x00000000eee00000,0x00000000ef2f9bb0,0x00000000ef300000)
  to   space 5120K, 0% used [0x00000000ee900000,0x00000000ee900000,0x00000000eee00000)
 ParOldGen       total 84992K, used 2962K [0x00000000c0000000, 0x00000000c5300000, 0x00000000eab00000)
  object space 84992K, 3% used [0x00000000c0000000,0x00000000c02e4a50,0x00000000c5300000)
 Metaspace       used 5867K, capacity 6832K, committed 7040K, reserved 1056768K
  class space    used 591K, capacity 616K, committed 640K, reserved 1048576K
}
Event: 4,892 GC heap before
{Heap before GC invocations=3 (full 0):
 PSYoungGen      total 68608K, used 68582K [0x00000000eab00000, 0x00000000ef300000, 0x0000000100000000)
  eden space 63488K, 100% used [0x00000000eab00000,0x00000000ee900000,0x00000000ee900000)
  from space 5120K, 99% used [0x00000000eee00000,0x00000000ef2f9bb0,0x00000000ef300000)
  to   space 5120K, 0% used [0x00000000ee900000,0x00000000ee900000,0x00000000eee00000)
 ParOldGen       total 84992K, used 2962K [0x00000000c0000000, 0x00000000c5300000, 0x00000000eab00000)
  object space 84992K, 3% used [0x00000000c0000000,0x00000000c02e4a50,0x00000000c5300000)
 Metaspace       used 5933K, capacity 6896K, committed 7040K, reserved 1056768K
  class space    used 593K, capacity 616K, committed 640K, reserved 1048576K
Event: 5,089 GC heap after
Heap after GC invocations=3 (full 0):
 PSYoungGen      total 68608K, used 5110K [0x00000000eab00000, 0x00000000f3100000, 0x0000000100000000)
  eden space 63488K, 0% used [0x00000000eab00000,0x00000000eab00000,0x00000000ee900000)
  from space 5120K, 99% used [0x00000000ee900000,0x00000000eedfdbb8,0x00000000eee00000)
  to   space 5120K, 0% used [0x00000000f2c00000,0x00000000f2c00000,0x00000000f3100000)
 ParOldGen       total 84992K, used 13593K [0x00000000c0000000, 0x00000000c5300000, 0x00000000eab00000)
  object space 84992K, 15% used [0x00000000c0000000,0x00000000c0d464c8,0x00000000c5300000)
 Metaspace       used 5933K, capacity 6896K, committed 7040K, reserved 1056768K
  class space    used 593K, capacity 616K, committed 640K, reserved 1048576K
}
Event: 5,718 GC heap before
{Heap before GC invocations=4 (full 0):
 PSYoungGen      total 68608K, used 68598K [0x00000000eab00000, 0x00000000f3100000, 0x0000000100000000)
  eden space 63488K, 100% used [0x00000000eab00000,0x00000000ee900000,0x00000000ee900000)
  from space 5120K, 99% used [0x00000000ee900000,0x00000000eedfdbb8,0x00000000eee00000)
  to   space 5120K, 0% used [0x00000000f2c00000,0x00000000f2c00000,0x00000000f3100000)
 ParOldGen       total 84992K, used 13593K [0x00000000c0000000, 0x00000000c5300000, 0x00000000eab00000)
  object space 84992K, 15% used [0x00000000c0000000,0x00000000c0d464c8,0x00000000c5300000)
 Metaspace       used 6111K, capacity 7000K, committed 7168K, reserved 1056768K
  class space    used 613K, capacity 656K, committed 768K, reserved 1048576K
Event: 5,806 GC heap after
Heap after GC invocations=4 (full 0):
 PSYoungGen      total 132096K, used 5089K [0x00000000eab00000, 0x00000000f3100000, 0x0000000100000000)
  eden space 126976K, 0% used [0x00000000eab00000,0x00000000eab00000,0x00000000f2700000)
  from space 5120K, 99% used [0x00000000f2c00000,0x00000000f30f8718,0x00000000f3100000)
  to   space 5120K, 0% used [0x00000000f2700000,0x00000000f2700000,0x00000000f2c00000)
 ParOldGen       total 84992K, used 23970K [0x00000000c0000000, 0x00000000c5300000, 0x00000000eab00000)
  object space 84992K, 28% used [0x00000000c0000000,0x00000000c1768af8,0x00000000c5300000)
 Metaspace       used 6111K, capacity 7000K, committed 7168K, reserved 1056768K
  class space    used 613K, capacity 656K, committed 768K, reserved 1048576K
}
Event: 6,939 GC heap before
{Heap before GC invocations=5 (full 0):
 PSYoungGen      total 132096K, used 132065K [0x00000000eab00000, 0x00000000f3100000, 0x0000000100000000)
  eden space 126976K, 100% used [0x00000000eab00000,0x00000000f2700000,0x00000000f2700000)
  from space 5120K, 99% used [0x00000000f2c00000,0x00000000f30f8718,0x00000000f3100000)
  to   space 5120K, 0% used [0x00000000f2700000,0x00000000f2700000,0x00000000f2c00000)
 ParOldGen       total 84992K, used 23970K [0x00000000c0000000, 0x00000000c5300000, 0x00000000eab00000)
  object space 84992K, 28% used [0x00000000c0000000,0x00000000c1768af8,0x00000000c5300000)
 Metaspace       used 6297K, capacity 7128K, committed 7424K, reserved 1056768K
  class space    used 614K, capacity 656K, committed 768K, reserved 1048576K

Deoptimization events (10 events):
Event: 4,330 Thread 0x00007ff840145800 Uncommon trap: reason=bimorphic action=maybe_recompile pc=0x00007ff831392344 method=com.android.dx.cf.code.BytecodeArray.parseInstruction(ILcom/android/dx/cf/code/BytecodeArray$Visitor;)I @ 1161
Event: 4,331 Thread 0x00007ff840145800 Uncommon trap: reason=bimorphic action=maybe_recompile pc=0x00007ff831392344 method=com.android.dx.cf.code.BytecodeArray.parseInstruction(ILcom/android/dx/cf/code/BytecodeArray$Visitor;)I @ 1161
Event: 4,385 Thread 0x00007ff840142800 Uncommon trap: reason=bimorphic action=maybe_recompile pc=0x00007ff831392344 method=com.android.dx.cf.code.BytecodeArray.parseInstruction(ILcom/android/dx/cf/code/BytecodeArray$Visitor;)I @ 1161
Event: 4,385 Thread 0x00007ff840142800 Uncommon trap: reason=bimorphic action=maybe_recompile pc=0x00007ff831392344 method=com.android.dx.cf.code.BytecodeArray.parseInstruction(ILcom/android/dx/cf/code/BytecodeArray$Visitor;)I @ 1161
Event: 4,548 Thread 0x00007ff840142800 Uncommon trap: reason=unstable_if action=reinterpret pc=0x00007ff8312c0b04 method=com.android.dx.util.IntList.binarysearch(I)I @ 105
Event: 5,099 Thread 0x00007ff840149000 Uncommon trap: reason=unstable_if action=reinterpret pc=0x00007ff83136a258 method=com.android.dx.ssa.SCCP.simulateStmt(Lcom/android/dx/ssa/SsaInsn;)V @ 435
Event: 5,102 Thread 0x00007ff840149000 Uncommon trap: reason=bimorphic action=maybe_recompile pc=0x00007ff831269fd0 method=java.util.HashMap.getNode(ILjava/lang/Object;)Ljava/util/HashMap$Node; @ 126
Event: 6,068 Thread 0x00007ff840149000 Uncommon trap: reason=bimorphic action=maybe_recompile pc=0x00007ff83156263c method=com.android.dx.cf.code.BytecodeArray.parseInstruction(ILcom/android/dx/cf/code/BytecodeArray$Visitor;)I @ 2554
Event: 6,068 Thread 0x00007ff840149000 Uncommon trap: reason=bimorphic action=maybe_recompile pc=0x00007ff83156263c method=com.android.dx.cf.code.BytecodeArray.parseInstruction(ILcom/android/dx/cf/code/BytecodeArray$Visitor;)I @ 2554
Event: 6,734 Thread 0x00007ff840147800 Uncommon trap: reason=unstable_if action=reinterpret pc=0x00007ff831581324 method=com.android.dx.ssa.LocalVariableExtractor.processBlock(I)V @ 251

Internal exceptions (5 events):
Event: 0,336 Thread 0x00007ff84000a000 Exception <a 'java/lang/NoSuchMethodError': Method sun.misc.Unsafe.defineClass(Ljava/lang/String;[BII)Ljava/lang/Class; name or signature does not match> (0x00000000eab07cc0) thrown at [/HUDSON/workspace/8-2-build-linux-amd64/jdk8u91/6644/hotspot/src/shar
Event: 0,336 Thread 0x00007ff84000a000 Exception <a 'java/lang/NoSuchMethodError': Method sun.misc.Unsafe.prefetchRead(Ljava/lang/Object;J)V name or signature does not match> (0x00000000eab07fa8) thrown at [/HUDSON/workspace/8-2-build-linux-amd64/jdk8u91/6644/hotspot/src/share/vm/prims/jni.cpp
Event: 5,158 Thread 0x00007ff840149000 Exception <a 'java/lang/ArrayIndexOutOfBoundsException': 18> (0x00000000eaea87a8) thrown at [/HUDSON/workspace/8-2-build-linux-amd64/jdk8u91/6644/hotspot/src/share/vm/interpreter/interpreterRuntime.cpp, line 366]
Event: 5,159 Thread 0x00007ff840149000 Exception <a 'java/lang/ArrayIndexOutOfBoundsException'> (0x00000000eaeaa328) thrown at [/HUDSON/workspace/8-2-build-linux-amd64/jdk8u91/6644/hotspot/src/share/vm/runtime/sharedRuntime.cpp, line 605]
Event: 5,165 Thread 0x00007ff840149000 Exception <a 'java/lang/ArrayIndexOutOfBoundsException'> (0x00000000eaeab610) thrown at [/HUDSON/workspace/8-2-build-linux-amd64/jdk8u91/6644/hotspot/src/share/vm/runtime/sharedRuntime.cpp, line 605]

Events (10 events):
Event: 6,887 Thread 0x00007ff840142800 DEOPT UNPACKING pc=0x00007ff831047633 sp=0x00007ff8039f7988 mode 0
Event: 6,888 Thread 0x00007ff840145800 DEOPT PACKING pc=0x00007ff8312f74b2 sp=0x00007ff8037f5e70
Event: 6,888 Thread 0x00007ff840145800 DEOPT UNPACKING pc=0x00007ff831047633 sp=0x00007ff8037f5c08 mode 0
Event: 6,888 Thread 0x00007ff840145800 DEOPT PACKING pc=0x00007ff831283ecb sp=0x00007ff8037f5fd0
Event: 6,888 Thread 0x00007ff840145800 DEOPT UNPACKING pc=0x00007ff831047633 sp=0x00007ff8037f5d48 mode 0
Event: 6,891 Thread 0x00007ff840145800 DEOPT PACKING pc=0x00007ff8313ddfec sp=0x00007ff8037f6040
Event: 6,891 Thread 0x00007ff840145800 DEOPT UNPACKING pc=0x00007ff831047633 sp=0x00007ff8037f5d40 mode 0
Event: 6,913 Thread 0x00007ff840145800 DEOPT PACKING pc=0x00007ff831283ecb sp=0x00007ff8037f5db0
Event: 6,913 Thread 0x00007ff840145800 DEOPT UNPACKING pc=0x00007ff831047633 sp=0x00007ff8037f5b28 mode 0
Event: 6,929 Executing VM operation: ParallelGCFailedAllocation


Dynamic libraries:
00400000-00401000 r-xp 00000000 08:01 9839507                            /usr/lib/jvm/java-8-oracle/bin/java
00600000-00601000 rw-p 00000000 08:01 9839507                            /usr/lib/jvm/java-8-oracle/bin/java
01701000-01722000 rw-p 00000000 00:00 0                                  [heap]
c0000000-c5300000 rw-p 00000000 00:00 0 
c5300000-eab00000 ---p 00000000 00:00 0 
eab00000-f3100000 rw-p 00000000 00:00 0 
fd900000-100000000 ---p 00000000 00:00 0 
100000000-1000c0000 rw-p 00000000 00:00 0 
1000c0000-140000000 ---p 00000000 00:00 0 
7ff7c8000000-7ff7c803c000 rw-p 00000000 00:00 0 
7ff7c803c000-7ff7cc000000 ---p 00000000 00:00 0 
7ff7d0000000-7ff7d0026000 rw-p 00000000 00:00 0 
7ff7d0026000-7ff7d4000000 ---p 00000000 00:00 0 
7ff7d4000000-7ff7d4045000 rw-p 00000000 00:00 0 
7ff7d4045000-7ff7d8000000 ---p 00000000 00:00 0 
7ff7d8000000-7ff7d8021000 rw-p 00000000 00:00 0 
7ff7d8021000-7ff7dc000000 ---p 00000000 00:00 0 
7ff7dc000000-7ff7dc021000 rw-p 00000000 00:00 0 
7ff7dc021000-7ff7e0000000 ---p 00000000 00:00 0 
7ff7e0000000-7ff7e0021000 rw-p 00000000 00:00 0 
7ff7e0021000-7ff7e4000000 ---p 00000000 00:00 0 
7ff7e4000000-7ff7e4021000 rw-p 00000000 00:00 0 
7ff7e4021000-7ff7e8000000 ---p 00000000 00:00 0 
7ff7e8000000-7ff7e89f8000 rw-p 00000000 00:00 0 
7ff7e89f8000-7ff7ec000000 ---p 00000000 00:00 0 
7ff7ec000000-7ff7ec6d3000 rw-p 00000000 00:00 0 
7ff7ec6d3000-7ff7f0000000 ---p 00000000 00:00 0 
7ff7f0000000-7ff7f098a000 rw-p 00000000 00:00 0 
7ff7f098a000-7ff7f4000000 ---p 00000000 00:00 0 
7ff7f4000000-7ff7f4dec000 rw-p 00000000 00:00 0 
7ff7f4dec000-7ff7f8000000 ---p 00000000 00:00 0 
7ff7f8000000-7ff7f8021000 rw-p 00000000 00:00 0 
7ff7f8021000-7ff7fc000000 ---p 00000000 00:00 0 
7ff7fc000000-7ff7fc021000 rw-p 00000000 00:00 0 
7ff7fc021000-7ff800000000 ---p 00000000 00:00 0 
7ff8034f5000-7ff8034f8000 ---p 00000000 00:00 0 
7ff8034f8000-7ff8035f6000 rw-p 00000000 00:00 0 
7ff8035f6000-7ff8035f9000 ---p 00000000 00:00 0 
7ff8035f9000-7ff8036f7000 rw-p 00000000 00:00 0 
7ff8036f7000-7ff8036fa000 ---p 00000000 00:00 0 
7ff8036fa000-7ff8037f8000 rw-p 00000000 00:00 0 
7ff8037f8000-7ff8037fb000 ---p 00000000 00:00 0 
7ff8037fb000-7ff8038f9000 rw-p 00000000 00:00 0 
7ff8038f9000-7ff8038fc000 ---p 00000000 00:00 0 
7ff8038fc000-7ff8039fa000 rw-p 00000000 00:00 0 
7ff8039fa000-7ff8039fb000 ---p 00000000 00:00 0 
7ff8039fb000-7ff803afb000 rw-p 00000000 00:00 0 
7ff803afb000-7ff803afe000 ---p 00000000 00:00 0 
7ff803afe000-7ff803bfc000 rw-p 00000000 00:00 0 
7ff803bfc000-7ff803bff000 ---p 00000000 00:00 0 
7ff803bff000-7ff803cfd000 rw-p 00000000 00:00 0 
7ff803cfd000-7ff803d00000 ---p 00000000 00:00 0 
7ff803d00000-7ff803dfe000 rw-p 00000000 00:00 0 
7ff803dfe000-7ff803e01000 ---p 00000000 00:00 0 
7ff803e01000-7ff803eff000 rw-p 00000000 00:00 0 
7ff803eff000-7ff803f02000 ---p 00000000 00:00 0 
7ff803f02000-7ff804000000 rw-p 00000000 00:00 0 
7ff804000000-7ff80428f000 rw-p 00000000 00:00 0 
7ff80428f000-7ff808000000 ---p 00000000 00:00 0 
7ff808000000-7ff808021000 rw-p 00000000 00:00 0 
7ff808021000-7ff80c000000 ---p 00000000 00:00 0 
7ff80c000000-7ff80c021000 rw-p 00000000 00:00 0 
7ff80c021000-7ff810000000 ---p 00000000 00:00 0 
7ff810000000-7ff810021000 rw-p 00000000 00:00 0 
7ff810021000-7ff814000000 ---p 00000000 00:00 0 
7ff814000000-7ff814021000 rw-p 00000000 00:00 0 
7ff814021000-7ff818000000 ---p 00000000 00:00 0 
7ff818000000-7ff818021000 rw-p 00000000 00:00 0 
7ff818021000-7ff81c000000 ---p 00000000 00:00 0 
7ff81c000000-7ff81c021000 rw-p 00000000 00:00 0 
7ff81c021000-7ff820000000 ---p 00000000 00:00 0 
7ff82007d000-7ff820084000 r--s 00000000 08:01 10092992                   /usr/lib/x86_64-linux-gnu/gconv/gconv-modules.cache
7ff820084000-7ff8200a1000 r--p 00000000 08:01 11012338                   /usr/share/locale-langpack/tr/LC_MESSAGES/libc.mo
7ff8200a1000-7ff8200b8000 r--s 000f9000 08:01 159521                     /home/oguz/.gradle/caches/modules-2/files-2.1/org.springframework/spring-core/4.3.0.RELEASE/1a0c76ffd8d8345064669f6cf255ab46a9881c77/spring-core-4.3.0.RELEASE.jar
7ff8200b8000-7ff8200c7000 r--s 000df000 08:01 5246091                    /home/oguz/Android/Sdk/build-tools/23.0.3/lib/dx.jar
7ff8200c7000-7ff8200ca000 ---p 00000000 00:00 0 
7ff8200ca000-7ff8201c8000 rw-p 00000000 00:00 0 
7ff8201c8000-7ff820600000 r--p 00000000 08:01 9700768                    /usr/lib/locale/locale-archive
7ff820600000-7ff820603000 ---p 00000000 00:00 0 
7ff820603000-7ff820701000 rw-p 00000000 00:00 0 
7ff820701000-7ff820704000 ---p 00000000 00:00 0 
7ff820704000-7ff820802000 rw-p 00000000 00:00 0 
7ff820802000-7ff820803000 ---p 00000000 00:00 0 
7ff820803000-7ff824000000 rw-p 00000000 00:00 0 
7ff824000000-7ff824021000 rw-p 00000000 00:00 0 
7ff824021000-7ff828000000 ---p 00000000 00:00 0 
7ff828000000-7ff828021000 rw-p 00000000 00:00 0 
7ff828021000-7ff82c000000 ---p 00000000 00:00 0 
7ff82c000000-7ff82c021000 rw-p 00000000 00:00 0 
7ff82c021000-7ff830000000 ---p 00000000 00:00 0 
7ff830002000-7ff830427000 rw-p 00000000 00:00 0 
7ff830427000-7ff830600000 r--s 03d1f000 08:01 9967487                    /usr/lib/jvm/java-8-oracle/jre/lib/rt.jar
7ff830600000-7ff830c80000 rw-p 00000000 00:00 0 
7ff830c80000-7ff830e00000 ---p 00000000 00:00 0 
7ff830e00000-7ff831000000 rw-p 00000000 00:00 0 
7ff831000000-7ff8316c0000 rwxp 00000000 00:00 0 
7ff8316c0000-7ff840000000 ---p 00000000 00:00 0 
7ff840000000-7ff84039a000 rw-p 00000000 00:00 0 
7ff84039a000-7ff844000000 ---p 00000000 00:00 0 
7ff844003000-7ff84419b000 rw-p 00000000 00:00 0 
7ff84419b000-7ff84419c000 ---p 00000000 00:00 0 
7ff84419c000-7ff84429c000 rw-p 00000000 00:00 0 
7ff84429c000-7ff84429d000 ---p 00000000 00:00 0 
7ff84429d000-7ff84439d000 rw-p 00000000 00:00 0 
7ff84439d000-7ff84439e000 ---p 00000000 00:00 0 
7ff84439e000-7ff84449e000 rw-p 00000000 00:00 0 
7ff84449e000-7ff84449f000 ---p 00000000 00:00 0 
7ff84449f000-7ff84459f000 rw-p 00000000 00:00 0 
7ff84459f000-7ff8445a0000 ---p 00000000 00:00 0 
7ff8445a0000-7ff8446a0000 rw-p 00000000 00:00 0 
7ff8446a0000-7ff8446a1000 ---p 00000000 00:00 0 
7ff8446a1000-7ff8447a1000 rw-p 00000000 00:00 0 
7ff8447a1000-7ff8447a2000 ---p 00000000 00:00 0 
7ff8447a2000-7ff8448a2000 rw-p 00000000 00:00 0 
7ff8448a2000-7ff8448a3000 ---p 00000000 00:00 0 
7ff8448a3000-7ff8449cd000 rw-p 00000000 00:00 0 
7ff8449cd000-7ff844af9000 ---p 00000000 00:00 0 
7ff844af9000-7ff844b23000 rw-p 00000000 00:00 0 
7ff844b23000-7ff844c4e000 ---p 00000000 00:00 0 
7ff844c4e000-7ff844c92000 rw-p 00000000 00:00 0 
7ff844c92000-7ff844cf9000 ---p 00000000 00:00 0 
7ff844cf9000-7ff844d15000 rw-p 00000000 00:00 0 
7ff844d15000-7ff8450ba000 ---p 00000000 00:00 0 
7ff8450ba000-7ff8450d4000 r-xp 00000000 08:01 10092954                   /usr/lib/jvm/java-8-oracle/jre/lib/amd64/libzip.so
7ff8450d4000-7ff8452d4000 ---p 0001a000 08:01 10092954                   /usr/lib/jvm/java-8-oracle/jre/lib/amd64/libzip.so
7ff8452d4000-7ff8452d5000 rw-p 0001a000 08:01 10092954                   /usr/lib/jvm/java-8-oracle/jre/lib/amd64/libzip.so
7ff8452d5000-7ff8452e0000 r-xp 00000000 08:01 7603299                    /lib/x86_64-linux-gnu/libnss_files-2.23.so
7ff8452e0000-7ff8454df000 ---p 0000b000 08:01 7603299                    /lib/x86_64-linux-gnu/libnss_files-2.23.so
7ff8454df000-7ff8454e0000 r--p 0000a000 08:01 7603299                    /lib/x86_64-linux-gnu/libnss_files-2.23.so
7ff8454e0000-7ff8454e1000 rw-p 0000b000 08:01 7603299                    /lib/x86_64-linux-gnu/libnss_files-2.23.so
7ff8454e1000-7ff8454e7000 rw-p 00000000 00:00 0 
7ff8454e7000-7ff8454f2000 r-xp 00000000 08:01 7603296                    /lib/x86_64-linux-gnu/libnss_nis-2.23.so
7ff8454f2000-7ff8456f1000 ---p 0000b000 08:01 7603296                    /lib/x86_64-linux-gnu/libnss_nis-2.23.so
7ff8456f1000-7ff8456f2000 r--p 0000a000 08:01 7603296                    /lib/x86_64-linux-gnu/libnss_nis-2.23.so
7ff8456f2000-7ff8456f3000 rw-p 0000b000 08:01 7603296                    /lib/x86_64-linux-gnu/libnss_nis-2.23.so
7ff8456f3000-7ff845709000 r-xp 00000000 08:01 7603294                    /lib/x86_64-linux-gnu/libnsl-2.23.so
7ff845709000-7ff845909000 ---p 00016000 08:01 7603294                    /lib/x86_64-linux-gnu/libnsl-2.23.so
7ff845909000-7ff84590a000 r--p 00016000 08:01 7603294                    /lib/x86_64-linux-gnu/libnsl-2.23.so
7ff84590a000-7ff84590b000 rw-p 00017000 08:01 7603294                    /lib/x86_64-linux-gnu/libnsl-2.23.so
7ff84590b000-7ff84590d000 rw-p 00000000 00:00 0 
7ff84590d000-7ff845915000 r-xp 00000000 08:01 7603292                    /lib/x86_64-linux-gnu/libnss_compat-2.23.so
7ff845915000-7ff845b14000 ---p 00008000 08:01 7603292                    /lib/x86_64-linux-gnu/libnss_compat-2.23.so
7ff845b14000-7ff845b15000 r--p 00007000 08:01 7603292                    /lib/x86_64-linux-gnu/libnss_compat-2.23.so
7ff845b15000-7ff845b16000 rw-p 00008000 08:01 7603292                    /lib/x86_64-linux-gnu/libnss_compat-2.23.so
7ff845b16000-7ff845b40000 r-xp 00000000 08:01 10092949                   /usr/lib/jvm/java-8-oracle/jre/lib/amd64/libjava.so
7ff845b40000-7ff845d40000 ---p 0002a000 08:01 10092949                   /usr/lib/jvm/java-8-oracle/jre/lib/amd64/libjava.so
7ff845d40000-7ff845d42000 rw-p 0002a000 08:01 10092949                   /usr/lib/jvm/java-8-oracle/jre/lib/amd64/libjava.so
7ff845d42000-7ff845d4f000 r-xp 00000000 08:01 10092953                   /usr/lib/jvm/java-8-oracle/jre/lib/amd64/libverify.so
7ff845d4f000-7ff845f4f000 ---p 0000d000 08:01 10092953                   /usr/lib/jvm/java-8-oracle/jre/lib/amd64/libverify.so
7ff845f4f000-7ff845f51000 rw-p 0000d000 08:01 10092953                   /usr/lib/jvm/java-8-oracle/jre/lib/amd64/libverify.so
7ff845f51000-7ff845f58000 r-xp 00000000 08:01 7603308                    /lib/x86_64-linux-gnu/librt-2.23.so
7ff845f58000-7ff846157000 ---p 00007000 08:01 7603308                    /lib/x86_64-linux-gnu/librt-2.23.so
7ff846157000-7ff846158000 r--p 00006000 08:01 7603308                    /lib/x86_64-linux-gnu/librt-2.23.so
7ff846158000-7ff846159000 rw-p 00007000 08:01 7603308                    /lib/x86_64-linux-gnu/librt-2.23.so
7ff846159000-7ff846261000 r-xp 00000000 08:01 7603305                    /lib/x86_64-linux-gnu/libm-2.23.so
7ff846261000-7ff846460000 ---p 00108000 08:01 7603305                    /lib/x86_64-linux-gnu/libm-2.23.so
7ff846460000-7ff846461000 r--p 00107000 08:01 7603305                    /lib/x86_64-linux-gnu/libm-2.23.so
7ff846461000-7ff846462000 rw-p 00108000 08:01 7603305                    /lib/x86_64-linux-gnu/libm-2.23.so
7ff846462000-7ff847122000 r-xp 00000000 08:01 10092932                   /usr/lib/jvm/java-8-oracle/jre/lib/amd64/server/libjvm.so
7ff847122000-7ff847322000 ---p 00cc0000 08:01 10092932                   /usr/lib/jvm/java-8-oracle/jre/lib/amd64/server/libjvm.so
7ff847322000-7ff8473fa000 rw-p 00cc0000 08:01 10092932                   /usr/lib/jvm/java-8-oracle/jre/lib/amd64/server/libjvm.so
7ff8473fa000-7ff847445000 rw-p 00000000 00:00 0 
7ff847445000-7ff847605000 r-xp 00000000 08:01 7603313                    /lib/x86_64-linux-gnu/libc-2.23.so
7ff847605000-7ff847805000 ---p 001c0000 08:01 7603313                    /lib/x86_64-linux-gnu/libc-2.23.so
7ff847805000-7ff847809000 r--p 001c0000 08:01 7603313                    /lib/x86_64-linux-gnu/libc-2.23.so
7ff847809000-7ff84780b000 rw-p 001c4000 08:01 7603313                    /lib/x86_64-linux-gnu/libc-2.23.so
7ff84780b000-7ff84780f000 rw-p 00000000 00:00 0 
7ff84780f000-7ff847812000 r-xp 00000000 08:01 7603314                    /lib/x86_64-linux-gnu/libdl-2.23.so
7ff847812000-7ff847a11000 ---p 00003000 08:01 7603314                    /lib/x86_64-linux-gnu/libdl-2.23.so
7ff847a11000-7ff847a12000 r--p 00002000 08:01 7603314                    /lib/x86_64-linux-gnu/libdl-2.23.so
7ff847a12000-7ff847a13000 rw-p 00003000 08:01 7603314                    /lib/x86_64-linux-gnu/libdl-2.23.so
7ff847a13000-7ff847a28000 r-xp 00000000 08:01 9840182                    /usr/lib/jvm/java-8-oracle/lib/amd64/jli/libjli.so
7ff847a28000-7ff847c28000 ---p 00015000 08:01 9840182                    /usr/lib/jvm/java-8-oracle/lib/amd64/jli/libjli.so
7ff847c28000-7ff847c29000 rw-p 00015000 08:01 9840182                    /usr/lib/jvm/java-8-oracle/lib/amd64/jli/libjli.so
7ff847c29000-7ff847c41000 r-xp 00000000 08:01 7603312                    /lib/x86_64-linux-gnu/libpthread-2.23.so
7ff847c41000-7ff847e40000 ---p 00018000 08:01 7603312                    /lib/x86_64-linux-gnu/libpthread-2.23.so
7ff847e40000-7ff847e41000 r--p 00017000 08:01 7603312                    /lib/x86_64-linux-gnu/libpthread-2.23.so
7ff847e41000-7ff847e42000 rw-p 00018000 08:01 7603312                    /lib/x86_64-linux-gnu/libpthread-2.23.so
7ff847e42000-7ff847e46000 rw-p 00000000 00:00 0 
7ff847e46000-7ff847e6c000 r-xp 00000000 08:01 7603309                    /lib/x86_64-linux-gnu/ld-2.23.so
7ff847e72000-7ff847f44000 rw-p 00000000 00:00 0 
7ff847f44000-7ff847f47000 ---p 00000000 00:00 0 
7ff847f47000-7ff848049000 rw-p 00000000 00:00 0 
7ff84804b000-7ff84805f000 rw-p 00000000 00:00 0 
7ff84805f000-7ff848067000 rw-s 00000000 08:01 133482                     /tmp/hsperfdata_oguz/18015
7ff848067000-7ff848068000 rw-p 00000000 00:00 0 
7ff848068000-7ff848069000 ---p 00000000 00:00 0 
7ff848069000-7ff84806b000 rw-p 00000000 00:00 0 
7ff84806b000-7ff84806c000 r--p 00025000 08:01 7603309                    /lib/x86_64-linux-gnu/ld-2.23.so
7ff84806c000-7ff84806d000 rw-p 00026000 08:01 7603309                    /lib/x86_64-linux-gnu/ld-2.23.so
7ff84806d000-7ff84806e000 rw-p 00000000 00:00 0 
7fff0ade8000-7fff0ae09000 rw-p 00000000 00:00 0                          [stack]
7fff0af97000-7fff0af99000 r--p 00000000 00:00 0                          [vvar]
7fff0af99000-7fff0af9b000 r-xp 00000000 00:00 0                          [vdso]
ffffffffff600000-ffffffffff601000 r-xp 00000000 00:00 0                  [vsyscall]

VM Arguments:
jvm_args: -Djava.awt.headless=true -Xmx1024M -Dfile.encoding=UTF-8 -Duser.country=TR -Duser.language=tr -Duser.variant 
java_command: com.android.dx.command.Main --dex --force-jumbo --num-threads=4 --multi-dex --output /home/oguz/AndroidStudioProjects/FomApplication/app/build/intermediates/transforms/dex/debug/folders/1000/10/spring-core-4.3.0.RELEASE_29cff42aca5619fe6e60244a94fb3a78174337b2 /home/oguz/.gradle/caches/modules-2/files-2.1/org.springframework/spring-core/4.3.0.RELEASE/1a0c76ffd8d8345064669f6cf255ab46a9881c77/spring-core-4.3.0.RELEASE.jar
java_class_path (initial): /home/oguz/Android/Sdk/build-tools/23.0.3/lib/dx.jar
Launcher Type: SUN_STANDARD

Environment Variables:
PATH=/usr/local/sbin:/usr/local/bin:/usr/sbin:/usr/bin:/sbin:/bin:/usr/games:/usr/local/games:/snap/bin
LD_LIBRARY_PATH=/home/oguz/Masaüstü/Derleyiciler/android-studio/bin:
SHELL=/bin/bash
DISPLAY=:0

Signal Handlers:
SIGSEGV: [libjvm.so+0xabca10], sa_mask[0]=11111111011111111101111111111110, sa_flags=SA_RESTART|SA_SIGINFO
SIGBUS: [libjvm.so+0xabca10], sa_mask[0]=11111111011111111101111111111110, sa_flags=SA_RESTART|SA_SIGINFO
SIGFPE: [libjvm.so+0x919a20], sa_mask[0]=11111111011111111101111111111110, sa_flags=SA_RESTART|SA_SIGINFO
SIGPIPE: [libjvm.so+0x919a20], sa_mask[0]=11111111011111111101111111111110, sa_flags=SA_RESTART|SA_SIGINFO
SIGXFSZ: [libjvm.so+0x919a20], sa_mask[0]=11111111011111111101111111111110, sa_flags=SA_RESTART|SA_SIGINFO
SIGILL: [libjvm.so+0x919a20], sa_mask[0]=11111111011111111101111111111110, sa_flags=SA_RESTART|SA_SIGINFO
SIGUSR1: SIG_DFL, sa_mask[0]=00000000000000000000000000000000, sa_flags=none
SIGUSR2: [libjvm.so+0x91b050], sa_mask[0]=00100000000000000000000000000000, sa_flags=SA_RESTART|SA_SIGINFO
SIGHUP: [libjvm.so+0x91c450], sa_mask[0]=11111111011111111101111111111110, sa_flags=SA_RESTART|SA_SIGINFO
SIGINT: [libjvm.so+0x91c450], sa_mask[0]=11111111011111111101111111111110, sa_flags=SA_RESTART|SA_SIGINFO
SIGTERM: [libjvm.so+0x91c450], sa_mask[0]=11111111011111111101111111111110, sa_flags=SA_RESTART|SA_SIGINFO
SIGQUIT: [libjvm.so+0x91c450], sa_mask[0]=11111111011111111101111111111110, sa_flags=SA_RESTART|SA_SIGINFO


---------------  S Y S T E M  ---------------

OS:DISTRIB_ID=Ubuntu
DISTRIB_RELEASE=16.04
DISTRIB_CODENAME=xenial
DISTRIB_DESCRIPTION="Ubuntu Xenial Xerus (development branch)"

uname:Linux 4.4.0-22-generic #39-Ubuntu SMP Thu May 5 16:53:32 UTC 2016 x86_64
libc:glibc 2.23 NPTL 2.23 
rlimit: STACK 8192k, CORE 0k, NPROC 31498, NOFILE 65536, AS infinity
load average:10,23 2,71 1,20

/proc/meminfo:
MemTotal:        8101800 kB
MemFree:           92388 kB
MemAvailable:     183892 kB
Buffers:            2256 kB
Cached:           516152 kB
SwapCached:            0 kB
Active:          7338368 kB
Inactive:         429880 kB
Active(anon):    7297988 kB
Inactive(anon):   387412 kB
Active(file):      40380 kB
Inactive(file):    42468 kB
Unevictable:          72 kB
Mlocked:              72 kB
SwapTotal:             0 kB
SwapFree:              0 kB
Dirty:              1036 kB
Writeback:             0 kB
AnonPages:       7249948 kB
Mapped:           209360 kB
Shmem:            435292 kB
Slab:             104280 kB
SReclaimable:      51028 kB
SUnreclaim:        53252 kB
KernelStack:       19376 kB
PageTables:        60876 kB
NFS_Unstable:          0 kB
Bounce:                0 kB
WritebackTmp:          0 kB
CommitLimit:     4050900 kB
Committed_AS:   13865896 kB
VmallocTotal:   34359738367 kB
VmallocUsed:           0 kB
VmallocChunk:          0 kB
HardwareCorrupted:     0 kB
AnonHugePages:   4648960 kB
CmaTotal:              0 kB
CmaFree:               0 kB
HugePages_Total:       0
HugePages_Free:        0
HugePages_Rsvd:        0
HugePages_Surp:        0
Hugepagesize:       2048 kB
DirectMap4k:      164608 kB
DirectMap2M:     8151040 kB
DirectMap1G:     1048576 kB


CPU:total 8 (4 cores per cpu, 2 threads per core) family 6 model 60 stepping 3, cmov, cx8, fxsr, mmx, sse, sse2, sse3, ssse3, sse4.1, sse4.2, popcnt, avx, avx2, aes, clmul, erms, lzcnt, ht, tsc, tscinvbit, bmi1, bmi2

/proc/cpuinfo:
processor	: 0
vendor_id	: GenuineIntel
cpu family	: 6
model		: 60
model name	: Intel(R) Core(TM) i7-4700MQ CPU @ 2.40GHz
stepping	: 3
microcode	: 0x16
cpu MHz		: 2700.000
cache size	: 6144 KB
physical id	: 0
siblings	: 8
core id		: 0
cpu cores	: 4
apicid		: 0
initial apicid	: 0
fpu		: yes
fpu_exception	: yes
cpuid level	: 13
wp		: yes
flags		: fpu vme de pse tsc msr pae mce cx8 apic sep mtrr pge mca cmov pat pse36 clflush dts acpi mmx fxsr sse sse2 ss ht tm pbe syscall nx pdpe1gb rdtscp lm constant_tsc arch_perfmon pebs bts rep_good nopl xtopology nonstop_tsc aperfmperf eagerfpu pni pclmulqdq dtes64 monitor ds_cpl vmx est tm2 ssse3 sdbg fma cx16 xtpr pdcm pcid sse4_1 sse4_2 movbe popcnt tsc_deadline_timer aes xsave avx f16c rdrand lahf_lm abm epb tpr_shadow vnmi flexpriority ept vpid fsgsbase tsc_adjust bmi1 avx2 smep bmi2 erms invpcid xsaveopt dtherm ida arat pln pts
bugs		:
bogomips	: 4788.76
clflush size	: 64
cache_alignment	: 64
address sizes	: 39 bits physical, 48 bits virtual
power management:

processor	: 1
vendor_id	: GenuineIntel
cpu family	: 6
model		: 60
model name	: Intel(R) Core(TM) i7-4700MQ CPU @ 2.40GHz
stepping	: 3
microcode	: 0x16
cpu MHz		: 2700.000
cache size	: 6144 KB
physical id	: 0
siblings	: 8
core id		: 0
cpu cores	: 4
apicid		: 1
initial apicid	: 1
fpu		: yes
fpu_exception	: yes
cpuid level	: 13
wp		: yes
flags		: fpu vme de pse tsc msr pae mce cx8 apic sep mtrr pge mca cmov pat pse36 clflush dts acpi mmx fxsr sse sse2 ss ht tm pbe syscall nx pdpe1gb rdtscp lm constant_tsc arch_perfmon pebs bts rep_good nopl xtopology nonstop_tsc aperfmperf eagerfpu pni pclmulqdq dtes64 monitor ds_cpl vmx est tm2 ssse3 sdbg fma cx16 xtpr pdcm pcid sse4_1 sse4_2 movbe popcnt tsc_deadline_timer aes xsave avx f16c rdrand lahf_lm abm epb tpr_shadow vnmi flexpriority ept vpid fsgsbase tsc_adjust bmi1 avx2 smep bmi2 erms invpcid xsaveopt dtherm ida arat pln pts
bugs		:
bogomips	: 4788.76
clflush size	: 64
cache_alignment	: 64
address sizes	: 39 bits physical, 48 bits virtual
power management:

processor	: 2
vendor_id	: GenuineIntel
cpu family	: 6
model		: 60
model name	: Intel(R) Core(TM) i7-4700MQ CPU @ 2.40GHz
stepping	: 3
microcode	: 0x16
cpu MHz		: 2699.906
cache size	: 6144 KB
physical id	: 0
siblings	: 8
core id		: 1
cpu cores	: 4
apicid		: 2
initial apicid	: 2
fpu		: yes
fpu_exception	: yes
cpuid level	: 13
wp		: yes
flags		: fpu vme de pse tsc msr pae mce cx8 apic sep mtrr pge mca cmov pat pse36 clflush dts acpi mmx fxsr sse sse2 ss ht tm pbe syscall nx pdpe1gb rdtscp lm constant_tsc arch_perfmon pebs bts rep_good nopl xtopology nonstop_tsc aperfmperf eagerfpu pni pclmulqdq dtes64 monitor ds_cpl vmx est tm2 ssse3 sdbg fma cx16 xtpr pdcm pcid sse4_1 sse4_2 movbe popcnt tsc_deadline_timer aes xsave avx f16c rdrand lahf_lm abm epb tpr_shadow vnmi flexpriority ept vpid fsgsbase tsc_adjust bmi1 avx2 smep bmi2 erms invpcid xsaveopt dtherm ida arat pln pts
bugs		:
bogomips	: 4788.76
clflush size	: 64
cache_alignment	: 64
address sizes	: 39 bits physical, 48 bits virtual
power management:

processor	: 3
vendor_id	: GenuineIntel
cpu family	: 6
model		: 60
model name	: Intel(R) Core(TM) i7-4700MQ CPU @ 2.40GHz
stepping	: 3
microcode	: 0x16
cpu MHz		: 2700.000
cache size	: 6144 KB
physical id	: 0
siblings	: 8
core id		: 1
cpu cores	: 4
apicid		: 3
initial apicid	: 3
fpu		: yes
fpu_exception	: yes
cpuid level	: 13
wp		: yes
flags		: fpu vme de pse tsc msr pae mce cx8 apic sep mtrr pge mca cmov pat pse36 clflush dts acpi mmx fxsr sse sse2 ss ht tm pbe syscall nx pdpe1gb rdtscp lm constant_tsc arch_perfmon pebs bts rep_good nopl xtopology nonstop_tsc aperfmperf eagerfpu pni pclmulqdq dtes64 monitor ds_cpl vmx est tm2 ssse3 sdbg fma cx16 xtpr pdcm pcid sse4_1 sse4_2 movbe popcnt tsc_deadline_timer aes xsave avx f16c rdrand lahf_lm abm epb tpr_shadow vnmi flexpriority ept vpid fsgsbase tsc_adjust bmi1 avx2 smep bmi2 erms invpcid xsaveopt dtherm ida arat pln pts
bugs		:
bogomips	: 4788.76
clflush size	: 64
cache_alignment	: 64
address sizes	: 39 bits physical, 48 bits virtual
power management:

processor	: 4
vendor_id	: GenuineIntel
cpu family	: 6
model		: 60
model name	: Intel(R) Core(TM) i7-4700MQ CPU @ 2.40GHz
stepping	: 3
microcode	: 0x16
cpu MHz		: 2700.000
cache size	: 6144 KB
physical id	: 0
siblings	: 8
core id		: 2
cpu cores	: 4
apicid		: 4
initial apicid	: 4
fpu		: yes
fpu_exception	: yes
cpuid level	: 13
wp		: yes
flags		: fpu vme de pse tsc msr pae mce cx8 apic sep mtrr pge mca cmov pat pse36 clflush dts acpi mmx fxsr sse sse2 ss ht tm pbe syscall nx pdpe1gb rdtscp lm constant_tsc arch_perfmon pebs bts rep_good nopl xtopology nonstop_tsc aperfmperf eagerfpu pni pclmulqdq dtes64 monitor ds_cpl vmx est tm2 ssse3 sdbg fma cx16 xtpr pdcm pcid sse4_1 sse4_2 movbe popcnt tsc_deadline_timer aes xsave avx f16c rdrand lahf_lm abm epb tpr_shadow vnmi flexpriority ept vpid fsgsbase tsc_adjust bmi1 avx2 smep bmi2 erms invpcid xsaveopt dtherm ida arat pln pts
bugs		:
bogomips	: 4788.76
clflush size	: 64
cache_alignment	: 64
address sizes	: 39 bits physical, 48 bits virtual
power management:

processor	: 5
vendor_id	: GenuineIntel
cpu family	: 6
model		: 60
model name	: Intel(R) Core(TM) i7-4700MQ CPU @ 2.40GHz
stepping	: 3
microcode	: 0x16
cpu MHz		: 2699.906
cache size	: 6144 KB
physical id	: 0
siblings	: 8
core id		: 2
cpu cores	: 4
apicid		: 5
initial apicid	: 5
fpu		: yes
fpu_exception	: yes
cpuid level	: 13
wp		: yes
flags		: fpu vme de pse tsc msr pae mce cx8 apic sep mtrr pge mca cmov pat pse36 clflush dts acpi mmx fxsr sse sse2 ss ht tm pbe syscall nx pdpe1gb rdtscp lm constant_tsc arch_perfmon pebs bts rep_good nopl xtopology nonstop_tsc aperfmperf eagerfpu pni pclmulqdq dtes64 monitor ds_cpl vmx est tm2 ssse3 sdbg fma cx16 xtpr pdcm pcid sse4_1 sse4_2 movbe popcnt tsc_deadline_timer aes xsave avx f16c rdrand lahf_lm abm epb tpr_shadow vnmi flexpriority ept vpid fsgsbase tsc_adjust bmi1 avx2 smep bmi2 erms invpcid xsaveopt dtherm ida arat pln pts
bugs		:
bogomips	: 4788.76
clflush size	: 64
cache_alignment	: 64
address sizes	: 39 bits physical, 48 bits virtual
power management:

processor	: 6
vendor_id	: GenuineIntel
cpu family	: 6
model		: 60
model name	: Intel(R) Core(TM) i7-4700MQ CPU @ 2.40GHz
stepping	: 3
microcode	: 0x16
cpu MHz		: 2700.000
cache size	: 6144 KB
physical id	: 0
siblings	: 8
core id		: 3
cpu cores	: 4
apicid		: 6
initial apicid	: 6
fpu		: yes
fpu_exception	: yes
cpuid level	: 13
wp		: yes
flags		: fpu vme de pse tsc msr pae mce cx8 apic sep mtrr pge mca cmov pat pse36 clflush dts acpi mmx fxsr sse sse2 ss ht tm pbe syscall nx pdpe1gb rdtscp lm constant_tsc arch_perfmon pebs bts rep_good nopl xtopology nonstop_tsc aperfmperf eagerfpu pni pclmulqdq dtes64 monitor ds_cpl vmx est tm2 ssse3 sdbg fma cx16 xtpr pdcm pcid sse4_1 sse4_2 movbe popcnt tsc_deadline_timer aes xsave avx f16c rdrand lahf_lm abm epb tpr_shadow vnmi flexpriority ept vpid fsgsbase tsc_adjust bmi1 avx2 smep bmi2 erms invpcid xsaveopt dtherm ida arat pln pts
bugs		:
bogomips	: 4788.76
clflush size	: 64
cache_alignment	: 64
address sizes	: 39 bits physical, 48 bits virtual
power management:

processor	: 7
vendor_id	: GenuineIntel
cpu family	: 6
model		: 60
model name	: Intel(R) Core(TM) i7-4700MQ CPU @ 2.40GHz
stepping	: 3
microcode	: 0x16
cpu MHz		: 2699.906
cache size	: 6144 KB
physical id	: 0
siblings	: 8
core id		: 3
cpu cores	: 4
apicid		: 7
initial apicid	: 7
fpu		: yes
fpu_exception	: yes
cpuid level	: 13
wp		: yes
flags		: fpu vme de pse tsc msr pae mce cx8 apic sep mtrr pge mca cmov pat pse36 clflush dts acpi mmx fxsr sse sse2 ss ht tm pbe syscall nx pdpe1gb rdtscp lm constant_tsc arch_perfmon pebs bts rep_good nopl xtopology nonstop_tsc aperfmperf eagerfpu pni pclmulqdq dtes64 monitor ds_cpl vmx est tm2 ssse3 sdbg fma cx16 xtpr pdcm pcid sse4_1 sse4_2 movbe popcnt tsc_deadline_timer aes xsave avx f16c rdrand lahf_lm abm epb tpr_shadow vnmi flexpriority ept vpid fsgsbase tsc_adjust bmi1 avx2 smep bmi2 erms invpcid xsaveopt dtherm ida arat pln pts
bugs		:
bogomips	: 4788.76
clflush size	: 64
cache_alignment	: 64
address sizes	: 39 bits physical, 48 bits virtual
power management:



Memory: 4k page, physical 8101800k(92140k free), swap 0k(0k free)

vm_info: Java HotSpot(TM) 64-Bit Server VM (25.91-b14) for linux-amd64 JRE (1.8.0_91-b14), built on Apr  1 2016 00:57:21 by "java_re" with gcc 4.3.0 20080428 (Red Hat 4.3.0-8)

time: Wed Jul 20 12:12:18 2016
elapsed time: 7 seconds (0d 0h 0m 7s)

