#
# There is insufficient memory for the Java Runtime Environment to continue.
# Native memory allocation (mmap) failed to map 174063616 bytes for committing reserved memory.
# Possible reasons:
#   The system is out of physical RAM or swap space
#   In 32 bit mode, the process size limit was hit
# Possible solutions:
#   Reduce memory load on the system
#   Increase physical memory or swap space
#   Check if swap backing store is full
#   Use 64 bit Java on a 64 bit OS
#   Decrease Java heap size (-Xmx/-Xms)
#   Decrease number of Java threads
#   Decrease Java thread stack sizes (-Xss)
#   Set larger code cache with -XX:ReservedCodeCacheSize=
# This output file may be truncated or incomplete.
#
#  Out of Memory Error (os_linux.cpp:2627), pid=30288, tid=140020128868096
#
# JRE version: Java(TM) SE Runtime Environment (8.0_91-b14) (build 1.8.0_91-b14)
# Java VM: Java HotSpot(TM) 64-Bit Server VM (25.91-b14 mixed mode linux-amd64 compressed oops)
# Failed to write core dump. Core dumps have been disabled. To enable core dumping, try "ulimit -c unlimited" before starting Java again
#

---------------  T H R E A D  ---------------

Current thread (0x00007f590c080000):  VMThread [stack: 0x00007f58f9fae000,0x00007f58fa0af000] [id=30302]

Stack: [0x00007f58f9fae000,0x00007f58fa0af000],  sp=0x00007f58fa0ad320,  free space=1020k
Native frames: (J=compiled Java code, j=interpreted, Vv=VM code, C=native code)
V  [libjvm.so+0xabc18a]  VMError::report_and_die()+0x2ba
V  [libjvm.so+0x4fafeb]  report_vm_out_of_memory(char const*, int, unsigned long, VMErrorType, char const*)+0x8b
V  [libjvm.so+0x91cbb3]  os::Linux::commit_memory_impl(char*, unsigned long, bool)+0x103
V  [libjvm.so+0x91d109]  os::pd_commit_memory(char*, unsigned long, unsigned long, bool)+0x29
V  [libjvm.so+0x91740a]  os::commit_memory(char*, unsigned long, unsigned long, bool)+0x2a
V  [libjvm.so+0x98b033]  PSVirtualSpace::expand_by(unsigned long)+0x53
V  [libjvm.so+0x98c438]  PSYoungGen::resize_generation(unsigned long, unsigned long)+0xf8
V  [libjvm.so+0x98b592]  PSYoungGen::resize(unsigned long, unsigned long)+0x22
V  [libjvm.so+0x98886b]  PSScavenge::invoke_no_policy()+0xf3b
V  [libjvm.so+0x988ff1]  PSScavenge::invoke()+0x41
V  [libjvm.so+0x9408b0]  ParallelScavengeHeap::failed_mem_allocate(unsigned long)+0x70
V  [libjvm.so+0xabdba7]  VM_ParallelGCFailedAllocation::doit()+0x97
V  [libjvm.so+0xac55d5]  VM_Operation::evaluate()+0x55
V  [libjvm.so+0xac39aa]  VMThread::evaluate_operation(VM_Operation*)+0xba
V  [libjvm.so+0xac3d2e]  VMThread::loop()+0x1ce
V  [libjvm.so+0xac41a0]  VMThread::run()+0x70
V  [libjvm.so+0x91ef78]  java_start(Thread*)+0x108

VM_Operation (0x00007f5915804270): ParallelGCFailedAllocation, mode: safepoint, requested by thread 0x00007f590c00a000


---------------  P R O C E S S  ---------------

Java Threads: ( => current thread )
  0x00007f590c158800 JavaThread "pool-2-thread-4" [_thread_blocked, id=30343, stack(0x00007f58f8d53000,0x00007f58f8e54000)]
  0x00007f590c156800 JavaThread "pool-2-thread-3" [_thread_blocked, id=30342, stack(0x00007f58f8e54000,0x00007f58f8f55000)]
  0x00007f590c122800 JavaThread "pool-2-thread-2" [_thread_blocked, id=30341, stack(0x00007f58f8f55000,0x00007f58f9056000)]
  0x00007f590c153800 JavaThread "pool-3-thread-1" [_thread_blocked, id=30340, stack(0x00007f58f9056000,0x00007f58f9157000)]
  0x00007f590c151800 JavaThread "pool-2-thread-1" [_thread_blocked, id=30339, stack(0x00007f58f9157000,0x00007f58f9258000)]
  0x00007f590c0ca800 JavaThread "Service Thread" daemon [_thread_blocked, id=30312, stack(0x00007f58f936e000,0x00007f58f946f000)]
  0x00007f590c0c7800 JavaThread "C1 CompilerThread3" daemon [_thread_blocked, id=30311, stack(0x00007f58f946f000,0x00007f58f9570000)]
  0x00007f590c0c5800 JavaThread "C2 CompilerThread2" daemon [_thread_blocked, id=30310, stack(0x00007f58f9570000,0x00007f58f9671000)]
  0x00007f590c0c4000 JavaThread "C2 CompilerThread1" daemon [_thread_blocked, id=30309, stack(0x00007f58f9671000,0x00007f58f9772000)]
  0x00007f590c0c1000 JavaThread "C2 CompilerThread0" daemon [_thread_in_native, id=30308, stack(0x00007f58f9772000,0x00007f58f9873000)]
  0x00007f590c0bf800 JavaThread "Signal Dispatcher" daemon [_thread_blocked, id=30307, stack(0x00007f58f9873000,0x00007f58f9974000)]
  0x00007f590c08c800 JavaThread "Finalizer" daemon [_thread_blocked, id=30304, stack(0x00007f58f9dac000,0x00007f58f9ead000)]
  0x00007f590c087800 JavaThread "Reference Handler" daemon [_thread_blocked, id=30303, stack(0x00007f58f9ead000,0x00007f58f9fae000)]
  0x00007f590c00a000 JavaThread "main" [_thread_blocked, id=30291, stack(0x00007f5915705000,0x00007f5915806000)]

Other Threads:
=>0x00007f590c080000 VMThread [stack: 0x00007f58f9fae000,0x00007f58fa0af000] [id=30302]
  0x00007f590c0cd800 WatcherThread [stack: 0x00007f58f926d000,0x00007f58f936e000] [id=30313]

VM state:at safepoint (normal execution)

VM Mutex/Monitor currently owned by a thread:  ([mutex/lock_event])
[0x00007f590c006570] Threads_lock - owner thread: 0x00007f590c080000
[0x00007f590c006a70] Heap_lock - owner thread: 0x00007f590c00a000

Heap:
 PSYoungGen      total 132096K, used 5090K [0x00000000eab00000, 0x00000000f3100000, 0x0000000100000000)
  eden space 126976K, 0% used [0x00000000eab00000,0x00000000eab00000,0x00000000f2700000)
  from space 5120K, 99% used [0x00000000f2700000,0x00000000f2bf8b20,0x00000000f2c00000)
  to   space 5120K, 0% used [0x00000000f2c00000,0x00000000f2c00000,0x00000000f3100000)
 ParOldGen       total 84992K, used 40478K [0x00000000c0000000, 0x00000000c5300000, 0x00000000eab00000)
  object space 84992K, 47% used [0x00000000c0000000,0x00000000c2787a40,0x00000000c5300000)
 Metaspace       used 6399K, capacity 7192K, committed 7424K, reserved 1056768K
  class space    used 617K, capacity 656K, committed 768K, reserved 1048576K

Card table byte_map: [0x00007f59122ba000,0x00007f59124bb000] byte_map_base: 0x00007f5911cba000

Marking Bits: (ParMarkBitMap*) 0x00007f5914bd9d60
 Begin Bits: [0x00007f58fb000000, 0x00007f58fc000000)
 End Bits:   [0x00007f58fc000000, 0x00007f58fd000000)

Polling page: 0x00007f5915829000

CodeCache: size=245760Kb used=6115Kb max_used=6115Kb free=239644Kb
 bounds [0x00007f58fd000000, 0x00007f58fd600000, 0x00007f590c000000]
 total_blobs=2121 nmethods=1853 adapters=182
 compilation: enabled

Compilation events (10 events):
Event: 4,688 Thread 0x00007f590c0c7800 nmethod 2087 0x00007f58fd5fb110 code [0x00007f58fd5fb2a0, 0x00007f58fd5fb6b8]
Event: 4,693 Thread 0x00007f590c0c7800 2088       2       java.util.zip.ZipEntry::isDirectory (10 bytes)
Event: 4,694 Thread 0x00007f590c0c7800 nmethod 2088 0x00007f58fd5fb7d0 code [0x00007f58fd5fb940, 0x00007f58fd5fbae8]
Event: 4,694 Thread 0x00007f590c0c7800 2089       2       java.util.zip.ZipEntry::getTime (40 bytes)
Event: 4,695 Thread 0x00007f590c0c7800 nmethod 2089 0x00007f58fd5fbc50 code [0x00007f58fd5fbdc0, 0x00007f58fd5fbfb8]
Event: 4,695 Thread 0x00007f590c0c7800 2090       2       java.util.zip.ZipUtils::extendedDosToJavaTime (12 bytes)
Event: 4,695 Thread 0x00007f590c0c7800 nmethod 2090 0x00007f58fd5fc090 code [0x00007f58fd5fc200, 0x00007f58fd5fc368]
Event: 4,695 Thread 0x00007f590c0c7800 2091       2       java.util.zip.ZipUtils::dosToJavaTime (71 bytes)
Event: 4,695 Thread 0x00007f590c0c7800 nmethod 2091 0x00007f58fd5fc410 code [0x00007f58fd5fc580, 0x00007f58fd5fc838]
Event: 4,695 Thread 0x00007f590c0c7800 2092       2       java.util.Date::<init> (113 bytes)

GC Heap History (9 events):
Event: 1,648 GC heap before
{Heap before GC invocations=1 (full 0):
 PSYoungGen      total 36864K, used 31744K [0x00000000eab00000, 0x00000000ed400000, 0x0000000100000000)
  eden space 31744K, 100% used [0x00000000eab00000,0x00000000eca00000,0x00000000eca00000)
  from space 5120K, 0% used [0x00000000ecf00000,0x00000000ecf00000,0x00000000ed400000)
  to   space 5120K, 0% used [0x00000000eca00000,0x00000000eca00000,0x00000000ecf00000)
 ParOldGen       total 84992K, used 0K [0x00000000c0000000, 0x00000000c5300000, 0x00000000eab00000)
  object space 84992K, 0% used [0x00000000c0000000,0x00000000c0000000,0x00000000c5300000)
 Metaspace       used 5731K, capacity 6704K, committed 6784K, reserved 1056768K
  class space    used 593K, capacity 616K, committed 640K, reserved 1048576K
Event: 1,688 GC heap after
Heap after GC invocations=1 (full 0):
 PSYoungGen      total 36864K, used 5031K [0x00000000eab00000, 0x00000000ef300000, 0x0000000100000000)
  eden space 31744K, 0% used [0x00000000eab00000,0x00000000eab00000,0x00000000eca00000)
  from space 5120K, 98% used [0x00000000eca00000,0x00000000ecee9e60,0x00000000ecf00000)
  to   space 5120K, 0% used [0x00000000eee00000,0x00000000eee00000,0x00000000ef300000)
 ParOldGen       total 84992K, used 8K [0x00000000c0000000, 0x00000000c5300000, 0x00000000eab00000)
  object space 84992K, 0% used [0x00000000c0000000,0x00000000c0002000,0x00000000c5300000)
 Metaspace       used 5731K, capacity 6704K, committed 6784K, reserved 1056768K
  class space    used 593K, capacity 616K, committed 640K, reserved 1048576K
}
Event: 2,650 GC heap before
{Heap before GC invocations=2 (full 0):
 PSYoungGen      total 36864K, used 36775K [0x00000000eab00000, 0x00000000ef300000, 0x0000000100000000)
  eden space 31744K, 100% used [0x00000000eab00000,0x00000000eca00000,0x00000000eca00000)
  from space 5120K, 98% used [0x00000000eca00000,0x00000000ecee9e60,0x00000000ecf00000)
  to   space 5120K, 0% used [0x00000000eee00000,0x00000000eee00000,0x00000000ef300000)
 ParOldGen       total 84992K, used 8K [0x00000000c0000000, 0x00000000c5300000, 0x00000000eab00000)
  object space 84992K, 0% used [0x00000000c0000000,0x00000000c0002000,0x00000000c5300000)
 Metaspace       used 5934K, capacity 6896K, committed 7040K, reserved 1056768K
  class space    used 595K, capacity 616K, committed 640K, reserved 1048576K
Event: 2,734 GC heap after
Heap after GC invocations=2 (full 0):
 PSYoungGen      total 68608K, used 5119K [0x00000000eab00000, 0x00000000ef300000, 0x0000000100000000)
  eden space 63488K, 0% used [0x00000000eab00000,0x00000000eab00000,0x00000000ee900000)
  from space 5120K, 99% used [0x00000000eee00000,0x00000000ef2ffda8,0x00000000ef300000)
  to   space 5120K, 0% used [0x00000000ee900000,0x00000000ee900000,0x00000000eee00000)
 ParOldGen       total 84992K, used 3139K [0x00000000c0000000, 0x00000000c5300000, 0x00000000eab00000)
  object space 84992K, 3% used [0x00000000c0000000,0x00000000c0310ff0,0x00000000c5300000)
 Metaspace       used 5934K, capacity 6896K, committed 7040K, reserved 1056768K
  class space    used 595K, capacity 616K, committed 640K, reserved 1048576K
}
Event: 3,415 GC heap before
{Heap before GC invocations=3 (full 0):
 PSYoungGen      total 68608K, used 68607K [0x00000000eab00000, 0x00000000ef300000, 0x0000000100000000)
  eden space 63488K, 100% used [0x00000000eab00000,0x00000000ee900000,0x00000000ee900000)
  from space 5120K, 99% used [0x00000000eee00000,0x00000000ef2ffda8,0x00000000ef300000)
  to   space 5120K, 0% used [0x00000000ee900000,0x00000000ee900000,0x00000000eee00000)
 ParOldGen       total 84992K, used 3139K [0x00000000c0000000, 0x00000000c5300000, 0x00000000eab00000)
  object space 84992K, 3% used [0x00000000c0000000,0x00000000c0310ff0,0x00000000c5300000)
 Metaspace       used 6011K, capacity 6960K, committed 7040K, reserved 1056768K
  class space    used 597K, capacity 616K, committed 640K, reserved 1048576K
Event: 3,473 GC heap after
Heap after GC invocations=3 (full 0):
 PSYoungGen      total 68608K, used 5105K [0x00000000eab00000, 0x00000000f3100000, 0x0000000100000000)
  eden space 63488K, 0% used [0x00000000eab00000,0x00000000eab00000,0x00000000ee900000)
  from space 5120K, 99% used [0x00000000ee900000,0x00000000eedfc500,0x00000000eee00000)
  to   space 5120K, 0% used [0x00000000f2c00000,0x00000000f2c00000,0x00000000f3100000)
 ParOldGen       total 84992K, used 12022K [0x00000000c0000000, 0x00000000c5300000, 0x00000000eab00000)
  object space 84992K, 14% used [0x00000000c0000000,0x00000000c0bbdaf0,0x00000000c5300000)
 Metaspace       used 6011K, capacity 6960K, committed 7040K, reserved 1056768K
  class space    used 597K, capacity 616K, committed 640K, reserved 1048576K
}
Event: 3,877 GC heap before
{Heap before GC invocations=4 (full 0):
 PSYoungGen      total 68608K, used 68593K [0x00000000eab00000, 0x00000000f3100000, 0x0000000100000000)
  eden space 63488K, 100% used [0x00000000eab00000,0x00000000ee900000,0x00000000ee900000)
  from space 5120K, 99% used [0x00000000ee900000,0x00000000eedfc500,0x00000000eee00000)
  to   space 5120K, 0% used [0x00000000f2c00000,0x00000000f2c00000,0x00000000f3100000)
 ParOldGen       total 84992K, used 12022K [0x00000000c0000000, 0x00000000c5300000, 0x00000000eab00000)
  object space 84992K, 14% used [0x00000000c0000000,0x00000000c0bbdaf0,0x00000000c5300000)
 Metaspace       used 6130K, capacity 7088K, committed 7296K, reserved 1056768K
  class space    used 597K, capacity 616K, committed 640K, reserved 1048576K
Event: 3,918 GC heap after
Heap after GC invocations=4 (full 0):
 PSYoungGen      total 132096K, used 5102K [0x00000000eab00000, 0x00000000f3100000, 0x0000000100000000)
  eden space 126976K, 0% used [0x00000000eab00000,0x00000000eab00000,0x00000000f2700000)
  from space 5120K, 99% used [0x00000000f2c00000,0x00000000f30fbb98,0x00000000f3100000)
  to   space 5120K, 0% used [0x00000000f2700000,0x00000000f2700000,0x00000000f2c00000)
 ParOldGen       total 84992K, used 21218K [0x00000000c0000000, 0x00000000c5300000, 0x00000000eab00000)
  object space 84992K, 24% used [0x00000000c0000000,0x00000000c14b88a8,0x00000000c5300000)
 Metaspace       used 6130K, capacity 7088K, committed 7296K, reserved 1056768K
  class space    used 597K, capacity 616K, committed 640K, reserved 1048576K
}
Event: 4,707 GC heap before
{Heap before GC invocations=5 (full 0):
 PSYoungGen      total 132096K, used 132078K [0x00000000eab00000, 0x00000000f3100000, 0x0000000100000000)
  eden space 126976K, 100% used [0x00000000eab00000,0x00000000f2700000,0x00000000f2700000)
  from space 5120K, 99% used [0x00000000f2c00000,0x00000000f30fbb98,0x00000000f3100000)
  to   space 5120K, 0% used [0x00000000f2700000,0x00000000f2700000,0x00000000f2c00000)
 ParOldGen       total 84992K, used 21218K [0x00000000c0000000, 0x00000000c5300000, 0x00000000eab00000)
  object space 84992K, 24% used [0x00000000c0000000,0x00000000c14b88a8,0x00000000c5300000)
 Metaspace       used 6399K, capacity 7192K, committed 7424K, reserved 1056768K
  class space    used 617K, capacity 656K, committed 768K, reserved 1048576K

Deoptimization events (10 events):
Event: 2,850 Thread 0x00007f590c158800 Uncommon trap: reason=unstable_if action=reinterpret pc=0x00007f58fd22ba24 method=com.android.dx.rop.code.RegisterSpec.equals(ILcom/android/dx/rop/type/TypeBearer;Lcom/android/dx/rop/code/LocalItem;)Z @ 42
Event: 2,893 Thread 0x00007f590c122800 Uncommon trap: reason=bimorphic action=maybe_recompile pc=0x00007f58fd241654 method=java.util.HashMap.getNode(ILjava/lang/Object;)Ljava/util/HashMap$Node; @ 126
Event: 2,893 Thread 0x00007f590c122800 Uncommon trap: reason=bimorphic action=maybe_recompile pc=0x00007f58fd241654 method=java.util.HashMap.getNode(ILjava/lang/Object;)Ljava/util/HashMap$Node; @ 126
Event: 2,893 Thread 0x00007f590c122800 Uncommon trap: reason=bimorphic action=maybe_recompile pc=0x00007f58fd241654 method=java.util.HashMap.getNode(ILjava/lang/Object;)Ljava/util/HashMap$Node; @ 126
Event: 2,893 Thread 0x00007f590c122800 Uncommon trap: reason=bimorphic action=maybe_recompile pc=0x00007f58fd241654 method=java.util.HashMap.getNode(ILjava/lang/Object;)Ljava/util/HashMap$Node; @ 126
Event: 2,894 Thread 0x00007f590c122800 Uncommon trap: reason=bimorphic action=maybe_recompile pc=0x00007f58fd221f98 method=java.util.HashMap.getNode(ILjava/lang/Object;)Ljava/util/HashMap$Node; @ 126
Event: 3,378 Thread 0x00007f590c151800 Uncommon trap: reason=unstable_if action=reinterpret pc=0x00007f58fd2d24c4 method=com.android.dx.util.IntList.binarysearch(I)I @ 105
Event: 3,773 Thread 0x00007f590c158800 Uncommon trap: reason=unstable_if action=reinterpret pc=0x00007f58fd441520 method=com.android.dx.ssa.SCCP.simulateStmt(Lcom/android/dx/ssa/SsaInsn;)V @ 53
Event: 3,787 Thread 0x00007f590c158800 Uncommon trap: reason=bimorphic action=maybe_recompile pc=0x00007f58fd4b7e2c method=java.util.HashMap.putVal(ILjava/lang/Object;Ljava/lang/Object;ZZ)Ljava/lang/Object; @ 203
Event: 4,633 Thread 0x00007f590c122800 Uncommon trap: reason=unstable_if action=reinterpret pc=0x00007f58fd2589d8 method=java.util.HashMap.putVal(ILjava/lang/Object;Ljava/lang/Object;ZZ)Ljava/lang/Object; @ 162

Internal exceptions (6 events):
Event: 0,070 Thread 0x00007f590c00a000 Exception <a 'java/lang/NoSuchMethodError': Method sun.misc.Unsafe.defineClass(Ljava/lang/String;[BII)Ljava/lang/Class; name or signature does not match> (0x00000000eab07cc0) thrown at [/HUDSON/workspace/8-2-build-linux-amd64/jdk8u91/6644/hotspot/src/shar
Event: 0,070 Thread 0x00007f590c00a000 Exception <a 'java/lang/NoSuchMethodError': Method sun.misc.Unsafe.prefetchRead(Ljava/lang/Object;J)V name or signature does not match> (0x00000000eab07fa8) thrown at [/HUDSON/workspace/8-2-build-linux-amd64/jdk8u91/6644/hotspot/src/share/vm/prims/jni.cpp
Event: 1,703 Thread 0x00007f590c158800 Implicit null exception at 0x00007f58fd252a22 to 0x00007f58fd252b2d
Event: 4,637 Thread 0x00007f590c122800 Exception <a 'java/lang/ArrayIndexOutOfBoundsException': 18> (0x00000000f1ce7e70) thrown at [/HUDSON/workspace/8-2-build-linux-amd64/jdk8u91/6644/hotspot/src/share/vm/interpreter/interpreterRuntime.cpp, line 366]
Event: 4,639 Thread 0x00007f590c122800 Exception <a 'java/lang/ArrayIndexOutOfBoundsException'> (0x00000000f1ce99f0) thrown at [/HUDSON/workspace/8-2-build-linux-amd64/jdk8u91/6644/hotspot/src/share/vm/runtime/sharedRuntime.cpp, line 605]
Event: 4,648 Thread 0x00007f590c122800 Exception <a 'java/lang/ArrayIndexOutOfBoundsException'> (0x00000000f1ceacd8) thrown at [/HUDSON/workspace/8-2-build-linux-amd64/jdk8u91/6644/hotspot/src/share/vm/runtime/sharedRuntime.cpp, line 605]

Events (10 events):
Event: 4,647 loading class sun/reflect/generics/reflectiveObjects/ParameterizedTypeImpl done
Event: 4,648 loading class java/lang/reflect/TypeVariable
Event: 4,648 loading class java/lang/reflect/TypeVariable done
Event: 4,648 loading class sun/reflect/generics/reflectiveObjects/TypeVariableImpl
Event: 4,648 loading class sun/reflect/generics/reflectiveObjects/LazyReflectiveObjectGenerator
Event: 4,648 loading class sun/reflect/generics/reflectiveObjects/LazyReflectiveObjectGenerator done
Event: 4,648 loading class sun/reflect/generics/reflectiveObjects/TypeVariableImpl done
Event: 4,664 Thread 0x00007f590c158800 DEOPT PACKING pc=0x00007f58fd3a73ec sp=0x00007f58f8e51dd0
Event: 4,664 Thread 0x00007f590c158800 DEOPT UNPACKING pc=0x00007f58fd047633 sp=0x00007f58f8e51ad0 mode 0
Event: 4,699 Executing VM operation: ParallelGCFailedAllocation


Dynamic libraries:
00400000-00401000 r-xp 00000000 08:01 9839507                            /usr/lib/jvm/java-8-oracle/bin/java
00600000-00601000 rw-p 00000000 08:01 9839507                            /usr/lib/jvm/java-8-oracle/bin/java
01ff0000-02011000 rw-p 00000000 00:00 0                                  [heap]
c0000000-c5300000 rw-p 00000000 00:00 0 
c5300000-eab00000 ---p 00000000 00:00 0 
eab00000-f3100000 rw-p 00000000 00:00 0 
fd700000-100000000 ---p 00000000 00:00 0 
100000000-1000c0000 rw-p 00000000 00:00 0 
1000c0000-140000000 ---p 00000000 00:00 0 
7f589c000000-7f589c021000 rw-p 00000000 00:00 0 
7f589c021000-7f58a0000000 ---p 00000000 00:00 0 
7f58a0000000-7f58a0021000 rw-p 00000000 00:00 0 
7f58a0021000-7f58a4000000 ---p 00000000 00:00 0 
7f58a4000000-7f58a4021000 rw-p 00000000 00:00 0 
7f58a4021000-7f58a8000000 ---p 00000000 00:00 0 
7f58a8000000-7f58a8028000 rw-p 00000000 00:00 0 
7f58a8028000-7f58ac000000 ---p 00000000 00:00 0 
7f58ac000000-7f58ac021000 rw-p 00000000 00:00 0 
7f58ac021000-7f58b0000000 ---p 00000000 00:00 0 
7f58b0000000-7f58b003c000 rw-p 00000000 00:00 0 
7f58b003c000-7f58b4000000 ---p 00000000 00:00 0 
7f58b4000000-7f58b4b87000 rw-p 00000000 00:00 0 
7f58b4b87000-7f58b8000000 ---p 00000000 00:00 0 
7f58b8000000-7f58b8021000 rw-p 00000000 00:00 0 
7f58b8021000-7f58bc000000 ---p 00000000 00:00 0 
7f58bc000000-7f58bce1e000 rw-p 00000000 00:00 0 
7f58bce1e000-7f58c0000000 ---p 00000000 00:00 0 
7f58c0000000-7f58c0b74000 rw-p 00000000 00:00 0 
7f58c0b74000-7f58c4000000 ---p 00000000 00:00 0 
7f58c4000000-7f58c4021000 rw-p 00000000 00:00 0 
7f58c4021000-7f58c8000000 ---p 00000000 00:00 0 
7f58c8000000-7f58c8d0a000 rw-p 00000000 00:00 0 
7f58c8d0a000-7f58cc000000 ---p 00000000 00:00 0 
7f58cc000000-7f58cc021000 rw-p 00000000 00:00 0 
7f58cc021000-7f58d0000000 ---p 00000000 00:00 0 
7f58d0000000-7f58d0021000 rw-p 00000000 00:00 0 
7f58d0021000-7f58d4000000 ---p 00000000 00:00 0 
7f58d4000000-7f58d4021000 rw-p 00000000 00:00 0 
7f58d4021000-7f58d8000000 ---p 00000000 00:00 0 
7f58d8000000-7f58d8297000 rw-p 00000000 00:00 0 
7f58d8297000-7f58dc000000 ---p 00000000 00:00 0 
7f58dc000000-7f58dc021000 rw-p 00000000 00:00 0 
7f58dc021000-7f58e0000000 ---p 00000000 00:00 0 
7f58e0000000-7f58e0021000 rw-p 00000000 00:00 0 
7f58e0021000-7f58e4000000 ---p 00000000 00:00 0 
7f58e4000000-7f58e4021000 rw-p 00000000 00:00 0 
7f58e4021000-7f58e8000000 ---p 00000000 00:00 0 
7f58e8000000-7f58e8021000 rw-p 00000000 00:00 0 
7f58e8021000-7f58ec000000 ---p 00000000 00:00 0 
7f58ec000000-7f58ec021000 rw-p 00000000 00:00 0 
7f58ec021000-7f58f0000000 ---p 00000000 00:00 0 
7f58f0000000-7f58f0021000 rw-p 00000000 00:00 0 
7f58f0021000-7f58f4000000 ---p 00000000 00:00 0 
7f58f4000000-7f58f4021000 rw-p 00000000 00:00 0 
7f58f4021000-7f58f8000000 ---p 00000000 00:00 0 
7f58f8d36000-7f58f8d53000 r--p 00000000 08:01 11012338                   /usr/share/locale-langpack/tr/LC_MESSAGES/libc.mo
7f58f8d53000-7f58f8d56000 ---p 00000000 00:00 0 
7f58f8d56000-7f58f8e54000 rw-p 00000000 00:00 0 
7f58f8e54000-7f58f8e57000 ---p 00000000 00:00 0 
7f58f8e57000-7f58f8f55000 rw-p 00000000 00:00 0 
7f58f8f55000-7f58f8f58000 ---p 00000000 00:00 0 
7f58f8f58000-7f58f9056000 rw-p 00000000 00:00 0 
7f58f9056000-7f58f9059000 ---p 00000000 00:00 0 
7f58f9059000-7f58f9157000 rw-p 00000000 00:00 0 
7f58f9157000-7f58f915a000 ---p 00000000 00:00 0 
7f58f915a000-7f58f9258000 rw-p 00000000 00:00 0 
7f58f9258000-7f58f926d000 r--s 000e5000 08:01 5511666                    /home/oguz/AndroidStudioProjects/FomApplication/app/build/intermediates/exploded-aar/com.android.support/support-v4/23.1.1/jars/classes.jar
7f58f926d000-7f58f926e000 ---p 00000000 00:00 0 
7f58f926e000-7f58f936e000 rw-p 00000000 00:00 0 
7f58f936e000-7f58f9371000 ---p 00000000 00:00 0 
7f58f9371000-7f58f946f000 rw-p 00000000 00:00 0 
7f58f946f000-7f58f9472000 ---p 00000000 00:00 0 
7f58f9472000-7f58f9570000 rw-p 00000000 00:00 0 
7f58f9570000-7f58f9573000 ---p 00000000 00:00 0 
7f58f9573000-7f58f9671000 rw-p 00000000 00:00 0 
7f58f9671000-7f58f9674000 ---p 00000000 00:00 0 
7f58f9674000-7f58f9772000 rw-p 00000000 00:00 0 
7f58f9772000-7f58f9775000 ---p 00000000 00:00 0 
7f58f9775000-7f58f9873000 rw-p 00000000 00:00 0 
7f58f9873000-7f58f9876000 ---p 00000000 00:00 0 
7f58f9876000-7f58f9974000 rw-p 00000000 00:00 0 
7f58f9974000-7f58f9dac000 r--p 00000000 08:01 9700768                    /usr/lib/locale/locale-archive
7f58f9dac000-7f58f9daf000 ---p 00000000 00:00 0 
7f58f9daf000-7f58f9ead000 rw-p 00000000 00:00 0 
7f58f9ead000-7f58f9eb0000 ---p 00000000 00:00 0 
7f58f9eb0000-7f58f9fae000 rw-p 00000000 00:00 0 
7f58f9fae000-7f58f9faf000 ---p 00000000 00:00 0 
7f58f9faf000-7f58fd000000 rw-p 00000000 00:00 0 
7f58fd000000-7f58fd600000 rwxp 00000000 00:00 0 
7f58fd600000-7f590c000000 ---p 00000000 00:00 0 
7f590c000000-7f590c39a000 rw-p 00000000 00:00 0 
7f590c39a000-7f5910000000 ---p 00000000 00:00 0 
7f5910004000-7f591000b000 r--s 00000000 08:01 10092992                   /usr/lib/x86_64-linux-gnu/gconv/gconv-modules.cache
7f591000b000-7f591001a000 r--s 000df000 08:01 5246091                    /home/oguz/Android/Sdk/build-tools/23.0.3/lib/dx.jar
7f591001a000-7f5910d0d000 rw-p 00000000 00:00 0 
7f5910d0d000-7f5910ee6000 r--s 03d1f000 08:01 9967487                    /usr/lib/jvm/java-8-oracle/jre/lib/rt.jar
7f5910ee6000-7f59115dc000 rw-p 00000000 00:00 0 
7f59115dc000-7f591175c000 ---p 00000000 00:00 0 
7f591175c000-7f591195c000 rw-p 00000000 00:00 0 
7f591195c000-7f591195d000 ---p 00000000 00:00 0 
7f591195d000-7f5911a5d000 rw-p 00000000 00:00 0 
7f5911a5d000-7f5911a5e000 ---p 00000000 00:00 0 
7f5911a5e000-7f5911b5e000 rw-p 00000000 00:00 0 
7f5911b5e000-7f5911b5f000 ---p 00000000 00:00 0 
7f5911b5f000-7f5911c5f000 rw-p 00000000 00:00 0 
7f5911c5f000-7f5911c60000 ---p 00000000 00:00 0 
7f5911c60000-7f5911d60000 rw-p 00000000 00:00 0 
7f5911d60000-7f5911d61000 ---p 00000000 00:00 0 
7f5911d61000-7f5911e61000 rw-p 00000000 00:00 0 
7f5911e61000-7f5911e62000 ---p 00000000 00:00 0 
7f5911e62000-7f5911f62000 rw-p 00000000 00:00 0 
7f5911f62000-7f5911f63000 ---p 00000000 00:00 0 
7f5911f63000-7f5912063000 rw-p 00000000 00:00 0 
7f5912063000-7f5912064000 ---p 00000000 00:00 0 
7f5912064000-7f591218e000 rw-p 00000000 00:00 0 
7f591218e000-7f59122ba000 ---p 00000000 00:00 0 
7f59122ba000-7f59122e4000 rw-p 00000000 00:00 0 
7f59122e4000-7f591240f000 ---p 00000000 00:00 0 
7f591240f000-7f5912453000 rw-p 00000000 00:00 0 
7f5912453000-7f59124ba000 ---p 00000000 00:00 0 
7f59124ba000-7f59124d3000 rw-p 00000000 00:00 0 
7f59124d3000-7f591287b000 ---p 00000000 00:00 0 
7f591287b000-7f5912895000 r-xp 00000000 08:01 10092954                   /usr/lib/jvm/java-8-oracle/jre/lib/amd64/libzip.so
7f5912895000-7f5912a95000 ---p 0001a000 08:01 10092954                   /usr/lib/jvm/java-8-oracle/jre/lib/amd64/libzip.so
7f5912a95000-7f5912a96000 rw-p 0001a000 08:01 10092954                   /usr/lib/jvm/java-8-oracle/jre/lib/amd64/libzip.so
7f5912a96000-7f5912aa1000 r-xp 00000000 08:01 7603299                    /lib/x86_64-linux-gnu/libnss_files-2.23.so
7f5912aa1000-7f5912ca0000 ---p 0000b000 08:01 7603299                    /lib/x86_64-linux-gnu/libnss_files-2.23.so
7f5912ca0000-7f5912ca1000 r--p 0000a000 08:01 7603299                    /lib/x86_64-linux-gnu/libnss_files-2.23.so
7f5912ca1000-7f5912ca2000 rw-p 0000b000 08:01 7603299                    /lib/x86_64-linux-gnu/libnss_files-2.23.so
7f5912ca2000-7f5912ca8000 rw-p 00000000 00:00 0 
7f5912ca8000-7f5912cb3000 r-xp 00000000 08:01 7603296                    /lib/x86_64-linux-gnu/libnss_nis-2.23.so
7f5912cb3000-7f5912eb2000 ---p 0000b000 08:01 7603296                    /lib/x86_64-linux-gnu/libnss_nis-2.23.so
7f5912eb2000-7f5912eb3000 r--p 0000a000 08:01 7603296                    /lib/x86_64-linux-gnu/libnss_nis-2.23.so
7f5912eb3000-7f5912eb4000 rw-p 0000b000 08:01 7603296                    /lib/x86_64-linux-gnu/libnss_nis-2.23.so
7f5912eb4000-7f5912eca000 r-xp 00000000 08:01 7603294                    /lib/x86_64-linux-gnu/libnsl-2.23.so
7f5912eca000-7f59130ca000 ---p 00016000 08:01 7603294                    /lib/x86_64-linux-gnu/libnsl-2.23.so
7f59130ca000-7f59130cb000 r--p 00016000 08:01 7603294                    /lib/x86_64-linux-gnu/libnsl-2.23.so
7f59130cb000-7f59130cc000 rw-p 00017000 08:01 7603294                    /lib/x86_64-linux-gnu/libnsl-2.23.so
7f59130cc000-7f59130ce000 rw-p 00000000 00:00 0 
7f59130ce000-7f59130d6000 r-xp 00000000 08:01 7603292                    /lib/x86_64-linux-gnu/libnss_compat-2.23.so
7f59130d6000-7f59132d5000 ---p 00008000 08:01 7603292                    /lib/x86_64-linux-gnu/libnss_compat-2.23.so
7f59132d5000-7f59132d6000 r--p 00007000 08:01 7603292                    /lib/x86_64-linux-gnu/libnss_compat-2.23.so
7f59132d6000-7f59132d7000 rw-p 00008000 08:01 7603292                    /lib/x86_64-linux-gnu/libnss_compat-2.23.so
7f59132d7000-7f5913301000 r-xp 00000000 08:01 10092949                   /usr/lib/jvm/java-8-oracle/jre/lib/amd64/libjava.so
7f5913301000-7f5913501000 ---p 0002a000 08:01 10092949                   /usr/lib/jvm/java-8-oracle/jre/lib/amd64/libjava.so
7f5913501000-7f5913503000 rw-p 0002a000 08:01 10092949                   /usr/lib/jvm/java-8-oracle/jre/lib/amd64/libjava.so
7f5913503000-7f5913510000 r-xp 00000000 08:01 10092953                   /usr/lib/jvm/java-8-oracle/jre/lib/amd64/libverify.so
7f5913510000-7f5913710000 ---p 0000d000 08:01 10092953                   /usr/lib/jvm/java-8-oracle/jre/lib/amd64/libverify.so
7f5913710000-7f5913712000 rw-p 0000d000 08:01 10092953                   /usr/lib/jvm/java-8-oracle/jre/lib/amd64/libverify.so
7f5913712000-7f5913719000 r-xp 00000000 08:01 7603308                    /lib/x86_64-linux-gnu/librt-2.23.so
7f5913719000-7f5913918000 ---p 00007000 08:01 7603308                    /lib/x86_64-linux-gnu/librt-2.23.so
7f5913918000-7f5913919000 r--p 00006000 08:01 7603308                    /lib/x86_64-linux-gnu/librt-2.23.so
7f5913919000-7f591391a000 rw-p 00007000 08:01 7603308                    /lib/x86_64-linux-gnu/librt-2.23.so
7f591391a000-7f5913a22000 r-xp 00000000 08:01 7603305                    /lib/x86_64-linux-gnu/libm-2.23.so
7f5913a22000-7f5913c21000 ---p 00108000 08:01 7603305                    /lib/x86_64-linux-gnu/libm-2.23.so
7f5913c21000-7f5913c22000 r--p 00107000 08:01 7603305                    /lib/x86_64-linux-gnu/libm-2.23.so
7f5913c22000-7f5913c23000 rw-p 00108000 08:01 7603305                    /lib/x86_64-linux-gnu/libm-2.23.so
7f5913c23000-7f59148e3000 r-xp 00000000 08:01 10092932                   /usr/lib/jvm/java-8-oracle/jre/lib/amd64/server/libjvm.so
7f59148e3000-7f5914ae3000 ---p 00cc0000 08:01 10092932                   /usr/lib/jvm/java-8-oracle/jre/lib/amd64/server/libjvm.so
7f5914ae3000-7f5914bbb000 rw-p 00cc0000 08:01 10092932                   /usr/lib/jvm/java-8-oracle/jre/lib/amd64/server/libjvm.so
7f5914bbb000-7f5914c06000 rw-p 00000000 00:00 0 
7f5914c06000-7f5914dc6000 r-xp 00000000 08:01 7603313                    /lib/x86_64-linux-gnu/libc-2.23.so
7f5914dc6000-7f5914fc6000 ---p 001c0000 08:01 7603313                    /lib/x86_64-linux-gnu/libc-2.23.so
7f5914fc6000-7f5914fca000 r--p 001c0000 08:01 7603313                    /lib/x86_64-linux-gnu/libc-2.23.so
7f5914fca000-7f5914fcc000 rw-p 001c4000 08:01 7603313                    /lib/x86_64-linux-gnu/libc-2.23.so
7f5914fcc000-7f5914fd0000 rw-p 00000000 00:00 0 
7f5914fd0000-7f5914fd3000 r-xp 00000000 08:01 7603314                    /lib/x86_64-linux-gnu/libdl-2.23.so
7f5914fd3000-7f59151d2000 ---p 00003000 08:01 7603314                    /lib/x86_64-linux-gnu/libdl-2.23.so
7f59151d2000-7f59151d3000 r--p 00002000 08:01 7603314                    /lib/x86_64-linux-gnu/libdl-2.23.so
7f59151d3000-7f59151d4000 rw-p 00003000 08:01 7603314                    /lib/x86_64-linux-gnu/libdl-2.23.so
7f59151d4000-7f59151e9000 r-xp 00000000 08:01 9840182                    /usr/lib/jvm/java-8-oracle/lib/amd64/jli/libjli.so
7f59151e9000-7f59153e9000 ---p 00015000 08:01 9840182                    /usr/lib/jvm/java-8-oracle/lib/amd64/jli/libjli.so
7f59153e9000-7f59153ea000 rw-p 00015000 08:01 9840182                    /usr/lib/jvm/java-8-oracle/lib/amd64/jli/libjli.so
7f59153ea000-7f5915402000 r-xp 00000000 08:01 7603312                    /lib/x86_64-linux-gnu/libpthread-2.23.so
7f5915402000-7f5915601000 ---p 00018000 08:01 7603312                    /lib/x86_64-linux-gnu/libpthread-2.23.so
7f5915601000-7f5915602000 r--p 00017000 08:01 7603312                    /lib/x86_64-linux-gnu/libpthread-2.23.so
7f5915602000-7f5915603000 rw-p 00018000 08:01 7603312                    /lib/x86_64-linux-gnu/libpthread-2.23.so
7f5915603000-7f5915607000 rw-p 00000000 00:00 0 
7f5915607000-7f591562d000 r-xp 00000000 08:01 7603309                    /lib/x86_64-linux-gnu/ld-2.23.so
7f5915633000-7f5915705000 rw-p 00000000 00:00 0 
7f5915705000-7f5915708000 ---p 00000000 00:00 0 
7f5915708000-7f591580a000 rw-p 00000000 00:00 0 
7f591580c000-7f5915820000 rw-p 00000000 00:00 0 
7f5915820000-7f5915828000 rw-s 00000000 08:01 133481                     /tmp/hsperfdata_oguz/30288
7f5915828000-7f5915829000 rw-p 00000000 00:00 0 
7f5915829000-7f591582a000 ---p 00000000 00:00 0 
7f591582a000-7f591582c000 rw-p 00000000 00:00 0 
7f591582c000-7f591582d000 r--p 00025000 08:01 7603309                    /lib/x86_64-linux-gnu/ld-2.23.so
7f591582d000-7f591582e000 rw-p 00026000 08:01 7603309                    /lib/x86_64-linux-gnu/ld-2.23.so
7f591582e000-7f591582f000 rw-p 00000000 00:00 0 
7ffeb537d000-7ffeb539e000 rw-p 00000000 00:00 0                          [stack]
7ffeb53f9000-7ffeb53fb000 r--p 00000000 00:00 0                          [vvar]
7ffeb53fb000-7ffeb53fd000 r-xp 00000000 00:00 0                          [vdso]
ffffffffff600000-ffffffffff601000 r-xp 00000000 00:00 0                  [vsyscall]

VM Arguments:
jvm_args: -Djava.awt.headless=true -Xmx1024M -Dfile.encoding=UTF-8 -Duser.country=TR -Duser.language=tr -Duser.variant 
java_command: com.android.dx.command.Main --dex --force-jumbo --num-threads=4 --multi-dex --output /home/oguz/AndroidStudioProjects/FomApplication/app/build/intermediates/transforms/dex/debug/folders/1000/10/com.android.support-support-v4-23.1.1_62ec5c31f2c138a943bbffaf8c56c3379d32078a /home/oguz/AndroidStudioProjects/FomApplication/app/build/intermediates/exploded-aar/com.android.support/support-v4/23.1.1/jars/classes.jar
java_class_path (initial): /home/oguz/Android/Sdk/build-tools/23.0.3/lib/dx.jar
Launcher Type: SUN_STANDARD

Environment Variables:
PATH=/usr/local/sbin:/usr/local/bin:/usr/sbin:/usr/bin:/sbin:/bin:/usr/games:/usr/local/games:/snap/bin
LD_LIBRARY_PATH=/home/oguz/Masaüstü/Derleyiciler/android-studio/bin:
SHELL=/bin/bash
DISPLAY=:0

Signal Handlers:
SIGSEGV: [libjvm.so+0xabca10], sa_mask[0]=11111111011111111101111111111110, sa_flags=SA_RESTART|SA_SIGINFO
SIGBUS: [libjvm.so+0xabca10], sa_mask[0]=11111111011111111101111111111110, sa_flags=SA_RESTART|SA_SIGINFO
SIGFPE: [libjvm.so+0x919a20], sa_mask[0]=11111111011111111101111111111110, sa_flags=SA_RESTART|SA_SIGINFO
SIGPIPE: [libjvm.so+0x919a20], sa_mask[0]=11111111011111111101111111111110, sa_flags=SA_RESTART|SA_SIGINFO
SIGXFSZ: [libjvm.so+0x919a20], sa_mask[0]=11111111011111111101111111111110, sa_flags=SA_RESTART|SA_SIGINFO
SIGILL: [libjvm.so+0x919a20], sa_mask[0]=11111111011111111101111111111110, sa_flags=SA_RESTART|SA_SIGINFO
SIGUSR1: SIG_DFL, sa_mask[0]=00000000000000000000000000000000, sa_flags=none
SIGUSR2: [libjvm.so+0x91b050], sa_mask[0]=00100000000000000000000000000000, sa_flags=SA_RESTART|SA_SIGINFO
SIGHUP: [libjvm.so+0x91c450], sa_mask[0]=11111111011111111101111111111110, sa_flags=SA_RESTART|SA_SIGINFO
SIGINT: [libjvm.so+0x91c450], sa_mask[0]=11111111011111111101111111111110, sa_flags=SA_RESTART|SA_SIGINFO
SIGTERM: [libjvm.so+0x91c450], sa_mask[0]=11111111011111111101111111111110, sa_flags=SA_RESTART|SA_SIGINFO
SIGQUIT: [libjvm.so+0x91c450], sa_mask[0]=11111111011111111101111111111110, sa_flags=SA_RESTART|SA_SIGINFO


---------------  S Y S T E M  ---------------

OS:DISTRIB_ID=Ubuntu
DISTRIB_RELEASE=16.04
DISTRIB_CODENAME=xenial
DISTRIB_DESCRIPTION="Ubuntu Xenial Xerus (development branch)"

uname:Linux 4.4.0-22-generic #39-Ubuntu SMP Thu May 5 16:53:32 UTC 2016 x86_64
libc:glibc 2.23 NPTL 2.23 
rlimit: STACK 8192k, CORE 0k, NPROC 31498, NOFILE 65536, AS infinity
load average:11,40 3,48 2,36

/proc/meminfo:
MemTotal:        8101800 kB
MemFree:           52020 kB
MemAvailable:     132520 kB
Buffers:            1108 kB
Cached:           504368 kB
SwapCached:            0 kB
Active:          7383316 kB
Inactive:         429256 kB
Active(anon):    7346500 kB
Inactive(anon):   393736 kB
Active(file):      36816 kB
Inactive(file):    35520 kB
Unevictable:          72 kB
Mlocked:              72 kB
SwapTotal:             0 kB
SwapFree:              0 kB
Dirty:              2032 kB
Writeback:             0 kB
AnonPages:       7307304 kB
Mapped:           211120 kB
Shmem:            432776 kB
Slab:             104276 kB
SReclaimable:      50536 kB
SUnreclaim:        53740 kB
KernelStack:       18608 kB
PageTables:        58112 kB
NFS_Unstable:          0 kB
Bounce:                0 kB
WritebackTmp:          0 kB
CommitLimit:     4050900 kB
Committed_AS:   13543540 kB
VmallocTotal:   34359738367 kB
VmallocUsed:           0 kB
VmallocChunk:          0 kB
HardwareCorrupted:     0 kB
AnonHugePages:   4182016 kB
CmaTotal:              0 kB
CmaFree:               0 kB
HugePages_Total:       0
HugePages_Free:        0
HugePages_Rsvd:        0
HugePages_Surp:        0
Hugepagesize:       2048 kB
DirectMap4k:      172800 kB
DirectMap2M:     8142848 kB
DirectMap1G:     1048576 kB


CPU:total 8 (4 cores per cpu, 2 threads per core) family 6 model 60 stepping 3, cmov, cx8, fxsr, mmx, sse, sse2, sse3, ssse3, sse4.1, sse4.2, popcnt, avx, avx2, aes, clmul, erms, lzcnt, ht, tsc, tscinvbit, bmi1, bmi2

/proc/cpuinfo:
processor	: 0
vendor_id	: GenuineIntel
cpu family	: 6
model		: 60
model name	: Intel(R) Core(TM) i7-4700MQ CPU @ 2.40GHz
stepping	: 3
microcode	: 0x16
cpu MHz		: 2699.906
cache size	: 6144 KB
physical id	: 0
siblings	: 8
core id		: 0
cpu cores	: 4
apicid		: 0
initial apicid	: 0
fpu		: yes
fpu_exception	: yes
cpuid level	: 13
wp		: yes
flags		: fpu vme de pse tsc msr pae mce cx8 apic sep mtrr pge mca cmov pat pse36 clflush dts acpi mmx fxsr sse sse2 ss ht tm pbe syscall nx pdpe1gb rdtscp lm constant_tsc arch_perfmon pebs bts rep_good nopl xtopology nonstop_tsc aperfmperf eagerfpu pni pclmulqdq dtes64 monitor ds_cpl vmx est tm2 ssse3 sdbg fma cx16 xtpr pdcm pcid sse4_1 sse4_2 movbe popcnt tsc_deadline_timer aes xsave avx f16c rdrand lahf_lm abm epb tpr_shadow vnmi flexpriority ept vpid fsgsbase tsc_adjust bmi1 avx2 smep bmi2 erms invpcid xsaveopt dtherm ida arat pln pts
bugs		:
bogomips	: 4788.76
clflush size	: 64
cache_alignment	: 64
address sizes	: 39 bits physical, 48 bits virtual
power management:

processor	: 1
vendor_id	: GenuineIntel
cpu family	: 6
model		: 60
model name	: Intel(R) Core(TM) i7-4700MQ CPU @ 2.40GHz
stepping	: 3
microcode	: 0x16
cpu MHz		: 2700.000
cache size	: 6144 KB
physical id	: 0
siblings	: 8
core id		: 0
cpu cores	: 4
apicid		: 1
initial apicid	: 1
fpu		: yes
fpu_exception	: yes
cpuid level	: 13
wp		: yes
flags		: fpu vme de pse tsc msr pae mce cx8 apic sep mtrr pge mca cmov pat pse36 clflush dts acpi mmx fxsr sse sse2 ss ht tm pbe syscall nx pdpe1gb rdtscp lm constant_tsc arch_perfmon pebs bts rep_good nopl xtopology nonstop_tsc aperfmperf eagerfpu pni pclmulqdq dtes64 monitor ds_cpl vmx est tm2 ssse3 sdbg fma cx16 xtpr pdcm pcid sse4_1 sse4_2 movbe popcnt tsc_deadline_timer aes xsave avx f16c rdrand lahf_lm abm epb tpr_shadow vnmi flexpriority ept vpid fsgsbase tsc_adjust bmi1 avx2 smep bmi2 erms invpcid xsaveopt dtherm ida arat pln pts
bugs		:
bogomips	: 4788.76
clflush size	: 64
cache_alignment	: 64
address sizes	: 39 bits physical, 48 bits virtual
power management:

processor	: 2
vendor_id	: GenuineIntel
cpu family	: 6
model		: 60
model name	: Intel(R) Core(TM) i7-4700MQ CPU @ 2.40GHz
stepping	: 3
microcode	: 0x16
cpu MHz		: 2699.906
cache size	: 6144 KB
physical id	: 0
siblings	: 8
core id		: 1
cpu cores	: 4
apicid		: 2
initial apicid	: 2
fpu		: yes
fpu_exception	: yes
cpuid level	: 13
wp		: yes
flags		: fpu vme de pse tsc msr pae mce cx8 apic sep mtrr pge mca cmov pat pse36 clflush dts acpi mmx fxsr sse sse2 ss ht tm pbe syscall nx pdpe1gb rdtscp lm constant_tsc arch_perfmon pebs bts rep_good nopl xtopology nonstop_tsc aperfmperf eagerfpu pni pclmulqdq dtes64 monitor ds_cpl vmx est tm2 ssse3 sdbg fma cx16 xtpr pdcm pcid sse4_1 sse4_2 movbe popcnt tsc_deadline_timer aes xsave avx f16c rdrand lahf_lm abm epb tpr_shadow vnmi flexpriority ept vpid fsgsbase tsc_adjust bmi1 avx2 smep bmi2 erms invpcid xsaveopt dtherm ida arat pln pts
bugs		:
bogomips	: 4788.76
clflush size	: 64
cache_alignment	: 64
address sizes	: 39 bits physical, 48 bits virtual
power management:

processor	: 3
vendor_id	: GenuineIntel
cpu family	: 6
model		: 60
model name	: Intel(R) Core(TM) i7-4700MQ CPU @ 2.40GHz
stepping	: 3
microcode	: 0x16
cpu MHz		: 2700.000
cache size	: 6144 KB
physical id	: 0
siblings	: 8
core id		: 1
cpu cores	: 4
apicid		: 3
initial apicid	: 3
fpu		: yes
fpu_exception	: yes
cpuid level	: 13
wp		: yes
flags		: fpu vme de pse tsc msr pae mce cx8 apic sep mtrr pge mca cmov pat pse36 clflush dts acpi mmx fxsr sse sse2 ss ht tm pbe syscall nx pdpe1gb rdtscp lm constant_tsc arch_perfmon pebs bts rep_good nopl xtopology nonstop_tsc aperfmperf eagerfpu pni pclmulqdq dtes64 monitor ds_cpl vmx est tm2 ssse3 sdbg fma cx16 xtpr pdcm pcid sse4_1 sse4_2 movbe popcnt tsc_deadline_timer aes xsave avx f16c rdrand lahf_lm abm epb tpr_shadow vnmi flexpriority ept vpid fsgsbase tsc_adjust bmi1 avx2 smep bmi2 erms invpcid xsaveopt dtherm ida arat pln pts
bugs		:
bogomips	: 4788.76
clflush size	: 64
cache_alignment	: 64
address sizes	: 39 bits physical, 48 bits virtual
power management:

processor	: 4
vendor_id	: GenuineIntel
cpu family	: 6
model		: 60
model name	: Intel(R) Core(TM) i7-4700MQ CPU @ 2.40GHz
stepping	: 3
microcode	: 0x16
cpu MHz		: 2699.906
cache size	: 6144 KB
physical id	: 0
siblings	: 8
core id		: 2
cpu cores	: 4
apicid		: 4
initial apicid	: 4
fpu		: yes
fpu_exception	: yes
cpuid level	: 13
wp		: yes
flags		: fpu vme de pse tsc msr pae mce cx8 apic sep mtrr pge mca cmov pat pse36 clflush dts acpi mmx fxsr sse sse2 ss ht tm pbe syscall nx pdpe1gb rdtscp lm constant_tsc arch_perfmon pebs bts rep_good nopl xtopology nonstop_tsc aperfmperf eagerfpu pni pclmulqdq dtes64 monitor ds_cpl vmx est tm2 ssse3 sdbg fma cx16 xtpr pdcm pcid sse4_1 sse4_2 movbe popcnt tsc_deadline_timer aes xsave avx f16c rdrand lahf_lm abm epb tpr_shadow vnmi flexpriority ept vpid fsgsbase tsc_adjust bmi1 avx2 smep bmi2 erms invpcid xsaveopt dtherm ida arat pln pts
bugs		:
bogomips	: 4788.76
clflush size	: 64
cache_alignment	: 64
address sizes	: 39 bits physical, 48 bits virtual
power management:

processor	: 5
vendor_id	: GenuineIntel
cpu family	: 6
model		: 60
model name	: Intel(R) Core(TM) i7-4700MQ CPU @ 2.40GHz
stepping	: 3
microcode	: 0x16
cpu MHz		: 2700.000
cache size	: 6144 KB
physical id	: 0
siblings	: 8
core id		: 2
cpu cores	: 4
apicid		: 5
initial apicid	: 5
fpu		: yes
fpu_exception	: yes
cpuid level	: 13
wp		: yes
flags		: fpu vme de pse tsc msr pae mce cx8 apic sep mtrr pge mca cmov pat pse36 clflush dts acpi mmx fxsr sse sse2 ss ht tm pbe syscall nx pdpe1gb rdtscp lm constant_tsc arch_perfmon pebs bts rep_good nopl xtopology nonstop_tsc aperfmperf eagerfpu pni pclmulqdq dtes64 monitor ds_cpl vmx est tm2 ssse3 sdbg fma cx16 xtpr pdcm pcid sse4_1 sse4_2 movbe popcnt tsc_deadline_timer aes xsave avx f16c rdrand lahf_lm abm epb tpr_shadow vnmi flexpriority ept vpid fsgsbase tsc_adjust bmi1 avx2 smep bmi2 erms invpcid xsaveopt dtherm ida arat pln pts
bugs		:
bogomips	: 4788.76
clflush size	: 64
cache_alignment	: 64
address sizes	: 39 bits physical, 48 bits virtual
power management:

processor	: 6
vendor_id	: GenuineIntel
cpu family	: 6
model		: 60
model name	: Intel(R) Core(TM) i7-4700MQ CPU @ 2.40GHz
stepping	: 3
microcode	: 0x16
cpu MHz		: 2700.000
cache size	: 6144 KB
physical id	: 0
siblings	: 8
core id		: 3
cpu cores	: 4
apicid		: 6
initial apicid	: 6
fpu		: yes
fpu_exception	: yes
cpuid level	: 13
wp		: yes
flags		: fpu vme de pse tsc msr pae mce cx8 apic sep mtrr pge mca cmov pat pse36 clflush dts acpi mmx fxsr sse sse2 ss ht tm pbe syscall nx pdpe1gb rdtscp lm constant_tsc arch_perfmon pebs bts rep_good nopl xtopology nonstop_tsc aperfmperf eagerfpu pni pclmulqdq dtes64 monitor ds_cpl vmx est tm2 ssse3 sdbg fma cx16 xtpr pdcm pcid sse4_1 sse4_2 movbe popcnt tsc_deadline_timer aes xsave avx f16c rdrand lahf_lm abm epb tpr_shadow vnmi flexpriority ept vpid fsgsbase tsc_adjust bmi1 avx2 smep bmi2 erms invpcid xsaveopt dtherm ida arat pln pts
bugs		:
bogomips	: 4788.76
clflush size	: 64
cache_alignment	: 64
address sizes	: 39 bits physical, 48 bits virtual
power management:

processor	: 7
vendor_id	: GenuineIntel
cpu family	: 6
model		: 60
model name	: Intel(R) Core(TM) i7-4700MQ CPU @ 2.40GHz
stepping	: 3
microcode	: 0x16
cpu MHz		: 2699.906
cache size	: 6144 KB
physical id	: 0
siblings	: 8
core id		: 3
cpu cores	: 4
apicid		: 7
initial apicid	: 7
fpu		: yes
fpu_exception	: yes
cpuid level	: 13
wp		: yes
flags		: fpu vme de pse tsc msr pae mce cx8 apic sep mtrr pge mca cmov pat pse36 clflush dts acpi mmx fxsr sse sse2 ss ht tm pbe syscall nx pdpe1gb rdtscp lm constant_tsc arch_perfmon pebs bts rep_good nopl xtopology nonstop_tsc aperfmperf eagerfpu pni pclmulqdq dtes64 monitor ds_cpl vmx est tm2 ssse3 sdbg fma cx16 xtpr pdcm pcid sse4_1 sse4_2 movbe popcnt tsc_deadline_timer aes xsave avx f16c rdrand lahf_lm abm epb tpr_shadow vnmi flexpriority ept vpid fsgsbase tsc_adjust bmi1 avx2 smep bmi2 erms invpcid xsaveopt dtherm ida arat pln pts
bugs		:
bogomips	: 4788.76
clflush size	: 64
cache_alignment	: 64
address sizes	: 39 bits physical, 48 bits virtual
power management:



Memory: 4k page, physical 8101800k(51524k free), swap 0k(0k free)

vm_info: Java HotSpot(TM) 64-Bit Server VM (25.91-b14) for linux-amd64 JRE (1.8.0_91-b14), built on Apr  1 2016 00:57:21 by "java_re" with gcc 4.3.0 20080428 (Red Hat 4.3.0-8)

time: Wed Jul 20 13:40:08 2016
elapsed time: 4 seconds (0d 0h 0m 4s)

