#
# There is insufficient memory for the Java Runtime Environment to continue.
# Native memory allocation (mmap) failed to map 174063616 bytes for committing reserved memory.
# Possible reasons:
#   The system is out of physical RAM or swap space
#   In 32 bit mode, the process size limit was hit
# Possible solutions:
#   Reduce memory load on the system
#   Increase physical memory or swap space
#   Check if swap backing store is full
#   Use 64 bit Java on a 64 bit OS
#   Decrease Java heap size (-Xmx/-Xms)
#   Decrease number of Java threads
#   Decrease Java thread stack sizes (-Xss)
#   Set larger code cache with -XX:ReservedCodeCacheSize=
# This output file may be truncated or incomplete.
#
#  Out of Memory Error (os_linux.cpp:2627), pid=20225, tid=139632221939456
#
# JRE version: Java(TM) SE Runtime Environment (8.0_91-b14) (build 1.8.0_91-b14)
# Java VM: Java HotSpot(TM) 64-Bit Server VM (25.91-b14 mixed mode linux-amd64 compressed oops)
# Failed to write core dump. Core dumps have been disabled. To enable core dumping, try "ulimit -c unlimited" before starting Java again
#

---------------  T H R E A D  ---------------

Current thread (0x00007efedc080000):  VMThread [stack: 0x00007efea8ece000,0x00007efea8fcf000] [id=20238]

Stack: [0x00007efea8ece000,0x00007efea8fcf000],  sp=0x00007efea8fcd2a0,  free space=1020k
Native frames: (J=compiled Java code, j=interpreted, Vv=VM code, C=native code)
V  [libjvm.so+0xabc18a]  VMError::report_and_die()+0x2ba
V  [libjvm.so+0x4fafeb]  report_vm_out_of_memory(char const*, int, unsigned long, VMErrorType, char const*)+0x8b
V  [libjvm.so+0x91cbb3]  os::Linux::commit_memory_impl(char*, unsigned long, bool)+0x103
V  [libjvm.so+0x91d109]  os::pd_commit_memory(char*, unsigned long, unsigned long, bool)+0x29
V  [libjvm.so+0x91740a]  os::commit_memory(char*, unsigned long, unsigned long, bool)+0x2a
V  [libjvm.so+0x98b033]  PSVirtualSpace::expand_by(unsigned long)+0x53
V  [libjvm.so+0x98c438]  PSYoungGen::resize_generation(unsigned long, unsigned long)+0xf8
V  [libjvm.so+0x98b592]  PSYoungGen::resize(unsigned long, unsigned long)+0x22
V  [libjvm.so+0x98886b]  PSScavenge::invoke_no_policy()+0xf3b
V  [libjvm.so+0x988ff1]  PSScavenge::invoke()+0x41
V  [libjvm.so+0x9408b0]  ParallelScavengeHeap::failed_mem_allocate(unsigned long)+0x70
V  [libjvm.so+0xabdba7]  VM_ParallelGCFailedAllocation::doit()+0x97
V  [libjvm.so+0xac55d5]  VM_Operation::evaluate()+0x55
V  [libjvm.so+0xac39aa]  VMThread::evaluate_operation(VM_Operation*)+0xba
V  [libjvm.so+0xac3d2e]  VMThread::loop()+0x1ce
V  [libjvm.so+0xac41a0]  VMThread::run()+0x70
V  [libjvm.so+0x91ef78]  java_start(Thread*)+0x108

VM_Operation (0x00007efea8174c70): ParallelGCFailedAllocation, mode: safepoint, requested by thread 0x00007efedc16a800


---------------  P R O C E S S  ---------------

Java Threads: ( => current thread )
  0x00007efedc171800 JavaThread "pool-2-thread-4" [_thread_blocked, id=20292, stack(0x00007efe83bfc000,0x00007efe83cfd000)]
  0x00007efedc170000 JavaThread "pool-2-thread-3" [_thread_blocked, id=20291, stack(0x00007efe83cfd000,0x00007efe83dfe000)]
  0x00007efedc16f000 JavaThread "pool-2-thread-2" [_thread_blocked, id=20289, stack(0x00007efe83dfe000,0x00007efe83eff000)]
  0x00007efedc16c800 JavaThread "pool-3-thread-1" [_thread_blocked, id=20285, stack(0x00007efe83eff000,0x00007efe84000000)]
  0x00007efedc16a800 JavaThread "pool-2-thread-1" [_thread_blocked, id=20282, stack(0x00007efea8076000,0x00007efea8177000)]
  0x00007efedc0cb800 JavaThread "Service Thread" daemon [_thread_blocked, id=20247, stack(0x00007efea828e000,0x00007efea838f000)]
  0x00007efedc0c8800 JavaThread "C1 CompilerThread3" daemon [_thread_blocked, id=20246, stack(0x00007efea838f000,0x00007efea8490000)]
  0x00007efedc0c6800 JavaThread "C2 CompilerThread2" daemon [_thread_blocked, id=20245, stack(0x00007efea8490000,0x00007efea8591000)]
  0x00007efedc0c5000 JavaThread "C2 CompilerThread1" daemon [_thread_in_native, id=20244, stack(0x00007efea8591000,0x00007efea8692000)]
  0x00007efedc0c2000 JavaThread "C2 CompilerThread0" daemon [_thread_in_native, id=20243, stack(0x00007efea8692000,0x00007efea8793000)]
  0x00007efedc0c0800 JavaThread "Signal Dispatcher" daemon [_thread_blocked, id=20241, stack(0x00007efea8793000,0x00007efea8894000)]
  0x00007efedc08c800 JavaThread "Finalizer" daemon [_thread_blocked, id=20240, stack(0x00007efea8ccc000,0x00007efea8dcd000)]
  0x00007efedc087800 JavaThread "Reference Handler" daemon [_thread_blocked, id=20239, stack(0x00007efea8dcd000,0x00007efea8ece000)]
  0x00007efedc00a000 JavaThread "main" [_thread_blocked, id=20227, stack(0x00007efee4638000,0x00007efee4739000)]

Other Threads:
=>0x00007efedc080000 VMThread [stack: 0x00007efea8ece000,0x00007efea8fcf000] [id=20238]
  0x00007efedc0ce800 WatcherThread [stack: 0x00007efea818d000,0x00007efea828e000] [id=20248]

VM state:at safepoint (normal execution)

VM Mutex/Monitor currently owned by a thread:  ([mutex/lock_event])
[0x00007efedc006550] Threads_lock - owner thread: 0x00007efedc080000
[0x00007efedc006a50] Heap_lock - owner thread: 0x00007efedc16a800

Heap:
 PSYoungGen      total 132096K, used 5090K [0x00000000eab00000, 0x00000000f3100000, 0x0000000100000000)
  eden space 126976K, 0% used [0x00000000eab00000,0x00000000eab00000,0x00000000f2700000)
  from space 5120K, 99% used [0x00000000f2700000,0x00000000f2bf8878,0x00000000f2c00000)
  to   space 5120K, 0% used [0x00000000f2c00000,0x00000000f2c00000,0x00000000f3100000)
 ParOldGen       total 84992K, used 41294K [0x00000000c0000000, 0x00000000c5300000, 0x00000000eab00000)
  object space 84992K, 48% used [0x00000000c0000000,0x00000000c2853880,0x00000000c5300000)
 Metaspace       used 6356K, capacity 7192K, committed 7424K, reserved 1056768K
  class space    used 618K, capacity 656K, committed 768K, reserved 1048576K

Card table byte_map: [0x00007efee11ed000,0x00007efee13ee000] byte_map_base: 0x00007efee0bed000

Marking Bits: (ParMarkBitMap*) 0x00007efee3b0cd60
 Begin Bits: [0x00007efeaa000000, 0x00007efeab000000)
 End Bits:   [0x00007efeab000000, 0x00007efeac000000)

Polling page: 0x00007efee475c000

CodeCache: size=245760Kb used=6818Kb max_used=6818Kb free=238941Kb
 bounds [0x00007efecd000000, 0x00007efecd6b0000, 0x00007efedc000000]
 total_blobs=2182 nmethods=1913 adapters=182
 compilation: enabled

Compilation events (10 events):
Event: 4.946 Thread 0x00007efedc0c8800 2115       2       com.android.dx.cf.direct.DirectClassFile::makeTypeList (47 bytes)
Event: 4.947 Thread 0x00007efedc0c8800 nmethod 2115 0x00007efecd6a91d0 code [0x00007efecd6a9360, 0x00007efecd6a9618]
Event: 4.969 Thread 0x00007efedc0c8800 2118       2       com.android.dx.ssa.InterferenceRegisterMapper::areAnyPinned (81 bytes)
Event: 4.970 Thread 0x00007efedc0c8800 nmethod 2118 0x00007efecd6a9750 code [0x00007efecd6a9900, 0x00007efecd6a9c58]
Event: 4.970 Thread 0x00007efedc0c8800 2119       2       com.android.dx.ssa.back.FirstFitLocalCombiningAllocator::findRangeAndAdjust (311 bytes)
Event: 4.973 Thread 0x00007efedc0c8800 nmethod 2119 0x00007efecd6a9fd0 code [0x00007efecd6aa240, 0x00007efecd6aac58]
Event: 4.973 Thread 0x00007efedc0c8800 2120 %     3       com.android.dx.ssa.back.FirstFitLocalCombiningAllocator::tryMapRegs @ 9 (110 bytes)
Event: 4.976 Thread 0x00007efedc0c8800 nmethod 2120% 0x00007efecd6ab850 code [0x00007efecd6abaa0, 0x00007efecd6ac928]
Event: 4.976 Thread 0x00007efedc0c8800 2121   !   2       java.util.zip.ZipFile::releaseInflater (41 bytes)
Event: 4.988 Thread 0x00007efedc0c8800 nmethod 2121 0x00007efecd6ad0d0 code [0x00007efecd6ad260, 0x00007efecd6ad778]

GC Heap History (9 events):
Event: 1.191 GC heap before
{Heap before GC invocations=1 (full 0):
 PSYoungGen      total 36864K, used 31744K [0x00000000eab00000, 0x00000000ed400000, 0x0000000100000000)
  eden space 31744K, 100% used [0x00000000eab00000,0x00000000eca00000,0x00000000eca00000)
  from space 5120K, 0% used [0x00000000ecf00000,0x00000000ecf00000,0x00000000ed400000)
  to   space 5120K, 0% used [0x00000000eca00000,0x00000000eca00000,0x00000000ecf00000)
 ParOldGen       total 84992K, used 0K [0x00000000c0000000, 0x00000000c5300000, 0x00000000eab00000)
  object space 84992K, 0% used [0x00000000c0000000,0x00000000c0000000,0x00000000c5300000)
 Metaspace       used 5714K, capacity 6704K, committed 6784K, reserved 1056768K
  class space    used 594K, capacity 616K, committed 640K, reserved 1048576K
Event: 1.221 GC heap after
Heap after GC invocations=1 (full 0):
 PSYoungGen      total 36864K, used 5095K [0x00000000eab00000, 0x00000000ef300000, 0x0000000100000000)
  eden space 31744K, 0% used [0x00000000eab00000,0x00000000eab00000,0x00000000eca00000)
  from space 5120K, 99% used [0x00000000eca00000,0x00000000ecef9fc8,0x00000000ecf00000)
  to   space 5120K, 0% used [0x00000000eee00000,0x00000000eee00000,0x00000000ef300000)
 ParOldGen       total 84992K, used 57K [0x00000000c0000000, 0x00000000c5300000, 0x00000000eab00000)
  object space 84992K, 0% used [0x00000000c0000000,0x00000000c000e680,0x00000000c5300000)
 Metaspace       used 5714K, capacity 6704K, committed 6784K, reserved 1056768K
  class space    used 594K, capacity 616K, committed 640K, reserved 1048576K
}
Event: 1.762 GC heap before
{Heap before GC invocations=2 (full 0):
 PSYoungGen      total 36864K, used 36839K [0x00000000eab00000, 0x00000000ef300000, 0x0000000100000000)
  eden space 31744K, 100% used [0x00000000eab00000,0x00000000eca00000,0x00000000eca00000)
  from space 5120K, 99% used [0x00000000eca00000,0x00000000ecef9fc8,0x00000000ecf00000)
  to   space 5120K, 0% used [0x00000000eee00000,0x00000000eee00000,0x00000000ef300000)
 ParOldGen       total 84992K, used 57K [0x00000000c0000000, 0x00000000c5300000, 0x00000000eab00000)
  object space 84992K, 0% used [0x00000000c0000000,0x00000000c000e680,0x00000000c5300000)
 Metaspace       used 5909K, capacity 6896K, committed 7040K, reserved 1056768K
  class space    used 596K, capacity 616K, committed 640K, reserved 1048576K
Event: 1.797 GC heap after
Heap after GC invocations=2 (full 0):
 PSYoungGen      total 68608K, used 5107K [0x00000000eab00000, 0x00000000ef300000, 0x0000000100000000)
  eden space 63488K, 0% used [0x00000000eab00000,0x00000000eab00000,0x00000000ee900000)
  from space 5120K, 99% used [0x00000000eee00000,0x00000000ef2fcdc8,0x00000000ef300000)
  to   space 5120K, 0% used [0x00000000ee900000,0x00000000ee900000,0x00000000eee00000)
 ParOldGen       total 84992K, used 3236K [0x00000000c0000000, 0x00000000c5300000, 0x00000000eab00000)
  object space 84992K, 3% used [0x00000000c0000000,0x00000000c0329390,0x00000000c5300000)
 Metaspace       used 5909K, capacity 6896K, committed 7040K, reserved 1056768K
  class space    used 596K, capacity 616K, committed 640K, reserved 1048576K
}
Event: 2.820 GC heap before
{Heap before GC invocations=3 (full 0):
 PSYoungGen      total 68608K, used 68595K [0x00000000eab00000, 0x00000000ef300000, 0x0000000100000000)
  eden space 63488K, 100% used [0x00000000eab00000,0x00000000ee900000,0x00000000ee900000)
  from space 5120K, 99% used [0x00000000eee00000,0x00000000ef2fcdc8,0x00000000ef300000)
  to   space 5120K, 0% used [0x00000000ee900000,0x00000000ee900000,0x00000000eee00000)
 ParOldGen       total 84992K, used 3236K [0x00000000c0000000, 0x00000000c5300000, 0x00000000eab00000)
  object space 84992K, 3% used [0x00000000c0000000,0x00000000c0329390,0x00000000c5300000)
 Metaspace       used 6049K, capacity 7024K, committed 7296K, reserved 1056768K
  class space    used 597K, capacity 616K, committed 640K, reserved 1048576K
Event: 2.897 GC heap after
Heap after GC invocations=3 (full 0):
 PSYoungGen      total 68608K, used 5101K [0x00000000eab00000, 0x00000000f3100000, 0x0000000100000000)
  eden space 63488K, 0% used [0x00000000eab00000,0x00000000eab00000,0x00000000ee900000)
  from space 5120K, 99% used [0x00000000ee900000,0x00000000eedfb488,0x00000000eee00000)
  to   space 5120K, 0% used [0x00000000f2c00000,0x00000000f2c00000,0x00000000f3100000)
 ParOldGen       total 84992K, used 12247K [0x00000000c0000000, 0x00000000c5300000, 0x00000000eab00000)
  object space 84992K, 14% used [0x00000000c0000000,0x00000000c0bf5c60,0x00000000c5300000)
 Metaspace       used 6049K, capacity 7024K, committed 7296K, reserved 1056768K
  class space    used 597K, capacity 616K, committed 640K, reserved 1048576K
}
Event: 3.354 GC heap before
{Heap before GC invocations=4 (full 0):
 PSYoungGen      total 68608K, used 68589K [0x00000000eab00000, 0x00000000f3100000, 0x0000000100000000)
  eden space 63488K, 100% used [0x00000000eab00000,0x00000000ee900000,0x00000000ee900000)
  from space 5120K, 99% used [0x00000000ee900000,0x00000000eedfb488,0x00000000eee00000)
  to   space 5120K, 0% used [0x00000000f2c00000,0x00000000f2c00000,0x00000000f3100000)
 ParOldGen       total 84992K, used 12247K [0x00000000c0000000, 0x00000000c5300000, 0x00000000eab00000)
  object space 84992K, 14% used [0x00000000c0000000,0x00000000c0bf5c60,0x00000000c5300000)
 Metaspace       used 6107K, capacity 7024K, committed 7296K, reserved 1056768K
  class space    used 597K, capacity 616K, committed 640K, reserved 1048576K
Event: 3.470 GC heap after
Heap after GC invocations=4 (full 0):
 PSYoungGen      total 132096K, used 5101K [0x00000000eab00000, 0x00000000f3100000, 0x0000000100000000)
  eden space 126976K, 0% used [0x00000000eab00000,0x00000000eab00000,0x00000000f2700000)
  from space 5120K, 99% used [0x00000000f2c00000,0x00000000f30fb488,0x00000000f3100000)
  to   space 5120K, 0% used [0x00000000f2700000,0x00000000f2700000,0x00000000f2c00000)
 ParOldGen       total 84992K, used 21865K [0x00000000c0000000, 0x00000000c5300000, 0x00000000eab00000)
  object space 84992K, 25% used [0x00000000c0000000,0x00000000c155a490,0x00000000c5300000)
 Metaspace       used 6107K, capacity 7024K, committed 7296K, reserved 1056768K
  class space    used 597K, capacity 616K, committed 640K, reserved 1048576K
}
Event: 4.991 GC heap before
{Heap before GC invocations=5 (full 0):
 PSYoungGen      total 132096K, used 132077K [0x00000000eab00000, 0x00000000f3100000, 0x0000000100000000)
  eden space 126976K, 100% used [0x00000000eab00000,0x00000000f2700000,0x00000000f2700000)
  from space 5120K, 99% used [0x00000000f2c00000,0x00000000f30fb488,0x00000000f3100000)
  to   space 5120K, 0% used [0x00000000f2700000,0x00000000f2700000,0x00000000f2c00000)
 ParOldGen       total 84992K, used 21865K [0x00000000c0000000, 0x00000000c5300000, 0x00000000eab00000)
  object space 84992K, 25% used [0x00000000c0000000,0x00000000c155a490,0x00000000c5300000)
 Metaspace       used 6356K, capacity 7192K, committed 7424K, reserved 1056768K
  class space    used 618K, capacity 656K, committed 768K, reserved 1048576K

Deoptimization events (10 events):
Event: 2.567 Thread 0x00007efedc16a800 Uncommon trap: reason=class_check action=maybe_recompile pc=0x00007efecd331b2c method=java.util.HashMap.putVal(ILjava/lang/Object;Ljava/lang/Object;ZZ)Ljava/lang/Object; @ 203
Event: 2.567 Thread 0x00007efedc16a800 Uncommon trap: reason=bimorphic action=maybe_recompile pc=0x00007efecd218b94 method=java.util.HashMap.getNode(ILjava/lang/Object;)Ljava/util/HashMap$Node; @ 126
Event: 2.567 Thread 0x00007efedc16a800 Uncommon trap: reason=bimorphic action=maybe_recompile pc=0x00007efecd218b94 method=java.util.HashMap.getNode(ILjava/lang/Object;)Ljava/util/HashMap$Node; @ 126
Event: 2.567 Thread 0x00007efedc16a800 Uncommon trap: reason=class_check action=maybe_recompile pc=0x00007efecd331b2c method=java.util.HashMap.putVal(ILjava/lang/Object;Ljava/lang/Object;ZZ)Ljava/lang/Object; @ 203
Event: 2.622 Thread 0x00007efedc171800 Uncommon trap: reason=unstable_if action=reinterpret pc=0x00007efecd2d6dfc method=com.android.dx.ssa.SsaMethod.updateOneDefinition(Lcom/android/dx/ssa/SsaInsn;Lcom/android/dx/rop/code/RegisterSpec;)V @ 4
Event: 2.646 Thread 0x00007efedc16a800 Uncommon trap: reason=unstable_if action=reinterpret pc=0x00007efecd3f0438 method=com.android.dx.ssa.SsaRenamer$BlockRenamer.visitMoveInsn(Lcom/android/dx/ssa/NormalSsaInsn;)V @ 104
Event: 3.275 Thread 0x00007efedc170000 Uncommon trap: reason=unstable_if action=reinterpret pc=0x00007efecd3cd480 method=com.android.dx.ssa.SCCP.simulateStmt(Lcom/android/dx/ssa/SsaInsn;)V @ 53
Event: 3.312 Thread 0x00007efedc170000 Uncommon trap: reason=class_check action=maybe_recompile pc=0x00007efecd331b2c method=java.util.HashMap.putVal(ILjava/lang/Object;Ljava/lang/Object;ZZ)Ljava/lang/Object; @ 203
Event: 3.893 Thread 0x00007efedc170000 Uncommon trap: reason=unstable_if action=reinterpret pc=0x00007efecd5e7798 method=com.android.dx.rop.code.LocalItem.compareHandlesNulls(Lcom/android/dx/rop/cst/CstString;Lcom/android/dx/rop/cst/CstString;)I @ 14
Event: 4.704 Thread 0x00007efedc171800 Uncommon trap: reason=unstable_if action=reinterpret pc=0x00007efecd24314c method=java.util.HashMap.putVal(ILjava/lang/Object;Ljava/lang/Object;ZZ)Ljava/lang/Object; @ 162

Internal exceptions (7 events):
Event: 0.142 Thread 0x00007efedc00a000 Exception <a 'java/lang/NoSuchMethodError': Method sun.misc.Unsafe.defineClass(Ljava/lang/String;[BII)Ljava/lang/Class; name or signature does not match> (0x00000000eab07cc0) thrown at [/HUDSON/workspace/8-2-build-linux-amd64/jdk8u91/6644/hotspot/src/shar
Event: 0.142 Thread 0x00007efedc00a000 Exception <a 'java/lang/NoSuchMethodError': Method sun.misc.Unsafe.prefetchRead(Ljava/lang/Object;J)V name or signature does not match> (0x00000000eab07fa8) thrown at [/HUDSON/workspace/8-2-build-linux-amd64/jdk8u91/6644/hotspot/src/share/vm/prims/jni.cpp
Event: 2.009 Thread 0x00007efedc171800 Implicit null exception at 0x00007efecd2b3950 to 0x00007efecd2b5e9d
Event: 3.893 Thread 0x00007efedc170000 Implicit null exception at 0x00007efecd5e62fc to 0x00007efecd5e7761
Event: 4.717 Thread 0x00007efedc171800 Exception <a 'java/lang/ArrayIndexOutOfBoundsException': 18> (0x00000000f0b00850) thrown at [/HUDSON/workspace/8-2-build-linux-amd64/jdk8u91/6644/hotspot/src/share/vm/interpreter/interpreterRuntime.cpp, line 366]
Event: 4.718 Thread 0x00007efedc171800 Exception <a 'java/lang/ArrayIndexOutOfBoundsException': 145> (0x00000000f0b023d0) thrown at [/HUDSON/workspace/8-2-build-linux-amd64/jdk8u91/6644/hotspot/src/share/vm/interpreter/interpreterRuntime.cpp, line 366]
Event: 4.719 Thread 0x00007efedc171800 Exception <a 'java/lang/ArrayIndexOutOfBoundsException': 40> (0x00000000f0b036b8) thrown at [/HUDSON/workspace/8-2-build-linux-amd64/jdk8u91/6644/hotspot/src/share/vm/interpreter/interpreterRuntime.cpp, line 366]

Events (10 events):
Event: 4.773 Thread 0x00007efedc16f000 DEOPT UNPACKING pc=0x00007efecd047633 sp=0x00007efe83efcb90 mode 0
Event: 4.779 Thread 0x00007efedc00a000 DEOPT PACKING pc=0x00007efecd3d49e7 sp=0x00007efee4736720
Event: 4.779 Thread 0x00007efedc00a000 DEOPT UNPACKING pc=0x00007efecd047633 sp=0x00007efee4736550 mode 0
Event: 4.822 Thread 0x00007efedc170000 DEOPT PACKING pc=0x00007efecd381828 sp=0x00007efe83dfbb70
Event: 4.822 Thread 0x00007efedc170000 DEOPT UNPACKING pc=0x00007efecd047633 sp=0x00007efe83dfb8d8 mode 0
Event: 4.969 Thread 0x00007efedc00a000 DEOPT PACKING pc=0x00007efecd39b0a3 sp=0x00007efee4736610
Event: 4.969 Thread 0x00007efedc00a000 DEOPT UNPACKING pc=0x00007efecd047633 sp=0x00007efee47363e0 mode 0
Event: 4.981 Thread 0x00007efedc171800 DEOPT PACKING pc=0x00007efecd3d49e7 sp=0x00007efe83cfac40
Event: 4.989 Executing VM operation: ParallelGCFailedAllocation
Event: 4.989 Thread 0x00007efedc171800 DEOPT UNPACKING pc=0x00007efecd047633 sp=0x00007efe83cfaa70 mode 0


Dynamic libraries:
00400000-00401000 r-xp 00000000 08:01 9839507                            /usr/lib/jvm/java-8-oracle/bin/java
00600000-00601000 rw-p 00000000 08:01 9839507                            /usr/lib/jvm/java-8-oracle/bin/java
0136d000-0138e000 rw-p 00000000 00:00 0                                  [heap]
c0000000-c5300000 rw-p 00000000 00:00 0 
c5300000-eab00000 ---p 00000000 00:00 0 
eab00000-f3100000 rw-p 00000000 00:00 0 
fd700000-100000000 ---p 00000000 00:00 0 
100000000-1000c0000 rw-p 00000000 00:00 0 
1000c0000-140000000 ---p 00000000 00:00 0 
7efe68000000-7efe68037000 rw-p 00000000 00:00 0 
7efe68037000-7efe6c000000 ---p 00000000 00:00 0 
7efe6c000000-7efe6c027000 rw-p 00000000 00:00 0 
7efe6c027000-7efe70000000 ---p 00000000 00:00 0 
7efe70000000-7efe70021000 rw-p 00000000 00:00 0 
7efe70021000-7efe74000000 ---p 00000000 00:00 0 
7efe74000000-7efe74034000 rw-p 00000000 00:00 0 
7efe74034000-7efe78000000 ---p 00000000 00:00 0 
7efe78000000-7efe78062000 rw-p 00000000 00:00 0 
7efe78062000-7efe7c000000 ---p 00000000 00:00 0 
7efe7c000000-7efe7c021000 rw-p 00000000 00:00 0 
7efe7c021000-7efe80000000 ---p 00000000 00:00 0 
7efe83a5f000-7efe83bfc000 rw-p 00000000 00:00 0 
7efe83bfc000-7efe83bff000 ---p 00000000 00:00 0 
7efe83bff000-7efe83cfd000 rw-p 00000000 00:00 0 
7efe83cfd000-7efe83d00000 ---p 00000000 00:00 0 
7efe83d00000-7efe83dfe000 rw-p 00000000 00:00 0 
7efe83dfe000-7efe83e01000 ---p 00000000 00:00 0 
7efe83e01000-7efe83eff000 rw-p 00000000 00:00 0 
7efe83eff000-7efe83f02000 ---p 00000000 00:00 0 
7efe83f02000-7efe84000000 rw-p 00000000 00:00 0 
7efe84000000-7efe84e16000 rw-p 00000000 00:00 0 
7efe84e16000-7efe88000000 ---p 00000000 00:00 0 
7efe88000000-7efe88021000 rw-p 00000000 00:00 0 
7efe88021000-7efe8c000000 ---p 00000000 00:00 0 
7efe8c000000-7efe8cc9c000 rw-p 00000000 00:00 0 
7efe8cc9c000-7efe90000000 ---p 00000000 00:00 0 
7efe90000000-7efe90ddf000 rw-p 00000000 00:00 0 
7efe90ddf000-7efe94000000 ---p 00000000 00:00 0 
7efe94000000-7efe94bb2000 rw-p 00000000 00:00 0 
7efe94bb2000-7efe98000000 ---p 00000000 00:00 0 
7efe98000000-7efe98021000 rw-p 00000000 00:00 0 
7efe98021000-7efe9c000000 ---p 00000000 00:00 0 
7efe9c000000-7efe9c021000 rw-p 00000000 00:00 0 
7efe9c021000-7efea0000000 ---p 00000000 00:00 0 
7efea0000000-7efea0021000 rw-p 00000000 00:00 0 
7efea0021000-7efea4000000 ---p 00000000 00:00 0 
7efea4000000-7efea428d000 rw-p 00000000 00:00 0 
7efea428d000-7efea8000000 ---p 00000000 00:00 0 
7efea8076000-7efea8079000 ---p 00000000 00:00 0 
7efea8079000-7efea8177000 rw-p 00000000 00:00 0 
7efea8177000-7efea818d000 r--s 000f1000 08:01 4217034                    /home/oguz/Masaüstü/FomApplicationAndroid/app/build/intermediates/exploded-aar/com.android.support/support-v4/23.3.0/jars/classes.jar
7efea818d000-7efea818e000 ---p 00000000 00:00 0 
7efea818e000-7efea828e000 rw-p 00000000 00:00 0 
7efea828e000-7efea8291000 ---p 00000000 00:00 0 
7efea8291000-7efea838f000 rw-p 00000000 00:00 0 
7efea838f000-7efea8392000 ---p 00000000 00:00 0 
7efea8392000-7efea8490000 rw-p 00000000 00:00 0 
7efea8490000-7efea8493000 ---p 00000000 00:00 0 
7efea8493000-7efea8591000 rw-p 00000000 00:00 0 
7efea8591000-7efea8594000 ---p 00000000 00:00 0 
7efea8594000-7efea8692000 rw-p 00000000 00:00 0 
7efea8692000-7efea8695000 ---p 00000000 00:00 0 
7efea8695000-7efea8793000 rw-p 00000000 00:00 0 
7efea8793000-7efea8796000 ---p 00000000 00:00 0 
7efea8796000-7efea8894000 rw-p 00000000 00:00 0 
7efea8894000-7efea8ccc000 r--p 00000000 08:01 9700768                    /usr/lib/locale/locale-archive
7efea8ccc000-7efea8ccf000 ---p 00000000 00:00 0 
7efea8ccf000-7efea8dcd000 rw-p 00000000 00:00 0 
7efea8dcd000-7efea8dd0000 ---p 00000000 00:00 0 
7efea8dd0000-7efea8ece000 rw-p 00000000 00:00 0 
7efea8ece000-7efea8ecf000 ---p 00000000 00:00 0 
7efea8ecf000-7efeac000000 rw-p 00000000 00:00 0 
7efeac000000-7efeac021000 rw-p 00000000 00:00 0 
7efeac021000-7efeb0000000 ---p 00000000 00:00 0 
7efeb0000000-7efeb0021000 rw-p 00000000 00:00 0 
7efeb0021000-7efeb4000000 ---p 00000000 00:00 0 
7efeb4000000-7efeb4021000 rw-p 00000000 00:00 0 
7efeb4021000-7efeb8000000 ---p 00000000 00:00 0 
7efeb8000000-7efeb8021000 rw-p 00000000 00:00 0 
7efeb8021000-7efebc000000 ---p 00000000 00:00 0 
7efebc000000-7efebc021000 rw-p 00000000 00:00 0 
7efebc021000-7efec0000000 ---p 00000000 00:00 0 
7efec0000000-7efec0021000 rw-p 00000000 00:00 0 
7efec0021000-7efec4000000 ---p 00000000 00:00 0 
7efec4000000-7efec4021000 rw-p 00000000 00:00 0 
7efec4021000-7efec8000000 ---p 00000000 00:00 0 
7efec8000000-7efec8021000 rw-p 00000000 00:00 0 
7efec8021000-7efecc000000 ---p 00000000 00:00 0 
7efecc012000-7efecce80000 rw-p 00000000 00:00 0 
7efecce80000-7efecd000000 ---p 00000000 00:00 0 
7efecd000000-7efecd6b0000 rwxp 00000000 00:00 0 
7efecd6b0000-7efedc000000 ---p 00000000 00:00 0 
7efedc000000-7efedc3e6000 rw-p 00000000 00:00 0 
7efedc3e6000-7efee0000000 ---p 00000000 00:00 0 
7efee000c000-7efee001b000 r--s 000df000 08:01 5246091                    /home/oguz/Android/Sdk/build-tools/23.0.3/lib/dx.jar
7efee001b000-7efee0440000 rw-p 00000000 00:00 0 
7efee0440000-7efee0619000 r--s 03d1f000 08:01 9967487                    /usr/lib/jvm/java-8-oracle/jre/lib/rt.jar
7efee0619000-7efee088f000 rw-p 00000000 00:00 0 
7efee088f000-7efee0890000 ---p 00000000 00:00 0 
7efee0890000-7efee0990000 rw-p 00000000 00:00 0 
7efee0990000-7efee0991000 ---p 00000000 00:00 0 
7efee0991000-7efee0a91000 rw-p 00000000 00:00 0 
7efee0a91000-7efee0a92000 ---p 00000000 00:00 0 
7efee0a92000-7efee0b92000 rw-p 00000000 00:00 0 
7efee0b92000-7efee0b93000 ---p 00000000 00:00 0 
7efee0b93000-7efee0c93000 rw-p 00000000 00:00 0 
7efee0c93000-7efee0c94000 ---p 00000000 00:00 0 
7efee0c94000-7efee0d94000 rw-p 00000000 00:00 0 
7efee0d94000-7efee0d95000 ---p 00000000 00:00 0 
7efee0d95000-7efee0e95000 rw-p 00000000 00:00 0 
7efee0e95000-7efee0e96000 ---p 00000000 00:00 0 
7efee0e96000-7efee0f96000 rw-p 00000000 00:00 0 
7efee0f96000-7efee0f97000 ---p 00000000 00:00 0 
7efee0f97000-7efee10c1000 rw-p 00000000 00:00 0 
7efee10c1000-7efee11ed000 ---p 00000000 00:00 0 
7efee11ed000-7efee1217000 rw-p 00000000 00:00 0 
7efee1217000-7efee1342000 ---p 00000000 00:00 0 
7efee1342000-7efee1386000 rw-p 00000000 00:00 0 
7efee1386000-7efee13ed000 ---p 00000000 00:00 0 
7efee13ed000-7efee1409000 rw-p 00000000 00:00 0 
7efee1409000-7efee17ae000 ---p 00000000 00:00 0 
7efee17ae000-7efee17c8000 r-xp 00000000 08:01 10092954                   /usr/lib/jvm/java-8-oracle/jre/lib/amd64/libzip.so
7efee17c8000-7efee19c8000 ---p 0001a000 08:01 10092954                   /usr/lib/jvm/java-8-oracle/jre/lib/amd64/libzip.so
7efee19c8000-7efee19c9000 rw-p 0001a000 08:01 10092954                   /usr/lib/jvm/java-8-oracle/jre/lib/amd64/libzip.so
7efee19c9000-7efee19d4000 r-xp 00000000 08:01 7603299                    /lib/x86_64-linux-gnu/libnss_files-2.23.so
7efee19d4000-7efee1bd3000 ---p 0000b000 08:01 7603299                    /lib/x86_64-linux-gnu/libnss_files-2.23.so
7efee1bd3000-7efee1bd4000 r--p 0000a000 08:01 7603299                    /lib/x86_64-linux-gnu/libnss_files-2.23.so
7efee1bd4000-7efee1bd5000 rw-p 0000b000 08:01 7603299                    /lib/x86_64-linux-gnu/libnss_files-2.23.so
7efee1bd5000-7efee1bdb000 rw-p 00000000 00:00 0 
7efee1bdb000-7efee1be6000 r-xp 00000000 08:01 7603296                    /lib/x86_64-linux-gnu/libnss_nis-2.23.so
7efee1be6000-7efee1de5000 ---p 0000b000 08:01 7603296                    /lib/x86_64-linux-gnu/libnss_nis-2.23.so
7efee1de5000-7efee1de6000 r--p 0000a000 08:01 7603296                    /lib/x86_64-linux-gnu/libnss_nis-2.23.so
7efee1de6000-7efee1de7000 rw-p 0000b000 08:01 7603296                    /lib/x86_64-linux-gnu/libnss_nis-2.23.so
7efee1de7000-7efee1dfd000 r-xp 00000000 08:01 7603294                    /lib/x86_64-linux-gnu/libnsl-2.23.so
7efee1dfd000-7efee1ffd000 ---p 00016000 08:01 7603294                    /lib/x86_64-linux-gnu/libnsl-2.23.so
7efee1ffd000-7efee1ffe000 r--p 00016000 08:01 7603294                    /lib/x86_64-linux-gnu/libnsl-2.23.so
7efee1ffe000-7efee1fff000 rw-p 00017000 08:01 7603294                    /lib/x86_64-linux-gnu/libnsl-2.23.so
7efee1fff000-7efee2001000 rw-p 00000000 00:00 0 
7efee2001000-7efee2009000 r-xp 00000000 08:01 7603292                    /lib/x86_64-linux-gnu/libnss_compat-2.23.so
7efee2009000-7efee2208000 ---p 00008000 08:01 7603292                    /lib/x86_64-linux-gnu/libnss_compat-2.23.so
7efee2208000-7efee2209000 r--p 00007000 08:01 7603292                    /lib/x86_64-linux-gnu/libnss_compat-2.23.so
7efee2209000-7efee220a000 rw-p 00008000 08:01 7603292                    /lib/x86_64-linux-gnu/libnss_compat-2.23.so
7efee220a000-7efee2234000 r-xp 00000000 08:01 10092949                   /usr/lib/jvm/java-8-oracle/jre/lib/amd64/libjava.so
7efee2234000-7efee2434000 ---p 0002a000 08:01 10092949                   /usr/lib/jvm/java-8-oracle/jre/lib/amd64/libjava.so
7efee2434000-7efee2436000 rw-p 0002a000 08:01 10092949                   /usr/lib/jvm/java-8-oracle/jre/lib/amd64/libjava.so
7efee2436000-7efee2443000 r-xp 00000000 08:01 10092953                   /usr/lib/jvm/java-8-oracle/jre/lib/amd64/libverify.so
7efee2443000-7efee2643000 ---p 0000d000 08:01 10092953                   /usr/lib/jvm/java-8-oracle/jre/lib/amd64/libverify.so
7efee2643000-7efee2645000 rw-p 0000d000 08:01 10092953                   /usr/lib/jvm/java-8-oracle/jre/lib/amd64/libverify.so
7efee2645000-7efee264c000 r-xp 00000000 08:01 7603308                    /lib/x86_64-linux-gnu/librt-2.23.so
7efee264c000-7efee284b000 ---p 00007000 08:01 7603308                    /lib/x86_64-linux-gnu/librt-2.23.so
7efee284b000-7efee284c000 r--p 00006000 08:01 7603308                    /lib/x86_64-linux-gnu/librt-2.23.so
7efee284c000-7efee284d000 rw-p 00007000 08:01 7603308                    /lib/x86_64-linux-gnu/librt-2.23.so
7efee284d000-7efee2955000 r-xp 00000000 08:01 7603305                    /lib/x86_64-linux-gnu/libm-2.23.so
7efee2955000-7efee2b54000 ---p 00108000 08:01 7603305                    /lib/x86_64-linux-gnu/libm-2.23.so
7efee2b54000-7efee2b55000 r--p 00107000 08:01 7603305                    /lib/x86_64-linux-gnu/libm-2.23.so
7efee2b55000-7efee2b56000 rw-p 00108000 08:01 7603305                    /lib/x86_64-linux-gnu/libm-2.23.so
7efee2b56000-7efee3816000 r-xp 00000000 08:01 10092932                   /usr/lib/jvm/java-8-oracle/jre/lib/amd64/server/libjvm.so
7efee3816000-7efee3a16000 ---p 00cc0000 08:01 10092932                   /usr/lib/jvm/java-8-oracle/jre/lib/amd64/server/libjvm.so
7efee3a16000-7efee3aee000 rw-p 00cc0000 08:01 10092932                   /usr/lib/jvm/java-8-oracle/jre/lib/amd64/server/libjvm.so
7efee3aee000-7efee3b39000 rw-p 00000000 00:00 0 
7efee3b39000-7efee3cf9000 r-xp 00000000 08:01 7603313                    /lib/x86_64-linux-gnu/libc-2.23.so
7efee3cf9000-7efee3ef9000 ---p 001c0000 08:01 7603313                    /lib/x86_64-linux-gnu/libc-2.23.so
7efee3ef9000-7efee3efd000 r--p 001c0000 08:01 7603313                    /lib/x86_64-linux-gnu/libc-2.23.so
7efee3efd000-7efee3eff000 rw-p 001c4000 08:01 7603313                    /lib/x86_64-linux-gnu/libc-2.23.so
7efee3eff000-7efee3f03000 rw-p 00000000 00:00 0 
7efee3f03000-7efee3f06000 r-xp 00000000 08:01 7603314                    /lib/x86_64-linux-gnu/libdl-2.23.so
7efee3f06000-7efee4105000 ---p 00003000 08:01 7603314                    /lib/x86_64-linux-gnu/libdl-2.23.so
7efee4105000-7efee4106000 r--p 00002000 08:01 7603314                    /lib/x86_64-linux-gnu/libdl-2.23.so
7efee4106000-7efee4107000 rw-p 00003000 08:01 7603314                    /lib/x86_64-linux-gnu/libdl-2.23.so
7efee4107000-7efee411c000 r-xp 00000000 08:01 9840182                    /usr/lib/jvm/java-8-oracle/lib/amd64/jli/libjli.so
7efee411c000-7efee431c000 ---p 00015000 08:01 9840182                    /usr/lib/jvm/java-8-oracle/lib/amd64/jli/libjli.so
7efee431c000-7efee431d000 rw-p 00015000 08:01 9840182                    /usr/lib/jvm/java-8-oracle/lib/amd64/jli/libjli.so
7efee431d000-7efee4335000 r-xp 00000000 08:01 7603312                    /lib/x86_64-linux-gnu/libpthread-2.23.so
7efee4335000-7efee4534000 ---p 00018000 08:01 7603312                    /lib/x86_64-linux-gnu/libpthread-2.23.so
7efee4534000-7efee4535000 r--p 00017000 08:01 7603312                    /lib/x86_64-linux-gnu/libpthread-2.23.so
7efee4535000-7efee4536000 rw-p 00018000 08:01 7603312                    /lib/x86_64-linux-gnu/libpthread-2.23.so
7efee4536000-7efee453a000 rw-p 00000000 00:00 0 
7efee453a000-7efee4560000 r-xp 00000000 08:01 7603309                    /lib/x86_64-linux-gnu/ld-2.23.so
7efee4566000-7efee4638000 rw-p 00000000 00:00 0 
7efee4638000-7efee463b000 ---p 00000000 00:00 0 
7efee463b000-7efee473d000 rw-p 00000000 00:00 0 
7efee473f000-7efee4753000 rw-p 00000000 00:00 0 
7efee4753000-7efee475b000 rw-s 00000000 08:01 132024                     /tmp/hsperfdata_oguz/20225
7efee475b000-7efee475c000 rw-p 00000000 00:00 0 
7efee475c000-7efee475d000 ---p 00000000 00:00 0 
7efee475d000-7efee475f000 rw-p 00000000 00:00 0 
7efee475f000-7efee4760000 r--p 00025000 08:01 7603309                    /lib/x86_64-linux-gnu/ld-2.23.so
7efee4760000-7efee4761000 rw-p 00026000 08:01 7603309                    /lib/x86_64-linux-gnu/ld-2.23.so
7efee4761000-7efee4762000 rw-p 00000000 00:00 0 
7ffecbe31000-7ffecbe52000 rw-p 00000000 00:00 0                          [stack]
7ffecbeae000-7ffecbeb0000 r--p 00000000 00:00 0                          [vvar]
7ffecbeb0000-7ffecbeb2000 r-xp 00000000 00:00 0                          [vdso]
ffffffffff600000-ffffffffff601000 r-xp 00000000 00:00 0                  [vsyscall]

VM Arguments:
jvm_args: -Djava.awt.headless=true -Xmx1024M -Dfile.encoding=UTF-8 -Duser.country=TR -Duser.language=tr -Duser.variant 
java_command: com.android.dx.command.Main --dex --force-jumbo --num-threads=4 --multi-dex --output /home/oguz/Masaüstü/FomApplicationAndroid/app/build/intermediates/transforms/dex/debug/folders/1000/10/com.android.support-support-v4-23.3.0_1d90533453f3a10258630f53969ab030a2b745fd /home/oguz/Masaüstü/FomApplicationAndroid/app/build/intermediates/exploded-aar/com.android.support/support-v4/23.3.0/jars/classes.jar
java_class_path (initial): /home/oguz/Android/Sdk/build-tools/23.0.3/lib/dx.jar
Launcher Type: SUN_STANDARD

Environment Variables:
PATH=/usr/local/sbin:/usr/local/bin:/usr/sbin:/usr/bin:/sbin:/bin:/usr/games:/usr/local/games:/snap/bin
LD_LIBRARY_PATH=/home/oguz/Masaüstü/Derleyiciler/android-studio/bin:
SHELL=/bin/bash
DISPLAY=:0

Signal Handlers:
SIGSEGV: [libjvm.so+0xabca10], sa_mask[0]=11111111011111111101111111111110, sa_flags=SA_RESTART|SA_SIGINFO
SIGBUS: [libjvm.so+0xabca10], sa_mask[0]=11111111011111111101111111111110, sa_flags=SA_RESTART|SA_SIGINFO
SIGFPE: [libjvm.so+0x919a20], sa_mask[0]=11111111011111111101111111111110, sa_flags=SA_RESTART|SA_SIGINFO
SIGPIPE: [libjvm.so+0x919a20], sa_mask[0]=11111111011111111101111111111110, sa_flags=SA_RESTART|SA_SIGINFO
SIGXFSZ: [libjvm.so+0x919a20], sa_mask[0]=11111111011111111101111111111110, sa_flags=SA_RESTART|SA_SIGINFO
SIGILL: [libjvm.so+0x919a20], sa_mask[0]=11111111011111111101111111111110, sa_flags=SA_RESTART|SA_SIGINFO
SIGUSR1: SIG_DFL, sa_mask[0]=00000000000000000000000000000000, sa_flags=none
SIGUSR2: [libjvm.so+0x91b050], sa_mask[0]=00100000000000000000000000000000, sa_flags=SA_RESTART|SA_SIGINFO
SIGHUP: [libjvm.so+0x91c450], sa_mask[0]=11111111011111111101111111111110, sa_flags=SA_RESTART|SA_SIGINFO
SIGINT: [libjvm.so+0x91c450], sa_mask[0]=11111111011111111101111111111110, sa_flags=SA_RESTART|SA_SIGINFO
SIGTERM: [libjvm.so+0x91c450], sa_mask[0]=11111111011111111101111111111110, sa_flags=SA_RESTART|SA_SIGINFO
SIGQUIT: [libjvm.so+0x91c450], sa_mask[0]=11111111011111111101111111111110, sa_flags=SA_RESTART|SA_SIGINFO


---------------  S Y S T E M  ---------------

OS:DISTRIB_ID=Ubuntu
DISTRIB_RELEASE=16.04
DISTRIB_CODENAME=xenial
DISTRIB_DESCRIPTION="Ubuntu Xenial Xerus (development branch)"

uname:Linux 4.4.0-22-generic #39-Ubuntu SMP Thu May 5 16:53:32 UTC 2016 x86_64
libc:glibc 2.23 NPTL 2.23 
rlimit: STACK 8192k, CORE 0k, NPROC 31498, NOFILE 65536, AS infinity
load average:18.99 5.93 2.54

/proc/meminfo:
MemTotal:        8101800 kB
MemFree:           64304 kB
MemAvailable:     118092 kB
Buffers:            1432 kB
Cached:           478952 kB
SwapCached:            0 kB
Active:          7388072 kB
Inactive:         421776 kB
Active(anon):    7363000 kB
Inactive(anon):   400260 kB
Active(file):      25072 kB
Inactive(file):    21516 kB
Unevictable:          76 kB
Mlocked:              76 kB
SwapTotal:             0 kB
SwapFree:              0 kB
Dirty:              2860 kB
Writeback:             0 kB
AnonPages:       7329900 kB
Mapped:           158488 kB
Shmem:            433480 kB
Slab:             103648 kB
SReclaimable:      49572 kB
SUnreclaim:        54076 kB
KernelStack:       19120 kB
PageTables:        60060 kB
NFS_Unstable:          0 kB
Bounce:                0 kB
WritebackTmp:          0 kB
CommitLimit:     4050900 kB
Committed_AS:   13446132 kB
VmallocTotal:   34359738367 kB
VmallocUsed:           0 kB
VmallocChunk:          0 kB
HardwareCorrupted:     0 kB
AnonHugePages:   4612096 kB
CmaTotal:              0 kB
CmaFree:               0 kB
HugePages_Total:       0
HugePages_Free:        0
HugePages_Rsvd:        0
HugePages_Surp:        0
Hugepagesize:       2048 kB
DirectMap4k:      170752 kB
DirectMap2M:     8144896 kB
DirectMap1G:     1048576 kB


CPU:total 8 (4 cores per cpu, 2 threads per core) family 6 model 60 stepping 3, cmov, cx8, fxsr, mmx, sse, sse2, sse3, ssse3, sse4.1, sse4.2, popcnt, avx, avx2, aes, clmul, erms, lzcnt, ht, tsc, tscinvbit, bmi1, bmi2

/proc/cpuinfo:
processor	: 0
vendor_id	: GenuineIntel
cpu family	: 6
model		: 60
model name	: Intel(R) Core(TM) i7-4700MQ CPU @ 2.40GHz
stepping	: 3
microcode	: 0x16
cpu MHz		: 1599.937
cache size	: 6144 KB
physical id	: 0
siblings	: 8
core id		: 0
cpu cores	: 4
apicid		: 0
initial apicid	: 0
fpu		: yes
fpu_exception	: yes
cpuid level	: 13
wp		: yes
flags		: fpu vme de pse tsc msr pae mce cx8 apic sep mtrr pge mca cmov pat pse36 clflush dts acpi mmx fxsr sse sse2 ss ht tm pbe syscall nx pdpe1gb rdtscp lm constant_tsc arch_perfmon pebs bts rep_good nopl xtopology nonstop_tsc aperfmperf eagerfpu pni pclmulqdq dtes64 monitor ds_cpl vmx est tm2 ssse3 sdbg fma cx16 xtpr pdcm pcid sse4_1 sse4_2 movbe popcnt tsc_deadline_timer aes xsave avx f16c rdrand lahf_lm abm epb tpr_shadow vnmi flexpriority ept vpid fsgsbase tsc_adjust bmi1 avx2 smep bmi2 erms invpcid xsaveopt dtherm ida arat pln pts
bugs		:
bogomips	: 4788.97
clflush size	: 64
cache_alignment	: 64
address sizes	: 39 bits physical, 48 bits virtual
power management:

processor	: 1
vendor_id	: GenuineIntel
cpu family	: 6
model		: 60
model name	: Intel(R) Core(TM) i7-4700MQ CPU @ 2.40GHz
stepping	: 3
microcode	: 0x16
cpu MHz		: 1599.937
cache size	: 6144 KB
physical id	: 0
siblings	: 8
core id		: 0
cpu cores	: 4
apicid		: 1
initial apicid	: 1
fpu		: yes
fpu_exception	: yes
cpuid level	: 13
wp		: yes
flags		: fpu vme de pse tsc msr pae mce cx8 apic sep mtrr pge mca cmov pat pse36 clflush dts acpi mmx fxsr sse sse2 ss ht tm pbe syscall nx pdpe1gb rdtscp lm constant_tsc arch_perfmon pebs bts rep_good nopl xtopology nonstop_tsc aperfmperf eagerfpu pni pclmulqdq dtes64 monitor ds_cpl vmx est tm2 ssse3 sdbg fma cx16 xtpr pdcm pcid sse4_1 sse4_2 movbe popcnt tsc_deadline_timer aes xsave avx f16c rdrand lahf_lm abm epb tpr_shadow vnmi flexpriority ept vpid fsgsbase tsc_adjust bmi1 avx2 smep bmi2 erms invpcid xsaveopt dtherm ida arat pln pts
bugs		:
bogomips	: 4788.97
clflush size	: 64
cache_alignment	: 64
address sizes	: 39 bits physical, 48 bits virtual
power management:

processor	: 2
vendor_id	: GenuineIntel
cpu family	: 6
model		: 60
model name	: Intel(R) Core(TM) i7-4700MQ CPU @ 2.40GHz
stepping	: 3
microcode	: 0x16
cpu MHz		: 1599.937
cache size	: 6144 KB
physical id	: 0
siblings	: 8
core id		: 1
cpu cores	: 4
apicid		: 2
initial apicid	: 2
fpu		: yes
fpu_exception	: yes
cpuid level	: 13
wp		: yes
flags		: fpu vme de pse tsc msr pae mce cx8 apic sep mtrr pge mca cmov pat pse36 clflush dts acpi mmx fxsr sse sse2 ss ht tm pbe syscall nx pdpe1gb rdtscp lm constant_tsc arch_perfmon pebs bts rep_good nopl xtopology nonstop_tsc aperfmperf eagerfpu pni pclmulqdq dtes64 monitor ds_cpl vmx est tm2 ssse3 sdbg fma cx16 xtpr pdcm pcid sse4_1 sse4_2 movbe popcnt tsc_deadline_timer aes xsave avx f16c rdrand lahf_lm abm epb tpr_shadow vnmi flexpriority ept vpid fsgsbase tsc_adjust bmi1 avx2 smep bmi2 erms invpcid xsaveopt dtherm ida arat pln pts
bugs		:
bogomips	: 4788.97
clflush size	: 64
cache_alignment	: 64
address sizes	: 39 bits physical, 48 bits virtual
power management:

processor	: 3
vendor_id	: GenuineIntel
cpu family	: 6
model		: 60
model name	: Intel(R) Core(TM) i7-4700MQ CPU @ 2.40GHz
stepping	: 3
microcode	: 0x16
cpu MHz		: 1599.937
cache size	: 6144 KB
physical id	: 0
siblings	: 8
core id		: 1
cpu cores	: 4
apicid		: 3
initial apicid	: 3
fpu		: yes
fpu_exception	: yes
cpuid level	: 13
wp		: yes
flags		: fpu vme de pse tsc msr pae mce cx8 apic sep mtrr pge mca cmov pat pse36 clflush dts acpi mmx fxsr sse sse2 ss ht tm pbe syscall nx pdpe1gb rdtscp lm constant_tsc arch_perfmon pebs bts rep_good nopl xtopology nonstop_tsc aperfmperf eagerfpu pni pclmulqdq dtes64 monitor ds_cpl vmx est tm2 ssse3 sdbg fma cx16 xtpr pdcm pcid sse4_1 sse4_2 movbe popcnt tsc_deadline_timer aes xsave avx f16c rdrand lahf_lm abm epb tpr_shadow vnmi flexpriority ept vpid fsgsbase tsc_adjust bmi1 avx2 smep bmi2 erms invpcid xsaveopt dtherm ida arat pln pts
bugs		:
bogomips	: 4788.97
clflush size	: 64
cache_alignment	: 64
address sizes	: 39 bits physical, 48 bits virtual
power management:

processor	: 4
vendor_id	: GenuineIntel
cpu family	: 6
model		: 60
model name	: Intel(R) Core(TM) i7-4700MQ CPU @ 2.40GHz
stepping	: 3
microcode	: 0x16
cpu MHz		: 1599.937
cache size	: 6144 KB
physical id	: 0
siblings	: 8
core id		: 2
cpu cores	: 4
apicid		: 4
initial apicid	: 4
fpu		: yes
fpu_exception	: yes
cpuid level	: 13
wp		: yes
flags		: fpu vme de pse tsc msr pae mce cx8 apic sep mtrr pge mca cmov pat pse36 clflush dts acpi mmx fxsr sse sse2 ss ht tm pbe syscall nx pdpe1gb rdtscp lm constant_tsc arch_perfmon pebs bts rep_good nopl xtopology nonstop_tsc aperfmperf eagerfpu pni pclmulqdq dtes64 monitor ds_cpl vmx est tm2 ssse3 sdbg fma cx16 xtpr pdcm pcid sse4_1 sse4_2 movbe popcnt tsc_deadline_timer aes xsave avx f16c rdrand lahf_lm abm epb tpr_shadow vnmi flexpriority ept vpid fsgsbase tsc_adjust bmi1 avx2 smep bmi2 erms invpcid xsaveopt dtherm ida arat pln pts
bugs		:
bogomips	: 4788.97
clflush size	: 64
cache_alignment	: 64
address sizes	: 39 bits physical, 48 bits virtual
power management:

processor	: 5
vendor_id	: GenuineIntel
cpu family	: 6
model		: 60
model name	: Intel(R) Core(TM) i7-4700MQ CPU @ 2.40GHz
stepping	: 3
microcode	: 0x16
cpu MHz		: 1599.937
cache size	: 6144 KB
physical id	: 0
siblings	: 8
core id		: 2
cpu cores	: 4
apicid		: 5
initial apicid	: 5
fpu		: yes
fpu_exception	: yes
cpuid level	: 13
wp		: yes
flags		: fpu vme de pse tsc msr pae mce cx8 apic sep mtrr pge mca cmov pat pse36 clflush dts acpi mmx fxsr sse sse2 ss ht tm pbe syscall nx pdpe1gb rdtscp lm constant_tsc arch_perfmon pebs bts rep_good nopl xtopology nonstop_tsc aperfmperf eagerfpu pni pclmulqdq dtes64 monitor ds_cpl vmx est tm2 ssse3 sdbg fma cx16 xtpr pdcm pcid sse4_1 sse4_2 movbe popcnt tsc_deadline_timer aes xsave avx f16c rdrand lahf_lm abm epb tpr_shadow vnmi flexpriority ept vpid fsgsbase tsc_adjust bmi1 avx2 smep bmi2 erms invpcid xsaveopt dtherm ida arat pln pts
bugs		:
bogomips	: 4788.97
clflush size	: 64
cache_alignment	: 64
address sizes	: 39 bits physical, 48 bits virtual
power management:

processor	: 6
vendor_id	: GenuineIntel
cpu family	: 6
model		: 60
model name	: Intel(R) Core(TM) i7-4700MQ CPU @ 2.40GHz
stepping	: 3
microcode	: 0x16
cpu MHz		: 1599.937
cache size	: 6144 KB
physical id	: 0
siblings	: 8
core id		: 3
cpu cores	: 4
apicid		: 6
initial apicid	: 6
fpu		: yes
fpu_exception	: yes
cpuid level	: 13
wp		: yes
flags		: fpu vme de pse tsc msr pae mce cx8 apic sep mtrr pge mca cmov pat pse36 clflush dts acpi mmx fxsr sse sse2 ss ht tm pbe syscall nx pdpe1gb rdtscp lm constant_tsc arch_perfmon pebs bts rep_good nopl xtopology nonstop_tsc aperfmperf eagerfpu pni pclmulqdq dtes64 monitor ds_cpl vmx est tm2 ssse3 sdbg fma cx16 xtpr pdcm pcid sse4_1 sse4_2 movbe popcnt tsc_deadline_timer aes xsave avx f16c rdrand lahf_lm abm epb tpr_shadow vnmi flexpriority ept vpid fsgsbase tsc_adjust bmi1 avx2 smep bmi2 erms invpcid xsaveopt dtherm ida arat pln pts
bugs		:
bogomips	: 4788.97
clflush size	: 64
cache_alignment	: 64
address sizes	: 39 bits physical, 48 bits virtual
power management:

processor	: 7
vendor_id	: GenuineIntel
cpu family	: 6
model		: 60
model name	: Intel(R) Core(TM) i7-4700MQ CPU @ 2.40GHz
stepping	: 3
microcode	: 0x16
cpu MHz		: 1599.937
cache size	: 6144 KB
physical id	: 0
siblings	: 8
core id		: 3
cpu cores	: 4
apicid		: 7
initial apicid	: 7
fpu		: yes
fpu_exception	: yes
cpuid level	: 13
wp		: yes
flags		: fpu vme de pse tsc msr pae mce cx8 apic sep mtrr pge mca cmov pat pse36 clflush dts acpi mmx fxsr sse sse2 ss ht tm pbe syscall nx pdpe1gb rdtscp lm constant_tsc arch_perfmon pebs bts rep_good nopl xtopology nonstop_tsc aperfmperf eagerfpu pni pclmulqdq dtes64 monitor ds_cpl vmx est tm2 ssse3 sdbg fma cx16 xtpr pdcm pcid sse4_1 sse4_2 movbe popcnt tsc_deadline_timer aes xsave avx f16c rdrand lahf_lm abm epb tpr_shadow vnmi flexpriority ept vpid fsgsbase tsc_adjust bmi1 avx2 smep bmi2 erms invpcid xsaveopt dtherm ida arat pln pts
bugs		:
bogomips	: 4788.97
clflush size	: 64
cache_alignment	: 64
address sizes	: 39 bits physical, 48 bits virtual
power management:



Memory: 4k page, physical 8101800k(64056k free), swap 0k(0k free)

vm_info: Java HotSpot(TM) 64-Bit Server VM (25.91-b14) for linux-amd64 JRE (1.8.0_91-b14), built on Apr  1 2016 00:57:21 by "java_re" with gcc 4.3.0 20080428 (Red Hat 4.3.0-8)

time: Thu Aug 11 12:29:11 2016
elapsed time: 5 seconds (0d 0h 0m 5s)

