#
# There is insufficient memory for the Java Runtime Environment to continue.
# Native memory allocation (mmap) failed to map 173015040 bytes for committing reserved memory.
# Possible reasons:
#   The system is out of physical RAM or swap space
#   In 32 bit mode, the process size limit was hit
# Possible solutions:
#   Reduce memory load on the system
#   Increase physical memory or swap space
#   Check if swap backing store is full
#   Use 64 bit Java on a 64 bit OS
#   Decrease Java heap size (-Xmx/-Xms)
#   Decrease number of Java threads
#   Decrease Java thread stack sizes (-Xss)
#   Set larger code cache with -XX:ReservedCodeCacheSize=
# This output file may be truncated or incomplete.
#
#  Out of Memory Error (os_linux.cpp:2627), pid=13746, tid=140533250545408
#
# JRE version: Java(TM) SE Runtime Environment (8.0_91-b14) (build 1.8.0_91-b14)
# Java VM: Java HotSpot(TM) 64-Bit Server VM (25.91-b14 mixed mode linux-amd64 compressed oops)
# Failed to write core dump. Core dumps have been disabled. To enable core dumping, try "ulimit -c unlimited" before starting Java again
#

---------------  T H R E A D  ---------------

Current thread (0x00007fd0a4080000):  VMThread [stack: 0x00007fd0726a5000,0x00007fd0727a6000] [id=13774]

Stack: [0x00007fd0726a5000,0x00007fd0727a6000],  sp=0x00007fd0727a4220,  free space=1020k
Native frames: (J=compiled Java code, j=interpreted, Vv=VM code, C=native code)
V  [libjvm.so+0xabc18a]  VMError::report_and_die()+0x2ba
V  [libjvm.so+0x4fafeb]  report_vm_out_of_memory(char const*, int, unsigned long, VMErrorType, char const*)+0x8b
V  [libjvm.so+0x91cbb3]  os::Linux::commit_memory_impl(char*, unsigned long, bool)+0x103
V  [libjvm.so+0x91d109]  os::pd_commit_memory(char*, unsigned long, unsigned long, bool)+0x29
V  [libjvm.so+0x91740a]  os::commit_memory(char*, unsigned long, unsigned long, bool)+0x2a
V  [libjvm.so+0x98b033]  PSVirtualSpace::expand_by(unsigned long)+0x53
V  [libjvm.so+0x98c438]  PSYoungGen::resize_generation(unsigned long, unsigned long)+0xf8
V  [libjvm.so+0x98b592]  PSYoungGen::resize(unsigned long, unsigned long)+0x22
V  [libjvm.so+0x98886b]  PSScavenge::invoke_no_policy()+0xf3b
V  [libjvm.so+0x988ff1]  PSScavenge::invoke()+0x41
V  [libjvm.so+0x9408b0]  ParallelScavengeHeap::failed_mem_allocate(unsigned long)+0x70
V  [libjvm.so+0xabdba7]  VM_ParallelGCFailedAllocation::doit()+0x97
V  [libjvm.so+0xac55d5]  VM_Operation::evaluate()+0x55
V  [libjvm.so+0xac39aa]  VMThread::evaluate_operation(VM_Operation*)+0xba
V  [libjvm.so+0xac3d2e]  VMThread::loop()+0x1ce
V  [libjvm.so+0xac41a0]  VMThread::run()+0x70
V  [libjvm.so+0x91ef78]  java_start(Thread*)+0x108

VM_Operation (0x00007fd071639840): ParallelGCFailedAllocation, mode: safepoint, requested by thread 0x00007fd0a417a800


---------------  P R O C E S S  ---------------

Java Threads: ( => current thread )
  0x00007fd0a417c000 JavaThread "pool-1-thread-4" [_thread_blocked, id=13800, stack(0x00007fd07143a000,0x00007fd07153b000)]
  0x00007fd0a417a800 JavaThread "pool-1-thread-3" [_thread_blocked, id=13799, stack(0x00007fd07153b000,0x00007fd07163c000)]
  0x00007fd0a4179800 JavaThread "pool-1-thread-2" [_thread_blocked, id=13795, stack(0x00007fd07163c000,0x00007fd07173d000)]
  0x00007fd0a416d800 JavaThread "pool-2-thread-1" [_thread_blocked, id=13794, stack(0x00007fd07173d000,0x00007fd07183e000)]
  0x00007fd0a416b000 JavaThread "pool-1-thread-1" [_thread_blocked, id=13793, stack(0x00007fd07183e000,0x00007fd07193f000)]
  0x00007fd0a40cb800 JavaThread "Service Thread" daemon [_thread_blocked, id=13787, stack(0x00007fd071a65000,0x00007fd071b66000)]
  0x00007fd0a40c8800 JavaThread "C1 CompilerThread3" daemon [_thread_blocked, id=13786, stack(0x00007fd071b66000,0x00007fd071c67000)]
  0x00007fd0a40c6800 JavaThread "C2 CompilerThread2" daemon [_thread_blocked, id=13783, stack(0x00007fd071c67000,0x00007fd071d68000)]
  0x00007fd0a40c5000 JavaThread "C2 CompilerThread1" daemon [_thread_blocked, id=13782, stack(0x00007fd071d68000,0x00007fd071e69000)]
  0x00007fd0a40c2000 JavaThread "C2 CompilerThread0" daemon [_thread_blocked, id=13780, stack(0x00007fd071e69000,0x00007fd071f6a000)]
  0x00007fd0a40c0800 JavaThread "Signal Dispatcher" daemon [_thread_blocked, id=13779, stack(0x00007fd071f6a000,0x00007fd07206b000)]
  0x00007fd0a408c000 JavaThread "Finalizer" daemon [_thread_blocked, id=13778, stack(0x00007fd0724a3000,0x00007fd0725a4000)]
  0x00007fd0a4087800 JavaThread "Reference Handler" daemon [_thread_blocked, id=13776, stack(0x00007fd0725a4000,0x00007fd0726a5000)]
  0x00007fd0a400a000 JavaThread "main" [_thread_blocked, id=13753, stack(0x00007fd0a9df0000,0x00007fd0a9ef1000)]

Other Threads:
=>0x00007fd0a4080000 VMThread [stack: 0x00007fd0726a5000,0x00007fd0727a6000] [id=13774]
  0x00007fd0a40ce800 WatcherThread [stack: 0x00007fd071964000,0x00007fd071a65000] [id=13789]

VM state:at safepoint (normal execution)

VM Mutex/Monitor currently owned by a thread:  ([mutex/lock_event])
[0x00007fd0a4006530] Threads_lock - owner thread: 0x00007fd0a4080000
[0x00007fd0a4006a30] Heap_lock - owner thread: 0x00007fd0a417a800

Heap:
 PSYoungGen      total 132096K, used 5106K [0x00000000eab00000, 0x00000000f3100000, 0x0000000100000000)
  eden space 126976K, 0% used [0x00000000eab00000,0x00000000eab00000,0x00000000f2700000)
  from space 5120K, 99% used [0x00000000f2700000,0x00000000f2bfca48,0x00000000f2c00000)
  to   space 5120K, 0% used [0x00000000f2c00000,0x00000000f2c00000,0x00000000f3100000)
 ParOldGen       total 84992K, used 40608K [0x00000000c0000000, 0x00000000c5300000, 0x00000000eab00000)
  object space 84992K, 47% used [0x00000000c0000000,0x00000000c27a80b0,0x00000000c5300000)
 Metaspace       used 6382K, capacity 7192K, committed 7424K, reserved 1056768K
  class space    used 618K, capacity 656K, committed 768K, reserved 1048576K

Card table byte_map: [0x00007fd0939a0000,0x00007fd093ba1000] byte_map_base: 0x00007fd0933a0000

Marking Bits: (ParMarkBitMap*) 0x00007fd0a92c4d60
 Begin Bits: [0x00007fd091042000, 0x00007fd092042000)
 End Bits:   [0x00007fd092042000, 0x00007fd093042000)

Polling page: 0x00007fd0a9f14000

CodeCache: size=245760Kb used=6583Kb max_used=6583Kb free=239176Kb
 bounds [0x00007fd093f61000, 0x00007fd0945e1000, 0x00007fd0a2f61000]
 total_blobs=2145 nmethods=1876 adapters=182
 compilation: enabled

Compilation events (10 events):
Event: 4.363 Thread 0x00007fd0a40c8800 2034       2       java.util.concurrent.FutureTask::done (1 bytes)
Event: 4.363 Thread 0x00007fd0a40c8800 nmethod 2034 0x00007fd0945b6610 code [0x00007fd0945b6760, 0x00007fd0945b68b0]
Event: 4.365 Thread 0x00007fd0a40c8800 2036       2       java.util.ArrayList$SubList::get (23 bytes)
Event: 4.366 Thread 0x00007fd0a40c8800 nmethod 2036 0x00007fd0945b5f10 code [0x00007fd0945b60a0, 0x00007fd0945b6388]
Event: 4.367 Thread 0x00007fd0a40c8800 2038       2       com.android.dx.ssa.SsaBasicBlock::getLiveOutRegs (26 bytes)
Event: 4.367 Thread 0x00007fd0a40c8800 nmethod 2038 0x00007fd0945b58d0 code [0x00007fd0945b5a40, 0x00007fd0945b5d48]
Event: 4.378 Thread 0x00007fd0a40c8800 2039       2       com.android.dx.ssa.PhiInsn::updateSourcesToDefinitions (68 bytes)
Event: 4.380 Thread 0x00007fd0a40c8800 nmethod 2039 0x00007fd0945b4f90 code [0x00007fd0945b5140, 0x00007fd0945b5518]
Event: 4.381 Thread 0x00007fd0a40c8800 2041       2       com.android.dx.ssa.SsaMethod$1::visitMoveInsn (17 bytes)
Event: 4.382 Thread 0x00007fd0a40c8800 nmethod 2041 0x00007fd0945b4a50 code [0x00007fd0945b4bc0, 0x00007fd0945b4dd0]

GC Heap History (9 events):
Event: 1.008 GC heap before
{Heap before GC invocations=1 (full 0):
 PSYoungGen      total 36864K, used 31744K [0x00000000eab00000, 0x00000000ed400000, 0x0000000100000000)
  eden space 31744K, 100% used [0x00000000eab00000,0x00000000eca00000,0x00000000eca00000)
  from space 5120K, 0% used [0x00000000ecf00000,0x00000000ecf00000,0x00000000ed400000)
  to   space 5120K, 0% used [0x00000000eca00000,0x00000000eca00000,0x00000000ecf00000)
 ParOldGen       total 84992K, used 0K [0x00000000c0000000, 0x00000000c5300000, 0x00000000eab00000)
  object space 84992K, 0% used [0x00000000c0000000,0x00000000c0000000,0x00000000c5300000)
 Metaspace       used 5723K, capacity 6704K, committed 6784K, reserved 1056768K
  class space    used 594K, capacity 616K, committed 640K, reserved 1048576K
Event: 1.052 GC heap after
Heap after GC invocations=1 (full 0):
 PSYoungGen      total 36864K, used 5095K [0x00000000eab00000, 0x00000000ef300000, 0x0000000100000000)
  eden space 31744K, 0% used [0x00000000eab00000,0x00000000eab00000,0x00000000eca00000)
  from space 5120K, 99% used [0x00000000eca00000,0x00000000ecef9c10,0x00000000ecf00000)
  to   space 5120K, 0% used [0x00000000eee00000,0x00000000eee00000,0x00000000ef300000)
 ParOldGen       total 84992K, used 16K [0x00000000c0000000, 0x00000000c5300000, 0x00000000eab00000)
  object space 84992K, 0% used [0x00000000c0000000,0x00000000c0004000,0x00000000c5300000)
 Metaspace       used 5723K, capacity 6704K, committed 6784K, reserved 1056768K
  class space    used 594K, capacity 616K, committed 640K, reserved 1048576K
}
Event: 1.610 GC heap before
{Heap before GC invocations=2 (full 0):
 PSYoungGen      total 36864K, used 36839K [0x00000000eab00000, 0x00000000ef300000, 0x0000000100000000)
  eden space 31744K, 100% used [0x00000000eab00000,0x00000000eca00000,0x00000000eca00000)
  from space 5120K, 99% used [0x00000000eca00000,0x00000000ecef9c10,0x00000000ecf00000)
  to   space 5120K, 0% used [0x00000000eee00000,0x00000000eee00000,0x00000000ef300000)
 ParOldGen       total 84992K, used 16K [0x00000000c0000000, 0x00000000c5300000, 0x00000000eab00000)
  object space 84992K, 0% used [0x00000000c0000000,0x00000000c0004000,0x00000000c5300000)
 Metaspace       used 5955K, capacity 6896K, committed 7040K, reserved 1056768K
  class space    used 596K, capacity 616K, committed 640K, reserved 1048576K
Event: 1.660 GC heap after
Heap after GC invocations=2 (full 0):
 PSYoungGen      total 68608K, used 5103K [0x00000000eab00000, 0x00000000ef300000, 0x0000000100000000)
  eden space 63488K, 0% used [0x00000000eab00000,0x00000000eab00000,0x00000000ee900000)
  from space 5120K, 99% used [0x00000000eee00000,0x00000000ef2fbf88,0x00000000ef300000)
  to   space 5120K, 0% used [0x00000000ee900000,0x00000000ee900000,0x00000000eee00000)
 ParOldGen       total 84992K, used 3380K [0x00000000c0000000, 0x00000000c5300000, 0x00000000eab00000)
  object space 84992K, 3% used [0x00000000c0000000,0x00000000c034d3f0,0x00000000c5300000)
 Metaspace       used 5955K, capacity 6896K, committed 7040K, reserved 1056768K
  class space    used 596K, capacity 616K, committed 640K, reserved 1048576K
}
Event: 2.411 GC heap before
{Heap before GC invocations=3 (full 0):
 PSYoungGen      total 68608K, used 68591K [0x00000000eab00000, 0x00000000ef300000, 0x0000000100000000)
  eden space 63488K, 100% used [0x00000000eab00000,0x00000000ee900000,0x00000000ee900000)
  from space 5120K, 99% used [0x00000000eee00000,0x00000000ef2fbf88,0x00000000ef300000)
  to   space 5120K, 0% used [0x00000000ee900000,0x00000000ee900000,0x00000000eee00000)
 ParOldGen       total 84992K, used 3380K [0x00000000c0000000, 0x00000000c5300000, 0x00000000eab00000)
  object space 84992K, 3% used [0x00000000c0000000,0x00000000c034d3f0,0x00000000c5300000)
 Metaspace       used 6020K, capacity 6960K, committed 7040K, reserved 1056768K
  class space    used 597K, capacity 616K, committed 640K, reserved 1048576K
Event: 2.467 GC heap after
Heap after GC invocations=3 (full 0):
 PSYoungGen      total 68608K, used 5101K [0x00000000eab00000, 0x00000000f3100000, 0x0000000100000000)
  eden space 63488K, 0% used [0x00000000eab00000,0x00000000eab00000,0x00000000ee900000)
  from space 5120K, 99% used [0x00000000ee900000,0x00000000eedfb488,0x00000000eee00000)
  to   space 5120K, 0% used [0x00000000f2c00000,0x00000000f2c00000,0x00000000f3100000)
 ParOldGen       total 84992K, used 12241K [0x00000000c0000000, 0x00000000c5300000, 0x00000000eab00000)
  object space 84992K, 14% used [0x00000000c0000000,0x00000000c0bf47b0,0x00000000c5300000)
 Metaspace       used 6020K, capacity 6960K, committed 7040K, reserved 1056768K
  class space    used 597K, capacity 616K, committed 640K, reserved 1048576K
}
Event: 2.915 GC heap before
{Heap before GC invocations=4 (full 0):
 PSYoungGen      total 68608K, used 68589K [0x00000000eab00000, 0x00000000f3100000, 0x0000000100000000)
  eden space 63488K, 100% used [0x00000000eab00000,0x00000000ee900000,0x00000000ee900000)
  from space 5120K, 99% used [0x00000000ee900000,0x00000000eedfb488,0x00000000eee00000)
  to   space 5120K, 0% used [0x00000000f2c00000,0x00000000f2c00000,0x00000000f3100000)
 ParOldGen       total 84992K, used 12241K [0x00000000c0000000, 0x00000000c5300000, 0x00000000eab00000)
  object space 84992K, 14% used [0x00000000c0000000,0x00000000c0bf47b0,0x00000000c5300000)
 Metaspace       used 6115K, capacity 7088K, committed 7296K, reserved 1056768K
  class space    used 597K, capacity 616K, committed 640K, reserved 1048576K
Event: 2.985 GC heap after
Heap after GC invocations=4 (full 0):
 PSYoungGen      total 132096K, used 5101K [0x00000000eab00000, 0x00000000f3100000, 0x0000000100000000)
  eden space 126976K, 0% used [0x00000000eab00000,0x00000000eab00000,0x00000000f2700000)
  from space 5120K, 99% used [0x00000000f2c00000,0x00000000f30fb488,0x00000000f3100000)
  to   space 5120K, 0% used [0x00000000f2700000,0x00000000f2700000,0x00000000f2c00000)
 ParOldGen       total 84992K, used 21350K [0x00000000c0000000, 0x00000000c5300000, 0x00000000eab00000)
  object space 84992K, 25% used [0x00000000c0000000,0x00000000c14d9af8,0x00000000c5300000)
 Metaspace       used 6115K, capacity 7088K, committed 7296K, reserved 1056768K
  class space    used 597K, capacity 616K, committed 640K, reserved 1048576K
}
Event: 4.440 GC heap before
{Heap before GC invocations=5 (full 0):
 PSYoungGen      total 132096K, used 132077K [0x00000000eab00000, 0x00000000f3100000, 0x0000000100000000)
  eden space 126976K, 100% used [0x00000000eab00000,0x00000000f2700000,0x00000000f2700000)
  from space 5120K, 99% used [0x00000000f2c00000,0x00000000f30fb488,0x00000000f3100000)
  to   space 5120K, 0% used [0x00000000f2700000,0x00000000f2700000,0x00000000f2c00000)
 ParOldGen       total 84992K, used 21350K [0x00000000c0000000, 0x00000000c5300000, 0x00000000eab00000)
  object space 84992K, 25% used [0x00000000c0000000,0x00000000c14d9af8,0x00000000c5300000)
 Metaspace       used 6382K, capacity 7192K, committed 7424K, reserved 1056768K
  class space    used 618K, capacity 656K, committed 768K, reserved 1048576K

Deoptimization events (10 events):
Event: 3.461 Thread 0x00007fd0a4179800 Uncommon trap: reason=unstable_if action=reinterpret pc=0x00007fd0944a948c method=com.android.dx.rop.code.LocalItem.compareHandlesNulls(Lcom/android/dx/rop/cst/CstString;Lcom/android/dx/rop/cst/CstString;)I @ 14
Event: 4.211 Thread 0x00007fd0a4179800 Uncommon trap: reason=unstable_if action=reinterpret pc=0x00007fd0941fec48 method=java.util.HashMap.putVal(ILjava/lang/Object;Ljava/lang/Object;ZZ)Ljava/lang/Object; @ 162
Event: 4.237 Thread 0x00007fd0a4179800 Uncommon trap: reason=unstable_if action=reinterpret pc=0x00007fd0942cdcb8 method=java.util.HashMap.getNode(ILjava/lang/Object;)Ljava/util/HashMap$Node; @ 84
Event: 4.285 Thread 0x00007fd0a416b000 Uncommon trap: reason=bimorphic action=maybe_recompile pc=0x00007fd0945bc36c method=com.android.dx.ssa.NormalSsaInsn.accept(Lcom/android/dx/ssa/SsaInsn$Visitor;)V @ 9
Event: 4.285 Thread 0x00007fd0a416b000 Uncommon trap: reason=bimorphic action=maybe_recompile pc=0x00007fd0945bc36c method=com.android.dx.ssa.NormalSsaInsn.accept(Lcom/android/dx/ssa/SsaInsn$Visitor;)V @ 9
Event: 4.285 Thread 0x00007fd0a416b000 Uncommon trap: reason=bimorphic action=maybe_recompile pc=0x00007fd0945bc36c method=com.android.dx.ssa.NormalSsaInsn.accept(Lcom/android/dx/ssa/SsaInsn$Visitor;)V @ 9
Event: 4.285 Thread 0x00007fd0a416b000 Uncommon trap: reason=bimorphic action=maybe_recompile pc=0x00007fd0945bc36c method=com.android.dx.ssa.NormalSsaInsn.accept(Lcom/android/dx/ssa/SsaInsn$Visitor;)V @ 9
Event: 4.339 Thread 0x00007fd0a417c000 Uncommon trap: reason=unstable_if action=reinterpret pc=0x00007fd094465700 method=com.android.dx.ssa.MoveParamCombiner$1.visitNonMoveInsn(Lcom/android/dx/ssa/NormalSsaInsn;)V @ 27
Event: 4.351 Thread 0x00007fd0a400a000 Uncommon trap: reason=bimorphic action=maybe_recompile pc=0x00007fd0945d0924 method=com.android.dx.ssa.LiteralOpUpgrader.tryReplacingWithConstant(Lcom/android/dx/ssa/NormalSsaInsn;)Z @ 62
Event: 4.371 Thread 0x00007fd0a400a000 Uncommon trap: reason=bimorphic action=maybe_recompile pc=0x00007fd0945d0924 method=com.android.dx.ssa.LiteralOpUpgrader.tryReplacingWithConstant(Lcom/android/dx/ssa/NormalSsaInsn;)Z @ 62

Internal exceptions (8 events):
Event: 0.046 Thread 0x00007fd0a400a000 Exception <a 'java/lang/NoSuchMethodError': Method sun.misc.Unsafe.defineClass(Ljava/lang/String;[BII)Ljava/lang/Class; name or signature does not match> (0x00000000eab07cc0) thrown at [/HUDSON/workspace/8-2-build-linux-amd64/jdk8u91/6644/hotspot/src/shar
Event: 0.046 Thread 0x00007fd0a400a000 Exception <a 'java/lang/NoSuchMethodError': Method sun.misc.Unsafe.prefetchRead(Ljava/lang/Object;J)V name or signature does not match> (0x00000000eab07fa8) thrown at [/HUDSON/workspace/8-2-build-linux-amd64/jdk8u91/6644/hotspot/src/share/vm/prims/jni.cpp
Event: 1.119 Thread 0x00007fd0a417a800 Implicit null exception at 0x00007fd0941d87a2 to 0x00007fd0941d88ad
Event: 1.917 Thread 0x00007fd0a417c000 Implicit null exception at 0x00007fd0942ac6c9 to 0x00007fd0942af339
Event: 3.461 Thread 0x00007fd0a4179800 Implicit null exception at 0x00007fd0944a810d to 0x00007fd0944a9461
Event: 4.213 Thread 0x00007fd0a4179800 Exception <a 'java/lang/ArrayIndexOutOfBoundsException': 18> (0x00000000f0da0460) thrown at [/HUDSON/workspace/8-2-build-linux-amd64/jdk8u91/6644/hotspot/src/share/vm/interpreter/interpreterRuntime.cpp, line 366]
Event: 4.229 Thread 0x00007fd0a4179800 Exception <a 'java/lang/ArrayIndexOutOfBoundsException': 145> (0x00000000f0da1fe0) thrown at [/HUDSON/workspace/8-2-build-linux-amd64/jdk8u91/6644/hotspot/src/share/vm/interpreter/interpreterRuntime.cpp, line 366]
Event: 4.230 Thread 0x00007fd0a4179800 Exception <a 'java/lang/ArrayIndexOutOfBoundsException'> (0x00000000f0da32c8) thrown at [/HUDSON/workspace/8-2-build-linux-amd64/jdk8u91/6644/hotspot/src/share/vm/runtime/sharedRuntime.cpp, line 605]

Events (10 events):
Event: 4.339 Thread 0x00007fd0a417c000 DEOPT UNPACKING pc=0x00007fd093f66229 sp=0x00007fd071538c78 mode 2
Event: 4.351 Thread 0x00007fd0a400a000 Uncommon trap: trap_request=0xffffffc6 fr.pc=0x00007fd0945d0924
Event: 4.351 Thread 0x00007fd0a400a000 DEOPT PACKING pc=0x00007fd0945d0924 sp=0x00007fd0a9eee6b0
Event: 4.351 Thread 0x00007fd0a400a000 DEOPT UNPACKING pc=0x00007fd093f66229 sp=0x00007fd0a9eee5e8 mode 2
Event: 4.371 Thread 0x00007fd0a400a000 Uncommon trap: trap_request=0xffffffc6 fr.pc=0x00007fd0945d0924
Event: 4.371 Thread 0x00007fd0a400a000 DEOPT PACKING pc=0x00007fd0945d0924 sp=0x00007fd0a9eee600
Event: 4.371 Thread 0x00007fd0a400a000 DEOPT UNPACKING pc=0x00007fd093f66229 sp=0x00007fd0a9eee538 mode 2
Event: 4.392 Thread 0x00007fd0a417a800 DEOPT PACKING pc=0x00007fd0941ec12d sp=0x00007fd0716399a0
Event: 4.392 Thread 0x00007fd0a417a800 DEOPT UNPACKING pc=0x00007fd093fa8633 sp=0x00007fd071639728 mode 0
Event: 4.415 Executing VM operation: ParallelGCFailedAllocation


Dynamic libraries:
00400000-00401000 r-xp 00000000 08:01 9839507                            /usr/lib/jvm/java-8-oracle/bin/java
00600000-00601000 rw-p 00000000 08:01 9839507                            /usr/lib/jvm/java-8-oracle/bin/java
02388000-023a9000 rw-p 00000000 00:00 0                                  [heap]
c0000000-c5300000 rw-p 00000000 00:00 0 
c5300000-eab00000 ---p 00000000 00:00 0 
eab00000-f3100000 rw-p 00000000 00:00 0 
fd600000-100000000 ---p 00000000 00:00 0 
100000000-1000c0000 rw-p 00000000 00:00 0 
1000c0000-140000000 ---p 00000000 00:00 0 
7fd030000000-7fd030021000 rw-p 00000000 00:00 0 
7fd030021000-7fd034000000 ---p 00000000 00:00 0 
7fd034000000-7fd034021000 rw-p 00000000 00:00 0 
7fd034021000-7fd038000000 ---p 00000000 00:00 0 
7fd038000000-7fd038021000 rw-p 00000000 00:00 0 
7fd038021000-7fd03c000000 ---p 00000000 00:00 0 
7fd03c000000-7fd03c04a000 rw-p 00000000 00:00 0 
7fd03c04a000-7fd040000000 ---p 00000000 00:00 0 
7fd040000000-7fd040021000 rw-p 00000000 00:00 0 
7fd040021000-7fd044000000 ---p 00000000 00:00 0 
7fd044000000-7fd04403e000 rw-p 00000000 00:00 0 
7fd04403e000-7fd048000000 ---p 00000000 00:00 0 
7fd048000000-7fd048ea9000 rw-p 00000000 00:00 0 
7fd048ea9000-7fd04c000000 ---p 00000000 00:00 0 
7fd04c000000-7fd04c021000 rw-p 00000000 00:00 0 
7fd04c021000-7fd050000000 ---p 00000000 00:00 0 
7fd050000000-7fd050e6f000 rw-p 00000000 00:00 0 
7fd050e6f000-7fd054000000 ---p 00000000 00:00 0 
7fd054000000-7fd05481d000 rw-p 00000000 00:00 0 
7fd05481d000-7fd058000000 ---p 00000000 00:00 0 
7fd058000000-7fd058021000 rw-p 00000000 00:00 0 
7fd058021000-7fd05c000000 ---p 00000000 00:00 0 
7fd05c000000-7fd05ccc9000 rw-p 00000000 00:00 0 
7fd05ccc9000-7fd060000000 ---p 00000000 00:00 0 
7fd060000000-7fd060021000 rw-p 00000000 00:00 0 
7fd060021000-7fd064000000 ---p 00000000 00:00 0 
7fd064000000-7fd064021000 rw-p 00000000 00:00 0 
7fd064021000-7fd068000000 ---p 00000000 00:00 0 
7fd068000000-7fd06828d000 rw-p 00000000 00:00 0 
7fd06828d000-7fd06c000000 ---p 00000000 00:00 0 
7fd06c000000-7fd06c021000 rw-p 00000000 00:00 0 
7fd06c021000-7fd070000000 ---p 00000000 00:00 0 
7fd07143a000-7fd07143d000 ---p 00000000 00:00 0 
7fd07143d000-7fd07153b000 rw-p 00000000 00:00 0 
7fd07153b000-7fd07153e000 ---p 00000000 00:00 0 
7fd07153e000-7fd07163c000 rw-p 00000000 00:00 0 
7fd07163c000-7fd07163f000 ---p 00000000 00:00 0 
7fd07163f000-7fd07173d000 rw-p 00000000 00:00 0 
7fd07173d000-7fd071740000 ---p 00000000 00:00 0 
7fd071740000-7fd07183e000 rw-p 00000000 00:00 0 
7fd07183e000-7fd071841000 ---p 00000000 00:00 0 
7fd071841000-7fd07193f000 rw-p 00000000 00:00 0 
7fd07193f000-7fd071955000 r--s 000f1000 08:01 4356236                    /home/oguz/Masaüstü/memo/oguz/FomApplicationAndroid/app/build/intermediates/exploded-aar/com.android.support/support-v4/23.3.0/jars/classes.jar
7fd071955000-7fd071964000 r--s 000df000 08:01 5246091                    /home/oguz/Android/Sdk/build-tools/23.0.3/lib/dx.jar
7fd071964000-7fd071965000 ---p 00000000 00:00 0 
7fd071965000-7fd071a65000 rw-p 00000000 00:00 0 
7fd071a65000-7fd071a68000 ---p 00000000 00:00 0 
7fd071a68000-7fd071b66000 rw-p 00000000 00:00 0 
7fd071b66000-7fd071b69000 ---p 00000000 00:00 0 
7fd071b69000-7fd071c67000 rw-p 00000000 00:00 0 
7fd071c67000-7fd071c6a000 ---p 00000000 00:00 0 
7fd071c6a000-7fd071d68000 rw-p 00000000 00:00 0 
7fd071d68000-7fd071d6b000 ---p 00000000 00:00 0 
7fd071d6b000-7fd071e69000 rw-p 00000000 00:00 0 
7fd071e69000-7fd071e6c000 ---p 00000000 00:00 0 
7fd071e6c000-7fd071f6a000 rw-p 00000000 00:00 0 
7fd071f6a000-7fd071f6d000 ---p 00000000 00:00 0 
7fd071f6d000-7fd07206b000 rw-p 00000000 00:00 0 
7fd07206b000-7fd0724a3000 r--p 00000000 08:01 9700768                    /usr/lib/locale/locale-archive
7fd0724a3000-7fd0724a6000 ---p 00000000 00:00 0 
7fd0724a6000-7fd0725a4000 rw-p 00000000 00:00 0 
7fd0725a4000-7fd0725a7000 ---p 00000000 00:00 0 
7fd0725a7000-7fd0726a5000 rw-p 00000000 00:00 0 
7fd0726a5000-7fd0726a6000 ---p 00000000 00:00 0 
7fd0726a6000-7fd074000000 rw-p 00000000 00:00 0 
7fd074000000-7fd074021000 rw-p 00000000 00:00 0 
7fd074021000-7fd078000000 ---p 00000000 00:00 0 
7fd078000000-7fd078021000 rw-p 00000000 00:00 0 
7fd078021000-7fd07c000000 ---p 00000000 00:00 0 
7fd07c000000-7fd07c021000 rw-p 00000000 00:00 0 
7fd07c021000-7fd080000000 ---p 00000000 00:00 0 
7fd080000000-7fd080021000 rw-p 00000000 00:00 0 
7fd080021000-7fd084000000 ---p 00000000 00:00 0 
7fd084000000-7fd084021000 rw-p 00000000 00:00 0 
7fd084021000-7fd088000000 ---p 00000000 00:00 0 
7fd088000000-7fd088021000 rw-p 00000000 00:00 0 
7fd088021000-7fd08c000000 ---p 00000000 00:00 0 
7fd08c000000-7fd08c021000 rw-p 00000000 00:00 0 
7fd08c021000-7fd090000000 ---p 00000000 00:00 0 
7fd090009000-7fd0903f3000 rw-p 00000000 00:00 0 
7fd0903f3000-7fd0905cc000 r--s 03d1f000 08:01 9967487                    /usr/lib/jvm/java-8-oracle/jre/lib/rt.jar
7fd0905cc000-7fd090cc2000 rw-p 00000000 00:00 0 
7fd090cc2000-7fd090e42000 ---p 00000000 00:00 0 
7fd090e42000-7fd093042000 rw-p 00000000 00:00 0 
7fd093042000-7fd093043000 ---p 00000000 00:00 0 
7fd093043000-7fd093143000 rw-p 00000000 00:00 0 
7fd093143000-7fd093144000 ---p 00000000 00:00 0 
7fd093144000-7fd093244000 rw-p 00000000 00:00 0 
7fd093244000-7fd093245000 ---p 00000000 00:00 0 
7fd093245000-7fd093345000 rw-p 00000000 00:00 0 
7fd093345000-7fd093346000 ---p 00000000 00:00 0 
7fd093346000-7fd093446000 rw-p 00000000 00:00 0 
7fd093446000-7fd093447000 ---p 00000000 00:00 0 
7fd093447000-7fd093547000 rw-p 00000000 00:00 0 
7fd093547000-7fd093548000 ---p 00000000 00:00 0 
7fd093548000-7fd093648000 rw-p 00000000 00:00 0 
7fd093648000-7fd093649000 ---p 00000000 00:00 0 
7fd093649000-7fd093749000 rw-p 00000000 00:00 0 
7fd093749000-7fd09374a000 ---p 00000000 00:00 0 
7fd09374a000-7fd093874000 rw-p 00000000 00:00 0 
7fd093874000-7fd0939a0000 ---p 00000000 00:00 0 
7fd0939a0000-7fd0939ca000 rw-p 00000000 00:00 0 
7fd0939ca000-7fd093af5000 ---p 00000000 00:00 0 
7fd093af5000-7fd093b39000 rw-p 00000000 00:00 0 
7fd093b39000-7fd093ba0000 ---p 00000000 00:00 0 
7fd093ba0000-7fd093bbb000 rw-p 00000000 00:00 0 
7fd093bbb000-7fd093f61000 ---p 00000000 00:00 0 
7fd093f61000-7fd0945e1000 rwxp 00000000 00:00 0 
7fd0945e1000-7fd0a2f61000 ---p 00000000 00:00 0 
7fd0a2f61000-7fd0a2f7b000 r-xp 00000000 08:01 10092954                   /usr/lib/jvm/java-8-oracle/jre/lib/amd64/libzip.so
7fd0a2f7b000-7fd0a317b000 ---p 0001a000 08:01 10092954                   /usr/lib/jvm/java-8-oracle/jre/lib/amd64/libzip.so
7fd0a317b000-7fd0a317c000 rw-p 0001a000 08:01 10092954                   /usr/lib/jvm/java-8-oracle/jre/lib/amd64/libzip.so
7fd0a317c000-7fd0a3187000 r-xp 00000000 08:01 7603299                    /lib/x86_64-linux-gnu/libnss_files-2.23.so
7fd0a3187000-7fd0a3386000 ---p 0000b000 08:01 7603299                    /lib/x86_64-linux-gnu/libnss_files-2.23.so
7fd0a3386000-7fd0a3387000 r--p 0000a000 08:01 7603299                    /lib/x86_64-linux-gnu/libnss_files-2.23.so
7fd0a3387000-7fd0a3388000 rw-p 0000b000 08:01 7603299                    /lib/x86_64-linux-gnu/libnss_files-2.23.so
7fd0a3388000-7fd0a338e000 rw-p 00000000 00:00 0 
7fd0a338e000-7fd0a3399000 r-xp 00000000 08:01 7603296                    /lib/x86_64-linux-gnu/libnss_nis-2.23.so
7fd0a3399000-7fd0a3598000 ---p 0000b000 08:01 7603296                    /lib/x86_64-linux-gnu/libnss_nis-2.23.so
7fd0a3598000-7fd0a3599000 r--p 0000a000 08:01 7603296                    /lib/x86_64-linux-gnu/libnss_nis-2.23.so
7fd0a3599000-7fd0a359a000 rw-p 0000b000 08:01 7603296                    /lib/x86_64-linux-gnu/libnss_nis-2.23.so
7fd0a359a000-7fd0a35b0000 r-xp 00000000 08:01 7603294                    /lib/x86_64-linux-gnu/libnsl-2.23.so
7fd0a35b0000-7fd0a37b0000 ---p 00016000 08:01 7603294                    /lib/x86_64-linux-gnu/libnsl-2.23.so
7fd0a37b0000-7fd0a37b1000 r--p 00016000 08:01 7603294                    /lib/x86_64-linux-gnu/libnsl-2.23.so
7fd0a37b1000-7fd0a37b2000 rw-p 00017000 08:01 7603294                    /lib/x86_64-linux-gnu/libnsl-2.23.so
7fd0a37b2000-7fd0a37b4000 rw-p 00000000 00:00 0 
7fd0a37b4000-7fd0a37bc000 r-xp 00000000 08:01 7603292                    /lib/x86_64-linux-gnu/libnss_compat-2.23.so
7fd0a37bc000-7fd0a39bb000 ---p 00008000 08:01 7603292                    /lib/x86_64-linux-gnu/libnss_compat-2.23.so
7fd0a39bb000-7fd0a39bc000 r--p 00007000 08:01 7603292                    /lib/x86_64-linux-gnu/libnss_compat-2.23.so
7fd0a39bc000-7fd0a39bd000 rw-p 00008000 08:01 7603292                    /lib/x86_64-linux-gnu/libnss_compat-2.23.so
7fd0a39bd000-7fd0a39e7000 r-xp 00000000 08:01 10092949                   /usr/lib/jvm/java-8-oracle/jre/lib/amd64/libjava.so
7fd0a39e7000-7fd0a3be7000 ---p 0002a000 08:01 10092949                   /usr/lib/jvm/java-8-oracle/jre/lib/amd64/libjava.so
7fd0a3be7000-7fd0a3be9000 rw-p 0002a000 08:01 10092949                   /usr/lib/jvm/java-8-oracle/jre/lib/amd64/libjava.so
7fd0a3be9000-7fd0a3bf6000 r-xp 00000000 08:01 10092953                   /usr/lib/jvm/java-8-oracle/jre/lib/amd64/libverify.so
7fd0a3bf6000-7fd0a3df6000 ---p 0000d000 08:01 10092953                   /usr/lib/jvm/java-8-oracle/jre/lib/amd64/libverify.so
7fd0a3df6000-7fd0a3df8000 rw-p 0000d000 08:01 10092953                   /usr/lib/jvm/java-8-oracle/jre/lib/amd64/libverify.so
7fd0a3df8000-7fd0a3dff000 r-xp 00000000 08:01 7603308                    /lib/x86_64-linux-gnu/librt-2.23.so
7fd0a3dff000-7fd0a3ffe000 ---p 00007000 08:01 7603308                    /lib/x86_64-linux-gnu/librt-2.23.so
7fd0a3ffe000-7fd0a3fff000 r--p 00006000 08:01 7603308                    /lib/x86_64-linux-gnu/librt-2.23.so
7fd0a3fff000-7fd0a4000000 rw-p 00007000 08:01 7603308                    /lib/x86_64-linux-gnu/librt-2.23.so
7fd0a4000000-7fd0a4397000 rw-p 00000000 00:00 0 
7fd0a4397000-7fd0a8000000 ---p 00000000 00:00 0 
7fd0a8005000-7fd0a810d000 r-xp 00000000 08:01 7603305                    /lib/x86_64-linux-gnu/libm-2.23.so
7fd0a810d000-7fd0a830c000 ---p 00108000 08:01 7603305                    /lib/x86_64-linux-gnu/libm-2.23.so
7fd0a830c000-7fd0a830d000 r--p 00107000 08:01 7603305                    /lib/x86_64-linux-gnu/libm-2.23.so
7fd0a830d000-7fd0a830e000 rw-p 00108000 08:01 7603305                    /lib/x86_64-linux-gnu/libm-2.23.so
7fd0a830e000-7fd0a8fce000 r-xp 00000000 08:01 10092932                   /usr/lib/jvm/java-8-oracle/jre/lib/amd64/server/libjvm.so
7fd0a8fce000-7fd0a91ce000 ---p 00cc0000 08:01 10092932                   /usr/lib/jvm/java-8-oracle/jre/lib/amd64/server/libjvm.so
7fd0a91ce000-7fd0a92a6000 rw-p 00cc0000 08:01 10092932                   /usr/lib/jvm/java-8-oracle/jre/lib/amd64/server/libjvm.so
7fd0a92a6000-7fd0a92f1000 rw-p 00000000 00:00 0 
7fd0a92f1000-7fd0a94b1000 r-xp 00000000 08:01 7603313                    /lib/x86_64-linux-gnu/libc-2.23.so
7fd0a94b1000-7fd0a96b1000 ---p 001c0000 08:01 7603313                    /lib/x86_64-linux-gnu/libc-2.23.so
7fd0a96b1000-7fd0a96b5000 r--p 001c0000 08:01 7603313                    /lib/x86_64-linux-gnu/libc-2.23.so
7fd0a96b5000-7fd0a96b7000 rw-p 001c4000 08:01 7603313                    /lib/x86_64-linux-gnu/libc-2.23.so
7fd0a96b7000-7fd0a96bb000 rw-p 00000000 00:00 0 
7fd0a96bb000-7fd0a96be000 r-xp 00000000 08:01 7603314                    /lib/x86_64-linux-gnu/libdl-2.23.so
7fd0a96be000-7fd0a98bd000 ---p 00003000 08:01 7603314                    /lib/x86_64-linux-gnu/libdl-2.23.so
7fd0a98bd000-7fd0a98be000 r--p 00002000 08:01 7603314                    /lib/x86_64-linux-gnu/libdl-2.23.so
7fd0a98be000-7fd0a98bf000 rw-p 00003000 08:01 7603314                    /lib/x86_64-linux-gnu/libdl-2.23.so
7fd0a98bf000-7fd0a98d4000 r-xp 00000000 08:01 9840182                    /usr/lib/jvm/java-8-oracle/lib/amd64/jli/libjli.so
7fd0a98d4000-7fd0a9ad4000 ---p 00015000 08:01 9840182                    /usr/lib/jvm/java-8-oracle/lib/amd64/jli/libjli.so
7fd0a9ad4000-7fd0a9ad5000 rw-p 00015000 08:01 9840182                    /usr/lib/jvm/java-8-oracle/lib/amd64/jli/libjli.so
7fd0a9ad5000-7fd0a9aed000 r-xp 00000000 08:01 7603312                    /lib/x86_64-linux-gnu/libpthread-2.23.so
7fd0a9aed000-7fd0a9cec000 ---p 00018000 08:01 7603312                    /lib/x86_64-linux-gnu/libpthread-2.23.so
7fd0a9cec000-7fd0a9ced000 r--p 00017000 08:01 7603312                    /lib/x86_64-linux-gnu/libpthread-2.23.so
7fd0a9ced000-7fd0a9cee000 rw-p 00018000 08:01 7603312                    /lib/x86_64-linux-gnu/libpthread-2.23.so
7fd0a9cee000-7fd0a9cf2000 rw-p 00000000 00:00 0 
7fd0a9cf2000-7fd0a9d18000 r-xp 00000000 08:01 7603309                    /lib/x86_64-linux-gnu/ld-2.23.so
7fd0a9d1e000-7fd0a9df0000 rw-p 00000000 00:00 0 
7fd0a9df0000-7fd0a9df3000 ---p 00000000 00:00 0 
7fd0a9df3000-7fd0a9ef5000 rw-p 00000000 00:00 0 
7fd0a9ef7000-7fd0a9f0b000 rw-p 00000000 00:00 0 
7fd0a9f0b000-7fd0a9f13000 rw-s 00000000 08:01 133495                     /tmp/hsperfdata_oguz/13746
7fd0a9f13000-7fd0a9f14000 rw-p 00000000 00:00 0 
7fd0a9f14000-7fd0a9f15000 ---p 00000000 00:00 0 
7fd0a9f15000-7fd0a9f17000 rw-p 00000000 00:00 0 
7fd0a9f17000-7fd0a9f18000 r--p 00025000 08:01 7603309                    /lib/x86_64-linux-gnu/ld-2.23.so
7fd0a9f18000-7fd0a9f19000 rw-p 00026000 08:01 7603309                    /lib/x86_64-linux-gnu/ld-2.23.so
7fd0a9f19000-7fd0a9f1a000 rw-p 00000000 00:00 0 
7fff58022000-7fff58043000 rw-p 00000000 00:00 0                          [stack]
7fff581d5000-7fff581d7000 r--p 00000000 00:00 0                          [vvar]
7fff581d7000-7fff581d9000 r-xp 00000000 00:00 0                          [vdso]
ffffffffff600000-ffffffffff601000 r-xp 00000000 00:00 0                  [vsyscall]

VM Arguments:
jvm_args: -Djava.awt.headless=true -Xmx1024M -Dfile.encoding=UTF-8 -Duser.country=TR -Duser.language=tr -Duser.variant 
java_command: com.android.dx.command.Main --dex --num-threads=4 --output /home/oguz/Masaüstü/memo/oguz/FomApplicationAndroid/app/build/intermediates/pre-dexed/debug/com.android.support-support-v4-23.3.0_5ec19ab3f55b9644c8d770858bcb54132389e9ac.jar /home/oguz/Masaüstü/memo/oguz/FomApplicationAndroid/app/build/intermediates/exploded-aar/com.android.support/support-v4/23.3.0/jars/classes.jar
java_class_path (initial): /home/oguz/Android/Sdk/build-tools/23.0.3/lib/dx.jar
Launcher Type: SUN_STANDARD

Environment Variables:
PATH=/usr/local/sbin:/usr/local/bin:/usr/sbin:/usr/bin:/sbin:/bin:/usr/games:/usr/local/games:/snap/bin
LD_LIBRARY_PATH=/home/oguz/Masaüstü/Derleyiciler/android-studio/bin:
SHELL=/bin/bash
DISPLAY=:0

Signal Handlers:
SIGSEGV: [libjvm.so+0xabca10], sa_mask[0]=11111111011111111101111111111110, sa_flags=SA_RESTART|SA_SIGINFO
SIGBUS: [libjvm.so+0xabca10], sa_mask[0]=11111111011111111101111111111110, sa_flags=SA_RESTART|SA_SIGINFO
SIGFPE: [libjvm.so+0x919a20], sa_mask[0]=11111111011111111101111111111110, sa_flags=SA_RESTART|SA_SIGINFO
SIGPIPE: [libjvm.so+0x919a20], sa_mask[0]=11111111011111111101111111111110, sa_flags=SA_RESTART|SA_SIGINFO
SIGXFSZ: [libjvm.so+0x919a20], sa_mask[0]=11111111011111111101111111111110, sa_flags=SA_RESTART|SA_SIGINFO
SIGILL: [libjvm.so+0x919a20], sa_mask[0]=11111111011111111101111111111110, sa_flags=SA_RESTART|SA_SIGINFO
SIGUSR1: SIG_DFL, sa_mask[0]=00000000000000000000000000000000, sa_flags=none
SIGUSR2: [libjvm.so+0x91b050], sa_mask[0]=00100000000000000000000000000000, sa_flags=SA_RESTART|SA_SIGINFO
SIGHUP: [libjvm.so+0x91c450], sa_mask[0]=11111111011111111101111111111110, sa_flags=SA_RESTART|SA_SIGINFO
SIGINT: [libjvm.so+0x91c450], sa_mask[0]=11111111011111111101111111111110, sa_flags=SA_RESTART|SA_SIGINFO
SIGTERM: [libjvm.so+0x91c450], sa_mask[0]=11111111011111111101111111111110, sa_flags=SA_RESTART|SA_SIGINFO
SIGQUIT: [libjvm.so+0x91c450], sa_mask[0]=11111111011111111101111111111110, sa_flags=SA_RESTART|SA_SIGINFO


---------------  S Y S T E M  ---------------

OS:DISTRIB_ID=Ubuntu
DISTRIB_RELEASE=16.04
DISTRIB_CODENAME=xenial
DISTRIB_DESCRIPTION="Ubuntu Xenial Xerus (development branch)"

uname:Linux 4.4.0-22-generic #39-Ubuntu SMP Thu May 5 16:53:32 UTC 2016 x86_64
libc:glibc 2.23 NPTL 2.23 
rlimit: STACK 8192k, CORE 0k, NPROC 31498, NOFILE 65536, AS infinity
load average:14.15 5.02 2.86

/proc/meminfo:
MemTotal:        8101800 kB
MemFree:           53080 kB
MemAvailable:     101924 kB
Buffers:            1132 kB
Cached:           506388 kB
SwapCached:            0 kB
Active:          7346696 kB
Inactive:         448524 kB
Active(anon):    7328588 kB
Inactive(anon):   433468 kB
Active(file):      18108 kB
Inactive(file):    15056 kB
Unevictable:          92 kB
Mlocked:              92 kB
SwapTotal:             0 kB
SwapFree:              0 kB
Dirty:               264 kB
Writeback:             0 kB
AnonPages:       7288776 kB
Mapped:           213664 kB
Shmem:            473508 kB
Slab:             111624 kB
SReclaimable:      58052 kB
SUnreclaim:        53572 kB
KernelStack:       19552 kB
PageTables:        62200 kB
NFS_Unstable:          0 kB
Bounce:                0 kB
WritebackTmp:          0 kB
CommitLimit:     4050900 kB
Committed_AS:   14124880 kB
VmallocTotal:   34359738367 kB
VmallocUsed:           0 kB
VmallocChunk:          0 kB
HardwareCorrupted:     0 kB
AnonHugePages:   2920448 kB
CmaTotal:              0 kB
CmaFree:               0 kB
HugePages_Total:       0
HugePages_Free:        0
HugePages_Rsvd:        0
HugePages_Surp:        0
Hugepagesize:       2048 kB
DirectMap4k:      164608 kB
DirectMap2M:     7102464 kB
DirectMap1G:     2097152 kB


CPU:total 8 (4 cores per cpu, 2 threads per core) family 6 model 60 stepping 3, cmov, cx8, fxsr, mmx, sse, sse2, sse3, ssse3, sse4.1, sse4.2, popcnt, avx, avx2, aes, clmul, erms, lzcnt, ht, tsc, tscinvbit, bmi1, bmi2

/proc/cpuinfo:
processor	: 0
vendor_id	: GenuineIntel
cpu family	: 6
model		: 60
model name	: Intel(R) Core(TM) i7-4700MQ CPU @ 2.40GHz
stepping	: 3
microcode	: 0x16
cpu MHz		: 2979.468
cache size	: 6144 KB
physical id	: 0
siblings	: 8
core id		: 0
cpu cores	: 4
apicid		: 0
initial apicid	: 0
fpu		: yes
fpu_exception	: yes
cpuid level	: 13
wp		: yes
flags		: fpu vme de pse tsc msr pae mce cx8 apic sep mtrr pge mca cmov pat pse36 clflush dts acpi mmx fxsr sse sse2 ss ht tm pbe syscall nx pdpe1gb rdtscp lm constant_tsc arch_perfmon pebs bts rep_good nopl xtopology nonstop_tsc aperfmperf eagerfpu pni pclmulqdq dtes64 monitor ds_cpl vmx est tm2 ssse3 sdbg fma cx16 xtpr pdcm pcid sse4_1 sse4_2 movbe popcnt tsc_deadline_timer aes xsave avx f16c rdrand lahf_lm abm epb tpr_shadow vnmi flexpriority ept vpid fsgsbase tsc_adjust bmi1 avx2 smep bmi2 erms invpcid xsaveopt dtherm ida arat pln pts
bugs		:
bogomips	: 4789.37
clflush size	: 64
cache_alignment	: 64
address sizes	: 39 bits physical, 48 bits virtual
power management:

processor	: 1
vendor_id	: GenuineIntel
cpu family	: 6
model		: 60
model name	: Intel(R) Core(TM) i7-4700MQ CPU @ 2.40GHz
stepping	: 3
microcode	: 0x16
cpu MHz		: 2979.468
cache size	: 6144 KB
physical id	: 0
siblings	: 8
core id		: 0
cpu cores	: 4
apicid		: 1
initial apicid	: 1
fpu		: yes
fpu_exception	: yes
cpuid level	: 13
wp		: yes
flags		: fpu vme de pse tsc msr pae mce cx8 apic sep mtrr pge mca cmov pat pse36 clflush dts acpi mmx fxsr sse sse2 ss ht tm pbe syscall nx pdpe1gb rdtscp lm constant_tsc arch_perfmon pebs bts rep_good nopl xtopology nonstop_tsc aperfmperf eagerfpu pni pclmulqdq dtes64 monitor ds_cpl vmx est tm2 ssse3 sdbg fma cx16 xtpr pdcm pcid sse4_1 sse4_2 movbe popcnt tsc_deadline_timer aes xsave avx f16c rdrand lahf_lm abm epb tpr_shadow vnmi flexpriority ept vpid fsgsbase tsc_adjust bmi1 avx2 smep bmi2 erms invpcid xsaveopt dtherm ida arat pln pts
bugs		:
bogomips	: 4789.37
clflush size	: 64
cache_alignment	: 64
address sizes	: 39 bits physical, 48 bits virtual
power management:

processor	: 2
vendor_id	: GenuineIntel
cpu family	: 6
model		: 60
model name	: Intel(R) Core(TM) i7-4700MQ CPU @ 2.40GHz
stepping	: 3
microcode	: 0x16
cpu MHz		: 2979.468
cache size	: 6144 KB
physical id	: 0
siblings	: 8
core id		: 1
cpu cores	: 4
apicid		: 2
initial apicid	: 2
fpu		: yes
fpu_exception	: yes
cpuid level	: 13
wp		: yes
flags		: fpu vme de pse tsc msr pae mce cx8 apic sep mtrr pge mca cmov pat pse36 clflush dts acpi mmx fxsr sse sse2 ss ht tm pbe syscall nx pdpe1gb rdtscp lm constant_tsc arch_perfmon pebs bts rep_good nopl xtopology nonstop_tsc aperfmperf eagerfpu pni pclmulqdq dtes64 monitor ds_cpl vmx est tm2 ssse3 sdbg fma cx16 xtpr pdcm pcid sse4_1 sse4_2 movbe popcnt tsc_deadline_timer aes xsave avx f16c rdrand lahf_lm abm epb tpr_shadow vnmi flexpriority ept vpid fsgsbase tsc_adjust bmi1 avx2 smep bmi2 erms invpcid xsaveopt dtherm ida arat pln pts
bugs		:
bogomips	: 4789.37
clflush size	: 64
cache_alignment	: 64
address sizes	: 39 bits physical, 48 bits virtual
power management:

processor	: 3
vendor_id	: GenuineIntel
cpu family	: 6
model		: 60
model name	: Intel(R) Core(TM) i7-4700MQ CPU @ 2.40GHz
stepping	: 3
microcode	: 0x16
cpu MHz		: 2999.906
cache size	: 6144 KB
physical id	: 0
siblings	: 8
core id		: 1
cpu cores	: 4
apicid		: 3
initial apicid	: 3
fpu		: yes
fpu_exception	: yes
cpuid level	: 13
wp		: yes
flags		: fpu vme de pse tsc msr pae mce cx8 apic sep mtrr pge mca cmov pat pse36 clflush dts acpi mmx fxsr sse sse2 ss ht tm pbe syscall nx pdpe1gb rdtscp lm constant_tsc arch_perfmon pebs bts rep_good nopl xtopology nonstop_tsc aperfmperf eagerfpu pni pclmulqdq dtes64 monitor ds_cpl vmx est tm2 ssse3 sdbg fma cx16 xtpr pdcm pcid sse4_1 sse4_2 movbe popcnt tsc_deadline_timer aes xsave avx f16c rdrand lahf_lm abm epb tpr_shadow vnmi flexpriority ept vpid fsgsbase tsc_adjust bmi1 avx2 smep bmi2 erms invpcid xsaveopt dtherm ida arat pln pts
bugs		:
bogomips	: 4789.37
clflush size	: 64
cache_alignment	: 64
address sizes	: 39 bits physical, 48 bits virtual
power management:

processor	: 4
vendor_id	: GenuineIntel
cpu family	: 6
model		: 60
model name	: Intel(R) Core(TM) i7-4700MQ CPU @ 2.40GHz
stepping	: 3
microcode	: 0x16
cpu MHz		: 2979.187
cache size	: 6144 KB
physical id	: 0
siblings	: 8
core id		: 2
cpu cores	: 4
apicid		: 4
initial apicid	: 4
fpu		: yes
fpu_exception	: yes
cpuid level	: 13
wp		: yes
flags		: fpu vme de pse tsc msr pae mce cx8 apic sep mtrr pge mca cmov pat pse36 clflush dts acpi mmx fxsr sse sse2 ss ht tm pbe syscall nx pdpe1gb rdtscp lm constant_tsc arch_perfmon pebs bts rep_good nopl xtopology nonstop_tsc aperfmperf eagerfpu pni pclmulqdq dtes64 monitor ds_cpl vmx est tm2 ssse3 sdbg fma cx16 xtpr pdcm pcid sse4_1 sse4_2 movbe popcnt tsc_deadline_timer aes xsave avx f16c rdrand lahf_lm abm epb tpr_shadow vnmi flexpriority ept vpid fsgsbase tsc_adjust bmi1 avx2 smep bmi2 erms invpcid xsaveopt dtherm ida arat pln pts
bugs		:
bogomips	: 4789.37
clflush size	: 64
cache_alignment	: 64
address sizes	: 39 bits physical, 48 bits virtual
power management:

processor	: 5
vendor_id	: GenuineIntel
cpu family	: 6
model		: 60
model name	: Intel(R) Core(TM) i7-4700MQ CPU @ 2.40GHz
stepping	: 3
microcode	: 0x16
cpu MHz		: 2979.187
cache size	: 6144 KB
physical id	: 0
siblings	: 8
core id		: 2
cpu cores	: 4
apicid		: 5
initial apicid	: 5
fpu		: yes
fpu_exception	: yes
cpuid level	: 13
wp		: yes
flags		: fpu vme de pse tsc msr pae mce cx8 apic sep mtrr pge mca cmov pat pse36 clflush dts acpi mmx fxsr sse sse2 ss ht tm pbe syscall nx pdpe1gb rdtscp lm constant_tsc arch_perfmon pebs bts rep_good nopl xtopology nonstop_tsc aperfmperf eagerfpu pni pclmulqdq dtes64 monitor ds_cpl vmx est tm2 ssse3 sdbg fma cx16 xtpr pdcm pcid sse4_1 sse4_2 movbe popcnt tsc_deadline_timer aes xsave avx f16c rdrand lahf_lm abm epb tpr_shadow vnmi flexpriority ept vpid fsgsbase tsc_adjust bmi1 avx2 smep bmi2 erms invpcid xsaveopt dtherm ida arat pln pts
bugs		:
bogomips	: 4789.37
clflush size	: 64
cache_alignment	: 64
address sizes	: 39 bits physical, 48 bits virtual
power management:

processor	: 6
vendor_id	: GenuineIntel
cpu family	: 6
model		: 60
model name	: Intel(R) Core(TM) i7-4700MQ CPU @ 2.40GHz
stepping	: 3
microcode	: 0x16
cpu MHz		: 2999.906
cache size	: 6144 KB
physical id	: 0
siblings	: 8
core id		: 3
cpu cores	: 4
apicid		: 6
initial apicid	: 6
fpu		: yes
fpu_exception	: yes
cpuid level	: 13
wp		: yes
flags		: fpu vme de pse tsc msr pae mce cx8 apic sep mtrr pge mca cmov pat pse36 clflush dts acpi mmx fxsr sse sse2 ss ht tm pbe syscall nx pdpe1gb rdtscp lm constant_tsc arch_perfmon pebs bts rep_good nopl xtopology nonstop_tsc aperfmperf eagerfpu pni pclmulqdq dtes64 monitor ds_cpl vmx est tm2 ssse3 sdbg fma cx16 xtpr pdcm pcid sse4_1 sse4_2 movbe popcnt tsc_deadline_timer aes xsave avx f16c rdrand lahf_lm abm epb tpr_shadow vnmi flexpriority ept vpid fsgsbase tsc_adjust bmi1 avx2 smep bmi2 erms invpcid xsaveopt dtherm ida arat pln pts
bugs		:
bogomips	: 4789.37
clflush size	: 64
cache_alignment	: 64
address sizes	: 39 bits physical, 48 bits virtual
power management:

processor	: 7
vendor_id	: GenuineIntel
cpu family	: 6
model		: 60
model name	: Intel(R) Core(TM) i7-4700MQ CPU @ 2.40GHz
stepping	: 3
microcode	: 0x16
cpu MHz		: 2977.031
cache size	: 6144 KB
physical id	: 0
siblings	: 8
core id		: 3
cpu cores	: 4
apicid		: 7
initial apicid	: 7
fpu		: yes
fpu_exception	: yes
cpuid level	: 13
wp		: yes
flags		: fpu vme de pse tsc msr pae mce cx8 apic sep mtrr pge mca cmov pat pse36 clflush dts acpi mmx fxsr sse sse2 ss ht tm pbe syscall nx pdpe1gb rdtscp lm constant_tsc arch_perfmon pebs bts rep_good nopl xtopology nonstop_tsc aperfmperf eagerfpu pni pclmulqdq dtes64 monitor ds_cpl vmx est tm2 ssse3 sdbg fma cx16 xtpr pdcm pcid sse4_1 sse4_2 movbe popcnt tsc_deadline_timer aes xsave avx f16c rdrand lahf_lm abm epb tpr_shadow vnmi flexpriority ept vpid fsgsbase tsc_adjust bmi1 avx2 smep bmi2 erms invpcid xsaveopt dtherm ida arat pln pts
bugs		:
bogomips	: 4789.37
clflush size	: 64
cache_alignment	: 64
address sizes	: 39 bits physical, 48 bits virtual
power management:



Memory: 4k page, physical 8101800k(53184k free), swap 0k(0k free)

vm_info: Java HotSpot(TM) 64-Bit Server VM (25.91-b14) for linux-amd64 JRE (1.8.0_91-b14), built on Apr  1 2016 00:57:21 by "java_re" with gcc 4.3.0 20080428 (Red Hat 4.3.0-8)

time: Sat Aug 13 15:15:27 2016
elapsed time: 4 seconds (0d 0h 0m 4s)

