#
# There is insufficient memory for the Java Runtime Environment to continue.
# Native memory allocation (mmap) failed to map 152043520 bytes for committing reserved memory.
# Possible reasons:
#   The system is out of physical RAM or swap space
#   In 32 bit mode, the process size limit was hit
# Possible solutions:
#   Reduce memory load on the system
#   Increase physical memory or swap space
#   Check if swap backing store is full
#   Use 64 bit Java on a 64 bit OS
#   Decrease Java heap size (-Xmx/-Xms)
#   Decrease number of Java threads
#   Decrease Java thread stack sizes (-Xss)
#   Set larger code cache with -XX:ReservedCodeCacheSize=
# This output file may be truncated or incomplete.
#
#  Out of Memory Error (os_linux.cpp:2627), pid=25016, tid=140379921798912
#
# JRE version: Java(TM) SE Runtime Environment (8.0_91-b14) (build 1.8.0_91-b14)
# Java VM: Java HotSpot(TM) 64-Bit Server VM (25.91-b14 mixed mode linux-amd64 compressed oops)
# Failed to write core dump. Core dumps have been disabled. To enable core dumping, try "ulimit -c unlimited" before starting Java again
#

---------------  T H R E A D  ---------------

Current thread (0x00007facd8080000):  VMThread [stack: 0x00007facbf4f5000,0x00007facbf5f6000] [id=25029]

Stack: [0x00007facbf4f5000,0x00007facbf5f6000],  sp=0x00007facbf5f4320,  free space=1020k
Native frames: (J=compiled Java code, j=interpreted, Vv=VM code, C=native code)
V  [libjvm.so+0xabc18a]  VMError::report_and_die()+0x2ba
V  [libjvm.so+0x4fafeb]  report_vm_out_of_memory(char const*, int, unsigned long, VMErrorType, char const*)+0x8b
V  [libjvm.so+0x91cbb3]  os::Linux::commit_memory_impl(char*, unsigned long, bool)+0x103
V  [libjvm.so+0x91d109]  os::pd_commit_memory(char*, unsigned long, unsigned long, bool)+0x29
V  [libjvm.so+0x91740a]  os::commit_memory(char*, unsigned long, unsigned long, bool)+0x2a
V  [libjvm.so+0x98b033]  PSVirtualSpace::expand_by(unsigned long)+0x53
V  [libjvm.so+0x98c438]  PSYoungGen::resize_generation(unsigned long, unsigned long)+0xf8
V  [libjvm.so+0x98b592]  PSYoungGen::resize(unsigned long, unsigned long)+0x22
V  [libjvm.so+0x98886b]  PSScavenge::invoke_no_policy()+0xf3b
V  [libjvm.so+0x988ff1]  PSScavenge::invoke()+0x41
V  [libjvm.so+0x9408b0]  ParallelScavengeHeap::failed_mem_allocate(unsigned long)+0x70
V  [libjvm.so+0xabdba7]  VM_ParallelGCFailedAllocation::doit()+0x97
V  [libjvm.so+0xac55d5]  VM_Operation::evaluate()+0x55
V  [libjvm.so+0xac39aa]  VMThread::evaluate_operation(VM_Operation*)+0xba
V  [libjvm.so+0xac3d2e]  VMThread::loop()+0x1ce
V  [libjvm.so+0xac41a0]  VMThread::run()+0x70
V  [libjvm.so+0x91ef78]  java_start(Thread*)+0x108

VM_Operation (0x00007facbe4aed50): ParallelGCFailedAllocation, mode: safepoint, requested by thread 0x00007facd813c800


---------------  P R O C E S S  ---------------

Java Threads: ( => current thread )
  0x00007facd813e800 JavaThread "pool-2-thread-4" [_thread_blocked, id=25045, stack(0x00007facbe2af000,0x00007facbe3b0000)]
  0x00007facd813c800 JavaThread "pool-2-thread-3" [_thread_blocked, id=25044, stack(0x00007facbe3b0000,0x00007facbe4b1000)]
  0x00007facd812f800 JavaThread "pool-3-thread-1" [_thread_blocked, id=25042, stack(0x00007facbe5b2000,0x00007facbe6b3000)]
  0x00007facd80cb800 JavaThread "Service Thread" daemon [_thread_blocked, id=25037, stack(0x00007facbe8b5000,0x00007facbe9b6000)]
  0x00007facd80c8800 JavaThread "C1 CompilerThread3" daemon [_thread_blocked, id=25036, stack(0x00007facbe9b6000,0x00007facbeab7000)]
  0x00007facd80c6800 JavaThread "C2 CompilerThread2" daemon [_thread_blocked, id=25035, stack(0x00007facbeab7000,0x00007facbebb8000)]
  0x00007facd80c5000 JavaThread "C2 CompilerThread1" daemon [_thread_blocked, id=25034, stack(0x00007facbebb8000,0x00007facbecb9000)]
  0x00007facd80c2000 JavaThread "C2 CompilerThread0" daemon [_thread_blocked, id=25033, stack(0x00007facbecb9000,0x00007facbedba000)]
  0x00007facd80c0800 JavaThread "Signal Dispatcher" daemon [_thread_blocked, id=25032, stack(0x00007facbedba000,0x00007facbeebb000)]
  0x00007facd808c000 JavaThread "Finalizer" daemon [_thread_blocked, id=25031, stack(0x00007facbf2f3000,0x00007facbf3f4000)]
  0x00007facd8087800 JavaThread "Reference Handler" daemon [_thread_blocked, id=25030, stack(0x00007facbf3f4000,0x00007facbf4f5000)]
  0x00007facd800a000 JavaThread "main" [_thread_blocked, id=25018, stack(0x00007facdec66000,0x00007facded67000)]

Other Threads:
=>0x00007facd8080000 VMThread [stack: 0x00007facbf4f5000,0x00007facbf5f6000] [id=25029]
  0x00007facd80ce800 WatcherThread [stack: 0x00007facbe7b4000,0x00007facbe8b5000] [id=25038]

VM state:at safepoint (normal execution)

VM Mutex/Monitor currently owned by a thread:  ([mutex/lock_event])
[0x00007facd80064b0] Threads_lock - owner thread: 0x00007facd8080000
[0x00007facd80069b0] Heap_lock - owner thread: 0x00007facd813c800

Heap:
 PSYoungGen      total 132096K, used 5117K [0x00000000eab00000, 0x00000000f3100000, 0x0000000100000000)
  eden space 126976K, 0% used [0x00000000eab00000,0x00000000eab00000,0x00000000f2700000)
  from space 5120K, 99% used [0x00000000f2700000,0x00000000f2bff728,0x00000000f2c00000)
  to   space 5120K, 0% used [0x00000000f2c00000,0x00000000f2c00000,0x00000000f3100000)
 ParOldGen       total 100352K, used 50171K [0x00000000c0000000, 0x00000000c6200000, 0x00000000eab00000)
  object space 100352K, 49% used [0x00000000c0000000,0x00000000c30fecd0,0x00000000c6200000)
 Metaspace       used 5843K, capacity 6960K, committed 7040K, reserved 1056768K
  class space    used 578K, capacity 616K, committed 640K, reserved 1048576K

Card table byte_map: [0x00007facdc008000,0x00007facdc209000] byte_map_base: 0x00007facdba08000

Marking Bits: (ParMarkBitMap*) 0x00007facde13ad60
 Begin Bits: [0x00007facc5eb5000, 0x00007facc6eb5000)
 End Bits:   [0x00007facc6eb5000, 0x00007facc7eb5000)

Polling page: 0x00007facded8a000

CodeCache: size=245760Kb used=7693Kb max_used=7714Kb free=238066Kb
 bounds [0x00007facc8bd3000, 0x00007facc9373000, 0x00007facd7bd3000]
 total_blobs=1855 nmethods=1594 adapters=175
 compilation: enabled

Compilation events (10 events):
Event: 11.496 Thread 0x00007facd80c5000 nmethod 1685 0x00007facc935d8d0 code [0x00007facc935de20, 0x00007facc9361b30]
Event: 11.496 Thread 0x00007facd80c5000 1843       4       com.android.dx.rop.code.BasicBlockList$RegCountVisitor::visitThrowingCstInsn (6 bytes)
Event: 11.501 Thread 0x00007facd80c5000 nmethod 1843 0x00007facc932b150 code [0x00007facc932b2c0, 0x00007facc932b558]
Event: 11.501 Thread 0x00007facd80c5000 1844       4       com.android.dx.rop.code.ThrowingInsn::accept (8 bytes)
Event: 11.502 Thread 0x00007facd80c5000 nmethod 1844 0x00007facc9329910 code [0x00007facc9329a60, 0x00007facc9329ad8]
Event: 11.502 Thread 0x00007facd80c5000 1724       4       com.android.dx.rop.code.Rop::canThrow (18 bytes)
Event: 11.502 Thread 0x00007facd80c5000 nmethod 1724 0x00007facc93203d0 code [0x00007facc9320520, 0x00007facc93205d8]
Event: 11.502 Thread 0x00007facd80c5000 1841       4       com.android.dx.cf.code.Ropper::mergeAndWorkAsNecessary (102 bytes)
Event: 11.506 Thread 0x00007facd80c5000 nmethod 1841 0x00007facc932aa10 code [0x00007facc932ab80, 0x00007facc932ae48]
Event: 11.506 Thread 0x00007facd80c5000 1850       4       java.util.HashMap::put (13 bytes)

GC Heap History (10 events):
Event: 3.001 GC heap after
Heap after GC invocations=1 (full 0):
 PSYoungGen      total 36864K, used 5104K [0x00000000eab00000, 0x00000000ef300000, 0x0000000100000000)
  eden space 31744K, 0% used [0x00000000eab00000,0x00000000eab00000,0x00000000eca00000)
  from space 5120K, 99% used [0x00000000eca00000,0x00000000ecefc168,0x00000000ecf00000)
  to   space 5120K, 0% used [0x00000000eee00000,0x00000000eee00000,0x00000000ef300000)
 ParOldGen       total 84992K, used 2037K [0x00000000c0000000, 0x00000000c5300000, 0x00000000eab00000)
  object space 84992K, 2% used [0x00000000c0000000,0x00000000c01fd468,0x00000000c5300000)
 Metaspace       used 5578K, capacity 6768K, committed 7040K, reserved 1056768K
  class space    used 576K, capacity 616K, committed 640K, reserved 1048576K
}
Event: 5.583 GC heap before
{Heap before GC invocations=2 (full 0):
 PSYoungGen      total 36864K, used 36848K [0x00000000eab00000, 0x00000000ef300000, 0x0000000100000000)
  eden space 31744K, 100% used [0x00000000eab00000,0x00000000eca00000,0x00000000eca00000)
  from space 5120K, 99% used [0x00000000eca00000,0x00000000ecefc168,0x00000000ecf00000)
  to   space 5120K, 0% used [0x00000000eee00000,0x00000000eee00000,0x00000000ef300000)
 ParOldGen       total 84992K, used 2037K [0x00000000c0000000, 0x00000000c5300000, 0x00000000eab00000)
  object space 84992K, 2% used [0x00000000c0000000,0x00000000c01fd468,0x00000000c5300000)
 Metaspace       used 5674K, capacity 6832K, committed 7040K, reserved 1056768K
  class space    used 576K, capacity 616K, committed 640K, reserved 1048576K
Event: 5.716 GC heap after
Heap after GC invocations=2 (full 0):
 PSYoungGen      total 68608K, used 5095K [0x00000000eab00000, 0x00000000ef300000, 0x0000000100000000)
  eden space 63488K, 0% used [0x00000000eab00000,0x00000000eab00000,0x00000000ee900000)
  from space 5120K, 99% used [0x00000000eee00000,0x00000000ef2f9d78,0x00000000ef300000)
  to   space 5120K, 0% used [0x00000000ee900000,0x00000000ee900000,0x00000000eee00000)
 ParOldGen       total 84992K, used 17310K [0x00000000c0000000, 0x00000000c5300000, 0x00000000eab00000)
  object space 84992K, 20% used [0x00000000c0000000,0x00000000c10e7ae8,0x00000000c5300000)
 Metaspace       used 5674K, capacity 6832K, committed 7040K, reserved 1056768K
  class space    used 576K, capacity 616K, committed 640K, reserved 1048576K
}
Event: 6.480 GC heap before
{Heap before GC invocations=3 (full 0):
 PSYoungGen      total 68608K, used 68583K [0x00000000eab00000, 0x00000000ef300000, 0x0000000100000000)
  eden space 63488K, 100% used [0x00000000eab00000,0x00000000ee900000,0x00000000ee900000)
  from space 5120K, 99% used [0x00000000eee00000,0x00000000ef2f9d78,0x00000000ef300000)
  to   space 5120K, 0% used [0x00000000ee900000,0x00000000ee900000,0x00000000eee00000)
 ParOldGen       total 84992K, used 17310K [0x00000000c0000000, 0x00000000c5300000, 0x00000000eab00000)
  object space 84992K, 20% used [0x00000000c0000000,0x00000000c10e7ae8,0x00000000c5300000)
 Metaspace       used 5738K, capacity 6896K, committed 7040K, reserved 1056768K
  class space    used 578K, capacity 616K, committed 640K, reserved 1048576K
Event: 6.606 GC heap after
Heap after GC invocations=3 (full 0):
 PSYoungGen      total 68608K, used 5115K [0x00000000eab00000, 0x00000000f3100000, 0x0000000100000000)
  eden space 63488K, 0% used [0x00000000eab00000,0x00000000eab00000,0x00000000ee900000)
  from space 5120K, 99% used [0x00000000ee900000,0x00000000eedfece8,0x00000000eee00000)
  to   space 5120K, 0% used [0x00000000f2c00000,0x00000000f2c00000,0x00000000f3100000)
 ParOldGen       total 84992K, used 39563K [0x00000000c0000000, 0x00000000c5300000, 0x00000000eab00000)
  object space 84992K, 46% used [0x00000000c0000000,0x00000000c26a2f50,0x00000000c5300000)
 Metaspace       used 5738K, capacity 6896K, committed 7040K, reserved 1056768K
  class space    used 578K, capacity 616K, committed 640K, reserved 1048576K
}
Event: 9.253 GC heap before
{Heap before GC invocations=4 (full 0):
 PSYoungGen      total 68608K, used 68603K [0x00000000eab00000, 0x00000000f3100000, 0x0000000100000000)
  eden space 63488K, 100% used [0x00000000eab00000,0x00000000ee900000,0x00000000ee900000)
  from space 5120K, 99% used [0x00000000ee900000,0x00000000eedfece8,0x00000000eee00000)
  to   space 5120K, 0% used [0x00000000f2c00000,0x00000000f2c00000,0x00000000f3100000)
 ParOldGen       total 84992K, used 39563K [0x00000000c0000000, 0x00000000c5300000, 0x00000000eab00000)
  object space 84992K, 46% used [0x00000000c0000000,0x00000000c26a2f50,0x00000000c5300000)
 Metaspace       used 5812K, capacity 6960K, committed 7040K, reserved 1056768K
  class space    used 578K, capacity 616K, committed 640K, reserved 1048576K
Event: 9.445 GC heap after
Heap after GC invocations=4 (full 0):
 PSYoungGen      total 132096K, used 5109K [0x00000000eab00000, 0x00000000f3100000, 0x0000000100000000)
  eden space 126976K, 0% used [0x00000000eab00000,0x00000000eab00000,0x00000000f2700000)
  from space 5120K, 99% used [0x00000000f2c00000,0x00000000f30fd528,0x00000000f3100000)
  to   space 5120K, 0% used [0x00000000f2700000,0x00000000f2700000,0x00000000f2c00000)
 ParOldGen       total 84992K, used 59802K [0x00000000c0000000, 0x00000000c5300000, 0x00000000eab00000)
  object space 84992K, 70% used [0x00000000c0000000,0x00000000c3a66810,0x00000000c5300000)
 Metaspace       used 5812K, capacity 6960K, committed 7040K, reserved 1056768K
  class space    used 578K, capacity 616K, committed 640K, reserved 1048576K
}
Event: 9.445 GC heap before
{Heap before GC invocations=5 (full 1):
 PSYoungGen      total 132096K, used 5109K [0x00000000eab00000, 0x00000000f3100000, 0x0000000100000000)
  eden space 126976K, 0% used [0x00000000eab00000,0x00000000eab00000,0x00000000f2700000)
  from space 5120K, 99% used [0x00000000f2c00000,0x00000000f30fd528,0x00000000f3100000)
  to   space 5120K, 0% used [0x00000000f2700000,0x00000000f2700000,0x00000000f2c00000)
 ParOldGen       total 84992K, used 59802K [0x00000000c0000000, 0x00000000c5300000, 0x00000000eab00000)
  object space 84992K, 70% used [0x00000000c0000000,0x00000000c3a66810,0x00000000c5300000)
 Metaspace       used 5812K, capacity 6960K, committed 7040K, reserved 1056768K
  class space    used 578K, capacity 616K, committed 640K, reserved 1048576K
Event: 9.749 GC heap after
Heap after GC invocations=5 (full 1):
 PSYoungGen      total 132096K, used 0K [0x00000000eab00000, 0x00000000f3100000, 0x0000000100000000)
  eden space 126976K, 0% used [0x00000000eab00000,0x00000000eab00000,0x00000000f2700000)
  from space 5120K, 0% used [0x00000000f2c00000,0x00000000f2c00000,0x00000000f3100000)
  to   space 5120K, 0% used [0x00000000f2700000,0x00000000f2700000,0x00000000f2c00000)
 ParOldGen       total 100352K, used 27529K [0x00000000c0000000, 0x00000000c6200000, 0x00000000eab00000)
  object space 100352K, 27% used [0x00000000c0000000,0x00000000c1ae25b0,0x00000000c6200000)
 Metaspace       used 5812K, capacity 6960K, committed 7040K, reserved 1056768K
  class space    used 578K, capacity 616K, committed 640K, reserved 1048576K
}
Event: 11.530 GC heap before
{Heap before GC invocations=6 (full 1):
 PSYoungGen      total 132096K, used 126976K [0x00000000eab00000, 0x00000000f3100000, 0x0000000100000000)
  eden space 126976K, 100% used [0x00000000eab00000,0x00000000f2700000,0x00000000f2700000)
  from space 5120K, 0% used [0x00000000f2c00000,0x00000000f2c00000,0x00000000f3100000)
  to   space 5120K, 0% used [0x00000000f2700000,0x00000000f2700000,0x00000000f2c00000)
 ParOldGen       total 100352K, used 27529K [0x00000000c0000000, 0x00000000c6200000, 0x00000000eab00000)
  object space 100352K, 27% used [0x00000000c0000000,0x00000000c1ae25b0,0x00000000c6200000)
 Metaspace       used 5843K, capacity 6960K, committed 7040K, reserved 1056768K
  class space    used 578K, capacity 616K, committed 640K, reserved 1048576K

Deoptimization events (10 events):
Event: 6.978 Thread 0x00007facd813c800 Uncommon trap: reason=unstable_if action=reinterpret pc=0x00007facc8f0dc98 method=com.android.dx.rop.code.RegisterSpec.equals(ILcom/android/dx/rop/type/TypeBearer;Lcom/android/dx/rop/code/LocalItem;)Z @ 16
Event: 6.979 Thread 0x00007facd813c800 Uncommon trap: reason=unstable_if action=reinterpret pc=0x00007facc9015aa4 method=com.android.dx.rop.code.RegisterSpec.equals(ILcom/android/dx/rop/type/TypeBearer;Lcom/android/dx/rop/code/LocalItem;)Z @ 16
Event: 6.979 Thread 0x00007facd813c800 Uncommon trap: reason=unstable_if action=reinterpret pc=0x00007facc8f1e66c method=com.android.dx.rop.code.RegisterSpec.equals(ILcom/android/dx/rop/type/TypeBearer;Lcom/android/dx/rop/code/LocalItem;)Z @ 16
Event: 7.001 Thread 0x00007facd813e800 Uncommon trap: reason=unstable_if action=reinterpret pc=0x00007facc8db9d58 method=com.android.dx.rop.code.RegisterSpec.equals(ILcom/android/dx/rop/type/TypeBearer;Lcom/android/dx/rop/code/LocalItem;)Z @ 24
Event: 7.050 Thread 0x00007facd813a800 Uncommon trap: reason=unstable_if action=reinterpret pc=0x00007facc90036d0 method=com.android.dx.cf.code.Ropper.processBlock(Lcom/android/dx/cf/code/ByteBlock;Lcom/android/dx/cf/code/Frame;[I)V @ 940
Event: 7.171 Thread 0x00007facd800a000 Uncommon trap: reason=uninitialized action=reinterpret pc=0x00007facc8fce804 method=com.android.dx.cf.code.BytecodeArray.parseInstruction(ILcom/android/dx/cf/code/BytecodeArray$Visitor;)I @ 1063
Event: 7.383 Thread 0x00007facd800a000 Uncommon trap: reason=unloaded action=reinterpret pc=0x00007facc8dc21e8 method=com.android.dx.cf.cst.ConstantPoolParser.parse0(ILjava/util/BitSet;)Lcom/android/dx/rop/cst/Constant; @ 176
Event: 7.388 Thread 0x00007facd800a000 Uncommon trap: reason=unstable_if action=reinterpret pc=0x00007facc8dbb15c method=com.android.dx.rop.cst.Constant.compareTo(Lcom/android/dx/rop/cst/Constant;)I @ 12
Event: 7.388 Thread 0x00007facd800a000 Uncommon trap: reason=bimorphic action=maybe_recompile pc=0x00007facc913a668 method=java.util.HashMap.getNode(ILjava/lang/Object;)Ljava/util/HashMap$Node; @ 126
Event: 7.438 Thread 0x00007facd800a000 Uncommon trap: reason=unstable_if action=reinterpret pc=0x00007facc9156010 method=com.android.dx.ssa.LiteralOpUpgrader$1.visitNonMoveInsn(Lcom/android/dx/ssa/NormalSsaInsn;)V @ 151

Internal exceptions (3 events):
Event: 0.183 Thread 0x00007facd800a000 Exception <a 'java/lang/NoSuchMethodError': Method sun.misc.Unsafe.defineClass(Ljava/lang/String;[BII)Ljava/lang/Class; name or signature does not match> (0x00000000eab07cc0) thrown at [/HUDSON/workspace/8-2-build-linux-amd64/jdk8u91/6644/hotspot/src/shar
Event: 0.183 Thread 0x00007facd800a000 Exception <a 'java/lang/NoSuchMethodError': Method sun.misc.Unsafe.prefetchRead(Ljava/lang/Object;J)V name or signature does not match> (0x00000000eab07fa8) thrown at [/HUDSON/workspace/8-2-build-linux-amd64/jdk8u91/6644/hotspot/src/share/vm/prims/jni.cpp
Event: 2.687 Thread 0x00007facd813e800 Implicit null exception at 0x00007facc8e5ec37 to 0x00007facc8e60799

Events (10 events):
Event: 11.189 Thread 0x00007facd813e800 DEOPT UNPACKING pc=0x00007facc8c1a633 sp=0x00007facbe3ad968 mode 0
Event: 11.192 Thread 0x00007facd813c800 DEOPT PACKING pc=0x00007facc8e537ed sp=0x00007facbe4aec60
Event: 11.192 Thread 0x00007facd813c800 DEOPT UNPACKING pc=0x00007facc8c1a633 sp=0x00007facbe4ae9e8 mode 0
Event: 11.195 Thread 0x00007facd813e800 DEOPT PACKING pc=0x00007facc8e537ed sp=0x00007facbe3adbe0
Event: 11.195 Thread 0x00007facd813e800 DEOPT UNPACKING pc=0x00007facc8c1a633 sp=0x00007facbe3ad968 mode 0
Event: 11.199 Thread 0x00007facd813e800 DEOPT PACKING pc=0x00007facc8e537ed sp=0x00007facbe3adbe0
Event: 11.199 Thread 0x00007facd813e800 DEOPT UNPACKING pc=0x00007facc8c1a633 sp=0x00007facbe3ad968 mode 0
Event: 11.202 Thread 0x00007facd813c800 DEOPT PACKING pc=0x00007facc8e537ed sp=0x00007facbe4aec60
Event: 11.202 Thread 0x00007facd813c800 DEOPT UNPACKING pc=0x00007facc8c1a633 sp=0x00007facbe4ae9e8 mode 0
Event: 11.521 Executing VM operation: ParallelGCFailedAllocation


Dynamic libraries:
00400000-00401000 r-xp 00000000 08:01 9839507                            /usr/lib/jvm/java-8-oracle/bin/java
00600000-00601000 rw-p 00000000 08:01 9839507                            /usr/lib/jvm/java-8-oracle/bin/java
02355000-02376000 rw-p 00000000 00:00 0                                  [heap]
c0000000-c6200000 rw-p 00000000 00:00 0 
c6200000-eab00000 ---p 00000000 00:00 0 
eab00000-f3100000 rw-p 00000000 00:00 0 
fc200000-100000000 ---p 00000000 00:00 0 
100000000-1000a0000 rw-p 00000000 00:00 0 
1000a0000-140000000 ---p 00000000 00:00 0 
7fac60000000-7fac600a2000 rw-p 00000000 00:00 0 
7fac600a2000-7fac64000000 ---p 00000000 00:00 0 
7fac64000000-7fac640be000 rw-p 00000000 00:00 0 
7fac640be000-7fac68000000 ---p 00000000 00:00 0 
7fac68000000-7fac68021000 rw-p 00000000 00:00 0 
7fac68021000-7fac6c000000 ---p 00000000 00:00 0 
7fac6c000000-7fac6c0c2000 rw-p 00000000 00:00 0 
7fac6c0c2000-7fac70000000 ---p 00000000 00:00 0 
7fac70000000-7fac70021000 rw-p 00000000 00:00 0 
7fac70021000-7fac74000000 ---p 00000000 00:00 0 
7fac74000000-7fac74051000 rw-p 00000000 00:00 0 
7fac74051000-7fac78000000 ---p 00000000 00:00 0 
7fac78000000-7fac78c83000 rw-p 00000000 00:00 0 
7fac78c83000-7fac7c000000 ---p 00000000 00:00 0 
7fac7c000000-7fac7c021000 rw-p 00000000 00:00 0 
7fac7c021000-7fac80000000 ---p 00000000 00:00 0 
7fac80000000-7fac80e62000 rw-p 00000000 00:00 0 
7fac80e62000-7fac84000000 ---p 00000000 00:00 0 
7fac84000000-7fac84f70000 rw-p 00000000 00:00 0 
7fac84f70000-7fac88000000 ---p 00000000 00:00 0 
7fac88000000-7fac88021000 rw-p 00000000 00:00 0 
7fac88021000-7fac8c000000 ---p 00000000 00:00 0 
7fac8c000000-7fac8cd5b000 rw-p 00000000 00:00 0 
7fac8cd5b000-7fac90000000 ---p 00000000 00:00 0 
7fac90000000-7fac90021000 rw-p 00000000 00:00 0 
7fac90021000-7fac94000000 ---p 00000000 00:00 0 
7fac94000000-7fac94021000 rw-p 00000000 00:00 0 
7fac94021000-7fac98000000 ---p 00000000 00:00 0 
7fac98000000-7fac98021000 rw-p 00000000 00:00 0 
7fac98021000-7fac9c000000 ---p 00000000 00:00 0 
7fac9c000000-7fac9c28f000 rw-p 00000000 00:00 0 
7fac9c28f000-7faca0000000 ---p 00000000 00:00 0 
7faca0000000-7faca0021000 rw-p 00000000 00:00 0 
7faca0021000-7faca4000000 ---p 00000000 00:00 0 
7faca8000000-7faca8021000 rw-p 00000000 00:00 0 
7faca8021000-7facac000000 ---p 00000000 00:00 0 
7facac000000-7facac021000 rw-p 00000000 00:00 0 
7facac021000-7facb0000000 ---p 00000000 00:00 0 
7facb0000000-7facb0021000 rw-p 00000000 00:00 0 
7facb0021000-7facb4000000 ---p 00000000 00:00 0 
7facb4000000-7facb4021000 rw-p 00000000 00:00 0 
7facb4021000-7facb8000000 ---p 00000000 00:00 0 
7facb8000000-7facb8021000 rw-p 00000000 00:00 0 
7facb8021000-7facbc000000 ---p 00000000 00:00 0 
7facbe2af000-7facbe2b2000 ---p 00000000 00:00 0 
7facbe2b2000-7facbe3b0000 rw-p 00000000 00:00 0 
7facbe3b0000-7facbe3b3000 ---p 00000000 00:00 0 
7facbe3b3000-7facbe4b1000 rw-p 00000000 00:00 0 
7facbe4b1000-7facbe4b4000 ---p 00000000 00:00 0 
7facbe4b4000-7facbe5b2000 rw-p 00000000 00:00 0 
7facbe5b2000-7facbe5b5000 ---p 00000000 00:00 0 
7facbe5b5000-7facbe6b3000 rw-p 00000000 00:00 0 
7facbe6b3000-7facbe6b6000 ---p 00000000 00:00 0 
7facbe6b6000-7facbe7b4000 rw-p 00000000 00:00 0 
7facbe7b4000-7facbe7b5000 ---p 00000000 00:00 0 
7facbe7b5000-7facbe8b5000 rw-p 00000000 00:00 0 
7facbe8b5000-7facbe8b8000 ---p 00000000 00:00 0 
7facbe8b8000-7facbe9b6000 rw-p 00000000 00:00 0 
7facbe9b6000-7facbe9b9000 ---p 00000000 00:00 0 
7facbe9b9000-7facbeab7000 rw-p 00000000 00:00 0 
7facbeab7000-7facbeaba000 ---p 00000000 00:00 0 
7facbeaba000-7facbebb8000 rw-p 00000000 00:00 0 
7facbebb8000-7facbebbb000 ---p 00000000 00:00 0 
7facbebbb000-7facbecb9000 rw-p 00000000 00:00 0 
7facbecb9000-7facbecbc000 ---p 00000000 00:00 0 
7facbecbc000-7facbedba000 rw-p 00000000 00:00 0 
7facbedba000-7facbedbd000 ---p 00000000 00:00 0 
7facbedbd000-7facbeebb000 rw-p 00000000 00:00 0 
7facbeebb000-7facbf2f3000 r--p 00000000 08:01 9700768                    /usr/lib/locale/locale-archive
7facbf2f3000-7facbf2f6000 ---p 00000000 00:00 0 
7facbf2f6000-7facbf3f4000 rw-p 00000000 00:00 0 
7facbf3f4000-7facbf3f7000 ---p 00000000 00:00 0 
7facbf3f7000-7facbf4f5000 rw-p 00000000 00:00 0 
7facbf4f5000-7facbf4f6000 ---p 00000000 00:00 0 
7facbf4f6000-7facc0000000 rw-p 00000000 00:00 0 
7facc0000000-7facc0021000 rw-p 00000000 00:00 0 
7facc0021000-7facc4000000 ---p 00000000 00:00 0 
7facc401d000-7facc402c000 r--s 000df000 08:01 5246091                    /home/oguz/Android/Sdk/build-tools/23.0.3/lib/dx.jar
7facc402c000-7facc5266000 rw-p 00000000 00:00 0 
7facc5266000-7facc543f000 r--s 03d1f000 08:01 9967487                    /usr/lib/jvm/java-8-oracle/jre/lib/rt.jar
7facc543f000-7facc5af5000 rw-p 00000000 00:00 0 
7facc5af5000-7facc5cb5000 ---p 00000000 00:00 0 
7facc5cb5000-7facc7eb5000 rw-p 00000000 00:00 0 
7facc7eb5000-7facc7eb6000 ---p 00000000 00:00 0 
7facc7eb6000-7facc7fb6000 rw-p 00000000 00:00 0 
7facc7fb6000-7facc7fb7000 ---p 00000000 00:00 0 
7facc7fb7000-7facc80b7000 rw-p 00000000 00:00 0 
7facc80b7000-7facc80b8000 ---p 00000000 00:00 0 
7facc80b8000-7facc81b8000 rw-p 00000000 00:00 0 
7facc81b8000-7facc81b9000 ---p 00000000 00:00 0 
7facc81b9000-7facc82b9000 rw-p 00000000 00:00 0 
7facc82b9000-7facc82ba000 ---p 00000000 00:00 0 
7facc82ba000-7facc83ba000 rw-p 00000000 00:00 0 
7facc83ba000-7facc83bb000 ---p 00000000 00:00 0 
7facc83bb000-7facc84bb000 rw-p 00000000 00:00 0 
7facc84bb000-7facc84bc000 ---p 00000000 00:00 0 
7facc84bc000-7facc85bc000 rw-p 00000000 00:00 0 
7facc85bc000-7facc85bd000 ---p 00000000 00:00 0 
7facc85bd000-7facc86ee000 rw-p 00000000 00:00 0 
7facc86ee000-7facc8813000 ---p 00000000 00:00 0 
7facc8813000-7facc8832000 rw-p 00000000 00:00 0 
7facc8832000-7facc8bd3000 ---p 00000000 00:00 0 
7facc8bd3000-7facc9373000 rwxp 00000000 00:00 0 
7facc9373000-7facd7bd3000 ---p 00000000 00:00 0 
7facd7bd3000-7facd7bed000 r-xp 00000000 08:01 10092954                   /usr/lib/jvm/java-8-oracle/jre/lib/amd64/libzip.so
7facd7bed000-7facd7ded000 ---p 0001a000 08:01 10092954                   /usr/lib/jvm/java-8-oracle/jre/lib/amd64/libzip.so
7facd7ded000-7facd7dee000 rw-p 0001a000 08:01 10092954                   /usr/lib/jvm/java-8-oracle/jre/lib/amd64/libzip.so
7facd7dee000-7facd7df9000 r-xp 00000000 08:01 7603299                    /lib/x86_64-linux-gnu/libnss_files-2.23.so
7facd7df9000-7facd7ff8000 ---p 0000b000 08:01 7603299                    /lib/x86_64-linux-gnu/libnss_files-2.23.so
7facd7ff8000-7facd7ff9000 r--p 0000a000 08:01 7603299                    /lib/x86_64-linux-gnu/libnss_files-2.23.so
7facd7ff9000-7facd7ffa000 rw-p 0000b000 08:01 7603299                    /lib/x86_64-linux-gnu/libnss_files-2.23.so
7facd7ffa000-7facd8000000 rw-p 00000000 00:00 0 
7facd8000000-7facd839b000 rw-p 00000000 00:00 0 
7facd839b000-7facdc000000 ---p 00000000 00:00 0 
7facdc008000-7facdc039000 rw-p 00000000 00:00 0 
7facdc039000-7facdc15d000 ---p 00000000 00:00 0 
7facdc15d000-7facdc1a1000 rw-p 00000000 00:00 0 
7facdc1a1000-7facdc208000 ---p 00000000 00:00 0 
7facdc208000-7facdc209000 rw-p 00000000 00:00 0 
7facdc209000-7facdc214000 r-xp 00000000 08:01 7603296                    /lib/x86_64-linux-gnu/libnss_nis-2.23.so
7facdc214000-7facdc413000 ---p 0000b000 08:01 7603296                    /lib/x86_64-linux-gnu/libnss_nis-2.23.so
7facdc413000-7facdc414000 r--p 0000a000 08:01 7603296                    /lib/x86_64-linux-gnu/libnss_nis-2.23.so
7facdc414000-7facdc415000 rw-p 0000b000 08:01 7603296                    /lib/x86_64-linux-gnu/libnss_nis-2.23.so
7facdc415000-7facdc42b000 r-xp 00000000 08:01 7603294                    /lib/x86_64-linux-gnu/libnsl-2.23.so
7facdc42b000-7facdc62b000 ---p 00016000 08:01 7603294                    /lib/x86_64-linux-gnu/libnsl-2.23.so
7facdc62b000-7facdc62c000 r--p 00016000 08:01 7603294                    /lib/x86_64-linux-gnu/libnsl-2.23.so
7facdc62c000-7facdc62d000 rw-p 00017000 08:01 7603294                    /lib/x86_64-linux-gnu/libnsl-2.23.so
7facdc62d000-7facdc62f000 rw-p 00000000 00:00 0 
7facdc62f000-7facdc637000 r-xp 00000000 08:01 7603292                    /lib/x86_64-linux-gnu/libnss_compat-2.23.so
7facdc637000-7facdc836000 ---p 00008000 08:01 7603292                    /lib/x86_64-linux-gnu/libnss_compat-2.23.so
7facdc836000-7facdc837000 r--p 00007000 08:01 7603292                    /lib/x86_64-linux-gnu/libnss_compat-2.23.so
7facdc837000-7facdc838000 rw-p 00008000 08:01 7603292                    /lib/x86_64-linux-gnu/libnss_compat-2.23.so
7facdc838000-7facdc862000 r-xp 00000000 08:01 10092949                   /usr/lib/jvm/java-8-oracle/jre/lib/amd64/libjava.so
7facdc862000-7facdca62000 ---p 0002a000 08:01 10092949                   /usr/lib/jvm/java-8-oracle/jre/lib/amd64/libjava.so
7facdca62000-7facdca64000 rw-p 0002a000 08:01 10092949                   /usr/lib/jvm/java-8-oracle/jre/lib/amd64/libjava.so
7facdca64000-7facdca71000 r-xp 00000000 08:01 10092953                   /usr/lib/jvm/java-8-oracle/jre/lib/amd64/libverify.so
7facdca71000-7facdcc71000 ---p 0000d000 08:01 10092953                   /usr/lib/jvm/java-8-oracle/jre/lib/amd64/libverify.so
7facdcc71000-7facdcc73000 rw-p 0000d000 08:01 10092953                   /usr/lib/jvm/java-8-oracle/jre/lib/amd64/libverify.so
7facdcc73000-7facdcc7a000 r-xp 00000000 08:01 7603308                    /lib/x86_64-linux-gnu/librt-2.23.so
7facdcc7a000-7facdce79000 ---p 00007000 08:01 7603308                    /lib/x86_64-linux-gnu/librt-2.23.so
7facdce79000-7facdce7a000 r--p 00006000 08:01 7603308                    /lib/x86_64-linux-gnu/librt-2.23.so
7facdce7a000-7facdce7b000 rw-p 00007000 08:01 7603308                    /lib/x86_64-linux-gnu/librt-2.23.so
7facdce7b000-7facdcf83000 r-xp 00000000 08:01 7603305                    /lib/x86_64-linux-gnu/libm-2.23.so
7facdcf83000-7facdd182000 ---p 00108000 08:01 7603305                    /lib/x86_64-linux-gnu/libm-2.23.so
7facdd182000-7facdd183000 r--p 00107000 08:01 7603305                    /lib/x86_64-linux-gnu/libm-2.23.so
7facdd183000-7facdd184000 rw-p 00108000 08:01 7603305                    /lib/x86_64-linux-gnu/libm-2.23.so
7facdd184000-7facdde44000 r-xp 00000000 08:01 10092932                   /usr/lib/jvm/java-8-oracle/jre/lib/amd64/server/libjvm.so
7facdde44000-7facde044000 ---p 00cc0000 08:01 10092932                   /usr/lib/jvm/java-8-oracle/jre/lib/amd64/server/libjvm.so
7facde044000-7facde11c000 rw-p 00cc0000 08:01 10092932                   /usr/lib/jvm/java-8-oracle/jre/lib/amd64/server/libjvm.so
7facde11c000-7facde167000 rw-p 00000000 00:00 0 
7facde167000-7facde327000 r-xp 00000000 08:01 7603313                    /lib/x86_64-linux-gnu/libc-2.23.so
7facde327000-7facde527000 ---p 001c0000 08:01 7603313                    /lib/x86_64-linux-gnu/libc-2.23.so
7facde527000-7facde52b000 r--p 001c0000 08:01 7603313                    /lib/x86_64-linux-gnu/libc-2.23.so
7facde52b000-7facde52d000 rw-p 001c4000 08:01 7603313                    /lib/x86_64-linux-gnu/libc-2.23.so
7facde52d000-7facde531000 rw-p 00000000 00:00 0 
7facde531000-7facde534000 r-xp 00000000 08:01 7603314                    /lib/x86_64-linux-gnu/libdl-2.23.so
7facde534000-7facde733000 ---p 00003000 08:01 7603314                    /lib/x86_64-linux-gnu/libdl-2.23.so
7facde733000-7facde734000 r--p 00002000 08:01 7603314                    /lib/x86_64-linux-gnu/libdl-2.23.so
7facde734000-7facde735000 rw-p 00003000 08:01 7603314                    /lib/x86_64-linux-gnu/libdl-2.23.so
7facde735000-7facde74a000 r-xp 00000000 08:01 9840182                    /usr/lib/jvm/java-8-oracle/lib/amd64/jli/libjli.so
7facde74a000-7facde94a000 ---p 00015000 08:01 9840182                    /usr/lib/jvm/java-8-oracle/lib/amd64/jli/libjli.so
7facde94a000-7facde94b000 rw-p 00015000 08:01 9840182                    /usr/lib/jvm/java-8-oracle/lib/amd64/jli/libjli.so
7facde94b000-7facde963000 r-xp 00000000 08:01 7603312                    /lib/x86_64-linux-gnu/libpthread-2.23.so
7facde963000-7facdeb62000 ---p 00018000 08:01 7603312                    /lib/x86_64-linux-gnu/libpthread-2.23.so
7facdeb62000-7facdeb63000 r--p 00017000 08:01 7603312                    /lib/x86_64-linux-gnu/libpthread-2.23.so
7facdeb63000-7facdeb64000 rw-p 00018000 08:01 7603312                    /lib/x86_64-linux-gnu/libpthread-2.23.so
7facdeb64000-7facdeb68000 rw-p 00000000 00:00 0 
7facdeb68000-7facdeb8e000 r-xp 00000000 08:01 7603309                    /lib/x86_64-linux-gnu/ld-2.23.so
7facdeb94000-7facdec66000 rw-p 00000000 00:00 0 
7facdec66000-7facdec69000 ---p 00000000 00:00 0 
7facdec69000-7facded6b000 rw-p 00000000 00:00 0 
7facded6d000-7facded81000 rw-p 00000000 00:00 0 
7facded81000-7facded89000 rw-s 00000000 08:01 132026                     /tmp/hsperfdata_oguz/25016
7facded89000-7facded8a000 rw-p 00000000 00:00 0 
7facded8a000-7facded8b000 ---p 00000000 00:00 0 
7facded8b000-7facded8d000 rw-p 00000000 00:00 0 
7facded8d000-7facded8e000 r--p 00025000 08:01 7603309                    /lib/x86_64-linux-gnu/ld-2.23.so
7facded8e000-7facded8f000 rw-p 00026000 08:01 7603309                    /lib/x86_64-linux-gnu/ld-2.23.so
7facded8f000-7facded90000 rw-p 00000000 00:00 0 
7fffb973c000-7fffb975d000 rw-p 00000000 00:00 0                          [stack]
7fffb97c3000-7fffb97c5000 r--p 00000000 00:00 0                          [vvar]
7fffb97c5000-7fffb97c7000 r-xp 00000000 00:00 0                          [vdso]
ffffffffff600000-ffffffffff601000 r-xp 00000000 00:00 0                  [vsyscall]

VM Arguments:
jvm_args: -Djava.awt.headless=true -Xmx1024M -Dfile.encoding=UTF-8 -Duser.country=TR -Duser.language=tr -Duser.variant 
java_command: com.android.dx.command.Main --dex --force-jumbo --num-threads=4 --multi-dex --output /home/oguz/Masaüstü/FomApplicationAndroid/app/build/intermediates/transforms/dex/debug/folders/1000/5/slice_4 /home/oguz/Masaüstü/FomApplicationAndroid/app/build/intermediates/transforms/instantRunSlicer/debug/folders/1/5/slice_4
java_class_path (initial): /home/oguz/Android/Sdk/build-tools/23.0.3/lib/dx.jar
Launcher Type: SUN_STANDARD

Environment Variables:
PATH=/usr/local/sbin:/usr/local/bin:/usr/sbin:/usr/bin:/sbin:/bin:/usr/games:/usr/local/games:/snap/bin
LD_LIBRARY_PATH=/home/oguz/Masaüstü/Derleyiciler/android-studio/bin:
SHELL=/bin/bash
DISPLAY=:0

Signal Handlers:
SIGSEGV: [libjvm.so+0xabca10], sa_mask[0]=11111111011111111101111111111110, sa_flags=SA_RESTART|SA_SIGINFO
SIGBUS: [libjvm.so+0xabca10], sa_mask[0]=11111111011111111101111111111110, sa_flags=SA_RESTART|SA_SIGINFO
SIGFPE: [libjvm.so+0x919a20], sa_mask[0]=11111111011111111101111111111110, sa_flags=SA_RESTART|SA_SIGINFO
SIGPIPE: [libjvm.so+0x919a20], sa_mask[0]=11111111011111111101111111111110, sa_flags=SA_RESTART|SA_SIGINFO
SIGXFSZ: [libjvm.so+0x919a20], sa_mask[0]=11111111011111111101111111111110, sa_flags=SA_RESTART|SA_SIGINFO
SIGILL: [libjvm.so+0x919a20], sa_mask[0]=11111111011111111101111111111110, sa_flags=SA_RESTART|SA_SIGINFO
SIGUSR1: SIG_DFL, sa_mask[0]=00000000000000000000000000000000, sa_flags=none
SIGUSR2: [libjvm.so+0x91b050], sa_mask[0]=00100000000000000000000000000000, sa_flags=SA_RESTART|SA_SIGINFO
SIGHUP: [libjvm.so+0x91c450], sa_mask[0]=11111111011111111101111111111110, sa_flags=SA_RESTART|SA_SIGINFO
SIGINT: [libjvm.so+0x91c450], sa_mask[0]=11111111011111111101111111111110, sa_flags=SA_RESTART|SA_SIGINFO
SIGTERM: [libjvm.so+0x91c450], sa_mask[0]=11111111011111111101111111111110, sa_flags=SA_RESTART|SA_SIGINFO
SIGQUIT: [libjvm.so+0x91c450], sa_mask[0]=11111111011111111101111111111110, sa_flags=SA_RESTART|SA_SIGINFO


---------------  S Y S T E M  ---------------

OS:DISTRIB_ID=Ubuntu
DISTRIB_RELEASE=16.04
DISTRIB_CODENAME=xenial
DISTRIB_DESCRIPTION="Ubuntu Xenial Xerus (development branch)"

uname:Linux 4.4.0-22-generic #39-Ubuntu SMP Thu May 5 16:53:32 UTC 2016 x86_64
libc:glibc 2.23 NPTL 2.23 
rlimit: STACK 8192k, CORE 0k, NPROC 31498, NOFILE 65536, AS infinity
load average:10.95 3.25 1.44

/proc/meminfo:
MemTotal:        8101800 kB
MemFree:           48868 kB
MemAvailable:      80640 kB
Buffers:             400 kB
Cached:           408764 kB
SwapCached:            0 kB
Active:          7446708 kB
Inactive:         373332 kB
Active(anon):    7442516 kB
Inactive(anon):   369252 kB
Active(file):       4192 kB
Inactive(file):     4080 kB
Unevictable:          76 kB
Mlocked:              76 kB
SwapTotal:             0 kB
SwapFree:              0 kB
Dirty:                52 kB
Writeback:             0 kB
AnonPages:       7412092 kB
Mapped:           100984 kB
Shmem:            399760 kB
Slab:             109992 kB
SReclaimable:      55884 kB
SUnreclaim:        54108 kB
KernelStack:       18768 kB
PageTables:        58956 kB
NFS_Unstable:          0 kB
Bounce:                0 kB
WritebackTmp:          0 kB
CommitLimit:     4050900 kB
Committed_AS:   13471900 kB
VmallocTotal:   34359738367 kB
VmallocUsed:           0 kB
VmallocChunk:          0 kB
HardwareCorrupted:     0 kB
AnonHugePages:   5107712 kB
CmaTotal:              0 kB
CmaFree:               0 kB
HugePages_Total:       0
HugePages_Free:        0
HugePages_Rsvd:        0
HugePages_Surp:        0
Hugepagesize:       2048 kB
DirectMap4k:      172800 kB
DirectMap2M:     8142848 kB
DirectMap1G:     1048576 kB


CPU:total 8 (4 cores per cpu, 2 threads per core) family 6 model 60 stepping 3, cmov, cx8, fxsr, mmx, sse, sse2, sse3, ssse3, sse4.1, sse4.2, popcnt, avx, avx2, aes, clmul, erms, lzcnt, ht, tsc, tscinvbit, bmi1, bmi2

/proc/cpuinfo:
processor	: 0
vendor_id	: GenuineIntel
cpu family	: 6
model		: 60
model name	: Intel(R) Core(TM) i7-4700MQ CPU @ 2.40GHz
stepping	: 3
microcode	: 0x16
cpu MHz		: 2399.906
cache size	: 6144 KB
physical id	: 0
siblings	: 8
core id		: 0
cpu cores	: 4
apicid		: 0
initial apicid	: 0
fpu		: yes
fpu_exception	: yes
cpuid level	: 13
wp		: yes
flags		: fpu vme de pse tsc msr pae mce cx8 apic sep mtrr pge mca cmov pat pse36 clflush dts acpi mmx fxsr sse sse2 ss ht tm pbe syscall nx pdpe1gb rdtscp lm constant_tsc arch_perfmon pebs bts rep_good nopl xtopology nonstop_tsc aperfmperf eagerfpu pni pclmulqdq dtes64 monitor ds_cpl vmx est tm2 ssse3 sdbg fma cx16 xtpr pdcm pcid sse4_1 sse4_2 movbe popcnt tsc_deadline_timer aes xsave avx f16c rdrand lahf_lm abm epb tpr_shadow vnmi flexpriority ept vpid fsgsbase tsc_adjust bmi1 avx2 smep bmi2 erms invpcid xsaveopt dtherm ida arat pln pts
bugs		:
bogomips	: 4788.97
clflush size	: 64
cache_alignment	: 64
address sizes	: 39 bits physical, 48 bits virtual
power management:

processor	: 1
vendor_id	: GenuineIntel
cpu family	: 6
model		: 60
model name	: Intel(R) Core(TM) i7-4700MQ CPU @ 2.40GHz
stepping	: 3
microcode	: 0x16
cpu MHz		: 2399.906
cache size	: 6144 KB
physical id	: 0
siblings	: 8
core id		: 0
cpu cores	: 4
apicid		: 1
initial apicid	: 1
fpu		: yes
fpu_exception	: yes
cpuid level	: 13
wp		: yes
flags		: fpu vme de pse tsc msr pae mce cx8 apic sep mtrr pge mca cmov pat pse36 clflush dts acpi mmx fxsr sse sse2 ss ht tm pbe syscall nx pdpe1gb rdtscp lm constant_tsc arch_perfmon pebs bts rep_good nopl xtopology nonstop_tsc aperfmperf eagerfpu pni pclmulqdq dtes64 monitor ds_cpl vmx est tm2 ssse3 sdbg fma cx16 xtpr pdcm pcid sse4_1 sse4_2 movbe popcnt tsc_deadline_timer aes xsave avx f16c rdrand lahf_lm abm epb tpr_shadow vnmi flexpriority ept vpid fsgsbase tsc_adjust bmi1 avx2 smep bmi2 erms invpcid xsaveopt dtherm ida arat pln pts
bugs		:
bogomips	: 4788.97
clflush size	: 64
cache_alignment	: 64
address sizes	: 39 bits physical, 48 bits virtual
power management:

processor	: 2
vendor_id	: GenuineIntel
cpu family	: 6
model		: 60
model name	: Intel(R) Core(TM) i7-4700MQ CPU @ 2.40GHz
stepping	: 3
microcode	: 0x16
cpu MHz		: 2405.906
cache size	: 6144 KB
physical id	: 0
siblings	: 8
core id		: 1
cpu cores	: 4
apicid		: 2
initial apicid	: 2
fpu		: yes
fpu_exception	: yes
cpuid level	: 13
wp		: yes
flags		: fpu vme de pse tsc msr pae mce cx8 apic sep mtrr pge mca cmov pat pse36 clflush dts acpi mmx fxsr sse sse2 ss ht tm pbe syscall nx pdpe1gb rdtscp lm constant_tsc arch_perfmon pebs bts rep_good nopl xtopology nonstop_tsc aperfmperf eagerfpu pni pclmulqdq dtes64 monitor ds_cpl vmx est tm2 ssse3 sdbg fma cx16 xtpr pdcm pcid sse4_1 sse4_2 movbe popcnt tsc_deadline_timer aes xsave avx f16c rdrand lahf_lm abm epb tpr_shadow vnmi flexpriority ept vpid fsgsbase tsc_adjust bmi1 avx2 smep bmi2 erms invpcid xsaveopt dtherm ida arat pln pts
bugs		:
bogomips	: 4788.97
clflush size	: 64
cache_alignment	: 64
address sizes	: 39 bits physical, 48 bits virtual
power management:

processor	: 3
vendor_id	: GenuineIntel
cpu family	: 6
model		: 60
model name	: Intel(R) Core(TM) i7-4700MQ CPU @ 2.40GHz
stepping	: 3
microcode	: 0x16
cpu MHz		: 2399.906
cache size	: 6144 KB
physical id	: 0
siblings	: 8
core id		: 1
cpu cores	: 4
apicid		: 3
initial apicid	: 3
fpu		: yes
fpu_exception	: yes
cpuid level	: 13
wp		: yes
flags		: fpu vme de pse tsc msr pae mce cx8 apic sep mtrr pge mca cmov pat pse36 clflush dts acpi mmx fxsr sse sse2 ss ht tm pbe syscall nx pdpe1gb rdtscp lm constant_tsc arch_perfmon pebs bts rep_good nopl xtopology nonstop_tsc aperfmperf eagerfpu pni pclmulqdq dtes64 monitor ds_cpl vmx est tm2 ssse3 sdbg fma cx16 xtpr pdcm pcid sse4_1 sse4_2 movbe popcnt tsc_deadline_timer aes xsave avx f16c rdrand lahf_lm abm epb tpr_shadow vnmi flexpriority ept vpid fsgsbase tsc_adjust bmi1 avx2 smep bmi2 erms invpcid xsaveopt dtherm ida arat pln pts
bugs		:
bogomips	: 4788.97
clflush size	: 64
cache_alignment	: 64
address sizes	: 39 bits physical, 48 bits virtual
power management:

processor	: 4
vendor_id	: GenuineIntel
cpu family	: 6
model		: 60
model name	: Intel(R) Core(TM) i7-4700MQ CPU @ 2.40GHz
stepping	: 3
microcode	: 0x16
cpu MHz		: 2488.500
cache size	: 6144 KB
physical id	: 0
siblings	: 8
core id		: 2
cpu cores	: 4
apicid		: 4
initial apicid	: 4
fpu		: yes
fpu_exception	: yes
cpuid level	: 13
wp		: yes
flags		: fpu vme de pse tsc msr pae mce cx8 apic sep mtrr pge mca cmov pat pse36 clflush dts acpi mmx fxsr sse sse2 ss ht tm pbe syscall nx pdpe1gb rdtscp lm constant_tsc arch_perfmon pebs bts rep_good nopl xtopology nonstop_tsc aperfmperf eagerfpu pni pclmulqdq dtes64 monitor ds_cpl vmx est tm2 ssse3 sdbg fma cx16 xtpr pdcm pcid sse4_1 sse4_2 movbe popcnt tsc_deadline_timer aes xsave avx f16c rdrand lahf_lm abm epb tpr_shadow vnmi flexpriority ept vpid fsgsbase tsc_adjust bmi1 avx2 smep bmi2 erms invpcid xsaveopt dtherm ida arat pln pts
bugs		:
bogomips	: 4788.97
clflush size	: 64
cache_alignment	: 64
address sizes	: 39 bits physical, 48 bits virtual
power management:

processor	: 5
vendor_id	: GenuineIntel
cpu family	: 6
model		: 60
model name	: Intel(R) Core(TM) i7-4700MQ CPU @ 2.40GHz
stepping	: 3
microcode	: 0x16
cpu MHz		: 2403.843
cache size	: 6144 KB
physical id	: 0
siblings	: 8
core id		: 2
cpu cores	: 4
apicid		: 5
initial apicid	: 5
fpu		: yes
fpu_exception	: yes
cpuid level	: 13
wp		: yes
flags		: fpu vme de pse tsc msr pae mce cx8 apic sep mtrr pge mca cmov pat pse36 clflush dts acpi mmx fxsr sse sse2 ss ht tm pbe syscall nx pdpe1gb rdtscp lm constant_tsc arch_perfmon pebs bts rep_good nopl xtopology nonstop_tsc aperfmperf eagerfpu pni pclmulqdq dtes64 monitor ds_cpl vmx est tm2 ssse3 sdbg fma cx16 xtpr pdcm pcid sse4_1 sse4_2 movbe popcnt tsc_deadline_timer aes xsave avx f16c rdrand lahf_lm abm epb tpr_shadow vnmi flexpriority ept vpid fsgsbase tsc_adjust bmi1 avx2 smep bmi2 erms invpcid xsaveopt dtherm ida arat pln pts
bugs		:
bogomips	: 4788.97
clflush size	: 64
cache_alignment	: 64
address sizes	: 39 bits physical, 48 bits virtual
power management:

processor	: 6
vendor_id	: GenuineIntel
cpu family	: 6
model		: 60
model name	: Intel(R) Core(TM) i7-4700MQ CPU @ 2.40GHz
stepping	: 3
microcode	: 0x16
cpu MHz		: 2401.312
cache size	: 6144 KB
physical id	: 0
siblings	: 8
core id		: 3
cpu cores	: 4
apicid		: 6
initial apicid	: 6
fpu		: yes
fpu_exception	: yes
cpuid level	: 13
wp		: yes
flags		: fpu vme de pse tsc msr pae mce cx8 apic sep mtrr pge mca cmov pat pse36 clflush dts acpi mmx fxsr sse sse2 ss ht tm pbe syscall nx pdpe1gb rdtscp lm constant_tsc arch_perfmon pebs bts rep_good nopl xtopology nonstop_tsc aperfmperf eagerfpu pni pclmulqdq dtes64 monitor ds_cpl vmx est tm2 ssse3 sdbg fma cx16 xtpr pdcm pcid sse4_1 sse4_2 movbe popcnt tsc_deadline_timer aes xsave avx f16c rdrand lahf_lm abm epb tpr_shadow vnmi flexpriority ept vpid fsgsbase tsc_adjust bmi1 avx2 smep bmi2 erms invpcid xsaveopt dtherm ida arat pln pts
bugs		:
bogomips	: 4788.97
clflush size	: 64
cache_alignment	: 64
address sizes	: 39 bits physical, 48 bits virtual
power management:

processor	: 7
vendor_id	: GenuineIntel
cpu family	: 6
model		: 60
model name	: Intel(R) Core(TM) i7-4700MQ CPU @ 2.40GHz
stepping	: 3
microcode	: 0x16
cpu MHz		: 2403.281
cache size	: 6144 KB
physical id	: 0
siblings	: 8
core id		: 3
cpu cores	: 4
apicid		: 7
initial apicid	: 7
fpu		: yes
fpu_exception	: yes
cpuid level	: 13
wp		: yes
flags		: fpu vme de pse tsc msr pae mce cx8 apic sep mtrr pge mca cmov pat pse36 clflush dts acpi mmx fxsr sse sse2 ss ht tm pbe syscall nx pdpe1gb rdtscp lm constant_tsc arch_perfmon pebs bts rep_good nopl xtopology nonstop_tsc aperfmperf eagerfpu pni pclmulqdq dtes64 monitor ds_cpl vmx est tm2 ssse3 sdbg fma cx16 xtpr pdcm pcid sse4_1 sse4_2 movbe popcnt tsc_deadline_timer aes xsave avx f16c rdrand lahf_lm abm epb tpr_shadow vnmi flexpriority ept vpid fsgsbase tsc_adjust bmi1 avx2 smep bmi2 erms invpcid xsaveopt dtherm ida arat pln pts
bugs		:
bogomips	: 4788.97
clflush size	: 64
cache_alignment	: 64
address sizes	: 39 bits physical, 48 bits virtual
power management:



Memory: 4k page, physical 8101800k(49280k free), swap 0k(0k free)

vm_info: Java HotSpot(TM) 64-Bit Server VM (25.91-b14) for linux-amd64 JRE (1.8.0_91-b14), built on Apr  1 2016 00:57:21 by "java_re" with gcc 4.3.0 20080428 (Red Hat 4.3.0-8)

time: Thu Aug 11 13:28:52 2016
elapsed time: 14 seconds (0d 0h 0m 14s)

