#
# There is insufficient memory for the Java Runtime Environment to continue.
# Native memory allocation (mmap) failed to map 168820736 bytes for committing reserved memory.
# Possible reasons:
#   The system is out of physical RAM or swap space
#   In 32 bit mode, the process size limit was hit
# Possible solutions:
#   Reduce memory load on the system
#   Increase physical memory or swap space
#   Check if swap backing store is full
#   Use 64 bit Java on a 64 bit OS
#   Decrease Java heap size (-Xmx/-Xms)
#   Decrease number of Java threads
#   Decrease Java thread stack sizes (-Xss)
#   Set larger code cache with -XX:ReservedCodeCacheSize=
# This output file may be truncated or incomplete.
#
#  Out of Memory Error (os_linux.cpp:2627), pid=29850, tid=140708595881728
#
# JRE version: Java(TM) SE Runtime Environment (8.0_91-b14) (build 1.8.0_91-b14)
# Java VM: Java HotSpot(TM) 64-Bit Server VM (25.91-b14 mixed mode linux-amd64 compressed oops)
# Failed to write core dump. Core dumps have been disabled. To enable core dumping, try "ulimit -c unlimited" before starting Java again
#

---------------  T H R E A D  ---------------

Current thread (0x00007ff95c080000):  VMThread [stack: 0x00007ff945cfd000,0x00007ff945dfe000] [id=29897]

Stack: [0x00007ff945cfd000,0x00007ff945dfe000],  sp=0x00007ff945dfc220,  free space=1020k
Native frames: (J=compiled Java code, j=interpreted, Vv=VM code, C=native code)
V  [libjvm.so+0xabc18a]  VMError::report_and_die()+0x2ba
V  [libjvm.so+0x4fafeb]  report_vm_out_of_memory(char const*, int, unsigned long, VMErrorType, char const*)+0x8b
V  [libjvm.so+0x91cbb3]  os::Linux::commit_memory_impl(char*, unsigned long, bool)+0x103
V  [libjvm.so+0x91d109]  os::pd_commit_memory(char*, unsigned long, unsigned long, bool)+0x29
V  [libjvm.so+0x91740a]  os::commit_memory(char*, unsigned long, unsigned long, bool)+0x2a
V  [libjvm.so+0x98b033]  PSVirtualSpace::expand_by(unsigned long)+0x53
V  [libjvm.so+0x98c438]  PSYoungGen::resize_generation(unsigned long, unsigned long)+0xf8
V  [libjvm.so+0x98b592]  PSYoungGen::resize(unsigned long, unsigned long)+0x22
V  [libjvm.so+0x98886b]  PSScavenge::invoke_no_policy()+0xf3b
V  [libjvm.so+0x988ff1]  PSScavenge::invoke()+0x41
V  [libjvm.so+0x9408b0]  ParallelScavengeHeap::failed_mem_allocate(unsigned long)+0x70
V  [libjvm.so+0xabdba7]  VM_ParallelGCFailedAllocation::doit()+0x97
V  [libjvm.so+0xac55d5]  VM_Operation::evaluate()+0x55
V  [libjvm.so+0xac39aa]  VMThread::evaluate_operation(VM_Operation*)+0xba
V  [libjvm.so+0xac3d2e]  VMThread::loop()+0x1ce
V  [libjvm.so+0xac41a0]  VMThread::run()+0x70
V  [libjvm.so+0x91ef78]  java_start(Thread*)+0x108

VM_Operation (0x00007ff944ba6c90): ParallelGCFailedAllocation, mode: safepoint, requested by thread 0x00007ff95c1e2800


---------------  P R O C E S S  ---------------

Java Threads: ( => current thread )
  0x00007ff95c1e2800 JavaThread "pool-2-thread-4" [_thread_blocked, id=29946, stack(0x00007ff944aa8000,0x00007ff944ba9000)]
  0x00007ff95c1df800 JavaThread "pool-2-thread-2" [_thread_blocked, id=29942, stack(0x00007ff944caa000,0x00007ff944dab000)]
  0x00007ff95c1de000 JavaThread "pool-3-thread-1" [_thread_blocked, id=29941, stack(0x00007ff944dab000,0x00007ff944eac000)]
  0x00007ff95c1db800 JavaThread "pool-2-thread-1" [_thread_blocked, id=29939, stack(0x00007ff944eac000,0x00007ff944fad000)]
  0x00007ff95c0d3000 JavaThread "Service Thread" daemon [_thread_blocked, id=29929, stack(0x00007ff9450bd000,0x00007ff9451be000)]
  0x00007ff95c0c8000 JavaThread "C1 CompilerThread3" daemon [_thread_blocked, id=29927, stack(0x00007ff9451be000,0x00007ff9452bf000)]
  0x00007ff95c0c5800 JavaThread "C2 CompilerThread2" daemon [_thread_blocked, id=29926, stack(0x00007ff9452bf000,0x00007ff9453c0000)]
  0x00007ff95c0c4000 JavaThread "C2 CompilerThread1" daemon [_thread_in_native, id=29925, stack(0x00007ff9453c0000,0x00007ff9454c1000)]
  0x00007ff95c0c1000 JavaThread "C2 CompilerThread0" daemon [_thread_blocked, id=29914, stack(0x00007ff9454c1000,0x00007ff9455c2000)]
  0x00007ff95c0bf800 JavaThread "Signal Dispatcher" daemon [_thread_blocked, id=29910, stack(0x00007ff9455c2000,0x00007ff9456c3000)]
  0x00007ff95c08c800 JavaThread "Finalizer" daemon [_thread_blocked, id=29908, stack(0x00007ff945afb000,0x00007ff945bfc000)]
  0x00007ff95c087800 JavaThread "Reference Handler" daemon [_thread_blocked, id=29901, stack(0x00007ff945bfc000,0x00007ff945cfd000)]
  0x00007ff95c00a000 JavaThread "main" [_thread_blocked, id=29861, stack(0x00007ff965451000,0x00007ff965552000)]

Other Threads:
=>0x00007ff95c080000 VMThread [stack: 0x00007ff945cfd000,0x00007ff945dfe000] [id=29897]
  0x00007ff95c0d6000 WatcherThread [stack: 0x00007ff944fbc000,0x00007ff9450bd000] [id=29933]

VM state:at safepoint (normal execution)

VM Mutex/Monitor currently owned by a thread:  ([mutex/lock_event])
[0x00007ff95c006570] Threads_lock - owner thread: 0x00007ff95c080000
[0x00007ff95c006a70] Heap_lock - owner thread: 0x00007ff95c1e2800

Heap:
 PSYoungGen      total 132096K, used 5119K [0x00000000eab00000, 0x00000000f3100000, 0x0000000100000000)
  eden space 126976K, 0% used [0x00000000eab00000,0x00000000eab00000,0x00000000f2700000)
  from space 5120K, 99% used [0x00000000f2700000,0x00000000f2bffc20,0x00000000f2c00000)
  to   space 5120K, 0% used [0x00000000f2c00000,0x00000000f2c00000,0x00000000f3100000)
 ParOldGen       total 84992K, used 41022K [0x00000000c0000000, 0x00000000c5300000, 0x00000000eab00000)
  object space 84992K, 48% used [0x00000000c0000000,0x00000000c280f828,0x00000000c5300000)
 Metaspace       used 6360K, capacity 7192K, committed 7424K, reserved 1056768K
  class space    used 617K, capacity 656K, committed 768K, reserved 1048576K

Card table byte_map: [0x00007ff962006000,0x00007ff962207000] byte_map_base: 0x00007ff961a06000

Marking Bits: (ParMarkBitMap*) 0x00007ff964925d60
 Begin Bits: [0x00007ff946000000, 0x00007ff947000000)
 End Bits:   [0x00007ff947000000, 0x00007ff948000000)

Polling page: 0x00007ff965575000

CodeCache: size=245760Kb used=6564Kb max_used=6570Kb free=239195Kb
 bounds [0x00007ff94d000000, 0x00007ff94d670000, 0x00007ff95c000000]
 total_blobs=2102 nmethods=1833 adapters=182
 compilation: enabled

Compilation events (10 events):
Event: 3,668 Thread 0x00007ff95c0c8000 2010       2       com.android.dx.rop.code.RegisterSpecList::indexOfRegister (38 bytes)
Event: 3,668 Thread 0x00007ff95c0c8000 nmethod 2010 0x00007ff94d662510 code [0x00007ff94d662680, 0x00007ff94d6628e8]
Event: 3,673 Thread 0x00007ff95c0c8000 2012       2       com.android.dx.dex.code.RopTranslator$TranslationVisitor::visitThrowingInsn (118 bytes)
Event: 3,675 Thread 0x00007ff95c0c8000 nmethod 2012 0x00007ff94d661250 code [0x00007ff94d6614a0, 0x00007ff94d661c08]
Event: 3,679 Thread 0x00007ff95c0c8000 2013       2       com.android.dx.dex.file.AnnotationSetItem::<init> (83 bytes)
Event: 3,681 Thread 0x00007ff95c0c8000 nmethod 2013 0x00007ff94d660190 code [0x00007ff94d660380, 0x00007ff94d660b88]
Event: 3,681 Thread 0x00007ff95c0c8000 2014   !   2       com.android.dx.dex.file.AnnotationSetItem::writeSize (20 bytes)
Event: 3,681 Thread 0x00007ff95c0c8000 nmethod 2014 0x00007ff94d65fc90 code [0x00007ff94d65fe00, 0x00007ff94d660008]
Event: 3,706 Thread 0x00007ff95c0c8000 2015       2       com.android.dx.cf.code.SwitchList::add (35 bytes)
Event: 3,707 Thread 0x00007ff95c0c8000 nmethod 2015 0x00007ff94d65f590 code [0x00007ff94d65f740, 0x00007ff94d65fa78]

GC Heap History (9 events):
Event: 0,983 GC heap before
{Heap before GC invocations=1 (full 0):
 PSYoungGen      total 36864K, used 31744K [0x00000000eab00000, 0x00000000ed400000, 0x0000000100000000)
  eden space 31744K, 100% used [0x00000000eab00000,0x00000000eca00000,0x00000000eca00000)
  from space 5120K, 0% used [0x00000000ecf00000,0x00000000ecf00000,0x00000000ed400000)
  to   space 5120K, 0% used [0x00000000eca00000,0x00000000eca00000,0x00000000ecf00000)
 ParOldGen       total 84992K, used 0K [0x00000000c0000000, 0x00000000c5300000, 0x00000000eab00000)
  object space 84992K, 0% used [0x00000000c0000000,0x00000000c0000000,0x00000000c5300000)
 Metaspace       used 5821K, capacity 6768K, committed 7040K, reserved 1056768K
  class space    used 596K, capacity 616K, committed 640K, reserved 1048576K
Event: 1,005 GC heap after
Heap after GC invocations=1 (full 0):
 PSYoungGen      total 36864K, used 5115K [0x00000000eab00000, 0x00000000ef300000, 0x0000000100000000)
  eden space 31744K, 0% used [0x00000000eab00000,0x00000000eab00000,0x00000000eca00000)
  from space 5120K, 99% used [0x00000000eca00000,0x00000000ecefeca0,0x00000000ecf00000)
  to   space 5120K, 0% used [0x00000000eee00000,0x00000000eee00000,0x00000000ef300000)
 ParOldGen       total 84992K, used 1292K [0x00000000c0000000, 0x00000000c5300000, 0x00000000eab00000)
  object space 84992K, 1% used [0x00000000c0000000,0x00000000c01431c0,0x00000000c5300000)
 Metaspace       used 5821K, capacity 6768K, committed 7040K, reserved 1056768K
  class space    used 596K, capacity 616K, committed 640K, reserved 1048576K
}
Event: 1,498 GC heap before
{Heap before GC invocations=2 (full 0):
 PSYoungGen      total 36864K, used 36859K [0x00000000eab00000, 0x00000000ef300000, 0x0000000100000000)
  eden space 31744K, 100% used [0x00000000eab00000,0x00000000eca00000,0x00000000eca00000)
  from space 5120K, 99% used [0x00000000eca00000,0x00000000ecefeca0,0x00000000ecf00000)
  to   space 5120K, 0% used [0x00000000eee00000,0x00000000eee00000,0x00000000ef300000)
 ParOldGen       total 84992K, used 1292K [0x00000000c0000000, 0x00000000c5300000, 0x00000000eab00000)
  object space 84992K, 1% used [0x00000000c0000000,0x00000000c01431c0,0x00000000c5300000)
 Metaspace       used 6073K, capacity 7000K, committed 7168K, reserved 1056768K
  class space    used 617K, capacity 656K, committed 768K, reserved 1048576K
Event: 1,540 GC heap after
Heap after GC invocations=2 (full 0):
 PSYoungGen      total 68608K, used 5106K [0x00000000eab00000, 0x00000000ef300000, 0x0000000100000000)
  eden space 63488K, 0% used [0x00000000eab00000,0x00000000eab00000,0x00000000ee900000)
  from space 5120K, 99% used [0x00000000eee00000,0x00000000ef2fc830,0x00000000ef300000)
  to   space 5120K, 0% used [0x00000000ee900000,0x00000000ee900000,0x00000000eee00000)
 ParOldGen       total 84992K, used 5735K [0x00000000c0000000, 0x00000000c5300000, 0x00000000eab00000)
  object space 84992K, 6% used [0x00000000c0000000,0x00000000c0599c60,0x00000000c5300000)
 Metaspace       used 6073K, capacity 7000K, committed 7168K, reserved 1056768K
  class space    used 617K, capacity 656K, committed 768K, reserved 1048576K
}
Event: 2,224 GC heap before
{Heap before GC invocations=3 (full 0):
 PSYoungGen      total 68608K, used 68594K [0x00000000eab00000, 0x00000000ef300000, 0x0000000100000000)
  eden space 63488K, 100% used [0x00000000eab00000,0x00000000ee900000,0x00000000ee900000)
  from space 5120K, 99% used [0x00000000eee00000,0x00000000ef2fc830,0x00000000ef300000)
  to   space 5120K, 0% used [0x00000000ee900000,0x00000000ee900000,0x00000000eee00000)
 ParOldGen       total 84992K, used 5735K [0x00000000c0000000, 0x00000000c5300000, 0x00000000eab00000)
  object space 84992K, 6% used [0x00000000c0000000,0x00000000c0599c60,0x00000000c5300000)
 Metaspace       used 6159K, capacity 7064K, committed 7424K, reserved 1056768K
  class space    used 617K, capacity 656K, committed 768K, reserved 1048576K
Event: 2,347 GC heap after
Heap after GC invocations=3 (full 0):
 PSYoungGen      total 68608K, used 5118K [0x00000000eab00000, 0x00000000f3100000, 0x0000000100000000)
  eden space 63488K, 0% used [0x00000000eab00000,0x00000000eab00000,0x00000000ee900000)
  from space 5120K, 99% used [0x00000000ee900000,0x00000000eedff858,0x00000000eee00000)
  to   space 5120K, 0% used [0x00000000f2c00000,0x00000000f2c00000,0x00000000f3100000)
 ParOldGen       total 84992K, used 15098K [0x00000000c0000000, 0x00000000c5300000, 0x00000000eab00000)
  object space 84992K, 17% used [0x00000000c0000000,0x00000000c0ebeb80,0x00000000c5300000)
 Metaspace       used 6159K, capacity 7064K, committed 7424K, reserved 1056768K
  class space    used 617K, capacity 656K, committed 768K, reserved 1048576K
}
Event: 2,758 GC heap before
{Heap before GC invocations=4 (full 0):
 PSYoungGen      total 68608K, used 68606K [0x00000000eab00000, 0x00000000f3100000, 0x0000000100000000)
  eden space 63488K, 100% used [0x00000000eab00000,0x00000000ee900000,0x00000000ee900000)
  from space 5120K, 99% used [0x00000000ee900000,0x00000000eedff858,0x00000000eee00000)
  to   space 5120K, 0% used [0x00000000f2c00000,0x00000000f2c00000,0x00000000f3100000)
 ParOldGen       total 84992K, used 15098K [0x00000000c0000000, 0x00000000c5300000, 0x00000000eab00000)
  object space 84992K, 17% used [0x00000000c0000000,0x00000000c0ebeb80,0x00000000c5300000)
 Metaspace       used 6234K, capacity 7128K, committed 7424K, reserved 1056768K
  class space    used 617K, capacity 656K, committed 768K, reserved 1048576K
Event: 2,813 GC heap after
Heap after GC invocations=4 (full 0):
 PSYoungGen      total 132096K, used 5112K [0x00000000eab00000, 0x00000000f3100000, 0x0000000100000000)
  eden space 126976K, 0% used [0x00000000eab00000,0x00000000eab00000,0x00000000f2700000)
  from space 5120K, 99% used [0x00000000f2c00000,0x00000000f30fe080,0x00000000f3100000)
  to   space 5120K, 0% used [0x00000000f2700000,0x00000000f2700000,0x00000000f2c00000)
 ParOldGen       total 84992K, used 23814K [0x00000000c0000000, 0x00000000c5300000, 0x00000000eab00000)
  object space 84992K, 28% used [0x00000000c0000000,0x00000000c1741be8,0x00000000c5300000)
 Metaspace       used 6234K, capacity 7128K, committed 7424K, reserved 1056768K
  class space    used 617K, capacity 656K, committed 768K, reserved 1048576K
}
Event: 3,730 GC heap before
{Heap before GC invocations=5 (full 0):
 PSYoungGen      total 132096K, used 132088K [0x00000000eab00000, 0x00000000f3100000, 0x0000000100000000)
  eden space 126976K, 100% used [0x00000000eab00000,0x00000000f2700000,0x00000000f2700000)
  from space 5120K, 99% used [0x00000000f2c00000,0x00000000f30fe080,0x00000000f3100000)
  to   space 5120K, 0% used [0x00000000f2700000,0x00000000f2700000,0x00000000f2c00000)
 ParOldGen       total 84992K, used 23814K [0x00000000c0000000, 0x00000000c5300000, 0x00000000eab00000)
  object space 84992K, 28% used [0x00000000c0000000,0x00000000c1741be8,0x00000000c5300000)
 Metaspace       used 6360K, capacity 7192K, committed 7424K, reserved 1056768K
  class space    used 617K, capacity 656K, committed 768K, reserved 1048576K

Deoptimization events (10 events):
Event: 1,481 Thread 0x00007ff95c1e1000 Uncommon trap: reason=unstable_if action=reinterpret pc=0x00007ff94d29dab0 method=java.util.HashMap.getNode(ILjava/lang/Object;)Ljava/util/HashMap$Node; @ 84
Event: 1,563 Thread 0x00007ff95c1df800 Uncommon trap: reason=unstable_if action=reinterpret pc=0x00007ff94d231ef4 method=java.util.HashMap.getNode(ILjava/lang/Object;)Ljava/util/HashMap$Node; @ 84
Event: 1,746 Thread 0x00007ff95c1df800 Uncommon trap: reason=unstable_if action=reinterpret pc=0x00007ff94d2e6ec4 method=com.android.dx.util.IntList.binarysearch(I)I @ 105
Event: 1,873 Thread 0x00007ff95c1e2800 Uncommon trap: reason=unstable_if action=reinterpret pc=0x00007ff94d2e1fbc method=com.android.dx.ssa.SsaMethod.updateOneDefinition(Lcom/android/dx/ssa/SsaInsn;Lcom/android/dx/rop/code/RegisterSpec;)V @ 4
Event: 2,053 Thread 0x00007ff95c1db800 Uncommon trap: reason=unstable_if action=reinterpret pc=0x00007ff94d252964 method=com.android.dx.rop.code.RegisterSpec.equals(ILcom/android/dx/rop/type/TypeBearer;Lcom/android/dx/rop/code/LocalItem;)Z @ 42
Event: 2,427 Thread 0x00007ff95c00a000 Uncommon trap: reason=unstable_if action=reinterpret pc=0x00007ff94d34e414 method=java.util.HashMap.putVal(ILjava/lang/Object;Ljava/lang/Object;ZZ)Ljava/lang/Object; @ 109
Event: 2,457 Thread 0x00007ff95c1e2800 Uncommon trap: reason=uninitialized action=reinterpret pc=0x00007ff94d4bf05c method=com.android.dx.cf.code.BytecodeArray.parseInstruction(ILcom/android/dx/cf/code/BytecodeArray$Visitor;)I @ 999
Event: 3,046 Thread 0x00007ff95c1e2800 Uncommon trap: reason=unstable_if action=reinterpret pc=0x00007ff94d2e73d8 method=com.android.dx.dex.code.OutputFinisher.hasLocalInfo(Lcom/android/dx/dex/code/DalvInsn;)Z @ 24
Event: 3,210 Thread 0x00007ff95c1e2800 Uncommon trap: reason=unstable_if action=reinterpret pc=0x00007ff94d573c40 method=com.android.dx.ssa.MoveParamCombiner$1.visitNonMoveInsn(Lcom/android/dx/ssa/NormalSsaInsn;)V @ 27
Event: 3,444 Thread 0x00007ff95c00a000 Uncommon trap: reason=unstable_if action=reinterpret pc=0x00007ff94d541aa8 method=com.android.dx.ssa.SCCP.simulateBranch(Lcom/android/dx/ssa/SsaInsn;)V @ 548

Internal exceptions (5 events):
Event: 0,047 Thread 0x00007ff95c00a000 Exception <a 'java/lang/NoSuchMethodError': Method sun.misc.Unsafe.defineClass(Ljava/lang/String;[BII)Ljava/lang/Class; name or signature does not match> (0x00000000eab07cc0) thrown at [/HUDSON/workspace/8-2-build-linux-amd64/jdk8u91/6644/hotspot/src/shar
Event: 0,047 Thread 0x00007ff95c00a000 Exception <a 'java/lang/NoSuchMethodError': Method sun.misc.Unsafe.prefetchRead(Ljava/lang/Object;J)V name or signature does not match> (0x00000000eab07fa8) thrown at [/HUDSON/workspace/8-2-build-linux-amd64/jdk8u91/6644/hotspot/src/share/vm/prims/jni.cpp
Event: 1,456 Thread 0x00007ff95c1e1000 Exception <a 'java/lang/ArrayIndexOutOfBoundsException': 18> (0x00000000ec9b28e0) thrown at [/HUDSON/workspace/8-2-build-linux-amd64/jdk8u91/6644/hotspot/src/share/vm/interpreter/interpreterRuntime.cpp, line 366]
Event: 1,472 Thread 0x00007ff95c1e1000 Exception <a 'java/lang/ArrayIndexOutOfBoundsException': 145> (0x00000000ec9b4460) thrown at [/HUDSON/workspace/8-2-build-linux-amd64/jdk8u91/6644/hotspot/src/share/vm/interpreter/interpreterRuntime.cpp, line 366]
Event: 1,480 Thread 0x00007ff95c1e1000 Exception <a 'java/lang/ArrayIndexOutOfBoundsException': 40> (0x00000000ec9b5748) thrown at [/HUDSON/workspace/8-2-build-linux-amd64/jdk8u91/6644/hotspot/src/share/vm/interpreter/interpreterRuntime.cpp, line 366]

Events (10 events):
Event: 3,602 Thread 0x00007ff95c1df800 DEOPT PACKING pc=0x00007ff94d35e599 sp=0x00007ff944da8c60
Event: 3,602 Thread 0x00007ff95c1df800 DEOPT UNPACKING pc=0x00007ff94d047633 sp=0x00007ff944da8998 mode 0
Event: 3,643 Thread 0x00007ff95c1df800 DEOPT PACKING pc=0x00007ff94d3d8a6c sp=0x00007ff944da8dd0
Event: 3,643 Thread 0x00007ff95c1df800 DEOPT UNPACKING pc=0x00007ff94d047633 sp=0x00007ff944da8ad0 mode 0
Event: 3,653 Thread 0x00007ff95c1e1000 Thread exited: 0x00007ff95c1e1000
Event: 3,705 Thread 0x00007ff95c1e2800 DEOPT PACKING pc=0x00007ff94d39c2c8 sp=0x00007ff944ba6c90
Event: 3,705 Thread 0x00007ff95c1e2800 DEOPT UNPACKING pc=0x00007ff94d047633 sp=0x00007ff944ba6a18 mode 0
Event: 3,718 Thread 0x00007ff95c1df800 DEOPT PACKING pc=0x00007ff94d39c2c8 sp=0x00007ff944da8b90
Event: 3,718 Thread 0x00007ff95c1df800 DEOPT UNPACKING pc=0x00007ff94d047633 sp=0x00007ff944da8918 mode 0
Event: 3,729 Executing VM operation: ParallelGCFailedAllocation


Dynamic libraries:
00400000-00401000 r-xp 00000000 08:01 9839507                            /usr/lib/jvm/java-8-oracle/bin/java
00600000-00601000 rw-p 00000000 08:01 9839507                            /usr/lib/jvm/java-8-oracle/bin/java
01744000-01765000 rw-p 00000000 00:00 0                                  [heap]
c0000000-c5300000 rw-p 00000000 00:00 0 
c5300000-eab00000 ---p 00000000 00:00 0 
eab00000-f3100000 rw-p 00000000 00:00 0 
fd200000-100000000 ---p 00000000 00:00 0 
100000000-1000c0000 rw-p 00000000 00:00 0 
1000c0000-140000000 ---p 00000000 00:00 0 
7ff8e0000000-7ff8e0033000 rw-p 00000000 00:00 0 
7ff8e0033000-7ff8e4000000 ---p 00000000 00:00 0 
7ff8e4000000-7ff8e4026000 rw-p 00000000 00:00 0 
7ff8e4026000-7ff8e8000000 ---p 00000000 00:00 0 
7ff8e8000000-7ff8e8021000 rw-p 00000000 00:00 0 
7ff8e8021000-7ff8ec000000 ---p 00000000 00:00 0 
7ff8ec000000-7ff8ec021000 rw-p 00000000 00:00 0 
7ff8ec021000-7ff8f0000000 ---p 00000000 00:00 0 
7ff8f0000000-7ff8f0021000 rw-p 00000000 00:00 0 
7ff8f0021000-7ff8f4000000 ---p 00000000 00:00 0 
7ff8f4000000-7ff8f403b000 rw-p 00000000 00:00 0 
7ff8f403b000-7ff8f8000000 ---p 00000000 00:00 0 
7ff8f8000000-7ff8f8554000 rw-p 00000000 00:00 0 
7ff8f8554000-7ff8fc000000 ---p 00000000 00:00 0 
7ff8fc000000-7ff8fc021000 rw-p 00000000 00:00 0 
7ff8fc021000-7ff900000000 ---p 00000000 00:00 0 
7ff900000000-7ff900da9000 rw-p 00000000 00:00 0 
7ff900da9000-7ff904000000 ---p 00000000 00:00 0 
7ff904000000-7ff904c86000 rw-p 00000000 00:00 0 
7ff904c86000-7ff908000000 ---p 00000000 00:00 0 
7ff908000000-7ff908021000 rw-p 00000000 00:00 0 
7ff908021000-7ff90c000000 ---p 00000000 00:00 0 
7ff90c000000-7ff90cdc6000 rw-p 00000000 00:00 0 
7ff90cdc6000-7ff910000000 ---p 00000000 00:00 0 
7ff910000000-7ff910021000 rw-p 00000000 00:00 0 
7ff910021000-7ff914000000 ---p 00000000 00:00 0 
7ff914000000-7ff914021000 rw-p 00000000 00:00 0 
7ff914021000-7ff918000000 ---p 00000000 00:00 0 
7ff918000000-7ff918021000 rw-p 00000000 00:00 0 
7ff918021000-7ff91c000000 ---p 00000000 00:00 0 
7ff91c000000-7ff91c297000 rw-p 00000000 00:00 0 
7ff91c297000-7ff920000000 ---p 00000000 00:00 0 
7ff920000000-7ff920021000 rw-p 00000000 00:00 0 
7ff920021000-7ff924000000 ---p 00000000 00:00 0 
7ff928000000-7ff928021000 rw-p 00000000 00:00 0 
7ff928021000-7ff92c000000 ---p 00000000 00:00 0 
7ff92c000000-7ff92c021000 rw-p 00000000 00:00 0 
7ff92c021000-7ff930000000 ---p 00000000 00:00 0 
7ff930000000-7ff930021000 rw-p 00000000 00:00 0 
7ff930021000-7ff934000000 ---p 00000000 00:00 0 
7ff938000000-7ff938021000 rw-p 00000000 00:00 0 
7ff938021000-7ff93c000000 ---p 00000000 00:00 0 
7ff940000000-7ff940021000 rw-p 00000000 00:00 0 
7ff940021000-7ff944000000 ---p 00000000 00:00 0 
7ff944a8b000-7ff944aa8000 r--p 00000000 08:01 11012338                   /usr/share/locale-langpack/tr/LC_MESSAGES/libc.mo
7ff944aa8000-7ff944aab000 ---p 00000000 00:00 0 
7ff944aab000-7ff944ba9000 rw-p 00000000 00:00 0 
7ff944ba9000-7ff944bac000 ---p 00000000 00:00 0 
7ff944bac000-7ff944caa000 rw-p 00000000 00:00 0 
7ff944caa000-7ff944cad000 ---p 00000000 00:00 0 
7ff944cad000-7ff944dab000 rw-p 00000000 00:00 0 
7ff944dab000-7ff944dae000 ---p 00000000 00:00 0 
7ff944dae000-7ff944eac000 rw-p 00000000 00:00 0 
7ff944eac000-7ff944eaf000 ---p 00000000 00:00 0 
7ff944eaf000-7ff944fad000 rw-p 00000000 00:00 0 
7ff944fad000-7ff944fbc000 r--s 000df000 08:01 5246091                    /home/oguz/Android/Sdk/build-tools/23.0.3/lib/dx.jar
7ff944fbc000-7ff944fbd000 ---p 00000000 00:00 0 
7ff944fbd000-7ff9450bd000 rw-p 00000000 00:00 0 
7ff9450bd000-7ff9450c0000 ---p 00000000 00:00 0 
7ff9450c0000-7ff9451be000 rw-p 00000000 00:00 0 
7ff9451be000-7ff9451c1000 ---p 00000000 00:00 0 
7ff9451c1000-7ff9452bf000 rw-p 00000000 00:00 0 
7ff9452bf000-7ff9452c2000 ---p 00000000 00:00 0 
7ff9452c2000-7ff9453c0000 rw-p 00000000 00:00 0 
7ff9453c0000-7ff9453c3000 ---p 00000000 00:00 0 
7ff9453c3000-7ff9454c1000 rw-p 00000000 00:00 0 
7ff9454c1000-7ff9454c4000 ---p 00000000 00:00 0 
7ff9454c4000-7ff9455c2000 rw-p 00000000 00:00 0 
7ff9455c2000-7ff9455c5000 ---p 00000000 00:00 0 
7ff9455c5000-7ff9456c3000 rw-p 00000000 00:00 0 
7ff9456c3000-7ff945afb000 r--p 00000000 08:01 9700768                    /usr/lib/locale/locale-archive
7ff945afb000-7ff945afe000 ---p 00000000 00:00 0 
7ff945afe000-7ff945bfc000 rw-p 00000000 00:00 0 
7ff945bfc000-7ff945bff000 ---p 00000000 00:00 0 
7ff945bff000-7ff945cfd000 rw-p 00000000 00:00 0 
7ff945cfd000-7ff945cfe000 ---p 00000000 00:00 0 
7ff945cfe000-7ff948000000 rw-p 00000000 00:00 0 
7ff948000000-7ff948021000 rw-p 00000000 00:00 0 
7ff948021000-7ff94c000000 ---p 00000000 00:00 0 
7ff94c00a000-7ff94d000000 rw-p 00000000 00:00 0 
7ff94d000000-7ff94d670000 rwxp 00000000 00:00 0 
7ff94d670000-7ff95c000000 ---p 00000000 00:00 0 
7ff95c000000-7ff95c3d7000 rw-p 00000000 00:00 0 
7ff95c3d7000-7ff960000000 ---p 00000000 00:00 0 
7ff960006000-7ff96000d000 r--s 00000000 08:01 10092992                   /usr/lib/x86_64-linux-gnu/gconv/gconv-modules.cache
7ff96000d000-7ff960a59000 rw-p 00000000 00:00 0 
7ff960a59000-7ff960c32000 r--s 03d1f000 08:01 9967487                    /usr/lib/jvm/java-8-oracle/jre/lib/rt.jar
7ff960c32000-7ff961328000 rw-p 00000000 00:00 0 
7ff961328000-7ff9614a8000 ---p 00000000 00:00 0 
7ff9614a8000-7ff9616a8000 rw-p 00000000 00:00 0 
7ff9616a8000-7ff9616a9000 ---p 00000000 00:00 0 
7ff9616a9000-7ff9617a9000 rw-p 00000000 00:00 0 
7ff9617a9000-7ff9617aa000 ---p 00000000 00:00 0 
7ff9617aa000-7ff9618aa000 rw-p 00000000 00:00 0 
7ff9618aa000-7ff9618ab000 ---p 00000000 00:00 0 
7ff9618ab000-7ff9619ab000 rw-p 00000000 00:00 0 
7ff9619ab000-7ff9619ac000 ---p 00000000 00:00 0 
7ff9619ac000-7ff961aac000 rw-p 00000000 00:00 0 
7ff961aac000-7ff961aad000 ---p 00000000 00:00 0 
7ff961aad000-7ff961bad000 rw-p 00000000 00:00 0 
7ff961bad000-7ff961bae000 ---p 00000000 00:00 0 
7ff961bae000-7ff961cae000 rw-p 00000000 00:00 0 
7ff961cae000-7ff961caf000 ---p 00000000 00:00 0 
7ff961caf000-7ff961daf000 rw-p 00000000 00:00 0 
7ff961daf000-7ff961db0000 ---p 00000000 00:00 0 
7ff961db0000-7ff961eda000 rw-p 00000000 00:00 0 
7ff961eda000-7ff962006000 ---p 00000000 00:00 0 
7ff962006000-7ff962030000 rw-p 00000000 00:00 0 
7ff962030000-7ff96215b000 ---p 00000000 00:00 0 
7ff96215b000-7ff96219f000 rw-p 00000000 00:00 0 
7ff96219f000-7ff962206000 ---p 00000000 00:00 0 
7ff962206000-7ff962221000 rw-p 00000000 00:00 0 
7ff962221000-7ff9625c7000 ---p 00000000 00:00 0 
7ff9625c7000-7ff9625e1000 r-xp 00000000 08:01 10092954                   /usr/lib/jvm/java-8-oracle/jre/lib/amd64/libzip.so
7ff9625e1000-7ff9627e1000 ---p 0001a000 08:01 10092954                   /usr/lib/jvm/java-8-oracle/jre/lib/amd64/libzip.so
7ff9627e1000-7ff9627e2000 rw-p 0001a000 08:01 10092954                   /usr/lib/jvm/java-8-oracle/jre/lib/amd64/libzip.so
7ff9627e2000-7ff9627ed000 r-xp 00000000 08:01 7603299                    /lib/x86_64-linux-gnu/libnss_files-2.23.so
7ff9627ed000-7ff9629ec000 ---p 0000b000 08:01 7603299                    /lib/x86_64-linux-gnu/libnss_files-2.23.so
7ff9629ec000-7ff9629ed000 r--p 0000a000 08:01 7603299                    /lib/x86_64-linux-gnu/libnss_files-2.23.so
7ff9629ed000-7ff9629ee000 rw-p 0000b000 08:01 7603299                    /lib/x86_64-linux-gnu/libnss_files-2.23.so
7ff9629ee000-7ff9629f4000 rw-p 00000000 00:00 0 
7ff9629f4000-7ff9629ff000 r-xp 00000000 08:01 7603296                    /lib/x86_64-linux-gnu/libnss_nis-2.23.so
7ff9629ff000-7ff962bfe000 ---p 0000b000 08:01 7603296                    /lib/x86_64-linux-gnu/libnss_nis-2.23.so
7ff962bfe000-7ff962bff000 r--p 0000a000 08:01 7603296                    /lib/x86_64-linux-gnu/libnss_nis-2.23.so
7ff962bff000-7ff962c00000 rw-p 0000b000 08:01 7603296                    /lib/x86_64-linux-gnu/libnss_nis-2.23.so
7ff962c00000-7ff962c16000 r-xp 00000000 08:01 7603294                    /lib/x86_64-linux-gnu/libnsl-2.23.so
7ff962c16000-7ff962e16000 ---p 00016000 08:01 7603294                    /lib/x86_64-linux-gnu/libnsl-2.23.so
7ff962e16000-7ff962e17000 r--p 00016000 08:01 7603294                    /lib/x86_64-linux-gnu/libnsl-2.23.so
7ff962e17000-7ff962e18000 rw-p 00017000 08:01 7603294                    /lib/x86_64-linux-gnu/libnsl-2.23.so
7ff962e18000-7ff962e1a000 rw-p 00000000 00:00 0 
7ff962e1a000-7ff962e22000 r-xp 00000000 08:01 7603292                    /lib/x86_64-linux-gnu/libnss_compat-2.23.so
7ff962e22000-7ff963021000 ---p 00008000 08:01 7603292                    /lib/x86_64-linux-gnu/libnss_compat-2.23.so
7ff963021000-7ff963022000 r--p 00007000 08:01 7603292                    /lib/x86_64-linux-gnu/libnss_compat-2.23.so
7ff963022000-7ff963023000 rw-p 00008000 08:01 7603292                    /lib/x86_64-linux-gnu/libnss_compat-2.23.so
7ff963023000-7ff96304d000 r-xp 00000000 08:01 10092949                   /usr/lib/jvm/java-8-oracle/jre/lib/amd64/libjava.so
7ff96304d000-7ff96324d000 ---p 0002a000 08:01 10092949                   /usr/lib/jvm/java-8-oracle/jre/lib/amd64/libjava.so
7ff96324d000-7ff96324f000 rw-p 0002a000 08:01 10092949                   /usr/lib/jvm/java-8-oracle/jre/lib/amd64/libjava.so
7ff96324f000-7ff96325c000 r-xp 00000000 08:01 10092953                   /usr/lib/jvm/java-8-oracle/jre/lib/amd64/libverify.so
7ff96325c000-7ff96345c000 ---p 0000d000 08:01 10092953                   /usr/lib/jvm/java-8-oracle/jre/lib/amd64/libverify.so
7ff96345c000-7ff96345e000 rw-p 0000d000 08:01 10092953                   /usr/lib/jvm/java-8-oracle/jre/lib/amd64/libverify.so
7ff96345e000-7ff963465000 r-xp 00000000 08:01 7603308                    /lib/x86_64-linux-gnu/librt-2.23.so
7ff963465000-7ff963664000 ---p 00007000 08:01 7603308                    /lib/x86_64-linux-gnu/librt-2.23.so
7ff963664000-7ff963665000 r--p 00006000 08:01 7603308                    /lib/x86_64-linux-gnu/librt-2.23.so
7ff963665000-7ff963666000 rw-p 00007000 08:01 7603308                    /lib/x86_64-linux-gnu/librt-2.23.so
7ff963666000-7ff96376e000 r-xp 00000000 08:01 7603305                    /lib/x86_64-linux-gnu/libm-2.23.so
7ff96376e000-7ff96396d000 ---p 00108000 08:01 7603305                    /lib/x86_64-linux-gnu/libm-2.23.so
7ff96396d000-7ff96396e000 r--p 00107000 08:01 7603305                    /lib/x86_64-linux-gnu/libm-2.23.so
7ff96396e000-7ff96396f000 rw-p 00108000 08:01 7603305                    /lib/x86_64-linux-gnu/libm-2.23.so
7ff96396f000-7ff96462f000 r-xp 00000000 08:01 10092932                   /usr/lib/jvm/java-8-oracle/jre/lib/amd64/server/libjvm.so
7ff96462f000-7ff96482f000 ---p 00cc0000 08:01 10092932                   /usr/lib/jvm/java-8-oracle/jre/lib/amd64/server/libjvm.so
7ff96482f000-7ff964907000 rw-p 00cc0000 08:01 10092932                   /usr/lib/jvm/java-8-oracle/jre/lib/amd64/server/libjvm.so
7ff964907000-7ff964952000 rw-p 00000000 00:00 0 
7ff964952000-7ff964b12000 r-xp 00000000 08:01 7603313                    /lib/x86_64-linux-gnu/libc-2.23.so
7ff964b12000-7ff964d12000 ---p 001c0000 08:01 7603313                    /lib/x86_64-linux-gnu/libc-2.23.so
7ff964d12000-7ff964d16000 r--p 001c0000 08:01 7603313                    /lib/x86_64-linux-gnu/libc-2.23.so
7ff964d16000-7ff964d18000 rw-p 001c4000 08:01 7603313                    /lib/x86_64-linux-gnu/libc-2.23.so
7ff964d18000-7ff964d1c000 rw-p 00000000 00:00 0 
7ff964d1c000-7ff964d1f000 r-xp 00000000 08:01 7603314                    /lib/x86_64-linux-gnu/libdl-2.23.so
7ff964d1f000-7ff964f1e000 ---p 00003000 08:01 7603314                    /lib/x86_64-linux-gnu/libdl-2.23.so
7ff964f1e000-7ff964f1f000 r--p 00002000 08:01 7603314                    /lib/x86_64-linux-gnu/libdl-2.23.so
7ff964f1f000-7ff964f20000 rw-p 00003000 08:01 7603314                    /lib/x86_64-linux-gnu/libdl-2.23.so
7ff964f20000-7ff964f35000 r-xp 00000000 08:01 9840182                    /usr/lib/jvm/java-8-oracle/lib/amd64/jli/libjli.so
7ff964f35000-7ff965135000 ---p 00015000 08:01 9840182                    /usr/lib/jvm/java-8-oracle/lib/amd64/jli/libjli.so
7ff965135000-7ff965136000 rw-p 00015000 08:01 9840182                    /usr/lib/jvm/java-8-oracle/lib/amd64/jli/libjli.so
7ff965136000-7ff96514e000 r-xp 00000000 08:01 7603312                    /lib/x86_64-linux-gnu/libpthread-2.23.so
7ff96514e000-7ff96534d000 ---p 00018000 08:01 7603312                    /lib/x86_64-linux-gnu/libpthread-2.23.so
7ff96534d000-7ff96534e000 r--p 00017000 08:01 7603312                    /lib/x86_64-linux-gnu/libpthread-2.23.so
7ff96534e000-7ff96534f000 rw-p 00018000 08:01 7603312                    /lib/x86_64-linux-gnu/libpthread-2.23.so
7ff96534f000-7ff965353000 rw-p 00000000 00:00 0 
7ff965353000-7ff965379000 r-xp 00000000 08:01 7603309                    /lib/x86_64-linux-gnu/ld-2.23.so
7ff96537f000-7ff965451000 rw-p 00000000 00:00 0 
7ff965451000-7ff965454000 ---p 00000000 00:00 0 
7ff965454000-7ff965556000 rw-p 00000000 00:00 0 
7ff965558000-7ff96556c000 rw-p 00000000 00:00 0 
7ff96556c000-7ff965574000 rw-s 00000000 08:01 133481                     /tmp/hsperfdata_oguz/29850
7ff965574000-7ff965575000 rw-p 00000000 00:00 0 
7ff965575000-7ff965576000 ---p 00000000 00:00 0 
7ff965576000-7ff965578000 rw-p 00000000 00:00 0 
7ff965578000-7ff965579000 r--p 00025000 08:01 7603309                    /lib/x86_64-linux-gnu/ld-2.23.so
7ff965579000-7ff96557a000 rw-p 00026000 08:01 7603309                    /lib/x86_64-linux-gnu/ld-2.23.so
7ff96557a000-7ff96557b000 rw-p 00000000 00:00 0 
7ffd4415f000-7ffd44180000 rw-p 00000000 00:00 0                          [stack]
7ffd44195000-7ffd44197000 r--p 00000000 00:00 0                          [vvar]
7ffd44197000-7ffd44199000 r-xp 00000000 00:00 0                          [vdso]
ffffffffff600000-ffffffffff601000 r-xp 00000000 00:00 0                  [vsyscall]

VM Arguments:
jvm_args: -Djava.awt.headless=true -Xmx1024M -Dfile.encoding=UTF-8 -Duser.country=TR -Duser.language=tr -Duser.variant 
java_command: com.android.dx.command.Main --dex --force-jumbo --num-threads=4 --multi-dex --output /home/oguz/AndroidStudioProjects/FomApplication/app/build/intermediates/transforms/dex/debug/folders/1000/10/com.android.support-appcompat-v7-22.2.0_477a3625338b79576be520ace730041d5234d4b5 /home/oguz/AndroidStudioProjects/FomApplication/app/build/intermediates/exploded-aar/com.android.support/appcompat-v7/22.2.0/jars/classes.jar
java_class_path (initial): /home/oguz/Android/Sdk/build-tools/23.0.3/lib/dx.jar
Launcher Type: SUN_STANDARD

Environment Variables:
PATH=/usr/local/sbin:/usr/local/bin:/usr/sbin:/usr/bin:/sbin:/bin:/usr/games:/usr/local/games:/snap/bin
LD_LIBRARY_PATH=/home/oguz/Masaüstü/Derleyiciler/android-studio/bin:
SHELL=/bin/bash
DISPLAY=:0

Signal Handlers:
SIGSEGV: [libjvm.so+0xabca10], sa_mask[0]=11111111011111111101111111111110, sa_flags=SA_RESTART|SA_SIGINFO
SIGBUS: [libjvm.so+0xabca10], sa_mask[0]=11111111011111111101111111111110, sa_flags=SA_RESTART|SA_SIGINFO
SIGFPE: [libjvm.so+0x919a20], sa_mask[0]=11111111011111111101111111111110, sa_flags=SA_RESTART|SA_SIGINFO
SIGPIPE: [libjvm.so+0x919a20], sa_mask[0]=11111111011111111101111111111110, sa_flags=SA_RESTART|SA_SIGINFO
SIGXFSZ: [libjvm.so+0x919a20], sa_mask[0]=11111111011111111101111111111110, sa_flags=SA_RESTART|SA_SIGINFO
SIGILL: [libjvm.so+0x919a20], sa_mask[0]=11111111011111111101111111111110, sa_flags=SA_RESTART|SA_SIGINFO
SIGUSR1: SIG_DFL, sa_mask[0]=00000000000000000000000000000000, sa_flags=none
SIGUSR2: [libjvm.so+0x91b050], sa_mask[0]=00100000000000000000000000000000, sa_flags=SA_RESTART|SA_SIGINFO
SIGHUP: [libjvm.so+0x91c450], sa_mask[0]=11111111011111111101111111111110, sa_flags=SA_RESTART|SA_SIGINFO
SIGINT: [libjvm.so+0x91c450], sa_mask[0]=11111111011111111101111111111110, sa_flags=SA_RESTART|SA_SIGINFO
SIGTERM: [libjvm.so+0x91c450], sa_mask[0]=11111111011111111101111111111110, sa_flags=SA_RESTART|SA_SIGINFO
SIGQUIT: [libjvm.so+0x91c450], sa_mask[0]=11111111011111111101111111111110, sa_flags=SA_RESTART|SA_SIGINFO


---------------  S Y S T E M  ---------------

OS:DISTRIB_ID=Ubuntu
DISTRIB_RELEASE=16.04
DISTRIB_CODENAME=xenial
DISTRIB_DESCRIPTION="Ubuntu Xenial Xerus (development branch)"

uname:Linux 4.4.0-22-generic #39-Ubuntu SMP Thu May 5 16:53:32 UTC 2016 x86_64
libc:glibc 2.23 NPTL 2.23 
rlimit: STACK 8192k, CORE 0k, NPROC 31498, NOFILE 65536, AS infinity
load average:7,77 2,41 2,01

/proc/meminfo:
MemTotal:        8101800 kB
MemFree:           86880 kB
MemAvailable:     157288 kB
Buffers:            1180 kB
Cached:           497472 kB
SwapCached:            0 kB
Active:          7321408 kB
Inactive:         450556 kB
Active(anon):    7314484 kB
Inactive(anon):   394688 kB
Active(file):       6924 kB
Inactive(file):    55868 kB
Unevictable:          72 kB
Mlocked:              72 kB
SwapTotal:             0 kB
SwapFree:              0 kB
Dirty:                28 kB
Writeback:             0 kB
AnonPages:       7275596 kB
Mapped:           191200 kB
Shmem:            433648 kB
Slab:             104748 kB
SReclaimable:      49988 kB
SUnreclaim:        54760 kB
KernelStack:       19072 kB
PageTables:        59344 kB
NFS_Unstable:          0 kB
Bounce:                0 kB
WritebackTmp:          0 kB
CommitLimit:     4050900 kB
Committed_AS:   13629676 kB
VmallocTotal:   34359738367 kB
VmallocUsed:           0 kB
VmallocChunk:          0 kB
HardwareCorrupted:     0 kB
AnonHugePages:   4081664 kB
CmaTotal:              0 kB
CmaFree:               0 kB
HugePages_Total:       0
HugePages_Free:        0
HugePages_Rsvd:        0
HugePages_Surp:        0
Hugepagesize:       2048 kB
DirectMap4k:      172800 kB
DirectMap2M:     8142848 kB
DirectMap1G:     1048576 kB


CPU:total 8 (4 cores per cpu, 2 threads per core) family 6 model 60 stepping 3, cmov, cx8, fxsr, mmx, sse, sse2, sse3, ssse3, sse4.1, sse4.2, popcnt, avx, avx2, aes, clmul, erms, lzcnt, ht, tsc, tscinvbit, bmi1, bmi2

/proc/cpuinfo:
processor	: 0
vendor_id	: GenuineIntel
cpu family	: 6
model		: 60
model name	: Intel(R) Core(TM) i7-4700MQ CPU @ 2.40GHz
stepping	: 3
microcode	: 0x16
cpu MHz		: 3199.968
cache size	: 6144 KB
physical id	: 0
siblings	: 8
core id		: 0
cpu cores	: 4
apicid		: 0
initial apicid	: 0
fpu		: yes
fpu_exception	: yes
cpuid level	: 13
wp		: yes
flags		: fpu vme de pse tsc msr pae mce cx8 apic sep mtrr pge mca cmov pat pse36 clflush dts acpi mmx fxsr sse sse2 ss ht tm pbe syscall nx pdpe1gb rdtscp lm constant_tsc arch_perfmon pebs bts rep_good nopl xtopology nonstop_tsc aperfmperf eagerfpu pni pclmulqdq dtes64 monitor ds_cpl vmx est tm2 ssse3 sdbg fma cx16 xtpr pdcm pcid sse4_1 sse4_2 movbe popcnt tsc_deadline_timer aes xsave avx f16c rdrand lahf_lm abm epb tpr_shadow vnmi flexpriority ept vpid fsgsbase tsc_adjust bmi1 avx2 smep bmi2 erms invpcid xsaveopt dtherm ida arat pln pts
bugs		:
bogomips	: 4788.76
clflush size	: 64
cache_alignment	: 64
address sizes	: 39 bits physical, 48 bits virtual
power management:

processor	: 1
vendor_id	: GenuineIntel
cpu family	: 6
model		: 60
model name	: Intel(R) Core(TM) i7-4700MQ CPU @ 2.40GHz
stepping	: 3
microcode	: 0x16
cpu MHz		: 3199.968
cache size	: 6144 KB
physical id	: 0
siblings	: 8
core id		: 0
cpu cores	: 4
apicid		: 1
initial apicid	: 1
fpu		: yes
fpu_exception	: yes
cpuid level	: 13
wp		: yes
flags		: fpu vme de pse tsc msr pae mce cx8 apic sep mtrr pge mca cmov pat pse36 clflush dts acpi mmx fxsr sse sse2 ss ht tm pbe syscall nx pdpe1gb rdtscp lm constant_tsc arch_perfmon pebs bts rep_good nopl xtopology nonstop_tsc aperfmperf eagerfpu pni pclmulqdq dtes64 monitor ds_cpl vmx est tm2 ssse3 sdbg fma cx16 xtpr pdcm pcid sse4_1 sse4_2 movbe popcnt tsc_deadline_timer aes xsave avx f16c rdrand lahf_lm abm epb tpr_shadow vnmi flexpriority ept vpid fsgsbase tsc_adjust bmi1 avx2 smep bmi2 erms invpcid xsaveopt dtherm ida arat pln pts
bugs		:
bogomips	: 4788.76
clflush size	: 64
cache_alignment	: 64
address sizes	: 39 bits physical, 48 bits virtual
power management:

processor	: 2
vendor_id	: GenuineIntel
cpu family	: 6
model		: 60
model name	: Intel(R) Core(TM) i7-4700MQ CPU @ 2.40GHz
stepping	: 3
microcode	: 0x16
cpu MHz		: 3199.968
cache size	: 6144 KB
physical id	: 0
siblings	: 8
core id		: 1
cpu cores	: 4
apicid		: 2
initial apicid	: 2
fpu		: yes
fpu_exception	: yes
cpuid level	: 13
wp		: yes
flags		: fpu vme de pse tsc msr pae mce cx8 apic sep mtrr pge mca cmov pat pse36 clflush dts acpi mmx fxsr sse sse2 ss ht tm pbe syscall nx pdpe1gb rdtscp lm constant_tsc arch_perfmon pebs bts rep_good nopl xtopology nonstop_tsc aperfmperf eagerfpu pni pclmulqdq dtes64 monitor ds_cpl vmx est tm2 ssse3 sdbg fma cx16 xtpr pdcm pcid sse4_1 sse4_2 movbe popcnt tsc_deadline_timer aes xsave avx f16c rdrand lahf_lm abm epb tpr_shadow vnmi flexpriority ept vpid fsgsbase tsc_adjust bmi1 avx2 smep bmi2 erms invpcid xsaveopt dtherm ida arat pln pts
bugs		:
bogomips	: 4788.76
clflush size	: 64
cache_alignment	: 64
address sizes	: 39 bits physical, 48 bits virtual
power management:

processor	: 3
vendor_id	: GenuineIntel
cpu family	: 6
model		: 60
model name	: Intel(R) Core(TM) i7-4700MQ CPU @ 2.40GHz
stepping	: 3
microcode	: 0x16
cpu MHz		: 3199.968
cache size	: 6144 KB
physical id	: 0
siblings	: 8
core id		: 1
cpu cores	: 4
apicid		: 3
initial apicid	: 3
fpu		: yes
fpu_exception	: yes
cpuid level	: 13
wp		: yes
flags		: fpu vme de pse tsc msr pae mce cx8 apic sep mtrr pge mca cmov pat pse36 clflush dts acpi mmx fxsr sse sse2 ss ht tm pbe syscall nx pdpe1gb rdtscp lm constant_tsc arch_perfmon pebs bts rep_good nopl xtopology nonstop_tsc aperfmperf eagerfpu pni pclmulqdq dtes64 monitor ds_cpl vmx est tm2 ssse3 sdbg fma cx16 xtpr pdcm pcid sse4_1 sse4_2 movbe popcnt tsc_deadline_timer aes xsave avx f16c rdrand lahf_lm abm epb tpr_shadow vnmi flexpriority ept vpid fsgsbase tsc_adjust bmi1 avx2 smep bmi2 erms invpcid xsaveopt dtherm ida arat pln pts
bugs		:
bogomips	: 4788.76
clflush size	: 64
cache_alignment	: 64
address sizes	: 39 bits physical, 48 bits virtual
power management:

processor	: 4
vendor_id	: GenuineIntel
cpu family	: 6
model		: 60
model name	: Intel(R) Core(TM) i7-4700MQ CPU @ 2.40GHz
stepping	: 3
microcode	: 0x16
cpu MHz		: 3199.968
cache size	: 6144 KB
physical id	: 0
siblings	: 8
core id		: 2
cpu cores	: 4
apicid		: 4
initial apicid	: 4
fpu		: yes
fpu_exception	: yes
cpuid level	: 13
wp		: yes
flags		: fpu vme de pse tsc msr pae mce cx8 apic sep mtrr pge mca cmov pat pse36 clflush dts acpi mmx fxsr sse sse2 ss ht tm pbe syscall nx pdpe1gb rdtscp lm constant_tsc arch_perfmon pebs bts rep_good nopl xtopology nonstop_tsc aperfmperf eagerfpu pni pclmulqdq dtes64 monitor ds_cpl vmx est tm2 ssse3 sdbg fma cx16 xtpr pdcm pcid sse4_1 sse4_2 movbe popcnt tsc_deadline_timer aes xsave avx f16c rdrand lahf_lm abm epb tpr_shadow vnmi flexpriority ept vpid fsgsbase tsc_adjust bmi1 avx2 smep bmi2 erms invpcid xsaveopt dtherm ida arat pln pts
bugs		:
bogomips	: 4788.76
clflush size	: 64
cache_alignment	: 64
address sizes	: 39 bits physical, 48 bits virtual
power management:

processor	: 5
vendor_id	: GenuineIntel
cpu family	: 6
model		: 60
model name	: Intel(R) Core(TM) i7-4700MQ CPU @ 2.40GHz
stepping	: 3
microcode	: 0x16
cpu MHz		: 3199.968
cache size	: 6144 KB
physical id	: 0
siblings	: 8
core id		: 2
cpu cores	: 4
apicid		: 5
initial apicid	: 5
fpu		: yes
fpu_exception	: yes
cpuid level	: 13
wp		: yes
flags		: fpu vme de pse tsc msr pae mce cx8 apic sep mtrr pge mca cmov pat pse36 clflush dts acpi mmx fxsr sse sse2 ss ht tm pbe syscall nx pdpe1gb rdtscp lm constant_tsc arch_perfmon pebs bts rep_good nopl xtopology nonstop_tsc aperfmperf eagerfpu pni pclmulqdq dtes64 monitor ds_cpl vmx est tm2 ssse3 sdbg fma cx16 xtpr pdcm pcid sse4_1 sse4_2 movbe popcnt tsc_deadline_timer aes xsave avx f16c rdrand lahf_lm abm epb tpr_shadow vnmi flexpriority ept vpid fsgsbase tsc_adjust bmi1 avx2 smep bmi2 erms invpcid xsaveopt dtherm ida arat pln pts
bugs		:
bogomips	: 4788.76
clflush size	: 64
cache_alignment	: 64
address sizes	: 39 bits physical, 48 bits virtual
power management:

processor	: 6
vendor_id	: GenuineIntel
cpu family	: 6
model		: 60
model name	: Intel(R) Core(TM) i7-4700MQ CPU @ 2.40GHz
stepping	: 3
microcode	: 0x16
cpu MHz		: 3199.968
cache size	: 6144 KB
physical id	: 0
siblings	: 8
core id		: 3
cpu cores	: 4
apicid		: 6
initial apicid	: 6
fpu		: yes
fpu_exception	: yes
cpuid level	: 13
wp		: yes
flags		: fpu vme de pse tsc msr pae mce cx8 apic sep mtrr pge mca cmov pat pse36 clflush dts acpi mmx fxsr sse sse2 ss ht tm pbe syscall nx pdpe1gb rdtscp lm constant_tsc arch_perfmon pebs bts rep_good nopl xtopology nonstop_tsc aperfmperf eagerfpu pni pclmulqdq dtes64 monitor ds_cpl vmx est tm2 ssse3 sdbg fma cx16 xtpr pdcm pcid sse4_1 sse4_2 movbe popcnt tsc_deadline_timer aes xsave avx f16c rdrand lahf_lm abm epb tpr_shadow vnmi flexpriority ept vpid fsgsbase tsc_adjust bmi1 avx2 smep bmi2 erms invpcid xsaveopt dtherm ida arat pln pts
bugs		:
bogomips	: 4788.76
clflush size	: 64
cache_alignment	: 64
address sizes	: 39 bits physical, 48 bits virtual
power management:

processor	: 7
vendor_id	: GenuineIntel
cpu family	: 6
model		: 60
model name	: Intel(R) Core(TM) i7-4700MQ CPU @ 2.40GHz
stepping	: 3
microcode	: 0x16
cpu MHz		: 3199.968
cache size	: 6144 KB
physical id	: 0
siblings	: 8
core id		: 3
cpu cores	: 4
apicid		: 7
initial apicid	: 7
fpu		: yes
fpu_exception	: yes
cpuid level	: 13
wp		: yes
flags		: fpu vme de pse tsc msr pae mce cx8 apic sep mtrr pge mca cmov pat pse36 clflush dts acpi mmx fxsr sse sse2 ss ht tm pbe syscall nx pdpe1gb rdtscp lm constant_tsc arch_perfmon pebs bts rep_good nopl xtopology nonstop_tsc aperfmperf eagerfpu pni pclmulqdq dtes64 monitor ds_cpl vmx est tm2 ssse3 sdbg fma cx16 xtpr pdcm pcid sse4_1 sse4_2 movbe popcnt tsc_deadline_timer aes xsave avx f16c rdrand lahf_lm abm epb tpr_shadow vnmi flexpriority ept vpid fsgsbase tsc_adjust bmi1 avx2 smep bmi2 erms invpcid xsaveopt dtherm ida arat pln pts
bugs		:
bogomips	: 4788.76
clflush size	: 64
cache_alignment	: 64
address sizes	: 39 bits physical, 48 bits virtual
power management:



Memory: 4k page, physical 8101800k(86432k free), swap 0k(0k free)

vm_info: Java HotSpot(TM) 64-Bit Server VM (25.91-b14) for linux-amd64 JRE (1.8.0_91-b14), built on Apr  1 2016 00:57:21 by "java_re" with gcc 4.3.0 20080428 (Red Hat 4.3.0-8)

time: Wed Jul 20 13:39:54 2016
elapsed time: 9 seconds (0d 0h 0m 9s)

