#
# There is insufficient memory for the Java Runtime Environment to continue.
# Native memory allocation (mmap) failed to map 174063616 bytes for committing reserved memory.
# Possible reasons:
#   The system is out of physical RAM or swap space
#   In 32 bit mode, the process size limit was hit
# Possible solutions:
#   Reduce memory load on the system
#   Increase physical memory or swap space
#   Check if swap backing store is full
#   Use 64 bit Java on a 64 bit OS
#   Decrease Java heap size (-Xmx/-Xms)
#   Decrease number of Java threads
#   Decrease Java thread stack sizes (-Xss)
#   Set larger code cache with -XX:ReservedCodeCacheSize=
# This output file may be truncated or incomplete.
#
#  Out of Memory Error (os_linux.cpp:2627), pid=2953, tid=140401773102848
#
# JRE version: Java(TM) SE Runtime Environment (8.0_91-b14) (build 1.8.0_91-b14)
# Java VM: Java HotSpot(TM) 64-Bit Server VM (25.91-b14 mixed mode linux-amd64 compressed oops)
# Failed to write core dump. Core dumps have been disabled. To enable core dumping, try "ulimit -c unlimited" before starting Java again
#

---------------  T H R E A D  ---------------

Current thread (0x00007fb204080000):  VMThread [stack: 0x00007fb1d5bfc000,0x00007fb1d5cfd000] [id=2966]

Stack: [0x00007fb1d5bfc000,0x00007fb1d5cfd000],  sp=0x00007fb1d5cfb2a0,  free space=1020k
Native frames: (J=compiled Java code, j=interpreted, Vv=VM code, C=native code)
V  [libjvm.so+0xabc18a]  VMError::report_and_die()+0x2ba
V  [libjvm.so+0x4fafeb]  report_vm_out_of_memory(char const*, int, unsigned long, VMErrorType, char const*)+0x8b
V  [libjvm.so+0x91cbb3]  os::Linux::commit_memory_impl(char*, unsigned long, bool)+0x103
V  [libjvm.so+0x91d109]  os::pd_commit_memory(char*, unsigned long, unsigned long, bool)+0x29
V  [libjvm.so+0x91740a]  os::commit_memory(char*, unsigned long, unsigned long, bool)+0x2a
V  [libjvm.so+0x98b033]  PSVirtualSpace::expand_by(unsigned long)+0x53
V  [libjvm.so+0x98c438]  PSYoungGen::resize_generation(unsigned long, unsigned long)+0xf8
V  [libjvm.so+0x98b592]  PSYoungGen::resize(unsigned long, unsigned long)+0x22
V  [libjvm.so+0x98886b]  PSScavenge::invoke_no_policy()+0xf3b
V  [libjvm.so+0x988ff1]  PSScavenge::invoke()+0x41
V  [libjvm.so+0x9408b0]  ParallelScavengeHeap::failed_mem_allocate(unsigned long)+0x70
V  [libjvm.so+0xabdba7]  VM_ParallelGCFailedAllocation::doit()+0x97
V  [libjvm.so+0xac55d5]  VM_Operation::evaluate()+0x55
V  [libjvm.so+0xac39aa]  VMThread::evaluate_operation(VM_Operation*)+0xba
V  [libjvm.so+0xac3d2e]  VMThread::loop()+0x1ce
V  [libjvm.so+0xac41a0]  VMThread::run()+0x70
V  [libjvm.so+0x91ef78]  java_start(Thread*)+0x108

VM_Operation (0x00007fb20d4bb5b0): ParallelGCFailedAllocation, mode: safepoint, requested by thread 0x00007fb20400a000


---------------  P R O C E S S  ---------------

Java Threads: ( => current thread )
  0x00007fb204149000 JavaThread "pool-2-thread-4" [_thread_blocked, id=2981, stack(0x00007fb1d49b6000,0x00007fb1d4ab7000)]
  0x00007fb204147000 JavaThread "pool-2-thread-3" [_thread_blocked, id=2980, stack(0x00007fb1d4ab7000,0x00007fb1d4bb8000)]
  0x00007fb204145800 JavaThread "pool-2-thread-2" [_thread_blocked, id=2979, stack(0x00007fb1d4bb8000,0x00007fb1d4cb9000)]
  0x00007fb204144800 JavaThread "pool-3-thread-1" [_thread_blocked, id=2978, stack(0x00007fb1d4cb9000,0x00007fb1d4dba000)]
  0x00007fb204142800 JavaThread "pool-2-thread-1" [_thread_blocked, id=2977, stack(0x00007fb1d4dba000,0x00007fb1d4ebb000)]
  0x00007fb2040ca800 JavaThread "Service Thread" daemon [_thread_blocked, id=2974, stack(0x00007fb1d4fbc000,0x00007fb1d50bd000)]
  0x00007fb2040c7800 JavaThread "C1 CompilerThread3" daemon [_thread_blocked, id=2973, stack(0x00007fb1d50bd000,0x00007fb1d51be000)]
  0x00007fb2040c5800 JavaThread "C2 CompilerThread2" daemon [_thread_blocked, id=2972, stack(0x00007fb1d51be000,0x00007fb1d52bf000)]
  0x00007fb2040c4000 JavaThread "C2 CompilerThread1" daemon [_thread_blocked, id=2971, stack(0x00007fb1d52bf000,0x00007fb1d53c0000)]
  0x00007fb2040c1000 JavaThread "C2 CompilerThread0" daemon [_thread_blocked, id=2970, stack(0x00007fb1d53c0000,0x00007fb1d54c1000)]
  0x00007fb2040bf800 JavaThread "Signal Dispatcher" daemon [_thread_blocked, id=2969, stack(0x00007fb1d54c1000,0x00007fb1d55c2000)]
  0x00007fb20408c800 JavaThread "Finalizer" daemon [_thread_blocked, id=2968, stack(0x00007fb1d59fa000,0x00007fb1d5afb000)]
  0x00007fb204087800 JavaThread "Reference Handler" daemon [_thread_blocked, id=2967, stack(0x00007fb1d5afb000,0x00007fb1d5bfc000)]
  0x00007fb20400a000 JavaThread "main" [_thread_blocked, id=2955, stack(0x00007fb20d3bd000,0x00007fb20d4be000)]

Other Threads:
=>0x00007fb204080000 VMThread [stack: 0x00007fb1d5bfc000,0x00007fb1d5cfd000] [id=2966]
  0x00007fb2040cd800 WatcherThread [stack: 0x00007fb1d4ebb000,0x00007fb1d4fbc000] [id=2975]

VM state:at safepoint (normal execution)

VM Mutex/Monitor currently owned by a thread:  ([mutex/lock_event])
[0x00007fb204006570] Threads_lock - owner thread: 0x00007fb204080000
[0x00007fb204006a70] Heap_lock - owner thread: 0x00007fb20400a000

Heap:
 PSYoungGen      total 132096K, used 5107K [0x00000000eab00000, 0x00000000f3100000, 0x0000000100000000)
  eden space 126976K, 0% used [0x00000000eab00000,0x00000000eab00000,0x00000000f2700000)
  from space 5120K, 99% used [0x00000000f2700000,0x00000000f2bfcf30,0x00000000f2c00000)
  to   space 5120K, 0% used [0x00000000f2c00000,0x00000000f2c00000,0x00000000f3100000)
 ParOldGen       total 84992K, used 40404K [0x00000000c0000000, 0x00000000c5300000, 0x00000000eab00000)
  object space 84992K, 47% used [0x00000000c0000000,0x00000000c27752e8,0x00000000c5300000)
 Metaspace       used 6222K, capacity 7128K, committed 7424K, reserved 1056768K
  class space    used 614K, capacity 656K, committed 768K, reserved 1048576K

Card table byte_map: [0x00007fb209f72000,0x00007fb20a173000] byte_map_base: 0x00007fb209972000

Marking Bits: (ParMarkBitMap*) 0x00007fb20c891d60
 Begin Bits: [0x00007fb1d6000000, 0x00007fb1d7000000)
 End Bits:   [0x00007fb1d7000000, 0x00007fb1d8000000)

Polling page: 0x00007fb20d4e1000

CodeCache: size=245760Kb used=6595Kb max_used=6595Kb free=239164Kb
 bounds [0x00007fb1f5000000, 0x00007fb1f5680000, 0x00007fb204000000]
 total_blobs=1983 nmethods=1714 adapters=182
 compilation: enabled

Compilation events (10 events):
Event: 6,928 Thread 0x00007fb2040c7800 1999       2       java.util.EnumSet::<init> (15 bytes)
Event: 6,928 Thread 0x00007fb2040c7800 nmethod 1999 0x00007fb1f5673490 code [0x00007fb1f56735e0, 0x00007fb1f5673750]
Event: 6,928 Thread 0x00007fb2040c7800 1856       1       com.android.dx.rop.annotation.NameValuePair::getValue (5 bytes)
Event: 6,928 Thread 0x00007fb2040c7800 nmethod 1856 0x00007fb1f56737d0 code [0x00007fb1f5673920, 0x00007fb1f5673a30]
Event: 6,928 Thread 0x00007fb2040c7800 1911       1       com.android.dx.dex.file.DexFile::getStringIds (5 bytes)
Event: 6,928 Thread 0x00007fb2040c7800 nmethod 1911 0x00007fb1f5673a90 code [0x00007fb1f5673be0, 0x00007fb1f5673cf0]
Event: 6,928 Thread 0x00007fb2040c7800 1888       1       com.android.dx.cf.code.LocalVariableList$Item::getSignature (5 bytes)
Event: 6,928 Thread 0x00007fb2040c7800 nmethod 1888 0x00007fb1f5673d50 code [0x00007fb1f5673ea0, 0x00007fb1f5673fb0]
Event: 6,928 Thread 0x00007fb2040c7800 1813       2       com.android.dx.dex.code.TargetInsn::<init> (29 bytes)
Event: 6,929 Thread 0x00007fb2040c7800 nmethod 1813 0x00007fb1f5674010 code [0x00007fb1f5674180, 0x00007fb1f56743d8]

GC Heap History (9 events):
Event: 2,131 GC heap before
{Heap before GC invocations=1 (full 0):
 PSYoungGen      total 36864K, used 31744K [0x00000000eab00000, 0x00000000ed400000, 0x0000000100000000)
  eden space 31744K, 100% used [0x00000000eab00000,0x00000000eca00000,0x00000000eca00000)
  from space 5120K, 0% used [0x00000000ecf00000,0x00000000ecf00000,0x00000000ed400000)
  to   space 5120K, 0% used [0x00000000eca00000,0x00000000eca00000,0x00000000ecf00000)
 ParOldGen       total 84992K, used 0K [0x00000000c0000000, 0x00000000c5300000, 0x00000000eab00000)
  object space 84992K, 0% used [0x00000000c0000000,0x00000000c0000000,0x00000000c5300000)
 Metaspace       used 5679K, capacity 6704K, committed 6784K, reserved 1056768K
  class space    used 584K, capacity 616K, committed 640K, reserved 1048576K
Event: 2,177 GC heap after
Heap after GC invocations=1 (full 0):
 PSYoungGen      total 36864K, used 5094K [0x00000000eab00000, 0x00000000ef300000, 0x0000000100000000)
  eden space 31744K, 0% used [0x00000000eab00000,0x00000000eab00000,0x00000000eca00000)
  from space 5120K, 99% used [0x00000000eca00000,0x00000000ecef98d8,0x00000000ecf00000)
  to   space 5120K, 0% used [0x00000000eee00000,0x00000000eee00000,0x00000000ef300000)
 ParOldGen       total 84992K, used 281K [0x00000000c0000000, 0x00000000c5300000, 0x00000000eab00000)
  object space 84992K, 0% used [0x00000000c0000000,0x00000000c0046720,0x00000000c5300000)
 Metaspace       used 5679K, capacity 6704K, committed 6784K, reserved 1056768K
  class space    used 584K, capacity 616K, committed 640K, reserved 1048576K
}
Event: 2,829 GC heap before
{Heap before GC invocations=2 (full 0):
 PSYoungGen      total 36864K, used 36838K [0x00000000eab00000, 0x00000000ef300000, 0x0000000100000000)
  eden space 31744K, 100% used [0x00000000eab00000,0x00000000eca00000,0x00000000eca00000)
  from space 5120K, 99% used [0x00000000eca00000,0x00000000ecef98d8,0x00000000ecf00000)
  to   space 5120K, 0% used [0x00000000eee00000,0x00000000eee00000,0x00000000ef300000)
 ParOldGen       total 84992K, used 281K [0x00000000c0000000, 0x00000000c5300000, 0x00000000eab00000)
  object space 84992K, 0% used [0x00000000c0000000,0x00000000c0046720,0x00000000c5300000)
 Metaspace       used 5811K, capacity 6768K, committed 7040K, reserved 1056768K
  class space    used 591K, capacity 616K, committed 640K, reserved 1048576K
Event: 2,883 GC heap after
Heap after GC invocations=2 (full 0):
 PSYoungGen      total 68608K, used 5110K [0x00000000eab00000, 0x00000000ef300000, 0x0000000100000000)
  eden space 63488K, 0% used [0x00000000eab00000,0x00000000eab00000,0x00000000ee900000)
  from space 5120K, 99% used [0x00000000eee00000,0x00000000ef2fdbd8,0x00000000ef300000)
  to   space 5120K, 0% used [0x00000000ee900000,0x00000000ee900000,0x00000000eee00000)
 ParOldGen       total 84992K, used 2475K [0x00000000c0000000, 0x00000000c5300000, 0x00000000eab00000)
  object space 84992K, 2% used [0x00000000c0000000,0x00000000c026add0,0x00000000c5300000)
 Metaspace       used 5811K, capacity 6768K, committed 7040K, reserved 1056768K
  class space    used 591K, capacity 616K, committed 640K, reserved 1048576K
}
Event: 4,277 GC heap before
{Heap before GC invocations=3 (full 0):
 PSYoungGen      total 68608K, used 68598K [0x00000000eab00000, 0x00000000ef300000, 0x0000000100000000)
  eden space 63488K, 100% used [0x00000000eab00000,0x00000000ee900000,0x00000000ee900000)
  from space 5120K, 99% used [0x00000000eee00000,0x00000000ef2fdbd8,0x00000000ef300000)
  to   space 5120K, 0% used [0x00000000ee900000,0x00000000ee900000,0x00000000eee00000)
 ParOldGen       total 84992K, used 2475K [0x00000000c0000000, 0x00000000c5300000, 0x00000000eab00000)
  object space 84992K, 2% used [0x00000000c0000000,0x00000000c026add0,0x00000000c5300000)
 Metaspace       used 6015K, capacity 6936K, committed 7168K, reserved 1056768K
  class space    used 613K, capacity 656K, committed 768K, reserved 1048576K
Event: 4,409 GC heap after
Heap after GC invocations=3 (full 0):
 PSYoungGen      total 68608K, used 5110K [0x00000000eab00000, 0x00000000f3100000, 0x0000000100000000)
  eden space 63488K, 0% used [0x00000000eab00000,0x00000000eab00000,0x00000000ee900000)
  from space 5120K, 99% used [0x00000000ee900000,0x00000000eedfd968,0x00000000eee00000)
  to   space 5120K, 0% used [0x00000000f2c00000,0x00000000f2c00000,0x00000000f3100000)
 ParOldGen       total 84992K, used 11876K [0x00000000c0000000, 0x00000000c5300000, 0x00000000eab00000)
  object space 84992K, 13% used [0x00000000c0000000,0x00000000c0b990c8,0x00000000c5300000)
 Metaspace       used 6015K, capacity 6936K, committed 7168K, reserved 1056768K
  class space    used 613K, capacity 656K, committed 768K, reserved 1048576K
}
Event: 5,212 GC heap before
{Heap before GC invocations=4 (full 0):
 PSYoungGen      total 68608K, used 68598K [0x00000000eab00000, 0x00000000f3100000, 0x0000000100000000)
  eden space 63488K, 100% used [0x00000000eab00000,0x00000000ee900000,0x00000000ee900000)
  from space 5120K, 99% used [0x00000000ee900000,0x00000000eedfd968,0x00000000eee00000)
  to   space 5120K, 0% used [0x00000000f2c00000,0x00000000f2c00000,0x00000000f3100000)
 ParOldGen       total 84992K, used 11876K [0x00000000c0000000, 0x00000000c5300000, 0x00000000eab00000)
  object space 84992K, 13% used [0x00000000c0000000,0x00000000c0b990c8,0x00000000c5300000)
 Metaspace       used 6042K, capacity 6936K, committed 7168K, reserved 1056768K
  class space    used 613K, capacity 656K, committed 768K, reserved 1048576K
Event: 5,298 GC heap after
Heap after GC invocations=4 (full 0):
 PSYoungGen      total 132096K, used 5115K [0x00000000eab00000, 0x00000000f3100000, 0x0000000100000000)
  eden space 126976K, 0% used [0x00000000eab00000,0x00000000eab00000,0x00000000f2700000)
  from space 5120K, 99% used [0x00000000f2c00000,0x00000000f30fecb0,0x00000000f3100000)
  to   space 5120K, 0% used [0x00000000f2700000,0x00000000f2700000,0x00000000f2c00000)
 ParOldGen       total 84992K, used 21067K [0x00000000c0000000, 0x00000000c5300000, 0x00000000eab00000)
  object space 84992K, 24% used [0x00000000c0000000,0x00000000c1492d10,0x00000000c5300000)
 Metaspace       used 6042K, capacity 6936K, committed 7168K, reserved 1056768K
  class space    used 613K, capacity 656K, committed 768K, reserved 1048576K
}
Event: 6,972 GC heap before
{Heap before GC invocations=5 (full 0):
 PSYoungGen      total 132096K, used 132091K [0x00000000eab00000, 0x00000000f3100000, 0x0000000100000000)
  eden space 126976K, 100% used [0x00000000eab00000,0x00000000f2700000,0x00000000f2700000)
  from space 5120K, 99% used [0x00000000f2c00000,0x00000000f30fecb0,0x00000000f3100000)
  to   space 5120K, 0% used [0x00000000f2700000,0x00000000f2700000,0x00000000f2c00000)
 ParOldGen       total 84992K, used 21067K [0x00000000c0000000, 0x00000000c5300000, 0x00000000eab00000)
  object space 84992K, 24% used [0x00000000c0000000,0x00000000c1492d10,0x00000000c5300000)
 Metaspace       used 6222K, capacity 7128K, committed 7424K, reserved 1056768K
  class space    used 614K, capacity 656K, committed 768K, reserved 1048576K

Deoptimization events (10 events):
Event: 2,989 Thread 0x00007fb204145800 Uncommon trap: reason=unstable_if action=reinterpret pc=0x00007fb1f5268d78 method=com.android.dx.rop.code.LocalItem.hashCode()I @ 25
Event: 2,990 Thread 0x00007fb204145800 Uncommon trap: reason=unstable_if action=reinterpret pc=0x00007fb1f53335f0 method=com.android.dx.rop.code.LocalItem.hashCode()I @ 25
Event: 3,177 Thread 0x00007fb20400a000 Uncommon trap: reason=unstable_if action=reinterpret pc=0x00007fb1f536d3c4 method=com.android.dx.util.IntList.binarysearch(I)I @ 105
Event: 3,712 Thread 0x00007fb204149000 Uncommon trap: reason=bimorphic action=maybe_recompile pc=0x00007fb1f526c490 method=java.util.HashMap.getNode(ILjava/lang/Object;)Ljava/util/HashMap$Node; @ 126
Event: 3,712 Thread 0x00007fb204149000 Uncommon trap: reason=bimorphic action=maybe_recompile pc=0x00007fb1f53a7df0 method=java.util.HashMap.putVal(ILjava/lang/Object;Ljava/lang/Object;ZZ)Ljava/lang/Object; @ 203
Event: 4,002 Thread 0x00007fb20400a000 Uncommon trap: reason=unstable_if action=reinterpret pc=0x00007fb1f53a7d68 method=java.util.HashMap.putVal(ILjava/lang/Object;Ljava/lang/Object;ZZ)Ljava/lang/Object; @ 109
Event: 4,643 Thread 0x00007fb20400a000 Uncommon trap: reason=uninitialized action=reinterpret pc=0x00007fb1f549c094 method=com.android.dx.cf.code.BytecodeArray.parseInstruction(ILcom/android/dx/cf/code/BytecodeArray$Visitor;)I @ 1031
Event: 4,757 Thread 0x00007fb204145800 Uncommon trap: reason=unstable_if action=reinterpret pc=0x00007fb1f54666cc method=com.android.dx.ssa.SsaRenamer$BlockRenamer.visitMoveInsn(Lcom/android/dx/ssa/NormalSsaInsn;)V @ 94
Event: 5,843 Thread 0x00007fb204145800 Uncommon trap: reason=unstable_if action=reinterpret pc=0x00007fb1f554653c method=java.util.HashMap.getNode(ILjava/lang/Object;)Ljava/util/HashMap$Node; @ 84
Event: 6,852 Thread 0x00007fb204145800 Uncommon trap: reason=unstable_if action=reinterpret pc=0x00007fb1f55c697c method=java.util.HashMap.getNode(ILjava/lang/Object;)Ljava/util/HashMap$Node; @ 84

Internal exceptions (6 events):
Event: 0,163 Thread 0x00007fb20400a000 Exception <a 'java/lang/NoSuchMethodError': Method sun.misc.Unsafe.defineClass(Ljava/lang/String;[BII)Ljava/lang/Class; name or signature does not match> (0x00000000eab07cc0) thrown at [/HUDSON/workspace/8-2-build-linux-amd64/jdk8u91/6644/hotspot/src/shar
Event: 0,164 Thread 0x00007fb20400a000 Exception <a 'java/lang/NoSuchMethodError': Method sun.misc.Unsafe.prefetchRead(Ljava/lang/Object;J)V name or signature does not match> (0x00000000eab07fa8) thrown at [/HUDSON/workspace/8-2-build-linux-amd64/jdk8u91/6644/hotspot/src/share/vm/prims/jni.cpp
Event: 3,962 Thread 0x00007fb20400a000 Exception <a 'java/lang/ArrayIndexOutOfBoundsException': 18> (0x00000000edea92a8) thrown at [/HUDSON/workspace/8-2-build-linux-amd64/jdk8u91/6644/hotspot/src/share/vm/interpreter/interpreterRuntime.cpp, line 366]
Event: 3,962 Thread 0x00007fb20400a000 Exception <a 'java/lang/ArrayIndexOutOfBoundsException': 145> (0x00000000edeaae28) thrown at [/HUDSON/workspace/8-2-build-linux-amd64/jdk8u91/6644/hotspot/src/share/vm/interpreter/interpreterRuntime.cpp, line 366]
Event: 3,963 Thread 0x00007fb20400a000 Exception <a 'java/lang/ArrayIndexOutOfBoundsException': 40> (0x00000000edeac110) thrown at [/HUDSON/workspace/8-2-build-linux-amd64/jdk8u91/6644/hotspot/src/share/vm/interpreter/interpreterRuntime.cpp, line 366]
Event: 4,757 Thread 0x00007fb204145800 Implicit null exception at 0x00007fb1f5463e59 to 0x00007fb1f546666d

Events (10 events):
Event: 6,753 loading class com/android/dx/cf/attrib/AttAnnotationDefault
Event: 6,753 loading class com/android/dx/cf/attrib/AttAnnotationDefault done
Event: 6,827 Thread 0x00007fb204147000 DEOPT PACKING pc=0x00007fb1f54b72c1 sp=0x00007fb1d4bb5ea0
Event: 6,827 Thread 0x00007fb204147000 DEOPT UNPACKING pc=0x00007fb1f5047633 sp=0x00007fb1d4bb5c80 mode 0
Event: 6,852 Thread 0x00007fb204145800 Uncommon trap: trap_request=0xffffff65 fr.pc=0x00007fb1f55c697c
Event: 6,852 Thread 0x00007fb204145800 DEOPT PACKING pc=0x00007fb1f55c697c sp=0x00007fb1d4cb6a80
Event: 6,852 Thread 0x00007fb204145800 DEOPT UNPACKING pc=0x00007fb1f5005229 sp=0x00007fb1d4cb6830 mode 2
Event: 6,927 Thread 0x00007fb20400a000 DEOPT PACKING pc=0x00007fb1f53b56ac sp=0x00007fb20d4bb7d0
Event: 6,927 Thread 0x00007fb20400a000 DEOPT UNPACKING pc=0x00007fb1f5047633 sp=0x00007fb20d4bb4d0 mode 0
Event: 6,950 Executing VM operation: ParallelGCFailedAllocation


Dynamic libraries:
00400000-00401000 r-xp 00000000 08:01 9839507                            /usr/lib/jvm/java-8-oracle/bin/java
00600000-00601000 rw-p 00000000 08:01 9839507                            /usr/lib/jvm/java-8-oracle/bin/java
02534000-02555000 rw-p 00000000 00:00 0                                  [heap]
c0000000-c5300000 rw-p 00000000 00:00 0 
c5300000-eab00000 ---p 00000000 00:00 0 
eab00000-f3100000 rw-p 00000000 00:00 0 
fd700000-100000000 ---p 00000000 00:00 0 
100000000-1000c0000 rw-p 00000000 00:00 0 
1000c0000-140000000 ---p 00000000 00:00 0 
7fb194000000-7fb194026000 rw-p 00000000 00:00 0 
7fb194026000-7fb198000000 ---p 00000000 00:00 0 
7fb198000000-7fb198022000 rw-p 00000000 00:00 0 
7fb198022000-7fb19c000000 ---p 00000000 00:00 0 
7fb19c000000-7fb19c021000 rw-p 00000000 00:00 0 
7fb19c021000-7fb1a0000000 ---p 00000000 00:00 0 
7fb1a0000000-7fb1a0021000 rw-p 00000000 00:00 0 
7fb1a0021000-7fb1a4000000 ---p 00000000 00:00 0 
7fb1a4000000-7fb1a4021000 rw-p 00000000 00:00 0 
7fb1a4021000-7fb1a8000000 ---p 00000000 00:00 0 
7fb1a8000000-7fb1a8032000 rw-p 00000000 00:00 0 
7fb1a8032000-7fb1ac000000 ---p 00000000 00:00 0 
7fb1ac000000-7fb1ac8c4000 rw-p 00000000 00:00 0 
7fb1ac8c4000-7fb1b0000000 ---p 00000000 00:00 0 
7fb1b0000000-7fb1b0021000 rw-p 00000000 00:00 0 
7fb1b0021000-7fb1b4000000 ---p 00000000 00:00 0 
7fb1b4000000-7fb1b48e6000 rw-p 00000000 00:00 0 
7fb1b48e6000-7fb1b8000000 ---p 00000000 00:00 0 
7fb1b8000000-7fb1b8a6b000 rw-p 00000000 00:00 0 
7fb1b8a6b000-7fb1bc000000 ---p 00000000 00:00 0 
7fb1bc000000-7fb1bc021000 rw-p 00000000 00:00 0 
7fb1bc021000-7fb1c0000000 ---p 00000000 00:00 0 
7fb1c0000000-7fb1c09d6000 rw-p 00000000 00:00 0 
7fb1c09d6000-7fb1c4000000 ---p 00000000 00:00 0 
7fb1c4000000-7fb1c4021000 rw-p 00000000 00:00 0 
7fb1c4021000-7fb1c8000000 ---p 00000000 00:00 0 
7fb1c8000000-7fb1c8021000 rw-p 00000000 00:00 0 
7fb1c8021000-7fb1cc000000 ---p 00000000 00:00 0 
7fb1cc000000-7fb1cc28f000 rw-p 00000000 00:00 0 
7fb1cc28f000-7fb1d0000000 ---p 00000000 00:00 0 
7fb1d0000000-7fb1d0021000 rw-p 00000000 00:00 0 
7fb1d0021000-7fb1d4000000 ---p 00000000 00:00 0 
7fb1d49b6000-7fb1d49b9000 ---p 00000000 00:00 0 
7fb1d49b9000-7fb1d4ab7000 rw-p 00000000 00:00 0 
7fb1d4ab7000-7fb1d4aba000 ---p 00000000 00:00 0 
7fb1d4aba000-7fb1d4bb8000 rw-p 00000000 00:00 0 
7fb1d4bb8000-7fb1d4bbb000 ---p 00000000 00:00 0 
7fb1d4bbb000-7fb1d4cb9000 rw-p 00000000 00:00 0 
7fb1d4cb9000-7fb1d4cbc000 ---p 00000000 00:00 0 
7fb1d4cbc000-7fb1d4dba000 rw-p 00000000 00:00 0 
7fb1d4dba000-7fb1d4dbd000 ---p 00000000 00:00 0 
7fb1d4dbd000-7fb1d4ebb000 rw-p 00000000 00:00 0 
7fb1d4ebb000-7fb1d4ebc000 ---p 00000000 00:00 0 
7fb1d4ebc000-7fb1d4fbc000 rw-p 00000000 00:00 0 
7fb1d4fbc000-7fb1d4fbf000 ---p 00000000 00:00 0 
7fb1d4fbf000-7fb1d50bd000 rw-p 00000000 00:00 0 
7fb1d50bd000-7fb1d50c0000 ---p 00000000 00:00 0 
7fb1d50c0000-7fb1d51be000 rw-p 00000000 00:00 0 
7fb1d51be000-7fb1d51c1000 ---p 00000000 00:00 0 
7fb1d51c1000-7fb1d52bf000 rw-p 00000000 00:00 0 
7fb1d52bf000-7fb1d52c2000 ---p 00000000 00:00 0 
7fb1d52c2000-7fb1d53c0000 rw-p 00000000 00:00 0 
7fb1d53c0000-7fb1d53c3000 ---p 00000000 00:00 0 
7fb1d53c3000-7fb1d54c1000 rw-p 00000000 00:00 0 
7fb1d54c1000-7fb1d54c4000 ---p 00000000 00:00 0 
7fb1d54c4000-7fb1d55c2000 rw-p 00000000 00:00 0 
7fb1d55c2000-7fb1d59fa000 r--p 00000000 08:01 9700768                    /usr/lib/locale/locale-archive
7fb1d59fa000-7fb1d59fd000 ---p 00000000 00:00 0 
7fb1d59fd000-7fb1d5afb000 rw-p 00000000 00:00 0 
7fb1d5afb000-7fb1d5afe000 ---p 00000000 00:00 0 
7fb1d5afe000-7fb1d5bfc000 rw-p 00000000 00:00 0 
7fb1d5bfc000-7fb1d5bfd000 ---p 00000000 00:00 0 
7fb1d5bfd000-7fb1d8000000 rw-p 00000000 00:00 0 
7fb1d8000000-7fb1d8021000 rw-p 00000000 00:00 0 
7fb1d8021000-7fb1dc000000 ---p 00000000 00:00 0 
7fb1dc000000-7fb1dc021000 rw-p 00000000 00:00 0 
7fb1dc021000-7fb1e0000000 ---p 00000000 00:00 0 
7fb1e0000000-7fb1e0021000 rw-p 00000000 00:00 0 
7fb1e0021000-7fb1e4000000 ---p 00000000 00:00 0 
7fb1e4000000-7fb1e4021000 rw-p 00000000 00:00 0 
7fb1e4021000-7fb1e8000000 ---p 00000000 00:00 0 
7fb1e8000000-7fb1e8021000 rw-p 00000000 00:00 0 
7fb1e8021000-7fb1ec000000 ---p 00000000 00:00 0 
7fb1ec000000-7fb1ec021000 rw-p 00000000 00:00 0 
7fb1ec021000-7fb1f0000000 ---p 00000000 00:00 0 
7fb1f0000000-7fb1f0021000 rw-p 00000000 00:00 0 
7fb1f0021000-7fb1f4000000 ---p 00000000 00:00 0 
7fb1f4039000-7fb1f4056000 r--p 00000000 08:01 11012338                   /usr/share/locale-langpack/tr/LC_MESSAGES/libc.mo
7fb1f4056000-7fb1f406d000 r--s 000f9000 08:01 159521                     /home/oguz/.gradle/caches/modules-2/files-2.1/org.springframework/spring-core/4.3.0.RELEASE/1a0c76ffd8d8345064669f6cf255ab46a9881c77/spring-core-4.3.0.RELEASE.jar
7fb1f406d000-7fb1f5000000 rw-p 00000000 00:00 0 
7fb1f5000000-7fb1f5680000 rwxp 00000000 00:00 0 
7fb1f5680000-7fb204000000 ---p 00000000 00:00 0 
7fb204000000-7fb20439a000 rw-p 00000000 00:00 0 
7fb20439a000-7fb208000000 ---p 00000000 00:00 0 
7fb208001000-7fb208008000 r--s 00000000 08:01 10092992                   /usr/lib/x86_64-linux-gnu/gconv/gconv-modules.cache
7fb208008000-7fb208017000 r--s 000df000 08:01 5246091                    /home/oguz/Android/Sdk/build-tools/23.0.3/lib/dx.jar
7fb208017000-7fb2089c5000 rw-p 00000000 00:00 0 
7fb2089c5000-7fb208b9e000 r--s 03d1f000 08:01 9967487                    /usr/lib/jvm/java-8-oracle/jre/lib/rt.jar
7fb208b9e000-7fb209294000 rw-p 00000000 00:00 0 
7fb209294000-7fb209414000 ---p 00000000 00:00 0 
7fb209414000-7fb209614000 rw-p 00000000 00:00 0 
7fb209614000-7fb209615000 ---p 00000000 00:00 0 
7fb209615000-7fb209715000 rw-p 00000000 00:00 0 
7fb209715000-7fb209716000 ---p 00000000 00:00 0 
7fb209716000-7fb209816000 rw-p 00000000 00:00 0 
7fb209816000-7fb209817000 ---p 00000000 00:00 0 
7fb209817000-7fb209917000 rw-p 00000000 00:00 0 
7fb209917000-7fb209918000 ---p 00000000 00:00 0 
7fb209918000-7fb209a18000 rw-p 00000000 00:00 0 
7fb209a18000-7fb209a19000 ---p 00000000 00:00 0 
7fb209a19000-7fb209b19000 rw-p 00000000 00:00 0 
7fb209b19000-7fb209b1a000 ---p 00000000 00:00 0 
7fb209b1a000-7fb209c1a000 rw-p 00000000 00:00 0 
7fb209c1a000-7fb209c1b000 ---p 00000000 00:00 0 
7fb209c1b000-7fb209d1b000 rw-p 00000000 00:00 0 
7fb209d1b000-7fb209d1c000 ---p 00000000 00:00 0 
7fb209d1c000-7fb209e46000 rw-p 00000000 00:00 0 
7fb209e46000-7fb209f72000 ---p 00000000 00:00 0 
7fb209f72000-7fb209f9c000 rw-p 00000000 00:00 0 
7fb209f9c000-7fb20a0c7000 ---p 00000000 00:00 0 
7fb20a0c7000-7fb20a10b000 rw-p 00000000 00:00 0 
7fb20a10b000-7fb20a172000 ---p 00000000 00:00 0 
7fb20a172000-7fb20a18d000 rw-p 00000000 00:00 0 
7fb20a18d000-7fb20a533000 ---p 00000000 00:00 0 
7fb20a533000-7fb20a54d000 r-xp 00000000 08:01 10092954                   /usr/lib/jvm/java-8-oracle/jre/lib/amd64/libzip.so
7fb20a54d000-7fb20a74d000 ---p 0001a000 08:01 10092954                   /usr/lib/jvm/java-8-oracle/jre/lib/amd64/libzip.so
7fb20a74d000-7fb20a74e000 rw-p 0001a000 08:01 10092954                   /usr/lib/jvm/java-8-oracle/jre/lib/amd64/libzip.so
7fb20a74e000-7fb20a759000 r-xp 00000000 08:01 7603299                    /lib/x86_64-linux-gnu/libnss_files-2.23.so
7fb20a759000-7fb20a958000 ---p 0000b000 08:01 7603299                    /lib/x86_64-linux-gnu/libnss_files-2.23.so
7fb20a958000-7fb20a959000 r--p 0000a000 08:01 7603299                    /lib/x86_64-linux-gnu/libnss_files-2.23.so
7fb20a959000-7fb20a95a000 rw-p 0000b000 08:01 7603299                    /lib/x86_64-linux-gnu/libnss_files-2.23.so
7fb20a95a000-7fb20a960000 rw-p 00000000 00:00 0 
7fb20a960000-7fb20a96b000 r-xp 00000000 08:01 7603296                    /lib/x86_64-linux-gnu/libnss_nis-2.23.so
7fb20a96b000-7fb20ab6a000 ---p 0000b000 08:01 7603296                    /lib/x86_64-linux-gnu/libnss_nis-2.23.so
7fb20ab6a000-7fb20ab6b000 r--p 0000a000 08:01 7603296                    /lib/x86_64-linux-gnu/libnss_nis-2.23.so
7fb20ab6b000-7fb20ab6c000 rw-p 0000b000 08:01 7603296                    /lib/x86_64-linux-gnu/libnss_nis-2.23.so
7fb20ab6c000-7fb20ab82000 r-xp 00000000 08:01 7603294                    /lib/x86_64-linux-gnu/libnsl-2.23.so
7fb20ab82000-7fb20ad82000 ---p 00016000 08:01 7603294                    /lib/x86_64-linux-gnu/libnsl-2.23.so
7fb20ad82000-7fb20ad83000 r--p 00016000 08:01 7603294                    /lib/x86_64-linux-gnu/libnsl-2.23.so
7fb20ad83000-7fb20ad84000 rw-p 00017000 08:01 7603294                    /lib/x86_64-linux-gnu/libnsl-2.23.so
7fb20ad84000-7fb20ad86000 rw-p 00000000 00:00 0 
7fb20ad86000-7fb20ad8e000 r-xp 00000000 08:01 7603292                    /lib/x86_64-linux-gnu/libnss_compat-2.23.so
7fb20ad8e000-7fb20af8d000 ---p 00008000 08:01 7603292                    /lib/x86_64-linux-gnu/libnss_compat-2.23.so
7fb20af8d000-7fb20af8e000 r--p 00007000 08:01 7603292                    /lib/x86_64-linux-gnu/libnss_compat-2.23.so
7fb20af8e000-7fb20af8f000 rw-p 00008000 08:01 7603292                    /lib/x86_64-linux-gnu/libnss_compat-2.23.so
7fb20af8f000-7fb20afb9000 r-xp 00000000 08:01 10092949                   /usr/lib/jvm/java-8-oracle/jre/lib/amd64/libjava.so
7fb20afb9000-7fb20b1b9000 ---p 0002a000 08:01 10092949                   /usr/lib/jvm/java-8-oracle/jre/lib/amd64/libjava.so
7fb20b1b9000-7fb20b1bb000 rw-p 0002a000 08:01 10092949                   /usr/lib/jvm/java-8-oracle/jre/lib/amd64/libjava.so
7fb20b1bb000-7fb20b1c8000 r-xp 00000000 08:01 10092953                   /usr/lib/jvm/java-8-oracle/jre/lib/amd64/libverify.so
7fb20b1c8000-7fb20b3c8000 ---p 0000d000 08:01 10092953                   /usr/lib/jvm/java-8-oracle/jre/lib/amd64/libverify.so
7fb20b3c8000-7fb20b3ca000 rw-p 0000d000 08:01 10092953                   /usr/lib/jvm/java-8-oracle/jre/lib/amd64/libverify.so
7fb20b3ca000-7fb20b3d1000 r-xp 00000000 08:01 7603308                    /lib/x86_64-linux-gnu/librt-2.23.so
7fb20b3d1000-7fb20b5d0000 ---p 00007000 08:01 7603308                    /lib/x86_64-linux-gnu/librt-2.23.so
7fb20b5d0000-7fb20b5d1000 r--p 00006000 08:01 7603308                    /lib/x86_64-linux-gnu/librt-2.23.so
7fb20b5d1000-7fb20b5d2000 rw-p 00007000 08:01 7603308                    /lib/x86_64-linux-gnu/librt-2.23.so
7fb20b5d2000-7fb20b6da000 r-xp 00000000 08:01 7603305                    /lib/x86_64-linux-gnu/libm-2.23.so
7fb20b6da000-7fb20b8d9000 ---p 00108000 08:01 7603305                    /lib/x86_64-linux-gnu/libm-2.23.so
7fb20b8d9000-7fb20b8da000 r--p 00107000 08:01 7603305                    /lib/x86_64-linux-gnu/libm-2.23.so
7fb20b8da000-7fb20b8db000 rw-p 00108000 08:01 7603305                    /lib/x86_64-linux-gnu/libm-2.23.so
7fb20b8db000-7fb20c59b000 r-xp 00000000 08:01 10092932                   /usr/lib/jvm/java-8-oracle/jre/lib/amd64/server/libjvm.so
7fb20c59b000-7fb20c79b000 ---p 00cc0000 08:01 10092932                   /usr/lib/jvm/java-8-oracle/jre/lib/amd64/server/libjvm.so
7fb20c79b000-7fb20c873000 rw-p 00cc0000 08:01 10092932                   /usr/lib/jvm/java-8-oracle/jre/lib/amd64/server/libjvm.so
7fb20c873000-7fb20c8be000 rw-p 00000000 00:00 0 
7fb20c8be000-7fb20ca7e000 r-xp 00000000 08:01 7603313                    /lib/x86_64-linux-gnu/libc-2.23.so
7fb20ca7e000-7fb20cc7e000 ---p 001c0000 08:01 7603313                    /lib/x86_64-linux-gnu/libc-2.23.so
7fb20cc7e000-7fb20cc82000 r--p 001c0000 08:01 7603313                    /lib/x86_64-linux-gnu/libc-2.23.so
7fb20cc82000-7fb20cc84000 rw-p 001c4000 08:01 7603313                    /lib/x86_64-linux-gnu/libc-2.23.so
7fb20cc84000-7fb20cc88000 rw-p 00000000 00:00 0 
7fb20cc88000-7fb20cc8b000 r-xp 00000000 08:01 7603314                    /lib/x86_64-linux-gnu/libdl-2.23.so
7fb20cc8b000-7fb20ce8a000 ---p 00003000 08:01 7603314                    /lib/x86_64-linux-gnu/libdl-2.23.so
7fb20ce8a000-7fb20ce8b000 r--p 00002000 08:01 7603314                    /lib/x86_64-linux-gnu/libdl-2.23.so
7fb20ce8b000-7fb20ce8c000 rw-p 00003000 08:01 7603314                    /lib/x86_64-linux-gnu/libdl-2.23.so
7fb20ce8c000-7fb20cea1000 r-xp 00000000 08:01 9840182                    /usr/lib/jvm/java-8-oracle/lib/amd64/jli/libjli.so
7fb20cea1000-7fb20d0a1000 ---p 00015000 08:01 9840182                    /usr/lib/jvm/java-8-oracle/lib/amd64/jli/libjli.so
7fb20d0a1000-7fb20d0a2000 rw-p 00015000 08:01 9840182                    /usr/lib/jvm/java-8-oracle/lib/amd64/jli/libjli.so
7fb20d0a2000-7fb20d0ba000 r-xp 00000000 08:01 7603312                    /lib/x86_64-linux-gnu/libpthread-2.23.so
7fb20d0ba000-7fb20d2b9000 ---p 00018000 08:01 7603312                    /lib/x86_64-linux-gnu/libpthread-2.23.so
7fb20d2b9000-7fb20d2ba000 r--p 00017000 08:01 7603312                    /lib/x86_64-linux-gnu/libpthread-2.23.so
7fb20d2ba000-7fb20d2bb000 rw-p 00018000 08:01 7603312                    /lib/x86_64-linux-gnu/libpthread-2.23.so
7fb20d2bb000-7fb20d2bf000 rw-p 00000000 00:00 0 
7fb20d2bf000-7fb20d2e5000 r-xp 00000000 08:01 7603309                    /lib/x86_64-linux-gnu/ld-2.23.so
7fb20d2eb000-7fb20d3bd000 rw-p 00000000 00:00 0 
7fb20d3bd000-7fb20d3c0000 ---p 00000000 00:00 0 
7fb20d3c0000-7fb20d4c2000 rw-p 00000000 00:00 0 
7fb20d4c4000-7fb20d4d8000 rw-p 00000000 00:00 0 
7fb20d4d8000-7fb20d4e0000 rw-s 00000000 08:01 133479                     /tmp/hsperfdata_oguz/2953
7fb20d4e0000-7fb20d4e1000 rw-p 00000000 00:00 0 
7fb20d4e1000-7fb20d4e2000 ---p 00000000 00:00 0 
7fb20d4e2000-7fb20d4e4000 rw-p 00000000 00:00 0 
7fb20d4e4000-7fb20d4e5000 r--p 00025000 08:01 7603309                    /lib/x86_64-linux-gnu/ld-2.23.so
7fb20d4e5000-7fb20d4e6000 rw-p 00026000 08:01 7603309                    /lib/x86_64-linux-gnu/ld-2.23.so
7fb20d4e6000-7fb20d4e7000 rw-p 00000000 00:00 0 
7ffdcc37e000-7ffdcc39f000 rw-p 00000000 00:00 0                          [stack]
7ffdcc3bd000-7ffdcc3bf000 r--p 00000000 00:00 0                          [vvar]
7ffdcc3bf000-7ffdcc3c1000 r-xp 00000000 00:00 0                          [vdso]
ffffffffff600000-ffffffffff601000 r-xp 00000000 00:00 0                  [vsyscall]

VM Arguments:
jvm_args: -Djava.awt.headless=true -Xmx1024M -Dfile.encoding=UTF-8 -Duser.country=TR -Duser.language=tr -Duser.variant 
java_command: com.android.dx.command.Main --dex --force-jumbo --num-threads=4 --multi-dex --output /home/oguz/AndroidStudioProjects/FomApplication/app/build/intermediates/transforms/dex/debug/folders/1000/10/spring-core-4.3.0.RELEASE_29cff42aca5619fe6e60244a94fb3a78174337b2 /home/oguz/.gradle/caches/modules-2/files-2.1/org.springframework/spring-core/4.3.0.RELEASE/1a0c76ffd8d8345064669f6cf255ab46a9881c77/spring-core-4.3.0.RELEASE.jar
java_class_path (initial): /home/oguz/Android/Sdk/build-tools/23.0.3/lib/dx.jar
Launcher Type: SUN_STANDARD

Environment Variables:
PATH=/usr/local/sbin:/usr/local/bin:/usr/sbin:/usr/bin:/sbin:/bin:/usr/games:/usr/local/games:/snap/bin
LD_LIBRARY_PATH=/home/oguz/Masaüstü/Derleyiciler/android-studio/bin:
SHELL=/bin/bash
DISPLAY=:0

Signal Handlers:
SIGSEGV: [libjvm.so+0xabca10], sa_mask[0]=11111111011111111101111111111110, sa_flags=SA_RESTART|SA_SIGINFO
SIGBUS: [libjvm.so+0xabca10], sa_mask[0]=11111111011111111101111111111110, sa_flags=SA_RESTART|SA_SIGINFO
SIGFPE: [libjvm.so+0x919a20], sa_mask[0]=11111111011111111101111111111110, sa_flags=SA_RESTART|SA_SIGINFO
SIGPIPE: [libjvm.so+0x919a20], sa_mask[0]=11111111011111111101111111111110, sa_flags=SA_RESTART|SA_SIGINFO
SIGXFSZ: [libjvm.so+0x919a20], sa_mask[0]=11111111011111111101111111111110, sa_flags=SA_RESTART|SA_SIGINFO
SIGILL: [libjvm.so+0x919a20], sa_mask[0]=11111111011111111101111111111110, sa_flags=SA_RESTART|SA_SIGINFO
SIGUSR1: SIG_DFL, sa_mask[0]=00000000000000000000000000000000, sa_flags=none
SIGUSR2: [libjvm.so+0x91b050], sa_mask[0]=00100000000000000000000000000000, sa_flags=SA_RESTART|SA_SIGINFO
SIGHUP: [libjvm.so+0x91c450], sa_mask[0]=11111111011111111101111111111110, sa_flags=SA_RESTART|SA_SIGINFO
SIGINT: [libjvm.so+0x91c450], sa_mask[0]=11111111011111111101111111111110, sa_flags=SA_RESTART|SA_SIGINFO
SIGTERM: [libjvm.so+0x91c450], sa_mask[0]=11111111011111111101111111111110, sa_flags=SA_RESTART|SA_SIGINFO
SIGQUIT: [libjvm.so+0x91c450], sa_mask[0]=11111111011111111101111111111110, sa_flags=SA_RESTART|SA_SIGINFO


---------------  S Y S T E M  ---------------

OS:DISTRIB_ID=Ubuntu
DISTRIB_RELEASE=16.04
DISTRIB_CODENAME=xenial
DISTRIB_DESCRIPTION="Ubuntu Xenial Xerus (development branch)"

uname:Linux 4.4.0-22-generic #39-Ubuntu SMP Thu May 5 16:53:32 UTC 2016 x86_64
libc:glibc 2.23 NPTL 2.23 
rlimit: STACK 8192k, CORE 0k, NPROC 31498, NOFILE 65536, AS infinity
load average:11,04 2,90 1,38

/proc/meminfo:
MemTotal:        8101800 kB
MemFree:           51420 kB
MemAvailable:      81420 kB
Buffers:             440 kB
Cached:           449220 kB
SwapCached:            0 kB
Active:          7404588 kB
Inactive:         403404 kB
Active(anon):    7397232 kB
Inactive(anon):   397168 kB
Active(file):       7356 kB
Inactive(file):     6236 kB
Unevictable:          72 kB
Mlocked:              72 kB
SwapTotal:             0 kB
SwapFree:              0 kB
Dirty:               168 kB
Writeback:             0 kB
AnonPages:       7359788 kB
Mapped:           161416 kB
Shmem:            434912 kB
Slab:             105740 kB
SReclaimable:      51452 kB
SUnreclaim:        54288 kB
KernelStack:       18944 kB
PageTables:        58788 kB
NFS_Unstable:          0 kB
Bounce:                0 kB
WritebackTmp:          0 kB
CommitLimit:     4050900 kB
Committed_AS:   13593640 kB
VmallocTotal:   34359738367 kB
VmallocUsed:           0 kB
VmallocChunk:          0 kB
HardwareCorrupted:     0 kB
AnonHugePages:   4055040 kB
CmaTotal:              0 kB
CmaFree:               0 kB
HugePages_Total:       0
HugePages_Free:        0
HugePages_Rsvd:        0
HugePages_Surp:        0
Hugepagesize:       2048 kB
DirectMap4k:      185088 kB
DirectMap2M:     8130560 kB
DirectMap1G:     1048576 kB


CPU:total 8 (4 cores per cpu, 2 threads per core) family 6 model 60 stepping 3, cmov, cx8, fxsr, mmx, sse, sse2, sse3, ssse3, sse4.1, sse4.2, popcnt, avx, avx2, aes, clmul, erms, lzcnt, ht, tsc, tscinvbit, bmi1, bmi2

/proc/cpuinfo:
processor	: 0
vendor_id	: GenuineIntel
cpu family	: 6
model		: 60
model name	: Intel(R) Core(TM) i7-4700MQ CPU @ 2.40GHz
stepping	: 3
microcode	: 0x16
cpu MHz		: 2699.906
cache size	: 6144 KB
physical id	: 0
siblings	: 8
core id		: 0
cpu cores	: 4
apicid		: 0
initial apicid	: 0
fpu		: yes
fpu_exception	: yes
cpuid level	: 13
wp		: yes
flags		: fpu vme de pse tsc msr pae mce cx8 apic sep mtrr pge mca cmov pat pse36 clflush dts acpi mmx fxsr sse sse2 ss ht tm pbe syscall nx pdpe1gb rdtscp lm constant_tsc arch_perfmon pebs bts rep_good nopl xtopology nonstop_tsc aperfmperf eagerfpu pni pclmulqdq dtes64 monitor ds_cpl vmx est tm2 ssse3 sdbg fma cx16 xtpr pdcm pcid sse4_1 sse4_2 movbe popcnt tsc_deadline_timer aes xsave avx f16c rdrand lahf_lm abm epb tpr_shadow vnmi flexpriority ept vpid fsgsbase tsc_adjust bmi1 avx2 smep bmi2 erms invpcid xsaveopt dtherm ida arat pln pts
bugs		:
bogomips	: 4788.76
clflush size	: 64
cache_alignment	: 64
address sizes	: 39 bits physical, 48 bits virtual
power management:

processor	: 1
vendor_id	: GenuineIntel
cpu family	: 6
model		: 60
model name	: Intel(R) Core(TM) i7-4700MQ CPU @ 2.40GHz
stepping	: 3
microcode	: 0x16
cpu MHz		: 2700.000
cache size	: 6144 KB
physical id	: 0
siblings	: 8
core id		: 0
cpu cores	: 4
apicid		: 1
initial apicid	: 1
fpu		: yes
fpu_exception	: yes
cpuid level	: 13
wp		: yes
flags		: fpu vme de pse tsc msr pae mce cx8 apic sep mtrr pge mca cmov pat pse36 clflush dts acpi mmx fxsr sse sse2 ss ht tm pbe syscall nx pdpe1gb rdtscp lm constant_tsc arch_perfmon pebs bts rep_good nopl xtopology nonstop_tsc aperfmperf eagerfpu pni pclmulqdq dtes64 monitor ds_cpl vmx est tm2 ssse3 sdbg fma cx16 xtpr pdcm pcid sse4_1 sse4_2 movbe popcnt tsc_deadline_timer aes xsave avx f16c rdrand lahf_lm abm epb tpr_shadow vnmi flexpriority ept vpid fsgsbase tsc_adjust bmi1 avx2 smep bmi2 erms invpcid xsaveopt dtherm ida arat pln pts
bugs		:
bogomips	: 4788.76
clflush size	: 64
cache_alignment	: 64
address sizes	: 39 bits physical, 48 bits virtual
power management:

processor	: 2
vendor_id	: GenuineIntel
cpu family	: 6
model		: 60
model name	: Intel(R) Core(TM) i7-4700MQ CPU @ 2.40GHz
stepping	: 3
microcode	: 0x16
cpu MHz		: 2700.000
cache size	: 6144 KB
physical id	: 0
siblings	: 8
core id		: 1
cpu cores	: 4
apicid		: 2
initial apicid	: 2
fpu		: yes
fpu_exception	: yes
cpuid level	: 13
wp		: yes
flags		: fpu vme de pse tsc msr pae mce cx8 apic sep mtrr pge mca cmov pat pse36 clflush dts acpi mmx fxsr sse sse2 ss ht tm pbe syscall nx pdpe1gb rdtscp lm constant_tsc arch_perfmon pebs bts rep_good nopl xtopology nonstop_tsc aperfmperf eagerfpu pni pclmulqdq dtes64 monitor ds_cpl vmx est tm2 ssse3 sdbg fma cx16 xtpr pdcm pcid sse4_1 sse4_2 movbe popcnt tsc_deadline_timer aes xsave avx f16c rdrand lahf_lm abm epb tpr_shadow vnmi flexpriority ept vpid fsgsbase tsc_adjust bmi1 avx2 smep bmi2 erms invpcid xsaveopt dtherm ida arat pln pts
bugs		:
bogomips	: 4788.76
clflush size	: 64
cache_alignment	: 64
address sizes	: 39 bits physical, 48 bits virtual
power management:

processor	: 3
vendor_id	: GenuineIntel
cpu family	: 6
model		: 60
model name	: Intel(R) Core(TM) i7-4700MQ CPU @ 2.40GHz
stepping	: 3
microcode	: 0x16
cpu MHz		: 2700.000
cache size	: 6144 KB
physical id	: 0
siblings	: 8
core id		: 1
cpu cores	: 4
apicid		: 3
initial apicid	: 3
fpu		: yes
fpu_exception	: yes
cpuid level	: 13
wp		: yes
flags		: fpu vme de pse tsc msr pae mce cx8 apic sep mtrr pge mca cmov pat pse36 clflush dts acpi mmx fxsr sse sse2 ss ht tm pbe syscall nx pdpe1gb rdtscp lm constant_tsc arch_perfmon pebs bts rep_good nopl xtopology nonstop_tsc aperfmperf eagerfpu pni pclmulqdq dtes64 monitor ds_cpl vmx est tm2 ssse3 sdbg fma cx16 xtpr pdcm pcid sse4_1 sse4_2 movbe popcnt tsc_deadline_timer aes xsave avx f16c rdrand lahf_lm abm epb tpr_shadow vnmi flexpriority ept vpid fsgsbase tsc_adjust bmi1 avx2 smep bmi2 erms invpcid xsaveopt dtherm ida arat pln pts
bugs		:
bogomips	: 4788.76
clflush size	: 64
cache_alignment	: 64
address sizes	: 39 bits physical, 48 bits virtual
power management:

processor	: 4
vendor_id	: GenuineIntel
cpu family	: 6
model		: 60
model name	: Intel(R) Core(TM) i7-4700MQ CPU @ 2.40GHz
stepping	: 3
microcode	: 0x16
cpu MHz		: 2699.906
cache size	: 6144 KB
physical id	: 0
siblings	: 8
core id		: 2
cpu cores	: 4
apicid		: 4
initial apicid	: 4
fpu		: yes
fpu_exception	: yes
cpuid level	: 13
wp		: yes
flags		: fpu vme de pse tsc msr pae mce cx8 apic sep mtrr pge mca cmov pat pse36 clflush dts acpi mmx fxsr sse sse2 ss ht tm pbe syscall nx pdpe1gb rdtscp lm constant_tsc arch_perfmon pebs bts rep_good nopl xtopology nonstop_tsc aperfmperf eagerfpu pni pclmulqdq dtes64 monitor ds_cpl vmx est tm2 ssse3 sdbg fma cx16 xtpr pdcm pcid sse4_1 sse4_2 movbe popcnt tsc_deadline_timer aes xsave avx f16c rdrand lahf_lm abm epb tpr_shadow vnmi flexpriority ept vpid fsgsbase tsc_adjust bmi1 avx2 smep bmi2 erms invpcid xsaveopt dtherm ida arat pln pts
bugs		:
bogomips	: 4788.76
clflush size	: 64
cache_alignment	: 64
address sizes	: 39 bits physical, 48 bits virtual
power management:

processor	: 5
vendor_id	: GenuineIntel
cpu family	: 6
model		: 60
model name	: Intel(R) Core(TM) i7-4700MQ CPU @ 2.40GHz
stepping	: 3
microcode	: 0x16
cpu MHz		: 2700.000
cache size	: 6144 KB
physical id	: 0
siblings	: 8
core id		: 2
cpu cores	: 4
apicid		: 5
initial apicid	: 5
fpu		: yes
fpu_exception	: yes
cpuid level	: 13
wp		: yes
flags		: fpu vme de pse tsc msr pae mce cx8 apic sep mtrr pge mca cmov pat pse36 clflush dts acpi mmx fxsr sse sse2 ss ht tm pbe syscall nx pdpe1gb rdtscp lm constant_tsc arch_perfmon pebs bts rep_good nopl xtopology nonstop_tsc aperfmperf eagerfpu pni pclmulqdq dtes64 monitor ds_cpl vmx est tm2 ssse3 sdbg fma cx16 xtpr pdcm pcid sse4_1 sse4_2 movbe popcnt tsc_deadline_timer aes xsave avx f16c rdrand lahf_lm abm epb tpr_shadow vnmi flexpriority ept vpid fsgsbase tsc_adjust bmi1 avx2 smep bmi2 erms invpcid xsaveopt dtherm ida arat pln pts
bugs		:
bogomips	: 4788.76
clflush size	: 64
cache_alignment	: 64
address sizes	: 39 bits physical, 48 bits virtual
power management:

processor	: 6
vendor_id	: GenuineIntel
cpu family	: 6
model		: 60
model name	: Intel(R) Core(TM) i7-4700MQ CPU @ 2.40GHz
stepping	: 3
microcode	: 0x16
cpu MHz		: 2699.906
cache size	: 6144 KB
physical id	: 0
siblings	: 8
core id		: 3
cpu cores	: 4
apicid		: 6
initial apicid	: 6
fpu		: yes
fpu_exception	: yes
cpuid level	: 13
wp		: yes
flags		: fpu vme de pse tsc msr pae mce cx8 apic sep mtrr pge mca cmov pat pse36 clflush dts acpi mmx fxsr sse sse2 ss ht tm pbe syscall nx pdpe1gb rdtscp lm constant_tsc arch_perfmon pebs bts rep_good nopl xtopology nonstop_tsc aperfmperf eagerfpu pni pclmulqdq dtes64 monitor ds_cpl vmx est tm2 ssse3 sdbg fma cx16 xtpr pdcm pcid sse4_1 sse4_2 movbe popcnt tsc_deadline_timer aes xsave avx f16c rdrand lahf_lm abm epb tpr_shadow vnmi flexpriority ept vpid fsgsbase tsc_adjust bmi1 avx2 smep bmi2 erms invpcid xsaveopt dtherm ida arat pln pts
bugs		:
bogomips	: 4788.76
clflush size	: 64
cache_alignment	: 64
address sizes	: 39 bits physical, 48 bits virtual
power management:

processor	: 7
vendor_id	: GenuineIntel
cpu family	: 6
model		: 60
model name	: Intel(R) Core(TM) i7-4700MQ CPU @ 2.40GHz
stepping	: 3
microcode	: 0x16
cpu MHz		: 2700.000
cache size	: 6144 KB
physical id	: 0
siblings	: 8
core id		: 3
cpu cores	: 4
apicid		: 7
initial apicid	: 7
fpu		: yes
fpu_exception	: yes
cpuid level	: 13
wp		: yes
flags		: fpu vme de pse tsc msr pae mce cx8 apic sep mtrr pge mca cmov pat pse36 clflush dts acpi mmx fxsr sse sse2 ss ht tm pbe syscall nx pdpe1gb rdtscp lm constant_tsc arch_perfmon pebs bts rep_good nopl xtopology nonstop_tsc aperfmperf eagerfpu pni pclmulqdq dtes64 monitor ds_cpl vmx est tm2 ssse3 sdbg fma cx16 xtpr pdcm pcid sse4_1 sse4_2 movbe popcnt tsc_deadline_timer aes xsave avx f16c rdrand lahf_lm abm epb tpr_shadow vnmi flexpriority ept vpid fsgsbase tsc_adjust bmi1 avx2 smep bmi2 erms invpcid xsaveopt dtherm ida arat pln pts
bugs		:
bogomips	: 4788.76
clflush size	: 64
cache_alignment	: 64
address sizes	: 39 bits physical, 48 bits virtual
power management:



Memory: 4k page, physical 8101800k(51124k free), swap 0k(0k free)

vm_info: Java HotSpot(TM) 64-Bit Server VM (25.91-b14) for linux-amd64 JRE (1.8.0_91-b14), built on Apr  1 2016 00:57:21 by "java_re" with gcc 4.3.0 20080428 (Red Hat 4.3.0-8)

time: Wed Jul 20 14:42:13 2016
elapsed time: 8 seconds (0d 0h 0m 8s)

