#
# There is insufficient memory for the Java Runtime Environment to continue.
# Native memory allocation (mmap) failed to map 65011712 bytes for committing reserved memory.
# Possible reasons:
#   The system is out of physical RAM or swap space
#   In 32 bit mode, the process size limit was hit
# Possible solutions:
#   Reduce memory load on the system
#   Increase physical memory or swap space
#   Check if swap backing store is full
#   Use 64 bit Java on a 64 bit OS
#   Decrease Java heap size (-Xmx/-Xms)
#   Decrease number of Java threads
#   Decrease Java thread stack sizes (-Xss)
#   Set larger code cache with -XX:ReservedCodeCacheSize=
# This output file may be truncated or incomplete.
#
#  Out of Memory Error (os_linux.cpp:2627), pid=15237, tid=140362314143488
#
# JRE version: Java(TM) SE Runtime Environment (8.0_91-b14) (build 1.8.0_91-b14)
# Java VM: Java HotSpot(TM) 64-Bit Server VM (25.91-b14 mixed mode linux-amd64 compressed oops)
# Failed to write core dump. Core dumps have been disabled. To enable core dumping, try "ulimit -c unlimited" before starting Java again
#

---------------  T H R E A D  ---------------

Current thread (0x00007fa8d4080000):  VMThread [stack: 0x00007fa8a5cfd000,0x00007fa8a5dfe000] [id=15252]

Stack: [0x00007fa8a5cfd000,0x00007fa8a5dfe000],  sp=0x00007fa8a5dfc0a0,  free space=1020k
Native frames: (J=compiled Java code, j=interpreted, Vv=VM code, C=native code)
V  [libjvm.so+0xabc18a]  VMError::report_and_die()+0x2ba
V  [libjvm.so+0x4fafeb]  report_vm_out_of_memory(char const*, int, unsigned long, VMErrorType, char const*)+0x8b
V  [libjvm.so+0x91cbb3]  os::Linux::commit_memory_impl(char*, unsigned long, bool)+0x103
V  [libjvm.so+0x91d109]  os::pd_commit_memory(char*, unsigned long, unsigned long, bool)+0x29
V  [libjvm.so+0x91740a]  os::commit_memory(char*, unsigned long, unsigned long, bool)+0x2a
V  [libjvm.so+0x98b033]  PSVirtualSpace::expand_by(unsigned long)+0x53
V  [libjvm.so+0x98c438]  PSYoungGen::resize_generation(unsigned long, unsigned long)+0xf8
V  [libjvm.so+0x98b592]  PSYoungGen::resize(unsigned long, unsigned long)+0x22
V  [libjvm.so+0x98886b]  PSScavenge::invoke_no_policy()+0xf3b
V  [libjvm.so+0x988ff1]  PSScavenge::invoke()+0x41
V  [libjvm.so+0x9408b0]  ParallelScavengeHeap::failed_mem_allocate(unsigned long)+0x70
V  [libjvm.so+0xabdba7]  VM_ParallelGCFailedAllocation::doit()+0x97
V  [libjvm.so+0xac55d5]  VM_Operation::evaluate()+0x55
V  [libjvm.so+0xac39aa]  VMThread::evaluate_operation(VM_Operation*)+0xba
V  [libjvm.so+0xac3d2e]  VMThread::loop()+0x1ce
V  [libjvm.so+0xac41a0]  VMThread::run()+0x70
V  [libjvm.so+0x91ef78]  java_start(Thread*)+0x108

VM_Operation (0x00007fa8a4cb68c0): ParallelGCFailedAllocation, mode: safepoint, requested by thread 0x00007fa8d4164000


---------------  P R O C E S S  ---------------

Java Threads: ( => current thread )
  0x00007fa8d4165800 JavaThread "pool-2-thread-4" [_thread_blocked, id=15294, stack(0x00007fa8a4ab7000,0x00007fa8a4bb8000)]
  0x00007fa8d4164000 JavaThread "pool-2-thread-3" [_thread_blocked, id=15293, stack(0x00007fa8a4bb8000,0x00007fa8a4cb9000)]
  0x00007fa8d4163000 JavaThread "pool-2-thread-2" [_thread_blocked, id=15292, stack(0x00007fa8a4cb9000,0x00007fa8a4dba000)]
  0x00007fa8d415f000 JavaThread "pool-3-thread-1" [_thread_blocked, id=15291, stack(0x00007fa8a4dba000,0x00007fa8a4ebb000)]
  0x00007fa8d415d000 JavaThread "pool-2-thread-1" [_thread_blocked, id=15290, stack(0x00007fa8a4ebb000,0x00007fa8a4fbc000)]
  0x00007fa8d40cc000 JavaThread "Service Thread" daemon [_thread_blocked, id=15275, stack(0x00007fa8a50bd000,0x00007fa8a51be000)]
  0x00007fa8d40c9000 JavaThread "C1 CompilerThread3" daemon [_thread_blocked, id=15274, stack(0x00007fa8a51be000,0x00007fa8a52bf000)]
  0x00007fa8d40c6800 JavaThread "C2 CompilerThread2" daemon [_thread_in_native, id=15273, stack(0x00007fa8a52bf000,0x00007fa8a53c0000)]
  0x00007fa8d40c5000 JavaThread "C2 CompilerThread1" daemon [_thread_blocked, id=15272, stack(0x00007fa8a53c0000,0x00007fa8a54c1000)]
  0x00007fa8d40c2000 JavaThread "C2 CompilerThread0" daemon [_thread_blocked, id=15271, stack(0x00007fa8a54c1000,0x00007fa8a55c2000)]
  0x00007fa8d40c0800 JavaThread "Signal Dispatcher" daemon [_thread_blocked, id=15270, stack(0x00007fa8a55c2000,0x00007fa8a56c3000)]
  0x00007fa8d408c800 JavaThread "Finalizer" daemon [_thread_blocked, id=15261, stack(0x00007fa8a5afb000,0x00007fa8a5bfc000)]
  0x00007fa8d4087800 JavaThread "Reference Handler" daemon [_thread_blocked, id=15258, stack(0x00007fa8a5bfc000,0x00007fa8a5cfd000)]
  0x00007fa8d400a000 JavaThread "main" [_thread_blocked, id=15241, stack(0x00007fa8dd520000,0x00007fa8dd621000)]

Other Threads:
=>0x00007fa8d4080000 VMThread [stack: 0x00007fa8a5cfd000,0x00007fa8a5dfe000] [id=15252]
  0x00007fa8d40cf000 WatcherThread [stack: 0x00007fa8a4fbc000,0x00007fa8a50bd000] [id=15276]

VM state:at safepoint (normal execution)

VM Mutex/Monitor currently owned by a thread:  ([mutex/lock_event])
[0x00007fa8d4006570] Threads_lock - owner thread: 0x00007fa8d4080000
[0x00007fa8d4006a70] Heap_lock - owner thread: 0x00007fa8d4164000

Heap:
 PSYoungGen      total 68608K, used 5097K [0x00000000eab00000, 0x00000000ef300000, 0x0000000100000000)
  eden space 63488K, 0% used [0x00000000eab00000,0x00000000eab00000,0x00000000ee900000)
  from space 5120K, 99% used [0x00000000ee900000,0x00000000eedfa508,0x00000000eee00000)
  to   space 5120K, 0% used [0x00000000eee00000,0x00000000eee00000,0x00000000ef300000)
 ParOldGen       total 84992K, used 14570K [0x00000000c0000000, 0x00000000c5300000, 0x00000000eab00000)
  object space 84992K, 17% used [0x00000000c0000000,0x00000000c0e3a960,0x00000000c5300000)
 Metaspace       used 6078K, capacity 7024K, committed 7296K, reserved 1056768K
  class space    used 596K, capacity 616K, committed 640K, reserved 1048576K

Card table byte_map: [0x00007fa8da0d5000,0x00007fa8da2d6000] byte_map_base: 0x00007fa8d9ad5000

Marking Bits: (ParMarkBitMap*) 0x00007fa8dc9f4d60
 Begin Bits: [0x00007fa8a6000000, 0x00007fa8a7000000)
 End Bits:   [0x00007fa8a7000000, 0x00007fa8a8000000)

Polling page: 0x00007fa8dd644000

CodeCache: size=245760Kb used=4887Kb max_used=4896Kb free=240872Kb
 bounds [0x00007fa8c5000000, 0x00007fa8c54d0000, 0x00007fa8d4000000]
 total_blobs=1575 nmethods=1306 adapters=182
 compilation: enabled

Compilation events (10 events):
Event: 5.306 Thread 0x00007fa8d40c9000 nmethod 1482 0x00007fa8c54b7d10 code [0x00007fa8c54b7ea0, 0x00007fa8c54b8118]
Event: 5.306 Thread 0x00007fa8d40c9000 1473       2       java.util.TreeMap::<init> (20 bytes)
Event: 5.307 Thread 0x00007fa8d40c9000 nmethod 1473 0x00007fa8c54b79d0 code [0x00007fa8c54b7b20, 0x00007fa8c54b7c90]
Event: 5.307 Thread 0x00007fa8d40c9000 1487       2       java.util.TreeMap$EntryIterator::next (5 bytes)
Event: 5.307 Thread 0x00007fa8d40c9000 nmethod 1487 0x00007fa8c54b7650 code [0x00007fa8c54b77c0, 0x00007fa8c54b7928]
Event: 5.307 Thread 0x00007fa8d40c9000 1488       2       java.util.TreeMap$EntryIterator::next (5 bytes)
Event: 5.307 Thread 0x00007fa8d40c9000 nmethod 1488 0x00007fa8c54b72d0 code [0x00007fa8c54b7440, 0x00007fa8c54b75a8]
Event: 5.307 Thread 0x00007fa8d40c9000 1452       2       com.android.dx.cf.direct.DirectClassFile::parseToEndIfNecessary (12 bytes)
Event: 5.307 Thread 0x00007fa8d40c9000 nmethod 1452 0x00007fa8c54c4e10 code [0x00007fa8c54c4f80, 0x00007fa8c54c5108]
Event: 5.307 Thread 0x00007fa8d40c9000 1387       2       com.android.dx.cf.code.BytecodeArray::size (8 bytes)

GC Heap History (5 events):
Event: 2.994 GC heap before
{Heap before GC invocations=1 (full 0):
 PSYoungGen      total 36864K, used 31744K [0x00000000eab00000, 0x00000000ed400000, 0x0000000100000000)
  eden space 31744K, 100% used [0x00000000eab00000,0x00000000eca00000,0x00000000eca00000)
  from space 5120K, 0% used [0x00000000ecf00000,0x00000000ecf00000,0x00000000ed400000)
  to   space 5120K, 0% used [0x00000000eca00000,0x00000000eca00000,0x00000000ecf00000)
 ParOldGen       total 84992K, used 0K [0x00000000c0000000, 0x00000000c5300000, 0x00000000eab00000)
  object space 84992K, 0% used [0x00000000c0000000,0x00000000c0000000,0x00000000c5300000)
 Metaspace       used 5849K, capacity 6768K, committed 7040K, reserved 1056768K
  class space    used 595K, capacity 616K, committed 640K, reserved 1048576K
Event: 3.039 GC heap after
Heap after GC invocations=1 (full 0):
 PSYoungGen      total 36864K, used 5100K [0x00000000eab00000, 0x00000000ef300000, 0x0000000100000000)
  eden space 31744K, 0% used [0x00000000eab00000,0x00000000eab00000,0x00000000eca00000)
  from space 5120K, 99% used [0x00000000eca00000,0x00000000ecefb040,0x00000000ecf00000)
  to   space 5120K, 0% used [0x00000000eee00000,0x00000000eee00000,0x00000000ef300000)
 ParOldGen       total 84992K, used 1021K [0x00000000c0000000, 0x00000000c5300000, 0x00000000eab00000)
  object space 84992K, 1% used [0x00000000c0000000,0x00000000c00ff628,0x00000000c5300000)
 Metaspace       used 5849K, capacity 6768K, committed 7040K, reserved 1056768K
  class space    used 595K, capacity 616K, committed 640K, reserved 1048576K
}
Event: 3.873 GC heap before
{Heap before GC invocations=2 (full 0):
 PSYoungGen      total 36864K, used 36844K [0x00000000eab00000, 0x00000000ef300000, 0x0000000100000000)
  eden space 31744K, 100% used [0x00000000eab00000,0x00000000eca00000,0x00000000eca00000)
  from space 5120K, 99% used [0x00000000eca00000,0x00000000ecefb040,0x00000000ecf00000)
  to   space 5120K, 0% used [0x00000000eee00000,0x00000000eee00000,0x00000000ef300000)
 ParOldGen       total 84992K, used 1021K [0x00000000c0000000, 0x00000000c5300000, 0x00000000eab00000)
  object space 84992K, 1% used [0x00000000c0000000,0x00000000c00ff628,0x00000000c5300000)
 Metaspace       used 6005K, capacity 6960K, committed 7040K, reserved 1056768K
  class space    used 596K, capacity 616K, committed 640K, reserved 1048576K
Event: 3.934 GC heap after
Heap after GC invocations=2 (full 0):
 PSYoungGen      total 68608K, used 5112K [0x00000000eab00000, 0x00000000ef300000, 0x0000000100000000)
  eden space 63488K, 0% used [0x00000000eab00000,0x00000000eab00000,0x00000000ee900000)
  from space 5120K, 99% used [0x00000000eee00000,0x00000000ef2fe118,0x00000000ef300000)
  to   space 5120K, 0% used [0x00000000ee900000,0x00000000ee900000,0x00000000eee00000)
 ParOldGen       total 84992K, used 5275K [0x00000000c0000000, 0x00000000c5300000, 0x00000000eab00000)
  object space 84992K, 6% used [0x00000000c0000000,0x00000000c0526ff8,0x00000000c5300000)
 Metaspace       used 6005K, capacity 6960K, committed 7040K, reserved 1056768K
  class space    used 596K, capacity 616K, committed 640K, reserved 1048576K
}
Event: 5.323 GC heap before
{Heap before GC invocations=3 (full 0):
 PSYoungGen      total 68608K, used 68600K [0x00000000eab00000, 0x00000000ef300000, 0x0000000100000000)
  eden space 63488K, 100% used [0x00000000eab00000,0x00000000ee900000,0x00000000ee900000)
  from space 5120K, 99% used [0x00000000eee00000,0x00000000ef2fe118,0x00000000ef300000)
  to   space 5120K, 0% used [0x00000000ee900000,0x00000000ee900000,0x00000000eee00000)
 ParOldGen       total 84992K, used 5275K [0x00000000c0000000, 0x00000000c5300000, 0x00000000eab00000)
  object space 84992K, 6% used [0x00000000c0000000,0x00000000c0526ff8,0x00000000c5300000)
 Metaspace       used 6078K, capacity 7024K, committed 7296K, reserved 1056768K
  class space    used 596K, capacity 616K, committed 640K, reserved 1048576K

Deoptimization events (10 events):
Event: 1.252 Thread 0x00007fa8d400a000 Uncommon trap: reason=unstable_if action=reinterpret pc=0x00007fa8c51446c8 method=java.lang.String.indexOf(II)I @ 49
Event: 2.690 Thread 0x00007fa8d415d000 Uncommon trap: reason=unstable_if action=reinterpret pc=0x00007fa8c5239d50 method=com.android.dx.rop.code.RegisterSpecSet.put(Lcom/android/dx/rop/code/RegisterSpec;)V @ 77
Event: 2.690 Thread 0x00007fa8d415d000 Uncommon trap: reason=unstable_if action=reinterpret pc=0x00007fa8c5266d84 method=com.android.dx.rop.code.RegisterSpecSet.put(Lcom/android/dx/rop/code/RegisterSpec;)V @ 77
Event: 2.911 Thread 0x00007fa8d4164000 Uncommon trap: reason=unstable_if action=reinterpret pc=0x00007fa8c5233a24 method=com.android.dx.rop.code.RegisterSpec.equals(ILcom/android/dx/rop/type/TypeBearer;Lcom/android/dx/rop/code/LocalItem;)Z @ 42
Event: 3.651 Thread 0x00007fa8d400a000 Uncommon trap: reason=unstable_if action=reinterpret pc=0x00007fa8c52370dc method=com.android.dx.rop.cst.Constant.compareTo(Lcom/android/dx/rop/cst/Constant;)I @ 12
Event: 4.071 Thread 0x00007fa8d4163000 Uncommon trap: reason=bimorphic action=maybe_recompile pc=0x00007fa8c536a814 method=java.util.HashMap.putVal(ILjava/lang/Object;Ljava/lang/Object;ZZ)Ljava/lang/Object; @ 203
Event: 4.341 Thread 0x00007fa8d400a000 Uncommon trap: reason=unstable_if action=reinterpret pc=0x00007fa8c540396c method=com.android.dx.util.IntList.sort()V @ 8
Event: 4.787 Thread 0x00007fa8d4163000 Uncommon trap: reason=unstable_if action=reinterpret pc=0x00007fa8c531af44 method=com.android.dx.util.IntList.binarysearch(I)I @ 105
Event: 5.048 Thread 0x00007fa8d4165800 Uncommon trap: reason=unstable_if action=reinterpret pc=0x00007fa8c53335fc method=com.android.dx.ssa.SsaMethod.updateOneDefinition(Lcom/android/dx/ssa/SsaInsn;Lcom/android/dx/rop/code/RegisterSpec;)V @ 4
Event: 5.126 Thread 0x00007fa8d4163000 Uncommon trap: reason=unstable_if action=reinterpret pc=0x00007fa8c5483864 method=com.android.dx.ssa.SCCP.simulateStmt(Lcom/android/dx/ssa/SsaInsn;)V @ 53

Internal exceptions (2 events):
Event: 0.210 Thread 0x00007fa8d400a000 Exception <a 'java/lang/NoSuchMethodError': Method sun.misc.Unsafe.defineClass(Ljava/lang/String;[BII)Ljava/lang/Class; name or signature does not match> (0x00000000eab07cc0) thrown at [/HUDSON/workspace/8-2-build-linux-amd64/jdk8u91/6644/hotspot/src/shar
Event: 0.210 Thread 0x00007fa8d400a000 Exception <a 'java/lang/NoSuchMethodError': Method sun.misc.Unsafe.prefetchRead(Ljava/lang/Object;J)V name or signature does not match> (0x00000000eab07fa8) thrown at [/HUDSON/workspace/8-2-build-linux-amd64/jdk8u91/6644/hotspot/src/share/vm/prims/jni.cpp

Events (10 events):
Event: 5.048 Thread 0x00007fa8d4165800 DEOPT PACKING pc=0x00007fa8c53335fc sp=0x00007fa8a4bb5d50
Event: 5.048 Thread 0x00007fa8d4165800 DEOPT UNPACKING pc=0x00007fa8c5005229 sp=0x00007fa8a4bb5d18 mode 2
Event: 5.050 Executing VM operation: RevokeBias
Event: 5.090 Executing VM operation: RevokeBias done
Event: 5.126 Thread 0x00007fa8d4163000 Uncommon trap: trap_request=0xffffff65 fr.pc=0x00007fa8c5483864
Event: 5.126 Thread 0x00007fa8d4163000 DEOPT PACKING pc=0x00007fa8c5483864 sp=0x00007fa8a4db8010
Event: 5.126 Thread 0x00007fa8d4163000 DEOPT UNPACKING pc=0x00007fa8c5005229 sp=0x00007fa8a4db8038 mode 2
Event: 5.233 Thread 0x00007fa8d4163000 DEOPT PACKING pc=0x00007fa8c5373775 sp=0x00007fa8a4db8150
Event: 5.233 Thread 0x00007fa8d4163000 DEOPT UNPACKING pc=0x00007fa8c5047633 sp=0x00007fa8a4db7f10 mode 0
Event: 5.309 Executing VM operation: ParallelGCFailedAllocation


Dynamic libraries:
00400000-00401000 r-xp 00000000 08:01 9839507                            /usr/lib/jvm/java-8-oracle/bin/java
00600000-00601000 rw-p 00000000 08:01 9839507                            /usr/lib/jvm/java-8-oracle/bin/java
00bae000-00bcf000 rw-p 00000000 00:00 0                                  [heap]
c0000000-c5300000 rw-p 00000000 00:00 0 
c5300000-eab00000 ---p 00000000 00:00 0 
eab00000-ef300000 rw-p 00000000 00:00 0 
f3100000-100000000 ---p 00000000 00:00 0 
100000000-1000a0000 rw-p 00000000 00:00 0 
1000a0000-140000000 ---p 00000000 00:00 0 
7fa85c000000-7fa85c021000 rw-p 00000000 00:00 0 
7fa85c021000-7fa860000000 ---p 00000000 00:00 0 
7fa864000000-7fa864024000 rw-p 00000000 00:00 0 
7fa864024000-7fa868000000 ---p 00000000 00:00 0 
7fa86c000000-7fa86c021000 rw-p 00000000 00:00 0 
7fa86c021000-7fa870000000 ---p 00000000 00:00 0 
7fa870000000-7fa870026000 rw-p 00000000 00:00 0 
7fa870026000-7fa874000000 ---p 00000000 00:00 0 
7fa874000000-7fa874021000 rw-p 00000000 00:00 0 
7fa874021000-7fa878000000 ---p 00000000 00:00 0 
7fa878000000-7fa878021000 rw-p 00000000 00:00 0 
7fa878021000-7fa87c000000 ---p 00000000 00:00 0 
7fa87c000000-7fa87c841000 rw-p 00000000 00:00 0 
7fa87c841000-7fa880000000 ---p 00000000 00:00 0 
7fa880000000-7fa880021000 rw-p 00000000 00:00 0 
7fa880021000-7fa884000000 ---p 00000000 00:00 0 
7fa884000000-7fa88471f000 rw-p 00000000 00:00 0 
7fa88471f000-7fa888000000 ---p 00000000 00:00 0 
7fa888000000-7fa888a65000 rw-p 00000000 00:00 0 
7fa888a65000-7fa88c000000 ---p 00000000 00:00 0 
7fa88c000000-7fa88c021000 rw-p 00000000 00:00 0 
7fa88c021000-7fa890000000 ---p 00000000 00:00 0 
7fa890000000-7fa890703000 rw-p 00000000 00:00 0 
7fa890703000-7fa894000000 ---p 00000000 00:00 0 
7fa894000000-7fa894021000 rw-p 00000000 00:00 0 
7fa894021000-7fa898000000 ---p 00000000 00:00 0 
7fa898000000-7fa898021000 rw-p 00000000 00:00 0 
7fa898021000-7fa89c000000 ---p 00000000 00:00 0 
7fa89c000000-7fa89c28d000 rw-p 00000000 00:00 0 
7fa89c28d000-7fa8a0000000 ---p 00000000 00:00 0 
7fa8a0000000-7fa8a0021000 rw-p 00000000 00:00 0 
7fa8a0021000-7fa8a4000000 ---p 00000000 00:00 0 
7fa8a4ab7000-7fa8a4aba000 ---p 00000000 00:00 0 
7fa8a4aba000-7fa8a4bb8000 rw-p 00000000 00:00 0 
7fa8a4bb8000-7fa8a4bbb000 ---p 00000000 00:00 0 
7fa8a4bbb000-7fa8a4cb9000 rw-p 00000000 00:00 0 
7fa8a4cb9000-7fa8a4cbc000 ---p 00000000 00:00 0 
7fa8a4cbc000-7fa8a4dba000 rw-p 00000000 00:00 0 
7fa8a4dba000-7fa8a4dbd000 ---p 00000000 00:00 0 
7fa8a4dbd000-7fa8a4ebb000 rw-p 00000000 00:00 0 
7fa8a4ebb000-7fa8a4ebe000 ---p 00000000 00:00 0 
7fa8a4ebe000-7fa8a4fbc000 rw-p 00000000 00:00 0 
7fa8a4fbc000-7fa8a4fbd000 ---p 00000000 00:00 0 
7fa8a4fbd000-7fa8a50bd000 rw-p 00000000 00:00 0 
7fa8a50bd000-7fa8a50c0000 ---p 00000000 00:00 0 
7fa8a50c0000-7fa8a51be000 rw-p 00000000 00:00 0 
7fa8a51be000-7fa8a51c1000 ---p 00000000 00:00 0 
7fa8a51c1000-7fa8a52bf000 rw-p 00000000 00:00 0 
7fa8a52bf000-7fa8a52c2000 ---p 00000000 00:00 0 
7fa8a52c2000-7fa8a53c0000 rw-p 00000000 00:00 0 
7fa8a53c0000-7fa8a53c3000 ---p 00000000 00:00 0 
7fa8a53c3000-7fa8a54c1000 rw-p 00000000 00:00 0 
7fa8a54c1000-7fa8a54c4000 ---p 00000000 00:00 0 
7fa8a54c4000-7fa8a55c2000 rw-p 00000000 00:00 0 
7fa8a55c2000-7fa8a55c5000 ---p 00000000 00:00 0 
7fa8a55c5000-7fa8a56c3000 rw-p 00000000 00:00 0 
7fa8a56c3000-7fa8a5afb000 r--p 00000000 08:01 9700768                    /usr/lib/locale/locale-archive
7fa8a5afb000-7fa8a5afe000 ---p 00000000 00:00 0 
7fa8a5afe000-7fa8a5bfc000 rw-p 00000000 00:00 0 
7fa8a5bfc000-7fa8a5bff000 ---p 00000000 00:00 0 
7fa8a5bff000-7fa8a5cfd000 rw-p 00000000 00:00 0 
7fa8a5cfd000-7fa8a5cfe000 ---p 00000000 00:00 0 
7fa8a5cfe000-7fa8a8000000 rw-p 00000000 00:00 0 
7fa8a8000000-7fa8a8021000 rw-p 00000000 00:00 0 
7fa8a8021000-7fa8ac000000 ---p 00000000 00:00 0 
7fa8ac000000-7fa8ac021000 rw-p 00000000 00:00 0 
7fa8ac021000-7fa8b0000000 ---p 00000000 00:00 0 
7fa8b0000000-7fa8b0021000 rw-p 00000000 00:00 0 
7fa8b0021000-7fa8b4000000 ---p 00000000 00:00 0 
7fa8b4000000-7fa8b4021000 rw-p 00000000 00:00 0 
7fa8b4021000-7fa8b8000000 ---p 00000000 00:00 0 
7fa8b8000000-7fa8b8021000 rw-p 00000000 00:00 0 
7fa8b8021000-7fa8bc000000 ---p 00000000 00:00 0 
7fa8bc000000-7fa8bc021000 rw-p 00000000 00:00 0 
7fa8bc021000-7fa8c0000000 ---p 00000000 00:00 0 
7fa8c0000000-7fa8c0021000 rw-p 00000000 00:00 0 
7fa8c0021000-7fa8c4000000 ---p 00000000 00:00 0 
7fa8c40c6000-7fa8c40d0000 r--s 0008b000 08:01 4200575                    /home/oguz/Masaüstü/FomApplicationAndroid/app/build/intermediates/exploded-aar/com.android.support/appcompat-v7/23.3.0/jars/classes.jar
7fa8c40d0000-7fa8c5000000 rw-p 00000000 00:00 0 
7fa8c5000000-7fa8c54d0000 rwxp 00000000 00:00 0 
7fa8c54d0000-7fa8d4000000 ---p 00000000 00:00 0 
7fa8d4000000-7fa8d439b000 rw-p 00000000 00:00 0 
7fa8d439b000-7fa8d8000000 ---p 00000000 00:00 0 
7fa8d8007000-7fa8d8016000 r--s 000df000 08:01 5246091                    /home/oguz/Android/Sdk/build-tools/23.0.3/lib/dx.jar
7fa8d8016000-7fa8d8b28000 rw-p 00000000 00:00 0 
7fa8d8b28000-7fa8d8d01000 r--s 03d1f000 08:01 9967487                    /usr/lib/jvm/java-8-oracle/jre/lib/rt.jar
7fa8d8d01000-7fa8d93f7000 rw-p 00000000 00:00 0 
7fa8d93f7000-7fa8d9577000 ---p 00000000 00:00 0 
7fa8d9577000-7fa8d9777000 rw-p 00000000 00:00 0 
7fa8d9777000-7fa8d9778000 ---p 00000000 00:00 0 
7fa8d9778000-7fa8d9878000 rw-p 00000000 00:00 0 
7fa8d9878000-7fa8d9879000 ---p 00000000 00:00 0 
7fa8d9879000-7fa8d9979000 rw-p 00000000 00:00 0 
7fa8d9979000-7fa8d997a000 ---p 00000000 00:00 0 
7fa8d997a000-7fa8d9a7a000 rw-p 00000000 00:00 0 
7fa8d9a7a000-7fa8d9a7b000 ---p 00000000 00:00 0 
7fa8d9a7b000-7fa8d9b7b000 rw-p 00000000 00:00 0 
7fa8d9b7b000-7fa8d9b7c000 ---p 00000000 00:00 0 
7fa8d9b7c000-7fa8d9c7c000 rw-p 00000000 00:00 0 
7fa8d9c7c000-7fa8d9c7d000 ---p 00000000 00:00 0 
7fa8d9c7d000-7fa8d9d7d000 rw-p 00000000 00:00 0 
7fa8d9d7d000-7fa8d9d7e000 ---p 00000000 00:00 0 
7fa8d9d7e000-7fa8d9e7e000 rw-p 00000000 00:00 0 
7fa8d9e7e000-7fa8d9e7f000 ---p 00000000 00:00 0 
7fa8d9e7f000-7fa8d9fa9000 rw-p 00000000 00:00 0 
7fa8d9fa9000-7fa8da0d5000 ---p 00000000 00:00 0 
7fa8da0d5000-7fa8da0ff000 rw-p 00000000 00:00 0 
7fa8da0ff000-7fa8da22a000 ---p 00000000 00:00 0 
7fa8da22a000-7fa8da24f000 rw-p 00000000 00:00 0 
7fa8da24f000-7fa8da2d5000 ---p 00000000 00:00 0 
7fa8da2d5000-7fa8da2ea000 rw-p 00000000 00:00 0 
7fa8da2ea000-7fa8da696000 ---p 00000000 00:00 0 
7fa8da696000-7fa8da6b0000 r-xp 00000000 08:01 10092954                   /usr/lib/jvm/java-8-oracle/jre/lib/amd64/libzip.so
7fa8da6b0000-7fa8da8b0000 ---p 0001a000 08:01 10092954                   /usr/lib/jvm/java-8-oracle/jre/lib/amd64/libzip.so
7fa8da8b0000-7fa8da8b1000 rw-p 0001a000 08:01 10092954                   /usr/lib/jvm/java-8-oracle/jre/lib/amd64/libzip.so
7fa8da8b1000-7fa8da8bc000 r-xp 00000000 08:01 7603299                    /lib/x86_64-linux-gnu/libnss_files-2.23.so
7fa8da8bc000-7fa8daabb000 ---p 0000b000 08:01 7603299                    /lib/x86_64-linux-gnu/libnss_files-2.23.so
7fa8daabb000-7fa8daabc000 r--p 0000a000 08:01 7603299                    /lib/x86_64-linux-gnu/libnss_files-2.23.so
7fa8daabc000-7fa8daabd000 rw-p 0000b000 08:01 7603299                    /lib/x86_64-linux-gnu/libnss_files-2.23.so
7fa8daabd000-7fa8daac3000 rw-p 00000000 00:00 0 
7fa8daac3000-7fa8daace000 r-xp 00000000 08:01 7603296                    /lib/x86_64-linux-gnu/libnss_nis-2.23.so
7fa8daace000-7fa8daccd000 ---p 0000b000 08:01 7603296                    /lib/x86_64-linux-gnu/libnss_nis-2.23.so
7fa8daccd000-7fa8dacce000 r--p 0000a000 08:01 7603296                    /lib/x86_64-linux-gnu/libnss_nis-2.23.so
7fa8dacce000-7fa8daccf000 rw-p 0000b000 08:01 7603296                    /lib/x86_64-linux-gnu/libnss_nis-2.23.so
7fa8daccf000-7fa8dace5000 r-xp 00000000 08:01 7603294                    /lib/x86_64-linux-gnu/libnsl-2.23.so
7fa8dace5000-7fa8daee5000 ---p 00016000 08:01 7603294                    /lib/x86_64-linux-gnu/libnsl-2.23.so
7fa8daee5000-7fa8daee6000 r--p 00016000 08:01 7603294                    /lib/x86_64-linux-gnu/libnsl-2.23.so
7fa8daee6000-7fa8daee7000 rw-p 00017000 08:01 7603294                    /lib/x86_64-linux-gnu/libnsl-2.23.so
7fa8daee7000-7fa8daee9000 rw-p 00000000 00:00 0 
7fa8daee9000-7fa8daef1000 r-xp 00000000 08:01 7603292                    /lib/x86_64-linux-gnu/libnss_compat-2.23.so
7fa8daef1000-7fa8db0f0000 ---p 00008000 08:01 7603292                    /lib/x86_64-linux-gnu/libnss_compat-2.23.so
7fa8db0f0000-7fa8db0f1000 r--p 00007000 08:01 7603292                    /lib/x86_64-linux-gnu/libnss_compat-2.23.so
7fa8db0f1000-7fa8db0f2000 rw-p 00008000 08:01 7603292                    /lib/x86_64-linux-gnu/libnss_compat-2.23.so
7fa8db0f2000-7fa8db11c000 r-xp 00000000 08:01 10092949                   /usr/lib/jvm/java-8-oracle/jre/lib/amd64/libjava.so
7fa8db11c000-7fa8db31c000 ---p 0002a000 08:01 10092949                   /usr/lib/jvm/java-8-oracle/jre/lib/amd64/libjava.so
7fa8db31c000-7fa8db31e000 rw-p 0002a000 08:01 10092949                   /usr/lib/jvm/java-8-oracle/jre/lib/amd64/libjava.so
7fa8db31e000-7fa8db32b000 r-xp 00000000 08:01 10092953                   /usr/lib/jvm/java-8-oracle/jre/lib/amd64/libverify.so
7fa8db32b000-7fa8db52b000 ---p 0000d000 08:01 10092953                   /usr/lib/jvm/java-8-oracle/jre/lib/amd64/libverify.so
7fa8db52b000-7fa8db52d000 rw-p 0000d000 08:01 10092953                   /usr/lib/jvm/java-8-oracle/jre/lib/amd64/libverify.so
7fa8db52d000-7fa8db534000 r-xp 00000000 08:01 7603308                    /lib/x86_64-linux-gnu/librt-2.23.so
7fa8db534000-7fa8db733000 ---p 00007000 08:01 7603308                    /lib/x86_64-linux-gnu/librt-2.23.so
7fa8db733000-7fa8db734000 r--p 00006000 08:01 7603308                    /lib/x86_64-linux-gnu/librt-2.23.so
7fa8db734000-7fa8db735000 rw-p 00007000 08:01 7603308                    /lib/x86_64-linux-gnu/librt-2.23.so
7fa8db735000-7fa8db83d000 r-xp 00000000 08:01 7603305                    /lib/x86_64-linux-gnu/libm-2.23.so
7fa8db83d000-7fa8dba3c000 ---p 00108000 08:01 7603305                    /lib/x86_64-linux-gnu/libm-2.23.so
7fa8dba3c000-7fa8dba3d000 r--p 00107000 08:01 7603305                    /lib/x86_64-linux-gnu/libm-2.23.so
7fa8dba3d000-7fa8dba3e000 rw-p 00108000 08:01 7603305                    /lib/x86_64-linux-gnu/libm-2.23.so
7fa8dba3e000-7fa8dc6fe000 r-xp 00000000 08:01 10092932                   /usr/lib/jvm/java-8-oracle/jre/lib/amd64/server/libjvm.so
7fa8dc6fe000-7fa8dc8fe000 ---p 00cc0000 08:01 10092932                   /usr/lib/jvm/java-8-oracle/jre/lib/amd64/server/libjvm.so
7fa8dc8fe000-7fa8dc9d6000 rw-p 00cc0000 08:01 10092932                   /usr/lib/jvm/java-8-oracle/jre/lib/amd64/server/libjvm.so
7fa8dc9d6000-7fa8dca21000 rw-p 00000000 00:00 0 
7fa8dca21000-7fa8dcbe1000 r-xp 00000000 08:01 7603313                    /lib/x86_64-linux-gnu/libc-2.23.so
7fa8dcbe1000-7fa8dcde1000 ---p 001c0000 08:01 7603313                    /lib/x86_64-linux-gnu/libc-2.23.so
7fa8dcde1000-7fa8dcde5000 r--p 001c0000 08:01 7603313                    /lib/x86_64-linux-gnu/libc-2.23.so
7fa8dcde5000-7fa8dcde7000 rw-p 001c4000 08:01 7603313                    /lib/x86_64-linux-gnu/libc-2.23.so
7fa8dcde7000-7fa8dcdeb000 rw-p 00000000 00:00 0 
7fa8dcdeb000-7fa8dcdee000 r-xp 00000000 08:01 7603314                    /lib/x86_64-linux-gnu/libdl-2.23.so
7fa8dcdee000-7fa8dcfed000 ---p 00003000 08:01 7603314                    /lib/x86_64-linux-gnu/libdl-2.23.so
7fa8dcfed000-7fa8dcfee000 r--p 00002000 08:01 7603314                    /lib/x86_64-linux-gnu/libdl-2.23.so
7fa8dcfee000-7fa8dcfef000 rw-p 00003000 08:01 7603314                    /lib/x86_64-linux-gnu/libdl-2.23.so
7fa8dcfef000-7fa8dd004000 r-xp 00000000 08:01 9840182                    /usr/lib/jvm/java-8-oracle/lib/amd64/jli/libjli.so
7fa8dd004000-7fa8dd204000 ---p 00015000 08:01 9840182                    /usr/lib/jvm/java-8-oracle/lib/amd64/jli/libjli.so
7fa8dd204000-7fa8dd205000 rw-p 00015000 08:01 9840182                    /usr/lib/jvm/java-8-oracle/lib/amd64/jli/libjli.so
7fa8dd205000-7fa8dd21d000 r-xp 00000000 08:01 7603312                    /lib/x86_64-linux-gnu/libpthread-2.23.so
7fa8dd21d000-7fa8dd41c000 ---p 00018000 08:01 7603312                    /lib/x86_64-linux-gnu/libpthread-2.23.so
7fa8dd41c000-7fa8dd41d000 r--p 00017000 08:01 7603312                    /lib/x86_64-linux-gnu/libpthread-2.23.so
7fa8dd41d000-7fa8dd41e000 rw-p 00018000 08:01 7603312                    /lib/x86_64-linux-gnu/libpthread-2.23.so
7fa8dd41e000-7fa8dd422000 rw-p 00000000 00:00 0 
7fa8dd422000-7fa8dd448000 r-xp 00000000 08:01 7603309                    /lib/x86_64-linux-gnu/ld-2.23.so
7fa8dd44e000-7fa8dd520000 rw-p 00000000 00:00 0 
7fa8dd520000-7fa8dd523000 ---p 00000000 00:00 0 
7fa8dd523000-7fa8dd625000 rw-p 00000000 00:00 0 
7fa8dd627000-7fa8dd63b000 rw-p 00000000 00:00 0 
7fa8dd63b000-7fa8dd643000 rw-s 00000000 08:01 133430                     /tmp/hsperfdata_oguz/15237
7fa8dd643000-7fa8dd644000 rw-p 00000000 00:00 0 
7fa8dd644000-7fa8dd645000 ---p 00000000 00:00 0 
7fa8dd645000-7fa8dd647000 rw-p 00000000 00:00 0 
7fa8dd647000-7fa8dd648000 r--p 00025000 08:01 7603309                    /lib/x86_64-linux-gnu/ld-2.23.so
7fa8dd648000-7fa8dd649000 rw-p 00026000 08:01 7603309                    /lib/x86_64-linux-gnu/ld-2.23.so
7fa8dd649000-7fa8dd64a000 rw-p 00000000 00:00 0 
7fff76bae000-7fff76bcf000 rw-p 00000000 00:00 0                          [stack]
7fff76bfa000-7fff76bfc000 r--p 00000000 00:00 0                          [vvar]
7fff76bfc000-7fff76bfe000 r-xp 00000000 00:00 0                          [vdso]
ffffffffff600000-ffffffffff601000 r-xp 00000000 00:00 0                  [vsyscall]

VM Arguments:
jvm_args: -Djava.awt.headless=true -Xmx1024M -Dfile.encoding=UTF-8 -Duser.country=TR -Duser.language=tr -Duser.variant 
java_command: com.android.dx.command.Main --dex --force-jumbo --num-threads=4 --multi-dex --output /home/oguz/Masaüstü/FomApplicationAndroid/app/build/intermediates/transforms/dex/debug/folders/1000/10/com.android.support-appcompat-v7-23.3.0_e1df6f83b2e5d080a1446384bf4f3b636b871261 /home/oguz/Masaüstü/FomApplicationAndroid/app/build/intermediates/exploded-aar/com.android.support/appcompat-v7/23.3.0/jars/classes.jar
java_class_path (initial): /home/oguz/Android/Sdk/build-tools/23.0.3/lib/dx.jar
Launcher Type: SUN_STANDARD

Environment Variables:
PATH=/usr/local/sbin:/usr/local/bin:/usr/sbin:/usr/bin:/sbin:/bin:/usr/games:/usr/local/games:/snap/bin
LD_LIBRARY_PATH=/home/oguz/Masaüstü/Derleyiciler/android-studio/bin:
SHELL=/bin/bash
DISPLAY=:0

Signal Handlers:
SIGSEGV: [libjvm.so+0xabca10], sa_mask[0]=11111111011111111101111111111110, sa_flags=SA_RESTART|SA_SIGINFO
SIGBUS: [libjvm.so+0xabca10], sa_mask[0]=11111111011111111101111111111110, sa_flags=SA_RESTART|SA_SIGINFO
SIGFPE: [libjvm.so+0x919a20], sa_mask[0]=11111111011111111101111111111110, sa_flags=SA_RESTART|SA_SIGINFO
SIGPIPE: [libjvm.so+0x919a20], sa_mask[0]=11111111011111111101111111111110, sa_flags=SA_RESTART|SA_SIGINFO
SIGXFSZ: [libjvm.so+0x919a20], sa_mask[0]=11111111011111111101111111111110, sa_flags=SA_RESTART|SA_SIGINFO
SIGILL: [libjvm.so+0x919a20], sa_mask[0]=11111111011111111101111111111110, sa_flags=SA_RESTART|SA_SIGINFO
SIGUSR1: SIG_DFL, sa_mask[0]=00000000000000000000000000000000, sa_flags=none
SIGUSR2: [libjvm.so+0x91b050], sa_mask[0]=00100000000000000000000000000000, sa_flags=SA_RESTART|SA_SIGINFO
SIGHUP: [libjvm.so+0x91c450], sa_mask[0]=11111111011111111101111111111110, sa_flags=SA_RESTART|SA_SIGINFO
SIGINT: [libjvm.so+0x91c450], sa_mask[0]=11111111011111111101111111111110, sa_flags=SA_RESTART|SA_SIGINFO
SIGTERM: [libjvm.so+0x91c450], sa_mask[0]=11111111011111111101111111111110, sa_flags=SA_RESTART|SA_SIGINFO
SIGQUIT: [libjvm.so+0x91c450], sa_mask[0]=11111111011111111101111111111110, sa_flags=SA_RESTART|SA_SIGINFO


---------------  S Y S T E M  ---------------

OS:DISTRIB_ID=Ubuntu
DISTRIB_RELEASE=16.04
DISTRIB_CODENAME=xenial
DISTRIB_DESCRIPTION="Ubuntu Xenial Xerus (development branch)"

uname:Linux 4.4.0-22-generic #39-Ubuntu SMP Thu May 5 16:53:32 UTC 2016 x86_64
libc:glibc 2.23 NPTL 2.23 
rlimit: STACK 8192k, CORE 0k, NPROC 31498, NOFILE 65536, AS infinity
load average:8.27 2.52 1.25

/proc/meminfo:
MemTotal:        8101800 kB
MemFree:          272316 kB
MemAvailable:     312476 kB
Buffers:            1952 kB
Cached:           433228 kB
SwapCached:            0 kB
Active:          7208976 kB
Inactive:         387372 kB
Active(anon):    7197876 kB
Inactive(anon):   366512 kB
Active(file):      11100 kB
Inactive(file):    20860 kB
Unevictable:          76 kB
Mlocked:              76 kB
SwapTotal:             0 kB
SwapFree:              0 kB
Dirty:                 0 kB
Writeback:           160 kB
AnonPages:       7158908 kB
Mapped:           149988 kB
Shmem:            401684 kB
Slab:             103956 kB
SReclaimable:      50572 kB
SUnreclaim:        53384 kB
KernelStack:       18912 kB
PageTables:        59448 kB
NFS_Unstable:          0 kB
Bounce:                0 kB
WritebackTmp:          0 kB
CommitLimit:     4050900 kB
Committed_AS:   13122672 kB
VmallocTotal:   34359738367 kB
VmallocUsed:           0 kB
VmallocChunk:          0 kB
HardwareCorrupted:     0 kB
AnonHugePages:   4548608 kB
CmaTotal:              0 kB
CmaFree:               0 kB
HugePages_Total:       0
HugePages_Free:        0
HugePages_Rsvd:        0
HugePages_Surp:        0
Hugepagesize:       2048 kB
DirectMap4k:      160512 kB
DirectMap2M:     8155136 kB
DirectMap1G:     1048576 kB


CPU:total 8 (4 cores per cpu, 2 threads per core) family 6 model 60 stepping 3, cmov, cx8, fxsr, mmx, sse, sse2, sse3, ssse3, sse4.1, sse4.2, popcnt, avx, avx2, aes, clmul, erms, lzcnt, ht, tsc, tscinvbit, bmi1, bmi2

/proc/cpuinfo:
processor	: 0
vendor_id	: GenuineIntel
cpu family	: 6
model		: 60
model name	: Intel(R) Core(TM) i7-4700MQ CPU @ 2.40GHz
stepping	: 3
microcode	: 0x16
cpu MHz		: 1599.937
cache size	: 6144 KB
physical id	: 0
siblings	: 8
core id		: 0
cpu cores	: 4
apicid		: 0
initial apicid	: 0
fpu		: yes
fpu_exception	: yes
cpuid level	: 13
wp		: yes
flags		: fpu vme de pse tsc msr pae mce cx8 apic sep mtrr pge mca cmov pat pse36 clflush dts acpi mmx fxsr sse sse2 ss ht tm pbe syscall nx pdpe1gb rdtscp lm constant_tsc arch_perfmon pebs bts rep_good nopl xtopology nonstop_tsc aperfmperf eagerfpu pni pclmulqdq dtes64 monitor ds_cpl vmx est tm2 ssse3 sdbg fma cx16 xtpr pdcm pcid sse4_1 sse4_2 movbe popcnt tsc_deadline_timer aes xsave avx f16c rdrand lahf_lm abm epb tpr_shadow vnmi flexpriority ept vpid fsgsbase tsc_adjust bmi1 avx2 smep bmi2 erms invpcid xsaveopt dtherm ida arat pln pts
bugs		:
bogomips	: 4788.97
clflush size	: 64
cache_alignment	: 64
address sizes	: 39 bits physical, 48 bits virtual
power management:

processor	: 1
vendor_id	: GenuineIntel
cpu family	: 6
model		: 60
model name	: Intel(R) Core(TM) i7-4700MQ CPU @ 2.40GHz
stepping	: 3
microcode	: 0x16
cpu MHz		: 1599.937
cache size	: 6144 KB
physical id	: 0
siblings	: 8
core id		: 0
cpu cores	: 4
apicid		: 1
initial apicid	: 1
fpu		: yes
fpu_exception	: yes
cpuid level	: 13
wp		: yes
flags		: fpu vme de pse tsc msr pae mce cx8 apic sep mtrr pge mca cmov pat pse36 clflush dts acpi mmx fxsr sse sse2 ss ht tm pbe syscall nx pdpe1gb rdtscp lm constant_tsc arch_perfmon pebs bts rep_good nopl xtopology nonstop_tsc aperfmperf eagerfpu pni pclmulqdq dtes64 monitor ds_cpl vmx est tm2 ssse3 sdbg fma cx16 xtpr pdcm pcid sse4_1 sse4_2 movbe popcnt tsc_deadline_timer aes xsave avx f16c rdrand lahf_lm abm epb tpr_shadow vnmi flexpriority ept vpid fsgsbase tsc_adjust bmi1 avx2 smep bmi2 erms invpcid xsaveopt dtherm ida arat pln pts
bugs		:
bogomips	: 4788.97
clflush size	: 64
cache_alignment	: 64
address sizes	: 39 bits physical, 48 bits virtual
power management:

processor	: 2
vendor_id	: GenuineIntel
cpu family	: 6
model		: 60
model name	: Intel(R) Core(TM) i7-4700MQ CPU @ 2.40GHz
stepping	: 3
microcode	: 0x16
cpu MHz		: 1599.937
cache size	: 6144 KB
physical id	: 0
siblings	: 8
core id		: 1
cpu cores	: 4
apicid		: 2
initial apicid	: 2
fpu		: yes
fpu_exception	: yes
cpuid level	: 13
wp		: yes
flags		: fpu vme de pse tsc msr pae mce cx8 apic sep mtrr pge mca cmov pat pse36 clflush dts acpi mmx fxsr sse sse2 ss ht tm pbe syscall nx pdpe1gb rdtscp lm constant_tsc arch_perfmon pebs bts rep_good nopl xtopology nonstop_tsc aperfmperf eagerfpu pni pclmulqdq dtes64 monitor ds_cpl vmx est tm2 ssse3 sdbg fma cx16 xtpr pdcm pcid sse4_1 sse4_2 movbe popcnt tsc_deadline_timer aes xsave avx f16c rdrand lahf_lm abm epb tpr_shadow vnmi flexpriority ept vpid fsgsbase tsc_adjust bmi1 avx2 smep bmi2 erms invpcid xsaveopt dtherm ida arat pln pts
bugs		:
bogomips	: 4788.97
clflush size	: 64
cache_alignment	: 64
address sizes	: 39 bits physical, 48 bits virtual
power management:

processor	: 3
vendor_id	: GenuineIntel
cpu family	: 6
model		: 60
model name	: Intel(R) Core(TM) i7-4700MQ CPU @ 2.40GHz
stepping	: 3
microcode	: 0x16
cpu MHz		: 1599.937
cache size	: 6144 KB
physical id	: 0
siblings	: 8
core id		: 1
cpu cores	: 4
apicid		: 3
initial apicid	: 3
fpu		: yes
fpu_exception	: yes
cpuid level	: 13
wp		: yes
flags		: fpu vme de pse tsc msr pae mce cx8 apic sep mtrr pge mca cmov pat pse36 clflush dts acpi mmx fxsr sse sse2 ss ht tm pbe syscall nx pdpe1gb rdtscp lm constant_tsc arch_perfmon pebs bts rep_good nopl xtopology nonstop_tsc aperfmperf eagerfpu pni pclmulqdq dtes64 monitor ds_cpl vmx est tm2 ssse3 sdbg fma cx16 xtpr pdcm pcid sse4_1 sse4_2 movbe popcnt tsc_deadline_timer aes xsave avx f16c rdrand lahf_lm abm epb tpr_shadow vnmi flexpriority ept vpid fsgsbase tsc_adjust bmi1 avx2 smep bmi2 erms invpcid xsaveopt dtherm ida arat pln pts
bugs		:
bogomips	: 4788.97
clflush size	: 64
cache_alignment	: 64
address sizes	: 39 bits physical, 48 bits virtual
power management:

processor	: 4
vendor_id	: GenuineIntel
cpu family	: 6
model		: 60
model name	: Intel(R) Core(TM) i7-4700MQ CPU @ 2.40GHz
stepping	: 3
microcode	: 0x16
cpu MHz		: 1599.937
cache size	: 6144 KB
physical id	: 0
siblings	: 8
core id		: 2
cpu cores	: 4
apicid		: 4
initial apicid	: 4
fpu		: yes
fpu_exception	: yes
cpuid level	: 13
wp		: yes
flags		: fpu vme de pse tsc msr pae mce cx8 apic sep mtrr pge mca cmov pat pse36 clflush dts acpi mmx fxsr sse sse2 ss ht tm pbe syscall nx pdpe1gb rdtscp lm constant_tsc arch_perfmon pebs bts rep_good nopl xtopology nonstop_tsc aperfmperf eagerfpu pni pclmulqdq dtes64 monitor ds_cpl vmx est tm2 ssse3 sdbg fma cx16 xtpr pdcm pcid sse4_1 sse4_2 movbe popcnt tsc_deadline_timer aes xsave avx f16c rdrand lahf_lm abm epb tpr_shadow vnmi flexpriority ept vpid fsgsbase tsc_adjust bmi1 avx2 smep bmi2 erms invpcid xsaveopt dtherm ida arat pln pts
bugs		:
bogomips	: 4788.97
clflush size	: 64
cache_alignment	: 64
address sizes	: 39 bits physical, 48 bits virtual
power management:

processor	: 5
vendor_id	: GenuineIntel
cpu family	: 6
model		: 60
model name	: Intel(R) Core(TM) i7-4700MQ CPU @ 2.40GHz
stepping	: 3
microcode	: 0x16
cpu MHz		: 1599.937
cache size	: 6144 KB
physical id	: 0
siblings	: 8
core id		: 2
cpu cores	: 4
apicid		: 5
initial apicid	: 5
fpu		: yes
fpu_exception	: yes
cpuid level	: 13
wp		: yes
flags		: fpu vme de pse tsc msr pae mce cx8 apic sep mtrr pge mca cmov pat pse36 clflush dts acpi mmx fxsr sse sse2 ss ht tm pbe syscall nx pdpe1gb rdtscp lm constant_tsc arch_perfmon pebs bts rep_good nopl xtopology nonstop_tsc aperfmperf eagerfpu pni pclmulqdq dtes64 monitor ds_cpl vmx est tm2 ssse3 sdbg fma cx16 xtpr pdcm pcid sse4_1 sse4_2 movbe popcnt tsc_deadline_timer aes xsave avx f16c rdrand lahf_lm abm epb tpr_shadow vnmi flexpriority ept vpid fsgsbase tsc_adjust bmi1 avx2 smep bmi2 erms invpcid xsaveopt dtherm ida arat pln pts
bugs		:
bogomips	: 4788.97
clflush size	: 64
cache_alignment	: 64
address sizes	: 39 bits physical, 48 bits virtual
power management:

processor	: 6
vendor_id	: GenuineIntel
cpu family	: 6
model		: 60
model name	: Intel(R) Core(TM) i7-4700MQ CPU @ 2.40GHz
stepping	: 3
microcode	: 0x16
cpu MHz		: 1599.937
cache size	: 6144 KB
physical id	: 0
siblings	: 8
core id		: 3
cpu cores	: 4
apicid		: 6
initial apicid	: 6
fpu		: yes
fpu_exception	: yes
cpuid level	: 13
wp		: yes
flags		: fpu vme de pse tsc msr pae mce cx8 apic sep mtrr pge mca cmov pat pse36 clflush dts acpi mmx fxsr sse sse2 ss ht tm pbe syscall nx pdpe1gb rdtscp lm constant_tsc arch_perfmon pebs bts rep_good nopl xtopology nonstop_tsc aperfmperf eagerfpu pni pclmulqdq dtes64 monitor ds_cpl vmx est tm2 ssse3 sdbg fma cx16 xtpr pdcm pcid sse4_1 sse4_2 movbe popcnt tsc_deadline_timer aes xsave avx f16c rdrand lahf_lm abm epb tpr_shadow vnmi flexpriority ept vpid fsgsbase tsc_adjust bmi1 avx2 smep bmi2 erms invpcid xsaveopt dtherm ida arat pln pts
bugs		:
bogomips	: 4788.97
clflush size	: 64
cache_alignment	: 64
address sizes	: 39 bits physical, 48 bits virtual
power management:

processor	: 7
vendor_id	: GenuineIntel
cpu family	: 6
model		: 60
model name	: Intel(R) Core(TM) i7-4700MQ CPU @ 2.40GHz
stepping	: 3
microcode	: 0x16
cpu MHz		: 1599.937
cache size	: 6144 KB
physical id	: 0
siblings	: 8
core id		: 3
cpu cores	: 4
apicid		: 7
initial apicid	: 7
fpu		: yes
fpu_exception	: yes
cpuid level	: 13
wp		: yes
flags		: fpu vme de pse tsc msr pae mce cx8 apic sep mtrr pge mca cmov pat pse36 clflush dts acpi mmx fxsr sse sse2 ss ht tm pbe syscall nx pdpe1gb rdtscp lm constant_tsc arch_perfmon pebs bts rep_good nopl xtopology nonstop_tsc aperfmperf eagerfpu pni pclmulqdq dtes64 monitor ds_cpl vmx est tm2 ssse3 sdbg fma cx16 xtpr pdcm pcid sse4_1 sse4_2 movbe popcnt tsc_deadline_timer aes xsave avx f16c rdrand lahf_lm abm epb tpr_shadow vnmi flexpriority ept vpid fsgsbase tsc_adjust bmi1 avx2 smep bmi2 erms invpcid xsaveopt dtherm ida arat pln pts
bugs		:
bogomips	: 4788.97
clflush size	: 64
cache_alignment	: 64
address sizes	: 39 bits physical, 48 bits virtual
power management:



Memory: 4k page, physical 8101800k(277700k free), swap 0k(0k free)

vm_info: Java HotSpot(TM) 64-Bit Server VM (25.91-b14) for linux-amd64 JRE (1.8.0_91-b14), built on Apr  1 2016 00:57:21 by "java_re" with gcc 4.3.0 20080428 (Red Hat 4.3.0-8)

time: Thu Aug 11 11:34:33 2016
elapsed time: 5 seconds (0d 0h 0m 5s)

