#
# There is insufficient memory for the Java Runtime Environment to continue.
# Native memory allocation (mmap) failed to map 185073664 bytes for committing reserved memory.
# Possible reasons:
#   The system is out of physical RAM or swap space
#   In 32 bit mode, the process size limit was hit
# Possible solutions:
#   Reduce memory load on the system
#   Increase physical memory or swap space
#   Check if swap backing store is full
#   Use 64 bit Java on a 64 bit OS
#   Decrease Java heap size (-Xmx/-Xms)
#   Decrease number of Java threads
#   Decrease Java thread stack sizes (-Xss)
#   Set larger code cache with -XX:ReservedCodeCacheSize=
# This output file may be truncated or incomplete.
#
#  Out of Memory Error (os_linux.cpp:2627), pid=23654, tid=140518114674432
#
# JRE version: Java(TM) SE Runtime Environment (8.0_91-b14) (build 1.8.0_91-b14)
# Java VM: Java HotSpot(TM) 64-Bit Server VM (25.91-b14 mixed mode linux-amd64 compressed oops)
# Failed to write core dump. Core dumps have been disabled. To enable core dumping, try "ulimit -c unlimited" before starting Java again
#

---------------  T H R E A D  ---------------

Current thread (0x00007fccfc080000):  VMThread [stack: 0x00007fccec3f4000,0x00007fccec4f5000] [id=23667]

Stack: [0x00007fccec3f4000,0x00007fccec4f5000],  sp=0x00007fccec4f3020,  free space=1020k
Native frames: (J=compiled Java code, j=interpreted, Vv=VM code, C=native code)
V  [libjvm.so+0xabc18a]  VMError::report_and_die()+0x2ba
V  [libjvm.so+0x4fafeb]  report_vm_out_of_memory(char const*, int, unsigned long, VMErrorType, char const*)+0x8b
V  [libjvm.so+0x91cbb3]  os::Linux::commit_memory_impl(char*, unsigned long, bool)+0x103
V  [libjvm.so+0x91d109]  os::pd_commit_memory(char*, unsigned long, unsigned long, bool)+0x29
V  [libjvm.so+0x91740a]  os::commit_memory(char*, unsigned long, unsigned long, bool)+0x2a
V  [libjvm.so+0x98b033]  PSVirtualSpace::expand_by(unsigned long)+0x53
V  [libjvm.so+0x98c438]  PSYoungGen::resize_generation(unsigned long, unsigned long)+0xf8
V  [libjvm.so+0x98b592]  PSYoungGen::resize(unsigned long, unsigned long)+0x22
V  [libjvm.so+0x98886b]  PSScavenge::invoke_no_policy()+0xf3b
V  [libjvm.so+0x988ff1]  PSScavenge::invoke()+0x41
V  [libjvm.so+0x9408b0]  ParallelScavengeHeap::failed_mem_allocate(unsigned long)+0x70
V  [libjvm.so+0xabdba7]  VM_ParallelGCFailedAllocation::doit()+0x97
V  [libjvm.so+0xac55d5]  VM_Operation::evaluate()+0x55
V  [libjvm.so+0xac39aa]  VMThread::evaluate_operation(VM_Operation*)+0xba
V  [libjvm.so+0xac3d2e]  VMThread::loop()+0x1ce
V  [libjvm.so+0xac41a0]  VMThread::run()+0x70
V  [libjvm.so+0x91ef78]  java_start(Thread*)+0x108

VM_Operation (0x00007fcce51bbfc0): ParallelGCFailedAllocation, mode: safepoint, requested by thread 0x00007fccfc154800


---------------  P R O C E S S  ---------------

Java Threads: ( => current thread )
  0x00007fccfc154800 JavaThread "pool-2-thread-4" [_thread_blocked, id=23725, stack(0x00007fcce50bd000,0x00007fcce51be000)]
  0x00007fccfc152800 JavaThread "pool-2-thread-3" [_thread_blocked, id=23724, stack(0x00007fcce51be000,0x00007fcce52bf000)]
  0x00007fccfc151000 JavaThread "pool-2-thread-2" [_thread_blocked, id=23723, stack(0x00007fcce52bf000,0x00007fcce53c0000)]
  0x00007fccfc14f800 JavaThread "pool-3-thread-1" [_thread_blocked, id=23722, stack(0x00007fcce53c0000,0x00007fcce54c1000)]
  0x00007fccfc14d800 JavaThread "pool-2-thread-1" [_thread_blocked, id=23721, stack(0x00007fcce54c1000,0x00007fcce55c2000)]
  0x00007fccfc0cb800 JavaThread "Service Thread" daemon [_thread_blocked, id=23678, stack(0x00007fcce56c3000,0x00007fcce57c4000)]
  0x00007fccfc0c8800 JavaThread "C1 CompilerThread3" daemon [_thread_blocked, id=23677, stack(0x00007fcce57c4000,0x00007fcce58c5000)]
  0x00007fccfc0c6800 JavaThread "C2 CompilerThread2" daemon [_thread_in_native, id=23676, stack(0x00007fcce58c5000,0x00007fcce59c6000)]
  0x00007fccfc0c5000 JavaThread "C2 CompilerThread1" daemon [_thread_blocked, id=23675, stack(0x00007fcce59c6000,0x00007fcce5ac7000)]
  0x00007fccfc0c2000 JavaThread "C2 CompilerThread0" daemon [_thread_in_native, id=23674, stack(0x00007fcce5ac7000,0x00007fcce5bc8000)]
  0x00007fccfc0c0800 JavaThread "Signal Dispatcher" daemon [_thread_blocked, id=23673, stack(0x00007fccec0f1000,0x00007fccec1f2000)]
  0x00007fccfc08c000 JavaThread "Finalizer" daemon [_thread_blocked, id=23669, stack(0x00007fccec1f2000,0x00007fccec2f3000)]
  0x00007fccfc087800 JavaThread "Reference Handler" daemon [_thread_blocked, id=23668, stack(0x00007fccec2f3000,0x00007fccec3f4000)]
  0x00007fccfc00a000 JavaThread "main" [_thread_blocked, id=23656, stack(0x00007fcd05b7b000,0x00007fcd05c7c000)]

Other Threads:
=>0x00007fccfc080000 VMThread [stack: 0x00007fccec3f4000,0x00007fccec4f5000] [id=23667]
  0x00007fccfc0ce800 WatcherThread [stack: 0x00007fcce55c2000,0x00007fcce56c3000] [id=23679]

VM state:at safepoint (normal execution)

VM Mutex/Monitor currently owned by a thread:  ([mutex/lock_event])
[0x00007fccfc0064d0] Threads_lock - owner thread: 0x00007fccfc080000
[0x00007fccfc0069d0] Heap_lock - owner thread: 0x00007fccfc154800

Heap:
 PSYoungGen      total 132096K, used 5109K [0x00000000eab00000, 0x00000000f3100000, 0x0000000100000000)
  eden space 126976K, 0% used [0x00000000eab00000,0x00000000eab00000,0x00000000f2700000)
  from space 5120K, 99% used [0x00000000f2700000,0x00000000f2bfd760,0x00000000f2c00000)
  to   space 5120K, 0% used [0x00000000f2c00000,0x00000000f2c00000,0x00000000f3100000)
 ParOldGen       total 93184K, used 57784K [0x00000000c0000000, 0x00000000c5b00000, 0x00000000eab00000)
  object space 93184K, 62% used [0x00000000c0000000,0x00000000c386e108,0x00000000c5b00000)
 Metaspace       used 5834K, capacity 6960K, committed 7040K, reserved 1056768K
  class space    used 581K, capacity 616K, committed 640K, reserved 1048576K

Card table byte_map: [0x00007fcd02731000,0x00007fcd02932000] byte_map_base: 0x00007fcd02131000

Marking Bits: (ParMarkBitMap*) 0x00007fcd05050d60
 Begin Bits: [0x00007fcce6000000, 0x00007fcce7000000)
 End Bits:   [0x00007fcce7000000, 0x00007fcce8000000)

Polling page: 0x00007fcd05ca0000

CodeCache: size=245760Kb used=6262Kb max_used=6262Kb free=239497Kb
 bounds [0x00007fcced000000, 0x00007fcced630000, 0x00007fccfc000000]
 total_blobs=1718 nmethods=1456 adapters=175
 compilation: enabled

Compilation events (10 events):
Event: 5.612 Thread 0x00007fccfc0c8800 1675 %     3       com.android.dx.ssa.SsaMethod::makeExitBlock @ 69 (134 bytes)
Event: 5.613 Thread 0x00007fccfc0c8800 nmethod 1675% 0x00007fcced618810 code [0x00007fcced618aa0, 0x00007fcced619a18]
Event: 5.613 Thread 0x00007fccfc0c8800 1676       3       com.android.dx.ssa.SsaMethod::makeExitBlock (134 bytes)
Event: 5.615 Thread 0x00007fccfc0c8800 nmethod 1676 0x00007fcced61a210 code [0x00007fcced61a480, 0x00007fcced61b308]
Event: 5.628 Thread 0x00007fccfc0c8800 1677 %     3       com.android.dx.ssa.SCCP::replaceConstants @ 2 (209 bytes)
Event: 5.629 Thread 0x00007fccfc0c8800 nmethod 1677% 0x00007fcced61bad0 code [0x00007fcced61be00, 0x00007fcced61d9b8]
Event: 5.630 Thread 0x00007fccfc0c8800 1678       3       com.android.dx.ssa.SCCP::replaceConstants (209 bytes)
Event: 5.631 Thread 0x00007fccfc0c8800 nmethod 1678 0x00007fcced61e910 code [0x00007fcced61ec40, 0x00007fcced620778]
Event: 5.632 Thread 0x00007fccfc0c8800 1680       2       com.android.dx.util.Bits::bitCount (29 bytes)
Event: 5.632 Thread 0x00007fccfc0c8800 nmethod 1680 0x00007fcced621690 code [0x00007fcced621800, 0x00007fcced6219e8]

GC Heap History (10 events):
Event: 1.445 GC heap after
Heap after GC invocations=1 (full 0):
 PSYoungGen      total 36864K, used 5088K [0x00000000eab00000, 0x00000000ef300000, 0x0000000100000000)
  eden space 31744K, 0% used [0x00000000eab00000,0x00000000eab00000,0x00000000eca00000)
  from space 5120K, 99% used [0x00000000eca00000,0x00000000ecef8030,0x00000000ecf00000)
  to   space 5120K, 0% used [0x00000000eee00000,0x00000000eee00000,0x00000000ef300000)
 ParOldGen       total 84992K, used 1775K [0x00000000c0000000, 0x00000000c5300000, 0x00000000eab00000)
  object space 84992K, 2% used [0x00000000c0000000,0x00000000c01bbd58,0x00000000c5300000)
 Metaspace       used 5588K, capacity 6768K, committed 7040K, reserved 1056768K
  class space    used 575K, capacity 616K, committed 640K, reserved 1048576K
}
Event: 4.080 GC heap before
{Heap before GC invocations=2 (full 0):
 PSYoungGen      total 36864K, used 36832K [0x00000000eab00000, 0x00000000ef300000, 0x0000000100000000)
  eden space 31744K, 100% used [0x00000000eab00000,0x00000000eca00000,0x00000000eca00000)
  from space 5120K, 99% used [0x00000000eca00000,0x00000000ecef8030,0x00000000ecf00000)
  to   space 5120K, 0% used [0x00000000eee00000,0x00000000eee00000,0x00000000ef300000)
 ParOldGen       total 84992K, used 1775K [0x00000000c0000000, 0x00000000c5300000, 0x00000000eab00000)
  object space 84992K, 2% used [0x00000000c0000000,0x00000000c01bbd58,0x00000000c5300000)
 Metaspace       used 5684K, capacity 6832K, committed 7040K, reserved 1056768K
  class space    used 578K, capacity 616K, committed 640K, reserved 1048576K
Event: 4.141 GC heap after
Heap after GC invocations=2 (full 0):
 PSYoungGen      total 68608K, used 5118K [0x00000000eab00000, 0x00000000ef300000, 0x0000000100000000)
  eden space 63488K, 0% used [0x00000000eab00000,0x00000000eab00000,0x00000000ee900000)
  from space 5120K, 99% used [0x00000000eee00000,0x00000000ef2ffa08,0x00000000ef300000)
  to   space 5120K, 0% used [0x00000000ee900000,0x00000000ee900000,0x00000000eee00000)
 ParOldGen       total 84992K, used 14747K [0x00000000c0000000, 0x00000000c5300000, 0x00000000eab00000)
  object space 84992K, 17% used [0x00000000c0000000,0x00000000c0e66cc8,0x00000000c5300000)
 Metaspace       used 5684K, capacity 6832K, committed 7040K, reserved 1056768K
  class space    used 578K, capacity 616K, committed 640K, reserved 1048576K
}
Event: 4.390 GC heap before
{Heap before GC invocations=3 (full 0):
 PSYoungGen      total 68608K, used 68606K [0x00000000eab00000, 0x00000000ef300000, 0x0000000100000000)
  eden space 63488K, 100% used [0x00000000eab00000,0x00000000ee900000,0x00000000ee900000)
  from space 5120K, 99% used [0x00000000eee00000,0x00000000ef2ffa08,0x00000000ef300000)
  to   space 5120K, 0% used [0x00000000ee900000,0x00000000ee900000,0x00000000eee00000)
 ParOldGen       total 84992K, used 14747K [0x00000000c0000000, 0x00000000c5300000, 0x00000000eab00000)
  object space 84992K, 17% used [0x00000000c0000000,0x00000000c0e66cc8,0x00000000c5300000)
 Metaspace       used 5709K, capacity 6896K, committed 7040K, reserved 1056768K
  class space    used 579K, capacity 616K, committed 640K, reserved 1048576K
Event: 4.442 GC heap after
Heap after GC invocations=3 (full 0):
 PSYoungGen      total 68608K, used 5109K [0x00000000eab00000, 0x00000000f3100000, 0x0000000100000000)
  eden space 63488K, 0% used [0x00000000eab00000,0x00000000eab00000,0x00000000ee900000)
  from space 5120K, 99% used [0x00000000ee900000,0x00000000eedfd508,0x00000000eee00000)
  to   space 5120K, 0% used [0x00000000f2c00000,0x00000000f2c00000,0x00000000f3100000)
 ParOldGen       total 84992K, used 40337K [0x00000000c0000000, 0x00000000c5300000, 0x00000000eab00000)
  object space 84992K, 47% used [0x00000000c0000000,0x00000000c2764448,0x00000000c5300000)
 Metaspace       used 5709K, capacity 6896K, committed 7040K, reserved 1056768K
  class space    used 579K, capacity 616K, committed 640K, reserved 1048576K
}
Event: 4.795 GC heap before
{Heap before GC invocations=4 (full 0):
 PSYoungGen      total 68608K, used 68597K [0x00000000eab00000, 0x00000000f3100000, 0x0000000100000000)
  eden space 63488K, 100% used [0x00000000eab00000,0x00000000ee900000,0x00000000ee900000)
  from space 5120K, 99% used [0x00000000ee900000,0x00000000eedfd508,0x00000000eee00000)
  to   space 5120K, 0% used [0x00000000f2c00000,0x00000000f2c00000,0x00000000f3100000)
 ParOldGen       total 84992K, used 40337K [0x00000000c0000000, 0x00000000c5300000, 0x00000000eab00000)
  object space 84992K, 47% used [0x00000000c0000000,0x00000000c2764448,0x00000000c5300000)
 Metaspace       used 5757K, capacity 6896K, committed 7040K, reserved 1056768K
  class space    used 579K, capacity 616K, committed 640K, reserved 1048576K
Event: 4.919 GC heap after
Heap after GC invocations=4 (full 0):
 PSYoungGen      total 132096K, used 5090K [0x00000000eab00000, 0x00000000f3100000, 0x0000000100000000)
  eden space 126976K, 0% used [0x00000000eab00000,0x00000000eab00000,0x00000000f2700000)
  from space 5120K, 99% used [0x00000000f2c00000,0x00000000f30f8878,0x00000000f3100000)
  to   space 5120K, 0% used [0x00000000f2700000,0x00000000f2700000,0x00000000f2c00000)
 ParOldGen       total 84992K, used 60403K [0x00000000c0000000, 0x00000000c5300000, 0x00000000eab00000)
  object space 84992K, 71% used [0x00000000c0000000,0x00000000c3afcf40,0x00000000c5300000)
 Metaspace       used 5757K, capacity 6896K, committed 7040K, reserved 1056768K
  class space    used 579K, capacity 616K, committed 640K, reserved 1048576K
}
Event: 4.919 GC heap before
{Heap before GC invocations=5 (full 1):
 PSYoungGen      total 132096K, used 5090K [0x00000000eab00000, 0x00000000f3100000, 0x0000000100000000)
  eden space 126976K, 0% used [0x00000000eab00000,0x00000000eab00000,0x00000000f2700000)
  from space 5120K, 99% used [0x00000000f2c00000,0x00000000f30f8878,0x00000000f3100000)
  to   space 5120K, 0% used [0x00000000f2700000,0x00000000f2700000,0x00000000f2c00000)
 ParOldGen       total 84992K, used 60403K [0x00000000c0000000, 0x00000000c5300000, 0x00000000eab00000)
  object space 84992K, 71% used [0x00000000c0000000,0x00000000c3afcf40,0x00000000c5300000)
 Metaspace       used 5757K, capacity 6896K, committed 7040K, reserved 1056768K
  class space    used 579K, capacity 616K, committed 640K, reserved 1048576K
Event: 5.123 GC heap after
Heap after GC invocations=5 (full 1):
 PSYoungGen      total 132096K, used 0K [0x00000000eab00000, 0x00000000f3100000, 0x0000000100000000)
  eden space 126976K, 0% used [0x00000000eab00000,0x00000000eab00000,0x00000000f2700000)
  from space 5120K, 0% used [0x00000000f2c00000,0x00000000f2c00000,0x00000000f3100000)
  to   space 5120K, 0% used [0x00000000f2700000,0x00000000f2700000,0x00000000f2c00000)
 ParOldGen       total 93184K, used 21045K [0x00000000c0000000, 0x00000000c5b00000, 0x00000000eab00000)
  object space 93184K, 22% used [0x00000000c0000000,0x00000000c148d608,0x00000000c5b00000)
 Metaspace       used 5757K, capacity 6896K, committed 7040K, reserved 1056768K
  class space    used 579K, capacity 616K, committed 640K, reserved 1048576K
}
Event: 5.667 GC heap before
{Heap before GC invocations=6 (full 1):
 PSYoungGen      total 132096K, used 126976K [0x00000000eab00000, 0x00000000f3100000, 0x0000000100000000)
  eden space 126976K, 100% used [0x00000000eab00000,0x00000000f2700000,0x00000000f2700000)
  from space 5120K, 0% used [0x00000000f2c00000,0x00000000f2c00000,0x00000000f3100000)
  to   space 5120K, 0% used [0x00000000f2700000,0x00000000f2700000,0x00000000f2c00000)
 ParOldGen       total 93184K, used 21045K [0x00000000c0000000, 0x00000000c5b00000, 0x00000000eab00000)
  object space 93184K, 22% used [0x00000000c0000000,0x00000000c148d608,0x00000000c5b00000)
 Metaspace       used 5834K, capacity 6960K, committed 7040K, reserved 1056768K
  class space    used 581K, capacity 616K, committed 640K, reserved 1048576K

Deoptimization events (10 events):
Event: 1.455 Thread 0x00007fccfc152800 Uncommon trap: reason=bimorphic action=maybe_recompile pc=0x00007fcced1f70b4 method=java.util.HashMap.getNode(ILjava/lang/Object;)Ljava/util/HashMap$Node; @ 126
Event: 1.455 Thread 0x00007fccfc152800 Uncommon trap: reason=bimorphic action=maybe_recompile pc=0x00007fcced1f70b4 method=java.util.HashMap.getNode(ILjava/lang/Object;)Ljava/util/HashMap$Node; @ 126
Event: 1.581 Thread 0x00007fccfc151000 Uncommon trap: reason=class_check action=maybe_recompile pc=0x00007fcced26db78 method=com.android.dx.rop.type.Type.equals(Ljava/lang/Object;)Z @ 8
Event: 1.581 Thread 0x00007fccfc151000 Uncommon trap: reason=class_check action=maybe_recompile pc=0x00007fcced26db78 method=com.android.dx.rop.type.Type.equals(Ljava/lang/Object;)Z @ 8
Event: 1.596 Thread 0x00007fccfc151000 Uncommon trap: reason=unstable_if action=reinterpret pc=0x00007fcced2edb70 method=com.android.dx.rop.code.RegisterSpec.equals(ILcom/android/dx/rop/type/TypeBearer;Lcom/android/dx/rop/code/LocalItem;)Z @ 16
Event: 4.692 Thread 0x00007fccfc152800 Uncommon trap: reason=unstable_if action=reinterpret pc=0x00007fcced4a7ae4 method=com.android.dx.rop.code.RegisterSpecSet.intersect(Lcom/android/dx/rop/code/RegisterSpecSet;Z)V @ 73
Event: 4.702 Thread 0x00007fccfc151000 Uncommon trap: reason=unstable_if action=reinterpret pc=0x00007fcced17945c method=com.android.dx.rop.cst.Constant.compareTo(Lcom/android/dx/rop/cst/Constant;)I @ 12
Event: 5.131 Thread 0x00007fccfc00a000 Uncommon trap: reason=unloaded action=reinterpret pc=0x00007fcced3d8eb8 method=com.android.dx.cf.cst.ConstantPoolParser.parse0(ILjava/util/BitSet;)Lcom/android/dx/rop/cst/Constant; @ 198
Event: 5.169 Thread 0x00007fccfc14d800 Uncommon trap: reason=unstable_if action=reinterpret pc=0x00007fcced4157c0 method=com.android.dx.cf.code.RopperMachine.run(Lcom/android/dx/cf/code/Frame;II)V @ 1019
Event: 5.181 Thread 0x00007fccfc14d800 Uncommon trap: reason=unstable_if action=reinterpret pc=0x00007fcced3b7834 method=com.android.dx.rop.code.LocalItem.hashCode()I @ 25

Internal exceptions (2 events):
Event: 0.197 Thread 0x00007fccfc00a000 Exception <a 'java/lang/NoSuchMethodError': Method sun.misc.Unsafe.defineClass(Ljava/lang/String;[BII)Ljava/lang/Class; name or signature does not match> (0x00000000eab07cc0) thrown at [/HUDSON/workspace/8-2-build-linux-amd64/jdk8u91/6644/hotspot/src/shar
Event: 0.197 Thread 0x00007fccfc00a000 Exception <a 'java/lang/NoSuchMethodError': Method sun.misc.Unsafe.prefetchRead(Ljava/lang/Object;J)V name or signature does not match> (0x00000000eab07fa8) thrown at [/HUDSON/workspace/8-2-build-linux-amd64/jdk8u91/6644/hotspot/src/share/vm/prims/jni.cpp

Events (10 events):
Event: 5.578 Thread 0x00007fccfc00a000 DEOPT UNPACKING pc=0x00007fcced047633 sp=0x00007fcd05c79100 mode 0
Event: 5.580 Thread 0x00007fccfc154800 DEOPT PACKING pc=0x00007fcced58800b sp=0x00007fcce51bc1e0
Event: 5.580 Thread 0x00007fccfc154800 DEOPT UNPACKING pc=0x00007fcced047633 sp=0x00007fcce51bbf98 mode 0
Event: 5.584 Thread 0x00007fccfc154800 DEOPT PACKING pc=0x00007fcced5ab58c sp=0x00007fcce51bc210
Event: 5.584 Thread 0x00007fccfc154800 DEOPT UNPACKING pc=0x00007fcced047633 sp=0x00007fcce51bbfa0 mode 0
Event: 5.615 Thread 0x00007fccfc154800 DEOPT PACKING pc=0x00007fcced5f244f sp=0x00007fcce51bc220
Event: 5.615 Thread 0x00007fccfc154800 DEOPT UNPACKING pc=0x00007fcced047633 sp=0x00007fcce51bc008 mode 0
Event: 5.631 Thread 0x00007fccfc154800 DEOPT PACKING pc=0x00007fcced5d9fec sp=0x00007fcce51bc150
Event: 5.631 Thread 0x00007fccfc154800 DEOPT UNPACKING pc=0x00007fcced047633 sp=0x00007fcce51bbeb8 mode 0
Event: 5.651 Executing VM operation: ParallelGCFailedAllocation


Dynamic libraries:
00400000-00401000 r-xp 00000000 08:01 9839507                            /usr/lib/jvm/java-8-oracle/bin/java
00600000-00601000 rw-p 00000000 08:01 9839507                            /usr/lib/jvm/java-8-oracle/bin/java
01f50000-01f71000 rw-p 00000000 00:00 0                                  [heap]
c0000000-c5b00000 rw-p 00000000 00:00 0 
c5b00000-eab00000 ---p 00000000 00:00 0 
eab00000-f3100000 rw-p 00000000 00:00 0 
fe180000-100000000 ---p 00000000 00:00 0 
100000000-1000a0000 rw-p 00000000 00:00 0 
1000a0000-140000000 ---p 00000000 00:00 0 
7fcc88000000-7fcc88021000 rw-p 00000000 00:00 0 
7fcc88021000-7fcc8c000000 ---p 00000000 00:00 0 
7fcc8c000000-7fcc8c022000 rw-p 00000000 00:00 0 
7fcc8c022000-7fcc90000000 ---p 00000000 00:00 0 
7fcc90000000-7fcc90021000 rw-p 00000000 00:00 0 
7fcc90021000-7fcc94000000 ---p 00000000 00:00 0 
7fcc94000000-7fcc94039000 rw-p 00000000 00:00 0 
7fcc94039000-7fcc98000000 ---p 00000000 00:00 0 
7fcc98000000-7fcc98021000 rw-p 00000000 00:00 0 
7fcc98021000-7fcc9c000000 ---p 00000000 00:00 0 
7fcc9c000000-7fcc9c03c000 rw-p 00000000 00:00 0 
7fcc9c03c000-7fcca0000000 ---p 00000000 00:00 0 
7fcca0000000-7fcca0a69000 rw-p 00000000 00:00 0 
7fcca0a69000-7fcca4000000 ---p 00000000 00:00 0 
7fcca4000000-7fcca4021000 rw-p 00000000 00:00 0 
7fcca4021000-7fcca8000000 ---p 00000000 00:00 0 
7fcca8000000-7fcca8ba3000 rw-p 00000000 00:00 0 
7fcca8ba3000-7fccac000000 ---p 00000000 00:00 0 
7fccac000000-7fccad2fc000 rw-p 00000000 00:00 0 
7fccad2fc000-7fccb0000000 ---p 00000000 00:00 0 
7fccb0000000-7fccb0021000 rw-p 00000000 00:00 0 
7fccb0021000-7fccb4000000 ---p 00000000 00:00 0 
7fccb4000000-7fccb5372000 rw-p 00000000 00:00 0 
7fccb5372000-7fccb8000000 ---p 00000000 00:00 0 
7fccb8000000-7fccb8021000 rw-p 00000000 00:00 0 
7fccb8021000-7fccbc000000 ---p 00000000 00:00 0 
7fccbc000000-7fccbc021000 rw-p 00000000 00:00 0 
7fccbc021000-7fccc0000000 ---p 00000000 00:00 0 
7fccc0000000-7fccc0021000 rw-p 00000000 00:00 0 
7fccc0021000-7fccc4000000 ---p 00000000 00:00 0 
7fccc4000000-7fccc428f000 rw-p 00000000 00:00 0 
7fccc428f000-7fccc8000000 ---p 00000000 00:00 0 
7fccc8000000-7fccc8021000 rw-p 00000000 00:00 0 
7fccc8021000-7fcccc000000 ---p 00000000 00:00 0 
7fcccc000000-7fcccc021000 rw-p 00000000 00:00 0 
7fcccc021000-7fccd0000000 ---p 00000000 00:00 0 
7fccd0000000-7fccd0021000 rw-p 00000000 00:00 0 
7fccd0021000-7fccd4000000 ---p 00000000 00:00 0 
7fccd4000000-7fccd4021000 rw-p 00000000 00:00 0 
7fccd4021000-7fccd8000000 ---p 00000000 00:00 0 
7fccd8000000-7fccd8021000 rw-p 00000000 00:00 0 
7fccd8021000-7fccdc000000 ---p 00000000 00:00 0 
7fcce0000000-7fcce0021000 rw-p 00000000 00:00 0 
7fcce0021000-7fcce4000000 ---p 00000000 00:00 0 
7fcce50bd000-7fcce50c0000 ---p 00000000 00:00 0 
7fcce50c0000-7fcce51be000 rw-p 00000000 00:00 0 
7fcce51be000-7fcce51c1000 ---p 00000000 00:00 0 
7fcce51c1000-7fcce52bf000 rw-p 00000000 00:00 0 
7fcce52bf000-7fcce52c2000 ---p 00000000 00:00 0 
7fcce52c2000-7fcce53c0000 rw-p 00000000 00:00 0 
7fcce53c0000-7fcce53c3000 ---p 00000000 00:00 0 
7fcce53c3000-7fcce54c1000 rw-p 00000000 00:00 0 
7fcce54c1000-7fcce54c4000 ---p 00000000 00:00 0 
7fcce54c4000-7fcce55c2000 rw-p 00000000 00:00 0 
7fcce55c2000-7fcce55c3000 ---p 00000000 00:00 0 
7fcce55c3000-7fcce56c3000 rw-p 00000000 00:00 0 
7fcce56c3000-7fcce56c6000 ---p 00000000 00:00 0 
7fcce56c6000-7fcce57c4000 rw-p 00000000 00:00 0 
7fcce57c4000-7fcce57c7000 ---p 00000000 00:00 0 
7fcce57c7000-7fcce58c5000 rw-p 00000000 00:00 0 
7fcce58c5000-7fcce58c8000 ---p 00000000 00:00 0 
7fcce58c8000-7fcce59c6000 rw-p 00000000 00:00 0 
7fcce59c6000-7fcce59c9000 ---p 00000000 00:00 0 
7fcce59c9000-7fcce5ac7000 rw-p 00000000 00:00 0 
7fcce5ac7000-7fcce5aca000 ---p 00000000 00:00 0 
7fcce5aca000-7fcce5bc8000 rw-p 00000000 00:00 0 
7fcce5bc8000-7fcce6000000 r--p 00000000 08:01 9700768                    /usr/lib/locale/locale-archive
7fcce6000000-7fcce8000000 rw-p 00000000 00:00 0 
7fcce8000000-7fcce8021000 rw-p 00000000 00:00 0 
7fcce8021000-7fccec000000 ---p 00000000 00:00 0 
7fccec0f1000-7fccec0f4000 ---p 00000000 00:00 0 
7fccec0f4000-7fccec1f2000 rw-p 00000000 00:00 0 
7fccec1f2000-7fccec1f5000 ---p 00000000 00:00 0 
7fccec1f5000-7fccec2f3000 rw-p 00000000 00:00 0 
7fccec2f3000-7fccec2f6000 ---p 00000000 00:00 0 
7fccec2f6000-7fccec3f4000 rw-p 00000000 00:00 0 
7fccec3f4000-7fccec3f5000 ---p 00000000 00:00 0 
7fccec3f5000-7fcced000000 rw-p 00000000 00:00 0 
7fcced000000-7fcced630000 rwxp 00000000 00:00 0 
7fcced630000-7fccfc000000 ---p 00000000 00:00 0 
7fccfc000000-7fccfc39b000 rw-p 00000000 00:00 0 
7fccfc39b000-7fcd00000000 ---p 00000000 00:00 0 
7fcd0003d000-7fcd0004b000 r--s 000e0000 08:01 5245789                    /home/oguz/Android/Sdk/build-tools/24.0.2/lib/dx.jar
7fcd0004b000-7fcd01184000 rw-p 00000000 00:00 0 
7fcd01184000-7fcd0135d000 r--s 03d1f000 08:01 9967487                    /usr/lib/jvm/java-8-oracle/jre/lib/rt.jar
7fcd0135d000-7fcd01a13000 rw-p 00000000 00:00 0 
7fcd01a13000-7fcd01bd3000 ---p 00000000 00:00 0 
7fcd01bd3000-7fcd01dd3000 rw-p 00000000 00:00 0 
7fcd01dd3000-7fcd01dd4000 ---p 00000000 00:00 0 
7fcd01dd4000-7fcd01ed4000 rw-p 00000000 00:00 0 
7fcd01ed4000-7fcd01ed5000 ---p 00000000 00:00 0 
7fcd01ed5000-7fcd01fd5000 rw-p 00000000 00:00 0 
7fcd01fd5000-7fcd01fd6000 ---p 00000000 00:00 0 
7fcd01fd6000-7fcd020d6000 rw-p 00000000 00:00 0 
7fcd020d6000-7fcd020d7000 ---p 00000000 00:00 0 
7fcd020d7000-7fcd021d7000 rw-p 00000000 00:00 0 
7fcd021d7000-7fcd021d8000 ---p 00000000 00:00 0 
7fcd021d8000-7fcd022d8000 rw-p 00000000 00:00 0 
7fcd022d8000-7fcd022d9000 ---p 00000000 00:00 0 
7fcd022d9000-7fcd023d9000 rw-p 00000000 00:00 0 
7fcd023d9000-7fcd023da000 ---p 00000000 00:00 0 
7fcd023da000-7fcd024da000 rw-p 00000000 00:00 0 
7fcd024da000-7fcd024db000 ---p 00000000 00:00 0 
7fcd024db000-7fcd02609000 rw-p 00000000 00:00 0 
7fcd02609000-7fcd02731000 ---p 00000000 00:00 0 
7fcd02731000-7fcd0275f000 rw-p 00000000 00:00 0 
7fcd0275f000-7fcd02886000 ---p 00000000 00:00 0 
7fcd02886000-7fcd028ca000 rw-p 00000000 00:00 0 
7fcd028ca000-7fcd02931000 ---p 00000000 00:00 0 
7fcd02931000-7fcd0294b000 rw-p 00000000 00:00 0 
7fcd0294b000-7fcd02cf2000 ---p 00000000 00:00 0 
7fcd02cf2000-7fcd02d0c000 r-xp 00000000 08:01 10092954                   /usr/lib/jvm/java-8-oracle/jre/lib/amd64/libzip.so
7fcd02d0c000-7fcd02f0c000 ---p 0001a000 08:01 10092954                   /usr/lib/jvm/java-8-oracle/jre/lib/amd64/libzip.so
7fcd02f0c000-7fcd02f0d000 rw-p 0001a000 08:01 10092954                   /usr/lib/jvm/java-8-oracle/jre/lib/amd64/libzip.so
7fcd02f0d000-7fcd02f18000 r-xp 00000000 08:01 7603299                    /lib/x86_64-linux-gnu/libnss_files-2.23.so
7fcd02f18000-7fcd03117000 ---p 0000b000 08:01 7603299                    /lib/x86_64-linux-gnu/libnss_files-2.23.so
7fcd03117000-7fcd03118000 r--p 0000a000 08:01 7603299                    /lib/x86_64-linux-gnu/libnss_files-2.23.so
7fcd03118000-7fcd03119000 rw-p 0000b000 08:01 7603299                    /lib/x86_64-linux-gnu/libnss_files-2.23.so
7fcd03119000-7fcd0311f000 rw-p 00000000 00:00 0 
7fcd0311f000-7fcd0312a000 r-xp 00000000 08:01 7603296                    /lib/x86_64-linux-gnu/libnss_nis-2.23.so
7fcd0312a000-7fcd03329000 ---p 0000b000 08:01 7603296                    /lib/x86_64-linux-gnu/libnss_nis-2.23.so
7fcd03329000-7fcd0332a000 r--p 0000a000 08:01 7603296                    /lib/x86_64-linux-gnu/libnss_nis-2.23.so
7fcd0332a000-7fcd0332b000 rw-p 0000b000 08:01 7603296                    /lib/x86_64-linux-gnu/libnss_nis-2.23.so
7fcd0332b000-7fcd03341000 r-xp 00000000 08:01 7603294                    /lib/x86_64-linux-gnu/libnsl-2.23.so
7fcd03341000-7fcd03541000 ---p 00016000 08:01 7603294                    /lib/x86_64-linux-gnu/libnsl-2.23.so
7fcd03541000-7fcd03542000 r--p 00016000 08:01 7603294                    /lib/x86_64-linux-gnu/libnsl-2.23.so
7fcd03542000-7fcd03543000 rw-p 00017000 08:01 7603294                    /lib/x86_64-linux-gnu/libnsl-2.23.so
7fcd03543000-7fcd03545000 rw-p 00000000 00:00 0 
7fcd03545000-7fcd0354d000 r-xp 00000000 08:01 7603292                    /lib/x86_64-linux-gnu/libnss_compat-2.23.so
7fcd0354d000-7fcd0374c000 ---p 00008000 08:01 7603292                    /lib/x86_64-linux-gnu/libnss_compat-2.23.so
7fcd0374c000-7fcd0374d000 r--p 00007000 08:01 7603292                    /lib/x86_64-linux-gnu/libnss_compat-2.23.so
7fcd0374d000-7fcd0374e000 rw-p 00008000 08:01 7603292                    /lib/x86_64-linux-gnu/libnss_compat-2.23.so
7fcd0374e000-7fcd03778000 r-xp 00000000 08:01 10092949                   /usr/lib/jvm/java-8-oracle/jre/lib/amd64/libjava.so
7fcd03778000-7fcd03978000 ---p 0002a000 08:01 10092949                   /usr/lib/jvm/java-8-oracle/jre/lib/amd64/libjava.so
7fcd03978000-7fcd0397a000 rw-p 0002a000 08:01 10092949                   /usr/lib/jvm/java-8-oracle/jre/lib/amd64/libjava.so
7fcd0397a000-7fcd03987000 r-xp 00000000 08:01 10092953                   /usr/lib/jvm/java-8-oracle/jre/lib/amd64/libverify.so
7fcd03987000-7fcd03b87000 ---p 0000d000 08:01 10092953                   /usr/lib/jvm/java-8-oracle/jre/lib/amd64/libverify.so
7fcd03b87000-7fcd03b89000 rw-p 0000d000 08:01 10092953                   /usr/lib/jvm/java-8-oracle/jre/lib/amd64/libverify.so
7fcd03b89000-7fcd03b90000 r-xp 00000000 08:01 7603308                    /lib/x86_64-linux-gnu/librt-2.23.so
7fcd03b90000-7fcd03d8f000 ---p 00007000 08:01 7603308                    /lib/x86_64-linux-gnu/librt-2.23.so
7fcd03d8f000-7fcd03d90000 r--p 00006000 08:01 7603308                    /lib/x86_64-linux-gnu/librt-2.23.so
7fcd03d90000-7fcd03d91000 rw-p 00007000 08:01 7603308                    /lib/x86_64-linux-gnu/librt-2.23.so
7fcd03d91000-7fcd03e99000 r-xp 00000000 08:01 7603305                    /lib/x86_64-linux-gnu/libm-2.23.so
7fcd03e99000-7fcd04098000 ---p 00108000 08:01 7603305                    /lib/x86_64-linux-gnu/libm-2.23.so
7fcd04098000-7fcd04099000 r--p 00107000 08:01 7603305                    /lib/x86_64-linux-gnu/libm-2.23.so
7fcd04099000-7fcd0409a000 rw-p 00108000 08:01 7603305                    /lib/x86_64-linux-gnu/libm-2.23.so
7fcd0409a000-7fcd04d5a000 r-xp 00000000 08:01 10092932                   /usr/lib/jvm/java-8-oracle/jre/lib/amd64/server/libjvm.so
7fcd04d5a000-7fcd04f5a000 ---p 00cc0000 08:01 10092932                   /usr/lib/jvm/java-8-oracle/jre/lib/amd64/server/libjvm.so
7fcd04f5a000-7fcd05032000 rw-p 00cc0000 08:01 10092932                   /usr/lib/jvm/java-8-oracle/jre/lib/amd64/server/libjvm.so
7fcd05032000-7fcd0507d000 rw-p 00000000 00:00 0 
7fcd0507d000-7fcd0523d000 r-xp 00000000 08:01 7603313                    /lib/x86_64-linux-gnu/libc-2.23.so
7fcd0523d000-7fcd0543d000 ---p 001c0000 08:01 7603313                    /lib/x86_64-linux-gnu/libc-2.23.so
7fcd0543d000-7fcd05441000 r--p 001c0000 08:01 7603313                    /lib/x86_64-linux-gnu/libc-2.23.so
7fcd05441000-7fcd05443000 rw-p 001c4000 08:01 7603313                    /lib/x86_64-linux-gnu/libc-2.23.so
7fcd05443000-7fcd05447000 rw-p 00000000 00:00 0 
7fcd05447000-7fcd0544a000 r-xp 00000000 08:01 7603314                    /lib/x86_64-linux-gnu/libdl-2.23.so
7fcd0544a000-7fcd05649000 ---p 00003000 08:01 7603314                    /lib/x86_64-linux-gnu/libdl-2.23.so
7fcd05649000-7fcd0564a000 r--p 00002000 08:01 7603314                    /lib/x86_64-linux-gnu/libdl-2.23.so
7fcd0564a000-7fcd0564b000 rw-p 00003000 08:01 7603314                    /lib/x86_64-linux-gnu/libdl-2.23.so
7fcd0564b000-7fcd05660000 r-xp 00000000 08:01 9840182                    /usr/lib/jvm/java-8-oracle/lib/amd64/jli/libjli.so
7fcd05660000-7fcd05860000 ---p 00015000 08:01 9840182                    /usr/lib/jvm/java-8-oracle/lib/amd64/jli/libjli.so
7fcd05860000-7fcd05861000 rw-p 00015000 08:01 9840182                    /usr/lib/jvm/java-8-oracle/lib/amd64/jli/libjli.so
7fcd05861000-7fcd05879000 r-xp 00000000 08:01 7603312                    /lib/x86_64-linux-gnu/libpthread-2.23.so
7fcd05879000-7fcd05a78000 ---p 00018000 08:01 7603312                    /lib/x86_64-linux-gnu/libpthread-2.23.so
7fcd05a78000-7fcd05a79000 r--p 00017000 08:01 7603312                    /lib/x86_64-linux-gnu/libpthread-2.23.so
7fcd05a79000-7fcd05a7a000 rw-p 00018000 08:01 7603312                    /lib/x86_64-linux-gnu/libpthread-2.23.so
7fcd05a7a000-7fcd05a7e000 rw-p 00000000 00:00 0 
7fcd05a7e000-7fcd05aa4000 r-xp 00000000 08:01 7603309                    /lib/x86_64-linux-gnu/ld-2.23.so
7fcd05aa9000-7fcd05b7b000 rw-p 00000000 00:00 0 
7fcd05b7b000-7fcd05b7e000 ---p 00000000 00:00 0 
7fcd05b7e000-7fcd05c80000 rw-p 00000000 00:00 0 
7fcd05c83000-7fcd05c97000 rw-p 00000000 00:00 0 
7fcd05c97000-7fcd05c9f000 rw-s 00000000 08:01 132135                     /tmp/hsperfdata_oguz/23654
7fcd05c9f000-7fcd05ca0000 rw-p 00000000 00:00 0 
7fcd05ca0000-7fcd05ca1000 ---p 00000000 00:00 0 
7fcd05ca1000-7fcd05ca3000 rw-p 00000000 00:00 0 
7fcd05ca3000-7fcd05ca4000 r--p 00025000 08:01 7603309                    /lib/x86_64-linux-gnu/ld-2.23.so
7fcd05ca4000-7fcd05ca5000 rw-p 00026000 08:01 7603309                    /lib/x86_64-linux-gnu/ld-2.23.so
7fcd05ca5000-7fcd05ca6000 rw-p 00000000 00:00 0 
7ffda789f000-7ffda78c0000 rw-p 00000000 00:00 0                          [stack]
7ffda7933000-7ffda7935000 r--p 00000000 00:00 0                          [vvar]
7ffda7935000-7ffda7937000 r-xp 00000000 00:00 0                          [vdso]
ffffffffff600000-ffffffffff601000 r-xp 00000000 00:00 0                  [vsyscall]

VM Arguments:
jvm_args: -Djava.awt.headless=true -Xmx1024M -Dfile.encoding=UTF-8 -Duser.country=TR -Duser.language=tr -Duser.variant 
java_command: com.android.dx.command.Main --dex --force-jumbo --num-threads=4 --multi-dex --output /home/oguz/AndroidStudioProjects/FomApplicationAndroid/app/build/intermediates/transforms/dex/debug/folders/1000/5/slice_4 /home/oguz/AndroidStudioProjects/FomApplicationAndroid/app/build/intermediates/transforms/instantRunSlicer/debug/folders/1/5/slice_4
java_class_path (initial): /home/oguz/Android/Sdk/build-tools/24.0.2/lib/dx.jar
Launcher Type: SUN_STANDARD

Environment Variables:
PATH=/usr/local/sbin:/usr/local/bin:/usr/sbin:/usr/bin:/sbin:/bin:/usr/games:/usr/local/games:/snap/bin
LD_LIBRARY_PATH=/home/oguz/Masaüstü/Derleyiciler/android-studio/bin:
SHELL=/bin/bash
DISPLAY=:0

Signal Handlers:
SIGSEGV: [libjvm.so+0xabca10], sa_mask[0]=11111111011111111101111111111110, sa_flags=SA_RESTART|SA_SIGINFO
SIGBUS: [libjvm.so+0xabca10], sa_mask[0]=11111111011111111101111111111110, sa_flags=SA_RESTART|SA_SIGINFO
SIGFPE: [libjvm.so+0x919a20], sa_mask[0]=11111111011111111101111111111110, sa_flags=SA_RESTART|SA_SIGINFO
SIGPIPE: [libjvm.so+0x919a20], sa_mask[0]=11111111011111111101111111111110, sa_flags=SA_RESTART|SA_SIGINFO
SIGXFSZ: [libjvm.so+0x919a20], sa_mask[0]=11111111011111111101111111111110, sa_flags=SA_RESTART|SA_SIGINFO
SIGILL: [libjvm.so+0x919a20], sa_mask[0]=11111111011111111101111111111110, sa_flags=SA_RESTART|SA_SIGINFO
SIGUSR1: SIG_DFL, sa_mask[0]=00000000000000000000000000000000, sa_flags=none
SIGUSR2: [libjvm.so+0x91b050], sa_mask[0]=00100000000000000000000000000000, sa_flags=SA_RESTART|SA_SIGINFO
SIGHUP: [libjvm.so+0x91c450], sa_mask[0]=11111111011111111101111111111110, sa_flags=SA_RESTART|SA_SIGINFO
SIGINT: [libjvm.so+0x91c450], sa_mask[0]=11111111011111111101111111111110, sa_flags=SA_RESTART|SA_SIGINFO
SIGTERM: [libjvm.so+0x91c450], sa_mask[0]=11111111011111111101111111111110, sa_flags=SA_RESTART|SA_SIGINFO
SIGQUIT: [libjvm.so+0x91c450], sa_mask[0]=11111111011111111101111111111110, sa_flags=SA_RESTART|SA_SIGINFO


---------------  S Y S T E M  ---------------

OS:DISTRIB_ID=Ubuntu
DISTRIB_RELEASE=16.04
DISTRIB_CODENAME=xenial
DISTRIB_DESCRIPTION="Ubuntu Xenial Xerus (development branch)"

uname:Linux 4.4.0-22-generic #39-Ubuntu SMP Thu May 5 16:53:32 UTC 2016 x86_64
libc:glibc 2.23 NPTL 2.23 
rlimit: STACK 8192k, CORE 0k, NPROC 31498, NOFILE 65536, AS infinity
load average:6.14 1.92 0.94

/proc/meminfo:
MemTotal:        8101800 kB
MemFree:           54428 kB
MemAvailable:     156784 kB
Buffers:            6948 kB
Cached:           429196 kB
SwapCached:            0 kB
Active:          7441388 kB
Inactive:         364456 kB
Active(anon):    7386076 kB
Inactive(anon):   323712 kB
Active(file):      55312 kB
Inactive(file):    40744 kB
Unevictable:          92 kB
Mlocked:              92 kB
SwapTotal:             0 kB
SwapFree:              0 kB
Dirty:              2816 kB
Writeback:           340 kB
AnonPages:       7370044 kB
Mapped:           222172 kB
Shmem:            339816 kB
Slab:             103024 kB
SReclaimable:      48672 kB
SUnreclaim:        54352 kB
KernelStack:       18224 kB
PageTables:        59572 kB
NFS_Unstable:          0 kB
Bounce:                0 kB
WritebackTmp:          0 kB
CommitLimit:     4050900 kB
Committed_AS:   13145720 kB
VmallocTotal:   34359738367 kB
VmallocUsed:           0 kB
VmallocChunk:          0 kB
HardwareCorrupted:     0 kB
AnonHugePages:   4241408 kB
CmaTotal:              0 kB
CmaFree:               0 kB
HugePages_Total:       0
HugePages_Free:        0
HugePages_Rsvd:        0
HugePages_Surp:        0
Hugepagesize:       2048 kB
DirectMap4k:      203520 kB
DirectMap2M:     7063552 kB
DirectMap1G:     2097152 kB


CPU:total 8 (4 cores per cpu, 2 threads per core) family 6 model 60 stepping 3, cmov, cx8, fxsr, mmx, sse, sse2, sse3, ssse3, sse4.1, sse4.2, popcnt, avx, avx2, aes, clmul, erms, lzcnt, ht, tsc, tscinvbit, bmi1, bmi2

/proc/cpuinfo:
processor	: 0
vendor_id	: GenuineIntel
cpu family	: 6
model		: 60
model name	: Intel(R) Core(TM) i7-4700MQ CPU @ 2.40GHz
stepping	: 3
microcode	: 0x16
cpu MHz		: 3043.875
cache size	: 6144 KB
physical id	: 0
siblings	: 8
core id		: 0
cpu cores	: 4
apicid		: 0
initial apicid	: 0
fpu		: yes
fpu_exception	: yes
cpuid level	: 13
wp		: yes
flags		: fpu vme de pse tsc msr pae mce cx8 apic sep mtrr pge mca cmov pat pse36 clflush dts acpi mmx fxsr sse sse2 ss ht tm pbe syscall nx pdpe1gb rdtscp lm constant_tsc arch_perfmon pebs bts rep_good nopl xtopology nonstop_tsc aperfmperf eagerfpu pni pclmulqdq dtes64 monitor ds_cpl vmx est tm2 ssse3 sdbg fma cx16 xtpr pdcm pcid sse4_1 sse4_2 movbe popcnt tsc_deadline_timer aes xsave avx f16c rdrand lahf_lm abm epb tpr_shadow vnmi flexpriority ept vpid fsgsbase tsc_adjust bmi1 avx2 smep bmi2 erms invpcid xsaveopt dtherm ida arat pln pts
bugs		:
bogomips	: 4789.33
clflush size	: 64
cache_alignment	: 64
address sizes	: 39 bits physical, 48 bits virtual
power management:

processor	: 1
vendor_id	: GenuineIntel
cpu family	: 6
model		: 60
model name	: Intel(R) Core(TM) i7-4700MQ CPU @ 2.40GHz
stepping	: 3
microcode	: 0x16
cpu MHz		: 3043.875
cache size	: 6144 KB
physical id	: 0
siblings	: 8
core id		: 0
cpu cores	: 4
apicid		: 1
initial apicid	: 1
fpu		: yes
fpu_exception	: yes
cpuid level	: 13
wp		: yes
flags		: fpu vme de pse tsc msr pae mce cx8 apic sep mtrr pge mca cmov pat pse36 clflush dts acpi mmx fxsr sse sse2 ss ht tm pbe syscall nx pdpe1gb rdtscp lm constant_tsc arch_perfmon pebs bts rep_good nopl xtopology nonstop_tsc aperfmperf eagerfpu pni pclmulqdq dtes64 monitor ds_cpl vmx est tm2 ssse3 sdbg fma cx16 xtpr pdcm pcid sse4_1 sse4_2 movbe popcnt tsc_deadline_timer aes xsave avx f16c rdrand lahf_lm abm epb tpr_shadow vnmi flexpriority ept vpid fsgsbase tsc_adjust bmi1 avx2 smep bmi2 erms invpcid xsaveopt dtherm ida arat pln pts
bugs		:
bogomips	: 4789.33
clflush size	: 64
cache_alignment	: 64
address sizes	: 39 bits physical, 48 bits virtual
power management:

processor	: 2
vendor_id	: GenuineIntel
cpu family	: 6
model		: 60
model name	: Intel(R) Core(TM) i7-4700MQ CPU @ 2.40GHz
stepping	: 3
microcode	: 0x16
cpu MHz		: 3043.875
cache size	: 6144 KB
physical id	: 0
siblings	: 8
core id		: 1
cpu cores	: 4
apicid		: 2
initial apicid	: 2
fpu		: yes
fpu_exception	: yes
cpuid level	: 13
wp		: yes
flags		: fpu vme de pse tsc msr pae mce cx8 apic sep mtrr pge mca cmov pat pse36 clflush dts acpi mmx fxsr sse sse2 ss ht tm pbe syscall nx pdpe1gb rdtscp lm constant_tsc arch_perfmon pebs bts rep_good nopl xtopology nonstop_tsc aperfmperf eagerfpu pni pclmulqdq dtes64 monitor ds_cpl vmx est tm2 ssse3 sdbg fma cx16 xtpr pdcm pcid sse4_1 sse4_2 movbe popcnt tsc_deadline_timer aes xsave avx f16c rdrand lahf_lm abm epb tpr_shadow vnmi flexpriority ept vpid fsgsbase tsc_adjust bmi1 avx2 smep bmi2 erms invpcid xsaveopt dtherm ida arat pln pts
bugs		:
bogomips	: 4789.33
clflush size	: 64
cache_alignment	: 64
address sizes	: 39 bits physical, 48 bits virtual
power management:

processor	: 3
vendor_id	: GenuineIntel
cpu family	: 6
model		: 60
model name	: Intel(R) Core(TM) i7-4700MQ CPU @ 2.40GHz
stepping	: 3
microcode	: 0x16
cpu MHz		: 3110.625
cache size	: 6144 KB
physical id	: 0
siblings	: 8
core id		: 1
cpu cores	: 4
apicid		: 3
initial apicid	: 3
fpu		: yes
fpu_exception	: yes
cpuid level	: 13
wp		: yes
flags		: fpu vme de pse tsc msr pae mce cx8 apic sep mtrr pge mca cmov pat pse36 clflush dts acpi mmx fxsr sse sse2 ss ht tm pbe syscall nx pdpe1gb rdtscp lm constant_tsc arch_perfmon pebs bts rep_good nopl xtopology nonstop_tsc aperfmperf eagerfpu pni pclmulqdq dtes64 monitor ds_cpl vmx est tm2 ssse3 sdbg fma cx16 xtpr pdcm pcid sse4_1 sse4_2 movbe popcnt tsc_deadline_timer aes xsave avx f16c rdrand lahf_lm abm epb tpr_shadow vnmi flexpriority ept vpid fsgsbase tsc_adjust bmi1 avx2 smep bmi2 erms invpcid xsaveopt dtherm ida arat pln pts
bugs		:
bogomips	: 4789.33
clflush size	: 64
cache_alignment	: 64
address sizes	: 39 bits physical, 48 bits virtual
power management:

processor	: 4
vendor_id	: GenuineIntel
cpu family	: 6
model		: 60
model name	: Intel(R) Core(TM) i7-4700MQ CPU @ 2.40GHz
stepping	: 3
microcode	: 0x16
cpu MHz		: 3043.875
cache size	: 6144 KB
physical id	: 0
siblings	: 8
core id		: 2
cpu cores	: 4
apicid		: 4
initial apicid	: 4
fpu		: yes
fpu_exception	: yes
cpuid level	: 13
wp		: yes
flags		: fpu vme de pse tsc msr pae mce cx8 apic sep mtrr pge mca cmov pat pse36 clflush dts acpi mmx fxsr sse sse2 ss ht tm pbe syscall nx pdpe1gb rdtscp lm constant_tsc arch_perfmon pebs bts rep_good nopl xtopology nonstop_tsc aperfmperf eagerfpu pni pclmulqdq dtes64 monitor ds_cpl vmx est tm2 ssse3 sdbg fma cx16 xtpr pdcm pcid sse4_1 sse4_2 movbe popcnt tsc_deadline_timer aes xsave avx f16c rdrand lahf_lm abm epb tpr_shadow vnmi flexpriority ept vpid fsgsbase tsc_adjust bmi1 avx2 smep bmi2 erms invpcid xsaveopt dtherm ida arat pln pts
bugs		:
bogomips	: 4789.33
clflush size	: 64
cache_alignment	: 64
address sizes	: 39 bits physical, 48 bits virtual
power management:

processor	: 5
vendor_id	: GenuineIntel
cpu family	: 6
model		: 60
model name	: Intel(R) Core(TM) i7-4700MQ CPU @ 2.40GHz
stepping	: 3
microcode	: 0x16
cpu MHz		: 3110.625
cache size	: 6144 KB
physical id	: 0
siblings	: 8
core id		: 2
cpu cores	: 4
apicid		: 5
initial apicid	: 5
fpu		: yes
fpu_exception	: yes
cpuid level	: 13
wp		: yes
flags		: fpu vme de pse tsc msr pae mce cx8 apic sep mtrr pge mca cmov pat pse36 clflush dts acpi mmx fxsr sse sse2 ss ht tm pbe syscall nx pdpe1gb rdtscp lm constant_tsc arch_perfmon pebs bts rep_good nopl xtopology nonstop_tsc aperfmperf eagerfpu pni pclmulqdq dtes64 monitor ds_cpl vmx est tm2 ssse3 sdbg fma cx16 xtpr pdcm pcid sse4_1 sse4_2 movbe popcnt tsc_deadline_timer aes xsave avx f16c rdrand lahf_lm abm epb tpr_shadow vnmi flexpriority ept vpid fsgsbase tsc_adjust bmi1 avx2 smep bmi2 erms invpcid xsaveopt dtherm ida arat pln pts
bugs		:
bogomips	: 4789.33
clflush size	: 64
cache_alignment	: 64
address sizes	: 39 bits physical, 48 bits virtual
power management:

processor	: 6
vendor_id	: GenuineIntel
cpu family	: 6
model		: 60
model name	: Intel(R) Core(TM) i7-4700MQ CPU @ 2.40GHz
stepping	: 3
microcode	: 0x16
cpu MHz		: 3110.625
cache size	: 6144 KB
physical id	: 0
siblings	: 8
core id		: 3
cpu cores	: 4
apicid		: 6
initial apicid	: 6
fpu		: yes
fpu_exception	: yes
cpuid level	: 13
wp		: yes
flags		: fpu vme de pse tsc msr pae mce cx8 apic sep mtrr pge mca cmov pat pse36 clflush dts acpi mmx fxsr sse sse2 ss ht tm pbe syscall nx pdpe1gb rdtscp lm constant_tsc arch_perfmon pebs bts rep_good nopl xtopology nonstop_tsc aperfmperf eagerfpu pni pclmulqdq dtes64 monitor ds_cpl vmx est tm2 ssse3 sdbg fma cx16 xtpr pdcm pcid sse4_1 sse4_2 movbe popcnt tsc_deadline_timer aes xsave avx f16c rdrand lahf_lm abm epb tpr_shadow vnmi flexpriority ept vpid fsgsbase tsc_adjust bmi1 avx2 smep bmi2 erms invpcid xsaveopt dtherm ida arat pln pts
bugs		:
bogomips	: 4789.33
clflush size	: 64
cache_alignment	: 64
address sizes	: 39 bits physical, 48 bits virtual
power management:

processor	: 7
vendor_id	: GenuineIntel
cpu family	: 6
model		: 60
model name	: Intel(R) Core(TM) i7-4700MQ CPU @ 2.40GHz
stepping	: 3
microcode	: 0x16
cpu MHz		: 3043.875
cache size	: 6144 KB
physical id	: 0
siblings	: 8
core id		: 3
cpu cores	: 4
apicid		: 7
initial apicid	: 7
fpu		: yes
fpu_exception	: yes
cpuid level	: 13
wp		: yes
flags		: fpu vme de pse tsc msr pae mce cx8 apic sep mtrr pge mca cmov pat pse36 clflush dts acpi mmx fxsr sse sse2 ss ht tm pbe syscall nx pdpe1gb rdtscp lm constant_tsc arch_perfmon pebs bts rep_good nopl xtopology nonstop_tsc aperfmperf eagerfpu pni pclmulqdq dtes64 monitor ds_cpl vmx est tm2 ssse3 sdbg fma cx16 xtpr pdcm pcid sse4_1 sse4_2 movbe popcnt tsc_deadline_timer aes xsave avx f16c rdrand lahf_lm abm epb tpr_shadow vnmi flexpriority ept vpid fsgsbase tsc_adjust bmi1 avx2 smep bmi2 erms invpcid xsaveopt dtherm ida arat pln pts
bugs		:
bogomips	: 4789.33
clflush size	: 64
cache_alignment	: 64
address sizes	: 39 bits physical, 48 bits virtual
power management:



Memory: 4k page, physical 8101800k(54304k free), swap 0k(0k free)

vm_info: Java HotSpot(TM) 64-Bit Server VM (25.91-b14) for linux-amd64 JRE (1.8.0_91-b14), built on Apr  1 2016 00:57:21 by "java_re" with gcc 4.3.0 20080428 (Red Hat 4.3.0-8)

time: Mon Sep  5 14:38:07 2016
elapsed time: 5 seconds (0d 0h 0m 5s)

