#
# There is insufficient memory for the Java Runtime Environment to continue.
# Native memory allocation (mmap) failed to map 174063616 bytes for committing reserved memory.
# Possible reasons:
#   The system is out of physical RAM or swap space
#   In 32 bit mode, the process size limit was hit
# Possible solutions:
#   Reduce memory load on the system
#   Increase physical memory or swap space
#   Check if swap backing store is full
#   Use 64 bit Java on a 64 bit OS
#   Decrease Java heap size (-Xmx/-Xms)
#   Decrease number of Java threads
#   Decrease Java thread stack sizes (-Xss)
#   Set larger code cache with -XX:ReservedCodeCacheSize=
# This output file may be truncated or incomplete.
#
#  Out of Memory Error (os_linux.cpp:2627), pid=2714, tid=139904347465472
#
# JRE version: Java(TM) SE Runtime Environment (8.0_91-b14) (build 1.8.0_91-b14)
# Java VM: Java HotSpot(TM) 64-Bit Server VM (25.91-b14 mixed mode linux-amd64 compressed oops)
# Failed to write core dump. Core dumps have been disabled. To enable core dumping, try "ulimit -c unlimited" before starting Java again
#

---------------  T H R E A D  ---------------

Current thread (0x00007f3e1c080000):  VMThread [stack: 0x00007f3e04dee000,0x00007f3e04eef000] [id=2739]

Stack: [0x00007f3e04dee000,0x00007f3e04eef000],  sp=0x00007f3e04eed220,  free space=1020k
Native frames: (J=compiled Java code, j=interpreted, Vv=VM code, C=native code)
V  [libjvm.so+0xabc18a]  VMError::report_and_die()+0x2ba
V  [libjvm.so+0x4fafeb]  report_vm_out_of_memory(char const*, int, unsigned long, VMErrorType, char const*)+0x8b
V  [libjvm.so+0x91cbb3]  os::Linux::commit_memory_impl(char*, unsigned long, bool)+0x103
V  [libjvm.so+0x91d109]  os::pd_commit_memory(char*, unsigned long, unsigned long, bool)+0x29
V  [libjvm.so+0x91740a]  os::commit_memory(char*, unsigned long, unsigned long, bool)+0x2a
V  [libjvm.so+0x98b033]  PSVirtualSpace::expand_by(unsigned long)+0x53
V  [libjvm.so+0x98c438]  PSYoungGen::resize_generation(unsigned long, unsigned long)+0xf8
V  [libjvm.so+0x98b592]  PSYoungGen::resize(unsigned long, unsigned long)+0x22
V  [libjvm.so+0x98886b]  PSScavenge::invoke_no_policy()+0xf3b
V  [libjvm.so+0x988ff1]  PSScavenge::invoke()+0x41
V  [libjvm.so+0x9408b0]  ParallelScavengeHeap::failed_mem_allocate(unsigned long)+0x70
V  [libjvm.so+0xabdba7]  VM_ParallelGCFailedAllocation::doit()+0x97
V  [libjvm.so+0xac55d5]  VM_Operation::evaluate()+0x55
V  [libjvm.so+0xac39aa]  VMThread::evaluate_operation(VM_Operation*)+0xba
V  [libjvm.so+0xac3d2e]  VMThread::loop()+0x1ce
V  [libjvm.so+0xac41a0]  VMThread::run()+0x70
V  [libjvm.so+0x91ef78]  java_start(Thread*)+0x108

VM_Operation (0x00007f3df7ffdf60): ParallelGCFailedAllocation, mode: safepoint, requested by thread 0x00007f3e1c135000


---------------  P R O C E S S  ---------------

Java Threads: ( => current thread )
  0x00007f3e1c164800 JavaThread "pool-2-thread-4" [_thread_blocked, id=2773, stack(0x00007f3df7afb000,0x00007f3df7bfc000)]
  0x00007f3e1c163000 JavaThread "pool-2-thread-3" [_thread_blocked, id=2772, stack(0x00007f3df7bfc000,0x00007f3df7cfd000)]
  0x00007f3e1c162000 JavaThread "pool-2-thread-2" [_thread_blocked, id=2771, stack(0x00007f3df7cfd000,0x00007f3df7dfe000)]
  0x00007f3e1c15a800 JavaThread "pool-3-thread-1" [_thread_blocked, id=2763, stack(0x00007f3df7dfe000,0x00007f3df7eff000)]
  0x00007f3e1c135000 JavaThread "pool-2-thread-1" [_thread_blocked, id=2762, stack(0x00007f3df7eff000,0x00007f3df8000000)]
  0x00007f3e1c0d3000 JavaThread "Service Thread" daemon [_thread_blocked, id=2752, stack(0x00007f3e041ae000,0x00007f3e042af000)]
  0x00007f3e1c0c8000 JavaThread "C1 CompilerThread3" daemon [_thread_blocked, id=2751, stack(0x00007f3e042af000,0x00007f3e043b0000)]
  0x00007f3e1c0c5800 JavaThread "C2 CompilerThread2" daemon [_thread_blocked, id=2749, stack(0x00007f3e043b0000,0x00007f3e044b1000)]
  0x00007f3e1c0c4000 JavaThread "C2 CompilerThread1" daemon [_thread_blocked, id=2746, stack(0x00007f3e044b1000,0x00007f3e045b2000)]
  0x00007f3e1c0c1000 JavaThread "C2 CompilerThread0" daemon [_thread_blocked, id=2744, stack(0x00007f3e045b2000,0x00007f3e046b3000)]
  0x00007f3e1c0bf800 JavaThread "Signal Dispatcher" daemon [_thread_blocked, id=2742, stack(0x00007f3e046b3000,0x00007f3e047b4000)]
  0x00007f3e1c08c800 JavaThread "Finalizer" daemon [_thread_blocked, id=2741, stack(0x00007f3e04bec000,0x00007f3e04ced000)]
  0x00007f3e1c087800 JavaThread "Reference Handler" daemon [_thread_blocked, id=2740, stack(0x00007f3e04ced000,0x00007f3e04dee000)]
  0x00007f3e1c00a000 JavaThread "main" [_thread_blocked, id=2716, stack(0x00007f3e2454a000,0x00007f3e2464b000)]

Other Threads:
=>0x00007f3e1c080000 VMThread [stack: 0x00007f3e04dee000,0x00007f3e04eef000] [id=2739]
  0x00007f3e1c0d6000 WatcherThread [stack: 0x00007f3e040ad000,0x00007f3e041ae000] [id=2753]

VM state:at safepoint (normal execution)

VM Mutex/Monitor currently owned by a thread:  ([mutex/lock_event])
[0x00007f3e1c006570] Threads_lock - owner thread: 0x00007f3e1c080000
[0x00007f3e1c006a70] Heap_lock - owner thread: 0x00007f3e1c135000

Heap:
 PSYoungGen      total 132096K, used 5097K [0x00000000eab00000, 0x00000000f3100000, 0x0000000100000000)
  eden space 126976K, 0% used [0x00000000eab00000,0x00000000eab00000,0x00000000f2700000)
  from space 5120K, 99% used [0x00000000f2700000,0x00000000f2bfa7f0,0x00000000f2c00000)
  to   space 5120K, 0% used [0x00000000f2c00000,0x00000000f2c00000,0x00000000f3100000)
 ParOldGen       total 84992K, used 45198K [0x00000000c0000000, 0x00000000c5300000, 0x00000000eab00000)
  object space 84992K, 53% used [0x00000000c0000000,0x00000000c2c23aa0,0x00000000c5300000)
 Metaspace       used 6138K, capacity 7088K, committed 7296K, reserved 1056768K
  class space    used 591K, capacity 616K, committed 640K, reserved 1048576K

Card table byte_map: [0x00007f3e210ff000,0x00007f3e21300000] byte_map_base: 0x00007f3e20aff000

Marking Bits: (ParMarkBitMap*) 0x00007f3e23a1ed60
 Begin Bits: [0x00007f3e06000000, 0x00007f3e07000000)
 End Bits:   [0x00007f3e07000000, 0x00007f3e08000000)

Polling page: 0x00007f3e2466e000

CodeCache: size=245760Kb used=6254Kb max_used=6254Kb free=239505Kb
 bounds [0x00007f3e0d000000, 0x00007f3e0d630000, 0x00007f3e1c000000]
 total_blobs=1938 nmethods=1668 adapters=181
 compilation: enabled

Compilation events (10 events):
Event: 5,969 Thread 0x00007f3e1c0c8000 nmethod 1826 0x00007f3e0d615a90 code [0x00007f3e0d615c00, 0x00007f3e0d615e88]
Event: 5,969 Thread 0x00007f3e1c0c8000 1824       2       com.android.dx.rop.type.StdTypeList::equalContents (56 bytes)
Event: 5,970 Thread 0x00007f3e1c0c8000 nmethod 1824 0x00007f3e0d615f90 code [0x00007f3e0d616140, 0x00007f3e0d616488]
Event: 5,988 Thread 0x00007f3e1c0c8000 1852   !   2       com.android.dx.cf.cst.ConstantPoolParser::determineOffsets (285 bytes)
Event: 5,991 Thread 0x00007f3e1c0c8000 nmethod 1852 0x00007f3e0d617210 code [0x00007f3e0d6174e0, 0x00007f3e0d6180f8]
Event: 5,991 Thread 0x00007f3e1c0c8000 1850       2       com.android.dx.dex.cf.CfTranslator::translate0 (259 bytes)
Event: 5,997 Thread 0x00007f3e1c0c8000 nmethod 1850 0x00007f3e0d61e8d0 code [0x00007f3e0d61ebc0, 0x00007f3e0d61f978]
Event: 5,997 Thread 0x00007f3e1c0c8000 1854       2       java.util.HashMap$EntryIterator::next (5 bytes)
Event: 5,998 Thread 0x00007f3e1c0c8000 nmethod 1854 0x00007f3e0d620d90 code [0x00007f3e0d620f00, 0x00007f3e0d621068]
Event: 5,998 Thread 0x00007f3e1c0c8000 1851       2       com.android.dx.cf.direct.DirectClassFile$DcfTypeList::getType (26 bytes)

GC Heap History (9 events):
Event: 1,383 GC heap before
{Heap before GC invocations=1 (full 0):
 PSYoungGen      total 36864K, used 31744K [0x00000000eab00000, 0x00000000ed400000, 0x0000000100000000)
  eden space 31744K, 100% used [0x00000000eab00000,0x00000000eca00000,0x00000000eca00000)
  from space 5120K, 0% used [0x00000000ecf00000,0x00000000ecf00000,0x00000000ed400000)
  to   space 5120K, 0% used [0x00000000eca00000,0x00000000eca00000,0x00000000ecf00000)
 ParOldGen       total 84992K, used 0K [0x00000000c0000000, 0x00000000c5300000, 0x00000000eab00000)
  object space 84992K, 0% used [0x00000000c0000000,0x00000000c0000000,0x00000000c5300000)
 Metaspace       used 5801K, capacity 6768K, committed 7040K, reserved 1056768K
  class space    used 590K, capacity 616K, committed 640K, reserved 1048576K
Event: 1,438 GC heap after
Heap after GC invocations=1 (full 0):
 PSYoungGen      total 36864K, used 5090K [0x00000000eab00000, 0x00000000ef300000, 0x0000000100000000)
  eden space 31744K, 0% used [0x00000000eab00000,0x00000000eab00000,0x00000000eca00000)
  from space 5120K, 99% used [0x00000000eca00000,0x00000000ecef8b78,0x00000000ecf00000)
  to   space 5120K, 0% used [0x00000000eee00000,0x00000000eee00000,0x00000000ef300000)
 ParOldGen       total 84992K, used 1620K [0x00000000c0000000, 0x00000000c5300000, 0x00000000eab00000)
  object space 84992K, 1% used [0x00000000c0000000,0x00000000c0195338,0x00000000c5300000)
 Metaspace       used 5801K, capacity 6768K, committed 7040K, reserved 1056768K
  class space    used 590K, capacity 616K, committed 640K, reserved 1048576K
}
Event: 2,112 GC heap before
{Heap before GC invocations=2 (full 0):
 PSYoungGen      total 36864K, used 36834K [0x00000000eab00000, 0x00000000ef300000, 0x0000000100000000)
  eden space 31744K, 100% used [0x00000000eab00000,0x00000000eca00000,0x00000000eca00000)
  from space 5120K, 99% used [0x00000000eca00000,0x00000000ecef8b78,0x00000000ecf00000)
  to   space 5120K, 0% used [0x00000000eee00000,0x00000000eee00000,0x00000000ef300000)
 ParOldGen       total 84992K, used 1620K [0x00000000c0000000, 0x00000000c5300000, 0x00000000eab00000)
  object space 84992K, 1% used [0x00000000c0000000,0x00000000c0195338,0x00000000c5300000)
 Metaspace       used 5999K, capacity 6960K, committed 7040K, reserved 1056768K
  class space    used 590K, capacity 616K, committed 640K, reserved 1048576K
Event: 2,201 GC heap after
Heap after GC invocations=2 (full 0):
 PSYoungGen      total 68608K, used 5106K [0x00000000eab00000, 0x00000000ef300000, 0x0000000100000000)
  eden space 63488K, 0% used [0x00000000eab00000,0x00000000eab00000,0x00000000ee900000)
  from space 5120K, 99% used [0x00000000eee00000,0x00000000ef2fc8d0,0x00000000ef300000)
  to   space 5120K, 0% used [0x00000000ee900000,0x00000000ee900000,0x00000000eee00000)
 ParOldGen       total 84992K, used 5880K [0x00000000c0000000, 0x00000000c5300000, 0x00000000eab00000)
  object space 84992K, 6% used [0x00000000c0000000,0x00000000c05be1e0,0x00000000c5300000)
 Metaspace       used 5999K, capacity 6960K, committed 7040K, reserved 1056768K
  class space    used 590K, capacity 616K, committed 640K, reserved 1048576K
}
Event: 2,729 GC heap before
{Heap before GC invocations=3 (full 0):
 PSYoungGen      total 68608K, used 68594K [0x00000000eab00000, 0x00000000ef300000, 0x0000000100000000)
  eden space 63488K, 100% used [0x00000000eab00000,0x00000000ee900000,0x00000000ee900000)
  from space 5120K, 99% used [0x00000000eee00000,0x00000000ef2fc8d0,0x00000000ef300000)
  to   space 5120K, 0% used [0x00000000ee900000,0x00000000ee900000,0x00000000eee00000)
 ParOldGen       total 84992K, used 5880K [0x00000000c0000000, 0x00000000c5300000, 0x00000000eab00000)
  object space 84992K, 6% used [0x00000000c0000000,0x00000000c05be1e0,0x00000000c5300000)
 Metaspace       used 6031K, capacity 6960K, committed 7040K, reserved 1056768K
  class space    used 591K, capacity 616K, committed 640K, reserved 1048576K
Event: 2,811 GC heap after
Heap after GC invocations=3 (full 0):
 PSYoungGen      total 68608K, used 5114K [0x00000000eab00000, 0x00000000f3100000, 0x0000000100000000)
  eden space 63488K, 0% used [0x00000000eab00000,0x00000000eab00000,0x00000000ee900000)
  from space 5120K, 99% used [0x00000000ee900000,0x00000000eedfeb18,0x00000000eee00000)
  to   space 5120K, 0% used [0x00000000f2c00000,0x00000000f2c00000,0x00000000f3100000)
 ParOldGen       total 84992K, used 15627K [0x00000000c0000000, 0x00000000c5300000, 0x00000000eab00000)
  object space 84992K, 18% used [0x00000000c0000000,0x00000000c0f42c90,0x00000000c5300000)
 Metaspace       used 6031K, capacity 6960K, committed 7040K, reserved 1056768K
  class space    used 591K, capacity 616K, committed 640K, reserved 1048576K
}
Event: 3,202 GC heap before
{Heap before GC invocations=4 (full 0):
 PSYoungGen      total 68608K, used 68602K [0x00000000eab00000, 0x00000000f3100000, 0x0000000100000000)
  eden space 63488K, 100% used [0x00000000eab00000,0x00000000ee900000,0x00000000ee900000)
  from space 5120K, 99% used [0x00000000ee900000,0x00000000eedfeb18,0x00000000eee00000)
  to   space 5120K, 0% used [0x00000000f2c00000,0x00000000f2c00000,0x00000000f3100000)
 ParOldGen       total 84992K, used 15627K [0x00000000c0000000, 0x00000000c5300000, 0x00000000eab00000)
  object space 84992K, 18% used [0x00000000c0000000,0x00000000c0f42c90,0x00000000c5300000)
 Metaspace       used 6061K, capacity 7024K, committed 7296K, reserved 1056768K
  class space    used 591K, capacity 616K, committed 640K, reserved 1048576K
Event: 3,261 GC heap after
Heap after GC invocations=4 (full 0):
 PSYoungGen      total 132096K, used 5109K [0x00000000eab00000, 0x00000000f3100000, 0x0000000100000000)
  eden space 126976K, 0% used [0x00000000eab00000,0x00000000eab00000,0x00000000f2700000)
  from space 5120K, 99% used [0x00000000f2c00000,0x00000000f30fd628,0x00000000f3100000)
  to   space 5120K, 0% used [0x00000000f2700000,0x00000000f2700000,0x00000000f2c00000)
 ParOldGen       total 84992K, used 25245K [0x00000000c0000000, 0x00000000c5300000, 0x00000000eab00000)
  object space 84992K, 29% used [0x00000000c0000000,0x00000000c18a7488,0x00000000c5300000)
 Metaspace       used 6061K, capacity 7024K, committed 7296K, reserved 1056768K
  class space    used 591K, capacity 616K, committed 640K, reserved 1048576K
}
Event: 6,013 GC heap before
{Heap before GC invocations=5 (full 0):
 PSYoungGen      total 132096K, used 132085K [0x00000000eab00000, 0x00000000f3100000, 0x0000000100000000)
  eden space 126976K, 100% used [0x00000000eab00000,0x00000000f2700000,0x00000000f2700000)
  from space 5120K, 99% used [0x00000000f2c00000,0x00000000f30fd628,0x00000000f3100000)
  to   space 5120K, 0% used [0x00000000f2700000,0x00000000f2700000,0x00000000f2c00000)
 ParOldGen       total 84992K, used 25245K [0x00000000c0000000, 0x00000000c5300000, 0x00000000eab00000)
  object space 84992K, 29% used [0x00000000c0000000,0x00000000c18a7488,0x00000000c5300000)
 Metaspace       used 6138K, capacity 7088K, committed 7296K, reserved 1056768K
  class space    used 591K, capacity 616K, committed 640K, reserved 1048576K

Deoptimization events (10 events):
Event: 2,637 Thread 0x00007f3e1c00a000 Uncommon trap: reason=unstable_if action=reinterpret pc=0x00007f3e0d3002c4 method=com.android.dx.util.IntList.binarysearch(I)I @ 105
Event: 3,366 Thread 0x00007f3e1c163000 Uncommon trap: reason=bimorphic action=maybe_recompile pc=0x00007f3e0d2546b0 method=java.util.HashMap.getNode(ILjava/lang/Object;)Ljava/util/HashMap$Node; @ 126
Event: 3,366 Thread 0x00007f3e1c163000 Uncommon trap: reason=bimorphic action=maybe_recompile pc=0x00007f3e0d2546b0 method=java.util.HashMap.getNode(ILjava/lang/Object;)Ljava/util/HashMap$Node; @ 126
Event: 3,366 Thread 0x00007f3e1c163000 Uncommon trap: reason=bimorphic action=maybe_recompile pc=0x00007f3e0d2607b8 method=java.util.HashMap.getNode(ILjava/lang/Object;)Ljava/util/HashMap$Node; @ 126
Event: 3,366 Thread 0x00007f3e1c163000 Uncommon trap: reason=bimorphic action=maybe_recompile pc=0x00007f3e0d2607b8 method=java.util.HashMap.getNode(ILjava/lang/Object;)Ljava/util/HashMap$Node; @ 126
Event: 3,366 Thread 0x00007f3e1c163000 Uncommon trap: reason=bimorphic action=maybe_recompile pc=0x00007f3e0d2546b0 method=java.util.HashMap.getNode(ILjava/lang/Object;)Ljava/util/HashMap$Node; @ 126
Event: 3,381 Thread 0x00007f3e1c135000 Uncommon trap: reason=unstable_if action=reinterpret pc=0x00007f3e0d5256c8 method=com.android.dx.cf.code.BytecodeArray.parseInstruction(ILcom/android/dx/cf/code/BytecodeArray$Visitor;)I @ 1198
Event: 3,737 Thread 0x00007f3e1c135000 Uncommon trap: reason=class_check action=maybe_recompile pc=0x00007f3e0d53a258 method=java.util.HashMap.putVal(ILjava/lang/Object;Ljava/lang/Object;ZZ)Ljava/lang/Object; @ 203
Event: 3,751 Thread 0x00007f3e1c135000 Uncommon trap: reason=class_check action=maybe_recompile pc=0x00007f3e0d53a258 method=java.util.HashMap.putVal(ILjava/lang/Object;Ljava/lang/Object;ZZ)Ljava/lang/Object; @ 203
Event: 5,174 Thread 0x00007f3e1c135000 Uncommon trap: reason=class_check action=maybe_recompile pc=0x00007f3e0d53a258 method=java.util.HashMap.putVal(ILjava/lang/Object;Ljava/lang/Object;ZZ)Ljava/lang/Object; @ 203

Internal exceptions (3 events):
Event: 0,058 Thread 0x00007f3e1c00a000 Exception <a 'java/lang/NoSuchMethodError': Method sun.misc.Unsafe.defineClass(Ljava/lang/String;[BII)Ljava/lang/Class; name or signature does not match> (0x00000000eab07cc0) thrown at [/HUDSON/workspace/8-2-build-linux-amd64/jdk8u91/6644/hotspot/src/shar
Event: 0,058 Thread 0x00007f3e1c00a000 Exception <a 'java/lang/NoSuchMethodError': Method sun.misc.Unsafe.prefetchRead(Ljava/lang/Object;J)V name or signature does not match> (0x00000000eab07fa8) thrown at [/HUDSON/workspace/8-2-build-linux-amd64/jdk8u91/6644/hotspot/src/share/vm/prims/jni.cpp
Event: 1,957 Thread 0x00007f3e1c00a000 Implicit null exception at 0x00007f3e0d2fefe2 to 0x00007f3e0d2ff0db

Events (10 events):
Event: 5,759 Thread 0x00007f3e1c135000 DEOPT UNPACKING pc=0x00007f3e0d047633 sp=0x00007f3df7ffde98 mode 0
Event: 5,830 Thread 0x00007f3e1c164800 DEOPT PACKING pc=0x00007f3e0d2cd90d sp=0x00007f3df7bf9fd0
Event: 5,830 Thread 0x00007f3e1c164800 DEOPT UNPACKING pc=0x00007f3e0d047633 sp=0x00007f3df7bf9d60 mode 0
Event: 5,867 Thread 0x00007f3e1c164800 DEOPT PACKING pc=0x00007f3e0d40392c sp=0x00007f3df7bf9f40
Event: 5,868 Thread 0x00007f3e1c164800 DEOPT UNPACKING pc=0x00007f3e0d047633 sp=0x00007f3df7bf9c40 mode 0
Event: 5,883 Thread 0x00007f3e1c135000 DEOPT PACKING pc=0x00007f3e0d58479a sp=0x00007f3df7ffe210
Event: 5,883 Thread 0x00007f3e1c135000 DEOPT UNPACKING pc=0x00007f3e0d047633 sp=0x00007f3df7ffe060 mode 0
Event: 5,921 Thread 0x00007f3e1c164800 DEOPT PACKING pc=0x00007f3e0d2cd90d sp=0x00007f3df7bf9e80
Event: 5,921 Thread 0x00007f3e1c164800 DEOPT UNPACKING pc=0x00007f3e0d047633 sp=0x00007f3df7bf9c10 mode 0
Event: 6,004 Executing VM operation: ParallelGCFailedAllocation


Dynamic libraries:
00400000-00401000 r-xp 00000000 08:01 9839507                            /usr/lib/jvm/java-8-oracle/bin/java
00600000-00601000 rw-p 00000000 08:01 9839507                            /usr/lib/jvm/java-8-oracle/bin/java
01a94000-01ab5000 rw-p 00000000 00:00 0                                  [heap]
c0000000-c5300000 rw-p 00000000 00:00 0 
c5300000-eab00000 ---p 00000000 00:00 0 
eab00000-f3100000 rw-p 00000000 00:00 0 
fd700000-100000000 ---p 00000000 00:00 0 
100000000-1000a0000 rw-p 00000000 00:00 0 
1000a0000-140000000 ---p 00000000 00:00 0 
7f3da0000000-7f3da0021000 rw-p 00000000 00:00 0 
7f3da0021000-7f3da4000000 ---p 00000000 00:00 0 
7f3da4000000-7f3da4021000 rw-p 00000000 00:00 0 
7f3da4021000-7f3da8000000 ---p 00000000 00:00 0 
7f3da8000000-7f3da8021000 rw-p 00000000 00:00 0 
7f3da8021000-7f3dac000000 ---p 00000000 00:00 0 
7f3dac000000-7f3dac02d000 rw-p 00000000 00:00 0 
7f3dac02d000-7f3db0000000 ---p 00000000 00:00 0 
7f3db0000000-7f3db0021000 rw-p 00000000 00:00 0 
7f3db0021000-7f3db4000000 ---p 00000000 00:00 0 
7f3db4000000-7f3db4042000 rw-p 00000000 00:00 0 
7f3db4042000-7f3db8000000 ---p 00000000 00:00 0 
7f3db8000000-7f3db8815000 rw-p 00000000 00:00 0 
7f3db8815000-7f3dbc000000 ---p 00000000 00:00 0 
7f3dbc000000-7f3dbc021000 rw-p 00000000 00:00 0 
7f3dbc021000-7f3dc0000000 ---p 00000000 00:00 0 
7f3dc0000000-7f3dc0bc5000 rw-p 00000000 00:00 0 
7f3dc0bc5000-7f3dc4000000 ---p 00000000 00:00 0 
7f3dc4000000-7f3dc458a000 rw-p 00000000 00:00 0 
7f3dc458a000-7f3dc8000000 ---p 00000000 00:00 0 
7f3dc8000000-7f3dc8021000 rw-p 00000000 00:00 0 
7f3dc8021000-7f3dcc000000 ---p 00000000 00:00 0 
7f3dcc000000-7f3dcc68d000 rw-p 00000000 00:00 0 
7f3dcc68d000-7f3dd0000000 ---p 00000000 00:00 0 
7f3dd0000000-7f3dd0021000 rw-p 00000000 00:00 0 
7f3dd0021000-7f3dd4000000 ---p 00000000 00:00 0 
7f3dd4000000-7f3dd4021000 rw-p 00000000 00:00 0 
7f3dd4021000-7f3dd8000000 ---p 00000000 00:00 0 
7f3dd8000000-7f3dd8021000 rw-p 00000000 00:00 0 
7f3dd8021000-7f3ddc000000 ---p 00000000 00:00 0 
7f3de0000000-7f3de0021000 rw-p 00000000 00:00 0 
7f3de0021000-7f3de4000000 ---p 00000000 00:00 0 
7f3de8000000-7f3de8021000 rw-p 00000000 00:00 0 
7f3de8021000-7f3dec000000 ---p 00000000 00:00 0 
7f3dec000000-7f3dec28f000 rw-p 00000000 00:00 0 
7f3dec28f000-7f3df0000000 ---p 00000000 00:00 0 
7f3df0000000-7f3df0021000 rw-p 00000000 00:00 0 
7f3df0021000-7f3df4000000 ---p 00000000 00:00 0 
7f3df7afb000-7f3df7afe000 ---p 00000000 00:00 0 
7f3df7afe000-7f3df7bfc000 rw-p 00000000 00:00 0 
7f3df7bfc000-7f3df7bff000 ---p 00000000 00:00 0 
7f3df7bff000-7f3df7cfd000 rw-p 00000000 00:00 0 
7f3df7cfd000-7f3df7d00000 ---p 00000000 00:00 0 
7f3df7d00000-7f3df7dfe000 rw-p 00000000 00:00 0 
7f3df7dfe000-7f3df7e01000 ---p 00000000 00:00 0 
7f3df7e01000-7f3df7eff000 rw-p 00000000 00:00 0 
7f3df7eff000-7f3df7f02000 ---p 00000000 00:00 0 
7f3df7f02000-7f3df8000000 rw-p 00000000 00:00 0 
7f3df8000000-7f3df8021000 rw-p 00000000 00:00 0 
7f3df8021000-7f3dfc000000 ---p 00000000 00:00 0 
7f3dfc000000-7f3dfc021000 rw-p 00000000 00:00 0 
7f3dfc021000-7f3e00000000 ---p 00000000 00:00 0 
7f3e00000000-7f3e00021000 rw-p 00000000 00:00 0 
7f3e00021000-7f3e04000000 ---p 00000000 00:00 0 
7f3e0407f000-7f3e0409c000 r--p 00000000 08:01 11012338                   /usr/share/locale-langpack/tr/LC_MESSAGES/libc.mo
7f3e0409c000-7f3e040ad000 r--s 000cf000 08:01 159889                     /home/oguz/.gradle/caches/modules-2/files-2.1/com.fasterxml.jackson.core/jackson-databind/2.3.2/c75edc740a6d8cb1cef6fa82fa594e0bce561916/jackson-databind-2.3.2.jar
7f3e040ad000-7f3e040ae000 ---p 00000000 00:00 0 
7f3e040ae000-7f3e041ae000 rw-p 00000000 00:00 0 
7f3e041ae000-7f3e041b1000 ---p 00000000 00:00 0 
7f3e041b1000-7f3e042af000 rw-p 00000000 00:00 0 
7f3e042af000-7f3e042b2000 ---p 00000000 00:00 0 
7f3e042b2000-7f3e043b0000 rw-p 00000000 00:00 0 
7f3e043b0000-7f3e043b3000 ---p 00000000 00:00 0 
7f3e043b3000-7f3e044b1000 rw-p 00000000 00:00 0 
7f3e044b1000-7f3e044b4000 ---p 00000000 00:00 0 
7f3e044b4000-7f3e045b2000 rw-p 00000000 00:00 0 
7f3e045b2000-7f3e045b5000 ---p 00000000 00:00 0 
7f3e045b5000-7f3e046b3000 rw-p 00000000 00:00 0 
7f3e046b3000-7f3e046b6000 ---p 00000000 00:00 0 
7f3e046b6000-7f3e047b4000 rw-p 00000000 00:00 0 
7f3e047b4000-7f3e04bec000 r--p 00000000 08:01 9700768                    /usr/lib/locale/locale-archive
7f3e04bec000-7f3e04bef000 ---p 00000000 00:00 0 
7f3e04bef000-7f3e04ced000 rw-p 00000000 00:00 0 
7f3e04ced000-7f3e04cf0000 ---p 00000000 00:00 0 
7f3e04cf0000-7f3e04dee000 rw-p 00000000 00:00 0 
7f3e04dee000-7f3e04def000 ---p 00000000 00:00 0 
7f3e04def000-7f3e08000000 rw-p 00000000 00:00 0 
7f3e08000000-7f3e08021000 rw-p 00000000 00:00 0 
7f3e08021000-7f3e0c000000 ---p 00000000 00:00 0 
7f3e0c003000-7f3e0c012000 r--s 000df000 08:01 5246091                    /home/oguz/Android/Sdk/build-tools/23.0.3/lib/dx.jar
7f3e0c012000-7f3e0ce80000 rw-p 00000000 00:00 0 
7f3e0ce80000-7f3e0d000000 ---p 00000000 00:00 0 
7f3e0d000000-7f3e0d630000 rwxp 00000000 00:00 0 
7f3e0d630000-7f3e1c000000 ---p 00000000 00:00 0 
7f3e1c000000-7f3e1c3b8000 rw-p 00000000 00:00 0 
7f3e1c3b8000-7f3e20000000 ---p 00000000 00:00 0 
7f3e20006000-7f3e2000d000 r--s 00000000 08:01 10092992                   /usr/lib/x86_64-linux-gnu/gconv/gconv-modules.cache
7f3e2000d000-7f3e20352000 rw-p 00000000 00:00 0 
7f3e20352000-7f3e2052b000 r--s 03d1f000 08:01 9967487                    /usr/lib/jvm/java-8-oracle/jre/lib/rt.jar
7f3e2052b000-7f3e207a1000 rw-p 00000000 00:00 0 
7f3e207a1000-7f3e207a2000 ---p 00000000 00:00 0 
7f3e207a2000-7f3e208a2000 rw-p 00000000 00:00 0 
7f3e208a2000-7f3e208a3000 ---p 00000000 00:00 0 
7f3e208a3000-7f3e209a3000 rw-p 00000000 00:00 0 
7f3e209a3000-7f3e209a4000 ---p 00000000 00:00 0 
7f3e209a4000-7f3e20aa4000 rw-p 00000000 00:00 0 
7f3e20aa4000-7f3e20aa5000 ---p 00000000 00:00 0 
7f3e20aa5000-7f3e20ba5000 rw-p 00000000 00:00 0 
7f3e20ba5000-7f3e20ba6000 ---p 00000000 00:00 0 
7f3e20ba6000-7f3e20ca6000 rw-p 00000000 00:00 0 
7f3e20ca6000-7f3e20ca7000 ---p 00000000 00:00 0 
7f3e20ca7000-7f3e20da7000 rw-p 00000000 00:00 0 
7f3e20da7000-7f3e20da8000 ---p 00000000 00:00 0 
7f3e20da8000-7f3e20ea8000 rw-p 00000000 00:00 0 
7f3e20ea8000-7f3e20ea9000 ---p 00000000 00:00 0 
7f3e20ea9000-7f3e20fd3000 rw-p 00000000 00:00 0 
7f3e20fd3000-7f3e210ff000 ---p 00000000 00:00 0 
7f3e210ff000-7f3e21129000 rw-p 00000000 00:00 0 
7f3e21129000-7f3e21254000 ---p 00000000 00:00 0 
7f3e21254000-7f3e21298000 rw-p 00000000 00:00 0 
7f3e21298000-7f3e212ff000 ---p 00000000 00:00 0 
7f3e212ff000-7f3e21319000 rw-p 00000000 00:00 0 
7f3e21319000-7f3e216c0000 ---p 00000000 00:00 0 
7f3e216c0000-7f3e216da000 r-xp 00000000 08:01 10092954                   /usr/lib/jvm/java-8-oracle/jre/lib/amd64/libzip.so
7f3e216da000-7f3e218da000 ---p 0001a000 08:01 10092954                   /usr/lib/jvm/java-8-oracle/jre/lib/amd64/libzip.so
7f3e218da000-7f3e218db000 rw-p 0001a000 08:01 10092954                   /usr/lib/jvm/java-8-oracle/jre/lib/amd64/libzip.so
7f3e218db000-7f3e218e6000 r-xp 00000000 08:01 7603299                    /lib/x86_64-linux-gnu/libnss_files-2.23.so
7f3e218e6000-7f3e21ae5000 ---p 0000b000 08:01 7603299                    /lib/x86_64-linux-gnu/libnss_files-2.23.so
7f3e21ae5000-7f3e21ae6000 r--p 0000a000 08:01 7603299                    /lib/x86_64-linux-gnu/libnss_files-2.23.so
7f3e21ae6000-7f3e21ae7000 rw-p 0000b000 08:01 7603299                    /lib/x86_64-linux-gnu/libnss_files-2.23.so
7f3e21ae7000-7f3e21aed000 rw-p 00000000 00:00 0 
7f3e21aed000-7f3e21af8000 r-xp 00000000 08:01 7603296                    /lib/x86_64-linux-gnu/libnss_nis-2.23.so
7f3e21af8000-7f3e21cf7000 ---p 0000b000 08:01 7603296                    /lib/x86_64-linux-gnu/libnss_nis-2.23.so
7f3e21cf7000-7f3e21cf8000 r--p 0000a000 08:01 7603296                    /lib/x86_64-linux-gnu/libnss_nis-2.23.so
7f3e21cf8000-7f3e21cf9000 rw-p 0000b000 08:01 7603296                    /lib/x86_64-linux-gnu/libnss_nis-2.23.so
7f3e21cf9000-7f3e21d0f000 r-xp 00000000 08:01 7603294                    /lib/x86_64-linux-gnu/libnsl-2.23.so
7f3e21d0f000-7f3e21f0f000 ---p 00016000 08:01 7603294                    /lib/x86_64-linux-gnu/libnsl-2.23.so
7f3e21f0f000-7f3e21f10000 r--p 00016000 08:01 7603294                    /lib/x86_64-linux-gnu/libnsl-2.23.so
7f3e21f10000-7f3e21f11000 rw-p 00017000 08:01 7603294                    /lib/x86_64-linux-gnu/libnsl-2.23.so
7f3e21f11000-7f3e21f13000 rw-p 00000000 00:00 0 
7f3e21f13000-7f3e21f1b000 r-xp 00000000 08:01 7603292                    /lib/x86_64-linux-gnu/libnss_compat-2.23.so
7f3e21f1b000-7f3e2211a000 ---p 00008000 08:01 7603292                    /lib/x86_64-linux-gnu/libnss_compat-2.23.so
7f3e2211a000-7f3e2211b000 r--p 00007000 08:01 7603292                    /lib/x86_64-linux-gnu/libnss_compat-2.23.so
7f3e2211b000-7f3e2211c000 rw-p 00008000 08:01 7603292                    /lib/x86_64-linux-gnu/libnss_compat-2.23.so
7f3e2211c000-7f3e22146000 r-xp 00000000 08:01 10092949                   /usr/lib/jvm/java-8-oracle/jre/lib/amd64/libjava.so
7f3e22146000-7f3e22346000 ---p 0002a000 08:01 10092949                   /usr/lib/jvm/java-8-oracle/jre/lib/amd64/libjava.so
7f3e22346000-7f3e22348000 rw-p 0002a000 08:01 10092949                   /usr/lib/jvm/java-8-oracle/jre/lib/amd64/libjava.so
7f3e22348000-7f3e22355000 r-xp 00000000 08:01 10092953                   /usr/lib/jvm/java-8-oracle/jre/lib/amd64/libverify.so
7f3e22355000-7f3e22555000 ---p 0000d000 08:01 10092953                   /usr/lib/jvm/java-8-oracle/jre/lib/amd64/libverify.so
7f3e22555000-7f3e22557000 rw-p 0000d000 08:01 10092953                   /usr/lib/jvm/java-8-oracle/jre/lib/amd64/libverify.so
7f3e22557000-7f3e2255e000 r-xp 00000000 08:01 7603308                    /lib/x86_64-linux-gnu/librt-2.23.so
7f3e2255e000-7f3e2275d000 ---p 00007000 08:01 7603308                    /lib/x86_64-linux-gnu/librt-2.23.so
7f3e2275d000-7f3e2275e000 r--p 00006000 08:01 7603308                    /lib/x86_64-linux-gnu/librt-2.23.so
7f3e2275e000-7f3e2275f000 rw-p 00007000 08:01 7603308                    /lib/x86_64-linux-gnu/librt-2.23.so
7f3e2275f000-7f3e22867000 r-xp 00000000 08:01 7603305                    /lib/x86_64-linux-gnu/libm-2.23.so
7f3e22867000-7f3e22a66000 ---p 00108000 08:01 7603305                    /lib/x86_64-linux-gnu/libm-2.23.so
7f3e22a66000-7f3e22a67000 r--p 00107000 08:01 7603305                    /lib/x86_64-linux-gnu/libm-2.23.so
7f3e22a67000-7f3e22a68000 rw-p 00108000 08:01 7603305                    /lib/x86_64-linux-gnu/libm-2.23.so
7f3e22a68000-7f3e23728000 r-xp 00000000 08:01 10092932                   /usr/lib/jvm/java-8-oracle/jre/lib/amd64/server/libjvm.so
7f3e23728000-7f3e23928000 ---p 00cc0000 08:01 10092932                   /usr/lib/jvm/java-8-oracle/jre/lib/amd64/server/libjvm.so
7f3e23928000-7f3e23a00000 rw-p 00cc0000 08:01 10092932                   /usr/lib/jvm/java-8-oracle/jre/lib/amd64/server/libjvm.so
7f3e23a00000-7f3e23a4b000 rw-p 00000000 00:00 0 
7f3e23a4b000-7f3e23c0b000 r-xp 00000000 08:01 7603313                    /lib/x86_64-linux-gnu/libc-2.23.so
7f3e23c0b000-7f3e23e0b000 ---p 001c0000 08:01 7603313                    /lib/x86_64-linux-gnu/libc-2.23.so
7f3e23e0b000-7f3e23e0f000 r--p 001c0000 08:01 7603313                    /lib/x86_64-linux-gnu/libc-2.23.so
7f3e23e0f000-7f3e23e11000 rw-p 001c4000 08:01 7603313                    /lib/x86_64-linux-gnu/libc-2.23.so
7f3e23e11000-7f3e23e15000 rw-p 00000000 00:00 0 
7f3e23e15000-7f3e23e18000 r-xp 00000000 08:01 7603314                    /lib/x86_64-linux-gnu/libdl-2.23.so
7f3e23e18000-7f3e24017000 ---p 00003000 08:01 7603314                    /lib/x86_64-linux-gnu/libdl-2.23.so
7f3e24017000-7f3e24018000 r--p 00002000 08:01 7603314                    /lib/x86_64-linux-gnu/libdl-2.23.so
7f3e24018000-7f3e24019000 rw-p 00003000 08:01 7603314                    /lib/x86_64-linux-gnu/libdl-2.23.so
7f3e24019000-7f3e2402e000 r-xp 00000000 08:01 9840182                    /usr/lib/jvm/java-8-oracle/lib/amd64/jli/libjli.so
7f3e2402e000-7f3e2422e000 ---p 00015000 08:01 9840182                    /usr/lib/jvm/java-8-oracle/lib/amd64/jli/libjli.so
7f3e2422e000-7f3e2422f000 rw-p 00015000 08:01 9840182                    /usr/lib/jvm/java-8-oracle/lib/amd64/jli/libjli.so
7f3e2422f000-7f3e24247000 r-xp 00000000 08:01 7603312                    /lib/x86_64-linux-gnu/libpthread-2.23.so
7f3e24247000-7f3e24446000 ---p 00018000 08:01 7603312                    /lib/x86_64-linux-gnu/libpthread-2.23.so
7f3e24446000-7f3e24447000 r--p 00017000 08:01 7603312                    /lib/x86_64-linux-gnu/libpthread-2.23.so
7f3e24447000-7f3e24448000 rw-p 00018000 08:01 7603312                    /lib/x86_64-linux-gnu/libpthread-2.23.so
7f3e24448000-7f3e2444c000 rw-p 00000000 00:00 0 
7f3e2444c000-7f3e24472000 r-xp 00000000 08:01 7603309                    /lib/x86_64-linux-gnu/ld-2.23.so
7f3e24478000-7f3e2454a000 rw-p 00000000 00:00 0 
7f3e2454a000-7f3e2454d000 ---p 00000000 00:00 0 
7f3e2454d000-7f3e2464f000 rw-p 00000000 00:00 0 
7f3e24651000-7f3e24665000 rw-p 00000000 00:00 0 
7f3e24665000-7f3e2466d000 rw-s 00000000 08:01 133480                     /tmp/hsperfdata_oguz/2714
7f3e2466d000-7f3e2466e000 rw-p 00000000 00:00 0 
7f3e2466e000-7f3e2466f000 ---p 00000000 00:00 0 
7f3e2466f000-7f3e24671000 rw-p 00000000 00:00 0 
7f3e24671000-7f3e24672000 r--p 00025000 08:01 7603309                    /lib/x86_64-linux-gnu/ld-2.23.so
7f3e24672000-7f3e24673000 rw-p 00026000 08:01 7603309                    /lib/x86_64-linux-gnu/ld-2.23.so
7f3e24673000-7f3e24674000 rw-p 00000000 00:00 0 
7ffc62a5c000-7ffc62a7d000 rw-p 00000000 00:00 0                          [stack]
7ffc62ac7000-7ffc62ac9000 r--p 00000000 00:00 0                          [vvar]
7ffc62ac9000-7ffc62acb000 r-xp 00000000 00:00 0                          [vdso]
ffffffffff600000-ffffffffff601000 r-xp 00000000 00:00 0                  [vsyscall]

VM Arguments:
jvm_args: -Djava.awt.headless=true -Xmx1024M -Dfile.encoding=UTF-8 -Duser.country=TR -Duser.language=tr -Duser.variant 
java_command: com.android.dx.command.Main --dex --force-jumbo --num-threads=4 --multi-dex --output /home/oguz/AndroidStudioProjects/FomApplication/app/build/intermediates/transforms/dex/debug/folders/1000/10/jackson-databind-2.3.2_51c4623ebbbe6b6f2e96a48accc07b8b3796ca57 /home/oguz/.gradle/caches/modules-2/files-2.1/com.fasterxml.jackson.core/jackson-databind/2.3.2/c75edc740a6d8cb1cef6fa82fa594e0bce561916/jackson-databind-2.3.2.jar
java_class_path (initial): /home/oguz/Android/Sdk/build-tools/23.0.3/lib/dx.jar
Launcher Type: SUN_STANDARD

Environment Variables:
PATH=/usr/local/sbin:/usr/local/bin:/usr/sbin:/usr/bin:/sbin:/bin:/usr/games:/usr/local/games:/snap/bin
LD_LIBRARY_PATH=/home/oguz/Masaüstü/Derleyiciler/android-studio/bin:
SHELL=/bin/bash
DISPLAY=:0

Signal Handlers:
SIGSEGV: [libjvm.so+0xabca10], sa_mask[0]=11111111011111111101111111111110, sa_flags=SA_RESTART|SA_SIGINFO
SIGBUS: [libjvm.so+0xabca10], sa_mask[0]=11111111011111111101111111111110, sa_flags=SA_RESTART|SA_SIGINFO
SIGFPE: [libjvm.so+0x919a20], sa_mask[0]=11111111011111111101111111111110, sa_flags=SA_RESTART|SA_SIGINFO
SIGPIPE: [libjvm.so+0x919a20], sa_mask[0]=11111111011111111101111111111110, sa_flags=SA_RESTART|SA_SIGINFO
SIGXFSZ: [libjvm.so+0x919a20], sa_mask[0]=11111111011111111101111111111110, sa_flags=SA_RESTART|SA_SIGINFO
SIGILL: [libjvm.so+0x919a20], sa_mask[0]=11111111011111111101111111111110, sa_flags=SA_RESTART|SA_SIGINFO
SIGUSR1: SIG_DFL, sa_mask[0]=00000000000000000000000000000000, sa_flags=none
SIGUSR2: [libjvm.so+0x91b050], sa_mask[0]=00100000000000000000000000000000, sa_flags=SA_RESTART|SA_SIGINFO
SIGHUP: [libjvm.so+0x91c450], sa_mask[0]=11111111011111111101111111111110, sa_flags=SA_RESTART|SA_SIGINFO
SIGINT: [libjvm.so+0x91c450], sa_mask[0]=11111111011111111101111111111110, sa_flags=SA_RESTART|SA_SIGINFO
SIGTERM: [libjvm.so+0x91c450], sa_mask[0]=11111111011111111101111111111110, sa_flags=SA_RESTART|SA_SIGINFO
SIGQUIT: [libjvm.so+0x91c450], sa_mask[0]=11111111011111111101111111111110, sa_flags=SA_RESTART|SA_SIGINFO


---------------  S Y S T E M  ---------------

OS:DISTRIB_ID=Ubuntu
DISTRIB_RELEASE=16.04
DISTRIB_CODENAME=xenial
DISTRIB_DESCRIPTION="Ubuntu Xenial Xerus (development branch)"

uname:Linux 4.4.0-22-generic #39-Ubuntu SMP Thu May 5 16:53:32 UTC 2016 x86_64
libc:glibc 2.23 NPTL 2.23 
rlimit: STACK 8192k, CORE 0k, NPROC 31498, NOFILE 65536, AS infinity
load average:7,16 1,89 1,05

/proc/meminfo:
MemTotal:        8101800 kB
MemFree:           50864 kB
MemAvailable:      86676 kB
Buffers:            1332 kB
Cached:           458172 kB
SwapCached:            0 kB
Active:          7402880 kB
Inactive:         406048 kB
Active(anon):    7387256 kB
Inactive(anon):   396952 kB
Active(file):      15624 kB
Inactive(file):     9096 kB
Unevictable:          72 kB
Mlocked:              72 kB
SwapTotal:             0 kB
SwapFree:              0 kB
Dirty:               108 kB
Writeback:             0 kB
AnonPages:       7349760 kB
Mapped:           169472 kB
Shmem:            434560 kB
Slab:             106100 kB
SReclaimable:      51700 kB
SUnreclaim:        54400 kB
KernelStack:       18768 kB
PageTables:        58888 kB
NFS_Unstable:          0 kB
Bounce:                0 kB
WritebackTmp:          0 kB
CommitLimit:     4050900 kB
Committed_AS:   13606652 kB
VmallocTotal:   34359738367 kB
VmallocUsed:           0 kB
VmallocChunk:          0 kB
HardwareCorrupted:     0 kB
AnonHugePages:   4022272 kB
CmaTotal:              0 kB
CmaFree:               0 kB
HugePages_Total:       0
HugePages_Free:        0
HugePages_Rsvd:        0
HugePages_Surp:        0
Hugepagesize:       2048 kB
DirectMap4k:      185088 kB
DirectMap2M:     8130560 kB
DirectMap1G:     1048576 kB


CPU:total 8 (4 cores per cpu, 2 threads per core) family 6 model 60 stepping 3, cmov, cx8, fxsr, mmx, sse, sse2, sse3, ssse3, sse4.1, sse4.2, popcnt, avx, avx2, aes, clmul, erms, lzcnt, ht, tsc, tscinvbit, bmi1, bmi2

/proc/cpuinfo:
processor	: 0
vendor_id	: GenuineIntel
cpu family	: 6
model		: 60
model name	: Intel(R) Core(TM) i7-4700MQ CPU @ 2.40GHz
stepping	: 3
microcode	: 0x16
cpu MHz		: 1599.937
cache size	: 6144 KB
physical id	: 0
siblings	: 8
core id		: 0
cpu cores	: 4
apicid		: 0
initial apicid	: 0
fpu		: yes
fpu_exception	: yes
cpuid level	: 13
wp		: yes
flags		: fpu vme de pse tsc msr pae mce cx8 apic sep mtrr pge mca cmov pat pse36 clflush dts acpi mmx fxsr sse sse2 ss ht tm pbe syscall nx pdpe1gb rdtscp lm constant_tsc arch_perfmon pebs bts rep_good nopl xtopology nonstop_tsc aperfmperf eagerfpu pni pclmulqdq dtes64 monitor ds_cpl vmx est tm2 ssse3 sdbg fma cx16 xtpr pdcm pcid sse4_1 sse4_2 movbe popcnt tsc_deadline_timer aes xsave avx f16c rdrand lahf_lm abm epb tpr_shadow vnmi flexpriority ept vpid fsgsbase tsc_adjust bmi1 avx2 smep bmi2 erms invpcid xsaveopt dtherm ida arat pln pts
bugs		:
bogomips	: 4788.76
clflush size	: 64
cache_alignment	: 64
address sizes	: 39 bits physical, 48 bits virtual
power management:

processor	: 1
vendor_id	: GenuineIntel
cpu family	: 6
model		: 60
model name	: Intel(R) Core(TM) i7-4700MQ CPU @ 2.40GHz
stepping	: 3
microcode	: 0x16
cpu MHz		: 1599.937
cache size	: 6144 KB
physical id	: 0
siblings	: 8
core id		: 0
cpu cores	: 4
apicid		: 1
initial apicid	: 1
fpu		: yes
fpu_exception	: yes
cpuid level	: 13
wp		: yes
flags		: fpu vme de pse tsc msr pae mce cx8 apic sep mtrr pge mca cmov pat pse36 clflush dts acpi mmx fxsr sse sse2 ss ht tm pbe syscall nx pdpe1gb rdtscp lm constant_tsc arch_perfmon pebs bts rep_good nopl xtopology nonstop_tsc aperfmperf eagerfpu pni pclmulqdq dtes64 monitor ds_cpl vmx est tm2 ssse3 sdbg fma cx16 xtpr pdcm pcid sse4_1 sse4_2 movbe popcnt tsc_deadline_timer aes xsave avx f16c rdrand lahf_lm abm epb tpr_shadow vnmi flexpriority ept vpid fsgsbase tsc_adjust bmi1 avx2 smep bmi2 erms invpcid xsaveopt dtherm ida arat pln pts
bugs		:
bogomips	: 4788.76
clflush size	: 64
cache_alignment	: 64
address sizes	: 39 bits physical, 48 bits virtual
power management:

processor	: 2
vendor_id	: GenuineIntel
cpu family	: 6
model		: 60
model name	: Intel(R) Core(TM) i7-4700MQ CPU @ 2.40GHz
stepping	: 3
microcode	: 0x16
cpu MHz		: 1599.937
cache size	: 6144 KB
physical id	: 0
siblings	: 8
core id		: 1
cpu cores	: 4
apicid		: 2
initial apicid	: 2
fpu		: yes
fpu_exception	: yes
cpuid level	: 13
wp		: yes
flags		: fpu vme de pse tsc msr pae mce cx8 apic sep mtrr pge mca cmov pat pse36 clflush dts acpi mmx fxsr sse sse2 ss ht tm pbe syscall nx pdpe1gb rdtscp lm constant_tsc arch_perfmon pebs bts rep_good nopl xtopology nonstop_tsc aperfmperf eagerfpu pni pclmulqdq dtes64 monitor ds_cpl vmx est tm2 ssse3 sdbg fma cx16 xtpr pdcm pcid sse4_1 sse4_2 movbe popcnt tsc_deadline_timer aes xsave avx f16c rdrand lahf_lm abm epb tpr_shadow vnmi flexpriority ept vpid fsgsbase tsc_adjust bmi1 avx2 smep bmi2 erms invpcid xsaveopt dtherm ida arat pln pts
bugs		:
bogomips	: 4788.76
clflush size	: 64
cache_alignment	: 64
address sizes	: 39 bits physical, 48 bits virtual
power management:

processor	: 3
vendor_id	: GenuineIntel
cpu family	: 6
model		: 60
model name	: Intel(R) Core(TM) i7-4700MQ CPU @ 2.40GHz
stepping	: 3
microcode	: 0x16
cpu MHz		: 1599.937
cache size	: 6144 KB
physical id	: 0
siblings	: 8
core id		: 1
cpu cores	: 4
apicid		: 3
initial apicid	: 3
fpu		: yes
fpu_exception	: yes
cpuid level	: 13
wp		: yes
flags		: fpu vme de pse tsc msr pae mce cx8 apic sep mtrr pge mca cmov pat pse36 clflush dts acpi mmx fxsr sse sse2 ss ht tm pbe syscall nx pdpe1gb rdtscp lm constant_tsc arch_perfmon pebs bts rep_good nopl xtopology nonstop_tsc aperfmperf eagerfpu pni pclmulqdq dtes64 monitor ds_cpl vmx est tm2 ssse3 sdbg fma cx16 xtpr pdcm pcid sse4_1 sse4_2 movbe popcnt tsc_deadline_timer aes xsave avx f16c rdrand lahf_lm abm epb tpr_shadow vnmi flexpriority ept vpid fsgsbase tsc_adjust bmi1 avx2 smep bmi2 erms invpcid xsaveopt dtherm ida arat pln pts
bugs		:
bogomips	: 4788.76
clflush size	: 64
cache_alignment	: 64
address sizes	: 39 bits physical, 48 bits virtual
power management:

processor	: 4
vendor_id	: GenuineIntel
cpu family	: 6
model		: 60
model name	: Intel(R) Core(TM) i7-4700MQ CPU @ 2.40GHz
stepping	: 3
microcode	: 0x16
cpu MHz		: 1599.937
cache size	: 6144 KB
physical id	: 0
siblings	: 8
core id		: 2
cpu cores	: 4
apicid		: 4
initial apicid	: 4
fpu		: yes
fpu_exception	: yes
cpuid level	: 13
wp		: yes
flags		: fpu vme de pse tsc msr pae mce cx8 apic sep mtrr pge mca cmov pat pse36 clflush dts acpi mmx fxsr sse sse2 ss ht tm pbe syscall nx pdpe1gb rdtscp lm constant_tsc arch_perfmon pebs bts rep_good nopl xtopology nonstop_tsc aperfmperf eagerfpu pni pclmulqdq dtes64 monitor ds_cpl vmx est tm2 ssse3 sdbg fma cx16 xtpr pdcm pcid sse4_1 sse4_2 movbe popcnt tsc_deadline_timer aes xsave avx f16c rdrand lahf_lm abm epb tpr_shadow vnmi flexpriority ept vpid fsgsbase tsc_adjust bmi1 avx2 smep bmi2 erms invpcid xsaveopt dtherm ida arat pln pts
bugs		:
bogomips	: 4788.76
clflush size	: 64
cache_alignment	: 64
address sizes	: 39 bits physical, 48 bits virtual
power management:

processor	: 5
vendor_id	: GenuineIntel
cpu family	: 6
model		: 60
model name	: Intel(R) Core(TM) i7-4700MQ CPU @ 2.40GHz
stepping	: 3
microcode	: 0x16
cpu MHz		: 1599.937
cache size	: 6144 KB
physical id	: 0
siblings	: 8
core id		: 2
cpu cores	: 4
apicid		: 5
initial apicid	: 5
fpu		: yes
fpu_exception	: yes
cpuid level	: 13
wp		: yes
flags		: fpu vme de pse tsc msr pae mce cx8 apic sep mtrr pge mca cmov pat pse36 clflush dts acpi mmx fxsr sse sse2 ss ht tm pbe syscall nx pdpe1gb rdtscp lm constant_tsc arch_perfmon pebs bts rep_good nopl xtopology nonstop_tsc aperfmperf eagerfpu pni pclmulqdq dtes64 monitor ds_cpl vmx est tm2 ssse3 sdbg fma cx16 xtpr pdcm pcid sse4_1 sse4_2 movbe popcnt tsc_deadline_timer aes xsave avx f16c rdrand lahf_lm abm epb tpr_shadow vnmi flexpriority ept vpid fsgsbase tsc_adjust bmi1 avx2 smep bmi2 erms invpcid xsaveopt dtherm ida arat pln pts
bugs		:
bogomips	: 4788.76
clflush size	: 64
cache_alignment	: 64
address sizes	: 39 bits physical, 48 bits virtual
power management:

processor	: 6
vendor_id	: GenuineIntel
cpu family	: 6
model		: 60
model name	: Intel(R) Core(TM) i7-4700MQ CPU @ 2.40GHz
stepping	: 3
microcode	: 0x16
cpu MHz		: 1599.937
cache size	: 6144 KB
physical id	: 0
siblings	: 8
core id		: 3
cpu cores	: 4
apicid		: 6
initial apicid	: 6
fpu		: yes
fpu_exception	: yes
cpuid level	: 13
wp		: yes
flags		: fpu vme de pse tsc msr pae mce cx8 apic sep mtrr pge mca cmov pat pse36 clflush dts acpi mmx fxsr sse sse2 ss ht tm pbe syscall nx pdpe1gb rdtscp lm constant_tsc arch_perfmon pebs bts rep_good nopl xtopology nonstop_tsc aperfmperf eagerfpu pni pclmulqdq dtes64 monitor ds_cpl vmx est tm2 ssse3 sdbg fma cx16 xtpr pdcm pcid sse4_1 sse4_2 movbe popcnt tsc_deadline_timer aes xsave avx f16c rdrand lahf_lm abm epb tpr_shadow vnmi flexpriority ept vpid fsgsbase tsc_adjust bmi1 avx2 smep bmi2 erms invpcid xsaveopt dtherm ida arat pln pts
bugs		:
bogomips	: 4788.76
clflush size	: 64
cache_alignment	: 64
address sizes	: 39 bits physical, 48 bits virtual
power management:

processor	: 7
vendor_id	: GenuineIntel
cpu family	: 6
model		: 60
model name	: Intel(R) Core(TM) i7-4700MQ CPU @ 2.40GHz
stepping	: 3
microcode	: 0x16
cpu MHz		: 1599.937
cache size	: 6144 KB
physical id	: 0
siblings	: 8
core id		: 3
cpu cores	: 4
apicid		: 7
initial apicid	: 7
fpu		: yes
fpu_exception	: yes
cpuid level	: 13
wp		: yes
flags		: fpu vme de pse tsc msr pae mce cx8 apic sep mtrr pge mca cmov pat pse36 clflush dts acpi mmx fxsr sse sse2 ss ht tm pbe syscall nx pdpe1gb rdtscp lm constant_tsc arch_perfmon pebs bts rep_good nopl xtopology nonstop_tsc aperfmperf eagerfpu pni pclmulqdq dtes64 monitor ds_cpl vmx est tm2 ssse3 sdbg fma cx16 xtpr pdcm pcid sse4_1 sse4_2 movbe popcnt tsc_deadline_timer aes xsave avx f16c rdrand lahf_lm abm epb tpr_shadow vnmi flexpriority ept vpid fsgsbase tsc_adjust bmi1 avx2 smep bmi2 erms invpcid xsaveopt dtherm ida arat pln pts
bugs		:
bogomips	: 4788.76
clflush size	: 64
cache_alignment	: 64
address sizes	: 39 bits physical, 48 bits virtual
power management:



Memory: 4k page, physical 8101800k(50828k free), swap 0k(0k free)

vm_info: Java HotSpot(TM) 64-Bit Server VM (25.91-b14) for linux-amd64 JRE (1.8.0_91-b14), built on Apr  1 2016 00:57:21 by "java_re" with gcc 4.3.0 20080428 (Red Hat 4.3.0-8)

time: Wed Jul 20 14:42:02 2016
elapsed time: 6 seconds (0d 0h 0m 6s)

