#
# There is insufficient memory for the Java Runtime Environment to continue.
# Native memory allocation (mmap) failed to map 65011712 bytes for committing reserved memory.
# Possible reasons:
#   The system is out of physical RAM or swap space
#   In 32 bit mode, the process size limit was hit
# Possible solutions:
#   Reduce memory load on the system
#   Increase physical memory or swap space
#   Check if swap backing store is full
#   Use 64 bit Java on a 64 bit OS
#   Decrease Java heap size (-Xmx/-Xms)
#   Decrease number of Java threads
#   Decrease Java thread stack sizes (-Xss)
#   Set larger code cache with -XX:ReservedCodeCacheSize=
# This output file may be truncated or incomplete.
#
#  Out of Memory Error (os_linux.cpp:2627), pid=4364, tid=140046626678528
#
# JRE version: Java(TM) SE Runtime Environment (8.0_91-b14) (build 1.8.0_91-b14)
# Java VM: Java HotSpot(TM) 64-Bit Server VM (25.91-b14 mixed mode linux-amd64 compressed oops)
# Failed to write core dump. Core dumps have been disabled. To enable core dumping, try "ulimit -c unlimited" before starting Java again
#

---------------  T H R E A D  ---------------

Current thread (0x00007f5f44080000):  VMThread [stack: 0x00007f5f255f6000,0x00007f5f256f7000] [id=4422]

Stack: [0x00007f5f255f6000,0x00007f5f256f7000],  sp=0x00007f5f256f5120,  free space=1020k
Native frames: (J=compiled Java code, j=interpreted, Vv=VM code, C=native code)
V  [libjvm.so+0xabc18a]  VMError::report_and_die()+0x2ba
V  [libjvm.so+0x4fafeb]  report_vm_out_of_memory(char const*, int, unsigned long, VMErrorType, char const*)+0x8b
V  [libjvm.so+0x91cbb3]  os::Linux::commit_memory_impl(char*, unsigned long, bool)+0x103
V  [libjvm.so+0x91d109]  os::pd_commit_memory(char*, unsigned long, unsigned long, bool)+0x29
V  [libjvm.so+0x91740a]  os::commit_memory(char*, unsigned long, unsigned long, bool)+0x2a
V  [libjvm.so+0x98b033]  PSVirtualSpace::expand_by(unsigned long)+0x53
V  [libjvm.so+0x98c438]  PSYoungGen::resize_generation(unsigned long, unsigned long)+0xf8
V  [libjvm.so+0x98b592]  PSYoungGen::resize(unsigned long, unsigned long)+0x22
V  [libjvm.so+0x98886b]  PSScavenge::invoke_no_policy()+0xf3b
V  [libjvm.so+0x988ff1]  PSScavenge::invoke()+0x41
V  [libjvm.so+0x9408b0]  ParallelScavengeHeap::failed_mem_allocate(unsigned long)+0x70
V  [libjvm.so+0xabdba7]  VM_ParallelGCFailedAllocation::doit()+0x97
V  [libjvm.so+0xac55d5]  VM_Operation::evaluate()+0x55
V  [libjvm.so+0xac39aa]  VMThread::evaluate_operation(VM_Operation*)+0xba
V  [libjvm.so+0xac3d2e]  VMThread::loop()+0x1ce
V  [libjvm.so+0xac41a0]  VMThread::run()+0x70
V  [libjvm.so+0x91ef78]  java_start(Thread*)+0x108

VM_Operation (0x00007f5f246b0d70): ParallelGCFailedAllocation, mode: safepoint, requested by thread 0x00007f5f44152000


---------------  P R O C E S S  ---------------

Java Threads: ( => current thread )
  0x00007f5f44172800 JavaThread "pool-2-thread-4" [_thread_blocked, id=4489, stack(0x00007f5f243b0000,0x00007f5f244b1000)]
  0x00007f5f44167800 JavaThread "pool-2-thread-3" [_thread_blocked, id=4488, stack(0x00007f5f244b1000,0x00007f5f245b2000)]
  0x00007f5f44152000 JavaThread "pool-2-thread-2" [_thread_blocked, id=4477, stack(0x00007f5f245b2000,0x00007f5f246b3000)]
  0x00007f5f44150800 JavaThread "pool-3-thread-1" [_thread_blocked, id=4475, stack(0x00007f5f246b3000,0x00007f5f247b4000)]
  0x00007f5f4414d800 JavaThread "pool-2-thread-1" [_thread_blocked, id=4468, stack(0x00007f5f247b4000,0x00007f5f248b5000)]
  0x00007f5f440cc000 JavaThread "Service Thread" daemon [_thread_blocked, id=4451, stack(0x00007f5f249b6000,0x00007f5f24ab7000)]
  0x00007f5f440c8800 JavaThread "C1 CompilerThread3" daemon [_thread_blocked, id=4445, stack(0x00007f5f24ab7000,0x00007f5f24bb8000)]
  0x00007f5f440c6800 JavaThread "C2 CompilerThread2" daemon [_thread_blocked, id=4444, stack(0x00007f5f24bb8000,0x00007f5f24cb9000)]
  0x00007f5f440c5000 JavaThread "C2 CompilerThread1" daemon [_thread_blocked, id=4442, stack(0x00007f5f24cb9000,0x00007f5f24dba000)]
  0x00007f5f440c2000 JavaThread "C2 CompilerThread0" daemon [_thread_blocked, id=4436, stack(0x00007f5f24dba000,0x00007f5f24ebb000)]
  0x00007f5f440c0800 JavaThread "Signal Dispatcher" daemon [_thread_blocked, id=4431, stack(0x00007f5f24ebb000,0x00007f5f24fbc000)]
  0x00007f5f4408c000 JavaThread "Finalizer" daemon [_thread_blocked, id=4428, stack(0x00007f5f253f4000,0x00007f5f254f5000)]
  0x00007f5f44087800 JavaThread "Reference Handler" daemon [_thread_blocked, id=4425, stack(0x00007f5f254f5000,0x00007f5f255f6000)]
  0x00007f5f4400a000 JavaThread "main" [_thread_blocked, id=4383, stack(0x00007f5f4cdb1000,0x00007f5f4ceb2000)]

Other Threads:
=>0x00007f5f44080000 VMThread [stack: 0x00007f5f255f6000,0x00007f5f256f7000] [id=4422]
  0x00007f5f440cf000 WatcherThread [stack: 0x00007f5f248b5000,0x00007f5f249b6000] [id=4465]

VM state:at safepoint (normal execution)

VM Mutex/Monitor currently owned by a thread:  ([mutex/lock_event])
[0x00007f5f440064b0] Threads_lock - owner thread: 0x00007f5f44080000
[0x00007f5f440069b0] Heap_lock - owner thread: 0x00007f5f44152000

Heap:
 PSYoungGen      total 68608K, used 5108K [0x00000000eab00000, 0x00000000ef300000, 0x0000000100000000)
  eden space 63488K, 0% used [0x00000000eab00000,0x00000000eab00000,0x00000000ee900000)
  from space 5120K, 99% used [0x00000000ee900000,0x00000000eedfd3b0,0x00000000eee00000)
  to   space 5120K, 0% used [0x00000000eee00000,0x00000000eee00000,0x00000000ef300000)
 ParOldGen       total 84992K, used 14292K [0x00000000c0000000, 0x00000000c5300000, 0x00000000eab00000)
  object space 84992K, 16% used [0x00000000c0000000,0x00000000c0df50b0,0x00000000c5300000)
 Metaspace       used 5738K, capacity 6896K, committed 7040K, reserved 1056768K
  class space    used 576K, capacity 616K, committed 640K, reserved 1048576K

Card table byte_map: [0x00007f5f49966000,0x00007f5f49b67000] byte_map_base: 0x00007f5f49366000

Marking Bits: (ParMarkBitMap*) 0x00007f5f4c285d60
 Begin Bits: [0x00007f5f26000000, 0x00007f5f27000000)
 End Bits:   [0x00007f5f27000000, 0x00007f5f28000000)

Polling page: 0x00007f5f4ced5000

CodeCache: size=245760Kb used=4616Kb max_used=4616Kb free=241143Kb
 bounds [0x00007f5f35000000, 0x00007f5f35490000, 0x00007f5f44000000]
 total_blobs=1489 nmethods=1228 adapters=175
 compilation: enabled

Compilation events (10 events):
Event: 2.113 Thread 0x00007f5f440c8800 nmethod 1320 0x00007f5f3547d8d0 code [0x00007f5f3547db80, 0x00007f5f3547e4e8]
Event: 2.113 Thread 0x00007f5f440c8800 1312       2       com.android.dx.ssa.back.FirstFitLocalCombiningAllocator::handleUnassociatedParameters (60 bytes)
Event: 2.148 Thread 0x00007f5f440c8800 nmethod 1312 0x00007f5f3547f4d0 code [0x00007f5f3547f660, 0x00007f5f3547f918]
Event: 2.148 Thread 0x00007f5f440c8800 1342       3       com.android.dx.ssa.SsaBasicBlock::getRopLabelSuccessorList (57 bytes)
Event: 2.149 Thread 0x00007f5f440c8800 nmethod 1342 0x00007f5f3547fb90 code [0x00007f5f3547fda0, 0x00007f5f35480888]
Event: 2.149 Thread 0x00007f5f440c8800 1347 %     3       com.android.dx.cf.code.BaseMachine::popArgs @ 34 (62 bytes)
Event: 2.149 Thread 0x00007f5f440c8800 nmethod 1347% 0x00007f5f35480f10 code [0x00007f5f354810c0, 0x00007f5f354817b8]
Event: 2.149 Thread 0x00007f5f440c8800 1344       3       com.android.dx.ssa.DeadCodeRemover::pruneDeadInstructions (246 bytes)
Event: 2.151 Thread 0x00007f5f440c8800 nmethod 1344 0x00007f5f35481a90 code [0x00007f5f35481e80, 0x00007f5f354846b8]
Event: 2.151 Thread 0x00007f5f440c8800 1345 %     3       com.android.dx.ssa.Dominators::run @ 89 (506 bytes)

GC Heap History (5 events):
Event: 1.218 GC heap before
{Heap before GC invocations=1 (full 0):
 PSYoungGen      total 36864K, used 31744K [0x00000000eab00000, 0x00000000ed400000, 0x0000000100000000)
  eden space 31744K, 100% used [0x00000000eab00000,0x00000000eca00000,0x00000000eca00000)
  from space 5120K, 0% used [0x00000000ecf00000,0x00000000ecf00000,0x00000000ed400000)
  to   space 5120K, 0% used [0x00000000eca00000,0x00000000eca00000,0x00000000ecf00000)
 ParOldGen       total 84992K, used 0K [0x00000000c0000000, 0x00000000c5300000, 0x00000000eab00000)
  object space 84992K, 0% used [0x00000000c0000000,0x00000000c0000000,0x00000000c5300000)
 Metaspace       used 5578K, capacity 6768K, committed 7040K, reserved 1056768K
  class space    used 576K, capacity 616K, committed 640K, reserved 1048576K
Event: 1.248 GC heap after
Heap after GC invocations=1 (full 0):
 PSYoungGen      total 36864K, used 5114K [0x00000000eab00000, 0x00000000ef300000, 0x0000000100000000)
  eden space 31744K, 0% used [0x00000000eab00000,0x00000000eab00000,0x00000000eca00000)
  from space 5120K, 99% used [0x00000000eca00000,0x00000000ecefea98,0x00000000ecf00000)
  to   space 5120K, 0% used [0x00000000eee00000,0x00000000eee00000,0x00000000ef300000)
 ParOldGen       total 84992K, used 2240K [0x00000000c0000000, 0x00000000c5300000, 0x00000000eab00000)
  object space 84992K, 2% used [0x00000000c0000000,0x00000000c02300d8,0x00000000c5300000)
 Metaspace       used 5578K, capacity 6768K, committed 7040K, reserved 1056768K
  class space    used 576K, capacity 616K, committed 640K, reserved 1048576K
}
Event: 1.621 GC heap before
{Heap before GC invocations=2 (full 0):
 PSYoungGen      total 36864K, used 36858K [0x00000000eab00000, 0x00000000ef300000, 0x0000000100000000)
  eden space 31744K, 100% used [0x00000000eab00000,0x00000000eca00000,0x00000000eca00000)
  from space 5120K, 99% used [0x00000000eca00000,0x00000000ecefea98,0x00000000ecf00000)
  to   space 5120K, 0% used [0x00000000eee00000,0x00000000eee00000,0x00000000ef300000)
 ParOldGen       total 84992K, used 2240K [0x00000000c0000000, 0x00000000c5300000, 0x00000000eab00000)
  object space 84992K, 2% used [0x00000000c0000000,0x00000000c02300d8,0x00000000c5300000)
 Metaspace       used 5634K, capacity 6832K, committed 7040K, reserved 1056768K
  class space    used 576K, capacity 616K, committed 640K, reserved 1048576K
Event: 1.655 GC heap after
Heap after GC invocations=2 (full 0):
 PSYoungGen      total 68608K, used 5089K [0x00000000eab00000, 0x00000000ef300000, 0x0000000100000000)
  eden space 63488K, 0% used [0x00000000eab00000,0x00000000eab00000,0x00000000ee900000)
  from space 5120K, 99% used [0x00000000eee00000,0x00000000ef2f8688,0x00000000ef300000)
  to   space 5120K, 0% used [0x00000000ee900000,0x00000000ee900000,0x00000000eee00000)
 ParOldGen       total 84992K, used 5893K [0x00000000c0000000, 0x00000000c5300000, 0x00000000eab00000)
  object space 84992K, 6% used [0x00000000c0000000,0x00000000c05c1638,0x00000000c5300000)
 Metaspace       used 5634K, capacity 6832K, committed 7040K, reserved 1056768K
  class space    used 576K, capacity 616K, committed 640K, reserved 1048576K
}
Event: 2.190 GC heap before
{Heap before GC invocations=3 (full 0):
 PSYoungGen      total 68608K, used 68577K [0x00000000eab00000, 0x00000000ef300000, 0x0000000100000000)
  eden space 63488K, 100% used [0x00000000eab00000,0x00000000ee900000,0x00000000ee900000)
  from space 5120K, 99% used [0x00000000eee00000,0x00000000ef2f8688,0x00000000ef300000)
  to   space 5120K, 0% used [0x00000000ee900000,0x00000000ee900000,0x00000000eee00000)
 ParOldGen       total 84992K, used 5893K [0x00000000c0000000, 0x00000000c5300000, 0x00000000eab00000)
  object space 84992K, 6% used [0x00000000c0000000,0x00000000c05c1638,0x00000000c5300000)
 Metaspace       used 5738K, capacity 6896K, committed 7040K, reserved 1056768K
  class space    used 576K, capacity 616K, committed 640K, reserved 1048576K

Deoptimization events (7 events):
Event: 0.373 Thread 0x00007f5f4400a000 Uncommon trap: reason=unstable_if action=reinterpret pc=0x00007f5f3513eac4 method=java.lang.String.indexOf(II)I @ 49
Event: 0.613 Thread 0x00007f5f44172800 Uncommon trap: reason=unstable_if action=reinterpret pc=0x00007f5f351d3f74 method=com.android.dx.rop.code.RegisterSpec.equals(ILcom/android/dx/rop/type/TypeBearer;Lcom/android/dx/rop/code/LocalItem;)Z @ 16
Event: 0.613 Thread 0x00007f5f44172800 Uncommon trap: reason=unstable_if action=reinterpret pc=0x00007f5f351a6580 method=com.android.dx.rop.code.RegisterSpec.equals(ILcom/android/dx/rop/type/TypeBearer;Lcom/android/dx/rop/code/LocalItem;)Z @ 16
Event: 0.827 Thread 0x00007f5f44167800 Uncommon trap: reason=unstable_if action=reinterpret pc=0x00007f5f351eaf3c method=java.util.BitSet.ensureCapacity(I)V @ 6
Event: 0.949 Thread 0x00007f5f4400a000 Uncommon trap: reason=unloaded action=reinterpret pc=0x00007f5f351fc824 method=com.android.dx.cf.cst.ConstantPoolParser.parse0(ILjava/util/BitSet;)Lcom/android/dx/rop/cst/Constant; @ 220
Event: 1.160 Thread 0x00007f5f44152000 Uncommon trap: reason=null_check action=make_not_entrant pc=0x00007f5f352855c4 method=com.android.dx.ssa.SsaRenamer.getLocalForNewReg(I)Lcom/android/dx/rop/code/LocalItem; @ 19
Event: 1.594 Thread 0x00007f5f4414d800 Uncommon trap: reason=unstable_if action=reinterpret pc=0x00007f5f35360ae0 method=com.android.dx.ssa.SsaRenamer$BlockRenamer.addMapping(ILcom/android/dx/rop/code/RegisterSpec;)V @ 120

Internal exceptions (3 events):
Event: 0.152 Thread 0x00007f5f4400a000 Exception <a 'java/lang/NoSuchMethodError': Method sun.misc.Unsafe.defineClass(Ljava/lang/String;[BII)Ljava/lang/Class; name or signature does not match> (0x00000000eab07cc0) thrown at [/HUDSON/workspace/8-2-build-linux-amd64/jdk8u91/6644/hotspot/src/shar
Event: 0.152 Thread 0x00007f5f4400a000 Exception <a 'java/lang/NoSuchMethodError': Method sun.misc.Unsafe.prefetchRead(Ljava/lang/Object;J)V name or signature does not match> (0x00000000eab07fa8) thrown at [/HUDSON/workspace/8-2-build-linux-amd64/jdk8u91/6644/hotspot/src/share/vm/prims/jni.cpp
Event: 1.159 Thread 0x00007f5f44152000 Implicit null exception at 0x00007f5f35282e69 to 0x00007f5f352855a5

Events (10 events):
Event: 2.062 Thread 0x00007f5f44152000 DEOPT UNPACKING pc=0x00007f5f35047633 sp=0x00007f5f246b0f28 mode 0
Event: 2.075 Thread 0x00007f5f44172800 DEOPT PACKING pc=0x00007f5f352306cb sp=0x00007f5f244aef50
Event: 2.075 Thread 0x00007f5f44172800 DEOPT UNPACKING pc=0x00007f5f35047633 sp=0x00007f5f244aecc8 mode 0
Event: 2.139 Thread 0x00007f5f44172800 DEOPT PACKING pc=0x00007f5f352306cb sp=0x00007f5f244aef50
Event: 2.139 Thread 0x00007f5f44172800 DEOPT UNPACKING pc=0x00007f5f35047633 sp=0x00007f5f244aecc8 mode 0
Event: 2.140 Thread 0x00007f5f44172800 DEOPT PACKING pc=0x00007f5f353f7ce3 sp=0x00007f5f244aefa0
Event: 2.140 Thread 0x00007f5f44172800 DEOPT UNPACKING pc=0x00007f5f35047633 sp=0x00007f5f244aed70 mode 0
Event: 2.144 Thread 0x00007f5f4414d800 DEOPT PACKING pc=0x00007f5f352c6b72 sp=0x00007f5f248b2e70
Event: 2.144 Thread 0x00007f5f4414d800 DEOPT UNPACKING pc=0x00007f5f35047633 sp=0x00007f5f248b2c08 mode 0
Event: 2.163 Executing VM operation: ParallelGCFailedAllocation


Dynamic libraries:
00400000-00401000 r-xp 00000000 08:01 9839507                            /usr/lib/jvm/java-8-oracle/bin/java
00600000-00601000 rw-p 00000000 08:01 9839507                            /usr/lib/jvm/java-8-oracle/bin/java
0241c000-0243d000 rw-p 00000000 00:00 0                                  [heap]
c0000000-c5300000 rw-p 00000000 00:00 0 
c5300000-eab00000 ---p 00000000 00:00 0 
eab00000-ef300000 rw-p 00000000 00:00 0 
f3100000-100000000 ---p 00000000 00:00 0 
100000000-1000a0000 rw-p 00000000 00:00 0 
1000a0000-140000000 ---p 00000000 00:00 0 
7f5ec8000000-7f5ec8046000 rw-p 00000000 00:00 0 
7f5ec8046000-7f5ecc000000 ---p 00000000 00:00 0 
7f5ed0000000-7f5ed009e000 rw-p 00000000 00:00 0 
7f5ed009e000-7f5ed4000000 ---p 00000000 00:00 0 
7f5ed4000000-7f5ed4027000 rw-p 00000000 00:00 0 
7f5ed4027000-7f5ed8000000 ---p 00000000 00:00 0 
7f5ed8000000-7f5ed8051000 rw-p 00000000 00:00 0 
7f5ed8051000-7f5edc000000 ---p 00000000 00:00 0 
7f5edc000000-7f5edc021000 rw-p 00000000 00:00 0 
7f5edc021000-7f5ee0000000 ---p 00000000 00:00 0 
7f5ee0000000-7f5ee0021000 rw-p 00000000 00:00 0 
7f5ee0021000-7f5ee4000000 ---p 00000000 00:00 0 
7f5ee4000000-7f5ee4021000 rw-p 00000000 00:00 0 
7f5ee4021000-7f5ee8000000 ---p 00000000 00:00 0 
7f5ee8000000-7f5ee8838000 rw-p 00000000 00:00 0 
7f5ee8838000-7f5eec000000 ---p 00000000 00:00 0 
7f5eec000000-7f5eec8cc000 rw-p 00000000 00:00 0 
7f5eec8cc000-7f5ef0000000 ---p 00000000 00:00 0 
7f5ef0000000-7f5ef0758000 rw-p 00000000 00:00 0 
7f5ef0758000-7f5ef4000000 ---p 00000000 00:00 0 
7f5ef4000000-7f5ef489c000 rw-p 00000000 00:00 0 
7f5ef489c000-7f5ef8000000 ---p 00000000 00:00 0 
7f5ef8000000-7f5ef8021000 rw-p 00000000 00:00 0 
7f5ef8021000-7f5efc000000 ---p 00000000 00:00 0 
7f5efc000000-7f5efc021000 rw-p 00000000 00:00 0 
7f5efc021000-7f5f00000000 ---p 00000000 00:00 0 
7f5f00000000-7f5f0028d000 rw-p 00000000 00:00 0 
7f5f0028d000-7f5f04000000 ---p 00000000 00:00 0 
7f5f04000000-7f5f04021000 rw-p 00000000 00:00 0 
7f5f04021000-7f5f08000000 ---p 00000000 00:00 0 
7f5f08000000-7f5f08021000 rw-p 00000000 00:00 0 
7f5f08021000-7f5f0c000000 ---p 00000000 00:00 0 
7f5f10000000-7f5f10021000 rw-p 00000000 00:00 0 
7f5f10021000-7f5f14000000 ---p 00000000 00:00 0 
7f5f18000000-7f5f18021000 rw-p 00000000 00:00 0 
7f5f18021000-7f5f1c000000 ---p 00000000 00:00 0 
7f5f1c000000-7f5f1c021000 rw-p 00000000 00:00 0 
7f5f1c021000-7f5f20000000 ---p 00000000 00:00 0 
7f5f20000000-7f5f20021000 rw-p 00000000 00:00 0 
7f5f20021000-7f5f24000000 ---p 00000000 00:00 0 
7f5f243b0000-7f5f243b3000 ---p 00000000 00:00 0 
7f5f243b3000-7f5f244b1000 rw-p 00000000 00:00 0 
7f5f244b1000-7f5f244b4000 ---p 00000000 00:00 0 
7f5f244b4000-7f5f245b2000 rw-p 00000000 00:00 0 
7f5f245b2000-7f5f245b5000 ---p 00000000 00:00 0 
7f5f245b5000-7f5f246b3000 rw-p 00000000 00:00 0 
7f5f246b3000-7f5f246b6000 ---p 00000000 00:00 0 
7f5f246b6000-7f5f247b4000 rw-p 00000000 00:00 0 
7f5f247b4000-7f5f247b7000 ---p 00000000 00:00 0 
7f5f247b7000-7f5f248b5000 rw-p 00000000 00:00 0 
7f5f248b5000-7f5f248b6000 ---p 00000000 00:00 0 
7f5f248b6000-7f5f249b6000 rw-p 00000000 00:00 0 
7f5f249b6000-7f5f249b9000 ---p 00000000 00:00 0 
7f5f249b9000-7f5f24ab7000 rw-p 00000000 00:00 0 
7f5f24ab7000-7f5f24aba000 ---p 00000000 00:00 0 
7f5f24aba000-7f5f24bb8000 rw-p 00000000 00:00 0 
7f5f24bb8000-7f5f24bbb000 ---p 00000000 00:00 0 
7f5f24bbb000-7f5f24cb9000 rw-p 00000000 00:00 0 
7f5f24cb9000-7f5f24cbc000 ---p 00000000 00:00 0 
7f5f24cbc000-7f5f24dba000 rw-p 00000000 00:00 0 
7f5f24dba000-7f5f24dbd000 ---p 00000000 00:00 0 
7f5f24dbd000-7f5f24ebb000 rw-p 00000000 00:00 0 
7f5f24ebb000-7f5f24ebe000 ---p 00000000 00:00 0 
7f5f24ebe000-7f5f24fbc000 rw-p 00000000 00:00 0 
7f5f24fbc000-7f5f253f4000 r--p 00000000 08:01 9700768                    /usr/lib/locale/locale-archive
7f5f253f4000-7f5f253f7000 ---p 00000000 00:00 0 
7f5f253f7000-7f5f254f5000 rw-p 00000000 00:00 0 
7f5f254f5000-7f5f254f8000 ---p 00000000 00:00 0 
7f5f254f8000-7f5f255f6000 rw-p 00000000 00:00 0 
7f5f255f6000-7f5f255f7000 ---p 00000000 00:00 0 
7f5f255f7000-7f5f28000000 rw-p 00000000 00:00 0 
7f5f28000000-7f5f28021000 rw-p 00000000 00:00 0 
7f5f28021000-7f5f2c000000 ---p 00000000 00:00 0 
7f5f2c000000-7f5f2c021000 rw-p 00000000 00:00 0 
7f5f2c021000-7f5f30000000 ---p 00000000 00:00 0 
7f5f30000000-7f5f30021000 rw-p 00000000 00:00 0 
7f5f30021000-7f5f34000000 ---p 00000000 00:00 0 
7f5f3406d000-7f5f35000000 rw-p 00000000 00:00 0 
7f5f35000000-7f5f35490000 rwxp 00000000 00:00 0 
7f5f35490000-7f5f44000000 ---p 00000000 00:00 0 
7f5f44000000-7f5f443ab000 rw-p 00000000 00:00 0 
7f5f443ab000-7f5f48000000 ---p 00000000 00:00 0 
7f5f48002000-7f5f48011000 r--s 000df000 08:01 5246091                    /home/oguz/Android/Sdk/build-tools/23.0.3/lib/dx.jar
7f5f48011000-7f5f483b9000 rw-p 00000000 00:00 0 
7f5f483b9000-7f5f48592000 r--s 03d1f000 08:01 9967487                    /usr/lib/jvm/java-8-oracle/jre/lib/rt.jar
7f5f48592000-7f5f48c48000 rw-p 00000000 00:00 0 
7f5f48c48000-7f5f48e08000 ---p 00000000 00:00 0 
7f5f48e08000-7f5f49008000 rw-p 00000000 00:00 0 
7f5f49008000-7f5f49009000 ---p 00000000 00:00 0 
7f5f49009000-7f5f49109000 rw-p 00000000 00:00 0 
7f5f49109000-7f5f4910a000 ---p 00000000 00:00 0 
7f5f4910a000-7f5f4920a000 rw-p 00000000 00:00 0 
7f5f4920a000-7f5f4920b000 ---p 00000000 00:00 0 
7f5f4920b000-7f5f4930b000 rw-p 00000000 00:00 0 
7f5f4930b000-7f5f4930c000 ---p 00000000 00:00 0 
7f5f4930c000-7f5f4940c000 rw-p 00000000 00:00 0 
7f5f4940c000-7f5f4940d000 ---p 00000000 00:00 0 
7f5f4940d000-7f5f4950d000 rw-p 00000000 00:00 0 
7f5f4950d000-7f5f4950e000 ---p 00000000 00:00 0 
7f5f4950e000-7f5f4960e000 rw-p 00000000 00:00 0 
7f5f4960e000-7f5f4960f000 ---p 00000000 00:00 0 
7f5f4960f000-7f5f4970f000 rw-p 00000000 00:00 0 
7f5f4970f000-7f5f49710000 ---p 00000000 00:00 0 
7f5f49710000-7f5f4983a000 rw-p 00000000 00:00 0 
7f5f4983a000-7f5f49966000 ---p 00000000 00:00 0 
7f5f49966000-7f5f49990000 rw-p 00000000 00:00 0 
7f5f49990000-7f5f49abb000 ---p 00000000 00:00 0 
7f5f49abb000-7f5f49ae0000 rw-p 00000000 00:00 0 
7f5f49ae0000-7f5f49b66000 ---p 00000000 00:00 0 
7f5f49b66000-7f5f49b7a000 rw-p 00000000 00:00 0 
7f5f49b7a000-7f5f49f27000 ---p 00000000 00:00 0 
7f5f49f27000-7f5f49f41000 r-xp 00000000 08:01 10092954                   /usr/lib/jvm/java-8-oracle/jre/lib/amd64/libzip.so
7f5f49f41000-7f5f4a141000 ---p 0001a000 08:01 10092954                   /usr/lib/jvm/java-8-oracle/jre/lib/amd64/libzip.so
7f5f4a141000-7f5f4a142000 rw-p 0001a000 08:01 10092954                   /usr/lib/jvm/java-8-oracle/jre/lib/amd64/libzip.so
7f5f4a142000-7f5f4a14d000 r-xp 00000000 08:01 7603299                    /lib/x86_64-linux-gnu/libnss_files-2.23.so
7f5f4a14d000-7f5f4a34c000 ---p 0000b000 08:01 7603299                    /lib/x86_64-linux-gnu/libnss_files-2.23.so
7f5f4a34c000-7f5f4a34d000 r--p 0000a000 08:01 7603299                    /lib/x86_64-linux-gnu/libnss_files-2.23.so
7f5f4a34d000-7f5f4a34e000 rw-p 0000b000 08:01 7603299                    /lib/x86_64-linux-gnu/libnss_files-2.23.so
7f5f4a34e000-7f5f4a354000 rw-p 00000000 00:00 0 
7f5f4a354000-7f5f4a35f000 r-xp 00000000 08:01 7603296                    /lib/x86_64-linux-gnu/libnss_nis-2.23.so
7f5f4a35f000-7f5f4a55e000 ---p 0000b000 08:01 7603296                    /lib/x86_64-linux-gnu/libnss_nis-2.23.so
7f5f4a55e000-7f5f4a55f000 r--p 0000a000 08:01 7603296                    /lib/x86_64-linux-gnu/libnss_nis-2.23.so
7f5f4a55f000-7f5f4a560000 rw-p 0000b000 08:01 7603296                    /lib/x86_64-linux-gnu/libnss_nis-2.23.so
7f5f4a560000-7f5f4a576000 r-xp 00000000 08:01 7603294                    /lib/x86_64-linux-gnu/libnsl-2.23.so
7f5f4a576000-7f5f4a776000 ---p 00016000 08:01 7603294                    /lib/x86_64-linux-gnu/libnsl-2.23.so
7f5f4a776000-7f5f4a777000 r--p 00016000 08:01 7603294                    /lib/x86_64-linux-gnu/libnsl-2.23.so
7f5f4a777000-7f5f4a778000 rw-p 00017000 08:01 7603294                    /lib/x86_64-linux-gnu/libnsl-2.23.so
7f5f4a778000-7f5f4a77a000 rw-p 00000000 00:00 0 
7f5f4a77a000-7f5f4a782000 r-xp 00000000 08:01 7603292                    /lib/x86_64-linux-gnu/libnss_compat-2.23.so
7f5f4a782000-7f5f4a981000 ---p 00008000 08:01 7603292                    /lib/x86_64-linux-gnu/libnss_compat-2.23.so
7f5f4a981000-7f5f4a982000 r--p 00007000 08:01 7603292                    /lib/x86_64-linux-gnu/libnss_compat-2.23.so
7f5f4a982000-7f5f4a983000 rw-p 00008000 08:01 7603292                    /lib/x86_64-linux-gnu/libnss_compat-2.23.so
7f5f4a983000-7f5f4a9ad000 r-xp 00000000 08:01 10092949                   /usr/lib/jvm/java-8-oracle/jre/lib/amd64/libjava.so
7f5f4a9ad000-7f5f4abad000 ---p 0002a000 08:01 10092949                   /usr/lib/jvm/java-8-oracle/jre/lib/amd64/libjava.so
7f5f4abad000-7f5f4abaf000 rw-p 0002a000 08:01 10092949                   /usr/lib/jvm/java-8-oracle/jre/lib/amd64/libjava.so
7f5f4abaf000-7f5f4abbc000 r-xp 00000000 08:01 10092953                   /usr/lib/jvm/java-8-oracle/jre/lib/amd64/libverify.so
7f5f4abbc000-7f5f4adbc000 ---p 0000d000 08:01 10092953                   /usr/lib/jvm/java-8-oracle/jre/lib/amd64/libverify.so
7f5f4adbc000-7f5f4adbe000 rw-p 0000d000 08:01 10092953                   /usr/lib/jvm/java-8-oracle/jre/lib/amd64/libverify.so
7f5f4adbe000-7f5f4adc5000 r-xp 00000000 08:01 7603308                    /lib/x86_64-linux-gnu/librt-2.23.so
7f5f4adc5000-7f5f4afc4000 ---p 00007000 08:01 7603308                    /lib/x86_64-linux-gnu/librt-2.23.so
7f5f4afc4000-7f5f4afc5000 r--p 00006000 08:01 7603308                    /lib/x86_64-linux-gnu/librt-2.23.so
7f5f4afc5000-7f5f4afc6000 rw-p 00007000 08:01 7603308                    /lib/x86_64-linux-gnu/librt-2.23.so
7f5f4afc6000-7f5f4b0ce000 r-xp 00000000 08:01 7603305                    /lib/x86_64-linux-gnu/libm-2.23.so
7f5f4b0ce000-7f5f4b2cd000 ---p 00108000 08:01 7603305                    /lib/x86_64-linux-gnu/libm-2.23.so
7f5f4b2cd000-7f5f4b2ce000 r--p 00107000 08:01 7603305                    /lib/x86_64-linux-gnu/libm-2.23.so
7f5f4b2ce000-7f5f4b2cf000 rw-p 00108000 08:01 7603305                    /lib/x86_64-linux-gnu/libm-2.23.so
7f5f4b2cf000-7f5f4bf8f000 r-xp 00000000 08:01 10092932                   /usr/lib/jvm/java-8-oracle/jre/lib/amd64/server/libjvm.so
7f5f4bf8f000-7f5f4c18f000 ---p 00cc0000 08:01 10092932                   /usr/lib/jvm/java-8-oracle/jre/lib/amd64/server/libjvm.so
7f5f4c18f000-7f5f4c267000 rw-p 00cc0000 08:01 10092932                   /usr/lib/jvm/java-8-oracle/jre/lib/amd64/server/libjvm.so
7f5f4c267000-7f5f4c2b2000 rw-p 00000000 00:00 0 
7f5f4c2b2000-7f5f4c472000 r-xp 00000000 08:01 7603313                    /lib/x86_64-linux-gnu/libc-2.23.so
7f5f4c472000-7f5f4c672000 ---p 001c0000 08:01 7603313                    /lib/x86_64-linux-gnu/libc-2.23.so
7f5f4c672000-7f5f4c676000 r--p 001c0000 08:01 7603313                    /lib/x86_64-linux-gnu/libc-2.23.so
7f5f4c676000-7f5f4c678000 rw-p 001c4000 08:01 7603313                    /lib/x86_64-linux-gnu/libc-2.23.so
7f5f4c678000-7f5f4c67c000 rw-p 00000000 00:00 0 
7f5f4c67c000-7f5f4c67f000 r-xp 00000000 08:01 7603314                    /lib/x86_64-linux-gnu/libdl-2.23.so
7f5f4c67f000-7f5f4c87e000 ---p 00003000 08:01 7603314                    /lib/x86_64-linux-gnu/libdl-2.23.so
7f5f4c87e000-7f5f4c87f000 r--p 00002000 08:01 7603314                    /lib/x86_64-linux-gnu/libdl-2.23.so
7f5f4c87f000-7f5f4c880000 rw-p 00003000 08:01 7603314                    /lib/x86_64-linux-gnu/libdl-2.23.so
7f5f4c880000-7f5f4c895000 r-xp 00000000 08:01 9840182                    /usr/lib/jvm/java-8-oracle/lib/amd64/jli/libjli.so
7f5f4c895000-7f5f4ca95000 ---p 00015000 08:01 9840182                    /usr/lib/jvm/java-8-oracle/lib/amd64/jli/libjli.so
7f5f4ca95000-7f5f4ca96000 rw-p 00015000 08:01 9840182                    /usr/lib/jvm/java-8-oracle/lib/amd64/jli/libjli.so
7f5f4ca96000-7f5f4caae000 r-xp 00000000 08:01 7603312                    /lib/x86_64-linux-gnu/libpthread-2.23.so
7f5f4caae000-7f5f4ccad000 ---p 00018000 08:01 7603312                    /lib/x86_64-linux-gnu/libpthread-2.23.so
7f5f4ccad000-7f5f4ccae000 r--p 00017000 08:01 7603312                    /lib/x86_64-linux-gnu/libpthread-2.23.so
7f5f4ccae000-7f5f4ccaf000 rw-p 00018000 08:01 7603312                    /lib/x86_64-linux-gnu/libpthread-2.23.so
7f5f4ccaf000-7f5f4ccb3000 rw-p 00000000 00:00 0 
7f5f4ccb3000-7f5f4ccd9000 r-xp 00000000 08:01 7603309                    /lib/x86_64-linux-gnu/ld-2.23.so
7f5f4ccdf000-7f5f4cdb1000 rw-p 00000000 00:00 0 
7f5f4cdb1000-7f5f4cdb4000 ---p 00000000 00:00 0 
7f5f4cdb4000-7f5f4ceb6000 rw-p 00000000 00:00 0 
7f5f4ceb8000-7f5f4cecc000 rw-p 00000000 00:00 0 
7f5f4cecc000-7f5f4ced4000 rw-s 00000000 08:01 161178                     /tmp/hsperfdata_oguz/4364
7f5f4ced4000-7f5f4ced5000 rw-p 00000000 00:00 0 
7f5f4ced5000-7f5f4ced6000 ---p 00000000 00:00 0 
7f5f4ced6000-7f5f4ced8000 rw-p 00000000 00:00 0 
7f5f4ced8000-7f5f4ced9000 r--p 00025000 08:01 7603309                    /lib/x86_64-linux-gnu/ld-2.23.so
7f5f4ced9000-7f5f4ceda000 rw-p 00026000 08:01 7603309                    /lib/x86_64-linux-gnu/ld-2.23.so
7f5f4ceda000-7f5f4cedb000 rw-p 00000000 00:00 0 
7ffc389ba000-7ffc389db000 rw-p 00000000 00:00 0                          [stack]
7ffc389f5000-7ffc389f7000 r--p 00000000 00:00 0                          [vvar]
7ffc389f7000-7ffc389f9000 r-xp 00000000 00:00 0                          [vdso]
ffffffffff600000-ffffffffff601000 r-xp 00000000 00:00 0                  [vsyscall]

VM Arguments:
jvm_args: -Djava.awt.headless=true -Xmx1024M -Dfile.encoding=UTF-8 -Duser.country=TR -Duser.language=tr -Duser.variant 
java_command: com.android.dx.command.Main --dex --force-jumbo --num-threads=4 --multi-dex --output /home/oguz/Masaüstü/asd/FomApplicationAndroid/app/build/intermediates/transforms/dex/debug/folders/1000/5/slice_9 /home/oguz/Masaüstü/asd/FomApplicationAndroid/app/build/intermediates/transforms/instantRunSlicer/debug/folders/1/5/slice_9
java_class_path (initial): /home/oguz/Android/Sdk/build-tools/23.0.3/lib/dx.jar
Launcher Type: SUN_STANDARD

Environment Variables:
PATH=/usr/local/sbin:/usr/local/bin:/usr/sbin:/usr/bin:/sbin:/bin:/usr/games:/usr/local/games:/snap/bin
LD_LIBRARY_PATH=/home/oguz/Masaüstü/Derleyiciler/android-studio/bin:
SHELL=/bin/bash
DISPLAY=:0

Signal Handlers:
SIGSEGV: [libjvm.so+0xabca10], sa_mask[0]=11111111011111111101111111111110, sa_flags=SA_RESTART|SA_SIGINFO
SIGBUS: [libjvm.so+0xabca10], sa_mask[0]=11111111011111111101111111111110, sa_flags=SA_RESTART|SA_SIGINFO
SIGFPE: [libjvm.so+0x919a20], sa_mask[0]=11111111011111111101111111111110, sa_flags=SA_RESTART|SA_SIGINFO
SIGPIPE: [libjvm.so+0x919a20], sa_mask[0]=11111111011111111101111111111110, sa_flags=SA_RESTART|SA_SIGINFO
SIGXFSZ: [libjvm.so+0x919a20], sa_mask[0]=11111111011111111101111111111110, sa_flags=SA_RESTART|SA_SIGINFO
SIGILL: [libjvm.so+0x919a20], sa_mask[0]=11111111011111111101111111111110, sa_flags=SA_RESTART|SA_SIGINFO
SIGUSR1: SIG_DFL, sa_mask[0]=00000000000000000000000000000000, sa_flags=none
SIGUSR2: [libjvm.so+0x91b050], sa_mask[0]=00100000000000000000000000000000, sa_flags=SA_RESTART|SA_SIGINFO
SIGHUP: [libjvm.so+0x91c450], sa_mask[0]=11111111011111111101111111111110, sa_flags=SA_RESTART|SA_SIGINFO
SIGINT: [libjvm.so+0x91c450], sa_mask[0]=11111111011111111101111111111110, sa_flags=SA_RESTART|SA_SIGINFO
SIGTERM: [libjvm.so+0x91c450], sa_mask[0]=11111111011111111101111111111110, sa_flags=SA_RESTART|SA_SIGINFO
SIGQUIT: [libjvm.so+0x91c450], sa_mask[0]=11111111011111111101111111111110, sa_flags=SA_RESTART|SA_SIGINFO


---------------  S Y S T E M  ---------------

OS:DISTRIB_ID=Ubuntu
DISTRIB_RELEASE=16.04
DISTRIB_CODENAME=xenial
DISTRIB_DESCRIPTION="Ubuntu Xenial Xerus (development branch)"

uname:Linux 4.4.0-22-generic #39-Ubuntu SMP Thu May 5 16:53:32 UTC 2016 x86_64
libc:glibc 2.23 NPTL 2.23 
rlimit: STACK 8192k, CORE 0k, NPROC 31498, NOFILE 65536, AS infinity
load average:1.60 0.82 0.61

/proc/meminfo:
MemTotal:        8101800 kB
MemFree:          128500 kB
MemAvailable:     219400 kB
Buffers:            1348 kB
Cached:           642544 kB
SwapCached:            0 kB
Active:          7131840 kB
Inactive:         600692 kB
Active(anon):    7126676 kB
Inactive(anon):   527024 kB
Active(file):       5164 kB
Inactive(file):    73668 kB
Unevictable:          92 kB
Mlocked:              92 kB
SwapTotal:             0 kB
SwapFree:              0 kB
Dirty:             12172 kB
Writeback:             0 kB
AnonPages:       7090608 kB
Mapped:           262204 kB
Shmem:            563420 kB
Slab:             111684 kB
SReclaimable:      54440 kB
SUnreclaim:        57244 kB
KernelStack:       18752 kB
PageTables:        62324 kB
NFS_Unstable:          0 kB
Bounce:                0 kB
WritebackTmp:          0 kB
CommitLimit:     4050900 kB
Committed_AS:   13499092 kB
VmallocTotal:   34359738367 kB
VmallocUsed:           0 kB
VmallocChunk:          0 kB
HardwareCorrupted:     0 kB
AnonHugePages:   4655104 kB
CmaTotal:              0 kB
CmaFree:               0 kB
HugePages_Total:       0
HugePages_Free:        0
HugePages_Rsvd:        0
HugePages_Surp:        0
Hugepagesize:       2048 kB
DirectMap4k:      209664 kB
DirectMap2M:     8105984 kB
DirectMap1G:     1048576 kB


CPU:total 8 (4 cores per cpu, 2 threads per core) family 6 model 60 stepping 3, cmov, cx8, fxsr, mmx, sse, sse2, sse3, ssse3, sse4.1, sse4.2, popcnt, avx, avx2, aes, clmul, erms, lzcnt, ht, tsc, tscinvbit, bmi1, bmi2

/proc/cpuinfo:
processor	: 0
vendor_id	: GenuineIntel
cpu family	: 6
model		: 60
model name	: Intel(R) Core(TM) i7-4700MQ CPU @ 2.40GHz
stepping	: 3
microcode	: 0x16
cpu MHz		: 3199.968
cache size	: 6144 KB
physical id	: 0
siblings	: 8
core id		: 0
cpu cores	: 4
apicid		: 0
initial apicid	: 0
fpu		: yes
fpu_exception	: yes
cpuid level	: 13
wp		: yes
flags		: fpu vme de pse tsc msr pae mce cx8 apic sep mtrr pge mca cmov pat pse36 clflush dts acpi mmx fxsr sse sse2 ss ht tm pbe syscall nx pdpe1gb rdtscp lm constant_tsc arch_perfmon pebs bts rep_good nopl xtopology nonstop_tsc aperfmperf eagerfpu pni pclmulqdq dtes64 monitor ds_cpl vmx est tm2 ssse3 sdbg fma cx16 xtpr pdcm pcid sse4_1 sse4_2 movbe popcnt tsc_deadline_timer aes xsave avx f16c rdrand lahf_lm abm epb tpr_shadow vnmi flexpriority ept vpid fsgsbase tsc_adjust bmi1 avx2 smep bmi2 erms invpcid xsaveopt dtherm ida arat pln pts
bugs		:
bogomips	: 4789.30
clflush size	: 64
cache_alignment	: 64
address sizes	: 39 bits physical, 48 bits virtual
power management:

processor	: 1
vendor_id	: GenuineIntel
cpu family	: 6
model		: 60
model name	: Intel(R) Core(TM) i7-4700MQ CPU @ 2.40GHz
stepping	: 3
microcode	: 0x16
cpu MHz		: 3199.968
cache size	: 6144 KB
physical id	: 0
siblings	: 8
core id		: 0
cpu cores	: 4
apicid		: 1
initial apicid	: 1
fpu		: yes
fpu_exception	: yes
cpuid level	: 13
wp		: yes
flags		: fpu vme de pse tsc msr pae mce cx8 apic sep mtrr pge mca cmov pat pse36 clflush dts acpi mmx fxsr sse sse2 ss ht tm pbe syscall nx pdpe1gb rdtscp lm constant_tsc arch_perfmon pebs bts rep_good nopl xtopology nonstop_tsc aperfmperf eagerfpu pni pclmulqdq dtes64 monitor ds_cpl vmx est tm2 ssse3 sdbg fma cx16 xtpr pdcm pcid sse4_1 sse4_2 movbe popcnt tsc_deadline_timer aes xsave avx f16c rdrand lahf_lm abm epb tpr_shadow vnmi flexpriority ept vpid fsgsbase tsc_adjust bmi1 avx2 smep bmi2 erms invpcid xsaveopt dtherm ida arat pln pts
bugs		:
bogomips	: 4789.30
clflush size	: 64
cache_alignment	: 64
address sizes	: 39 bits physical, 48 bits virtual
power management:

processor	: 2
vendor_id	: GenuineIntel
cpu family	: 6
model		: 60
model name	: Intel(R) Core(TM) i7-4700MQ CPU @ 2.40GHz
stepping	: 3
microcode	: 0x16
cpu MHz		: 3199.968
cache size	: 6144 KB
physical id	: 0
siblings	: 8
core id		: 1
cpu cores	: 4
apicid		: 2
initial apicid	: 2
fpu		: yes
fpu_exception	: yes
cpuid level	: 13
wp		: yes
flags		: fpu vme de pse tsc msr pae mce cx8 apic sep mtrr pge mca cmov pat pse36 clflush dts acpi mmx fxsr sse sse2 ss ht tm pbe syscall nx pdpe1gb rdtscp lm constant_tsc arch_perfmon pebs bts rep_good nopl xtopology nonstop_tsc aperfmperf eagerfpu pni pclmulqdq dtes64 monitor ds_cpl vmx est tm2 ssse3 sdbg fma cx16 xtpr pdcm pcid sse4_1 sse4_2 movbe popcnt tsc_deadline_timer aes xsave avx f16c rdrand lahf_lm abm epb tpr_shadow vnmi flexpriority ept vpid fsgsbase tsc_adjust bmi1 avx2 smep bmi2 erms invpcid xsaveopt dtherm ida arat pln pts
bugs		:
bogomips	: 4789.30
clflush size	: 64
cache_alignment	: 64
address sizes	: 39 bits physical, 48 bits virtual
power management:

processor	: 3
vendor_id	: GenuineIntel
cpu family	: 6
model		: 60
model name	: Intel(R) Core(TM) i7-4700MQ CPU @ 2.40GHz
stepping	: 3
microcode	: 0x16
cpu MHz		: 3191.437
cache size	: 6144 KB
physical id	: 0
siblings	: 8
core id		: 1
cpu cores	: 4
apicid		: 3
initial apicid	: 3
fpu		: yes
fpu_exception	: yes
cpuid level	: 13
wp		: yes
flags		: fpu vme de pse tsc msr pae mce cx8 apic sep mtrr pge mca cmov pat pse36 clflush dts acpi mmx fxsr sse sse2 ss ht tm pbe syscall nx pdpe1gb rdtscp lm constant_tsc arch_perfmon pebs bts rep_good nopl xtopology nonstop_tsc aperfmperf eagerfpu pni pclmulqdq dtes64 monitor ds_cpl vmx est tm2 ssse3 sdbg fma cx16 xtpr pdcm pcid sse4_1 sse4_2 movbe popcnt tsc_deadline_timer aes xsave avx f16c rdrand lahf_lm abm epb tpr_shadow vnmi flexpriority ept vpid fsgsbase tsc_adjust bmi1 avx2 smep bmi2 erms invpcid xsaveopt dtherm ida arat pln pts
bugs		:
bogomips	: 4789.30
clflush size	: 64
cache_alignment	: 64
address sizes	: 39 bits physical, 48 bits virtual
power management:

processor	: 4
vendor_id	: GenuineIntel
cpu family	: 6
model		: 60
model name	: Intel(R) Core(TM) i7-4700MQ CPU @ 2.40GHz
stepping	: 3
microcode	: 0x16
cpu MHz		: 3183.468
cache size	: 6144 KB
physical id	: 0
siblings	: 8
core id		: 2
cpu cores	: 4
apicid		: 4
initial apicid	: 4
fpu		: yes
fpu_exception	: yes
cpuid level	: 13
wp		: yes
flags		: fpu vme de pse tsc msr pae mce cx8 apic sep mtrr pge mca cmov pat pse36 clflush dts acpi mmx fxsr sse sse2 ss ht tm pbe syscall nx pdpe1gb rdtscp lm constant_tsc arch_perfmon pebs bts rep_good nopl xtopology nonstop_tsc aperfmperf eagerfpu pni pclmulqdq dtes64 monitor ds_cpl vmx est tm2 ssse3 sdbg fma cx16 xtpr pdcm pcid sse4_1 sse4_2 movbe popcnt tsc_deadline_timer aes xsave avx f16c rdrand lahf_lm abm epb tpr_shadow vnmi flexpriority ept vpid fsgsbase tsc_adjust bmi1 avx2 smep bmi2 erms invpcid xsaveopt dtherm ida arat pln pts
bugs		:
bogomips	: 4789.30
clflush size	: 64
cache_alignment	: 64
address sizes	: 39 bits physical, 48 bits virtual
power management:

processor	: 5
vendor_id	: GenuineIntel
cpu family	: 6
model		: 60
model name	: Intel(R) Core(TM) i7-4700MQ CPU @ 2.40GHz
stepping	: 3
microcode	: 0x16
cpu MHz		: 3199.968
cache size	: 6144 KB
physical id	: 0
siblings	: 8
core id		: 2
cpu cores	: 4
apicid		: 5
initial apicid	: 5
fpu		: yes
fpu_exception	: yes
cpuid level	: 13
wp		: yes
flags		: fpu vme de pse tsc msr pae mce cx8 apic sep mtrr pge mca cmov pat pse36 clflush dts acpi mmx fxsr sse sse2 ss ht tm pbe syscall nx pdpe1gb rdtscp lm constant_tsc arch_perfmon pebs bts rep_good nopl xtopology nonstop_tsc aperfmperf eagerfpu pni pclmulqdq dtes64 monitor ds_cpl vmx est tm2 ssse3 sdbg fma cx16 xtpr pdcm pcid sse4_1 sse4_2 movbe popcnt tsc_deadline_timer aes xsave avx f16c rdrand lahf_lm abm epb tpr_shadow vnmi flexpriority ept vpid fsgsbase tsc_adjust bmi1 avx2 smep bmi2 erms invpcid xsaveopt dtherm ida arat pln pts
bugs		:
bogomips	: 4789.30
clflush size	: 64
cache_alignment	: 64
address sizes	: 39 bits physical, 48 bits virtual
power management:

processor	: 6
vendor_id	: GenuineIntel
cpu family	: 6
model		: 60
model name	: Intel(R) Core(TM) i7-4700MQ CPU @ 2.40GHz
stepping	: 3
microcode	: 0x16
cpu MHz		: 3199.968
cache size	: 6144 KB
physical id	: 0
siblings	: 8
core id		: 3
cpu cores	: 4
apicid		: 6
initial apicid	: 6
fpu		: yes
fpu_exception	: yes
cpuid level	: 13
wp		: yes
flags		: fpu vme de pse tsc msr pae mce cx8 apic sep mtrr pge mca cmov pat pse36 clflush dts acpi mmx fxsr sse sse2 ss ht tm pbe syscall nx pdpe1gb rdtscp lm constant_tsc arch_perfmon pebs bts rep_good nopl xtopology nonstop_tsc aperfmperf eagerfpu pni pclmulqdq dtes64 monitor ds_cpl vmx est tm2 ssse3 sdbg fma cx16 xtpr pdcm pcid sse4_1 sse4_2 movbe popcnt tsc_deadline_timer aes xsave avx f16c rdrand lahf_lm abm epb tpr_shadow vnmi flexpriority ept vpid fsgsbase tsc_adjust bmi1 avx2 smep bmi2 erms invpcid xsaveopt dtherm ida arat pln pts
bugs		:
bogomips	: 4789.30
clflush size	: 64
cache_alignment	: 64
address sizes	: 39 bits physical, 48 bits virtual
power management:

processor	: 7
vendor_id	: GenuineIntel
cpu family	: 6
model		: 60
model name	: Intel(R) Core(TM) i7-4700MQ CPU @ 2.40GHz
stepping	: 3
microcode	: 0x16
cpu MHz		: 3194.625
cache size	: 6144 KB
physical id	: 0
siblings	: 8
core id		: 3
cpu cores	: 4
apicid		: 7
initial apicid	: 7
fpu		: yes
fpu_exception	: yes
cpuid level	: 13
wp		: yes
flags		: fpu vme de pse tsc msr pae mce cx8 apic sep mtrr pge mca cmov pat pse36 clflush dts acpi mmx fxsr sse sse2 ss ht tm pbe syscall nx pdpe1gb rdtscp lm constant_tsc arch_perfmon pebs bts rep_good nopl xtopology nonstop_tsc aperfmperf eagerfpu pni pclmulqdq dtes64 monitor ds_cpl vmx est tm2 ssse3 sdbg fma cx16 xtpr pdcm pcid sse4_1 sse4_2 movbe popcnt tsc_deadline_timer aes xsave avx f16c rdrand lahf_lm abm epb tpr_shadow vnmi flexpriority ept vpid fsgsbase tsc_adjust bmi1 avx2 smep bmi2 erms invpcid xsaveopt dtherm ida arat pln pts
bugs		:
bogomips	: 4789.30
clflush size	: 64
cache_alignment	: 64
address sizes	: 39 bits physical, 48 bits virtual
power management:



Memory: 4k page, physical 8101800k(127756k free), swap 0k(0k free)

vm_info: Java HotSpot(TM) 64-Bit Server VM (25.91-b14) for linux-amd64 JRE (1.8.0_91-b14), built on Apr  1 2016 00:57:21 by "java_re" with gcc 4.3.0 20080428 (Red Hat 4.3.0-8)

time: Mon Aug 22 17:45:23 2016
elapsed time: 2 seconds (0d 0h 0m 2s)

