#
# There is insufficient memory for the Java Runtime Environment to continue.
# Native memory allocation (mmap) failed to map 174063616 bytes for committing reserved memory.
# Possible reasons:
#   The system is out of physical RAM or swap space
#   In 32 bit mode, the process size limit was hit
# Possible solutions:
#   Reduce memory load on the system
#   Increase physical memory or swap space
#   Check if swap backing store is full
#   Use 64 bit Java on a 64 bit OS
#   Decrease Java heap size (-Xmx/-Xms)
#   Decrease number of Java threads
#   Decrease Java thread stack sizes (-Xss)
#   Set larger code cache with -XX:ReservedCodeCacheSize=
# This output file may be truncated or incomplete.
#
#  Out of Memory Error (os_linux.cpp:2627), pid=5974, tid=140083295356672
#
# JRE version: Java(TM) SE Runtime Environment (8.0_91-b14) (build 1.8.0_91-b14)
# Java VM: Java HotSpot(TM) 64-Bit Server VM (25.91-b14 mixed mode linux-amd64 compressed oops)
# Failed to write core dump. Core dumps have been disabled. To enable core dumping, try "ulimit -c unlimited" before starting Java again
#

---------------  T H R E A D  ---------------

Current thread (0x00007f67e0080000):  VMThread [stack: 0x00007f67aeff0000,0x00007f67af0f1000] [id=5995]

Stack: [0x00007f67aeff0000,0x00007f67af0f1000],  sp=0x00007f67af0ef020,  free space=1020k
Native frames: (J=compiled Java code, j=interpreted, Vv=VM code, C=native code)
V  [libjvm.so+0xabc18a]  VMError::report_and_die()+0x2ba
V  [libjvm.so+0x4fafeb]  report_vm_out_of_memory(char const*, int, unsigned long, VMErrorType, char const*)+0x8b
V  [libjvm.so+0x91cbb3]  os::Linux::commit_memory_impl(char*, unsigned long, bool)+0x103
V  [libjvm.so+0x91d109]  os::pd_commit_memory(char*, unsigned long, unsigned long, bool)+0x29
V  [libjvm.so+0x91740a]  os::commit_memory(char*, unsigned long, unsigned long, bool)+0x2a
V  [libjvm.so+0x98b033]  PSVirtualSpace::expand_by(unsigned long)+0x53
V  [libjvm.so+0x98c438]  PSYoungGen::resize_generation(unsigned long, unsigned long)+0xf8
V  [libjvm.so+0x98b592]  PSYoungGen::resize(unsigned long, unsigned long)+0x22
V  [libjvm.so+0x98886b]  PSScavenge::invoke_no_policy()+0xf3b
V  [libjvm.so+0x988ff1]  PSScavenge::invoke()+0x41
V  [libjvm.so+0x9408b0]  ParallelScavengeHeap::failed_mem_allocate(unsigned long)+0x70
V  [libjvm.so+0xabdba7]  VM_ParallelGCFailedAllocation::doit()+0x97
V  [libjvm.so+0xac55d5]  VM_Operation::evaluate()+0x55
V  [libjvm.so+0xac39aa]  VMThread::evaluate_operation(VM_Operation*)+0xba
V  [libjvm.so+0xac3d2e]  VMThread::loop()+0x1ce
V  [libjvm.so+0xac41a0]  VMThread::run()+0x70
V  [libjvm.so+0x91ef78]  java_start(Thread*)+0x108

VM_Operation (0x00007f67ae0aabb0): ParallelGCFailedAllocation, mode: safepoint, requested by thread 0x00007f67e016f800


---------------  P R O C E S S  ---------------

Java Threads: ( => current thread )
  0x00007f67e0172800 JavaThread "pool-2-thread-4" [_thread_blocked, id=6020, stack(0x00007f67addaa000,0x00007f67adeab000)]
  0x00007f67e0171000 JavaThread "pool-2-thread-3" [_thread_blocked, id=6019, stack(0x00007f67adeab000,0x00007f67adfac000)]
  0x00007f67e016f800 JavaThread "pool-2-thread-2" [_thread_blocked, id=6018, stack(0x00007f67adfac000,0x00007f67ae0ad000)]
  0x00007f67e016b000 JavaThread "pool-3-thread-1" [_thread_blocked, id=6017, stack(0x00007f67ae0ad000,0x00007f67ae1ae000)]
  0x00007f67e0149000 JavaThread "pool-2-thread-1" [_thread_blocked, id=6016, stack(0x00007f67ae1ae000,0x00007f67ae2af000)]
  0x00007f67e00ee000 JavaThread "Service Thread" daemon [_thread_blocked, id=6004, stack(0x00007f67ae3b0000,0x00007f67ae4b1000)]
  0x00007f67e00c9000 JavaThread "C1 CompilerThread3" daemon [_thread_blocked, id=6003, stack(0x00007f67ae4b1000,0x00007f67ae5b2000)]
  0x00007f67e00c6800 JavaThread "C2 CompilerThread2" daemon [_thread_blocked, id=6002, stack(0x00007f67ae5b2000,0x00007f67ae6b3000)]
  0x00007f67e00c5000 JavaThread "C2 CompilerThread1" daemon [_thread_blocked, id=6001, stack(0x00007f67ae6b3000,0x00007f67ae7b4000)]
  0x00007f67e00c2000 JavaThread "C2 CompilerThread0" daemon [_thread_blocked, id=6000, stack(0x00007f67ae7b4000,0x00007f67ae8b5000)]
  0x00007f67e00c0800 JavaThread "Signal Dispatcher" daemon [_thread_blocked, id=5999, stack(0x00007f67ae8b5000,0x00007f67ae9b6000)]
  0x00007f67e008c800 JavaThread "Finalizer" daemon [_thread_blocked, id=5997, stack(0x00007f67aedee000,0x00007f67aeeef000)]
  0x00007f67e0087800 JavaThread "Reference Handler" daemon [_thread_blocked, id=5996, stack(0x00007f67aeeef000,0x00007f67aeff0000)]
  0x00007f67e000a000 JavaThread "main" [_thread_blocked, id=5985, stack(0x00007f67e6772000,0x00007f67e6873000)]

Other Threads:
=>0x00007f67e0080000 VMThread [stack: 0x00007f67aeff0000,0x00007f67af0f1000] [id=5995]
  0x00007f67e00f9800 WatcherThread [stack: 0x00007f67ae2af000,0x00007f67ae3b0000] [id=6005]

VM state:at safepoint (normal execution)

VM Mutex/Monitor currently owned by a thread:  ([mutex/lock_event])
[0x00007f67e0006570] Threads_lock - owner thread: 0x00007f67e0080000
[0x00007f67e0006a70] Heap_lock - owner thread: 0x00007f67e016f800

Heap:
 PSYoungGen      total 132096K, used 5095K [0x00000000eab00000, 0x00000000f3100000, 0x0000000100000000)
  eden space 126976K, 0% used [0x00000000eab00000,0x00000000eab00000,0x00000000f2700000)
  from space 5120K, 99% used [0x00000000f2700000,0x00000000f2bf9d10,0x00000000f2c00000)
  to   space 5120K, 0% used [0x00000000f2c00000,0x00000000f2c00000,0x00000000f3100000)
 ParOldGen       total 84992K, used 45048K [0x00000000c0000000, 0x00000000c5300000, 0x00000000eab00000)
  object space 84992K, 53% used [0x00000000c0000000,0x00000000c2bfe1c8,0x00000000c5300000)
 Metaspace       used 6242K, capacity 7088K, committed 7296K, reserved 1056768K
  class space    used 591K, capacity 616K, committed 640K, reserved 1048576K

Card table byte_map: [0x00007f67d01ec000,0x00007f67d03ed000] byte_map_base: 0x00007f67cfbec000

Marking Bits: (ParMarkBitMap*) 0x00007f67e5c46d60
 Begin Bits: [0x00007f67cd98f000, 0x00007f67ce98f000)
 End Bits:   [0x00007f67ce98f000, 0x00007f67cf98f000)

Polling page: 0x00007f67e6896000

CodeCache: size=245760Kb used=5721Kb max_used=5739Kb free=240038Kb
 bounds [0x00007f67d07ad000, 0x00007f67d0d4d000, 0x00007f67df7ad000]
 total_blobs=2033 nmethods=1765 adapters=181
 compilation: enabled

Compilation events (10 events):
Event: 3.149 Thread 0x00007f67e00c6800 1819       4       java.util.HashMap::getNode (148 bytes)
Event: 3.152 Thread 0x00007f67e00c9000 2030   !   2       java.util.zip.ZipFile::releaseInflater (41 bytes)
Event: 3.152 Thread 0x00007f67e00c6800 nmethod 1819 0x00007f67d0d3e1d0 code [0x00007f67d0d3e340, 0x00007f67d0d3e598]
Event: 3.152 Thread 0x00007f67e00c6800 1832       4       com.android.dx.ssa.SsaBasicBlock::getCountPhiInsns (45 bytes)
Event: 3.153 Thread 0x00007f67e00c9000 nmethod 2030 0x00007f67d0d40d10 code [0x00007f67d0d40ea0, 0x00007f67d0d413b8]
Event: 3.156 Thread 0x00007f67e00c6800 nmethod 1832 0x00007f67d0d3f2d0 code [0x00007f67d0d3f440, 0x00007f67d0d3f678]
Event: 3.156 Thread 0x00007f67e00c6800 1947   !   4       com.android.dx.rop.code.BasicBlock::<init> (273 bytes)
Event: 3.161 Thread 0x00007f67e00c9000 2032   !   2       com.android.dx.dex.cf.CfTranslator::processMethods (583 bytes)
Event: 3.165 Thread 0x00007f67e00c6800 nmethod 1947 0x00007f67d0d3b410 code [0x00007f67d0d3b5c0, 0x00007f67d0d3bc78]
Event: 3.166 Thread 0x00007f67e00c6800 1785       4       com.android.dx.util.FixedSizeList::hashCode (8 bytes)

GC Heap History (9 events):
Event: 0.689 GC heap before
{Heap before GC invocations=1 (full 0):
 PSYoungGen      total 36864K, used 31744K [0x00000000eab00000, 0x00000000ed400000, 0x0000000100000000)
  eden space 31744K, 100% used [0x00000000eab00000,0x00000000eca00000,0x00000000eca00000)
  from space 5120K, 0% used [0x00000000ecf00000,0x00000000ecf00000,0x00000000ed400000)
  to   space 5120K, 0% used [0x00000000eca00000,0x00000000eca00000,0x00000000ecf00000)
 ParOldGen       total 84992K, used 0K [0x00000000c0000000, 0x00000000c5300000, 0x00000000eab00000)
  object space 84992K, 0% used [0x00000000c0000000,0x00000000c0000000,0x00000000c5300000)
 Metaspace       used 5777K, capacity 6768K, committed 7040K, reserved 1056768K
  class space    used 588K, capacity 616K, committed 640K, reserved 1048576K
Event: 0.706 GC heap after
Heap after GC invocations=1 (full 0):
 PSYoungGen      total 36864K, used 5097K [0x00000000eab00000, 0x00000000ef300000, 0x0000000100000000)
  eden space 31744K, 0% used [0x00000000eab00000,0x00000000eab00000,0x00000000eca00000)
  from space 5120K, 99% used [0x00000000eca00000,0x00000000ecefa420,0x00000000ecf00000)
  to   space 5120K, 0% used [0x00000000eee00000,0x00000000eee00000,0x00000000ef300000)
 ParOldGen       total 84992K, used 1564K [0x00000000c0000000, 0x00000000c5300000, 0x00000000eab00000)
  object space 84992K, 1% used [0x00000000c0000000,0x00000000c0187160,0x00000000c5300000)
 Metaspace       used 5777K, capacity 6768K, committed 7040K, reserved 1056768K
  class space    used 588K, capacity 616K, committed 640K, reserved 1048576K
}
Event: 1.074 GC heap before
{Heap before GC invocations=2 (full 0):
 PSYoungGen      total 36864K, used 36841K [0x00000000eab00000, 0x00000000ef300000, 0x0000000100000000)
  eden space 31744K, 100% used [0x00000000eab00000,0x00000000eca00000,0x00000000eca00000)
  from space 5120K, 99% used [0x00000000eca00000,0x00000000ecefa420,0x00000000ecf00000)
  to   space 5120K, 0% used [0x00000000eee00000,0x00000000eee00000,0x00000000ef300000)
 ParOldGen       total 84992K, used 1564K [0x00000000c0000000, 0x00000000c5300000, 0x00000000eab00000)
  object space 84992K, 1% used [0x00000000c0000000,0x00000000c0187160,0x00000000c5300000)
 Metaspace       used 5922K, capacity 6896K, committed 7040K, reserved 1056768K
  class space    used 590K, capacity 616K, committed 640K, reserved 1048576K
Event: 1.155 GC heap after
Heap after GC invocations=2 (full 0):
 PSYoungGen      total 68608K, used 5110K [0x00000000eab00000, 0x00000000ef300000, 0x0000000100000000)
  eden space 63488K, 0% used [0x00000000eab00000,0x00000000eab00000,0x00000000ee900000)
  from space 5120K, 99% used [0x00000000eee00000,0x00000000ef2fd8b0,0x00000000ef300000)
  to   space 5120K, 0% used [0x00000000ee900000,0x00000000ee900000,0x00000000eee00000)
 ParOldGen       total 84992K, used 6072K [0x00000000c0000000, 0x00000000c5300000, 0x00000000eab00000)
  object space 84992K, 7% used [0x00000000c0000000,0x00000000c05ee2e8,0x00000000c5300000)
 Metaspace       used 5922K, capacity 6896K, committed 7040K, reserved 1056768K
  class space    used 590K, capacity 616K, committed 640K, reserved 1048576K
}
Event: 1.811 GC heap before
{Heap before GC invocations=3 (full 0):
 PSYoungGen      total 68608K, used 68598K [0x00000000eab00000, 0x00000000ef300000, 0x0000000100000000)
  eden space 63488K, 100% used [0x00000000eab00000,0x00000000ee900000,0x00000000ee900000)
  from space 5120K, 99% used [0x00000000eee00000,0x00000000ef2fd8b0,0x00000000ef300000)
  to   space 5120K, 0% used [0x00000000ee900000,0x00000000ee900000,0x00000000eee00000)
 ParOldGen       total 84992K, used 6072K [0x00000000c0000000, 0x00000000c5300000, 0x00000000eab00000)
  object space 84992K, 7% used [0x00000000c0000000,0x00000000c05ee2e8,0x00000000c5300000)
 Metaspace       used 5995K, capacity 6960K, committed 7040K, reserved 1056768K
  class space    used 591K, capacity 616K, committed 640K, reserved 1048576K
Event: 1.840 GC heap after
Heap after GC invocations=3 (full 0):
 PSYoungGen      total 68608K, used 5111K [0x00000000eab00000, 0x00000000f3100000, 0x0000000100000000)
  eden space 63488K, 0% used [0x00000000eab00000,0x00000000eab00000,0x00000000ee900000)
  from space 5120K, 99% used [0x00000000ee900000,0x00000000eedfdd90,0x00000000eee00000)
  to   space 5120K, 0% used [0x00000000f2c00000,0x00000000f2c00000,0x00000000f3100000)
 ParOldGen       total 84992K, used 15288K [0x00000000c0000000, 0x00000000c5300000, 0x00000000eab00000)
  object space 84992K, 17% used [0x00000000c0000000,0x00000000c0eee050,0x00000000c5300000)
 Metaspace       used 5995K, capacity 6960K, committed 7040K, reserved 1056768K
  class space    used 591K, capacity 616K, committed 640K, reserved 1048576K
}
Event: 2.202 GC heap before
{Heap before GC invocations=4 (full 0):
 PSYoungGen      total 68608K, used 68599K [0x00000000eab00000, 0x00000000f3100000, 0x0000000100000000)
  eden space 63488K, 100% used [0x00000000eab00000,0x00000000ee900000,0x00000000ee900000)
  from space 5120K, 99% used [0x00000000ee900000,0x00000000eedfdd90,0x00000000eee00000)
  to   space 5120K, 0% used [0x00000000f2c00000,0x00000000f2c00000,0x00000000f3100000)
 ParOldGen       total 84992K, used 15288K [0x00000000c0000000, 0x00000000c5300000, 0x00000000eab00000)
  object space 84992K, 17% used [0x00000000c0000000,0x00000000c0eee050,0x00000000c5300000)
 Metaspace       used 6078K, capacity 7024K, committed 7296K, reserved 1056768K
  class space    used 591K, capacity 616K, committed 640K, reserved 1048576K
Event: 2.396 GC heap after
Heap after GC invocations=4 (full 0):
 PSYoungGen      total 132096K, used 5092K [0x00000000eab00000, 0x00000000f3100000, 0x0000000100000000)
  eden space 126976K, 0% used [0x00000000eab00000,0x00000000eab00000,0x00000000f2700000)
  from space 5120K, 99% used [0x00000000f2c00000,0x00000000f30f9010,0x00000000f3100000)
  to   space 5120K, 0% used [0x00000000f2700000,0x00000000f2700000,0x00000000f2c00000)
 ParOldGen       total 84992K, used 24991K [0x00000000c0000000, 0x00000000c5300000, 0x00000000eab00000)
  object space 84992K, 29% used [0x00000000c0000000,0x00000000c1867e18,0x00000000c5300000)
 Metaspace       used 6078K, capacity 7024K, committed 7296K, reserved 1056768K
  class space    used 591K, capacity 616K, committed 640K, reserved 1048576K
}
Event: 3.174 GC heap before
{Heap before GC invocations=5 (full 0):
 PSYoungGen      total 132096K, used 132068K [0x00000000eab00000, 0x00000000f3100000, 0x0000000100000000)
  eden space 126976K, 100% used [0x00000000eab00000,0x00000000f2700000,0x00000000f2700000)
  from space 5120K, 99% used [0x00000000f2c00000,0x00000000f30f9010,0x00000000f3100000)
  to   space 5120K, 0% used [0x00000000f2700000,0x00000000f2700000,0x00000000f2c00000)
 ParOldGen       total 84992K, used 24991K [0x00000000c0000000, 0x00000000c5300000, 0x00000000eab00000)
  object space 84992K, 29% used [0x00000000c0000000,0x00000000c1867e18,0x00000000c5300000)
 Metaspace       used 6242K, capacity 7088K, committed 7296K, reserved 1056768K
  class space    used 591K, capacity 616K, committed 640K, reserved 1048576K

Deoptimization events (10 events):
Event: 0.594 Thread 0x00007f67e000a000 Uncommon trap: reason=unstable_if action=reinterpret pc=0x00007f67d0992594 method=java.lang.String.<init>([CII)V @ 18
Event: 0.614 Thread 0x00007f67e0172800 Uncommon trap: reason=unstable_if action=reinterpret pc=0x00007f67d09c378c method=java.util.HashMap.getNode(ILjava/lang/Object;)Ljava/util/HashMap$Node; @ 129
Event: 1.036 Thread 0x00007f67e0172800 Uncommon trap: reason=unstable_if action=reinterpret pc=0x00007f67d0a3e7bc method=com.android.dx.ssa.SsaMethod.updateOneDefinition(Lcom/android/dx/ssa/SsaInsn;Lcom/android/dx/rop/code/RegisterSpec;)V @ 4
Event: 1.167 Thread 0x00007f67e016f800 Uncommon trap: reason=unstable_if action=reinterpret pc=0x00007f67d09f3698 method=com.android.dx.ssa.SsaMethod.deleteInsns(Ljava/util/Set;)V @ 130
Event: 1.221 Thread 0x00007f67e016f800 Uncommon trap: reason=null_check action=make_not_entrant pc=0x00007f67d0a0ad28 method=com.android.dx.rop.type.Type.equals(Ljava/lang/Object;)Z @ 8
Event: 1.621 Thread 0x00007f67e0171000 Uncommon trap: reason=unstable_if action=reinterpret pc=0x00007f67d09d83dc method=com.android.dx.rop.cst.Constant.compareTo(Lcom/android/dx/rop/cst/Constant;)I @ 12
Event: 2.013 Thread 0x00007f67e0172800 Uncommon trap: reason=unstable_if action=reinterpret pc=0x00007f67d0a52644 method=com.android.dx.util.IntList.binarysearch(I)I @ 105
Event: 2.484 Thread 0x00007f67e016f800 Uncommon trap: reason=bimorphic action=maybe_recompile pc=0x00007f67d09ad828 method=java.util.HashMap.getNode(ILjava/lang/Object;)Ljava/util/HashMap$Node; @ 126
Event: 2.484 Thread 0x00007f67e016f800 Uncommon trap: reason=bimorphic action=maybe_recompile pc=0x00007f67d09ad828 method=java.util.HashMap.getNode(ILjava/lang/Object;)Ljava/util/HashMap$Node; @ 126
Event: 2.484 Thread 0x00007f67e016f800 Uncommon trap: reason=bimorphic action=maybe_recompile pc=0x00007f67d09ad828 method=java.util.HashMap.getNode(ILjava/lang/Object;)Ljava/util/HashMap$Node; @ 126

Internal exceptions (3 events):
Event: 0.047 Thread 0x00007f67e000a000 Exception <a 'java/lang/NoSuchMethodError': Method sun.misc.Unsafe.defineClass(Ljava/lang/String;[BII)Ljava/lang/Class; name or signature does not match> (0x00000000eab07cc0) thrown at [/HUDSON/workspace/8-2-build-linux-amd64/jdk8u91/6644/hotspot/src/shar
Event: 0.048 Thread 0x00007f67e000a000 Exception <a 'java/lang/NoSuchMethodError': Method sun.misc.Unsafe.prefetchRead(Ljava/lang/Object;J)V name or signature does not match> (0x00000000eab07fa8) thrown at [/HUDSON/workspace/8-2-build-linux-amd64/jdk8u91/6644/hotspot/src/share/vm/prims/jni.cpp
Event: 1.221 Thread 0x00007f67e016f800 Implicit null exception at 0x00007f67d0a0ac22 to 0x00007f67d0a0ad1b

Events (10 events):
Event: 2.924 Thread 0x00007f67e000a000 DEOPT UNPACKING pc=0x00007f67d07f4633 sp=0x00007f67e68705e0 mode 0
Event: 2.964 Thread 0x00007f67e0149000 DEOPT PACKING pc=0x00007f67d0b9b683 sp=0x00007f67ae2ad110
Event: 2.964 Thread 0x00007f67e0149000 DEOPT UNPACKING pc=0x00007f67d07f4633 sp=0x00007f67ae2ace80 mode 0
Event: 3.043 Thread 0x00007f67e0171000 DEOPT PACKING pc=0x00007f67d0aa7fef sp=0x00007f67adfa9f30
Event: 3.043 Thread 0x00007f67e0171000 DEOPT UNPACKING pc=0x00007f67d07f4633 sp=0x00007f67adfa9cf0 mode 0
Event: 3.148 Thread 0x00007f67e0171000 DEOPT PACKING pc=0x00007f67d0b4bb2b sp=0x00007f67adfa9c90
Event: 3.148 Thread 0x00007f67e0171000 DEOPT UNPACKING pc=0x00007f67d07f4633 sp=0x00007f67adfa99e8 mode 0
Event: 3.151 Thread 0x00007f67e000a000 DEOPT PACKING pc=0x00007f67d0aa7fef sp=0x00007f67e6870810
Event: 3.151 Thread 0x00007f67e000a000 DEOPT UNPACKING pc=0x00007f67d07f4633 sp=0x00007f67e68705d0 mode 0
Event: 3.169 Executing VM operation: ParallelGCFailedAllocation


Dynamic libraries:
00400000-00401000 r-xp 00000000 08:01 9839507                            /usr/lib/jvm/java-8-oracle/bin/java
00600000-00601000 rw-p 00000000 08:01 9839507                            /usr/lib/jvm/java-8-oracle/bin/java
01cd4000-01cf5000 rw-p 00000000 00:00 0                                  [heap]
c0000000-c5300000 rw-p 00000000 00:00 0 
c5300000-eab00000 ---p 00000000 00:00 0 
eab00000-f3100000 rw-p 00000000 00:00 0 
fd700000-100000000 ---p 00000000 00:00 0 
100000000-1000a0000 rw-p 00000000 00:00 0 
1000a0000-140000000 ---p 00000000 00:00 0 
7f6764000000-7f6764029000 rw-p 00000000 00:00 0 
7f6764029000-7f6768000000 ---p 00000000 00:00 0 
7f676c000000-7f676c021000 rw-p 00000000 00:00 0 
7f676c021000-7f6770000000 ---p 00000000 00:00 0 
7f6774000000-7f6774021000 rw-p 00000000 00:00 0 
7f6774021000-7f6778000000 ---p 00000000 00:00 0 
7f6778000000-7f6778028000 rw-p 00000000 00:00 0 
7f6778028000-7f677c000000 ---p 00000000 00:00 0 
7f677c000000-7f677c021000 rw-p 00000000 00:00 0 
7f677c021000-7f6780000000 ---p 00000000 00:00 0 
7f6780000000-7f678002f000 rw-p 00000000 00:00 0 
7f678002f000-7f6784000000 ---p 00000000 00:00 0 
7f6784000000-7f6784b04000 rw-p 00000000 00:00 0 
7f6784b04000-7f6788000000 ---p 00000000 00:00 0 
7f6788000000-7f6788021000 rw-p 00000000 00:00 0 
7f6788021000-7f678c000000 ---p 00000000 00:00 0 
7f678c000000-7f678c91f000 rw-p 00000000 00:00 0 
7f678c91f000-7f6790000000 ---p 00000000 00:00 0 
7f6790000000-7f67909f6000 rw-p 00000000 00:00 0 
7f67909f6000-7f6794000000 ---p 00000000 00:00 0 
7f6794000000-7f6794021000 rw-p 00000000 00:00 0 
7f6794021000-7f6798000000 ---p 00000000 00:00 0 
7f6798000000-7f6798eae000 rw-p 00000000 00:00 0 
7f6798eae000-7f679c000000 ---p 00000000 00:00 0 
7f679c000000-7f679c021000 rw-p 00000000 00:00 0 
7f679c021000-7f67a0000000 ---p 00000000 00:00 0 
7f67a0000000-7f67a0021000 rw-p 00000000 00:00 0 
7f67a0021000-7f67a4000000 ---p 00000000 00:00 0 
7f67a4000000-7f67a428d000 rw-p 00000000 00:00 0 
7f67a428d000-7f67a8000000 ---p 00000000 00:00 0 
7f67a8000000-7f67a8021000 rw-p 00000000 00:00 0 
7f67a8021000-7f67ac000000 ---p 00000000 00:00 0 
7f67addaa000-7f67addad000 ---p 00000000 00:00 0 
7f67addad000-7f67adeab000 rw-p 00000000 00:00 0 
7f67adeab000-7f67adeae000 ---p 00000000 00:00 0 
7f67adeae000-7f67adfac000 rw-p 00000000 00:00 0 
7f67adfac000-7f67adfaf000 ---p 00000000 00:00 0 
7f67adfaf000-7f67ae0ad000 rw-p 00000000 00:00 0 
7f67ae0ad000-7f67ae0b0000 ---p 00000000 00:00 0 
7f67ae0b0000-7f67ae1ae000 rw-p 00000000 00:00 0 
7f67ae1ae000-7f67ae1b1000 ---p 00000000 00:00 0 
7f67ae1b1000-7f67ae2af000 rw-p 00000000 00:00 0 
7f67ae2af000-7f67ae2b0000 ---p 00000000 00:00 0 
7f67ae2b0000-7f67ae3b0000 rw-p 00000000 00:00 0 
7f67ae3b0000-7f67ae3b3000 ---p 00000000 00:00 0 
7f67ae3b3000-7f67ae4b1000 rw-p 00000000 00:00 0 
7f67ae4b1000-7f67ae4b4000 ---p 00000000 00:00 0 
7f67ae4b4000-7f67ae5b2000 rw-p 00000000 00:00 0 
7f67ae5b2000-7f67ae5b5000 ---p 00000000 00:00 0 
7f67ae5b5000-7f67ae6b3000 rw-p 00000000 00:00 0 
7f67ae6b3000-7f67ae6b6000 ---p 00000000 00:00 0 
7f67ae6b6000-7f67ae7b4000 rw-p 00000000 00:00 0 
7f67ae7b4000-7f67ae7b7000 ---p 00000000 00:00 0 
7f67ae7b7000-7f67ae8b5000 rw-p 00000000 00:00 0 
7f67ae8b5000-7f67ae8b8000 ---p 00000000 00:00 0 
7f67ae8b8000-7f67ae9b6000 rw-p 00000000 00:00 0 
7f67ae9b6000-7f67aedee000 r--p 00000000 08:01 9700768                    /usr/lib/locale/locale-archive
7f67aedee000-7f67aedf1000 ---p 00000000 00:00 0 
7f67aedf1000-7f67aeeef000 rw-p 00000000 00:00 0 
7f67aeeef000-7f67aeef2000 ---p 00000000 00:00 0 
7f67aeef2000-7f67aeff0000 rw-p 00000000 00:00 0 
7f67aeff0000-7f67aeff1000 ---p 00000000 00:00 0 
7f67aeff1000-7f67b0000000 rw-p 00000000 00:00 0 
7f67b0000000-7f67b0021000 rw-p 00000000 00:00 0 
7f67b0021000-7f67b4000000 ---p 00000000 00:00 0 
7f67b4000000-7f67b4021000 rw-p 00000000 00:00 0 
7f67b4021000-7f67b8000000 ---p 00000000 00:00 0 
7f67b8000000-7f67b8021000 rw-p 00000000 00:00 0 
7f67b8021000-7f67bc000000 ---p 00000000 00:00 0 
7f67bc000000-7f67bc021000 rw-p 00000000 00:00 0 
7f67bc021000-7f67c0000000 ---p 00000000 00:00 0 
7f67c0000000-7f67c0021000 rw-p 00000000 00:00 0 
7f67c0021000-7f67c4000000 ---p 00000000 00:00 0 
7f67c4000000-7f67c4021000 rw-p 00000000 00:00 0 
7f67c4021000-7f67c8000000 ---p 00000000 00:00 0 
7f67c8000000-7f67c8021000 rw-p 00000000 00:00 0 
7f67c8021000-7f67cc000000 ---p 00000000 00:00 0 
7f67cc01b000-7f67cc02c000 r--s 000cf000 08:01 159889                     /home/oguz/.gradle/caches/modules-2/files-2.1/com.fasterxml.jackson.core/jackson-databind/2.3.2/c75edc740a6d8cb1cef6fa82fa594e0bce561916/jackson-databind-2.3.2.jar
7f67cc02c000-7f67ccd40000 rw-p 00000000 00:00 0 
7f67ccd40000-7f67ccf19000 r--s 03d1f000 08:01 9967487                    /usr/lib/jvm/java-8-oracle/jre/lib/rt.jar
7f67ccf19000-7f67cd60f000 rw-p 00000000 00:00 0 
7f67cd60f000-7f67cd78f000 ---p 00000000 00:00 0 
7f67cd78f000-7f67cf98f000 rw-p 00000000 00:00 0 
7f67cf98f000-7f67cf990000 ---p 00000000 00:00 0 
7f67cf990000-7f67cfa90000 rw-p 00000000 00:00 0 
7f67cfa90000-7f67cfa91000 ---p 00000000 00:00 0 
7f67cfa91000-7f67cfb91000 rw-p 00000000 00:00 0 
7f67cfb91000-7f67cfb92000 ---p 00000000 00:00 0 
7f67cfb92000-7f67cfc92000 rw-p 00000000 00:00 0 
7f67cfc92000-7f67cfc93000 ---p 00000000 00:00 0 
7f67cfc93000-7f67cfd93000 rw-p 00000000 00:00 0 
7f67cfd93000-7f67cfd94000 ---p 00000000 00:00 0 
7f67cfd94000-7f67cfe94000 rw-p 00000000 00:00 0 
7f67cfe94000-7f67cfe95000 ---p 00000000 00:00 0 
7f67cfe95000-7f67cff95000 rw-p 00000000 00:00 0 
7f67cff95000-7f67cff96000 ---p 00000000 00:00 0 
7f67cff96000-7f67d00c0000 rw-p 00000000 00:00 0 
7f67d00c0000-7f67d01ec000 ---p 00000000 00:00 0 
7f67d01ec000-7f67d0216000 rw-p 00000000 00:00 0 
7f67d0216000-7f67d0341000 ---p 00000000 00:00 0 
7f67d0341000-7f67d0385000 rw-p 00000000 00:00 0 
7f67d0385000-7f67d03ec000 ---p 00000000 00:00 0 
7f67d03ec000-7f67d0404000 rw-p 00000000 00:00 0 
7f67d0404000-7f67d07ad000 ---p 00000000 00:00 0 
7f67d07ad000-7f67d0d4d000 rwxp 00000000 00:00 0 
7f67d0d4d000-7f67df7ad000 ---p 00000000 00:00 0 
7f67df7ad000-7f67df7c7000 r-xp 00000000 08:01 10092954                   /usr/lib/jvm/java-8-oracle/jre/lib/amd64/libzip.so
7f67df7c7000-7f67df9c7000 ---p 0001a000 08:01 10092954                   /usr/lib/jvm/java-8-oracle/jre/lib/amd64/libzip.so
7f67df9c7000-7f67df9c8000 rw-p 0001a000 08:01 10092954                   /usr/lib/jvm/java-8-oracle/jre/lib/amd64/libzip.so
7f67df9c8000-7f67df9d3000 r-xp 00000000 08:01 7603299                    /lib/x86_64-linux-gnu/libnss_files-2.23.so
7f67df9d3000-7f67dfbd2000 ---p 0000b000 08:01 7603299                    /lib/x86_64-linux-gnu/libnss_files-2.23.so
7f67dfbd2000-7f67dfbd3000 r--p 0000a000 08:01 7603299                    /lib/x86_64-linux-gnu/libnss_files-2.23.so
7f67dfbd3000-7f67dfbd4000 rw-p 0000b000 08:01 7603299                    /lib/x86_64-linux-gnu/libnss_files-2.23.so
7f67dfbd4000-7f67dfbda000 rw-p 00000000 00:00 0 
7f67dfbda000-7f67dfbe5000 r-xp 00000000 08:01 7603296                    /lib/x86_64-linux-gnu/libnss_nis-2.23.so
7f67dfbe5000-7f67dfde4000 ---p 0000b000 08:01 7603296                    /lib/x86_64-linux-gnu/libnss_nis-2.23.so
7f67dfde4000-7f67dfde5000 r--p 0000a000 08:01 7603296                    /lib/x86_64-linux-gnu/libnss_nis-2.23.so
7f67dfde5000-7f67dfde6000 rw-p 0000b000 08:01 7603296                    /lib/x86_64-linux-gnu/libnss_nis-2.23.so
7f67dfde6000-7f67dfdfc000 r-xp 00000000 08:01 7603294                    /lib/x86_64-linux-gnu/libnsl-2.23.so
7f67dfdfc000-7f67dfffc000 ---p 00016000 08:01 7603294                    /lib/x86_64-linux-gnu/libnsl-2.23.so
7f67dfffc000-7f67dfffd000 r--p 00016000 08:01 7603294                    /lib/x86_64-linux-gnu/libnsl-2.23.so
7f67dfffd000-7f67dfffe000 rw-p 00017000 08:01 7603294                    /lib/x86_64-linux-gnu/libnsl-2.23.so
7f67dfffe000-7f67e0000000 rw-p 00000000 00:00 0 
7f67e0000000-7f67e03c3000 rw-p 00000000 00:00 0 
7f67e03c3000-7f67e4000000 ---p 00000000 00:00 0 
7f67e400a000-7f67e4019000 r--s 000df000 08:01 5246091                    /home/oguz/Android/Sdk/build-tools/23.0.3/lib/dx.jar
7f67e4019000-7f67e403a000 rw-p 00000000 00:00 0 
7f67e403a000-7f67e403b000 ---p 00000000 00:00 0 
7f67e403b000-7f67e413b000 rw-p 00000000 00:00 0 
7f67e413b000-7f67e4143000 r-xp 00000000 08:01 7603292                    /lib/x86_64-linux-gnu/libnss_compat-2.23.so
7f67e4143000-7f67e4342000 ---p 00008000 08:01 7603292                    /lib/x86_64-linux-gnu/libnss_compat-2.23.so
7f67e4342000-7f67e4343000 r--p 00007000 08:01 7603292                    /lib/x86_64-linux-gnu/libnss_compat-2.23.so
7f67e4343000-7f67e4344000 rw-p 00008000 08:01 7603292                    /lib/x86_64-linux-gnu/libnss_compat-2.23.so
7f67e4344000-7f67e436e000 r-xp 00000000 08:01 10092949                   /usr/lib/jvm/java-8-oracle/jre/lib/amd64/libjava.so
7f67e436e000-7f67e456e000 ---p 0002a000 08:01 10092949                   /usr/lib/jvm/java-8-oracle/jre/lib/amd64/libjava.so
7f67e456e000-7f67e4570000 rw-p 0002a000 08:01 10092949                   /usr/lib/jvm/java-8-oracle/jre/lib/amd64/libjava.so
7f67e4570000-7f67e457d000 r-xp 00000000 08:01 10092953                   /usr/lib/jvm/java-8-oracle/jre/lib/amd64/libverify.so
7f67e457d000-7f67e477d000 ---p 0000d000 08:01 10092953                   /usr/lib/jvm/java-8-oracle/jre/lib/amd64/libverify.so
7f67e477d000-7f67e477f000 rw-p 0000d000 08:01 10092953                   /usr/lib/jvm/java-8-oracle/jre/lib/amd64/libverify.so
7f67e477f000-7f67e4786000 r-xp 00000000 08:01 7603308                    /lib/x86_64-linux-gnu/librt-2.23.so
7f67e4786000-7f67e4985000 ---p 00007000 08:01 7603308                    /lib/x86_64-linux-gnu/librt-2.23.so
7f67e4985000-7f67e4986000 r--p 00006000 08:01 7603308                    /lib/x86_64-linux-gnu/librt-2.23.so
7f67e4986000-7f67e4987000 rw-p 00007000 08:01 7603308                    /lib/x86_64-linux-gnu/librt-2.23.so
7f67e4987000-7f67e4a8f000 r-xp 00000000 08:01 7603305                    /lib/x86_64-linux-gnu/libm-2.23.so
7f67e4a8f000-7f67e4c8e000 ---p 00108000 08:01 7603305                    /lib/x86_64-linux-gnu/libm-2.23.so
7f67e4c8e000-7f67e4c8f000 r--p 00107000 08:01 7603305                    /lib/x86_64-linux-gnu/libm-2.23.so
7f67e4c8f000-7f67e4c90000 rw-p 00108000 08:01 7603305                    /lib/x86_64-linux-gnu/libm-2.23.so
7f67e4c90000-7f67e5950000 r-xp 00000000 08:01 10092932                   /usr/lib/jvm/java-8-oracle/jre/lib/amd64/server/libjvm.so
7f67e5950000-7f67e5b50000 ---p 00cc0000 08:01 10092932                   /usr/lib/jvm/java-8-oracle/jre/lib/amd64/server/libjvm.so
7f67e5b50000-7f67e5c28000 rw-p 00cc0000 08:01 10092932                   /usr/lib/jvm/java-8-oracle/jre/lib/amd64/server/libjvm.so
7f67e5c28000-7f67e5c73000 rw-p 00000000 00:00 0 
7f67e5c73000-7f67e5e33000 r-xp 00000000 08:01 7603313                    /lib/x86_64-linux-gnu/libc-2.23.so
7f67e5e33000-7f67e6033000 ---p 001c0000 08:01 7603313                    /lib/x86_64-linux-gnu/libc-2.23.so
7f67e6033000-7f67e6037000 r--p 001c0000 08:01 7603313                    /lib/x86_64-linux-gnu/libc-2.23.so
7f67e6037000-7f67e6039000 rw-p 001c4000 08:01 7603313                    /lib/x86_64-linux-gnu/libc-2.23.so
7f67e6039000-7f67e603d000 rw-p 00000000 00:00 0 
7f67e603d000-7f67e6040000 r-xp 00000000 08:01 7603314                    /lib/x86_64-linux-gnu/libdl-2.23.so
7f67e6040000-7f67e623f000 ---p 00003000 08:01 7603314                    /lib/x86_64-linux-gnu/libdl-2.23.so
7f67e623f000-7f67e6240000 r--p 00002000 08:01 7603314                    /lib/x86_64-linux-gnu/libdl-2.23.so
7f67e6240000-7f67e6241000 rw-p 00003000 08:01 7603314                    /lib/x86_64-linux-gnu/libdl-2.23.so
7f67e6241000-7f67e6256000 r-xp 00000000 08:01 9840182                    /usr/lib/jvm/java-8-oracle/lib/amd64/jli/libjli.so
7f67e6256000-7f67e6456000 ---p 00015000 08:01 9840182                    /usr/lib/jvm/java-8-oracle/lib/amd64/jli/libjli.so
7f67e6456000-7f67e6457000 rw-p 00015000 08:01 9840182                    /usr/lib/jvm/java-8-oracle/lib/amd64/jli/libjli.so
7f67e6457000-7f67e646f000 r-xp 00000000 08:01 7603312                    /lib/x86_64-linux-gnu/libpthread-2.23.so
7f67e646f000-7f67e666e000 ---p 00018000 08:01 7603312                    /lib/x86_64-linux-gnu/libpthread-2.23.so
7f67e666e000-7f67e666f000 r--p 00017000 08:01 7603312                    /lib/x86_64-linux-gnu/libpthread-2.23.so
7f67e666f000-7f67e6670000 rw-p 00018000 08:01 7603312                    /lib/x86_64-linux-gnu/libpthread-2.23.so
7f67e6670000-7f67e6674000 rw-p 00000000 00:00 0 
7f67e6674000-7f67e669a000 r-xp 00000000 08:01 7603309                    /lib/x86_64-linux-gnu/ld-2.23.so
7f67e66a0000-7f67e6772000 rw-p 00000000 00:00 0 
7f67e6772000-7f67e6775000 ---p 00000000 00:00 0 
7f67e6775000-7f67e6877000 rw-p 00000000 00:00 0 
7f67e6879000-7f67e688d000 rw-p 00000000 00:00 0 
7f67e688d000-7f67e6895000 rw-s 00000000 08:01 132059                     /tmp/hsperfdata_oguz/5974
7f67e6895000-7f67e6896000 rw-p 00000000 00:00 0 
7f67e6896000-7f67e6897000 ---p 00000000 00:00 0 
7f67e6897000-7f67e6899000 rw-p 00000000 00:00 0 
7f67e6899000-7f67e689a000 r--p 00025000 08:01 7603309                    /lib/x86_64-linux-gnu/ld-2.23.so
7f67e689a000-7f67e689b000 rw-p 00026000 08:01 7603309                    /lib/x86_64-linux-gnu/ld-2.23.so
7f67e689b000-7f67e689c000 rw-p 00000000 00:00 0 
7ffeedf62000-7ffeedf83000 rw-p 00000000 00:00 0                          [stack]
7ffeedfa7000-7ffeedfa9000 r--p 00000000 00:00 0                          [vvar]
7ffeedfa9000-7ffeedfab000 r-xp 00000000 00:00 0                          [vdso]
ffffffffff600000-ffffffffff601000 r-xp 00000000 00:00 0                  [vsyscall]

VM Arguments:
jvm_args: -Djava.awt.headless=true -Xmx1024M -Dfile.encoding=UTF-8 -Duser.country=TR -Duser.language=tr -Duser.variant 
java_command: com.android.dx.command.Main --dex --force-jumbo --num-threads=4 --multi-dex --output /home/oguz/Masa端st端/FomApplicationAndroid/app/build/intermediates/transforms/dex/debug/folders/1000/10/jackson-databind-2.3.2_51c4623ebbbe6b6f2e96a48accc07b8b3796ca57 /home/oguz/.gradle/caches/modules-2/files-2.1/com.fasterxml.jackson.core/jackson-databind/2.3.2/c75edc740a6d8cb1cef6fa82fa594e0bce561916/jackson-databind-2.3.2.jar
java_class_path (initial): /home/oguz/Android/Sdk/build-tools/23.0.3/lib/dx.jar
Launcher Type: SUN_STANDARD

Environment Variables:
PATH=/usr/local/sbin:/usr/local/bin:/usr/sbin:/usr/bin:/sbin:/bin:/usr/games:/usr/local/games:/snap/bin
LD_LIBRARY_PATH=/home/oguz/Masa端st端/Derleyiciler/android-studio/bin:
SHELL=/bin/bash
DISPLAY=:0

Signal Handlers:
SIGSEGV: [libjvm.so+0xabca10], sa_mask[0]=11111111011111111101111111111110, sa_flags=SA_RESTART|SA_SIGINFO
SIGBUS: [libjvm.so+0xabca10], sa_mask[0]=11111111011111111101111111111110, sa_flags=SA_RESTART|SA_SIGINFO
SIGFPE: [libjvm.so+0x919a20], sa_mask[0]=11111111011111111101111111111110, sa_flags=SA_RESTART|SA_SIGINFO
SIGPIPE: [libjvm.so+0x919a20], sa_mask[0]=11111111011111111101111111111110, sa_flags=SA_RESTART|SA_SIGINFO
SIGXFSZ: [libjvm.so+0x919a20], sa_mask[0]=11111111011111111101111111111110, sa_flags=SA_RESTART|SA_SIGINFO
SIGILL: [libjvm.so+0x919a20], sa_mask[0]=11111111011111111101111111111110, sa_flags=SA_RESTART|SA_SIGINFO
SIGUSR1: SIG_DFL, sa_mask[0]=00000000000000000000000000000000, sa_flags=none
SIGUSR2: [libjvm.so+0x91b050], sa_mask[0]=00100000000000000000000000000000, sa_flags=SA_RESTART|SA_SIGINFO
SIGHUP: [libjvm.so+0x91c450], sa_mask[0]=11111111011111111101111111111110, sa_flags=SA_RESTART|SA_SIGINFO
SIGINT: [libjvm.so+0x91c450], sa_mask[0]=11111111011111111101111111111110, sa_flags=SA_RESTART|SA_SIGINFO
SIGTERM: [libjvm.so+0x91c450], sa_mask[0]=11111111011111111101111111111110, sa_flags=SA_RESTART|SA_SIGINFO
SIGQUIT: [libjvm.so+0x91c450], sa_mask[0]=11111111011111111101111111111110, sa_flags=SA_RESTART|SA_SIGINFO


---------------  S Y S T E M  ---------------

OS:DISTRIB_ID=Ubuntu
DISTRIB_RELEASE=16.04
DISTRIB_CODENAME=xenial
DISTRIB_DESCRIPTION="Ubuntu Xenial Xerus (development branch)"

uname:Linux 4.4.0-22-generic #39-Ubuntu SMP Thu May 5 16:53:32 UTC 2016 x86_64
libc:glibc 2.23 NPTL 2.23 
rlimit: STACK 8192k, CORE 0k, NPROC 31498, NOFILE 65536, AS infinity
load average:2.86 0.99 0.82

/proc/meminfo:
MemTotal:        8101800 kB
MemFree:           52964 kB
MemAvailable:      89804 kB
Buffers:            1988 kB
Cached:           533028 kB
SwapCached:            0 kB
Active:          7307044 kB
Inactive:         485412 kB
Active(anon):    7292776 kB
Inactive(anon):   470892 kB
Active(file):      14268 kB
Inactive(file):    14520 kB
Unevictable:          92 kB
Mlocked:              92 kB
SwapTotal:             0 kB
SwapFree:              0 kB
Dirty:               128 kB
Writeback:             0 kB
AnonPages:       7259600 kB
Mapped:           250332 kB
Shmem:            504388 kB
Slab:             107532 kB
SReclaimable:      50424 kB
SUnreclaim:        57108 kB
KernelStack:       19744 kB
PageTables:        65876 kB
NFS_Unstable:          0 kB
Bounce:                0 kB
WritebackTmp:          0 kB
CommitLimit:     4050900 kB
Committed_AS:   14239156 kB
VmallocTotal:   34359738367 kB
VmallocUsed:           0 kB
VmallocChunk:          0 kB
HardwareCorrupted:     0 kB
AnonHugePages:   4677632 kB
CmaTotal:              0 kB
CmaFree:               0 kB
HugePages_Total:       0
HugePages_Free:        0
HugePages_Rsvd:        0
HugePages_Surp:        0
Hugepagesize:       2048 kB
DirectMap4k:      195328 kB
DirectMap2M:     7071744 kB
DirectMap1G:     2097152 kB


CPU:total 8 (4 cores per cpu, 2 threads per core) family 6 model 60 stepping 3, cmov, cx8, fxsr, mmx, sse, sse2, sse3, ssse3, sse4.1, sse4.2, popcnt, avx, avx2, aes, clmul, erms, lzcnt, ht, tsc, tscinvbit, bmi1, bmi2

/proc/cpuinfo:
processor	: 0
vendor_id	: GenuineIntel
cpu family	: 6
model		: 60
model name	: Intel(R) Core(TM) i7-4700MQ CPU @ 2.40GHz
stepping	: 3
microcode	: 0x16
cpu MHz		: 2999.906
cache size	: 6144 KB
physical id	: 0
siblings	: 8
core id		: 0
cpu cores	: 4
apicid		: 0
initial apicid	: 0
fpu		: yes
fpu_exception	: yes
cpuid level	: 13
wp		: yes
flags		: fpu vme de pse tsc msr pae mce cx8 apic sep mtrr pge mca cmov pat pse36 clflush dts acpi mmx fxsr sse sse2 ss ht tm pbe syscall nx pdpe1gb rdtscp lm constant_tsc arch_perfmon pebs bts rep_good nopl xtopology nonstop_tsc aperfmperf eagerfpu pni pclmulqdq dtes64 monitor ds_cpl vmx est tm2 ssse3 sdbg fma cx16 xtpr pdcm pcid sse4_1 sse4_2 movbe popcnt tsc_deadline_timer aes xsave avx f16c rdrand lahf_lm abm epb tpr_shadow vnmi flexpriority ept vpid fsgsbase tsc_adjust bmi1 avx2 smep bmi2 erms invpcid xsaveopt dtherm ida arat pln pts
bugs		:
bogomips	: 4789.13
clflush size	: 64
cache_alignment	: 64
address sizes	: 39 bits physical, 48 bits virtual
power management:

processor	: 1
vendor_id	: GenuineIntel
cpu family	: 6
model		: 60
model name	: Intel(R) Core(TM) i7-4700MQ CPU @ 2.40GHz
stepping	: 3
microcode	: 0x16
cpu MHz		: 2999.906
cache size	: 6144 KB
physical id	: 0
siblings	: 8
core id		: 0
cpu cores	: 4
apicid		: 1
initial apicid	: 1
fpu		: yes
fpu_exception	: yes
cpuid level	: 13
wp		: yes
flags		: fpu vme de pse tsc msr pae mce cx8 apic sep mtrr pge mca cmov pat pse36 clflush dts acpi mmx fxsr sse sse2 ss ht tm pbe syscall nx pdpe1gb rdtscp lm constant_tsc arch_perfmon pebs bts rep_good nopl xtopology nonstop_tsc aperfmperf eagerfpu pni pclmulqdq dtes64 monitor ds_cpl vmx est tm2 ssse3 sdbg fma cx16 xtpr pdcm pcid sse4_1 sse4_2 movbe popcnt tsc_deadline_timer aes xsave avx f16c rdrand lahf_lm abm epb tpr_shadow vnmi flexpriority ept vpid fsgsbase tsc_adjust bmi1 avx2 smep bmi2 erms invpcid xsaveopt dtherm ida arat pln pts
bugs		:
bogomips	: 4789.13
clflush size	: 64
cache_alignment	: 64
address sizes	: 39 bits physical, 48 bits virtual
power management:

processor	: 2
vendor_id	: GenuineIntel
cpu family	: 6
model		: 60
model name	: Intel(R) Core(TM) i7-4700MQ CPU @ 2.40GHz
stepping	: 3
microcode	: 0x16
cpu MHz		: 2999.906
cache size	: 6144 KB
physical id	: 0
siblings	: 8
core id		: 1
cpu cores	: 4
apicid		: 2
initial apicid	: 2
fpu		: yes
fpu_exception	: yes
cpuid level	: 13
wp		: yes
flags		: fpu vme de pse tsc msr pae mce cx8 apic sep mtrr pge mca cmov pat pse36 clflush dts acpi mmx fxsr sse sse2 ss ht tm pbe syscall nx pdpe1gb rdtscp lm constant_tsc arch_perfmon pebs bts rep_good nopl xtopology nonstop_tsc aperfmperf eagerfpu pni pclmulqdq dtes64 monitor ds_cpl vmx est tm2 ssse3 sdbg fma cx16 xtpr pdcm pcid sse4_1 sse4_2 movbe popcnt tsc_deadline_timer aes xsave avx f16c rdrand lahf_lm abm epb tpr_shadow vnmi flexpriority ept vpid fsgsbase tsc_adjust bmi1 avx2 smep bmi2 erms invpcid xsaveopt dtherm ida arat pln pts
bugs		:
bogomips	: 4789.13
clflush size	: 64
cache_alignment	: 64
address sizes	: 39 bits physical, 48 bits virtual
power management:

processor	: 3
vendor_id	: GenuineIntel
cpu family	: 6
model		: 60
model name	: Intel(R) Core(TM) i7-4700MQ CPU @ 2.40GHz
stepping	: 3
microcode	: 0x16
cpu MHz		: 3000.000
cache size	: 6144 KB
physical id	: 0
siblings	: 8
core id		: 1
cpu cores	: 4
apicid		: 3
initial apicid	: 3
fpu		: yes
fpu_exception	: yes
cpuid level	: 13
wp		: yes
flags		: fpu vme de pse tsc msr pae mce cx8 apic sep mtrr pge mca cmov pat pse36 clflush dts acpi mmx fxsr sse sse2 ss ht tm pbe syscall nx pdpe1gb rdtscp lm constant_tsc arch_perfmon pebs bts rep_good nopl xtopology nonstop_tsc aperfmperf eagerfpu pni pclmulqdq dtes64 monitor ds_cpl vmx est tm2 ssse3 sdbg fma cx16 xtpr pdcm pcid sse4_1 sse4_2 movbe popcnt tsc_deadline_timer aes xsave avx f16c rdrand lahf_lm abm epb tpr_shadow vnmi flexpriority ept vpid fsgsbase tsc_adjust bmi1 avx2 smep bmi2 erms invpcid xsaveopt dtherm ida arat pln pts
bugs		:
bogomips	: 4789.13
clflush size	: 64
cache_alignment	: 64
address sizes	: 39 bits physical, 48 bits virtual
power management:

processor	: 4
vendor_id	: GenuineIntel
cpu family	: 6
model		: 60
model name	: Intel(R) Core(TM) i7-4700MQ CPU @ 2.40GHz
stepping	: 3
microcode	: 0x16
cpu MHz		: 2999.906
cache size	: 6144 KB
physical id	: 0
siblings	: 8
core id		: 2
cpu cores	: 4
apicid		: 4
initial apicid	: 4
fpu		: yes
fpu_exception	: yes
cpuid level	: 13
wp		: yes
flags		: fpu vme de pse tsc msr pae mce cx8 apic sep mtrr pge mca cmov pat pse36 clflush dts acpi mmx fxsr sse sse2 ss ht tm pbe syscall nx pdpe1gb rdtscp lm constant_tsc arch_perfmon pebs bts rep_good nopl xtopology nonstop_tsc aperfmperf eagerfpu pni pclmulqdq dtes64 monitor ds_cpl vmx est tm2 ssse3 sdbg fma cx16 xtpr pdcm pcid sse4_1 sse4_2 movbe popcnt tsc_deadline_timer aes xsave avx f16c rdrand lahf_lm abm epb tpr_shadow vnmi flexpriority ept vpid fsgsbase tsc_adjust bmi1 avx2 smep bmi2 erms invpcid xsaveopt dtherm ida arat pln pts
bugs		:
bogomips	: 4789.13
clflush size	: 64
cache_alignment	: 64
address sizes	: 39 bits physical, 48 bits virtual
power management:

processor	: 5
vendor_id	: GenuineIntel
cpu family	: 6
model		: 60
model name	: Intel(R) Core(TM) i7-4700MQ CPU @ 2.40GHz
stepping	: 3
microcode	: 0x16
cpu MHz		: 2999.906
cache size	: 6144 KB
physical id	: 0
siblings	: 8
core id		: 2
cpu cores	: 4
apicid		: 5
initial apicid	: 5
fpu		: yes
fpu_exception	: yes
cpuid level	: 13
wp		: yes
flags		: fpu vme de pse tsc msr pae mce cx8 apic sep mtrr pge mca cmov pat pse36 clflush dts acpi mmx fxsr sse sse2 ss ht tm pbe syscall nx pdpe1gb rdtscp lm constant_tsc arch_perfmon pebs bts rep_good nopl xtopology nonstop_tsc aperfmperf eagerfpu pni pclmulqdq dtes64 monitor ds_cpl vmx est tm2 ssse3 sdbg fma cx16 xtpr pdcm pcid sse4_1 sse4_2 movbe popcnt tsc_deadline_timer aes xsave avx f16c rdrand lahf_lm abm epb tpr_shadow vnmi flexpriority ept vpid fsgsbase tsc_adjust bmi1 avx2 smep bmi2 erms invpcid xsaveopt dtherm ida arat pln pts
bugs		:
bogomips	: 4789.13
clflush size	: 64
cache_alignment	: 64
address sizes	: 39 bits physical, 48 bits virtual
power management:

processor	: 6
vendor_id	: GenuineIntel
cpu family	: 6
model		: 60
model name	: Intel(R) Core(TM) i7-4700MQ CPU @ 2.40GHz
stepping	: 3
microcode	: 0x16
cpu MHz		: 3000.000
cache size	: 6144 KB
physical id	: 0
siblings	: 8
core id		: 3
cpu cores	: 4
apicid		: 6
initial apicid	: 6
fpu		: yes
fpu_exception	: yes
cpuid level	: 13
wp		: yes
flags		: fpu vme de pse tsc msr pae mce cx8 apic sep mtrr pge mca cmov pat pse36 clflush dts acpi mmx fxsr sse sse2 ss ht tm pbe syscall nx pdpe1gb rdtscp lm constant_tsc arch_perfmon pebs bts rep_good nopl xtopology nonstop_tsc aperfmperf eagerfpu pni pclmulqdq dtes64 monitor ds_cpl vmx est tm2 ssse3 sdbg fma cx16 xtpr pdcm pcid sse4_1 sse4_2 movbe popcnt tsc_deadline_timer aes xsave avx f16c rdrand lahf_lm abm epb tpr_shadow vnmi flexpriority ept vpid fsgsbase tsc_adjust bmi1 avx2 smep bmi2 erms invpcid xsaveopt dtherm ida arat pln pts
bugs		:
bogomips	: 4789.13
clflush size	: 64
cache_alignment	: 64
address sizes	: 39 bits physical, 48 bits virtual
power management:

processor	: 7
vendor_id	: GenuineIntel
cpu family	: 6
model		: 60
model name	: Intel(R) Core(TM) i7-4700MQ CPU @ 2.40GHz
stepping	: 3
microcode	: 0x16
cpu MHz		: 3000.000
cache size	: 6144 KB
physical id	: 0
siblings	: 8
core id		: 3
cpu cores	: 4
apicid		: 7
initial apicid	: 7
fpu		: yes
fpu_exception	: yes
cpuid level	: 13
wp		: yes
flags		: fpu vme de pse tsc msr pae mce cx8 apic sep mtrr pge mca cmov pat pse36 clflush dts acpi mmx fxsr sse sse2 ss ht tm pbe syscall nx pdpe1gb rdtscp lm constant_tsc arch_perfmon pebs bts rep_good nopl xtopology nonstop_tsc aperfmperf eagerfpu pni pclmulqdq dtes64 monitor ds_cpl vmx est tm2 ssse3 sdbg fma cx16 xtpr pdcm pcid sse4_1 sse4_2 movbe popcnt tsc_deadline_timer aes xsave avx f16c rdrand lahf_lm abm epb tpr_shadow vnmi flexpriority ept vpid fsgsbase tsc_adjust bmi1 avx2 smep bmi2 erms invpcid xsaveopt dtherm ida arat pln pts
bugs		:
bogomips	: 4789.13
clflush size	: 64
cache_alignment	: 64
address sizes	: 39 bits physical, 48 bits virtual
power management:



Memory: 4k page, physical 8101800k(52840k free), swap 0k(0k free)

vm_info: Java HotSpot(TM) 64-Bit Server VM (25.91-b14) for linux-amd64 JRE (1.8.0_91-b14), built on Apr  1 2016 00:57:21 by "java_re" with gcc 4.3.0 20080428 (Red Hat 4.3.0-8)

time: Wed Aug 10 16:10:21 2016
elapsed time: 3 seconds (0d 0h 0m 3s)

