#
# There is insufficient memory for the Java Runtime Environment to continue.
# Native memory allocation (mmap) failed to map 174063616 bytes for committing reserved memory.
# Possible reasons:
#   The system is out of physical RAM or swap space
#   In 32 bit mode, the process size limit was hit
# Possible solutions:
#   Reduce memory load on the system
#   Increase physical memory or swap space
#   Check if swap backing store is full
#   Use 64 bit Java on a 64 bit OS
#   Decrease Java heap size (-Xmx/-Xms)
#   Decrease number of Java threads
#   Decrease Java thread stack sizes (-Xss)
#   Set larger code cache with -XX:ReservedCodeCacheSize=
# This output file may be truncated or incomplete.
#
#  Out of Memory Error (os_linux.cpp:2627), pid=12206, tid=139816275502848
#
# JRE version: Java(TM) SE Runtime Environment (8.0_91-b14) (build 1.8.0_91-b14)
# Java VM: Java HotSpot(TM) 64-Bit Server VM (25.91-b14 mixed mode linux-amd64 compressed oops)
# Failed to write core dump. Core dumps have been disabled. To enable core dumping, try "ulimit -c unlimited" before starting Java again
#

---------------  T H R E A D  ---------------

Current thread (0x00007f299c080000):  VMThread [stack: 0x00007f29835f6000,0x00007f29836f7000] [id=12234]

Stack: [0x00007f29835f6000,0x00007f29836f7000],  sp=0x00007f29836f5020,  free space=1020k
Native frames: (J=compiled Java code, j=interpreted, Vv=VM code, C=native code)
V  [libjvm.so+0xabc18a]  VMError::report_and_die()+0x2ba
V  [libjvm.so+0x4fafeb]  report_vm_out_of_memory(char const*, int, unsigned long, VMErrorType, char const*)+0x8b
V  [libjvm.so+0x91cbb3]  os::Linux::commit_memory_impl(char*, unsigned long, bool)+0x103
V  [libjvm.so+0x91d109]  os::pd_commit_memory(char*, unsigned long, unsigned long, bool)+0x29
V  [libjvm.so+0x91740a]  os::commit_memory(char*, unsigned long, unsigned long, bool)+0x2a
V  [libjvm.so+0x98b033]  PSVirtualSpace::expand_by(unsigned long)+0x53
V  [libjvm.so+0x98c438]  PSYoungGen::resize_generation(unsigned long, unsigned long)+0xf8
V  [libjvm.so+0x98b592]  PSYoungGen::resize(unsigned long, unsigned long)+0x22
V  [libjvm.so+0x98886b]  PSScavenge::invoke_no_policy()+0xf3b
V  [libjvm.so+0x988ff1]  PSScavenge::invoke()+0x41
V  [libjvm.so+0x9408b0]  ParallelScavengeHeap::failed_mem_allocate(unsigned long)+0x70
V  [libjvm.so+0xabdba7]  VM_ParallelGCFailedAllocation::doit()+0x97
V  [libjvm.so+0xac55d5]  VM_Operation::evaluate()+0x55
V  [libjvm.so+0xac39aa]  VMThread::evaluate_operation(VM_Operation*)+0xba
V  [libjvm.so+0xac3d2e]  VMThread::loop()+0x1ce
V  [libjvm.so+0xac41a0]  VMThread::run()+0x70
V  [libjvm.so+0x91ef78]  java_start(Thread*)+0x108

VM_Operation (0x00007f29824aed30): ParallelGCFailedAllocation, mode: safepoint, requested by thread 0x00007f299c161000


---------------  P R O C E S S  ---------------

Java Threads: ( => current thread )
  0x00007f299c161000 JavaThread "pool-2-thread-4" [_thread_blocked, id=12293, stack(0x00007f29823b0000,0x00007f29824b1000)]
  0x00007f299c15f800 JavaThread "pool-2-thread-3" [_thread_blocked, id=12292, stack(0x00007f29824b1000,0x00007f29825b2000)]
  0x00007f299c15e800 JavaThread "pool-2-thread-2" [_thread_blocked, id=12290, stack(0x00007f29825b2000,0x00007f29826b3000)]
  0x00007f299c15c800 JavaThread "pool-3-thread-1" [_thread_blocked, id=12288, stack(0x00007f29826b3000,0x00007f29827b4000)]
  0x00007f299c15a800 JavaThread "pool-2-thread-1" [_thread_blocked, id=12287, stack(0x00007f29827b4000,0x00007f29828b5000)]
  0x00007f299c0ca800 JavaThread "Service Thread" daemon [_thread_blocked, id=12247, stack(0x00007f29829b6000,0x00007f2982ab7000)]
  0x00007f299c0c7800 JavaThread "C1 CompilerThread3" daemon [_thread_blocked, id=12245, stack(0x00007f2982ab7000,0x00007f2982bb8000)]
  0x00007f299c0c5800 JavaThread "C2 CompilerThread2" daemon [_thread_blocked, id=12242, stack(0x00007f2982bb8000,0x00007f2982cb9000)]
  0x00007f299c0c4000 JavaThread "C2 CompilerThread1" daemon [_thread_blocked, id=12241, stack(0x00007f2982cb9000,0x00007f2982dba000)]
  0x00007f299c0c1000 JavaThread "C2 CompilerThread0" daemon [_thread_blocked, id=12240, stack(0x00007f2982dba000,0x00007f2982ebb000)]
  0x00007f299c0bf800 JavaThread "Signal Dispatcher" daemon [_thread_blocked, id=12239, stack(0x00007f2982ebb000,0x00007f2982fbc000)]
  0x00007f299c08c800 JavaThread "Finalizer" daemon [_thread_blocked, id=12237, stack(0x00007f29833f4000,0x00007f29834f5000)]
  0x00007f299c087800 JavaThread "Reference Handler" daemon [_thread_blocked, id=12236, stack(0x00007f29834f5000,0x00007f29835f6000)]
  0x00007f299c00a000 JavaThread "main" [_thread_blocked, id=12208, stack(0x00007f29a2db6000,0x00007f29a2eb7000)]

Other Threads:
=>0x00007f299c080000 VMThread [stack: 0x00007f29835f6000,0x00007f29836f7000] [id=12234]
  0x00007f299c0cd800 WatcherThread [stack: 0x00007f29828b5000,0x00007f29829b6000] [id=12249]

VM state:at safepoint (normal execution)

VM Mutex/Monitor currently owned by a thread:  ([mutex/lock_event])
[0x00007f299c006570] Threads_lock - owner thread: 0x00007f299c080000
[0x00007f299c006a70] Heap_lock - owner thread: 0x00007f299c161000

Heap:
 PSYoungGen      total 132096K, used 5109K [0x00000000eab00000, 0x00000000f3100000, 0x0000000100000000)
  eden space 126976K, 0% used [0x00000000eab00000,0x00000000eab00000,0x00000000f2700000)
  from space 5120K, 99% used [0x00000000f2700000,0x00000000f2bfd490,0x00000000f2c00000)
  to   space 5120K, 0% used [0x00000000f2c00000,0x00000000f2c00000,0x00000000f3100000)
 ParOldGen       total 84992K, used 41422K [0x00000000c0000000, 0x00000000c5300000, 0x00000000eab00000)
  object space 84992K, 48% used [0x00000000c0000000,0x00000000c2873988,0x00000000c5300000)
 Metaspace       used 6427K, capacity 7192K, committed 7424K, reserved 1056768K
  class space    used 617K, capacity 656K, committed 768K, reserved 1048576K

Card table byte_map: [0x00007f298c824000,0x00007f298ca25000] byte_map_base: 0x00007f298c224000

Marking Bits: (ParMarkBitMap*) 0x00007f29a228ad60
 Begin Bits: [0x00007f2989fc7000, 0x00007f298afc7000)
 End Bits:   [0x00007f298afc7000, 0x00007f298bfc7000)

Polling page: 0x00007f29a2eda000

CodeCache: size=245760Kb used=7783Kb max_used=7783Kb free=237976Kb
 bounds [0x00007f298cde5000, 0x00007f298d585000, 0x00007f299bde5000]
 total_blobs=2314 nmethods=2045 adapters=182
 compilation: enabled

Compilation events (10 events):
Event: 7,509 Thread 0x00007f299c0c7800 2199       2       sun.util.calendar.CalendarDate::setMillis (20 bytes)
Event: 7,509 Thread 0x00007f299c0c7800 nmethod 2199 0x00007f298d581e50 code [0x00007f298d581fa0, 0x00007f298d582110]
Event: 7,509 Thread 0x00007f299c0c7800 2200       2       java.util.TimeZone::getDefaultRef (32 bytes)
Event: 7,510 Thread 0x00007f299c0c7800 nmethod 2200 0x00007f298d582190 code [0x00007f298d582300, 0x00007f298d582468]
Event: 7,510 Thread 0x00007f299c0c7800 2201       2       java.util.Date::getTimeImpl (27 bytes)
Event: 7,510 Thread 0x00007f299c0c7800 nmethod 2201 0x00007f298d582510 code [0x00007f298d582680, 0x00007f298d582828]
Event: 7,523 Thread 0x00007f299c0c7800 2202       3       com.android.dx.ssa.back.FirstFitLocalCombiningAllocator::tryMapRegs (110 bytes)
Event: 7,524 Thread 0x00007f299c0c7800 nmethod 2202 0x00007f298d582910 code [0x00007f298d582b60, 0x00007f298d583898]
Event: 7,527 Thread 0x00007f299c0c7800 2203       2       com.android.dx.rop.code.SwitchInsn::withNewRegisters (22 bytes)
Event: 7,527 Thread 0x00007f299c0c7800 nmethod 2203 0x00007f298d584050 code [0x00007f298d5841c0, 0x00007f298d5843a8]

GC Heap History (9 events):
Event: 1,788 GC heap before
{Heap before GC invocations=1 (full 0):
 PSYoungGen      total 36864K, used 31744K [0x00000000eab00000, 0x00000000ed400000, 0x0000000100000000)
  eden space 31744K, 100% used [0x00000000eab00000,0x00000000eca00000,0x00000000eca00000)
  from space 5120K, 0% used [0x00000000ecf00000,0x00000000ecf00000,0x00000000ed400000)
  to   space 5120K, 0% used [0x00000000eca00000,0x00000000eca00000,0x00000000ecf00000)
 ParOldGen       total 84992K, used 0K [0x00000000c0000000, 0x00000000c5300000, 0x00000000eab00000)
  object space 84992K, 0% used [0x00000000c0000000,0x00000000c0000000,0x00000000c5300000)
 Metaspace       used 5738K, capacity 6704K, committed 6784K, reserved 1056768K
  class space    used 593K, capacity 616K, committed 640K, reserved 1048576K
Event: 1,857 GC heap after
Heap after GC invocations=1 (full 0):
 PSYoungGen      total 36864K, used 5107K [0x00000000eab00000, 0x00000000ef300000, 0x0000000100000000)
  eden space 31744K, 0% used [0x00000000eab00000,0x00000000eab00000,0x00000000eca00000)
  from space 5120K, 99% used [0x00000000eca00000,0x00000000ecefcee8,0x00000000ecf00000)
  to   space 5120K, 0% used [0x00000000eee00000,0x00000000eee00000,0x00000000ef300000)
 ParOldGen       total 84992K, used 353K [0x00000000c0000000, 0x00000000c5300000, 0x00000000eab00000)
  object space 84992K, 0% used [0x00000000c0000000,0x00000000c00584a8,0x00000000c5300000)
 Metaspace       used 5738K, capacity 6704K, committed 6784K, reserved 1056768K
  class space    used 593K, capacity 616K, committed 640K, reserved 1048576K
}
Event: 2,929 GC heap before
{Heap before GC invocations=2 (full 0):
 PSYoungGen      total 36864K, used 36851K [0x00000000eab00000, 0x00000000ef300000, 0x0000000100000000)
  eden space 31744K, 100% used [0x00000000eab00000,0x00000000eca00000,0x00000000eca00000)
  from space 5120K, 99% used [0x00000000eca00000,0x00000000ecefcee8,0x00000000ecf00000)
  to   space 5120K, 0% used [0x00000000eee00000,0x00000000eee00000,0x00000000ef300000)
 ParOldGen       total 84992K, used 353K [0x00000000c0000000, 0x00000000c5300000, 0x00000000eab00000)
  object space 84992K, 0% used [0x00000000c0000000,0x00000000c00584a8,0x00000000c5300000)
 Metaspace       used 5964K, capacity 6896K, committed 7040K, reserved 1056768K
  class space    used 595K, capacity 616K, committed 640K, reserved 1048576K
Event: 3,042 GC heap after
Heap after GC invocations=2 (full 0):
 PSYoungGen      total 68608K, used 5104K [0x00000000eab00000, 0x00000000ef300000, 0x0000000100000000)
  eden space 63488K, 0% used [0x00000000eab00000,0x00000000eab00000,0x00000000ee900000)
  from space 5120K, 99% used [0x00000000eee00000,0x00000000ef2fc280,0x00000000ef300000)
  to   space 5120K, 0% used [0x00000000ee900000,0x00000000ee900000,0x00000000eee00000)
 ParOldGen       total 84992K, used 3512K [0x00000000c0000000, 0x00000000c5300000, 0x00000000eab00000)
  object space 84992K, 4% used [0x00000000c0000000,0x00000000c036e250,0x00000000c5300000)
 Metaspace       used 5964K, capacity 6896K, committed 7040K, reserved 1056768K
  class space    used 595K, capacity 616K, committed 640K, reserved 1048576K
}
Event: 4,441 GC heap before
{Heap before GC invocations=3 (full 0):
 PSYoungGen      total 68608K, used 68592K [0x00000000eab00000, 0x00000000ef300000, 0x0000000100000000)
  eden space 63488K, 100% used [0x00000000eab00000,0x00000000ee900000,0x00000000ee900000)
  from space 5120K, 99% used [0x00000000eee00000,0x00000000ef2fc280,0x00000000ef300000)
  to   space 5120K, 0% used [0x00000000ee900000,0x00000000ee900000,0x00000000eee00000)
 ParOldGen       total 84992K, used 3512K [0x00000000c0000000, 0x00000000c5300000, 0x00000000eab00000)
  object space 84992K, 4% used [0x00000000c0000000,0x00000000c036e250,0x00000000c5300000)
 Metaspace       used 6085K, capacity 7024K, committed 7296K, reserved 1056768K
  class space    used 596K, capacity 616K, committed 640K, reserved 1048576K
Event: 4,512 GC heap after
Heap after GC invocations=3 (full 0):
 PSYoungGen      total 68608K, used 5103K [0x00000000eab00000, 0x00000000f3100000, 0x0000000100000000)
  eden space 63488K, 0% used [0x00000000eab00000,0x00000000eab00000,0x00000000ee900000)
  from space 5120K, 99% used [0x00000000ee900000,0x00000000eedfbda8,0x00000000eee00000)
  to   space 5120K, 0% used [0x00000000f2c00000,0x00000000f2c00000,0x00000000f3100000)
 ParOldGen       total 84992K, used 12337K [0x00000000c0000000, 0x00000000c5300000, 0x00000000eab00000)
  object space 84992K, 14% used [0x00000000c0000000,0x00000000c0c0c4a0,0x00000000c5300000)
 Metaspace       used 6085K, capacity 7024K, committed 7296K, reserved 1056768K
  class space    used 596K, capacity 616K, committed 640K, reserved 1048576K
}
Event: 5,163 GC heap before
{Heap before GC invocations=4 (full 0):
 PSYoungGen      total 68608K, used 68591K [0x00000000eab00000, 0x00000000f3100000, 0x0000000100000000)
  eden space 63488K, 100% used [0x00000000eab00000,0x00000000ee900000,0x00000000ee900000)
  from space 5120K, 99% used [0x00000000ee900000,0x00000000eedfbda8,0x00000000eee00000)
  to   space 5120K, 0% used [0x00000000f2c00000,0x00000000f2c00000,0x00000000f3100000)
 ParOldGen       total 84992K, used 12337K [0x00000000c0000000, 0x00000000c5300000, 0x00000000eab00000)
  object space 84992K, 14% used [0x00000000c0000000,0x00000000c0c0c4a0,0x00000000c5300000)
 Metaspace       used 6192K, capacity 7088K, committed 7296K, reserved 1056768K
  class space    used 596K, capacity 616K, committed 640K, reserved 1048576K
Event: 5,218 GC heap after
Heap after GC invocations=4 (full 0):
 PSYoungGen      total 132096K, used 5103K [0x00000000eab00000, 0x00000000f3100000, 0x0000000100000000)
  eden space 126976K, 0% used [0x00000000eab00000,0x00000000eab00000,0x00000000f2700000)
  from space 5120K, 99% used [0x00000000f2c00000,0x00000000f30fbc50,0x00000000f3100000)
  to   space 5120K, 0% used [0x00000000f2700000,0x00000000f2700000,0x00000000f2c00000)
 ParOldGen       total 84992K, used 21889K [0x00000000c0000000, 0x00000000c5300000, 0x00000000eab00000)
  object space 84992K, 25% used [0x00000000c0000000,0x00000000c15604f8,0x00000000c5300000)
 Metaspace       used 6192K, capacity 7088K, committed 7296K, reserved 1056768K
  class space    used 596K, capacity 616K, committed 640K, reserved 1048576K
}
Event: 7,535 GC heap before
{Heap before GC invocations=5 (full 0):
 PSYoungGen      total 132096K, used 132079K [0x00000000eab00000, 0x00000000f3100000, 0x0000000100000000)
  eden space 126976K, 100% used [0x00000000eab00000,0x00000000f2700000,0x00000000f2700000)
  from space 5120K, 99% used [0x00000000f2c00000,0x00000000f30fbc50,0x00000000f3100000)
  to   space 5120K, 0% used [0x00000000f2700000,0x00000000f2700000,0x00000000f2c00000)
 ParOldGen       total 84992K, used 21889K [0x00000000c0000000, 0x00000000c5300000, 0x00000000eab00000)
  object space 84992K, 25% used [0x00000000c0000000,0x00000000c15604f8,0x00000000c5300000)
 Metaspace       used 6427K, capacity 7192K, committed 7424K, reserved 1056768K
  class space    used 617K, capacity 656K, committed 768K, reserved 1048576K

Deoptimization events (10 events):
Event: 5,607 Thread 0x00007f299c15f800 Uncommon trap: reason=bimorphic action=maybe_recompile pc=0x00007f298d46e988 method=com.android.dx.rop.code.RegisterSpec.withSimpleType()Lcom/android/dx/rop/code/RegisterSpec; @ 21
Event: 5,607 Thread 0x00007f299c15f800 Uncommon trap: reason=bimorphic action=maybe_recompile pc=0x00007f298d46e988 method=com.android.dx.rop.code.RegisterSpec.withSimpleType()Lcom/android/dx/rop/code/RegisterSpec; @ 21
Event: 5,865 Thread 0x00007f299c161000 Uncommon trap: reason=bimorphic action=maybe_recompile pc=0x00007f298d31ca44 method=com.android.dx.cf.code.BytecodeArray.parseInstruction(ILcom/android/dx/cf/code/BytecodeArray$Visitor;)I @ 1161
Event: 5,865 Thread 0x00007f299c15e800 Uncommon trap: reason=bimorphic action=maybe_recompile pc=0x00007f298d31bcd4 method=com.android.dx.cf.code.BytecodeArray.parseInstruction(ILcom/android/dx/cf/code/BytecodeArray$Visitor;)I @ 1501
Event: 5,870 Thread 0x00007f299c161000 Uncommon trap: reason=bimorphic action=maybe_recompile pc=0x00007f298d31ca44 method=com.android.dx.cf.code.BytecodeArray.parseInstruction(ILcom/android/dx/cf/code/BytecodeArray$Visitor;)I @ 1161
Event: 7,149 Thread 0x00007f299c161000 Uncommon trap: reason=unstable_if action=reinterpret pc=0x00007f298d3b3b00 method=com.android.dx.ssa.MoveParamCombiner$1.visitNonMoveInsn(Lcom/android/dx/ssa/NormalSsaInsn;)V @ 27
Event: 7,322 Thread 0x00007f299c15f800 Uncommon trap: reason=unstable_if action=reinterpret pc=0x00007f298d567df8 method=com.android.dx.ssa.SsaRenamer$BlockRenamer.visitMoveInsn(Lcom/android/dx/ssa/NormalSsaInsn;)V @ 104
Event: 7,370 Thread 0x00007f299c161000 Uncommon trap: reason=bimorphic action=maybe_recompile pc=0x00007f298d4361bc method=com.android.dx.ssa.LiteralOpUpgrader.tryReplacingWithConstant(Lcom/android/dx/ssa/NormalSsaInsn;)Z @ 62
Event: 7,381 Thread 0x00007f299c161000 Uncommon trap: reason=bimorphic action=maybe_recompile pc=0x00007f298d4361bc method=com.android.dx.ssa.LiteralOpUpgrader.tryReplacingWithConstant(Lcom/android/dx/ssa/NormalSsaInsn;)Z @ 62
Event: 7,436 Thread 0x00007f299c161000 Uncommon trap: reason=unstable_if action=reinterpret pc=0x00007f298d048738 method=java.util.HashMap.putVal(ILjava/lang/Object;Ljava/lang/Object;ZZ)Ljava/lang/Object; @ 162

Internal exceptions (8 events):
Event: 0,111 Thread 0x00007f299c00a000 Exception <a 'java/lang/NoSuchMethodError': Method sun.misc.Unsafe.defineClass(Ljava/lang/String;[BII)Ljava/lang/Class; name or signature does not match> (0x00000000eab07cc0) thrown at [/HUDSON/workspace/8-2-build-linux-amd64/jdk8u91/6644/hotspot/src/shar
Event: 0,111 Thread 0x00007f299c00a000 Exception <a 'java/lang/NoSuchMethodError': Method sun.misc.Unsafe.prefetchRead(Ljava/lang/Object;J)V name or signature does not match> (0x00000000eab07fa8) thrown at [/HUDSON/workspace/8-2-build-linux-amd64/jdk8u91/6644/hotspot/src/share/vm/prims/jni.cpp
Event: 1,964 Thread 0x00007f299c15a800 Implicit null exception at 0x00007f298d043662 to 0x00007f298d04376d
Event: 5,305 Thread 0x00007f299c161000 Implicit null exception at 0x00007f298d44acf7 to 0x00007f298d44d801
Event: 5,421 Thread 0x00007f299c15a800 Implicit null exception at 0x00007f298d3f327e to 0x00007f298d3f4b3d
Event: 7,442 Thread 0x00007f299c161000 Exception <a 'java/lang/ArrayIndexOutOfBoundsException': 18> (0x00000000f1e81950) thrown at [/HUDSON/workspace/8-2-build-linux-amd64/jdk8u91/6644/hotspot/src/share/vm/interpreter/interpreterRuntime.cpp, line 366]
Event: 7,443 Thread 0x00007f299c161000 Exception <a 'java/lang/ArrayIndexOutOfBoundsException': 145> (0x00000000f1e834d0) thrown at [/HUDSON/workspace/8-2-build-linux-amd64/jdk8u91/6644/hotspot/src/share/vm/interpreter/interpreterRuntime.cpp, line 366]
Event: 7,444 Thread 0x00007f299c161000 Exception <a 'java/lang/ArrayIndexOutOfBoundsException'> (0x00000000f1e847b8) thrown at [/HUDSON/workspace/8-2-build-linux-amd64/jdk8u91/6644/hotspot/src/share/vm/runtime/sharedRuntime.cpp, line 605]

Events (10 events):
Event: 7,446 loading class sun/reflect/generics/reflectiveObjects/LazyReflectiveObjectGenerator
Event: 7,446 loading class sun/reflect/generics/reflectiveObjects/LazyReflectiveObjectGenerator done
Event: 7,446 loading class sun/reflect/generics/reflectiveObjects/TypeVariableImpl done
Event: 7,453 Thread 0x00007f299c15e800 DEOPT PACKING pc=0x00007f298d15e608 sp=0x00007f29826b0d00
Event: 7,453 Thread 0x00007f299c15e800 DEOPT UNPACKING pc=0x00007f298ce2c633 sp=0x00007f29826b0a88 mode 0
Event: 7,474 Thread 0x00007f299c15e800 DEOPT PACKING pc=0x00007f298d07bb47 sp=0x00007f29826b0bb0
Event: 7,474 Thread 0x00007f299c15e800 DEOPT UNPACKING pc=0x00007f298ce2c633 sp=0x00007f29826b0918 mode 0
Event: 7,516 Thread 0x00007f299c15a800 DEOPT PACKING pc=0x00007f298d15a32f sp=0x00007f29828b2e90
Event: 7,516 Thread 0x00007f299c15a800 DEOPT UNPACKING pc=0x00007f298ce2c633 sp=0x00007f29828b2c50 mode 0
Event: 7,534 Executing VM operation: ParallelGCFailedAllocation


Dynamic libraries:
00400000-00401000 r-xp 00000000 08:01 9839507                            /usr/lib/jvm/java-8-oracle/bin/java
00600000-00601000 rw-p 00000000 08:01 9839507                            /usr/lib/jvm/java-8-oracle/bin/java
00936000-00957000 rw-p 00000000 00:00 0                                  [heap]
c0000000-c5300000 rw-p 00000000 00:00 0 
c5300000-eab00000 ---p 00000000 00:00 0 
eab00000-f3100000 rw-p 00000000 00:00 0 
fd700000-100000000 ---p 00000000 00:00 0 
100000000-1000c0000 rw-p 00000000 00:00 0 
1000c0000-140000000 ---p 00000000 00:00 0 
7f2914000000-7f2914024000 rw-p 00000000 00:00 0 
7f2914024000-7f2918000000 ---p 00000000 00:00 0 
7f291c000000-7f291c04b000 rw-p 00000000 00:00 0 
7f291c04b000-7f2920000000 ---p 00000000 00:00 0 
7f2920000000-7f2920021000 rw-p 00000000 00:00 0 
7f2920021000-7f2924000000 ---p 00000000 00:00 0 
7f2924000000-7f292402b000 rw-p 00000000 00:00 0 
7f292402b000-7f2928000000 ---p 00000000 00:00 0 
7f2928000000-7f2928021000 rw-p 00000000 00:00 0 
7f2928021000-7f292c000000 ---p 00000000 00:00 0 
7f292c000000-7f292c021000 rw-p 00000000 00:00 0 
7f292c021000-7f2930000000 ---p 00000000 00:00 0 
7f2930000000-7f2930021000 rw-p 00000000 00:00 0 
7f2930021000-7f2934000000 ---p 00000000 00:00 0 
7f2934000000-7f2934cd3000 rw-p 00000000 00:00 0 
7f2934cd3000-7f2938000000 ---p 00000000 00:00 0 
7f2938000000-7f2938b7a000 rw-p 00000000 00:00 0 
7f2938b7a000-7f293c000000 ---p 00000000 00:00 0 
7f293c000000-7f293c7ed000 rw-p 00000000 00:00 0 
7f293c7ed000-7f2940000000 ---p 00000000 00:00 0 
7f2940000000-7f2940c76000 rw-p 00000000 00:00 0 
7f2940c76000-7f2944000000 ---p 00000000 00:00 0 
7f2944000000-7f2944021000 rw-p 00000000 00:00 0 
7f2944021000-7f2948000000 ---p 00000000 00:00 0 
7f2948000000-7f2948021000 rw-p 00000000 00:00 0 
7f2948021000-7f294c000000 ---p 00000000 00:00 0 
7f294c000000-7f294c28f000 rw-p 00000000 00:00 0 
7f294c28f000-7f2950000000 ---p 00000000 00:00 0 
7f2950000000-7f2950021000 rw-p 00000000 00:00 0 
7f2950021000-7f2954000000 ---p 00000000 00:00 0 
7f2954000000-7f2954021000 rw-p 00000000 00:00 0 
7f2954021000-7f2958000000 ---p 00000000 00:00 0 
7f2958000000-7f2958021000 rw-p 00000000 00:00 0 
7f2958021000-7f295c000000 ---p 00000000 00:00 0 
7f295c000000-7f295c021000 rw-p 00000000 00:00 0 
7f295c021000-7f2960000000 ---p 00000000 00:00 0 
7f2964000000-7f2964021000 rw-p 00000000 00:00 0 
7f2964021000-7f2968000000 ---p 00000000 00:00 0 
7f296c000000-7f296c021000 rw-p 00000000 00:00 0 
7f296c021000-7f2970000000 ---p 00000000 00:00 0 
7f2974000000-7f2974021000 rw-p 00000000 00:00 0 
7f2974021000-7f2978000000 ---p 00000000 00:00 0 
7f297c000000-7f297c021000 rw-p 00000000 00:00 0 
7f297c021000-7f2980000000 ---p 00000000 00:00 0 
7f29823b0000-7f29823b3000 ---p 00000000 00:00 0 
7f29823b3000-7f29824b1000 rw-p 00000000 00:00 0 
7f29824b1000-7f29824b4000 ---p 00000000 00:00 0 
7f29824b4000-7f29825b2000 rw-p 00000000 00:00 0 
7f29825b2000-7f29825b5000 ---p 00000000 00:00 0 
7f29825b5000-7f29826b3000 rw-p 00000000 00:00 0 
7f29826b3000-7f29826b6000 ---p 00000000 00:00 0 
7f29826b6000-7f29827b4000 rw-p 00000000 00:00 0 
7f29827b4000-7f29827b7000 ---p 00000000 00:00 0 
7f29827b7000-7f29828b5000 rw-p 00000000 00:00 0 
7f29828b5000-7f29828b6000 ---p 00000000 00:00 0 
7f29828b6000-7f29829b6000 rw-p 00000000 00:00 0 
7f29829b6000-7f29829b9000 ---p 00000000 00:00 0 
7f29829b9000-7f2982ab7000 rw-p 00000000 00:00 0 
7f2982ab7000-7f2982aba000 ---p 00000000 00:00 0 
7f2982aba000-7f2982bb8000 rw-p 00000000 00:00 0 
7f2982bb8000-7f2982bbb000 ---p 00000000 00:00 0 
7f2982bbb000-7f2982cb9000 rw-p 00000000 00:00 0 
7f2982cb9000-7f2982cbc000 ---p 00000000 00:00 0 
7f2982cbc000-7f2982dba000 rw-p 00000000 00:00 0 
7f2982dba000-7f2982dbd000 ---p 00000000 00:00 0 
7f2982dbd000-7f2982ebb000 rw-p 00000000 00:00 0 
7f2982ebb000-7f2982ebe000 ---p 00000000 00:00 0 
7f2982ebe000-7f2982fbc000 rw-p 00000000 00:00 0 
7f2982fbc000-7f29833f4000 r--p 00000000 08:01 9700768                    /usr/lib/locale/locale-archive
7f29833f4000-7f29833f7000 ---p 00000000 00:00 0 
7f29833f7000-7f29834f5000 rw-p 00000000 00:00 0 
7f29834f5000-7f29834f8000 ---p 00000000 00:00 0 
7f29834f8000-7f29835f6000 rw-p 00000000 00:00 0 
7f29835f6000-7f29835f7000 ---p 00000000 00:00 0 
7f29835f7000-7f2984000000 rw-p 00000000 00:00 0 
7f2984000000-7f2984021000 rw-p 00000000 00:00 0 
7f2984021000-7f2988000000 ---p 00000000 00:00 0 
7f2988037000-7f298803e000 r--s 00000000 08:01 10092992                   /usr/lib/x86_64-linux-gnu/gconv/gconv-modules.cache
7f298803e000-7f298805b000 r--p 00000000 08:01 11012338                   /usr/share/locale-langpack/tr/LC_MESSAGES/libc.mo
7f298805b000-7f2988070000 r--s 000e5000 08:01 5511645                    /home/oguz/AndroidStudioProjects/FomApplication/app/build/intermediates/exploded-aar/com.android.support/support-v4/23.1.1/jars/classes.jar
7f2988070000-7f298807f000 r--s 000df000 08:01 5246091                    /home/oguz/Android/Sdk/build-tools/23.0.3/lib/dx.jar
7f298807f000-7f2989378000 rw-p 00000000 00:00 0 
7f2989378000-7f2989551000 r--s 03d1f000 08:01 9967487                    /usr/lib/jvm/java-8-oracle/jre/lib/rt.jar
7f2989551000-7f2989c47000 rw-p 00000000 00:00 0 
7f2989c47000-7f2989dc7000 ---p 00000000 00:00 0 
7f2989dc7000-7f298bfc7000 rw-p 00000000 00:00 0 
7f298bfc7000-7f298bfc8000 ---p 00000000 00:00 0 
7f298bfc8000-7f298c0c8000 rw-p 00000000 00:00 0 
7f298c0c8000-7f298c0c9000 ---p 00000000 00:00 0 
7f298c0c9000-7f298c1c9000 rw-p 00000000 00:00 0 
7f298c1c9000-7f298c1ca000 ---p 00000000 00:00 0 
7f298c1ca000-7f298c2ca000 rw-p 00000000 00:00 0 
7f298c2ca000-7f298c2cb000 ---p 00000000 00:00 0 
7f298c2cb000-7f298c3cb000 rw-p 00000000 00:00 0 
7f298c3cb000-7f298c3cc000 ---p 00000000 00:00 0 
7f298c3cc000-7f298c4cc000 rw-p 00000000 00:00 0 
7f298c4cc000-7f298c4cd000 ---p 00000000 00:00 0 
7f298c4cd000-7f298c5cd000 rw-p 00000000 00:00 0 
7f298c5cd000-7f298c5ce000 ---p 00000000 00:00 0 
7f298c5ce000-7f298c6f8000 rw-p 00000000 00:00 0 
7f298c6f8000-7f298c824000 ---p 00000000 00:00 0 
7f298c824000-7f298c84e000 rw-p 00000000 00:00 0 
7f298c84e000-7f298c979000 ---p 00000000 00:00 0 
7f298c979000-7f298c9bd000 rw-p 00000000 00:00 0 
7f298c9bd000-7f298ca24000 ---p 00000000 00:00 0 
7f298ca24000-7f298ca44000 rw-p 00000000 00:00 0 
7f298ca44000-7f298cde5000 ---p 00000000 00:00 0 
7f298cde5000-7f298d585000 rwxp 00000000 00:00 0 
7f298d585000-7f299bde5000 ---p 00000000 00:00 0 
7f299bde5000-7f299bdff000 r-xp 00000000 08:01 10092954                   /usr/lib/jvm/java-8-oracle/jre/lib/amd64/libzip.so
7f299bdff000-7f299bfff000 ---p 0001a000 08:01 10092954                   /usr/lib/jvm/java-8-oracle/jre/lib/amd64/libzip.so
7f299bfff000-7f299c000000 rw-p 0001a000 08:01 10092954                   /usr/lib/jvm/java-8-oracle/jre/lib/amd64/libzip.so
7f299c000000-7f299c39a000 rw-p 00000000 00:00 0 
7f299c39a000-7f29a0000000 ---p 00000000 00:00 0 
7f29a0004000-7f29a0046000 rw-p 00000000 00:00 0 
7f29a0046000-7f29a0047000 ---p 00000000 00:00 0 
7f29a0047000-7f29a0147000 rw-p 00000000 00:00 0 
7f29a0147000-7f29a0152000 r-xp 00000000 08:01 7603299                    /lib/x86_64-linux-gnu/libnss_files-2.23.so
7f29a0152000-7f29a0351000 ---p 0000b000 08:01 7603299                    /lib/x86_64-linux-gnu/libnss_files-2.23.so
7f29a0351000-7f29a0352000 r--p 0000a000 08:01 7603299                    /lib/x86_64-linux-gnu/libnss_files-2.23.so
7f29a0352000-7f29a0353000 rw-p 0000b000 08:01 7603299                    /lib/x86_64-linux-gnu/libnss_files-2.23.so
7f29a0353000-7f29a0359000 rw-p 00000000 00:00 0 
7f29a0359000-7f29a0364000 r-xp 00000000 08:01 7603296                    /lib/x86_64-linux-gnu/libnss_nis-2.23.so
7f29a0364000-7f29a0563000 ---p 0000b000 08:01 7603296                    /lib/x86_64-linux-gnu/libnss_nis-2.23.so
7f29a0563000-7f29a0564000 r--p 0000a000 08:01 7603296                    /lib/x86_64-linux-gnu/libnss_nis-2.23.so
7f29a0564000-7f29a0565000 rw-p 0000b000 08:01 7603296                    /lib/x86_64-linux-gnu/libnss_nis-2.23.so
7f29a0565000-7f29a057b000 r-xp 00000000 08:01 7603294                    /lib/x86_64-linux-gnu/libnsl-2.23.so
7f29a057b000-7f29a077b000 ---p 00016000 08:01 7603294                    /lib/x86_64-linux-gnu/libnsl-2.23.so
7f29a077b000-7f29a077c000 r--p 00016000 08:01 7603294                    /lib/x86_64-linux-gnu/libnsl-2.23.so
7f29a077c000-7f29a077d000 rw-p 00017000 08:01 7603294                    /lib/x86_64-linux-gnu/libnsl-2.23.so
7f29a077d000-7f29a077f000 rw-p 00000000 00:00 0 
7f29a077f000-7f29a0787000 r-xp 00000000 08:01 7603292                    /lib/x86_64-linux-gnu/libnss_compat-2.23.so
7f29a0787000-7f29a0986000 ---p 00008000 08:01 7603292                    /lib/x86_64-linux-gnu/libnss_compat-2.23.so
7f29a0986000-7f29a0987000 r--p 00007000 08:01 7603292                    /lib/x86_64-linux-gnu/libnss_compat-2.23.so
7f29a0987000-7f29a0988000 rw-p 00008000 08:01 7603292                    /lib/x86_64-linux-gnu/libnss_compat-2.23.so
7f29a0988000-7f29a09b2000 r-xp 00000000 08:01 10092949                   /usr/lib/jvm/java-8-oracle/jre/lib/amd64/libjava.so
7f29a09b2000-7f29a0bb2000 ---p 0002a000 08:01 10092949                   /usr/lib/jvm/java-8-oracle/jre/lib/amd64/libjava.so
7f29a0bb2000-7f29a0bb4000 rw-p 0002a000 08:01 10092949                   /usr/lib/jvm/java-8-oracle/jre/lib/amd64/libjava.so
7f29a0bb4000-7f29a0bc1000 r-xp 00000000 08:01 10092953                   /usr/lib/jvm/java-8-oracle/jre/lib/amd64/libverify.so
7f29a0bc1000-7f29a0dc1000 ---p 0000d000 08:01 10092953                   /usr/lib/jvm/java-8-oracle/jre/lib/amd64/libverify.so
7f29a0dc1000-7f29a0dc3000 rw-p 0000d000 08:01 10092953                   /usr/lib/jvm/java-8-oracle/jre/lib/amd64/libverify.so
7f29a0dc3000-7f29a0dca000 r-xp 00000000 08:01 7603308                    /lib/x86_64-linux-gnu/librt-2.23.so
7f29a0dca000-7f29a0fc9000 ---p 00007000 08:01 7603308                    /lib/x86_64-linux-gnu/librt-2.23.so
7f29a0fc9000-7f29a0fca000 r--p 00006000 08:01 7603308                    /lib/x86_64-linux-gnu/librt-2.23.so
7f29a0fca000-7f29a0fcb000 rw-p 00007000 08:01 7603308                    /lib/x86_64-linux-gnu/librt-2.23.so
7f29a0fcb000-7f29a10d3000 r-xp 00000000 08:01 7603305                    /lib/x86_64-linux-gnu/libm-2.23.so
7f29a10d3000-7f29a12d2000 ---p 00108000 08:01 7603305                    /lib/x86_64-linux-gnu/libm-2.23.so
7f29a12d2000-7f29a12d3000 r--p 00107000 08:01 7603305                    /lib/x86_64-linux-gnu/libm-2.23.so
7f29a12d3000-7f29a12d4000 rw-p 00108000 08:01 7603305                    /lib/x86_64-linux-gnu/libm-2.23.so
7f29a12d4000-7f29a1f94000 r-xp 00000000 08:01 10092932                   /usr/lib/jvm/java-8-oracle/jre/lib/amd64/server/libjvm.so
7f29a1f94000-7f29a2194000 ---p 00cc0000 08:01 10092932                   /usr/lib/jvm/java-8-oracle/jre/lib/amd64/server/libjvm.so
7f29a2194000-7f29a226c000 rw-p 00cc0000 08:01 10092932                   /usr/lib/jvm/java-8-oracle/jre/lib/amd64/server/libjvm.so
7f29a226c000-7f29a22b7000 rw-p 00000000 00:00 0 
7f29a22b7000-7f29a2477000 r-xp 00000000 08:01 7603313                    /lib/x86_64-linux-gnu/libc-2.23.so
7f29a2477000-7f29a2677000 ---p 001c0000 08:01 7603313                    /lib/x86_64-linux-gnu/libc-2.23.so
7f29a2677000-7f29a267b000 r--p 001c0000 08:01 7603313                    /lib/x86_64-linux-gnu/libc-2.23.so
7f29a267b000-7f29a267d000 rw-p 001c4000 08:01 7603313                    /lib/x86_64-linux-gnu/libc-2.23.so
7f29a267d000-7f29a2681000 rw-p 00000000 00:00 0 
7f29a2681000-7f29a2684000 r-xp 00000000 08:01 7603314                    /lib/x86_64-linux-gnu/libdl-2.23.so
7f29a2684000-7f29a2883000 ---p 00003000 08:01 7603314                    /lib/x86_64-linux-gnu/libdl-2.23.so
7f29a2883000-7f29a2884000 r--p 00002000 08:01 7603314                    /lib/x86_64-linux-gnu/libdl-2.23.so
7f29a2884000-7f29a2885000 rw-p 00003000 08:01 7603314                    /lib/x86_64-linux-gnu/libdl-2.23.so
7f29a2885000-7f29a289a000 r-xp 00000000 08:01 9840182                    /usr/lib/jvm/java-8-oracle/lib/amd64/jli/libjli.so
7f29a289a000-7f29a2a9a000 ---p 00015000 08:01 9840182                    /usr/lib/jvm/java-8-oracle/lib/amd64/jli/libjli.so
7f29a2a9a000-7f29a2a9b000 rw-p 00015000 08:01 9840182                    /usr/lib/jvm/java-8-oracle/lib/amd64/jli/libjli.so
7f29a2a9b000-7f29a2ab3000 r-xp 00000000 08:01 7603312                    /lib/x86_64-linux-gnu/libpthread-2.23.so
7f29a2ab3000-7f29a2cb2000 ---p 00018000 08:01 7603312                    /lib/x86_64-linux-gnu/libpthread-2.23.so
7f29a2cb2000-7f29a2cb3000 r--p 00017000 08:01 7603312                    /lib/x86_64-linux-gnu/libpthread-2.23.so
7f29a2cb3000-7f29a2cb4000 rw-p 00018000 08:01 7603312                    /lib/x86_64-linux-gnu/libpthread-2.23.so
7f29a2cb4000-7f29a2cb8000 rw-p 00000000 00:00 0 
7f29a2cb8000-7f29a2cde000 r-xp 00000000 08:01 7603309                    /lib/x86_64-linux-gnu/ld-2.23.so
7f29a2ce4000-7f29a2db6000 rw-p 00000000 00:00 0 
7f29a2db6000-7f29a2db9000 ---p 00000000 00:00 0 
7f29a2db9000-7f29a2ebb000 rw-p 00000000 00:00 0 
7f29a2ebd000-7f29a2ed1000 rw-p 00000000 00:00 0 
7f29a2ed1000-7f29a2ed9000 rw-s 00000000 08:01 160940                     /tmp/hsperfdata_oguz/12206
7f29a2ed9000-7f29a2eda000 rw-p 00000000 00:00 0 
7f29a2eda000-7f29a2edb000 ---p 00000000 00:00 0 
7f29a2edb000-7f29a2edd000 rw-p 00000000 00:00 0 
7f29a2edd000-7f29a2ede000 r--p 00025000 08:01 7603309                    /lib/x86_64-linux-gnu/ld-2.23.so
7f29a2ede000-7f29a2edf000 rw-p 00026000 08:01 7603309                    /lib/x86_64-linux-gnu/ld-2.23.so
7f29a2edf000-7f29a2ee0000 rw-p 00000000 00:00 0 
7ffef9701000-7ffef9722000 rw-p 00000000 00:00 0                          [stack]
7ffef97e8000-7ffef97ea000 r--p 00000000 00:00 0                          [vvar]
7ffef97ea000-7ffef97ec000 r-xp 00000000 00:00 0                          [vdso]
ffffffffff600000-ffffffffff601000 r-xp 00000000 00:00 0                  [vsyscall]

VM Arguments:
jvm_args: -Djava.awt.headless=true -Xmx1024M -Dfile.encoding=UTF-8 -Duser.country=TR -Duser.language=tr -Duser.variant 
java_command: com.android.dx.command.Main --dex --force-jumbo --num-threads=4 --multi-dex --output /home/oguz/AndroidStudioProjects/FomApplication/app/build/intermediates/transforms/dex/debug/folders/1000/10/com.android.support-support-v4-23.1.1_62ec5c31f2c138a943bbffaf8c56c3379d32078a /home/oguz/AndroidStudioProjects/FomApplication/app/build/intermediates/exploded-aar/com.android.support/support-v4/23.1.1/jars/classes.jar
java_class_path (initial): /home/oguz/Android/Sdk/build-tools/23.0.3/lib/dx.jar
Launcher Type: SUN_STANDARD

Environment Variables:
PATH=/usr/local/sbin:/usr/local/bin:/usr/sbin:/usr/bin:/sbin:/bin:/usr/games:/usr/local/games:/snap/bin
LD_LIBRARY_PATH=/home/oguz/Masaüstü/Derleyiciler/android-studio/bin:
SHELL=/bin/bash
DISPLAY=:0

Signal Handlers:
SIGSEGV: [libjvm.so+0xabca10], sa_mask[0]=11111111011111111101111111111110, sa_flags=SA_RESTART|SA_SIGINFO
SIGBUS: [libjvm.so+0xabca10], sa_mask[0]=11111111011111111101111111111110, sa_flags=SA_RESTART|SA_SIGINFO
SIGFPE: [libjvm.so+0x919a20], sa_mask[0]=11111111011111111101111111111110, sa_flags=SA_RESTART|SA_SIGINFO
SIGPIPE: [libjvm.so+0x919a20], sa_mask[0]=11111111011111111101111111111110, sa_flags=SA_RESTART|SA_SIGINFO
SIGXFSZ: [libjvm.so+0x919a20], sa_mask[0]=11111111011111111101111111111110, sa_flags=SA_RESTART|SA_SIGINFO
SIGILL: [libjvm.so+0x919a20], sa_mask[0]=11111111011111111101111111111110, sa_flags=SA_RESTART|SA_SIGINFO
SIGUSR1: SIG_DFL, sa_mask[0]=00000000000000000000000000000000, sa_flags=none
SIGUSR2: [libjvm.so+0x91b050], sa_mask[0]=00100000000000000000000000000000, sa_flags=SA_RESTART|SA_SIGINFO
SIGHUP: [libjvm.so+0x91c450], sa_mask[0]=11111111011111111101111111111110, sa_flags=SA_RESTART|SA_SIGINFO
SIGINT: [libjvm.so+0x91c450], sa_mask[0]=11111111011111111101111111111110, sa_flags=SA_RESTART|SA_SIGINFO
SIGTERM: [libjvm.so+0x91c450], sa_mask[0]=11111111011111111101111111111110, sa_flags=SA_RESTART|SA_SIGINFO
SIGQUIT: [libjvm.so+0x91c450], sa_mask[0]=11111111011111111101111111111110, sa_flags=SA_RESTART|SA_SIGINFO


---------------  S Y S T E M  ---------------

OS:DISTRIB_ID=Ubuntu
DISTRIB_RELEASE=16.04
DISTRIB_CODENAME=xenial
DISTRIB_DESCRIPTION="Ubuntu Xenial Xerus (development branch)"

uname:Linux 4.4.0-22-generic #39-Ubuntu SMP Thu May 5 16:53:32 UTC 2016 x86_64
libc:glibc 2.23 NPTL 2.23 
rlimit: STACK 8192k, CORE 0k, NPROC 31498, NOFILE 65536, AS infinity
load average:14,27 4,11 1,94

/proc/meminfo:
MemTotal:        8101800 kB
MemFree:           88860 kB
MemAvailable:     177004 kB
Buffers:            1988 kB
Cached:           442884 kB
SwapCached:            0 kB
Active:          7374416 kB
Inactive:         405872 kB
Active(anon):    7363568 kB
Inactive(anon):   335684 kB
Active(file):      10848 kB
Inactive(file):    70188 kB
Unevictable:          88 kB
Mlocked:              88 kB
SwapTotal:             0 kB
SwapFree:              0 kB
Dirty:                 0 kB
Writeback:             0 kB
AnonPages:       7337612 kB
Mapped:           219528 kB
Shmem:            361956 kB
Slab:             103524 kB
SReclaimable:      49480 kB
SUnreclaim:        54044 kB
KernelStack:       20288 kB
PageTables:        61160 kB
NFS_Unstable:          0 kB
Bounce:                0 kB
WritebackTmp:          0 kB
CommitLimit:     4050900 kB
Committed_AS:   14179492 kB
VmallocTotal:   34359738367 kB
VmallocUsed:           0 kB
VmallocChunk:          0 kB
HardwareCorrupted:     0 kB
AnonHugePages:   4067328 kB
CmaTotal:              0 kB
CmaFree:               0 kB
HugePages_Total:       0
HugePages_Free:        0
HugePages_Rsvd:        0
HugePages_Surp:        0
Hugepagesize:       2048 kB
DirectMap4k:      176896 kB
DirectMap2M:     8138752 kB
DirectMap1G:     1048576 kB


CPU:total 8 (4 cores per cpu, 2 threads per core) family 6 model 60 stepping 3, cmov, cx8, fxsr, mmx, sse, sse2, sse3, ssse3, sse4.1, sse4.2, popcnt, avx, avx2, aes, clmul, erms, lzcnt, ht, tsc, tscinvbit, bmi1, bmi2

/proc/cpuinfo:
processor	: 0
vendor_id	: GenuineIntel
cpu family	: 6
model		: 60
model name	: Intel(R) Core(TM) i7-4700MQ CPU @ 2.40GHz
stepping	: 3
microcode	: 0x16
cpu MHz		: 3000.000
cache size	: 6144 KB
physical id	: 0
siblings	: 8
core id		: 0
cpu cores	: 4
apicid		: 0
initial apicid	: 0
fpu		: yes
fpu_exception	: yes
cpuid level	: 13
wp		: yes
flags		: fpu vme de pse tsc msr pae mce cx8 apic sep mtrr pge mca cmov pat pse36 clflush dts acpi mmx fxsr sse sse2 ss ht tm pbe syscall nx pdpe1gb rdtscp lm constant_tsc arch_perfmon pebs bts rep_good nopl xtopology nonstop_tsc aperfmperf eagerfpu pni pclmulqdq dtes64 monitor ds_cpl vmx est tm2 ssse3 sdbg fma cx16 xtpr pdcm pcid sse4_1 sse4_2 movbe popcnt tsc_deadline_timer aes xsave avx f16c rdrand lahf_lm abm epb tpr_shadow vnmi flexpriority ept vpid fsgsbase tsc_adjust bmi1 avx2 smep bmi2 erms invpcid xsaveopt dtherm ida arat pln pts
bugs		:
bogomips	: 4789.04
clflush size	: 64
cache_alignment	: 64
address sizes	: 39 bits physical, 48 bits virtual
power management:

processor	: 1
vendor_id	: GenuineIntel
cpu family	: 6
model		: 60
model name	: Intel(R) Core(TM) i7-4700MQ CPU @ 2.40GHz
stepping	: 3
microcode	: 0x16
cpu MHz		: 2999.906
cache size	: 6144 KB
physical id	: 0
siblings	: 8
core id		: 0
cpu cores	: 4
apicid		: 1
initial apicid	: 1
fpu		: yes
fpu_exception	: yes
cpuid level	: 13
wp		: yes
flags		: fpu vme de pse tsc msr pae mce cx8 apic sep mtrr pge mca cmov pat pse36 clflush dts acpi mmx fxsr sse sse2 ss ht tm pbe syscall nx pdpe1gb rdtscp lm constant_tsc arch_perfmon pebs bts rep_good nopl xtopology nonstop_tsc aperfmperf eagerfpu pni pclmulqdq dtes64 monitor ds_cpl vmx est tm2 ssse3 sdbg fma cx16 xtpr pdcm pcid sse4_1 sse4_2 movbe popcnt tsc_deadline_timer aes xsave avx f16c rdrand lahf_lm abm epb tpr_shadow vnmi flexpriority ept vpid fsgsbase tsc_adjust bmi1 avx2 smep bmi2 erms invpcid xsaveopt dtherm ida arat pln pts
bugs		:
bogomips	: 4789.04
clflush size	: 64
cache_alignment	: 64
address sizes	: 39 bits physical, 48 bits virtual
power management:

processor	: 2
vendor_id	: GenuineIntel
cpu family	: 6
model		: 60
model name	: Intel(R) Core(TM) i7-4700MQ CPU @ 2.40GHz
stepping	: 3
microcode	: 0x16
cpu MHz		: 3000.000
cache size	: 6144 KB
physical id	: 0
siblings	: 8
core id		: 1
cpu cores	: 4
apicid		: 2
initial apicid	: 2
fpu		: yes
fpu_exception	: yes
cpuid level	: 13
wp		: yes
flags		: fpu vme de pse tsc msr pae mce cx8 apic sep mtrr pge mca cmov pat pse36 clflush dts acpi mmx fxsr sse sse2 ss ht tm pbe syscall nx pdpe1gb rdtscp lm constant_tsc arch_perfmon pebs bts rep_good nopl xtopology nonstop_tsc aperfmperf eagerfpu pni pclmulqdq dtes64 monitor ds_cpl vmx est tm2 ssse3 sdbg fma cx16 xtpr pdcm pcid sse4_1 sse4_2 movbe popcnt tsc_deadline_timer aes xsave avx f16c rdrand lahf_lm abm epb tpr_shadow vnmi flexpriority ept vpid fsgsbase tsc_adjust bmi1 avx2 smep bmi2 erms invpcid xsaveopt dtherm ida arat pln pts
bugs		:
bogomips	: 4789.04
clflush size	: 64
cache_alignment	: 64
address sizes	: 39 bits physical, 48 bits virtual
power management:

processor	: 3
vendor_id	: GenuineIntel
cpu family	: 6
model		: 60
model name	: Intel(R) Core(TM) i7-4700MQ CPU @ 2.40GHz
stepping	: 3
microcode	: 0x16
cpu MHz		: 2999.906
cache size	: 6144 KB
physical id	: 0
siblings	: 8
core id		: 1
cpu cores	: 4
apicid		: 3
initial apicid	: 3
fpu		: yes
fpu_exception	: yes
cpuid level	: 13
wp		: yes
flags		: fpu vme de pse tsc msr pae mce cx8 apic sep mtrr pge mca cmov pat pse36 clflush dts acpi mmx fxsr sse sse2 ss ht tm pbe syscall nx pdpe1gb rdtscp lm constant_tsc arch_perfmon pebs bts rep_good nopl xtopology nonstop_tsc aperfmperf eagerfpu pni pclmulqdq dtes64 monitor ds_cpl vmx est tm2 ssse3 sdbg fma cx16 xtpr pdcm pcid sse4_1 sse4_2 movbe popcnt tsc_deadline_timer aes xsave avx f16c rdrand lahf_lm abm epb tpr_shadow vnmi flexpriority ept vpid fsgsbase tsc_adjust bmi1 avx2 smep bmi2 erms invpcid xsaveopt dtherm ida arat pln pts
bugs		:
bogomips	: 4789.04
clflush size	: 64
cache_alignment	: 64
address sizes	: 39 bits physical, 48 bits virtual
power management:

processor	: 4
vendor_id	: GenuineIntel
cpu family	: 6
model		: 60
model name	: Intel(R) Core(TM) i7-4700MQ CPU @ 2.40GHz
stepping	: 3
microcode	: 0x16
cpu MHz		: 3000.000
cache size	: 6144 KB
physical id	: 0
siblings	: 8
core id		: 2
cpu cores	: 4
apicid		: 4
initial apicid	: 4
fpu		: yes
fpu_exception	: yes
cpuid level	: 13
wp		: yes
flags		: fpu vme de pse tsc msr pae mce cx8 apic sep mtrr pge mca cmov pat pse36 clflush dts acpi mmx fxsr sse sse2 ss ht tm pbe syscall nx pdpe1gb rdtscp lm constant_tsc arch_perfmon pebs bts rep_good nopl xtopology nonstop_tsc aperfmperf eagerfpu pni pclmulqdq dtes64 monitor ds_cpl vmx est tm2 ssse3 sdbg fma cx16 xtpr pdcm pcid sse4_1 sse4_2 movbe popcnt tsc_deadline_timer aes xsave avx f16c rdrand lahf_lm abm epb tpr_shadow vnmi flexpriority ept vpid fsgsbase tsc_adjust bmi1 avx2 smep bmi2 erms invpcid xsaveopt dtherm ida arat pln pts
bugs		:
bogomips	: 4789.04
clflush size	: 64
cache_alignment	: 64
address sizes	: 39 bits physical, 48 bits virtual
power management:

processor	: 5
vendor_id	: GenuineIntel
cpu family	: 6
model		: 60
model name	: Intel(R) Core(TM) i7-4700MQ CPU @ 2.40GHz
stepping	: 3
microcode	: 0x16
cpu MHz		: 2999.906
cache size	: 6144 KB
physical id	: 0
siblings	: 8
core id		: 2
cpu cores	: 4
apicid		: 5
initial apicid	: 5
fpu		: yes
fpu_exception	: yes
cpuid level	: 13
wp		: yes
flags		: fpu vme de pse tsc msr pae mce cx8 apic sep mtrr pge mca cmov pat pse36 clflush dts acpi mmx fxsr sse sse2 ss ht tm pbe syscall nx pdpe1gb rdtscp lm constant_tsc arch_perfmon pebs bts rep_good nopl xtopology nonstop_tsc aperfmperf eagerfpu pni pclmulqdq dtes64 monitor ds_cpl vmx est tm2 ssse3 sdbg fma cx16 xtpr pdcm pcid sse4_1 sse4_2 movbe popcnt tsc_deadline_timer aes xsave avx f16c rdrand lahf_lm abm epb tpr_shadow vnmi flexpriority ept vpid fsgsbase tsc_adjust bmi1 avx2 smep bmi2 erms invpcid xsaveopt dtherm ida arat pln pts
bugs		:
bogomips	: 4789.04
clflush size	: 64
cache_alignment	: 64
address sizes	: 39 bits physical, 48 bits virtual
power management:

processor	: 6
vendor_id	: GenuineIntel
cpu family	: 6
model		: 60
model name	: Intel(R) Core(TM) i7-4700MQ CPU @ 2.40GHz
stepping	: 3
microcode	: 0x16
cpu MHz		: 2999.906
cache size	: 6144 KB
physical id	: 0
siblings	: 8
core id		: 3
cpu cores	: 4
apicid		: 6
initial apicid	: 6
fpu		: yes
fpu_exception	: yes
cpuid level	: 13
wp		: yes
flags		: fpu vme de pse tsc msr pae mce cx8 apic sep mtrr pge mca cmov pat pse36 clflush dts acpi mmx fxsr sse sse2 ss ht tm pbe syscall nx pdpe1gb rdtscp lm constant_tsc arch_perfmon pebs bts rep_good nopl xtopology nonstop_tsc aperfmperf eagerfpu pni pclmulqdq dtes64 monitor ds_cpl vmx est tm2 ssse3 sdbg fma cx16 xtpr pdcm pcid sse4_1 sse4_2 movbe popcnt tsc_deadline_timer aes xsave avx f16c rdrand lahf_lm abm epb tpr_shadow vnmi flexpriority ept vpid fsgsbase tsc_adjust bmi1 avx2 smep bmi2 erms invpcid xsaveopt dtherm ida arat pln pts
bugs		:
bogomips	: 4789.04
clflush size	: 64
cache_alignment	: 64
address sizes	: 39 bits physical, 48 bits virtual
power management:

processor	: 7
vendor_id	: GenuineIntel
cpu family	: 6
model		: 60
model name	: Intel(R) Core(TM) i7-4700MQ CPU @ 2.40GHz
stepping	: 3
microcode	: 0x16
cpu MHz		: 2999.906
cache size	: 6144 KB
physical id	: 0
siblings	: 8
core id		: 3
cpu cores	: 4
apicid		: 7
initial apicid	: 7
fpu		: yes
fpu_exception	: yes
cpuid level	: 13
wp		: yes
flags		: fpu vme de pse tsc msr pae mce cx8 apic sep mtrr pge mca cmov pat pse36 clflush dts acpi mmx fxsr sse sse2 ss ht tm pbe syscall nx pdpe1gb rdtscp lm constant_tsc arch_perfmon pebs bts rep_good nopl xtopology nonstop_tsc aperfmperf eagerfpu pni pclmulqdq dtes64 monitor ds_cpl vmx est tm2 ssse3 sdbg fma cx16 xtpr pdcm pcid sse4_1 sse4_2 movbe popcnt tsc_deadline_timer aes xsave avx f16c rdrand lahf_lm abm epb tpr_shadow vnmi flexpriority ept vpid fsgsbase tsc_adjust bmi1 avx2 smep bmi2 erms invpcid xsaveopt dtherm ida arat pln pts
bugs		:
bogomips	: 4789.04
clflush size	: 64
cache_alignment	: 64
address sizes	: 39 bits physical, 48 bits virtual
power management:



Memory: 4k page, physical 8101800k(88860k free), swap 0k(0k free)

vm_info: Java HotSpot(TM) 64-Bit Server VM (25.91-b14) for linux-amd64 JRE (1.8.0_91-b14), built on Apr  1 2016 00:57:21 by "java_re" with gcc 4.3.0 20080428 (Red Hat 4.3.0-8)

time: Sun Jul 17 13:51:12 2016
elapsed time: 13 seconds (0d 0h 0m 13s)

