#
# There is insufficient memory for the Java Runtime Environment to continue.
# Native memory allocation (mmap) failed to map 174063616 bytes for committing reserved memory.
# Possible reasons:
#   The system is out of physical RAM or swap space
#   In 32 bit mode, the process size limit was hit
# Possible solutions:
#   Reduce memory load on the system
#   Increase physical memory or swap space
#   Check if swap backing store is full
#   Use 64 bit Java on a 64 bit OS
#   Decrease Java heap size (-Xmx/-Xms)
#   Decrease number of Java threads
#   Decrease Java thread stack sizes (-Xss)
#   Set larger code cache with -XX:ReservedCodeCacheSize=
# This output file may be truncated or incomplete.
#
#  Out of Memory Error (os_linux.cpp:2627), pid=10563, tid=139832838354688
#
# JRE version: Java(TM) SE Runtime Environment (8.0_91-b14) (build 1.8.0_91-b14)
# Java VM: Java HotSpot(TM) 64-Bit Server VM (25.91-b14 mixed mode linux-amd64 compressed oops)
# Failed to write core dump. Core dumps have been disabled. To enable core dumping, try "ulimit -c unlimited" before starting Java again
#

---------------  T H R E A D  ---------------

Current thread (0x00007f2d90080000):  VMThread [stack: 0x00007f2d5e987000,0x00007f2d5ea88000] [id=10576]

Stack: [0x00007f2d5e987000,0x00007f2d5ea88000],  sp=0x00007f2d5ea861a0,  free space=1020k
Native frames: (J=compiled Java code, j=interpreted, Vv=VM code, C=native code)
V  [libjvm.so+0xabc18a]  VMError::report_and_die()+0x2ba
V  [libjvm.so+0x4fafeb]  report_vm_out_of_memory(char const*, int, unsigned long, VMErrorType, char const*)+0x8b
V  [libjvm.so+0x91cbb3]  os::Linux::commit_memory_impl(char*, unsigned long, bool)+0x103
V  [libjvm.so+0x91d109]  os::pd_commit_memory(char*, unsigned long, unsigned long, bool)+0x29
V  [libjvm.so+0x91740a]  os::commit_memory(char*, unsigned long, unsigned long, bool)+0x2a
V  [libjvm.so+0x98b033]  PSVirtualSpace::expand_by(unsigned long)+0x53
V  [libjvm.so+0x98c438]  PSYoungGen::resize_generation(unsigned long, unsigned long)+0xf8
V  [libjvm.so+0x98b592]  PSYoungGen::resize(unsigned long, unsigned long)+0x22
V  [libjvm.so+0x98886b]  PSScavenge::invoke_no_policy()+0xf3b
V  [libjvm.so+0x988ff1]  PSScavenge::invoke()+0x41
V  [libjvm.so+0x9408b0]  ParallelScavengeHeap::failed_mem_allocate(unsigned long)+0x70
V  [libjvm.so+0xabdba7]  VM_ParallelGCFailedAllocation::doit()+0x97
V  [libjvm.so+0xac55d5]  VM_Operation::evaluate()+0x55
V  [libjvm.so+0xac39aa]  VMThread::evaluate_operation(VM_Operation*)+0xba
V  [libjvm.so+0xac3d2e]  VMThread::loop()+0x1ce
V  [libjvm.so+0xac41a0]  VMThread::run()+0x70
V  [libjvm.so+0x91ef78]  java_start(Thread*)+0x108

VM_Operation (0x00007f2d5da30aa0): ParallelGCFailedAllocation, mode: safepoint, requested by thread 0x00007f2d90157800


---------------  P R O C E S S  ---------------

Java Threads: ( => current thread )
  0x00007f2d9015a000 JavaThread "pool-2-thread-4" [_thread_blocked, id=10607, stack(0x00007f2d5d730000,0x00007f2d5d831000)]
  0x00007f2d90158800 JavaThread "pool-2-thread-3" [_thread_blocked, id=10605, stack(0x00007f2d5d831000,0x00007f2d5d932000)]
  0x00007f2d90157800 JavaThread "pool-2-thread-2" [_thread_blocked, id=10602, stack(0x00007f2d5d932000,0x00007f2d5da33000)]
  0x00007f2d90152000 JavaThread "pool-3-thread-1" [_thread_blocked, id=10596, stack(0x00007f2d5da33000,0x00007f2d5db34000)]
  0x00007f2d9011a800 JavaThread "pool-2-thread-1" [_thread_blocked, id=10595, stack(0x00007f2d5db34000,0x00007f2d5dc35000)]
  0x00007f2d900cb800 JavaThread "Service Thread" daemon [_thread_blocked, id=10585, stack(0x00007f2d5dd47000,0x00007f2d5de48000)]
  0x00007f2d900c8800 JavaThread "C1 CompilerThread3" daemon [_thread_blocked, id=10584, stack(0x00007f2d5de48000,0x00007f2d5df49000)]
  0x00007f2d900c6800 JavaThread "C2 CompilerThread2" daemon [_thread_blocked, id=10583, stack(0x00007f2d5df49000,0x00007f2d5e04a000)]
  0x00007f2d900c5000 JavaThread "C2 CompilerThread1" daemon [_thread_blocked, id=10582, stack(0x00007f2d5e04a000,0x00007f2d5e14b000)]
  0x00007f2d900c2000 JavaThread "C2 CompilerThread0" daemon [_thread_blocked, id=10581, stack(0x00007f2d5e14b000,0x00007f2d5e24c000)]
  0x00007f2d900c0800 JavaThread "Signal Dispatcher" daemon [_thread_blocked, id=10580, stack(0x00007f2d5e24c000,0x00007f2d5e34d000)]
  0x00007f2d9008c800 JavaThread "Finalizer" daemon [_thread_blocked, id=10579, stack(0x00007f2d5e785000,0x00007f2d5e886000)]
  0x00007f2d90087800 JavaThread "Reference Handler" daemon [_thread_blocked, id=10578, stack(0x00007f2d5e886000,0x00007f2d5e987000)]
  0x00007f2d9000a000 JavaThread "main" [_thread_blocked, id=10566, stack(0x00007f2d960e9000,0x00007f2d961ea000)]

Other Threads:
=>0x00007f2d90080000 VMThread [stack: 0x00007f2d5e987000,0x00007f2d5ea88000] [id=10576]
  0x00007f2d900ce800 WatcherThread [stack: 0x00007f2d5dc46000,0x00007f2d5dd47000] [id=10586]

VM state:at safepoint (normal execution)

VM Mutex/Monitor currently owned by a thread:  ([mutex/lock_event])
[0x00007f2d90006570] Threads_lock - owner thread: 0x00007f2d90080000
[0x00007f2d90006a70] Heap_lock - owner thread: 0x00007f2d90157800

Heap:
 PSYoungGen      total 132096K, used 5102K [0x00000000eab00000, 0x00000000f3100000, 0x0000000100000000)
  eden space 126976K, 0% used [0x00000000eab00000,0x00000000eab00000,0x00000000f2700000)
  from space 5120K, 99% used [0x00000000f2700000,0x00000000f2bfba00,0x00000000f2c00000)
  to   space 5120K, 0% used [0x00000000f2c00000,0x00000000f2c00000,0x00000000f3100000)
 ParOldGen       total 84992K, used 43948K [0x00000000c0000000, 0x00000000c5300000, 0x00000000eab00000)
  object space 84992K, 51% used [0x00000000c0000000,0x00000000c2aeb0b8,0x00000000c5300000)
 Metaspace       used 6244K, capacity 7088K, committed 7296K, reserved 1056768K
  class space    used 591K, capacity 616K, committed 640K, reserved 1048576K

Card table byte_map: [0x00007f2d7fba8000,0x00007f2d7fda9000] byte_map_base: 0x00007f2d7f5a8000

Marking Bits: (ParMarkBitMap*) 0x00007f2d955bed60
 Begin Bits: [0x00007f2d7d24a000, 0x00007f2d7e24a000)
 End Bits:   [0x00007f2d7e24a000, 0x00007f2d7f24a000)

Polling page: 0x00007f2d9620e000

CodeCache: size=245760Kb used=6120Kb max_used=6120Kb free=239639Kb
 bounds [0x00007f2d80169000, 0x00007f2d80769000, 0x00007f2d8f169000]
 total_blobs=2070 nmethods=1803 adapters=181
 compilation: enabled

Compilation events (10 events):
Event: 3.536 Thread 0x00007f2d900c8800 1943       2       com.android.dx.dex.file.EncodedField::hashCode (8 bytes)
Event: 3.536 Thread 0x00007f2d900c8800 nmethod 1943 0x00007f2d80766cd0 code [0x00007f2d80766e60, 0x00007f2d80767088]
Event: 3.536 Thread 0x00007f2d900c8800 1944       2       com.android.dx.rop.cst.CstMemberRef::hashCode (19 bytes)
Event: 3.536 Thread 0x00007f2d900c8800 nmethod 1944 0x00007f2d807673d0 code [0x00007f2d80767560, 0x00007f2d80767788]
Event: 3.536 Thread 0x00007f2d900c8800 1945       2       com.android.dx.rop.cst.CstNat::hashCode (19 bytes)
Event: 3.536 Thread 0x00007f2d900c8800 nmethod 1945 0x00007f2d80767a50 code [0x00007f2d80767bc0, 0x00007f2d80767d98]
Event: 3.539 Thread 0x00007f2d900c8800 1947       2       java.util.concurrent.locks.AbstractQueuedSynchronizer::acquire (27 bytes)
Event: 3.540 Thread 0x00007f2d900c8800 nmethod 1947 0x00007f2d80767f10 code [0x00007f2d807680a0, 0x00007f2d807682b8]
Event: 3.540 Thread 0x00007f2d900c8800 1949       2       com.android.dx.rop.type.Type::<init> (8 bytes)
Event: 3.540 Thread 0x00007f2d900c8800 nmethod 1949 0x00007f2d80754350 code [0x00007f2d807544c0, 0x00007f2d80754648]

GC Heap History (9 events):
Event: 1.296 GC heap before
{Heap before GC invocations=1 (full 0):
 PSYoungGen      total 36864K, used 31744K [0x00000000eab00000, 0x00000000ed400000, 0x0000000100000000)
  eden space 31744K, 100% used [0x00000000eab00000,0x00000000eca00000,0x00000000eca00000)
  from space 5120K, 0% used [0x00000000ecf00000,0x00000000ecf00000,0x00000000ed400000)
  to   space 5120K, 0% used [0x00000000eca00000,0x00000000eca00000,0x00000000ecf00000)
 ParOldGen       total 84992K, used 0K [0x00000000c0000000, 0x00000000c5300000, 0x00000000eab00000)
  object space 84992K, 0% used [0x00000000c0000000,0x00000000c0000000,0x00000000c5300000)
 Metaspace       used 5748K, capacity 6768K, committed 7040K, reserved 1056768K
  class space    used 589K, capacity 616K, committed 640K, reserved 1048576K
Event: 1.322 GC heap after
Heap after GC invocations=1 (full 0):
 PSYoungGen      total 36864K, used 5095K [0x00000000eab00000, 0x00000000ef300000, 0x0000000100000000)
  eden space 31744K, 0% used [0x00000000eab00000,0x00000000eab00000,0x00000000eca00000)
  from space 5120K, 99% used [0x00000000eca00000,0x00000000ecef9fc0,0x00000000ecf00000)
  to   space 5120K, 0% used [0x00000000eee00000,0x00000000eee00000,0x00000000ef300000)
 ParOldGen       total 84992K, used 966K [0x00000000c0000000, 0x00000000c5300000, 0x00000000eab00000)
  object space 84992K, 1% used [0x00000000c0000000,0x00000000c00f1a50,0x00000000c5300000)
 Metaspace       used 5748K, capacity 6768K, committed 7040K, reserved 1056768K
  class space    used 589K, capacity 616K, committed 640K, reserved 1048576K
}
Event: 1.637 GC heap before
{Heap before GC invocations=2 (full 0):
 PSYoungGen      total 36864K, used 36839K [0x00000000eab00000, 0x00000000ef300000, 0x0000000100000000)
  eden space 31744K, 100% used [0x00000000eab00000,0x00000000eca00000,0x00000000eca00000)
  from space 5120K, 99% used [0x00000000eca00000,0x00000000ecef9fc0,0x00000000ecf00000)
  to   space 5120K, 0% used [0x00000000eee00000,0x00000000eee00000,0x00000000ef300000)
 ParOldGen       total 84992K, used 966K [0x00000000c0000000, 0x00000000c5300000, 0x00000000eab00000)
  object space 84992K, 1% used [0x00000000c0000000,0x00000000c00f1a50,0x00000000c5300000)
 Metaspace       used 5983K, capacity 6960K, committed 7040K, reserved 1056768K
  class space    used 590K, capacity 616K, committed 640K, reserved 1048576K
Event: 1.670 GC heap after
Heap after GC invocations=2 (full 0):
 PSYoungGen      total 68608K, used 5106K [0x00000000eab00000, 0x00000000ef300000, 0x0000000100000000)
  eden space 63488K, 0% used [0x00000000eab00000,0x00000000eab00000,0x00000000ee900000)
  from space 5120K, 99% used [0x00000000eee00000,0x00000000ef2fca70,0x00000000ef300000)
  to   space 5120K, 0% used [0x00000000ee900000,0x00000000ee900000,0x00000000eee00000)
 ParOldGen       total 84992K, used 5510K [0x00000000c0000000, 0x00000000c5300000, 0x00000000eab00000)
  object space 84992K, 6% used [0x00000000c0000000,0x00000000c0561a10,0x00000000c5300000)
 Metaspace       used 5983K, capacity 6960K, committed 7040K, reserved 1056768K
  class space    used 590K, capacity 616K, committed 640K, reserved 1048576K
}
Event: 2.139 GC heap before
{Heap before GC invocations=3 (full 0):
 PSYoungGen      total 68608K, used 68594K [0x00000000eab00000, 0x00000000ef300000, 0x0000000100000000)
  eden space 63488K, 100% used [0x00000000eab00000,0x00000000ee900000,0x00000000ee900000)
  from space 5120K, 99% used [0x00000000eee00000,0x00000000ef2fca70,0x00000000ef300000)
  to   space 5120K, 0% used [0x00000000ee900000,0x00000000ee900000,0x00000000eee00000)
 ParOldGen       total 84992K, used 5510K [0x00000000c0000000, 0x00000000c5300000, 0x00000000eab00000)
  object space 84992K, 6% used [0x00000000c0000000,0x00000000c0561a10,0x00000000c5300000)
 Metaspace       used 6030K, capacity 6960K, committed 7040K, reserved 1056768K
  class space    used 591K, capacity 616K, committed 640K, reserved 1048576K
Event: 2.218 GC heap after
Heap after GC invocations=3 (full 0):
 PSYoungGen      total 68608K, used 5108K [0x00000000eab00000, 0x00000000f3100000, 0x0000000100000000)
  eden space 63488K, 0% used [0x00000000eab00000,0x00000000eab00000,0x00000000ee900000)
  from space 5120K, 99% used [0x00000000ee900000,0x00000000eedfd130,0x00000000eee00000)
  to   space 5120K, 0% used [0x00000000f2c00000,0x00000000f2c00000,0x00000000f3100000)
 ParOldGen       total 84992K, used 14784K [0x00000000c0000000, 0x00000000c5300000, 0x00000000eab00000)
  object space 84992K, 17% used [0x00000000c0000000,0x00000000c0e702c8,0x00000000c5300000)
 Metaspace       used 6030K, capacity 6960K, committed 7040K, reserved 1056768K
  class space    used 591K, capacity 616K, committed 640K, reserved 1048576K
}
Event: 2.601 GC heap before
{Heap before GC invocations=4 (full 0):
 PSYoungGen      total 68608K, used 68596K [0x00000000eab00000, 0x00000000f3100000, 0x0000000100000000)
  eden space 63488K, 100% used [0x00000000eab00000,0x00000000ee900000,0x00000000ee900000)
  from space 5120K, 99% used [0x00000000ee900000,0x00000000eedfd130,0x00000000eee00000)
  to   space 5120K, 0% used [0x00000000f2c00000,0x00000000f2c00000,0x00000000f3100000)
 ParOldGen       total 84992K, used 14784K [0x00000000c0000000, 0x00000000c5300000, 0x00000000eab00000)
  object space 84992K, 17% used [0x00000000c0000000,0x00000000c0e702c8,0x00000000c5300000)
 Metaspace       used 6095K, capacity 7024K, committed 7296K, reserved 1056768K
  class space    used 591K, capacity 616K, committed 640K, reserved 1048576K
Event: 2.671 GC heap after
Heap after GC invocations=4 (full 0):
 PSYoungGen      total 132096K, used 5100K [0x00000000eab00000, 0x00000000f3100000, 0x0000000100000000)
  eden space 126976K, 0% used [0x00000000eab00000,0x00000000eab00000,0x00000000f2700000)
  from space 5120K, 99% used [0x00000000f2c00000,0x00000000f30fb130,0x00000000f3100000)
  to   space 5120K, 0% used [0x00000000f2700000,0x00000000f2700000,0x00000000f2c00000)
 ParOldGen       total 84992K, used 24337K [0x00000000c0000000, 0x00000000c5300000, 0x00000000eab00000)
  object space 84992K, 28% used [0x00000000c0000000,0x00000000c17c44d0,0x00000000c5300000)
 Metaspace       used 6095K, capacity 7024K, committed 7296K, reserved 1056768K
  class space    used 591K, capacity 616K, committed 640K, reserved 1048576K
}
Event: 3.570 GC heap before
{Heap before GC invocations=5 (full 0):
 PSYoungGen      total 132096K, used 132076K [0x00000000eab00000, 0x00000000f3100000, 0x0000000100000000)
  eden space 126976K, 100% used [0x00000000eab00000,0x00000000f2700000,0x00000000f2700000)
  from space 5120K, 99% used [0x00000000f2c00000,0x00000000f30fb130,0x00000000f3100000)
  to   space 5120K, 0% used [0x00000000f2700000,0x00000000f2700000,0x00000000f2c00000)
 ParOldGen       total 84992K, used 24337K [0x00000000c0000000, 0x00000000c5300000, 0x00000000eab00000)
  object space 84992K, 28% used [0x00000000c0000000,0x00000000c17c44d0,0x00000000c5300000)
 Metaspace       used 6244K, capacity 7088K, committed 7296K, reserved 1056768K
  class space    used 591K, capacity 616K, committed 640K, reserved 1048576K

Deoptimization events (10 events):
Event: 1.694 Thread 0x00007f2d9015a000 Uncommon trap: reason=unstable_if action=reinterpret pc=0x00007f2d80513de0 method=java.util.BitSet.clone()Ljava/lang/Object; @ 4
Event: 2.242 Thread 0x00007f2d9000a000 Uncommon trap: reason=unstable_if action=reinterpret pc=0x00007f2d80407dc4 method=com.android.dx.util.IntList.binarysearch(I)I @ 105
Event: 2.795 Thread 0x00007f2d90157800 Uncommon trap: reason=bimorphic action=maybe_recompile pc=0x00007f2d803b0fd4 method=java.util.HashMap.getNode(ILjava/lang/Object;)Ljava/util/HashMap$Node; @ 126
Event: 2.795 Thread 0x00007f2d90157800 Uncommon trap: reason=bimorphic action=maybe_recompile pc=0x00007f2d803b0fd4 method=java.util.HashMap.getNode(ILjava/lang/Object;)Ljava/util/HashMap$Node; @ 126
Event: 2.795 Thread 0x00007f2d90157800 Uncommon trap: reason=bimorphic action=maybe_recompile pc=0x00007f2d8035fc28 method=java.util.HashMap.getNode(ILjava/lang/Object;)Ljava/util/HashMap$Node; @ 126
Event: 2.795 Thread 0x00007f2d90157800 Uncommon trap: reason=bimorphic action=maybe_recompile pc=0x00007f2d8035fc28 method=java.util.HashMap.getNode(ILjava/lang/Object;)Ljava/util/HashMap$Node; @ 126
Event: 2.795 Thread 0x00007f2d90157800 Uncommon trap: reason=bimorphic action=maybe_recompile pc=0x00007f2d803b0fd4 method=java.util.HashMap.getNode(ILjava/lang/Object;)Ljava/util/HashMap$Node; @ 126
Event: 2.998 Thread 0x00007f2d9015a000 Uncommon trap: reason=bimorphic action=maybe_recompile pc=0x00007f2d806e993c method=com.android.dx.cf.code.BytecodeArray.parseInstruction(ILcom/android/dx/cf/code/BytecodeArray$Visitor;)I @ 1130
Event: 2.998 Thread 0x00007f2d9015a000 Uncommon trap: reason=bimorphic action=maybe_recompile pc=0x00007f2d806e993c method=com.android.dx.cf.code.BytecodeArray.parseInstruction(ILcom/android/dx/cf/code/BytecodeArray$Visitor;)I @ 1130
Event: 2.998 Thread 0x00007f2d9015a000 Uncommon trap: reason=unstable_if action=reinterpret pc=0x00007f2d805888ac method=com.android.dx.ssa.LiteralOpUpgrader$1.visitNonMoveInsn(Lcom/android/dx/ssa/NormalSsaInsn;)V @ 176

Internal exceptions (2 events):
Event: 0.123 Thread 0x00007f2d9000a000 Exception <a 'java/lang/NoSuchMethodError': Method sun.misc.Unsafe.defineClass(Ljava/lang/String;[BII)Ljava/lang/Class; name or signature does not match> (0x00000000eab07cc0) thrown at [/HUDSON/workspace/8-2-build-linux-amd64/jdk8u91/6644/hotspot/src/shar
Event: 0.123 Thread 0x00007f2d9000a000 Exception <a 'java/lang/NoSuchMethodError': Method sun.misc.Unsafe.prefetchRead(Ljava/lang/Object;J)V name or signature does not match> (0x00000000eab07fa8) thrown at [/HUDSON/workspace/8-2-build-linux-amd64/jdk8u91/6644/hotspot/src/share/vm/prims/jni.cpp

Events (10 events):
Event: 3.316 Thread 0x00007f2d9011a800 DEOPT UNPACKING pc=0x00007f2d801b0633 sp=0x00007f2d5dc32ca0 mode 0
Event: 3.345 Thread 0x00007f2d9015a000 DEOPT PACKING pc=0x00007f2d8052ea2c sp=0x00007f2d5d82ed80
Event: 3.345 Thread 0x00007f2d9015a000 DEOPT UNPACKING pc=0x00007f2d801b0633 sp=0x00007f2d5d82ea80 mode 0
Event: 3.484 Thread 0x00007f2d90158800 DEOPT PACKING pc=0x00007f2d8052ea2c sp=0x00007f2d5d92fe50
Event: 3.484 Thread 0x00007f2d90158800 DEOPT UNPACKING pc=0x00007f2d801b0633 sp=0x00007f2d5d92fb50 mode 0
Event: 3.507 Thread 0x00007f2d90158800 DEOPT PACKING pc=0x00007f2d805921e8 sp=0x00007f2d5d92fa40
Event: 3.507 Thread 0x00007f2d90158800 DEOPT UNPACKING pc=0x00007f2d801b0633 sp=0x00007f2d5d92f770 mode 0
Event: 3.547 Thread 0x00007f2d90158800 DEOPT PACKING pc=0x00007f2d8051522b sp=0x00007f2d5d92fcf0
Event: 3.547 Thread 0x00007f2d90158800 DEOPT UNPACKING pc=0x00007f2d801b0633 sp=0x00007f2d5d92fa30 mode 0
Event: 3.559 Executing VM operation: ParallelGCFailedAllocation


Dynamic libraries:
00400000-00401000 r-xp 00000000 08:01 9839507                            /usr/lib/jvm/java-8-oracle/bin/java
00600000-00601000 rw-p 00000000 08:01 9839507                            /usr/lib/jvm/java-8-oracle/bin/java
02579000-0259a000 rw-p 00000000 00:00 0                                  [heap]
c0000000-c5300000 rw-p 00000000 00:00 0 
c5300000-eab00000 ---p 00000000 00:00 0 
eab00000-f3100000 rw-p 00000000 00:00 0 
fd700000-100000000 ---p 00000000 00:00 0 
100000000-1000a0000 rw-p 00000000 00:00 0 
1000a0000-140000000 ---p 00000000 00:00 0 
7f2d1c000000-7f2d1c021000 rw-p 00000000 00:00 0 
7f2d1c021000-7f2d20000000 ---p 00000000 00:00 0 
7f2d20000000-7f2d20029000 rw-p 00000000 00:00 0 
7f2d20029000-7f2d24000000 ---p 00000000 00:00 0 
7f2d24000000-7f2d24021000 rw-p 00000000 00:00 0 
7f2d24021000-7f2d28000000 ---p 00000000 00:00 0 
7f2d28000000-7f2d28022000 rw-p 00000000 00:00 0 
7f2d28022000-7f2d2c000000 ---p 00000000 00:00 0 
7f2d2c000000-7f2d2c021000 rw-p 00000000 00:00 0 
7f2d2c021000-7f2d30000000 ---p 00000000 00:00 0 
7f2d30000000-7f2d30048000 rw-p 00000000 00:00 0 
7f2d30048000-7f2d34000000 ---p 00000000 00:00 0 
7f2d34000000-7f2d34683000 rw-p 00000000 00:00 0 
7f2d34683000-7f2d38000000 ---p 00000000 00:00 0 
7f2d38000000-7f2d38021000 rw-p 00000000 00:00 0 
7f2d38021000-7f2d3c000000 ---p 00000000 00:00 0 
7f2d3c000000-7f2d3ca44000 rw-p 00000000 00:00 0 
7f2d3ca44000-7f2d40000000 ---p 00000000 00:00 0 
7f2d40000000-7f2d4066a000 rw-p 00000000 00:00 0 
7f2d4066a000-7f2d44000000 ---p 00000000 00:00 0 
7f2d44000000-7f2d44021000 rw-p 00000000 00:00 0 
7f2d44021000-7f2d48000000 ---p 00000000 00:00 0 
7f2d48000000-7f2d486c9000 rw-p 00000000 00:00 0 
7f2d486c9000-7f2d4c000000 ---p 00000000 00:00 0 
7f2d4c000000-7f2d4c021000 rw-p 00000000 00:00 0 
7f2d4c021000-7f2d50000000 ---p 00000000 00:00 0 
7f2d50000000-7f2d50021000 rw-p 00000000 00:00 0 
7f2d50021000-7f2d54000000 ---p 00000000 00:00 0 
7f2d54000000-7f2d54295000 rw-p 00000000 00:00 0 
7f2d54295000-7f2d58000000 ---p 00000000 00:00 0 
7f2d58000000-7f2d58021000 rw-p 00000000 00:00 0 
7f2d58021000-7f2d5c000000 ---p 00000000 00:00 0 
7f2d5d730000-7f2d5d733000 ---p 00000000 00:00 0 
7f2d5d733000-7f2d5d831000 rw-p 00000000 00:00 0 
7f2d5d831000-7f2d5d834000 ---p 00000000 00:00 0 
7f2d5d834000-7f2d5d932000 rw-p 00000000 00:00 0 
7f2d5d932000-7f2d5d935000 ---p 00000000 00:00 0 
7f2d5d935000-7f2d5da33000 rw-p 00000000 00:00 0 
7f2d5da33000-7f2d5da36000 ---p 00000000 00:00 0 
7f2d5da36000-7f2d5db34000 rw-p 00000000 00:00 0 
7f2d5db34000-7f2d5db37000 ---p 00000000 00:00 0 
7f2d5db37000-7f2d5dc35000 rw-p 00000000 00:00 0 
7f2d5dc35000-7f2d5dc46000 r--s 000cf000 08:01 159889                     /home/oguz/.gradle/caches/modules-2/files-2.1/com.fasterxml.jackson.core/jackson-databind/2.3.2/c75edc740a6d8cb1cef6fa82fa594e0bce561916/jackson-databind-2.3.2.jar
7f2d5dc46000-7f2d5dc47000 ---p 00000000 00:00 0 
7f2d5dc47000-7f2d5dd47000 rw-p 00000000 00:00 0 
7f2d5dd47000-7f2d5dd4a000 ---p 00000000 00:00 0 
7f2d5dd4a000-7f2d5de48000 rw-p 00000000 00:00 0 
7f2d5de48000-7f2d5de4b000 ---p 00000000 00:00 0 
7f2d5de4b000-7f2d5df49000 rw-p 00000000 00:00 0 
7f2d5df49000-7f2d5df4c000 ---p 00000000 00:00 0 
7f2d5df4c000-7f2d5e04a000 rw-p 00000000 00:00 0 
7f2d5e04a000-7f2d5e04d000 ---p 00000000 00:00 0 
7f2d5e04d000-7f2d5e14b000 rw-p 00000000 00:00 0 
7f2d5e14b000-7f2d5e14e000 ---p 00000000 00:00 0 
7f2d5e14e000-7f2d5e24c000 rw-p 00000000 00:00 0 
7f2d5e24c000-7f2d5e24f000 ---p 00000000 00:00 0 
7f2d5e24f000-7f2d5e34d000 rw-p 00000000 00:00 0 
7f2d5e34d000-7f2d5e785000 r--p 00000000 08:01 9700768                    /usr/lib/locale/locale-archive
7f2d5e785000-7f2d5e788000 ---p 00000000 00:00 0 
7f2d5e788000-7f2d5e886000 rw-p 00000000 00:00 0 
7f2d5e886000-7f2d5e889000 ---p 00000000 00:00 0 
7f2d5e889000-7f2d5e987000 rw-p 00000000 00:00 0 
7f2d5e987000-7f2d5e988000 ---p 00000000 00:00 0 
7f2d5e988000-7f2d60000000 rw-p 00000000 00:00 0 
7f2d60000000-7f2d60021000 rw-p 00000000 00:00 0 
7f2d60021000-7f2d64000000 ---p 00000000 00:00 0 
7f2d64000000-7f2d64021000 rw-p 00000000 00:00 0 
7f2d64021000-7f2d68000000 ---p 00000000 00:00 0 
7f2d68000000-7f2d68021000 rw-p 00000000 00:00 0 
7f2d68021000-7f2d6c000000 ---p 00000000 00:00 0 
7f2d6c000000-7f2d6c021000 rw-p 00000000 00:00 0 
7f2d6c021000-7f2d70000000 ---p 00000000 00:00 0 
7f2d70000000-7f2d70021000 rw-p 00000000 00:00 0 
7f2d70021000-7f2d74000000 ---p 00000000 00:00 0 
7f2d74000000-7f2d74021000 rw-p 00000000 00:00 0 
7f2d74021000-7f2d78000000 ---p 00000000 00:00 0 
7f2d78000000-7f2d78021000 rw-p 00000000 00:00 0 
7f2d78021000-7f2d7c000000 ---p 00000000 00:00 0 
7f2d7c008000-7f2d7c671000 rw-p 00000000 00:00 0 
7f2d7c671000-7f2d7c84a000 r--s 03d1f000 08:01 9967487                    /usr/lib/jvm/java-8-oracle/jre/lib/rt.jar
7f2d7c84a000-7f2d7ceca000 rw-p 00000000 00:00 0 
7f2d7ceca000-7f2d7d04a000 ---p 00000000 00:00 0 
7f2d7d04a000-7f2d7f24a000 rw-p 00000000 00:00 0 
7f2d7f24a000-7f2d7f24b000 ---p 00000000 00:00 0 
7f2d7f24b000-7f2d7f34b000 rw-p 00000000 00:00 0 
7f2d7f34b000-7f2d7f34c000 ---p 00000000 00:00 0 
7f2d7f34c000-7f2d7f44c000 rw-p 00000000 00:00 0 
7f2d7f44c000-7f2d7f44d000 ---p 00000000 00:00 0 
7f2d7f44d000-7f2d7f54d000 rw-p 00000000 00:00 0 
7f2d7f54d000-7f2d7f54e000 ---p 00000000 00:00 0 
7f2d7f54e000-7f2d7f64e000 rw-p 00000000 00:00 0 
7f2d7f64e000-7f2d7f64f000 ---p 00000000 00:00 0 
7f2d7f64f000-7f2d7f74f000 rw-p 00000000 00:00 0 
7f2d7f74f000-7f2d7f750000 ---p 00000000 00:00 0 
7f2d7f750000-7f2d7f850000 rw-p 00000000 00:00 0 
7f2d7f850000-7f2d7f851000 ---p 00000000 00:00 0 
7f2d7f851000-7f2d7f951000 rw-p 00000000 00:00 0 
7f2d7f951000-7f2d7f952000 ---p 00000000 00:00 0 
7f2d7f952000-7f2d7fa7c000 rw-p 00000000 00:00 0 
7f2d7fa7c000-7f2d7fba8000 ---p 00000000 00:00 0 
7f2d7fba8000-7f2d7fbd2000 rw-p 00000000 00:00 0 
7f2d7fbd2000-7f2d7fcfd000 ---p 00000000 00:00 0 
7f2d7fcfd000-7f2d7fd41000 rw-p 00000000 00:00 0 
7f2d7fd41000-7f2d7fda8000 ---p 00000000 00:00 0 
7f2d7fda8000-7f2d7fdc1000 rw-p 00000000 00:00 0 
7f2d7fdc1000-7f2d80169000 ---p 00000000 00:00 0 
7f2d80169000-7f2d80769000 rwxp 00000000 00:00 0 
7f2d80769000-7f2d8f169000 ---p 00000000 00:00 0 
7f2d8f169000-7f2d8f183000 r-xp 00000000 08:01 10092954                   /usr/lib/jvm/java-8-oracle/jre/lib/amd64/libzip.so
7f2d8f183000-7f2d8f383000 ---p 0001a000 08:01 10092954                   /usr/lib/jvm/java-8-oracle/jre/lib/amd64/libzip.so
7f2d8f383000-7f2d8f384000 rw-p 0001a000 08:01 10092954                   /usr/lib/jvm/java-8-oracle/jre/lib/amd64/libzip.so
7f2d8f384000-7f2d8f38f000 r-xp 00000000 08:01 7603299                    /lib/x86_64-linux-gnu/libnss_files-2.23.so
7f2d8f38f000-7f2d8f58e000 ---p 0000b000 08:01 7603299                    /lib/x86_64-linux-gnu/libnss_files-2.23.so
7f2d8f58e000-7f2d8f58f000 r--p 0000a000 08:01 7603299                    /lib/x86_64-linux-gnu/libnss_files-2.23.so
7f2d8f58f000-7f2d8f590000 rw-p 0000b000 08:01 7603299                    /lib/x86_64-linux-gnu/libnss_files-2.23.so
7f2d8f590000-7f2d8f596000 rw-p 00000000 00:00 0 
7f2d8f596000-7f2d8f5a1000 r-xp 00000000 08:01 7603296                    /lib/x86_64-linux-gnu/libnss_nis-2.23.so
7f2d8f5a1000-7f2d8f7a0000 ---p 0000b000 08:01 7603296                    /lib/x86_64-linux-gnu/libnss_nis-2.23.so
7f2d8f7a0000-7f2d8f7a1000 r--p 0000a000 08:01 7603296                    /lib/x86_64-linux-gnu/libnss_nis-2.23.so
7f2d8f7a1000-7f2d8f7a2000 rw-p 0000b000 08:01 7603296                    /lib/x86_64-linux-gnu/libnss_nis-2.23.so
7f2d8f7a2000-7f2d8f7b8000 r-xp 00000000 08:01 7603294                    /lib/x86_64-linux-gnu/libnsl-2.23.so
7f2d8f7b8000-7f2d8f9b8000 ---p 00016000 08:01 7603294                    /lib/x86_64-linux-gnu/libnsl-2.23.so
7f2d8f9b8000-7f2d8f9b9000 r--p 00016000 08:01 7603294                    /lib/x86_64-linux-gnu/libnsl-2.23.so
7f2d8f9b9000-7f2d8f9ba000 rw-p 00017000 08:01 7603294                    /lib/x86_64-linux-gnu/libnsl-2.23.so
7f2d8f9ba000-7f2d8f9bc000 rw-p 00000000 00:00 0 
7f2d8f9bc000-7f2d8f9c4000 r-xp 00000000 08:01 7603292                    /lib/x86_64-linux-gnu/libnss_compat-2.23.so
7f2d8f9c4000-7f2d8fbc3000 ---p 00008000 08:01 7603292                    /lib/x86_64-linux-gnu/libnss_compat-2.23.so
7f2d8fbc3000-7f2d8fbc4000 r--p 00007000 08:01 7603292                    /lib/x86_64-linux-gnu/libnss_compat-2.23.so
7f2d8fbc4000-7f2d8fbc5000 rw-p 00008000 08:01 7603292                    /lib/x86_64-linux-gnu/libnss_compat-2.23.so
7f2d8fbc5000-7f2d8fbef000 r-xp 00000000 08:01 10092949                   /usr/lib/jvm/java-8-oracle/jre/lib/amd64/libjava.so
7f2d8fbef000-7f2d8fdef000 ---p 0002a000 08:01 10092949                   /usr/lib/jvm/java-8-oracle/jre/lib/amd64/libjava.so
7f2d8fdef000-7f2d8fdf1000 rw-p 0002a000 08:01 10092949                   /usr/lib/jvm/java-8-oracle/jre/lib/amd64/libjava.so
7f2d8fdf1000-7f2d8fdfe000 r-xp 00000000 08:01 10092953                   /usr/lib/jvm/java-8-oracle/jre/lib/amd64/libverify.so
7f2d8fdfe000-7f2d8fffe000 ---p 0000d000 08:01 10092953                   /usr/lib/jvm/java-8-oracle/jre/lib/amd64/libverify.so
7f2d8fffe000-7f2d90000000 rw-p 0000d000 08:01 10092953                   /usr/lib/jvm/java-8-oracle/jre/lib/amd64/libverify.so
7f2d90000000-7f2d9039b000 rw-p 00000000 00:00 0 
7f2d9039b000-7f2d94000000 ---p 00000000 00:00 0 
7f2d9400f000-7f2d9401e000 r--s 000df000 08:01 5246091                    /home/oguz/Android/Sdk/build-tools/23.0.3/lib/dx.jar
7f2d9401e000-7f2d940f7000 rw-p 00000000 00:00 0 
7f2d940f7000-7f2d940fe000 r-xp 00000000 08:01 7603308                    /lib/x86_64-linux-gnu/librt-2.23.so
7f2d940fe000-7f2d942fd000 ---p 00007000 08:01 7603308                    /lib/x86_64-linux-gnu/librt-2.23.so
7f2d942fd000-7f2d942fe000 r--p 00006000 08:01 7603308                    /lib/x86_64-linux-gnu/librt-2.23.so
7f2d942fe000-7f2d942ff000 rw-p 00007000 08:01 7603308                    /lib/x86_64-linux-gnu/librt-2.23.so
7f2d942ff000-7f2d94407000 r-xp 00000000 08:01 7603305                    /lib/x86_64-linux-gnu/libm-2.23.so
7f2d94407000-7f2d94606000 ---p 00108000 08:01 7603305                    /lib/x86_64-linux-gnu/libm-2.23.so
7f2d94606000-7f2d94607000 r--p 00107000 08:01 7603305                    /lib/x86_64-linux-gnu/libm-2.23.so
7f2d94607000-7f2d94608000 rw-p 00108000 08:01 7603305                    /lib/x86_64-linux-gnu/libm-2.23.so
7f2d94608000-7f2d952c8000 r-xp 00000000 08:01 10092932                   /usr/lib/jvm/java-8-oracle/jre/lib/amd64/server/libjvm.so
7f2d952c8000-7f2d954c8000 ---p 00cc0000 08:01 10092932                   /usr/lib/jvm/java-8-oracle/jre/lib/amd64/server/libjvm.so
7f2d954c8000-7f2d955a0000 rw-p 00cc0000 08:01 10092932                   /usr/lib/jvm/java-8-oracle/jre/lib/amd64/server/libjvm.so
7f2d955a0000-7f2d955eb000 rw-p 00000000 00:00 0 
7f2d955eb000-7f2d957ab000 r-xp 00000000 08:01 7603313                    /lib/x86_64-linux-gnu/libc-2.23.so
7f2d957ab000-7f2d959ab000 ---p 001c0000 08:01 7603313                    /lib/x86_64-linux-gnu/libc-2.23.so
7f2d959ab000-7f2d959af000 r--p 001c0000 08:01 7603313                    /lib/x86_64-linux-gnu/libc-2.23.so
7f2d959af000-7f2d959b1000 rw-p 001c4000 08:01 7603313                    /lib/x86_64-linux-gnu/libc-2.23.so
7f2d959b1000-7f2d959b5000 rw-p 00000000 00:00 0 
7f2d959b5000-7f2d959b8000 r-xp 00000000 08:01 7603314                    /lib/x86_64-linux-gnu/libdl-2.23.so
7f2d959b8000-7f2d95bb7000 ---p 00003000 08:01 7603314                    /lib/x86_64-linux-gnu/libdl-2.23.so
7f2d95bb7000-7f2d95bb8000 r--p 00002000 08:01 7603314                    /lib/x86_64-linux-gnu/libdl-2.23.so
7f2d95bb8000-7f2d95bb9000 rw-p 00003000 08:01 7603314                    /lib/x86_64-linux-gnu/libdl-2.23.so
7f2d95bb9000-7f2d95bce000 r-xp 00000000 08:01 9840182                    /usr/lib/jvm/java-8-oracle/lib/amd64/jli/libjli.so
7f2d95bce000-7f2d95dce000 ---p 00015000 08:01 9840182                    /usr/lib/jvm/java-8-oracle/lib/amd64/jli/libjli.so
7f2d95dce000-7f2d95dcf000 rw-p 00015000 08:01 9840182                    /usr/lib/jvm/java-8-oracle/lib/amd64/jli/libjli.so
7f2d95dcf000-7f2d95de7000 r-xp 00000000 08:01 7603312                    /lib/x86_64-linux-gnu/libpthread-2.23.so
7f2d95de7000-7f2d95fe6000 ---p 00018000 08:01 7603312                    /lib/x86_64-linux-gnu/libpthread-2.23.so
7f2d95fe6000-7f2d95fe7000 r--p 00017000 08:01 7603312                    /lib/x86_64-linux-gnu/libpthread-2.23.so
7f2d95fe7000-7f2d95fe8000 rw-p 00018000 08:01 7603312                    /lib/x86_64-linux-gnu/libpthread-2.23.so
7f2d95fe8000-7f2d95fec000 rw-p 00000000 00:00 0 
7f2d95fec000-7f2d96012000 r-xp 00000000 08:01 7603309                    /lib/x86_64-linux-gnu/ld-2.23.so
7f2d96017000-7f2d960e9000 rw-p 00000000 00:00 0 
7f2d960e9000-7f2d960ec000 ---p 00000000 00:00 0 
7f2d960ec000-7f2d961ee000 rw-p 00000000 00:00 0 
7f2d961f1000-7f2d96205000 rw-p 00000000 00:00 0 
7f2d96205000-7f2d9620d000 rw-s 00000000 08:01 161170                     /tmp/hsperfdata_oguz/10563
7f2d9620d000-7f2d9620e000 rw-p 00000000 00:00 0 
7f2d9620e000-7f2d9620f000 ---p 00000000 00:00 0 
7f2d9620f000-7f2d96211000 rw-p 00000000 00:00 0 
7f2d96211000-7f2d96212000 r--p 00025000 08:01 7603309                    /lib/x86_64-linux-gnu/ld-2.23.so
7f2d96212000-7f2d96213000 rw-p 00026000 08:01 7603309                    /lib/x86_64-linux-gnu/ld-2.23.so
7f2d96213000-7f2d96214000 rw-p 00000000 00:00 0 
7fff5b24a000-7fff5b26b000 rw-p 00000000 00:00 0                          [stack]
7fff5b3e6000-7fff5b3e8000 r--p 00000000 00:00 0                          [vvar]
7fff5b3e8000-7fff5b3ea000 r-xp 00000000 00:00 0                          [vdso]
ffffffffff600000-ffffffffff601000 r-xp 00000000 00:00 0                  [vsyscall]

VM Arguments:
jvm_args: -Djava.awt.headless=true -Xmx1024M -Dfile.encoding=UTF-8 -Duser.country=TR -Duser.language=tr -Duser.variant 
java_command: com.android.dx.command.Main --dex --force-jumbo --num-threads=4 --multi-dex --output /home/oguz/Masa端st端/asd/FomApplicationAndroid/app/build/intermediates/transforms/dex/debug/folders/1000/10/jackson-databind-2.3.2_51c4623ebbbe6b6f2e96a48accc07b8b3796ca57 /home/oguz/.gradle/caches/modules-2/files-2.1/com.fasterxml.jackson.core/jackson-databind/2.3.2/c75edc740a6d8cb1cef6fa82fa594e0bce561916/jackson-databind-2.3.2.jar
java_class_path (initial): /home/oguz/Android/Sdk/build-tools/23.0.3/lib/dx.jar
Launcher Type: SUN_STANDARD

Environment Variables:
PATH=/usr/local/sbin:/usr/local/bin:/usr/sbin:/usr/bin:/sbin:/bin:/usr/games:/usr/local/games:/snap/bin
LD_LIBRARY_PATH=/home/oguz/Masa端st端/Derleyiciler/android-studio/bin:
SHELL=/bin/bash
DISPLAY=:0

Signal Handlers:
SIGSEGV: [libjvm.so+0xabca10], sa_mask[0]=11111111011111111101111111111110, sa_flags=SA_RESTART|SA_SIGINFO
SIGBUS: [libjvm.so+0xabca10], sa_mask[0]=11111111011111111101111111111110, sa_flags=SA_RESTART|SA_SIGINFO
SIGFPE: [libjvm.so+0x919a20], sa_mask[0]=11111111011111111101111111111110, sa_flags=SA_RESTART|SA_SIGINFO
SIGPIPE: [libjvm.so+0x919a20], sa_mask[0]=11111111011111111101111111111110, sa_flags=SA_RESTART|SA_SIGINFO
SIGXFSZ: [libjvm.so+0x919a20], sa_mask[0]=11111111011111111101111111111110, sa_flags=SA_RESTART|SA_SIGINFO
SIGILL: [libjvm.so+0x919a20], sa_mask[0]=11111111011111111101111111111110, sa_flags=SA_RESTART|SA_SIGINFO
SIGUSR1: SIG_DFL, sa_mask[0]=00000000000000000000000000000000, sa_flags=none
SIGUSR2: [libjvm.so+0x91b050], sa_mask[0]=00100000000000000000000000000000, sa_flags=SA_RESTART|SA_SIGINFO
SIGHUP: [libjvm.so+0x91c450], sa_mask[0]=11111111011111111101111111111110, sa_flags=SA_RESTART|SA_SIGINFO
SIGINT: [libjvm.so+0x91c450], sa_mask[0]=11111111011111111101111111111110, sa_flags=SA_RESTART|SA_SIGINFO
SIGTERM: [libjvm.so+0x91c450], sa_mask[0]=11111111011111111101111111111110, sa_flags=SA_RESTART|SA_SIGINFO
SIGQUIT: [libjvm.so+0x91c450], sa_mask[0]=11111111011111111101111111111110, sa_flags=SA_RESTART|SA_SIGINFO


---------------  S Y S T E M  ---------------

OS:DISTRIB_ID=Ubuntu
DISTRIB_RELEASE=16.04
DISTRIB_CODENAME=xenial
DISTRIB_DESCRIPTION="Ubuntu Xenial Xerus (development branch)"

uname:Linux 4.4.0-22-generic #39-Ubuntu SMP Thu May 5 16:53:32 UTC 2016 x86_64
libc:glibc 2.23 NPTL 2.23 
rlimit: STACK 8192k, CORE 0k, NPROC 31498, NOFILE 65536, AS infinity
load average:4.55 1.55 0.82

/proc/meminfo:
MemTotal:        8101800 kB
MemFree:           56584 kB
MemAvailable:     140408 kB
Buffers:            4292 kB
Cached:           745204 kB
SwapCached:            0 kB
Active:          7141300 kB
Inactive:         667328 kB
Active(anon):    7104284 kB
Inactive(anon):   635524 kB
Active(file):      37016 kB
Inactive(file):    31804 kB
Unevictable:          76 kB
Mlocked:              76 kB
SwapTotal:             0 kB
SwapFree:              0 kB
Dirty:              1656 kB
Writeback:             0 kB
AnonPages:       7059748 kB
Mapped:           389620 kB
Shmem:            680832 kB
Slab:             111296 kB
SReclaimable:      57376 kB
SUnreclaim:        53920 kB
KernelStack:       19440 kB
PageTables:        61224 kB
NFS_Unstable:          0 kB
Bounce:                0 kB
WritebackTmp:          0 kB
CommitLimit:     4050900 kB
Committed_AS:   14156740 kB
VmallocTotal:   34359738367 kB
VmallocUsed:           0 kB
VmallocChunk:          0 kB
HardwareCorrupted:     0 kB
AnonHugePages:   3328000 kB
CmaTotal:              0 kB
CmaFree:               0 kB
HugePages_Total:       0
HugePages_Free:        0
HugePages_Rsvd:        0
HugePages_Surp:        0
Hugepagesize:       2048 kB
DirectMap4k:      168704 kB
DirectMap2M:     8146944 kB
DirectMap1G:     1048576 kB


CPU:total 8 (4 cores per cpu, 2 threads per core) family 6 model 60 stepping 3, cmov, cx8, fxsr, mmx, sse, sse2, sse3, ssse3, sse4.1, sse4.2, popcnt, avx, avx2, aes, clmul, erms, lzcnt, ht, tsc, tscinvbit, bmi1, bmi2

/proc/cpuinfo:
processor	: 0
vendor_id	: GenuineIntel
cpu family	: 6
model		: 60
model name	: Intel(R) Core(TM) i7-4700MQ CPU @ 2.40GHz
stepping	: 3
microcode	: 0x16
cpu MHz		: 3000.000
cache size	: 6144 KB
physical id	: 0
siblings	: 8
core id		: 0
cpu cores	: 4
apicid		: 0
initial apicid	: 0
fpu		: yes
fpu_exception	: yes
cpuid level	: 13
wp		: yes
flags		: fpu vme de pse tsc msr pae mce cx8 apic sep mtrr pge mca cmov pat pse36 clflush dts acpi mmx fxsr sse sse2 ss ht tm pbe syscall nx pdpe1gb rdtscp lm constant_tsc arch_perfmon pebs bts rep_good nopl xtopology nonstop_tsc aperfmperf eagerfpu pni pclmulqdq dtes64 monitor ds_cpl vmx est tm2 ssse3 sdbg fma cx16 xtpr pdcm pcid sse4_1 sse4_2 movbe popcnt tsc_deadline_timer aes xsave avx f16c rdrand lahf_lm abm epb tpr_shadow vnmi flexpriority ept vpid fsgsbase tsc_adjust bmi1 avx2 smep bmi2 erms invpcid xsaveopt dtherm ida arat pln pts
bugs		:
bogomips	: 4789.09
clflush size	: 64
cache_alignment	: 64
address sizes	: 39 bits physical, 48 bits virtual
power management:

processor	: 1
vendor_id	: GenuineIntel
cpu family	: 6
model		: 60
model name	: Intel(R) Core(TM) i7-4700MQ CPU @ 2.40GHz
stepping	: 3
microcode	: 0x16
cpu MHz		: 2999.906
cache size	: 6144 KB
physical id	: 0
siblings	: 8
core id		: 0
cpu cores	: 4
apicid		: 1
initial apicid	: 1
fpu		: yes
fpu_exception	: yes
cpuid level	: 13
wp		: yes
flags		: fpu vme de pse tsc msr pae mce cx8 apic sep mtrr pge mca cmov pat pse36 clflush dts acpi mmx fxsr sse sse2 ss ht tm pbe syscall nx pdpe1gb rdtscp lm constant_tsc arch_perfmon pebs bts rep_good nopl xtopology nonstop_tsc aperfmperf eagerfpu pni pclmulqdq dtes64 monitor ds_cpl vmx est tm2 ssse3 sdbg fma cx16 xtpr pdcm pcid sse4_1 sse4_2 movbe popcnt tsc_deadline_timer aes xsave avx f16c rdrand lahf_lm abm epb tpr_shadow vnmi flexpriority ept vpid fsgsbase tsc_adjust bmi1 avx2 smep bmi2 erms invpcid xsaveopt dtherm ida arat pln pts
bugs		:
bogomips	: 4789.09
clflush size	: 64
cache_alignment	: 64
address sizes	: 39 bits physical, 48 bits virtual
power management:

processor	: 2
vendor_id	: GenuineIntel
cpu family	: 6
model		: 60
model name	: Intel(R) Core(TM) i7-4700MQ CPU @ 2.40GHz
stepping	: 3
microcode	: 0x16
cpu MHz		: 2999.906
cache size	: 6144 KB
physical id	: 0
siblings	: 8
core id		: 1
cpu cores	: 4
apicid		: 2
initial apicid	: 2
fpu		: yes
fpu_exception	: yes
cpuid level	: 13
wp		: yes
flags		: fpu vme de pse tsc msr pae mce cx8 apic sep mtrr pge mca cmov pat pse36 clflush dts acpi mmx fxsr sse sse2 ss ht tm pbe syscall nx pdpe1gb rdtscp lm constant_tsc arch_perfmon pebs bts rep_good nopl xtopology nonstop_tsc aperfmperf eagerfpu pni pclmulqdq dtes64 monitor ds_cpl vmx est tm2 ssse3 sdbg fma cx16 xtpr pdcm pcid sse4_1 sse4_2 movbe popcnt tsc_deadline_timer aes xsave avx f16c rdrand lahf_lm abm epb tpr_shadow vnmi flexpriority ept vpid fsgsbase tsc_adjust bmi1 avx2 smep bmi2 erms invpcid xsaveopt dtherm ida arat pln pts
bugs		:
bogomips	: 4789.09
clflush size	: 64
cache_alignment	: 64
address sizes	: 39 bits physical, 48 bits virtual
power management:

processor	: 3
vendor_id	: GenuineIntel
cpu family	: 6
model		: 60
model name	: Intel(R) Core(TM) i7-4700MQ CPU @ 2.40GHz
stepping	: 3
microcode	: 0x16
cpu MHz		: 2999.906
cache size	: 6144 KB
physical id	: 0
siblings	: 8
core id		: 1
cpu cores	: 4
apicid		: 3
initial apicid	: 3
fpu		: yes
fpu_exception	: yes
cpuid level	: 13
wp		: yes
flags		: fpu vme de pse tsc msr pae mce cx8 apic sep mtrr pge mca cmov pat pse36 clflush dts acpi mmx fxsr sse sse2 ss ht tm pbe syscall nx pdpe1gb rdtscp lm constant_tsc arch_perfmon pebs bts rep_good nopl xtopology nonstop_tsc aperfmperf eagerfpu pni pclmulqdq dtes64 monitor ds_cpl vmx est tm2 ssse3 sdbg fma cx16 xtpr pdcm pcid sse4_1 sse4_2 movbe popcnt tsc_deadline_timer aes xsave avx f16c rdrand lahf_lm abm epb tpr_shadow vnmi flexpriority ept vpid fsgsbase tsc_adjust bmi1 avx2 smep bmi2 erms invpcid xsaveopt dtherm ida arat pln pts
bugs		:
bogomips	: 4789.09
clflush size	: 64
cache_alignment	: 64
address sizes	: 39 bits physical, 48 bits virtual
power management:

processor	: 4
vendor_id	: GenuineIntel
cpu family	: 6
model		: 60
model name	: Intel(R) Core(TM) i7-4700MQ CPU @ 2.40GHz
stepping	: 3
microcode	: 0x16
cpu MHz		: 2999.906
cache size	: 6144 KB
physical id	: 0
siblings	: 8
core id		: 2
cpu cores	: 4
apicid		: 4
initial apicid	: 4
fpu		: yes
fpu_exception	: yes
cpuid level	: 13
wp		: yes
flags		: fpu vme de pse tsc msr pae mce cx8 apic sep mtrr pge mca cmov pat pse36 clflush dts acpi mmx fxsr sse sse2 ss ht tm pbe syscall nx pdpe1gb rdtscp lm constant_tsc arch_perfmon pebs bts rep_good nopl xtopology nonstop_tsc aperfmperf eagerfpu pni pclmulqdq dtes64 monitor ds_cpl vmx est tm2 ssse3 sdbg fma cx16 xtpr pdcm pcid sse4_1 sse4_2 movbe popcnt tsc_deadline_timer aes xsave avx f16c rdrand lahf_lm abm epb tpr_shadow vnmi flexpriority ept vpid fsgsbase tsc_adjust bmi1 avx2 smep bmi2 erms invpcid xsaveopt dtherm ida arat pln pts
bugs		:
bogomips	: 4789.09
clflush size	: 64
cache_alignment	: 64
address sizes	: 39 bits physical, 48 bits virtual
power management:

processor	: 5
vendor_id	: GenuineIntel
cpu family	: 6
model		: 60
model name	: Intel(R) Core(TM) i7-4700MQ CPU @ 2.40GHz
stepping	: 3
microcode	: 0x16
cpu MHz		: 3000.000
cache size	: 6144 KB
physical id	: 0
siblings	: 8
core id		: 2
cpu cores	: 4
apicid		: 5
initial apicid	: 5
fpu		: yes
fpu_exception	: yes
cpuid level	: 13
wp		: yes
flags		: fpu vme de pse tsc msr pae mce cx8 apic sep mtrr pge mca cmov pat pse36 clflush dts acpi mmx fxsr sse sse2 ss ht tm pbe syscall nx pdpe1gb rdtscp lm constant_tsc arch_perfmon pebs bts rep_good nopl xtopology nonstop_tsc aperfmperf eagerfpu pni pclmulqdq dtes64 monitor ds_cpl vmx est tm2 ssse3 sdbg fma cx16 xtpr pdcm pcid sse4_1 sse4_2 movbe popcnt tsc_deadline_timer aes xsave avx f16c rdrand lahf_lm abm epb tpr_shadow vnmi flexpriority ept vpid fsgsbase tsc_adjust bmi1 avx2 smep bmi2 erms invpcid xsaveopt dtherm ida arat pln pts
bugs		:
bogomips	: 4789.09
clflush size	: 64
cache_alignment	: 64
address sizes	: 39 bits physical, 48 bits virtual
power management:

processor	: 6
vendor_id	: GenuineIntel
cpu family	: 6
model		: 60
model name	: Intel(R) Core(TM) i7-4700MQ CPU @ 2.40GHz
stepping	: 3
microcode	: 0x16
cpu MHz		: 3000.000
cache size	: 6144 KB
physical id	: 0
siblings	: 8
core id		: 3
cpu cores	: 4
apicid		: 6
initial apicid	: 6
fpu		: yes
fpu_exception	: yes
cpuid level	: 13
wp		: yes
flags		: fpu vme de pse tsc msr pae mce cx8 apic sep mtrr pge mca cmov pat pse36 clflush dts acpi mmx fxsr sse sse2 ss ht tm pbe syscall nx pdpe1gb rdtscp lm constant_tsc arch_perfmon pebs bts rep_good nopl xtopology nonstop_tsc aperfmperf eagerfpu pni pclmulqdq dtes64 monitor ds_cpl vmx est tm2 ssse3 sdbg fma cx16 xtpr pdcm pcid sse4_1 sse4_2 movbe popcnt tsc_deadline_timer aes xsave avx f16c rdrand lahf_lm abm epb tpr_shadow vnmi flexpriority ept vpid fsgsbase tsc_adjust bmi1 avx2 smep bmi2 erms invpcid xsaveopt dtherm ida arat pln pts
bugs		:
bogomips	: 4789.09
clflush size	: 64
cache_alignment	: 64
address sizes	: 39 bits physical, 48 bits virtual
power management:

processor	: 7
vendor_id	: GenuineIntel
cpu family	: 6
model		: 60
model name	: Intel(R) Core(TM) i7-4700MQ CPU @ 2.40GHz
stepping	: 3
microcode	: 0x16
cpu MHz		: 3000.000
cache size	: 6144 KB
physical id	: 0
siblings	: 8
core id		: 3
cpu cores	: 4
apicid		: 7
initial apicid	: 7
fpu		: yes
fpu_exception	: yes
cpuid level	: 13
wp		: yes
flags		: fpu vme de pse tsc msr pae mce cx8 apic sep mtrr pge mca cmov pat pse36 clflush dts acpi mmx fxsr sse sse2 ss ht tm pbe syscall nx pdpe1gb rdtscp lm constant_tsc arch_perfmon pebs bts rep_good nopl xtopology nonstop_tsc aperfmperf eagerfpu pni pclmulqdq dtes64 monitor ds_cpl vmx est tm2 ssse3 sdbg fma cx16 xtpr pdcm pcid sse4_1 sse4_2 movbe popcnt tsc_deadline_timer aes xsave avx f16c rdrand lahf_lm abm epb tpr_shadow vnmi flexpriority ept vpid fsgsbase tsc_adjust bmi1 avx2 smep bmi2 erms invpcid xsaveopt dtherm ida arat pln pts
bugs		:
bogomips	: 4789.09
clflush size	: 64
cache_alignment	: 64
address sizes	: 39 bits physical, 48 bits virtual
power management:



Memory: 4k page, physical 8101800k(56004k free), swap 0k(0k free)

vm_info: Java HotSpot(TM) 64-Bit Server VM (25.91-b14) for linux-amd64 JRE (1.8.0_91-b14), built on Apr  1 2016 00:57:21 by "java_re" with gcc 4.3.0 20080428 (Red Hat 4.3.0-8)

time: Thu Aug 25 12:05:35 2016
elapsed time: 3 seconds (0d 0h 0m 3s)

